!RUN (XEXEC)MINIT

!RDIST (TYMNET)##2100.*,(TYMNET)##2107.*,(TYMNET)##2332.*/CHECK/HOST:33/MASTER:25
Master host: 25
18 files on master system.
Slave hosts: 33
Checking host 33
(TYMNET      :  33) ND2107.BND    69 24-Aug-88 15:23 -- bad checksum FEYPOX
                           should be 25-Aug-88 12:58 VETYAD  ALL  RD  NO
(TYMNET      :  33) ND2107.LOG     6 17-Aug-88 18:58 -- missing on master
(TYMNET      :  33) ND2107.TYM     3 22-Aug-88 17:32 -- bad checksum KASMEF
                           should be 17-Aug-88 20:50 PIZPUT  ALL  RD  NO
(TYMNET      :  33) NW2107.BND    69 24-Aug-88 15:32 -- bad checksum FEYPOX
                           should be 25-Aug-88 12:56 VETYAD  ALL  RD  NO
(TYMNET      :  33) ND2332.BND    69 24-Aug-88 15:23 -- bad checksum YEBZIZ
                           should be 25-Aug-88 12:58 KOHMOD  ALL  RD  NO
(TYMNET      :  33) ND2107.C01     2 24-Aug-88 17:19 -- bad checksum VESBUV
                           should be 20-May-88 17:33 VATYOJ  ALL  RD  NO
(TYMNET      :  33) ND2107.C00     2 24-Aug-88 17:10 -- bad checksum BOZWIL
                           should be 20-May-88 17:33 CIYHIZ  ALL  RD  NO
(TYMNET      :  33) ND2332.LOG     6 17-Aug-88 19:04 -- missing on master
(TYMNET      :  33) ND2332.TYM     3 22-Aug-88 17:32 -- bad checksum KOSXUW
                           should be 17-Aug-88 20:51 MIMRUQ  ALL  RD  NO
(TYMNET      :  33) ND2332.C01     2 24-Aug-88 17:19 -- bad checksum RIKTAB
                           should be 20-May-88 17:34 REQYAB  ALL  RD  NO
(TYMNET      :  33) ND2332.C00     2 24-Aug-88 17:10 -- bad checksum MIQDOH
                           should be 20-May-88 17:34 ZIRWED  ALL  RD  NO
(TYMNET      :  33) ND2107.CMD     2 24-Aug-88 17:02 -- bad checksum QIPMAJ
                           should be 20-May-88 17:33 WOFCUK  ALL  RD  NO
(TYMNET      :  33) ND2332.CMD     2 24-Aug-88 17:02 -- bad checksum ZOTJES
                           should be 20-May-88 17:35 REWDEM  ALL  RD  NO
(TYMNET      :  33) NW2332.BND    69 24-Aug-88 15:32 -- bad checksum YEBZIZ
                           should be 25-Aug-88 12:57 KOHMOD  ALL  RD  NO
(TYMNET      :  33) BK2107.C01     2 16-Mar-88 16:32 -- missing on master
(TYMNET      :  33) BK2107.T01     2 16-Mar-88 16:31 -- missing on master
(TYMNET      :  33) BK2107.CMD     2 16-Mar-88 16:26 -- missing on master
(TYMNET      :  33) BK2107.C00     2 16-Mar-88 16:26 -- missing on master
(TYMNET      :  33) BK2332.T01     2 15-Feb-88 15:02 -- missing on master
(TYMNET      :  33) BK2332.C00     2 03-Jul-86 08:42 -- missing on master
(TYMNET      :  33) BK2332.CMD     2 03-Jul-86 08:42 -- missing on master
(TYMNET      :  33) BK2332.C01     2 21-May-86 12:53 -- missing on master
(TYMNET      :  33) NW2107.CMD     2 24-Aug-88 17:02 -- missing on master
(TYMNET      :  33) NW2332.CMD     2 24-Aug-88 17:02 -- missing on master
(TYMNET      :  33) NW2107.C00     2 24-Aug-88 17:10 -- missing on master
(TYMNET      :  33) NW2332.C00     2 24-Aug-88 17:10 -- missing on master
(TYMNET      :  33) NW2107.C01     2 24-Aug-88 17:19 -- missing on master
(TYMNET      :  33) NW2332.C01     2 24-Aug-88 17:19 -- missing on master

End of SAIL execution
!RDIST (TYMNET)##2333.*,(TYMNET)##3115.*,(TYMNET)##3374.*/CHECK/HOST:33/MASTER:25
Master host: 25
27 files on master system.
Slave hosts: 33
Checking host 33
(TYMNET      :  33) ND2333.BND    67 24-Aug-88 15:23 -- bad checksum XARBOW
                           should be 25-Aug-88 12:58 ZUCQOK  ALL  RD  NO
(TYMNET      :  33) BK3115.BND    67 09-May-88 15:44 -- bad checksum REKVAD
                           should be 26-Jul-88 17:33 HOTFAR  ALL  RD  RD
(TYMNET      :  33) ND3374.TYM     3 22-Aug-88 17:32 -- bad checksum LELCEX
                           should be 17-Aug-88 20:51 YIQXIQ  ALL  RD  NO
(TYMNET      :  33) ND3374.BND    69 24-Aug-88 15:24 -- bad checksum YIZPUV
                           should be 25-Aug-88 12:59 NIHHUR  ALL  RD  NO
(TYMNET      :  33) ND3374.C00     2 24-Aug-88 17:10 -- bad checksum XIXZAW
                           should be 20-May-88 17:47 WIWWIW  ALL  RD  NO
(TYMNET      :  33) ND3374.CMD     2 24-Aug-88 17:02 -- bad checksum LOTMUY
                           should be 20-May-88 17:47 LOFWEN  ALL  RD  NO
(TYMNET      :  33) ND2333.LOG     6 17-Aug-88 19:10 -- missing on master
(TYMNET      :  33) ND2333.TYM     3 22-Aug-88 17:32 -- bad checksum TOFGIT
                           should be 17-Aug-88 20:51 DAYPOG  ALL  RD  NO
(TYMNET      :  33) ND2333.C01     2 24-Aug-88 17:19 -- bad checksum GIXJUS
                           should be 20-May-88 17:37 KIFKOF  ALL  RD  NO
(TYMNET      :  33) ND3115.TYM     3 22-Aug-88 17:32 -- bad checksum DENMIC
                           should be 17-Aug-88 20:51 QENVIJ  ALL  RD  NO
(TYMNET      :  33) ND2333.C00     2 24-Aug-88 17:10 -- bad checksum TESYAZ
                           should be 20-May-88 17:36 PADLIC  ALL  RD  NO
(TYMNET      :  33) ND3374.T01     2 15-Feb-88 15:09 -- protection ALL  RD  RD
                           should be 20-May-88 17:47 MUBZIM  ALL  RD  NO
(TYMNET      :  33) ND3374.C01     2 24-Aug-88 17:19 -- bad checksum QESRUD
                           should be 20-May-88 17:47 QUDFEH  ALL  RD  NO
(TYMNET      :  33) ND3115.T01     2 15-Feb-88 15:09 -- protection ALL  RD  RD
                           should be 20-May-88 17:38 CEZSIR  ALL  RD  NO
(TYMNET      :  33) ND3115.C01     2 24-Aug-88 17:19 -- bad checksum PAWNEM
                           should be 20-May-88 17:38 ZEZLEM  ALL  RD  NO
(TYMNET      :  33) ND3115.C00     2 24-Aug-88 17:10 -- bad checksum VISKAD
                           should be 20-May-88 17:38 SASNUP  ALL  RD  NO
(TYMNET      :  33) ND3115.CMD     2 24-Aug-88 17:02 -- bad checksum JUVXIG
                           should be 20-May-88 17:38 BEVNIM  ALL  RD  NO
(TYMNET      :  33) NW3374.BND    69 24-Aug-88 15:33 -- bad checksum YIZPUV
                           should be 25-Aug-88 12:57 NIHHUR  ALL  RD  NO
(TYMNET      :  33) ND3115.BND    69 24-Aug-88 15:24 -- bad checksum RONYAF
                           should be 25-Aug-88 12:58 SUNMAW  ALL  RD  NO
(TYMNET      :  33) ND2333.CMD     2 24-Aug-88 17:02 -- bad checksum VUYVEG
                           should be 20-May-88 17:37 PUWNUH  ALL  RD  NO
(TYMNET      :  33) BK3115.TYM     3 14-Mar-88 16:08 -- bad checksum ZUCZUL
                           should be 25-Jul-88 13:04 RUCJES  ALL  RD  RD
(TYMNET      :  33) BK3374.TYM     3 01-Jun-87 15:17 -- bad checksum GOKFOH
                           should be 04-Jan-88 18:27 PIZXOC  ALL  RD  RD
(TYMNET      :  33) BK2333.T01     2 15-Feb-88 15:03 -- missing on master
(TYMNET      :  33) BK2333.C00     2 04-Nov-87 09:59 -- missing on master
(TYMNET      :  33) NW3115.BND    69 24-Aug-88 15:33 -- bad checksum RONYAF
                           should be 25-Aug-88 12:57 SUNMAW  ALL  RD  NO
(TYMNET      :  33) NW2333.BND    67 24-Aug-88 15:33 -- bad checksum XARBOW
                           should be 25-Aug-88 12:57 ZUCQOK  ALL  RD  NO
(TYMNET      :  33) BK2333.CMD     2 04-Nov-87 09:59 -- missing on master
(TYMNET      :  33) BK2333.C01     2 03-Mar-87 09:14 -- missing on master
(TYMNET      :  33) BK3374.BND                       -- missing on slave

End of SAIL execution
!RDIST (TYMNET)##4200.*,(TYMNET)##4274.*,(TYMNET)##4613.*/CHECK/HOST:33/MASTER:25
Master host: 25
18 files on master system.
Slave hosts: 33
Checking host 33
(TYMNET      :  33) ND4274.BND    69 24-Aug-88 15:24 -- bad checksum SAZKAH
                           should be 25-Aug-88 12:59 WOLXAM  ALL  RD  NO
(TYMNET      :  33) ND4274.TYM     3 22-Aug-88 17:32 -- bad checksum WIDKAL
                           should be 17-Aug-88 20:51 DIGBEP  ALL  RD  NO
(TYMNET      :  33) ND4613.T01     2 15-Feb-88 15:18 -- protection ALL  RD  RD
                           should be 20-May-88 17:54 GILBIB  ALL  RD  NO
(TYMNET      :  33) NW4274.BND    69 24-Aug-88 15:34 -- bad checksum SAZKAH
                           should be 25-Aug-88 12:57 WOLXAM  ALL  RD  NO
(TYMNET      :  33) ND4274.C00     2 24-Aug-88 17:10 -- bad checksum SUXTAL
                           should be 20-May-88 17:51 VAZQEP  ALL  RD  NO
(TYMNET      :  33) ND4274.CMD     2 24-Aug-88 17:02 -- bad checksum PAVDOH
                           should be 20-May-88 17:51 PAMSIB  ALL  RD  NO
(TYMNET      :  33) ND4274.T01     2 15-Feb-88 15:11 -- protection ALL  RD  RD
                           should be 20-May-88 17:52 RAHKOR  ALL  RD  NO
(TYMNET      :  33) ND4274.C01     2 24-Aug-88 17:19 -- bad checksum GIBJAK
                           should be 20-May-88 17:51 CAPJAK  ALL  RD  NO
(TYMNET      :  33) ND4613.BND    67 24-Aug-88 15:24 -- bad checksum ROFSER
                           should be 25-Aug-88 12:59 LUXWUL  ALL  RD  NO
(TYMNET      :  33) NW4613.BND    67 24-Aug-88 15:34 -- bad checksum ROFSER
                           should be 25-Aug-88 12:58 LUXWUL  ALL  RD  NO
(TYMNET      :  33) BK4274.TYM     3 02-Apr-87 07:39 -- bad checksum TOKTAD
                           should be 02-Aug-88 18:51 TOWLAK  ALL  RD  NO
(TYMNET      :  33) ND4613.TYM     3 22-Aug-88 17:32 -- bad checksum WATXAP
                           should be 17-Aug-88 20:52 MUMYIJ  ALL  RD  NO
(TYMNET      :  33) ND4613.CMD     2 24-Aug-88 17:02 -- bad checksum JAMSOF
                           should be 20-May-88 17:53 SIKVOT  ALL  RD  NO
(TYMNET      :  33) ND4613.C00     2 24-Aug-88 17:10 -- bad checksum POZFED
                           should be 20-May-88 17:53 LIFCOG  ALL  RD  NO
(TYMNET      :  33) ND4613.C01     2 24-Aug-88 17:19 -- bad checksum DIXXAN
                           should be 20-May-88 17:53 PAHCIP  ALL  RD  NO
(TYMNET      :  33) BK4274.BND                       -- missing on slave
(TYMNET      :  33) BK4613.TYM                       -- missing on slave
(TYMNET      :  33) BK4613.BND                       -- missing on slave

End of SAIL execution
!RDIST (TYMNET)##4725.*/CHECK/HOST:33/MASTER:25
Master host: 25
9 files on master system.
Slave hosts: 33
Checking host 33
(TYMNET      :  33) ND4725.BND    69 24-Aug-88 15:25 -- bad checksum ZOMQUP
                           should be 25-Aug-88 12:59 XUDQUN  ALL  RD  NO
(TYMNET      :  33) ND4725.TYM     3 22-Aug-88 17:32 -- bad checksum ROWSID
                           should be 17-Aug-88 20:52 GACRUT  ALL  RD  NO
(TYMNET      :  33) ND4725.T01     2 05-Aug-88 10:00 -- protection ALL  RD  RD
                           should be 20-May-88 17:55 DUKLEH  ALL  RD  NO
(TYMNET      :  33) ND4725.C01     2 24-Aug-88 17:19 -- bad checksum JUJNEV
                           should be 20-May-88 17:55 PACYEV  ALL  RD  NO
(TYMNET      :  33) ND4725.C00     2 24-Aug-88 17:10 -- bad checksum YOZZES
                           should be 20-May-88 17:55 LIZCEK  ALL  RD  NO
(TYMNET      :  33) NW4725.BND    69 24-Aug-88 15:34 -- bad checksum ZOMQUP
                           should be 25-Aug-88 12:58 XUDQUN  ALL  RD  NO
(TYMNET      :  33) ND4725.CMD     2 24-Aug-88 17:02 -- bad checksum JODMIL
                           should be 20-May-88 17:55 XIZTAN  ALL  RD  NO
(TYMNET      :  33) BK4725.TYM     3 05-Aug-88 10:00 -- protection ALL  RD  RD
                           should be 05-Aug-88 11:44 TIPVIL  ALL  RD  NO

End of SAIL execution
!RDIST (TYM5)##5577.*,(TYM5)##6415.*,(TYM5)##6714.*/CHECK/HOST:33/MASTER:54
Master host: 54
28 files on master system.
Slave hosts: 33
Checking host 33
(TYM5        :  33) ND6415.BND    69 24-Aug-88 15:25 -- protection ALL  RD  RD
                           should be 25-Aug-88 13:01 QUNMED  ALL  RD  NO
(TYM5        :  33) ND6714.BND    67 24-Aug-88 15:25 -- protection ALL  RD  RD
                           should be 25-Aug-88 13:01 HAVHEB  ALL  RD  NO
(TYM5        :  33) ND6415.TYM     3 22-Aug-88 17:32 -- protection ALL  RD  RD
                           should be 24-Aug-88 17:34 QUVVOG  ALL  RD  NO
(TYM5        :  33) ND5577.TYM     3 22-Aug-88 17:32 -- protection ALL  RD  RD
                           should be 24-Aug-88 17:33 QUTTIC  ALL  RD  NO
(TYM5        :  33) ND5577.C00     2 24-Aug-88 17:10 -- bad checksum SUCROK
                           should be 20-May-88 15:20 TORTOT  ALL  RD  NO
(TYM5        :  33) ND5577.CMD     2 24-Aug-88 17:02 -- bad checksum QOBDIK
                           should be 20-May-88 15:20 TIZXIQ  ALL  RD  NO
(TYM5        :  33) ND6714.TYM     3 22-Aug-88 17:32 -- protection ALL  RD  RD
                           should be 24-Aug-88 17:34 SETJOT  ALL  RD  NO
(TYM5        :  33) ND6415.T01     2 15-Feb-88 15:32 -- protection ALL  RD  RD
                           should be 20-May-88 15:29 TAYHEJ  ALL  RD  NO
(TYM5        :  33) ND5577.T01     2 15-Feb-88 15:31 -- protection ALL  RD  RD
                           should be 20-May-88 15:20 XEWGAP  ALL  RD  NO
(TYM5        :  33) ND5577.C01     2 24-Aug-88 17:19 -- bad checksum MELFOM
                           should be 20-May-88 15:20 YEHWUC  ALL  RD  NO
(TYM5        :  33) ND6714.C01     2 24-Aug-88 17:19 -- bad checksum ROJZOY
                           should be 20-May-88 15:38 FIYYAP  ALL  RD  NO
(TYM5        :  33) ND6714.CMD     2 24-Aug-88 17:02 -- bad checksum LUDMIK
                           should be 20-May-88 15:38 DETFIW  ALL  RD  NO
(TYM5        :  33) ND6415.C00     2 24-Aug-88 17:10 -- bad checksum SUZHUC
                           should be 20-May-88 15:28 POZKOP  ALL  RD  NO
(TYM5        :  33) ND6714.T01     2 15-Feb-88 15:32 -- protection ALL  RD  RD
                           should be 20-May-88 15:39 VUKGUJ  ALL  RD  NO
(TYM5        :  33) ND6415.CMD     2 24-Aug-88 17:02 -- bad checksum NUMGEW
                           should be 20-May-88 15:29 TIJJAS  ALL  RD  NO
(TYM5        :  33) ND6714.C00     2 24-Aug-88 17:10 -- bad checksum ROWDOF
                           should be 20-May-88 15:38 NOVXUF  ALL  RD  NO
(TYM5        :  33) NW6714.BND    67 24-Aug-88 15:35 -- protection ALL  RD  RD
                           should be 25-Aug-88 12:58 HAVHEB  ALL  RD  NO
(TYM5        :  33) NW6415.BND    69 24-Aug-88 15:35 -- protection ALL  RD  RD
                           should be 25-Aug-88 12:58 QUNMED  ALL  RD  NO
(TYM5        :  33) ND6415.C01     2 24-Aug-88 17:19 -- bad checksum ROGWOJ
                           should be 20-May-88 15:29 RINWIG  ALL  RD  NO
(TYM5        :  33) ND5577.BND    69 24-Aug-88 15:25 -- protection ALL  RD  RD
                           should be 25-Aug-88 13:01 XEDWEV  ALL  RD  NO
(TYM5        :  33) BK6415.TYM     3 01-Jun-87 11:34 -- bad checksum MAYNIX
                           should be 28-Apr-88 11:36 VOZSOW  ALL  RD  RD
(TYM5        :  33) BK5577.TYM     3 09-Mar-88 08:40 -- bad checksum PICYUH
                           should be 04-Aug-88 18:58 BIWQIW  ALL  RD  NO
(TYM5        :  33) NW5577.BND    69 24-Aug-88 15:34 -- protection ALL  RD  RD
                           should be 25-Aug-88 12:57 XEDWEV  ALL  RD  NO
(TYM5        :  33) BK6415.BND                       -- missing on slave
(TYM5        :  33) BK6714.TYM                       -- missing on slave
(TYM5        :  33) BK6714.BND                       -- missing on slave
(TYM5        :  33) ND5577.LOG                       -- missing on slave
(TYM5        :  33) BK5577.BND                       -- missing on slave

End of SAIL execution
!RDIST (TYM5)##6716.*,(TYM5)##6720.*,(TYM5)##6721.*/CHECK/HOST:33/MASTER:54
Master host: 54
18 files on master system.
Slave hosts: 33
Checking host 33
(TYM5        :  33) ND6721.TYM     3 22-Aug-88 17:32 -- protection ALL  RD  RD
                           should be 24-Aug-88 17:37 KAKVIJ  ALL  RD  NO
(TYM5        :  33) ND6721.BND    69 24-Aug-88 15:26 -- protection ALL  RD  RD
                           should be 25-Aug-88 13:02 XEQMIX  ALL  RD  NO
(TYM5        :  33) ND6721.T01     2 15-Feb-88 15:35 -- protection ALL  RD  RD
                           should be 20-May-88 16:09 RIWJAL  ALL  RD  NO
(TYM5        :  33) ND6721.CMD     2 24-Aug-88 17:02 -- bad checksum RADVUR
                           should be 20-May-88 16:08 QUTHIT  ALL  RD  NO
(TYM5        :  33) ND6721.C00     2 24-Aug-88 17:11 -- bad checksum SEQNUN
                           should be 20-May-88 16:08 FATDIP  ALL  RD  NO
(TYM5        :  33) ND6716.BND    69 24-Aug-88 15:25 -- protection ALL  RD  RD
                           should be 25-Aug-88 13:02 DIQJAS  ALL  RD  NO
(TYM5        :  33) NW6721.BND    69 24-Aug-88 15:36 -- protection ALL  RD  RD
                           should be 25-Aug-88 12:59 XEQMIX  ALL  RD  NO
(TYM5        :  33) NW6716.BND    69 24-Aug-88 15:35 -- protection ALL  RD  RD
                           should be 25-Aug-88 12:58 DIQJAS  ALL  RD  NO
(TYM5        :  33) ND6716.TYM     3 22-Aug-88 17:32 -- protection ALL  RD  RD
                           should be 24-Aug-88 17:35 HANJAP  ALL  RD  NO
(TYM5        :  33) ND6716.T01     2 15-Feb-88 15:33 -- protection ALL  RD  RD
                           should be 20-May-88 15:49 HEWSOL  ALL  RD  NO
(TYM5        :  33) ND6716.C01     2 24-Aug-88 17:19 -- bad checksum BIYSEY
                           should be 20-May-88 15:49 NUDTEY  ALL  RD  NO
(TYM5        :  33) ND6716.C00     2 24-Aug-88 17:10 -- bad checksum MIGXIX
                           should be 20-May-88 15:48 RETWEG  ALL  RD  NO
(TYM5        :  33) ND6716.CMD     2 24-Aug-88 17:02 -- bad checksum HELMAG
                           should be 20-May-88 15:49 JEXBEM  ALL  RD  NO
(TYM5        :  33) BK6716.TYM     3 29-Oct-86 09:38 -- bad checksum TELLOK
                           should be 10-Aug-88 11:48 COTTOJ  ALL  RD  RD
(TYM5        :  33) ND6721.C01     2 24-Aug-88 17:20 -- bad checksum WEGCIR
                           should be 20-May-88 16:08 LEHCIR  ALL  RD  NO
(TYM5        :  33) BK6721.TYM     3 01-Jun-87 11:35 -- bad checksum DARQEJ
                           should be 09-May-88 16:21 LOLZEY  ALL  RD  RD
(TYM5        :  33) BK6721.BND                       -- missing on slave
(TYM5        :  33) BK6716.BND                       -- missing on slave

End of SAIL execution
!RDIST (TYM5)##6722.*,(TYM5)##7004.*,(TYM5)##7021.*/CHECK/HOST:33/MASTER:54
Master host: 54
27 files on master system.
Slave hosts: 33
Checking host 3YM5        :  33) ND7021.BND    69 24-Aug-88 15:27 -- bad checksum RIKSUK
                           should be 25-Aug-88 13:03 KUFREH  ALL  RD  NO
(TYM5        :  33) ND6722.BND    69 24-Aug-88 15:26 -- protection ALL  RD  RD
                           should be 25-Aug-88 13:03 RUPMEB  ALL  RD  NO
(TYM5        :  33) ND6722.TYM     3 22-Aug-88 17:32 -- protection ALL  RD  RD
                           should be 24-Aug-88 17:38 VONXOB  ALL  RD  NO
(TYM5        :  33) ND7004.C01     2 24-Aug-88 17:20 -- bad checksum VALMEH
                           should be 20-May-88 16:28 QIGLEH  ALL  RD  NO
(TYM5        :  33) ND7021.TYM     3 22-Aug-88 17:32 -- protection ALL  RD  RD
                           should be 24-Aug-88 17:40 WOBCOC  ALL  RD  NO
(TYM5        :  33) ND7004.T01     2 15-Feb-88 15:36 -- protection ALL  RD  RD
                           should be 20-May-88 16:29 LEJFEL  ALL  RD  NO
(TYM5        :  33) ND7021.T01     2 15-Feb-88 15:36 -- protection ALL  RD  RD
                           should be 20-May-88 16:39 RELNIK  ALL  RD  NO
(TYM5        :  33) ND6722.T01     2 15-Feb-88 15:35 -- protection ALL  RD  RD
                           should be 20-May-88 16:19 NOJZIV  ALL  RD  NO
(TYM5        :  33) ND7004.TYM     3 22-Aug-88 17:32 -- protection ALL  RD  RD
                           should be 24-Aug-88 17:39 WIZJAF  ALL  RD  NO
(TYM5        :  33) ND7004.C00     2 24-Aug-88 17:11 -- bad checksum HACREY
                           should be 20-May-88 16:28 DATVOY  ALL  RD  NO
(TYM5        :  33) ND7004.CMD     2 24-Aug-88 17:03 -- bad checksum SIRPIF
                           should be 20-May-88 16:28 QUCFIZ  ALL  RD  NO
(TYM5        :  33) NW6722.BND    69 24-Aug-88 15:36 -- protection ALL  RD  RD
                           should be 25-Aug-88 12:59 RUPMEB  ALL  RD  NO
(TYM5        :  33) NW7021.BND    69 24-Aug-88 15:37 -- bad checksum RIKSUK
                           should be 25-Aug-88 13:00 KUFREH  ALL  RD  NO
(TYM5        :  33) ND7021.C00     2 24-Aug-88 17:11 -- bad checksum MIKKIM
                           should be 20-May-88 16:39 GABJIG  ALL  RD  NO
(TYM5        :  33) ND7021.CMD     2 24-Aug-88 17:03 -- bad checksum QUGSUQ
                           should be 20-May-88 16:39 VUQQAD  ALL  RD  NO
(TYM5        :  33) ND6722.C00     2 24-Aug-88 17:11 -- bad checksum LOPVOM
                           should be 20-May-88 16:19 RIVQUF  ALL  RD  NO
(TYM5        :  33) BK7021.TYM     3 14-Apr-88 15:15 -- bad checksum BACPOS
                           should be 14-Apr-88 17:16 RARTON  ALL  RD  RD
(TYM5        :  33) ND6722.CMD     2 24-Aug-88 17:02 -- bad checksum WUSJAF
                           should be 20-May-88 16:19 TOCZAL  ALL  RD  NO
(TYM5        :  33) ND7021.C01     2 24-Aug-88 17:20 -- bad checksum MOVMIN
                           should be 20-May-88 16:39 TOBMIN  ALL  RD  NO
(TYM5        :  33) ND6722.C01     2 24-Aug-88 17:20 -- bad checksum GEGCEV
                           should be 20-May-88 16:19 JADDEV  ALL  RD  NO
(TYM5        :  33) BK7004.TYM     3 29-Oct-86 09:39 -- bad checksum FUSRUZ
                           should be 10-Aug-88 18:32 QUZWIH  ALL  RD  RD
(TYM5        :  33) BK6722.TYM     3 28-Oct-87 10:53 -- bad checksum VIDPAH
                           should be 09-May-88 13:44 ZERREB  ALL  RD  RD
(TYM5        :  33) ND7004.BND    69 24-Aug-88 15:26 -- bad checksum YIBQEL
                           should be 25-Aug-88 13:03 HAPLES  ALL  RD  NO
(TYM5        :  33) NW7004.BND    69 24-Aug-88 15:36 -- bad checksum YIBQEL
                           should be 25-Aug-88 13:00 HAPLES  ALL  RD  NO
(TYM5        :  33) BK7021.BND                       -- missing on slave
(TYM5        :  33) BK6722.BND                       -- missing on slave
(TYM5        :  33) BK7004.BND                       -- missing on slave

End of SAIL execution
!RDIST (TYM5)##7165.*,(TYM5)##0350.*/CHECK/HOST:33/MASTER:54
Master host: 54
20 files on master system.
Slave hosts: 33
Checking host 33
(TYM5        :  33) ND7165.TYM     3 22-Aug-88 17:33 -- protection ALL  RD  RD
                           should be 24-Aug-88 17:41 CIHJAS  ALL  RD  NO
(TYM5        :  33) ND7165.C01     2 24-Aug-88 17:20 -- bad checksum DIKJOX
                           should be 20-May-88 16:49 XOFXOX  ALL  RD  NO
(TYM5        :  33) N10350.CMD     2 24-Aug-88 17:03 -- bad checksum CAJDUS
                           should be 20-May-88 15:11 GIPMUD  ALL  RD  NO
(TYM5        :  33) N10350.C00     2 24-Aug-88 17:11 -- bad checksum DOMMOD
                           should be 20-May-88 15:11 TUKDUC  ALL  RD  NO
(TYM5        :  33) ND7165.CMD     2 24-Aug-88 17:03 -- bad checksum HOMPOK
                           should be 20-May-88 16:49 ZULZOQ  ALL  RD  NO
(TYM5        :  33) ND7165.BND    69 24-Aug-88 15:27 -- bad checksum NATGUC
                           should be 25-Aug-88 13:03 GIFZID  ALL  RD  NO
(TYM5        :  33) N10350.C01     2 24-Aug-88 17:20 -- bad checksum DULRAT
                           should be 20-May-88 15:11 XURBEN  ALL  RD  NO
(TYM5        :  33) N10350.TYM     3 22-Aug-88 17:33 -- protection ALL  RD  RD
                           should be 24-Aug-88 17:24 YEQKEM  ALL  RD  NO
(TYM5        :  33) ND7165.C00     2 24-Aug-88 17:11 -- bad checksum CIFKAF
                           should be 20-May-88 16:48 ZAFNUR  ALL  RD  NO
(TYM5        :  33) ND7165.S27     1 16-Dec-85 11:02 -- protection ALL  RD  RD
                           should be 20-May-88 16:49 VAVVAV  ALL  RD  NO
(TYM5        :  33) NW7165.BND    69 24-Aug-88 15:37 -- bad checksum NATGUC
                           should be 25-Aug-88 13:00 GIFZID  ALL  RD  NO
(TYM5        :  33) NW0350.BND    69 24-Aug-88 15:37 -- protection ALL  RD  RD
                           should be 25-Aug-88 13:01 SOXRAS  ALL  RD  NO
(TYM5        :  33) N10350.BND    69 24-Aug-88 15:27 -- protection ALL  RD  RD
                           should be 25-Aug-88 13:04 SOXRAS  ALL  RD  NO
(TYM5        :  33) BK7165.TYM     3 29-Jul-88 10:40 -- bad checksum CIHZOB
                           should be 10-Aug-88 11:49 RESZOY  ALL  RD  NO
(TYM5        :  33) NW7165.TYM     3 22-Aug-88 17:33 -- missing on master
(TYM5        :  33) BK7165.BND                       -- missing on slave
(TYM5        :  33) B10350.BND                       -- missing on slave
(TYM5        :  33) B10350.TYM                       -- missing on slave
(TYM5        :  33) BK7165.S27                       -- missing on slave

End of SAIL execution
!
!LOGOUT
347.19 tru
terminal time: 0:15:54
  y2!u