!DIFFER (TYMNET)ND2333.TYM,(EBUS)ND2333.TYM/SPAC/LOW 1


No differences encountered


!DIFFER (TYMNET)ND2333.CMD,(EBUS)ND2333.CMD/SPAC/LOW 1

1)1	;@(tymnet)nd2333.tym
1)	;@(tymnet)ggisis.ltd
1)	;@(SOURCE)I2IS07.R03
****
2)1	;@nd2333.tym
2)	;@GOODGY.NQA
2)	;@(SOURCE)I2IS07.R03
**************

Files are different


!DIFFER (TYMNET)ND2333.C00,(EBUS)ND2333.C00/SPAC/LOW 1

1)1	;A(tymnet)nd2333.tym
1)	;A(tymnet)ggxray.ltd
1)	;A(NTS)TII05.R35
****
2)1	;And2333.tym
2)	;AISXRAY.GGY
2)	;A(NTS)TII05.R35
**************

Files are different


!DIFFER (TYMNET)ND2333.T01,(EBUS)ND2333.T01/SPAC/LOW 1


No differences encountered


!DIFFER (TYMNET)ND2333.C01,(EBUS)ND2333.C01/SPAC/LOW 1


No differences encountered


!DIFFER (TYMNET)ND3374.TYM,(EBUS)ND3374.TYM/SPAC/LOW 1


No differences encountered


!DIFFER (TYMNET)ND3374.CMD,(EBUS)ND3374.CMD/SPAC/LOW 1


No differences encountered


!DIFFER (TYMNET)ND3374.C00,(EBUS)ND3374.C00/SPAC/LOW 1


No differences encountered


!DIFFER (TYMNET)ND3374.T01,(EBUS)ND3374.T01/SPAC/LOW 1


No differences encountered


!DIFFER (TYMNET)ND3374.C01,(EBUS)ND3374.C01/SPAC/LOW 1


No differences encountered


!DIFFER (TYMNET)ND6415.TYM,(EBUS)ND6415.TYM/SPAC/LOW 1

1)1	:: Warning: the current version of BITS can not load EBUS code into slot 2.
1)	:: This node MUST be loaded from a PDP-10.  See me for more info.
1)	::     Joe Smith, (408)922-6220        13-Mar-90
1)	:       ISIS-II - T-II - DEFINITION PARAMETERS - 17/Apr/91  RLV
1)	:       KERNEL CODE: 7.03       NODE CODE: 5.35
1)	:       MEMORY: 1024 SEMI       LOCATION: FREMONT, CA.
****
2)1	:       ISIS-II - T-II - DEFINITION PARAMETERS - 22-Aug-88  JMS
2)	:       KERNEL CODE: 7.03      NODE CODE: 5.33
2)	:       MEMORY: 1024 SEMI       LOCATION: FREMONT, CA.
**************
1)1	:       ORDER #: 67801
1)	:       LOAD DATE: 19-jul-91	:add sync/security gw
1)	:       THIS NODE IS FOR SYSTEM 38 IN FREMONT, CA.
1)	:       PLEASE NOTIFY OPERATIONS IN ADVANCE OF ANY PROJECT REPORT
****
2)1	:       ORDER #: 5.22 Deployment
2)	:       LOAD DATE: 22-Aug-88
2)	:       THIS NODE IS FOR SYSTEM 29 IN FREMONT, CA.
2)	:       PLEASE NOTIFY OPERATIONS IN ADVANCE OF ANY PROJECT REPORT
**************
1)1	:       SYSTEMS CAN BE SCHEDULED ACCORDINGLY.
1)	:       CONTACT - GARY PEREZ (IPC.G/PEREZ) OR SUE PAL (IPC.S/PAL)
****
2)1	:       SYSTEM 33 CAN BE SCHEDULED ACCORDINGLY.
2)	:       CONTACT - GARY PEREZ (IPC.G/PEREZ) OR SUE PAL (IPC.S/PAL)
**************
1)1	NSYNC	EQ	1		: 1 sync card
1)	M.NCARD EQ      1               :* OF SIO MOTHER BOARDS
****
2)1	M.NCARD EQ      1               :* OF SIO MOTHER BOARDS
**************
1)1	NSLOT   EQ      3               :  NO. OF SLOTS TO CONNECT
1)	NLU     EQ      $A 3            :  MAX. NO. OF LOGICAL UNITS/SLOT
1)	NDP     EQ      $A 256          :  NUMBER OF DISPATCHER PORTS
****
2)1	NSLOT   EQ      2               :  NO. OF SLOTS TO CONNECT
2)	NLU     EQ      $A 2            :  MAX. NO. OF LOGICAL UNITS/SLOT
2)	NDP     EQ      $A 256          :  NUMBER OF DISPATCHER PORTS
**************
1)1	NLINES  EQ      1               :  NO. OF sync lines slot 0
1)	SILINS  EQ      2               :  NO. OF SIO LINES slot 0
1)	ASYNEW  EQ      1               :*0=OLD DRIVER,2=NEW DRIVER,1=BOTH
****
2)1	NLINES  EQ      0               :  NO. OF LINKS (MUST EQ NLUS0)
2)	SILINS  EQ      2               :  NO. OF SIO LINES
2)	ASYNEW  EQ      1               :*0=OLD DRIVER,2=NEW DRIVER,1=BOTH
**************
1)1	BAUDR   EQ      0               :  MUST EQ 2 FOR HIGH SPEED INTERUPTS
****
2)1	CONSAT  EQ      1               :  
2)	BAUDR   EQ      0               :  MUST EQ 2 FOR HIGH SPEED INTERUPTS
**************
1)1		TIILNK(12011,8,8)	:to sec gw slot 3
1)	:       SLOT 0 - THE NODE CODE
****
2)1	:       SLOT 0 - THE NODE CODE
**************
1)1	NLUS0   EQ      $A 3
1)	S0L0	S.REF(0)
1)	S0L1    M.REF(0,0)
1)	S0L2    M.REF(0,1)
1)	:       SLOT 1 - MCDONNEL DOUGLAS - PDP10 BASE (E-BUS INTERFACE)
****
2)1	NLUS0   EQ      $A 2
2)	S0L0    M.REF(0,0)
2)	S0L1    M.REF(0,1)
2)	:       SLOT 1 - MCDONNEL DOUGLAS - PDP10 BASE (E-BUS INTERFACE)
**************
1)1	:	SLOT 3 - Gateway for Security
1)	S3CORE	EQ	$A 160
1)	S3LIC	EQ	0
1)	NLUS3	EQ	1
1)	S3L0	S.REF(1)
1)		END
****
2)1		END
**************

Files are different


!DIFFER (TYMNET)ND6415.CMD,(EBUS)ND6415.CMD/SPAC/LOW 1

1)1	;@nd6415.tym
1)	;@ggisis.ltd
1)	;@(SOURCE)I2IS07.R03
****
2)1	;@ND6415.TYM
2)	;@(TYMNET)GOODGY.NQA
2)	;@(SOURCE)I2IS07.R03
**************
1)1	1;Fnd6415.nib
1)	70;T0,SUMTBL;PINTLEN,IEND-INTLEN;P%PSEGF,SFSIZE;P%P%Q
****
2)1	1;FND6415.NIB
2)	70;T0,SUMTBL;PINTLEN,IEND-INTLEN;P%PSEGF,SFSIZE;P%Q
**************

Files are different


!DIFFER (TYMNET)ND6415.C00,(EBUS)ND6415.C00/SPAC/LOW 1

1)1	;; UPDATED 17/Apr/91 ND6415 ISIS-II T-II Ron Vivier
1)	;A(NTS)TII05.I35
1)	;And6415.tym
1)	;Aggxray.ltd
1)	;A(NTS)TII05.R35
1)	;A(NTS)TII05.P35
1)	1;Fnd6415.n00
1)	seg0,s0size;pseg1,s1size;psegd,sdsize;psegf,sfsize;pcta,ctasiz;p%p%q
****
2)1	;; UPDATED 88/05/18 ND6415 ISIS-II T-II JOE SMITH
2)	;A(SOURCE)TII05.I22
2)	;AND6415.TYM
2)	;A(TYMNET)ISXRAY.GGY
2)	;A(SOURCE)TII05.R22
2)	;A(SOURCE)TII05.F22
2)	;A(SOURCE)TII05.P22
2)	1;FND6415.N00
2)	;X(SOURCE)TIII05.WRT
**************

Files are different


!DIFFER (TYMNET)ND6415.T01,(EBUS)ND6415.T01/SPAC/LOW 1

1)1	HOST0   EQ      $A 38           : HOST NUMBER (NODE 6415, KH 4399)
1)	EBDUMP  EQ      1               : SWITCH: ENABLES EBUS DUMP AREA IF SET TO 1
****
2)1	HOST0   EQ      $A 34           : HOST NUMBER (NODE 6415, KH 4399)
2)	EBDUMP  EQ      1               : SWITCH: ENABLES EBUS DUMP AREA IF SET TO 1
**************

Files are different


!DIFFER (TYMNET)ND6415.C01,(EBUS)ND6415.C01/SPAC/LOW 1

1)1	;;      EBUS INTERFACE COMMAND FILE - SYSTEM #: 38
1)	;@(SOURCE)EBUS02.I00
****
2)1	;;      EBUS INTERFACE COMMAND FILE - SYSTEM #: 29
2)	;@(SOURCE)EBUS02.I00
**************

Files are different


!DIFFER (TYMNET)ND6720.TYM,(EBUS)ND6720.TYM/SPAC/LOW 1


No differences encountered


!DIFFER (TYMNET)ND6720.CMD,(EBUS)ND6720.CMD/SPAC/LOW 1


No differences encountered


!DIFFER (TYMNET)ND6720.C00,(EBUS)ND6720.C00/SPAC/LOW 1


No differences encountered


!DIFFER (TYMNET)ND6720.T01,(EBUS)ND6720.T01/SPAC/LOW 1


No differences encountered


!DIFFER (TYMNET)ND6720.C01,(EBUS)ND6720.C01/SPAC/LOW 1


No differences encountered


!DIFFER (TYMNET)ND6721.TYM,(EBUS)ND6721.TYM/SPAC/LOW 1


No differences encountered


!DIFFER (TYMNET)ND6721.CMD,(EBUS)ND6721.CMD/SPAC/LOW 1


No differences encountered


!DIFFER (TYMNET)ND6721.C00,(EBUS)ND6721.C00/SPAC/LOW 1


No differences encountered


!DIFFER (TYMNET)ND6721.T01,(EBUS)ND6721.T01/SPAC/LOW 1


No differences encountered


!DIFFER (TYMNET)ND6721.C01,(EBUS)ND6721.C01/SPAC/LOW 1


No differences encountered


!DIFFER (TYMNET)ND6722.TYM,(EBUS)ND6722.TYM/SPAC/LOW 1


No differences encountered


!DIFFER (TYMNET)ND6722.CMD,(EBUS)ND6722.CMD/SPAC/LOW 1


No differences encountered


!DIFFER (TYMNET)ND6722.C00,(EBUS)ND6722.C00/SPAC/LOW 1


No differences encountered


!DIFFER (TYMNET)ND6722.T01,(EBUS)ND6722.T01/SPAC/LOW 1


No differences encountered


!DIFFER (TYMNET)ND6722.C01,(EBUS)ND6722.C01/SPAC/LOW 1


No differences encountered


!DIFFER (TYMNET)ND7004.TYM,(EBUS)ND7004.TYM/SPAC/LOW 1


No differences encountered


!DIFFER (TYMNET)ND7004.CMD,(EBUS)ND7004.CMD/SPAC/LOW 1


No differences encountered


!DIFFER (TYMNET)ND7004.C00,(EBUS)ND7004.C00/SPAC/LOW 1


No differences encountered


!DIFFER (TYMNET)ND7004.T01,(EBUS)ND7004.T01/SPAC/LOW 1


No differences encountered


!DIFFER (TYMNET)ND7004.C01,(EBUS)ND7004.C01/SPAC/LOW 1


No differences encountered


!DIFFER (TYMNET)ND7021.TYM,(EBUS)ND7021.TYM/SPAC/LOW 1


No differences encountered


!DIFFER (TYMNET)ND7021.CMD,(EBUS)ND7021.CMD/SPAC/LOW 1


No differences encountered


!DIFFER (TYMNET)ND7021.C00,(EBUS)ND7021.C00/SPAC/LOW 1


No differences encountered


!DIFFER (TYMNET)ND7021.T01,(EBUS)ND7021.T01/SPAC/LOW 1


No differences encountered


!DIFFER (TYMNET)ND7021.C01,(EBUS)ND7021.C01/SPAC/LOW 1


No differences encountered


!DIFFER (TYMNET)N10350.TYM,(EBUS)N10350.TYM/SPAC/LOW 1


No differences encountered


!DIFFER (TYMNET)N10350.CMD,(EBUS)N10350.CMD/SPAC/LOW 1

1)1	;@(tymnet)ggisis.ltd
1)	;@(SOURCE)I2IS07.R03
****
2)1	;@GOODGY.NQA
2)	;@(SOURCE)I2IS07.R03
**************

Files are different


!DIFFER (TYMNET)N10350.C00,(EBUS)N10350.C00/SPAC/LOW 1

1)1	;A(tymnet)ggxray.ltd
1)	;A(NTS)TII05.R35
****
2)1	;AISXRAY.GGY
2)	;A(NTS)TII05.R35
**************

Files are different


!DIFFER (TYMNET)N10350.T01,(EBUS)N10350.T01/SPAC/LOW 1


No differences encountered


!DIFFER (TYMNET)N10350.C01,(EBUS)N10350.C01/SPAC/LOW 1

1)1	;@N10350.T01
1)	;@(SOURCE)EBUS02.R00
****
2)1	;@ND0350.T01
2)	;@(SOURCE)EBUS02.R00
**************
1)1	1;FN10350.N01
1)	CTA,CTASIZ;PSEG0,S0SIZE;PSEG1,S1SIZE;PSEG2,S2SIZE;P%P%Q
****
2)1	1;FND0350.N01
2)	CTA,CTASIZ;PSEG0,S0SIZE;PSEG1,S1SIZE;PSEG2,S2SIZE;P%P%Q
**************

Files are different


!LOGOUT
71.51 tru
terminal time: 0:09:45
 