.SYSNO
TYMSHARE F33-P035/E01-1 1-25-91
.RDIST (TYMNET)##2333.*,(TYMNET)##3374.*,(TYMNET)##6415.*/LIST

?unable to build circuit to JMS:14
?host unavailable

?unable to build circuit to JMS:14
?host unavailable

?unable to build circuit to JMS:14
?host unavailable

?unable to build circuit to JMS:14
?host unavailable

?unable to build circuit to JMS:14
?host unavailable
Creaux failed to JMS:14

?unable to build circuit to JMS:17
?host unavailable

?unable to build circuit to JMS:17
?host unavailable

?unable to build circuit to JMS:17
?host unavailable

?unable to build circuit to JMS:17
?host unavailable

?unable to build circuit to JMS:17
?host unavailable
Creaux failed to JMS:17
(TYMNET      :  23) BK2333.BND   117 10-Jul-91 16:21 TAMMIW  ALL  RD  NO
(TYMNET      :  23) BK2333.LOG     7 20-Mar-91 14:40 VEQXUT  ALL  RD  NO
(TYMNET      :  23) BK2333.TYM     3 19-Apr-91 00:44 NACCAB  ALL  RD  NO
(TYMNET      :  23) BK2333.T01     2 19-Apr-91 16:24 KISHIK  ALL  RD  NO
(TYMNET      :  23) BK2333.C00     2 10-Jul-91 15:33 ROKJIP  ALL  RD  NO
(TYMNET      :  23) BK2333.CMD     2 10-Jul-91 15:34 SEXZAL  ALL  RD  NO
(TYMNET      :  23) BK2333.C01     2 19-Apr-91 16:24 GIXJUS  ALL  RD  NO
(TYMNET      :  23) BK2333.N00   124 10-Jul-91 16:19 BAYVOC  ALL  RD  NO
(TYMNET      :  23) BK2333.NIB    61 10-Jul-91 16:17 JONNEX  ALL  RD  NO
(TYMNET      :  23) BK2333.N01     7 10-Jul-91 16:19 GASKEL  ALL  RD  NO
(TYMNET      :  23) BK2333.C03     2 10-Jul-91 15:35 XUDXAB  ALL  RD  NO
(TYMNET      :  23) BK2333.T03     2 19-Apr-91 00:19 BAJSUZ  ALL  RD  NO
(TYMNET      :  23) BK2333.N03   116 10-Jul-91 16:21 KUXMIR  ALL  RD  NO
(TYMNET      :  23) ND6415.BND   120 27-Mar-92 21:03 FIRRUF  ALL  RD  NO
(TYMNET      :  23) ND6415.TYM     3 27-Mar-92 22:59 FIDMAM  ALL  RD  NO
(TYMNET      :  23) ND6415.T01     2 27-Mar-92 22:59 KEDLUF  ALL  RD  NO
(TYMNET      :  23) ND6415.CMD     2 27-Mar-92 22:59 NEHFEM  ALL  RD  NO
(TYMNET      :  23) ND6415.C00     2 27-Mar-92 22:59 ZOGWUZ  ALL  RD  NO
(TYMNET      :  23) ND6415.C01     2 27-Mar-92 22:59 BUBFEF  ALL  RD  NO
(TYMNET      :  23) ND6415.LOG     9 27-Mar-92 19:39 QOYTAS  ALL  RD  NO
(TYMNET      :  23) ND6415.N03   116 27-Mar-92 20:08 BASYAY  ALL  RD  NO
(TYMNET      :  23) ND6415.N01     7 27-Mar-92 19:50 NITJIZ  ALL  RD  NO
(TYMNET      :  23) ND6415.N00   127 27-Mar-92 19:49 DOZXIP  ALL  RD  NO
(TYMNET      :  23) ND6415.NIB    61 27-Mar-92 19:43 MOLHUB  ALL  RD  NO
(TYMNET      :  23) ND6415.C03     2 27-Mar-92 18:29 LUSBUT  ALL  RD  NO
(TYMNET      :  23) ND6415.T03     2 27-Mar-92 18:31 DUCBET  ALL  RD  NO
(TYMNET      :  23) ND3374.BND    70 10-Nov-89 17:11 DIKVON  ALL  RD  NO
(TYMNET      :  23) ND3374.TYM     3 27-Mar-92 22:46 WUHLAM  ALL  RD  NO
(TYMNET      :  23) ND3374.T01     2 27-Mar-92 22:46 MANCUH  ALL  RD  NO
(TYMNET      :  23) ND3374.CMD     2 27-Mar-92 22:46 DAXGEL  ALL  RD  NO
(TYMNET      :  23) ND3374.C00     2 27-Mar-92 22:46 QIPGOR  ALL  RD  NO
(TYMNET      :  23) ND3374.C01     2 27-Mar-92 22:46 RANQUP  ALL  RD  NO
(TYMNET      :  23) ND3374.LOG     8 10-Nov-89 16:57 ZUYZIT  ALL  RD  NO
(TYMNET      :  23) ND2333.BND    75 27-Mar-92 21:10 KECGUL  ALL  RD  NO
(TYMNET      :  23) ND2333.TYM     3 27-Mar-92 21:03 ZAKYIS  ALL  RD  NO
(TYMNET      :  23) ND2333.T01     2 27-Mar-92 22:20 WISHIK  ALL  RD  NO
(TYMNET      :  23) ND2333.CMD     2 27-Mar-92 22:20 CONKOV  ALL  RD  NO
(TYMNET      :  23) ND2333.C00     2 27-Mar-92 22:21 PICXEM  ALL  RD  NO
(TYMNET      :  23) ND2333.C01     2 27-Mar-92 22:20 PIZRAR  ALL  RD  NO
(TYMNET      :  23) ND2333.OLD    67 10-Nov-89 16:59 FEHBEG  ALL  RD  RD
(TYMNET      :  23) ND2333.N03   116 10-Jul-91 16:21 KUXMIR  ALL  RD  NO
(TYMNET      :  23) ND2333.T03     2 19-Apr-91 00:19 BAJSUZ  ALL  RD  NO
(TYMNET      :  23) ND2333.C03     2 10-Jul-91 15:35 XUDXAB  ALL  RD  NO
(TYMNET      :  23) ND2333.N01     7 27-Mar-92 21:10 DOTCAW  ALL  RD  NO
(TYMNET      :  23) ND2333.NIB    61 27-Mar-92 21:07 YAXBUL  ALL  RD  NO
(TYMNET      :  23) ND2333.N00   123 27-Mar-92 21:09 CIXYOL  ALL  RD  NO
(TYMNET      :  23) BK6415.T01     2 19-Jul-91 16:00 VEDLUF  ALL  RD  NO
(TYMNET      :  23) BK6415.BND   120 19-Jul-91 17:44 NUDNOY  ALL  RD  NO
(TYMNET      :  23) BK6415.LOG     8 19-Jul-91 17:36 FUJZOR  ALL  RD  NO
(TYMNET      :  23) BK6415.TYM     3 19-Jul-91 15:57 QAJBOF  ALL  RD  NO
(TYMNET      :  23) BK6415.C00     2 19-Jul-91 16:13 ROQDAG  ALL  RD  NO
(TYMNET      :  23) BK6415.CMD     2 19-Jul-91 16:13 BIFRIZ  ALL  RD  NO
(TYMNET      :  23) BK6415.C01     2 19-Jul-91 15:58 JAGRIM  ALL  RD  NO
(TYMNET      :  23) BK6415.N03   116 19-Jul-91 17:43 KUBLIC  ALL  RD  NO
(TYMNET      :  23) BK6415.N01     7 19-Jul-91 17:41 RAKDIJ  ALL  RD  NO
(TYMNET      :  23) BK6415.N00   128 19-Jul-91 17:41 PIYHUJ  ALL  RD  NO
(TYMNET      :  23) BK6415.NIB    61 19-Jul-91 17:39 BUMFIG  ALL  RD  NO
(TYMNET      :  23) BK6415.C03     2 19-Jul-91 17:34 SETLOW  ALL  RD  NO
(TYMNET      :  23) BK6415.T03     2 19-Jul-91 16:19 YAQTES  ALL  RD  NO
(TYMNET      :  23) ND2333.LOG     6 27-Mar-92 21:04 ZUQNUP  ALL  RD  NO
(TYMNET      :  26) BK2333.BND   117 10-Jul-91 16:21 TAMMIW  ALL  RD  NO
(TYMNET      :  26) BK2333.LOG     7 20-Mar-91 14:40 VEQXUT  ALL  RD  NO
(TYMNET      :  26) BK2333.TYM     3 19-Apr-91 00:44 NACCAB  ALL  RD  NO
(TYMNET      :  26) BK2333.T01     2 19-Apr-91 16:24 KISHIK  ALL  RD  NO
(TYMNET      :  26) BK2333.C00     2 10-Jul-91 15:33 ROKJIP  ALL  RD  NO
(TYMNET      :  26) BK2333.CMD     2 10-Jul-91 15:34 SEXZAL  ALL  RD  NO
(TYMNET      :  26) BK2333.C01     2 19-Apr-91 16:24 GIXJUS  ALL  RD  NO
(TYMNET      :  26) BK2333.N00   124 10-Jul-91 16:19 BAYVOC  ALL  RD  NO
(TYMNET      :  26) BK2333.NIB    61 10-Jul-91 16:17 JONNEX  ALL  RD  NO
(TYMNET      :  26) BK2333.N01     7 10-Jul-91 16:19 GASKEL  ALL  RD  NO
(TYMNET      :  26) BK2333.C03     2 10-Jul-91 15:35 XUDXAB  ALL  RD  NO
(TYMNET      :  26) BK2333.T03     2 19-Apr-91 00:19 BAJSUZ  ALL  RD  NO
(TYMNET      :  26) BK2333.N03   116 10-Jul-91 16:21 KUXMIR  ALL  RD  NO
(TYMNET      :  26) ND6415.BND   120 27-Mar-92 21:03 FIRRUF  ALL  RD  NO
(TYMNET      :  26) ND6415.TYM     3 27-Mar-92 22:59 FIDMAM  ALL  RD  NO
(TYMNET      :  26) ND6415.T01     2 27-Mar-92 22:59 KEDLUF  ALL  RD  NO
(TYMNET      :  26) ND6415.CMD     2 27-Mar-92 22:59 NEHFEM  ALL  RD  NO
(TYMNET      :  26) ND6415.C00     2 27-Mar-92 22:59 ZOGWUZ  ALL  RD  NO
(TYMNET      :  26) ND6415.C01     2 27-Mar-92 22:59 BUBFEF  ALL  RD  NO
(TYMNET      :  26) NW2333.BND    63 03-May-90 14:35 QOCBIV  ALL  RD  NO
(TYMNET      :  26) ND6415.LOG     9 27-Mar-92 19:39 QOYTAS  ALL  RD  NO
(TYMNET      :  26) ND6415.N03   116 27-Mar-92 20:08 BASYAY  ALL  RD  NO
(TYMNET      :  26) ND6415.N01     7 27-Mar-92 19:50 NITJIZ  ALL  RD  NO
(TYMNET      :  26) ND6415.N00   127 27-Mar-92 19:49 DOZXIP  ALL  RD  NO
(TYMNET      :  26) ND6415.NIB    61 27-Mar-92 19:43 MOLHUB  ALL  RD  NO
(TYMNET      :  26) ND6415.C03     2 27-Mar-92 18:29 LUSBUT  ALL  RD  NO
(TYMNET      :  26) ND6415.T03     2 27-Mar-92 18:31 DUCBET  ALL  RD  NO
(TYMNET      :  26) ND3374.BND    70 10-Nov-89 17:11 DIKVON  ALL  RD  NO
(TYMNET      :  26) ND3374.TYM     3 27-Mar-92 22:46 WUHLAM  ALL  RD  NO
(TYMNET      :  26) ND3374.T01     2 27-Mar-92 22:46 MANCUH  ALL  RD  NO
(TYMNET      :  26) ND3374.CMD     2 27-Mar-92 22:46 DAXGEL  ALL  RD  NO
(TYMNET      :  26) ND3374.C00     2 27-Mar-92 22:46 QIPGOR  ALL  RD  NO
(TYMNET      :  26) ND3374.C01     2 27-Mar-92 22:46 RANQUP  ALL  RD  NO
(TYMNET      :  26) ND3374.LOG     8 10-Nov-89 16:57 ZUYZIT  ALL  RD  NO
(TYMNET      :  26) ND2333.BND    75 27-Mar-92 21:10 KECGUL  ALL  RD  NO
(TYMNET      :  26) ND2333.TYM     3 27-Mar-92 21:03 ZAKYIS  ALL  RD  NO
(TYMNET      :  26) ND2333.T01     2 27-Mar-92 22:20 WISHIK  ALL  RD  NO
(TYMNET      :  26) ND2333.CMD     2 27-Mar-92 22:20 CONKOV  ALL  RD  NO
(TYMNET      :  26) ND2333.C00     2 27-Mar-92 22:21 PICXEM  ALL  RD  NO
(TYMNET      :  26) ND2333.C01     2 27-Mar-92 22:20 PIZRAR  ALL  RD  NO
(TYMNET      :  26) ND2333.N00   123 27-Mar-92 21:09 CIXYOL  ALL  RD  NO
(TYMNET      :  26) ND2333.NIB    61 27-Mar-92 21:07 YAXBUL  ALL  RD  NO
(TYMNET      :  26) ND2333.N01     7 27-Mar-92 21:10 DOTCAW  ALL  RD  NO
(TYMNET      :  26) ND2333.OLD    67 10-Nov-89 16:59 FEHBEG  ALL  RD  RD
(TYMNET      :  26) ND2333.N03   116 10-Jul-91 16:21 KUXMIR  ALL  RD  NO
(TYMNET      :  26) ND2333.T03     2 19-Apr-91 00:19 BAJSUZ  ALL  RD  NO
(TYMNET      :  26) ND2333.C03     2 10-Jul-91 15:35 XUDXAB  ALL  RD  NO
(TYMNET      :  26) BK6415.T01     2 19-Jul-91 16:00 VEDLUF  ALL  RD  NO
(TYMNET      :  26) BK6415.BND   120 19-Jul-91 17:44 NUDNOY  ALL  RD  NO
(TYMNET      :  26) BK6415.LOG     8 19-Jul-91 17:36 FUJZOR  ALL  RD  NO
(TYMNET      :  26) BK6415.TYM     3 19-Jul-91 15:57 QAJBOF  ALL  RD  NO
(TYMNET      :  26) BK6415.C00     2 19-Jul-91 16:13 ROQDAG  ALL  RD  NO
(TYMNET      :  26) BK6415.CMD     2 19-Jul-91 16:13 BIFRIZ  ALL  RD  NO
(TYMNET      :  26) BK6415.C01     2 19-Jul-91 15:58 JAGRIM  ALL  RD  NO
(TYMNET      :  26) BK6415.N03   116 19-Jul-91 17:43 KUBLIC  ALL  RD  NO
(TYMNET      :  26) BK6415.N01     7 19-Jul-91 17:41 RAKDIJ  ALL  RD  NO
(TYMNET      :  26) BK6415.N00   128 19-Jul-91 17:41 PIYHUJ  ALL  RD  NO
(TYMNET      :  26) BK6415.NIB    61 19-Jul-91 17:39 BUMFIG  ALL  RD  NO
(TYMNET      :  26) BK6415.C03     2 19-Jul-91 17:34 SETLOW  ALL  RD  NO
(TYMNET      :  26) BK6415.T03     2 19-Jul-91 16:19 YAQTES  ALL  RD  NO
(TYMNET      :  26) ND2333.LOG     6 27-Mar-92 21:04 ZUQNUP  ALL  RD  NO
(TYMNET      :  30) BK2333.BND   117 10-Jul-91 16:21 TAMMIW  ALL  RD  NO
(TYMNET      :  30) BK2333.LOG     7 20-Mar-91 14:40 VEQXUT  ALL  RD  NO
(TYMNET      :  30) BK2333.TYM     3 19-Apr-91 00:44 NACCAB  ALL  RD  NO
(TYMNET      :  30) BK2333.T01     2 19-Apr-91 16:24 KISHIK  ALL  RD  NO
(TYMNET      :  30) BK2333.C00     2 10-Jul-91 15:33 ROKJIP  ALL  RD  NO
(TYMNET      :  30) BK2333.CMD     2 10-Jul-91 15:34 SEXZAL  ALL  RD  NO
(TYMNET      :  30) BK2333.C01     2 19-Apr-91 16:24 GIXJUS  ALL  RD  NO
(TYMNET      :  30) BK2333.N00   124 10-Jul-91 16:19 BAYVOC  ALL  RD  NO
(TYMNET      :  30) BK2333.NIB    61 10-Jul-91 16:17 JONNEX  ALL  RD  NO
(TYMNET      :  30) BK2333.N01     7 10-Jul-91 16:19 GASKEL  ALL  RD  NO
(TYMNET      :  30) BK2333.C03     2 10-Jul-91 15:35 XUDXAB  ALL  RD  NO
(TYMNET      :  30) BK2333.T03     2 19-Apr-91 00:19 BAJSUZ  ALL  RD  NO
(TYMNET      :  30) BK2333.N03   116 10-Jul-91 16:21 KUXMIR  ALL  RD  NO
(TYMNET      :  30) ND6415.T01     2 27-Mar-92 22:59 KEDLUF  ALL  RD  NO
(TYMNET      :  30) ND6415.LOG     9 27-Mar-92 19:39 QOYTAS  ALL  RD  NO
(TYMNET      :  30) ND6415.C01     2 27-Mar-92 22:59 BUBFEF  ALL  RD  NO
(TYMNET      :  30) ND6415.CMD     2 27-Mar-92 22:59 NEHFEM  ALL  RD  NO
(TYMNET      :  30) ND6415.C00     2 27-Mar-92 22:59 ZOGWUZ  ALL  RD  NO
(TYMNET      :  30) ND6415.TYM     3 27-Mar-92 22:59 FIDMAM  ALL  RD  NO
(TYMNET      :  30) ND6415.BND   120 27-Mar-92 21:03 FIRRUF  ALL  RD  NO
(TYMNET      :  30) ND6415.N03   116 27-Mar-92 20:08 BASYAY  ALL  RD  NO
(TYMNET      :  30) ND6415.N01     7 27-Mar-92 19:50 NITJIZ  ALL  RD  NO
(TYMNET      :  30) ND6415.N00   127 27-Mar-92 19:49 DOZXIP  ALL  RD  NO
(TYMNET      :  30) ND6415.NIB    61 27-Mar-92 19:43 MOLHUB  ALL  RD  NO
(TYMNET      :  30) ND6415.C03     2 27-Mar-92 18:29 LUSBUT  ALL  RD  NO
(TYMNET      :  30) ND6415.T03     2 27-Mar-92 18:31 DUCBET  ALL  RD  NO
(TYMNET      :  30) ND3374.LOG     8 10-Nov-89 16:57 ZUYZIT  ALL  RD  NO
(TYMNET      :  30) ND3374.C01     2 27-Mar-92 22:46 RANQUP  ALL  RD  NO
(TYMNET      :  30) ND3374.CMD     2 27-Mar-92 22:46 DAXGEL  ALL  RD  NO
(TYMNET      :  30) ND3374.C00     2 27-Mar-92 22:46 QIPGOR  ALL  RD  NO
(TYMNET      :  30) ND3374.TYM     3 27-Mar-92 22:46 WUHLAM  ALL  RD  NO
(TYMNET      :  30) ND3374.BND    70 10-Nov-89 17:11 DIKVON  ALL  RD  NO
(TYMNET      :  30) ND3374.T01     2 27-Mar-92 22:46 MANCUH  ALL  RD  NO
(TYMNET      :  30) ND2333.BND    75 27-Mar-92 21:10 KECGUL  ALL  RD  NO
(TYMNET      :  30) ND2333.TYM     3 27-Mar-92 21:03 ZAKYIS  ALL  RD  NO
(TYMNET      :  30) ND2333.T01     2 27-Mar-92 22:20 WISHIK  ALL  RD  NO
(TYMNET      :  30) ND2333.CMD     2 27-Mar-92 22:20 CONKOV  ALL  RD  NO
(TYMNET      :  30) ND2333.C00     2 27-Mar-92 22:21 PICXEM  ALL  RD  NO
(TYMNET      :  30) ND2333.C01     2 27-Mar-92 22:20 PIZRAR  ALL  RD  NO
(TYMNET      :  30) ND2333.OLD    67 10-Nov-89 16:59 FEHBEG  ALL  RD  RD
(TYMNET      :  30) ND2333.N03   116 10-Jul-91 16:21 KUXMIR  ALL  RD  NO
(TYMNET      :  30) ND2333.T03     2 19-Apr-91 00:19 BAJSUZ  ALL  RD  NO
(TYMNET      :  30) ND2333.C03     2 10-Jul-91 15:35 XUDXAB  ALL  RD  NO
(TYMNET      :  30) ND2333.N01     7 27-Mar-92 21:10 DOTCAW  ALL  RD  NO
(TYMNET      :  30) ND2333.NIB    61 27-Mar-92 21:07 YAXBUL  ALL  RD  NO
(TYMNET      :  30) ND2333.N00   123 27-Mar-92 21:09 CIXYOL  ALL  RD  NO
(TYMNET      :  30) BK6415.T01     2 19-Jul-91 16:00 VEDLUF  ALL  RD  NO
(TYMNET      :  30) BK6415.BND   120 19-Jul-91 17:44 NUDNOY  ALL  RD  NO
(TYMNET      :  30) BK6415.LOG     8 19-Jul-91 17:36 FUJZOR  ALL  RD  NO
(TYMNET      :  30) BK6415.TYM     3 19-Jul-91 15:57 QAJBOF  ALL  RD  NO
(TYMNET      :  30) BK6415.C00     2 19-Jul-91 16:13 ROQDAG  ALL  RD  NO
(TYMNET      :  30) BK6415.CMD     2 19-Jul-91 16:13 BIFRIZ  ALL  RD  NO
(TYMNET      :  30) BK6415.C01     2 19-Jul-91 15:58 JAGRIM  ALL  RD  NO
(TYMNET      :  30) BK6415.N03   116 19-Jul-91 17:43 KUBLIC  ALL  RD  NO
(TYMNET      :  30) BK6415.N01     7 19-Jul-91 17:41 RAKDIJ  ALL  RD  NO
(TYMNET      :  30) BK6415.N00   128 19-Jul-91 17:41 PIYHUJ  ALL  RD  NO
(TYMNET      :  30) BK6415.NIB    61 19-Jul-91 17:39 BUMFIG  ALL  RD  NO
(TYMNET      :  30) BK6415.C03     2 19-Jul-91 17:34 SETLOW  ALL  RD  NO
(TYMNET      :  30) BK6415.T03     2 19-Jul-91 16:19 YAQTES  ALL  RD  NO
(TYMNET      :  30) ND2333.LOG     6 27-Mar-92 21:04 ZUQNUP  ALL  RD  NO
(TYMNET      :  33) BK2333.C01     2 19-Apr-91 16:24 GIXJUS  ALL  RD  NO
(TYMNET      :  33) BK2333.T01     2 19-Apr-91 16:24 KISHIK  ALL  RD  NO
(TYMNET      :  33) BK2333.C00     2 10-Jul-91 15:33 ROKJIP  ALL  RD  NO
(TYMNET      :  33) BK2333.CMD     2 10-Jul-91 15:34 SEXZAL  ALL  RD  NO
(TYMNET      :  33) BK2333.TYM     3 19-Apr-91 00:44 NACCAB  ALL  RD  NO
(TYMNET      :  33) BK2333.N00   124 10-Jul-91 16:19 BAYVOC  ALL  RD  NO
(TYMNET      :  33) BK2333.NIB    61 10-Jul-91 16:17 JONNEX  ALL  RD  NO
(TYMNET      :  33) BK2333.N01     7 10-Jul-91 16:19 GASKEL  ALL  RD  NO
(TYMNET      :  33) BK2333.BND   117 10-Jul-91 16:21 TAMMIW  ALL  RD  NO
(TYMNET      :  33) BK2333.C03     2 10-Jul-91 15:35 XUDXAB  ALL  RD  NO
(TYMNET      :  33) BK2333.T03     2 19-Apr-91 00:19 BAJSUZ  ALL  RD  NO
(TYMNET      :  33) BK2333.N03   116 10-Jul-91 16:21 KUXMIR  ALL  RD  NO
(TYMNET      :  33) ND6415.N01     7 27-Mar-92 19:50 NITJIZ  ALL  RD  NO
(TYMNET      :  33) ND6415.N00   127 27-Mar-92 19:49 DOZXIP  ALL  RD  NO
(TYMNET      :  33) ND6415.NIB    61 27-Mar-92 19:43 MOLHUB  ALL  RD  NO
(TYMNET      :  33) ND6415.LOG     9 27-Mar-92 19:39 QOYTAS  ALL  RD  NO
(TYMNET      :  33) ND6415.C03     2 27-Mar-92 18:29 LUSBUT  ALL  RD  NO
(TYMNET      :  33) ND6415.T03     2 27-Mar-92 18:31 DUCBET  ALL  RD  NO
(TYMNET      :  33) ND6415.N03   116 27-Mar-92 20:08 BASYAY  ALL  RD  NO
(TYMNET      :  33) ND6415.BND   120 27-Mar-92 21:03 FIRRUF  ALL  RD  NO
(TYMNET      :  33) ND6415.C00     2 27-Mar-92 22:59 ZOGWUZ  ALL  RD  NO
(TYMNET      :  33) ND6415.T01     2 27-Mar-92 22:59 KEDLUF  ALL  RD  NO
(TYMNET      :  33) ND6415.C01     2 27-Mar-92 22:59 BUBFEF  ALL  RD  NO
(TYMNET      :  33) ND6415.TYM     3 27-Mar-92 22:59 FIDMAM  ALL  RD  NO
(TYMNET      :  33) ND3374.LOG     8 10-Nov-89 16:57 ZUYZIT  ALL  RD  NO
(TYMNET      :  33) ND3374.BND    70 10-Nov-89 17:11 DIKVON  ALL  RD  NO
(TYMNET      :  33) ND3374.C01     2 27-Mar-92 22:46 RANQUP  ALL  RD  NO
(TYMNET      :  33) ND3374.T01     2 27-Mar-92 22:46 MANCUH  ALL  RD  NO
(TYMNET      :  33) ND3374.C00     2 27-Mar-92 22:46 QIPGOR  ALL  RD  NO
(TYMNET      :  33) ND3374.CMD     2 27-Mar-92 22:46 DAXGEL  ALL  RD  NO
(TYMNET      :  33) ND3374.TYM     3 27-Mar-92 22:46 WUHLAM  ALL  RD  NO
(TYMNET      :  33) ND2333.N03   116 10-Jul-91 16:21 KUXMIR  ALL  RD  NO
(TYMNET      :  33) ND2333.N01     7 27-Mar-92 21:10 DOTCAW  ALL  RD  NO
(TYMNET      :  33) ND2333.N00   123 27-Mar-92 21:09 CIXYOL  ALL  RD  NO
(TYMNET      :  33) ND2333.NIB    61 27-Mar-92 21:07 YAXBUL  ALL  RD  NO
(TYMNET      :  33) BK6415.T01     2 19-Jul-91 16:00 VEDLUF  ALL  RD  NO
(TYMNET      :  33) BK6415.BND   120 19-Jul-91 17:44 NUDNOY  ALL  RD  NO
(TYMNET      :  33) BK6415.LOG     8 19-Jul-91 17:36 FUJZOR  ALL  RD  NO
(TYMNET      :  33) BK6415.TYM     3 19-Jul-91 15:57 QAJBOF  ALL  RD  NO
(TYMNET      :  33) BK6415.C00     2 19-Jul-91 16:13 ROQDAG  ALL  RD  NO
(TYMNET      :  33) BK6415.CMD     2 19-Jul-91 16:13 BIFRIZ  ALL  RD  NO
(TYMNET      :  33) BK6415.C01     2 19-Jul-91 15:58 JAGRIM  ALL  RD  NO
(TYMNET      :  33) ND2333.LOG     6 27-Mar-92 21:04 ZUQNUP  ALL  RD  NO
(TYMNET      :  33) ND2333.TYM     3 27-Mar-92 21:03 ZAKYIS  ALL  RD  NO
(TYMNET      :  33) ND2333.BND    75 27-Mar-92 21:10 KECGUL  ALL  RD  NO
(TYMNET      :  33) ND2333.C01     2 27-Mar-92 22:20 PIZRAR  ALL  RD  NO
(TYMNET      :  33) ND2333.T01     2 27-Mar-92 22:20 WISHIK  ALL  RD  NO
(TYMNET      :  33) ND2333.C00     2 27-Mar-92 22:21 PICXEM  ALL  RD  NO
(TYMNET      :  33) ND6415.CMD     2 27-Mar-92 22:59 NEHFEM  ALL  RD  NO
(TYMNET      :  33) BK6415.N03   116 19-Jul-91 17:43 KUBLIC  ALL  RD  NO
(TYMNET      :  33) BK6415.N01     7 19-Jul-91 17:41 RAKDIJ  ALL  RD  NO
(TYMNET      :  33) BK6415.N00   128 19-Jul-91 17:41 PIYHUJ  ALL  RD  NO
(TYMNET      :  33) BK6415.NIB    61 19-Jul-91 17:39 BUMFIG  ALL  RD  NO
(TYMNET      :  33) BK6415.C03     2 19-Jul-91 17:34 SETLOW  ALL  RD  NO
(TYMNET      :  33) BK6415.T03     2 19-Jul-91 16:19 YAQTES  ALL  RD  NO
(TYMNET      :  33) ND2333.CMD     2 27-Mar-92 22:20 CONKOV  ALL  RD  NO
(TYMNET      :  34) BK2333.C01     2 19-Apr-91 16:24 GIXJUS  ALL  RD  NO
(TYMNET      :  34) BK2333.T01   9-Apr-91 16:24 KISHIK  ALL  RD  NO
(TYMNET      :  34) BK2333.C00     2 10-Jul-91 15:33 ROKJIP  ALL  RD  NO
(TYMNET      :  34) BK2333.CMD     2 10-Jul-91 15:34 SEXZAL  ALL  RD  NO
(TYMNET      :  34) BK2333.TYM     3 19-Apr-91 00:44 NACCAB  ALL  RD  NO
(TYMNET      :  34) BK2333.N00   124 10-Jul-91 16:19 BAYVOC  ALL  RD  NO
(TYMNET      :  34) BK2333.NIB    61 10-Jul-91 16:17 JONNEX  ALL  RD  NO
(TYMNET      :  34) BK2333.N01     7 10-Jul-91 16:19 GASKEL  ALL  RD  NO
(TYMNET      :  34) BK2333.BND   117 10-Jul-91 16:21 TAMMIW  ALL  RD  NO
(TYMNET      :  34) BK2333.C03     2 10-Jul-91 15:35 XUDXAB  ALL  RD  NO
(TYMNET      :  34) BK2333.T03     2 19-Apr-91 00:19 BAJSUZ  ALL  RD  NO
(TYMNET      :  34) BK2333.N03   116 10-Jul-91 16:21 KUXMIR  ALL  RD  NO
(TYMNET      :  34) ND6415.BND   120 27-Mar-92 21:46 FIRRUF  ALL  RD  NO
(TYMNET      :  34) ND6415.TYM     3 19-Jul-91 15:57 QAJBOF  ALL  RD  NO
(TYMNET      :  34) ND6415.T01     2 19-Jul-91 16:00 VEDLUF  ALL  RD  NO
(TYMNET      :  34) ND6415.CMD     2 19-Jul-91 16:13 BIFRIZ  ALL  RD  NO
(TYMNET      :  34) ND6415.C00     2 19-Jul-91 16:13 ROQDAG  ALL  RD  NO
(TYMNET      :  34) ND6415.C01     2 19-Jul-91 15:58 JAGRIM  ALL  RD  NO
(TYMNET      :  34) ND6415.N03   116 19-Jul-91 17:43 KUBLIC  ALL  RD  NO
(TYMNET      :  34) ND6415.N01     7 19-Jul-91 17:41 RAKDIJ  ALL  RD  NO
(TYMNET      :  34) ND6415.N00   128 19-Jul-91 17:41 PIYHUJ  ALL  RD  NO
(TYMNET      :  34) ND6415.NIB    61 19-Jul-91 17:39 BUMFIG  ALL  RD  NO
(TYMNET      :  34) ND6415.LOG     8 19-Jul-91 17:36 FUJZOR  ALL  RD  NO
(TYMNET      :  34) ND6415.C03     2 19-Jul-91 17:34 SETLOW  ALL  RD  NO
(TYMNET      :  34) ND6415.T03     2 19-Jul-91 16:19 YAQTES  ALL  RD  NO
(TYMNET      :  34) ND3374.BND    70 10-Nov-89 17:13 DIKVON  ALL  RD  RD
(TYMNET      :  34) ND3374.TYM     3 10-Nov-89 17:13 HUSFOP  ALL  RD  RD
(TYMNET      :  34) ND3374.T01     2 10-Nov-89 17:19 MANCUH  ALL  RD  RD
(TYMNET      :  34) ND3374.CMD     2 26-Aug-88 18:58 FEWPAR  ALL  RD  RD
(TYMNET      :  34) ND3374.C00     2 26-Aug-88 19:00 YEKWOH  ALL  RD  RD
(TYMNET      :  34) ND3374.C01     2 24-Aug-88 17:39 QESRUD  ALL  RD  RD
(TYMNET      :  34) ND2333.BND    75 27-Mar-92 21:38 KECGUL  ALL  RD  NO
(TYMNET      :  34) ND2333.TYM     3 19-Apr-91 00:44 NACCAB  ALL  RD  NO
(TYMNET      :  34) ND2333.T01     2 19-Apr-91 16:24 KISHIK  ALL  RD  NO
(TYMNET      :  34) ND2333.CMD     2 10-Jul-91 15:34 SEXZAL  ALL  RD  NO
(TYMNET      :  34) ND2333.C00     2 10-Jul-91 15:33 ROKJIP  ALL  RD  NO
(TYMNET      :  34) ND2333.C01     2 19-Apr-91 16:24 GIXJUS  ALL  RD  NO
(TYMNET      :  34) ND2333.OLD    67 10-Nov-89 16:59 FEHBEG  ALL  RD  RD
(TYMNET      :  34) ND2333.N03   116 10-Jul-91 16:21 KUXMIR  ALL  RD  NO
(TYMNET      :  34) ND2333.T03     2 19-Apr-91 00:19 BAJSUZ  ALL  RD  NO
(TYMNET      :  34) ND2333.C03     2 10-Jul-91 15:35 XUDXAB  ALL  RD  NO
(TYMNET      :  34) ND2333.N01     7 10-Jul-91 16:19 GASKEL  ALL  RD  NO
(TYMNET      :  34) ND2333.NIB    61 10-Jul-91 16:17 JONNEX  ALL  RD  NO
(TYMNET      :  34) ND2333.N00   124 10-Jul-91 16:19 BAYVOC  ALL  RD  NO
(TYMNET      :  34) BK6415.T01     2 19-Jul-91 16:00 VEDLUF  ALL  RD  NO
(TYMNET      :  34) BK6415.BND   120 19-Jul-91 17:44 NUDNOY  ALL  RD  NO
(TYMNET      :  34) BK6415.LOG     8 19-Jul-91 17:36 FUJZOR  ALL  RD  NO
(TYMNET      :  34) BK6415.TYM     3 19-Jul-91 15:57 QAJBOF  ALL  RD  NO
(TYMNET      :  34) BK6415.C00     2 19-Jul-91 16:13 ROQDAG  ALL  RD  NO
(TYMNET      :  34) BK6415.CMD     2 19-Jul-91 16:13 BIFRIZ  ALL  RD  NO
(TYMNET      :  34) BK6415.C01     2 19-Jul-91 15:58 JAGRIM  ALL  RD  NO
(TYMNET      :  34) BK6415.N03   116 19-Jul-91 17:43 KUBLIC  ALL  RD  NO
(TYMNET      :  38) BK2333.BND   117 10-Jul-91 16:21 TAMMIW  ALL  RD  NO
(TYMNET      :  38) BK2333.LOG     7 20-Mar-91 14:40 VEQXUT  ALL  RD  NO
(TYMNET      :  38) BK2333.TYM     3 19-Apr-91 00:44 NACCAB  ALL  RD  NO
(TYMNET      :  38) BK2333.T01     2 19-Apr-91 16:24 KISHIK  ALL  RD  NO
(TYMNET      :  38) BK2333.C00     2 10-Jul-91 15:33 ROKJIP  ALL  RD  NO
(TYMNET      :  38) BK2333.CMD     2 10-Jul-91 15:34 SEXZAL  ALL  RD  NO
(TYMNET      :  38) BK2333.C01     2 19-Apr-91 16:24 GIXJUS  ALL  RD  NO
(TYMNET      :  38) BK2333.N00   124 10-Jul-91 16:19 BAYVOC  ALL  RD  NO
(TYMNET      :  38) BK2333.NIB    61 10-Jul-91 16:17 JONNEX  ALL  RD  NO
(TYMNET      :  38) BK2333.N01     7 10-Jul-91 16:19 GASKEL  ALL  RD  NO
(TYMNET      :  38) BK2333.C03     2 10-Jul-91 15:35 XUDXAB  ALL  RD  NO
(TYMNET      :  38) BK2333.T03     2 19-Apr-91 00:19 BAJSUZ  ALL  RD  NO
(TYMNET      :  38) BK2333.N03   116 10-Jul-91 16:21 KUXMIR  ALL  RD  NO
(TYMNET      :  38) ND6415.T01     2 27-Mar-92 22:59 KEDLUF  ALL  RD  NO
(TYMNET      :  38) ND6415.LOG     9 27-Mar-92 19:39 QOYTAS  ALL  RD  NO
(TYMNET      :  38) ND6415.C01     2 27-Mar-92 22:59 BUBFEF  ALL  RD  NO
(TYMNET      :  38) ND6415.CMD     2 27-Mar-92 22:59 NEHFEM  ALL  RD  NO
(TYMNET      :  38) ND6415.C00     2 27-Mar-92 22:59 ZOGWUZ  ALL  RD  NO
(TYMNET      :  38) ND6415.TYM     3 27-Mar-92 22:59 FIDMAM  ALL  RD  NO
(TYMNET      :  38) ND6415.BND   120 27-Mar-92 21:03 FIRRUF  ALL  RD  NO
(TYMNET      :  38) ND6415.N03   116 27-Mar-92 20:08 BASYAY  ALL  RD  NO
(TYMNET      :  38) ND6415.N01     7 27-Mar-92 19:50 NITJIZ  ALL  RD  NO
(TYMNET      :  38) ND6415.N00   127 27-Mar-92 19:49 DOZXIP  ALL  RD  NO
(TYMNET      :  38) ND6415.NIB    61 27-Mar-92 19:43 MOLHUB  ALL  RD  NO
(TYMNET      :  38) ND6415.C03     2 27-Mar-92 18:29 LUSBUT  ALL  RD  NO
(TYMNET      :  38) ND6415.T03     2 27-Mar-92 18:31 DUCBET  ALL  RD  NO
(TYMNET      :  38) ND3374.LOG     8 10-Nov-89 16:57 ZUYZIT  ALL  RD  NO
(TYMNET      :  38) ND3374.C01     2 27-Mar-92 22:46 RANQUP  ALL  RD  NO
(TYMNET      :  38) ND3374.CMD     2 27-Mar-92 22:46 DAXGEL  ALL  RD  NO
(TYMNET      :  38) ND3374.C00     2 27-Mar-92 22:46 QIPGOR  ALL  RD  NO
(TYMNET      :  38) ND3374.TYM     3 27-Mar-92 22:46 WUHLAM  ALL  RD  NO
(TYMNET      :  38) ND3374.BND    70 10-Nov-89 17:11 DIKVON  ALL  RD  NO
(TYMNET      :  38) ND3374.T01     2 27-Mar-92 22:46 MANCUH  ALL  RD  NO
(TYMNET      :  38) ND2333.OLD    67 10-Nov-89 16:59 FEHBEG  ALL  RD  RD
(TYMNET      :  38) ND2333.TYM     3 27-Mar-92 21:03 ZAKYIS  ALL  RD  NO
(TYMNET      :  38) ND2333.T01     2 27-Mar-92 22:20 WISHIK  ALL  RD  NO
(TYMNET      :  38) ND2333.CMD     2 27-Mar-92 22:20 CONKOV  ALL  RD  NO
(TYMNET      :  38) ND2333.C00     2 27-Mar-92 22:21 PICXEM  ALL  RD  NO
(TYMNET      :  38) ND2333.C01     2 27-Mar-92 22:20 PIZRAR  ALL  RD  NO
(TYMNET      :  38) ND2333.BND    75 27-Mar-92 21:10 KECGUL  ALL  RD  NO
(TYMNET      :  38) ND2333.N03   116 10-Jul-91 16:21 KUXMIR  ALL  RD  NO
(TYMNET      :  38) ND2333.T03     2 19-Apr-91 00:19 BAJSUZ  ALL  RD  NO
(TYMNET      :  38) ND2333.C03     2 10-Jul-91 15:35 XUDXAB  ALL  RD  NO
(TYMNET      :  38) ND2333.N01     7 27-Mar-92 21:10 DOTCAW  ALL  RD  NO
(TYMNET      :  38) ND2333.NIB    61 27-Mar-92 21:07 YAXBUL  ALL  RD  NO
(TYMNET      :  38) ND2333.N00   123 27-Mar-92 21:09 CIXYOL  ALL  RD  NO
(TYMNET      :  38) BK6415.T01     2 19-Jul-91 16:00 VEDLUF  ALL  RD  NO
(TYMNET      :  38) BK6415.BND   120 19-Jul-91 17:44 NUDNOY  ALL  RD  NO
(TYMNET      :  38) BK6415.LOG     8 19-Jul-91 17:36 FUJZOR  ALL  RD  NO
(TYMNET      :  38) BK6415.TYM     3 19-Jul-91 15:57 QAJBOF  ALL  RD  NO
(TYMNET      :  38) BK6415.C00     2 19-Jul-91 16:13 ROQDAG  ALL  RD  NO
(TYMNET      :  38) BK6415.CMD     2 19-Jul-91 16:13 BIFRIZ  ALL  RD  NO
(TYMNET      :  38) BK6415.C01     2 19-Jul-91 15:58 JAGRIM  ALL  RD  NO
(TYMNET      :  38) BK6415.N03   116 19-Jul-91 17:43 KUBLIC  ALL  RD  NO
(TYMNET      :  38) BK6415.N01     7 19-Jul-91 17:41 RAKDIJ  ALL  RD  NO
(TYMNET      :  38) BK6415.N00   128 19-Jul-91 17:41 PIYHUJ  ALL  RD  NO
(TYMNET      :  38) BK6415.NIB    61 19-Jul-91 17:39 BUMFIG  ALL  RD  NO
(TYMNET      :  38) BK6415.C03     2 19-Jul-91 17:34 SETLOW  ALL  RD  NO
(TYMNET      :  38) BK6415.T03     2 19-Jul-91 16:19 YAQTES  ALL  RD  NO
(TYMNET      :  38) ND2333.LOG     6 27-Mar-92 21:04 ZUQNUP  ALL  RD  NO
(TYMNET      :  74) BK2333.BND   117 10-Jul-91 16:21 TAMMIW  ALL  RD  NO
(TYMNET      :  74) BK2333.LOG     7 20-Mar-91 14:40 VEQXUT  ALL  RD  NO
(TYMNET      :  74) BK2333.TYM     3 19-Apr-91 00:44 NACCAB  ALL  RD  NO
(TYMNET      :  74) BK2333.T01     2 19-Apr-91 16:24 KISHIK  ALL  RD  NO
(TYMNET      :  74) BK2333.C00     2 10-Jul-91 15:33 ROKJIP  ALL  RD  NO
(TYMNET      :  74) BK2333.CMD     2 10-Jul-91 15:34 SEXZAL  ALL  RD  NO
(TYMNET      :  74) BK2333.C01     2 19-Apr-91 16:24 GIXJUS  ALL  RD  NO
(TYMNET      :  74) BK2333.N00   124 10-Jul-91 16:19 BAYVOC  ALL  RD  NO
(TYMNET      :  74) BK2333.NIB    61 10-Jul-91 16:17 JONNEX  ALL  RD  NO
(TYMNET      :  74) BK2333.N01     7 10-Jul-91 16:19 GASKEL  ALL  RD  NO
(TYMNET      :  74) BK2333.C03     2 10-Jul-91 15:35 XUDXAB  ALL  RD  NO
(TYMNET      :  74) BK2333.T03     2 19-Apr-91 00:19 BAJSUZ  ALL  RD  NO
(TYMNET      :  74) BK2333.N03   116 10-Jul-91 16:21 KUXMIR  ALL  RD  NO
(TYMNET      :  74) ND6415.BND   120 27-Mar-92 21:03 FIRRUF  ALL  RD  NO
(TYMNET      :  74) ND6415.TYM     3 27-Mar-92 22:59 FIDMAM  ALL  RD  NO
(TYMNET      :  74) ND6415.T01     2 27-Mar-92 22:59 KEDLUF  ALL  RD  NO
(TYMNET      :  74) ND6415.CMD     2 27-Mar-92 22:59 NEHFEM  ALL  RD  NO
(TYMNET      :  74) ND6415.C00     2 27-Mar-92 22:59 ZOGWUZ  ALL  RD  NO
(TYMNET      :  74) ND6415.C01     2 27-Mar-92 22:59 BUBFEF  ALL  RD  NO
(TYMNET      :  74) ND6415.LOG     9 27-Mar-92 19:39 QOYTAS  ALL  RD  NO
(TYMNET      :  74) ND6415.N03   116 27-Mar-92 20:08 BASYAY  ALL  RD  NO
(TYMNET      :  74) ND6415.N01     7 27-Mar-92 19:50 NITJIZ  ALL  RD  NO
(TYMNET      :  74) ND6415.N00   127 27-Mar-92 19:49 DOZXIP  ALL  RD  NO
(TYMNET      :  74) ND6415.NIB    61 27-Mar-92 19:43 MOLHUB  ALL  RD  NO
(TYMNET      :  74) ND6415.C03     2 27-Mar-92 18:29 LUSBUT  ALL  RD  NO
(TYMNET      :  74) ND6415.T03     2 27-Mar-92 18:31 DUCBET  ALL  RD  NO
(TYMNET      :  74) ND3374.BND    70 10-Nov-89 17:11 DIKVON  ALL  RD  NO
(TYMNET      :  74) ND3374.TYM     3 27-Mar-92 22:46 WUHLAM  ALL  RD  NO
(TYMNET      :  74) ND3374.T01     2 27-Mar-92 22:46 MANCUH  ALL  RD  NO
(TYMNET      :  74) ND3374.CMD     2 27-Mar-92 22:46 DAXGEL  ALL  RD  NO
(TYMNET      :  74) ND3374.C00     2 27-Mar-92 22:46 QIPGOR  ALL  RD  NO
(TYMNET      :  74) ND3374.C01     2 27-Mar-92 22:46 RANQUP  ALL  RD  NO
(TYMNET      :  74) ND3374.LOG     8 10-Nov-89 16:57 ZUYZIT  ALL  RD  NO
(TYMNET      :  74) ND2333.BND    75 27-Mar-92 21:10 KECGUL  ALL  RD  NO
(TYMNET      :  74) ND2333.TYM     3 27-Mar-92 21:03 ZAKYIS  ALL  RD  NO
(TYMNET      :  74) ND2333.T01     2 27-Mar-92 22:20 WISHIK  ALL  RD  NO
(TYMNET      :  74) ND2333.CMD     2 27-Mar-92 22:20 CONKOV  ALL  RD  NO
(TYMNET      :  74) ND2333.C00     2 27-Mar-92 22:21 PICXEM  ALL  RD  NO
(TYMNET      :  74) ND2333.C01     2 27-Mar-92 22:20 PIZRAR  ALL  RD  NO
(TYMNET      :  74) ND2333.OLD    67 10-Nov-89 16:59 FEHBEG  ALL  RD  RD
(TYMNET      :  74) ND2333.N03   116 10-Jul-91 16:21 KUXMIR  ALL  RD  NO
(TYMNET      :  74) ND2333.T03     2 19-Apr-91 00:19 BAJSUZ  ALL  RD  NO
(TYMNET      :  74) ND2333.C03     2 10-Jul-91 15:35 XUDXAB  ALL  RD  NO
(TYMNET      :  74) ND2333.N01     7 27-Mar-92 21:10 DOTCAW  ALL  RD  NO
(TYMNET      :  74) ND2333.NIB    61 27-Mar-92 21:07 YAXBUL  ALL  RD  NO
(TYMNET      :  74) ND2333.N00   123 27-Mar-92 21:09 CIXYOL  ALL  RD  NO
(TYMNET      :  74) BK6415.T01     2 19-Jul-91 16:00 VEDLUF  ALL  RD  NO
(TYMNET      :  74) BK6415.BND   120 19-Jul-91 17:44 NUDNOY  ALL  RD  NO
(TYMNET      :  74) BK6415.LOG     8 19-Jul-91 17:36 FUJZOR  ALL  RD  NO
(TYMNET      :  74) BK6415.TYM     3 19-Jul-91 15:57 QAJBOF  ALL  RD  NO
(TYMNET      :  74) BK6415.C00     2 19-Jul-91 16:13 ROQDAG  ALL  RD  NO
(TYMNET      :  74) BK6415.CMD     2 19-Jul-91 16:13 BIFRIZ  ALL  RD  NO
(TYMNET      :  74) BK6415.C01     2 19-Jul-91 15:58 JAGRIM  ALL  RD  NO
(TYMNET      :  74) BK6415.N03   116 19-Jul-91 17:43 KUBLIC  ALL  RD  NO
(TYMNET      :  74) BK6415.N01     7 19-Jul-91 17:41 RAKDIJ  ALL  RD  NO
(TYMNET      :  74) BK6415.N00   128 19-Jul-91 17:41 PIYHUJ  ALL  RD  NO
(TYMNET      :  74) BK6415.NIB    61 19-Jul-91 17:39 BUMFIG  ALL  RD  NO
(TYMNET      :  74) BK6415.C03     2 19-Jul-91 17:34 SETLOW  ALL  RD  NO
(TYMNET      :  74) BK6415.T03     2 19-Jul-91 16:19 YAQTES  ALL  RD  NO
(TYMNET      :  74) ND2333.LOG     6 27-Mar-92 21:04 ZUQNUP  ALL  RD  NO

End of SAIL execution
.RDIST (TYMNET)##6720.*,(TYMNET)##6721.*,(TYMNET)##6722.*/LIST

?unable to build circuit to JMS:14
?host unavailable

?unable to build circuit to JMS:14
?host unavailable

?unable to build circuit to JMS:14
?host unavailable

?unable to build circuit to JMS:14
?host unavailable

?unable to build circuit to JMS:14
?host unavailable
Creaux failed to JMS:14

?unable to build circuit to JMS:17
?host unavailable

?unable to build circuit to JMS:17
?host unavailable

?unable to build circuit to JMS:17
?host unavailable

?unable to build circuit to JMS:17
?host unavailable

?unable to build circuit to JMS:17
?host unavailable
Creaux failed to JMS:17
(TYMNET      :  23) ND6721.BND    70 09-Nov-89 21:29 QUYSIJ  ALL  RD  NO
(TYMNET      :  23) ND6721.TYM     3 27-Mar-92 22:17 FABTIK  ALL  RD  NO
(TYMNET      :  23) ND6721.T01     2 27-Mar-92 22:17 TEHVEQ  ALL  RD  NO
(TYMNET      :  23) ND6721.CMD     2 27-Mar-92 22:17 MUXFEY  ALL  RD  NO
(TYMNET      :  23) ND6721.C00     2 27-Mar-92 22:17 SUHPAF  ALL  RD  NO
(TYMNET      :  23) ND6721.C01     2 27-Mar-92 22:17 QENHIF  ALL  RD  NO
(TYMNET      :  23) ND6721.LOG     8 09-Nov-89 21:23 FATPEG  ALL  RD  NO
(TYMNET      :  23) ND6722.BND    70 09-Nov-89 21:36 LOYDEV  ALL  RD  NO
(TYMNET      :  23) ND6722.TYM     3 27-Mar-92 22:24 VOVZEC  ALL  RD  NO
(TYMNET      :  23) ND6722.T01     2 27-Mar-92 22:24 YEKRIY  ALL  RD  NO
(TYMNET      :  23) ND6722.CMD     2 27-Mar-92 22:24 KOBMEJ  ALL  RD  NO
(TYMNET      :  23) ND6722.C00     2 27-Mar-92 22:24 NUQWEM  ALL  RD  NO
(TYMNET      :  23) ND6722.C01     2 27-Mar-92 22:24 VUHTIX  ALL  RD  NO
(TYMNET      :  23) ND6722.LOG     8 09-Nov-89 21:30 QADLOY  ALL  RD  NO
(TYMNET      :  26) ND6721.BND    70 09-Nov-89 21:29 QUYSIJ  ALL  RD  NO
(TYMNET      :  26) ND6721.TYM     3 27-Mar-92 22:17 FABTIK  ALL  RD  NO
(TYMNET      :  26) ND6721.T01     2 27-Mar-92 22:17 TEHVEQ  ALL  RD  NO
(TYMNET      :  26) ND6721.CMD     2 27-Mar-92 22:17 MUXFEY  ALL  RD  NO
(TYMNET      :  26) ND6721.C00     2 27-Mar-92 22:17 SUHPAF  ALL  RD  NO
(TYMNET      :  26) ND6721.C01     2 27-Mar-92 22:17 QENHIF  ALL  RD  NO
(TYMNET      :  26) ND6721.LOG     8 09-Nov-89 21:23 FATPEG  ALL  RD  NO
(TYMNET      :  26) ND6722.BND    70 09-Nov-89 21:36 LOYDEV  ALL  RD  NO
(TYMNET      :  26) ND6722.TYM     3 27-Mar-92 22:24 VOVZEC  ALL  RD  NO
(TYMNET      :  26) ND6722.T01     2 27-Mar-92 22:24 YEKRIY  ALL  RD  NO
(TYMNET      :  26) ND6722.CMD     2 27-Mar-92 22:24 KOBMEJ  ALL  RD  NO
(TYMNET      :  26) ND6722.C00     2 27-Mar-92 22:24 NUQWEM  ALL  RD  NO
(TYMNET      :  26) ND6722.C01     2 27-Mar-92 22:24 VUHTIX  ALL  RD  NO
(TYMNET      :  26) ND6722.LOG     8 09-Nov-89 21:30 QADLOY  ALL  RD  NO
(TYMNET      :  30) ND6721.LOG     8 09-Nov-89 21:23 FATPEG  ALL  RD  NO
(TYMNET      :  30) ND6721.C01     2 27-Mar-92 22:17 QENHIF  ALL  RD  NO
(TYMNET      :  30) ND6721.CMD     2 27-Mar-92 22:17 MUXFEY  ALL  RD  NO
(TYMNET      :  30) ND6721.C00     2 27-Mar-92 22:17 SUHPAF  ALL  RD  NO
(TYMNET      :  30) ND6721.TYM     3 27-Mar-92 22:17 FABTIK  ALL  RD  NO
(TYMNET      :  30) ND6721.T01     2 27-Mar-92 22:17 TEHVEQ  ALL  RD  NO
(TYMNET      :  30) ND6721.BND    70 09-Nov-89 21:29 QUYSIJ  ALL  RD  NO
(TYMNET      :  30) ND6722.LOG     8 09-Nov-89 21:30 QADLOY  ALL  RD  NO
(TYMNET      :  30) ND6722.C01     2 27-Mar-92 22:24 VUHTIX  ALL  RD  NO
(TYMNET      :  30) ND6722.CMD     2 27-Mar-92 22:24 KOBMEJ  ALL  RD  NO
(TYMNET      :  30) ND6722.C00     2 27-Mar-92 22:24 NUQWEM  ALL  RD  NO
(TYMNET      :  30) ND6722.TYM     3 27-Mar-92 22:24 VOVZEC  ALL  RD  NO
(TYMNET      :  30) ND6722.T01     2 27-Mar-92 22:24 YEKRIY  ALL  RD  NO
(TYMNET      :  30) ND6722.BND    70 09-Nov-89 21:36 LOYDEV  ALL  RD  NO
(TYMNET      :  33) ND6721.LOG     8 09-Nov-89 21:23 FATPEG  ALL  RD  NO
(TYMNET      :  33) ND6721.BND    70 09-Nov-89 21:29 QUYSIJ  ALL  RD  NO
(TYMNET      :  33) ND6721.C01     2 27-Mar-92 22:17 QENHIF  ALL  RD  NO
(TYMNET      :  33) ND6721.T01     2 27-Mar-92 22:17 TEHVEQ  ALL  RD  NO
(TYMNET      :  33) ND6721.C00     2 27-Mar-92 22:17 SUHPAF  ALL  RD  NO
(TYMNET      :  33) ND6721.CMD     2 27-Mar-92 22:17 MUXFEY  ALL  RD  NO
(TYMNET      :  33) ND6721.TYM     3 27-Mar-92 22:17 FABTIK  ALL  RD  NO
(TYMNET      :  33) ND6722.LOG     8 09-Nov-89 21:30 QADLOY  ALL  RD  NO
(TYMNET      :  33) ND6722.BND    70 09-Nov-89 21:36 LOYDEV  ALL  RD  NO
(TYMNET      :  33) ND6722.C00     2 27-Mar-92 22:24 NUQWEM  ALL  RD  NO
(TYMNET      :  33) ND6722.T01     2 27-Mar-92 22:24 YEKRIY  ALL  RD  NO
(TYMNET      :  33) ND6722.C01     2 27-Mar-92 22:24 VUHTIX  ALL  RD  NO
(TYMNET      :  33) ND6722.CMD     2 27-Mar-92 22:24 KOBMEJ  ALL  RD  NO
(TYMNET      :  33) ND6722.TYM     3 27-Mar-92 22:24 VOVZEC  ALL  RD  NO
(TYMNET      :  34) ND6721.BND    70 10-Nov-89 17:57 QUYSIJ  ALL  RD  NO
(TYMNET      :  34) ND6721.TYM     3 10-Nov-89 17:57 CAJBUN  ALL  RD  NO
(TYMNET      :  34) ND6721.T01     2 10-Nov-89 18:04 TUVLUG  ALL  RD  NO
(TYMNET      :  34) ND6721.CMD     2 26-Aug-88 18:59 ZITTUJ  ALL  RD  NO
(TYMNET      :  34) ND6721.C00     2 26-Aug-88 19:00 BIBXOB  ALL  RD  NO
(TYMNET      :  34) ND6721.C01     2 24-Aug-88 17:37 WEGCIR  ALL  RD  NO
(TYMNET      :  34) ND6722.BND    70 10-Nov-89 18:04 LOYDEV  ALL  RD  NO
(TYMNET      :  34) ND6722.TYM     3 10-Nov-89 18:04 SIXDEK  ALL  RD  NO
(TYMNET      :  34) ND6722.T01     2 10-Nov-89 18:11 YEKRIY  ALL  RD  NO
(TYMNET      :  34) ND6722.CMD     2 26-Aug-88 18:59 MOQHAS  ALL  RD  NO
(TYMNET      :  34) ND6722.C00     2 26-Aug-88 19:00 LEMHUM  ALL  RD  NO
(TYMNET      :  34) ND6722.C01     2 24-Aug-88 17:38 GEGCEV  ALL  RD  NO
(TYMNET      :  38) ND6721.LOG     8 09-Nov-89 21:23 FATPEG  ALL  RD  NO
(TYMNET      :  38) ND6721.C01     2 27-Mar-92 22:17 QENHIF  ALL  RD  NO
(TYMNET      :  38) ND6721.CMD     2 27-Mar-92 22:17 MUXFEY  ALL  RD  NO
(TYMNET      :  38) ND6721.C00     2 27-Mar-92 22:17 SUHPAF  ALL  RD  NO
(TYMNET      :  38) ND6721.TYM     3 27-Mar-92 22:17 FABTIK  ALL  RD  NO
(TYMNET      :  38) ND6721.T01     2 27-Mar-92 22:17 TEHVEQ  ALL  RD  NO
(TYMNET      :  38) ND6721.BND    70 09-Nov-89 21:29 QUYSIJ  ALL  RD  NO
(TYMNET      :  38) ND6722.LOG     8 09-Nov-89 21:30 QADLOY  ALL  RD  NO
(TYMNET      :  38) ND6722.C01     2 27-Mar-92 22:24 VUHTIX  ALL  RD  NO
(TYMNET      :  38) ND6722.CMD     2 27-Mar-92 22:24 KOBMEJ  ALL  RD  NO
(TYMNET      :  38) ND6722.C00     2 27-Mar-92 22:24 NUQWEM  ALL  RD  NO
(TYMNET      :  38) ND6722.TYM     3 27-Mar-92 22:24 VOVZEC  ALL  RD  NO
(TYMNET      :  38) ND6722.T01     2 27-Mar-92 22:24 YEKRIY  ALL  RD  NO
(TYMNET      :  38) ND6722.BND    70 09-Nov-89 21:36 LOYDEV  ALL  RD  NO
(TYMNET      :  74) ND6721.BND    70 09-Nov-89 21:29 QUYSIJ  ALL  RD  NO
(TYMNET      :  74) ND6721.TYM     3 27-Mar-92 22:17 FABTIK  ALL  RD  NO
(TYMNET      :  74) ND6721.T01     2 27-Mar-92 22:17 TEHVEQ  ALL  RD  NO
(TYMNET      :  74) ND6721.CMD     2 27-Mar-92 22:17 MUXFEY  ALL  RD  NO
(TYMNET      :  74) ND6721.C00     2 27-Mar-92 22:17 SUHPAF  ALL  RD  NO
(TYMNET      :  74) ND6721.C01     2 27-Mar-92 22:17 QENHIF  ALL  RD  NO
(TYMNET      :  74) ND6721.LOG     8 09-Nov-89 21:23 FATPEG  ALL  RD  NO
(TYMNET      :  74) ND6722.BND    70 09-Nov-89 21:36 LOYDEV  ALL  RD  NO
(TYMNET      :  74) ND6722.TYM     3 27-Mar-92 22:24 VOVZEC  ALL  RD  NO
(TYMNET      :  74) ND6722.T01     2 27-Mar-92 22:24 YEKRIY  ALL  RD  NO
(TYMNET      :  74) ND6722.CMD     2 27-Mar-92 22:24 KOBMEJ  ALL  RD  NO
(TYMNET      :  74) ND6722.C00     2 27-Mar-92 22:24 NUQWEM  ALL  RD  NO
(TYMNET      :  74) ND6722.C01     2 27-Mar-92 22:24 VUHTIX  ALL  RD  NO
(TYMNET      :  74) ND6722.LOG     8 09-Nov-89 21:30 QADLOY  ALL  RD  NO

End of SAIL execution
.RDIST (TYMNET)##7004.*,(TYMNET)##7021.*,(TYMNET)##0350.*/LIST

?unable to build circuit to JMS:14
?host unavailable

?unable to build circuit to JMS:14
?host unavailable

?unable to build circuit to JMS:14
?host unavailable

?unable to build circuit to JMS:14
?host unavailable

?unable to build circuit to JMS:14
?host unavailable
Creaux failed to JMS:14

?unable to build circuit to JMS:17
?host unavailable

?unable to build circuit to JMS:17
?host unavailable

?unable to build circuit to JMS:17
?host unavailable

?unable to build circuit to JMS:17
?host unavailable

?unable to build circuit to JMS:17
?host unavailable
Creaux failed to JMS:17
(TYMNET      :  23) ND7021.BND    70 09-Nov-89 21:50 NOZLUD  ALL  RD  NO
(TYMNET      :  23) ND7021.TYM     3 27-Mar-92 22:15 TIJQOB  ALL  RD  NO
(TYMNET      :  23) ND7021.T01     2 27-Mar-92 22:15 RUWSOJ  ALL  RD  NO
(TYMNET      :  23) ND7021.CMD     2 27-Mar-92 22:15 POZGEQ  ALL  RD  NO
(TYMNET      :  23) ND7021.C00     2 27-Mar-92 22:15 LEHLAX  ALL  RD  NO
(TYMNET      :  23) ND7021.C01     2 27-Mar-92 22:15 WUWCUN  ALL  RD  NO
(TYMNET      :  23) N10350.BND   119 10-Jul-91 16:59 GUYXIC  ALL  RD  NO
(TYMNET      :  23) N10350.TYM     3 27-Mar-92 22:55 SIVMAM  ALL  RD  NO
(TYMNET      :  23) N10350.T01     2 27-Mar-92 22:55 XUCYOG  ALL  RD  NO
(TYMNET      :  23) N10350.CMD     2 27-Mar-92 22:55 LOMCIF  ALL  RD  NO
(TYMNET      :  23) N10350.C00     2 27-Mar-92 22:55 MURPEQ  ALL  RD  NO
(TYMNET      :  23) N10350.C01     2 27-Mar-92 22:55 HUHDIJ  ALL  RD  NO
(TYMNET      :  23) ND7021.LOG     8 09-Nov-89 21:43 YIFPOY  ALL  RD  NO
(TYMNET      :  23) N10350.NIB    42 10-Jul-91 16:55 KOLSAK  ALL  RD  NO
(TYMNET      :  23) N10350.N00   126 10-Jul-91 16:56 WOFFOZ  ALL  RD  NO
(TYMNET      :  23) N10350.N01     7 10-Jul-91 16:57 MADPUN  ALL  RD  NO
(TYMNET      :  23) N10350.T03     2 16-Apr-91 22:03 GABNOS  ALL  RD  NO
(TYMNET      :  23) N10350.C03     2 10-Jul-91 16:36 SEGLUB  ALL  RD  NO
(TYMNET      :  23) N10350.N03   118 10-Jul-91 16:58 XIQMUB  ALL  RD  NO
(TYMNET      :  23) BK0350.BND   119 17-Apr-91 19:49 WEYZOQ  ALL  RD  NO
(TYMNET      :  23) BK0350.LOG     8 09-Nov-89 21:57 SEQTAT  ALL  RD  NO
(TYMNET      :  23) BK0350.T01     2 19-Apr-91 16:23 XUCYOG  ALL  RD  NO
(TYMNET      :  23) BK0350.TYM     3 16-Apr-91 22:29 QIRDAJ  ALL  RD  NO
(TYMNET      :  23) BK0350.C01     2 19-Apr-91 16:23 MUYDAS  ALL  RD  NO
(TYMNET      :  23) BK0350.C00     2 16-Apr-91 19:05 ZOBDIF  ALL  RD  NO
(TYMNET      :  23) BK0350.CMD     2 16-Apr-91 19:04 BINNUC  ALL  RD  NO
(TYMNET      :  23) BK0350.N00   130 17-Apr-91 19:49 HIDNUZ  ALL  RD  NO
(TYMNET      :  23) BK0350.C03     2 16-Apr-91 22:14 JEQKAZ  ALL  RD  NO
(TYMNET      :  23) BK0350.N03   122 16-Apr-91 22:05 GOBCUQ  ALL  RD  NO
(TYMNET      :  23) BK0350.T03     2 16-Apr-91 22:03 GABNOS  ALL  RD  NO
(TYMNET      :  23) BK0350.N01     7 16-Apr-91 19:50 VIQCUY  ALL  RD  NO
(TYMNET      :  23) BK0350.NIB    42 16-Apr-91 19:07 CIFPAL  ALL  RD  NO
(TYMNET      :  23) ND7004.BND    70 15-Mar-90 18:57 NIJZOD  ALL  RD  NO
(TYMNET      :  23) ND7004.TYM     3 27-Mar-92 22:28 SEHCAB  ALL  RD  NO
(TYMNET      :  23) ND7004.T01     2 27-Mar-92 22:28 MUNNAR  ALL  RD  NO
(TYMNET      :  23) ND7004.CMD     2 27-Mar-92 22:28 BILMOY  ALL  RD  NO
(TYMNET      :  23) ND7004.C00     2 27-Mar-92 22:28 VEWJOV  ALL  RD  NO
(TYMNET      :  23) ND7004.C01     2 27-Mar-92 22:28 JIJQIZ  ALL  RD  NO
(TYMNET      :  23) ND7004.LOG     8 15-Mar-90 18:48 DUHWAS  ALL  RD  NO
(TYMNET      :  26) ND7021.BND    70 09-Nov-89 21:50 NOZLUD  ALL  RD  NO
(TYMNET      :  26) ND7021.TYM     3 27-Mar-92 22:15 TIJQOB  ALL  RD  NO
(TYMNET      :  26) ND7021.T01     2 27-Mar-92 22:15 RUWSOJ  ALL  RD  NO
(TYMNET      :  26) ND7021.CMD     2 27-Mar-92 22:15 POZGEQ  ALL  RD  NO
(TYMNET      :  26) ND7021.C00     2 27-Mar-92 22:15 LEHLAX  ALL  RD  NO
(TYMNET      :  26) ND7021.C01     2 27-Mar-92 22:15 WUWCUN  ALL  RD  NO
(TYMNET      :  26) N10350.BND   119 10-Jul-91 16:59 GUYXIC  ALL  RD  NO
(TYMNET      :  26) N10350.TYM     3 27-Mar-92 22:55 SIVMAM  ALL  RD  NO
(TYMNET      :  26) N10350.T01     2 27-Mar-92 22:55 XUCYOG  ALL  RD  NO
(TYMNET      :  26) N10350.CMD     2 27-Mar-92 22:55 LOMCIF  ALL  RD  NO
(TYMNET      :  26) N10350.C00     2 27-Mar-92 22:55 MURPEQ  ALL  RD  NO
(TYMNET      :  26) N10350.C01     2 27-Mar-92 22:55 HUHDIJ  ALL  RD  NO
(TYMNET      :  26) ND7021.LOG     8 09-Nov-89 21:43 YIFPOY  ALL  RD  NO
(TYMNET      :  26) N10350.NIB    42 10-Jul-91 16:55 KOLSAK  ALL  RD  NO
(TYMNET      :  26) N10350.N00   126 10-Jul-91 16:56 WOFFOZ  ALL  RD  NO
(TYMNET      :  26) N10350.N01     7 10-Jul-91 16:57 MADPUN  ALL  RD  NO
(TYMNET      :  26) N10350.T03     2 16-Apr-91 22:03 GABNOS  ALL  RD  NO
(TYMNET      :  26) N10350.C03     2 10-Jul-91 16:36 SEGLUB  ALL  RD  NO
(TYMNET      :  26) N10350.N03   118 10-Jul-91 16:58 XIQMUB  ALL  RD  NO
(TYMNET      :  26) BK0350.BND   119 17-Apr-91 19:49 WEYZOQ  ALL  RD  NO
(TYMNET      :  26) BK0350.LOG     8 09-Nov-89 21:57 SEQTAT  ALL  RD  NO
(TYMNET      :  26) BK0350.T01     2 19-Apr-91 16:23 XUCYOG  ALL  RD  NO
(TYMNET      :  26) BK0350.TYM     3 16-Apr-91 22:29 QIRDAJ  ALL  RD  NO
(TYMNET      :  26) BK0350.C01     2 19-Apr-91 16:23 MUYDAS  ALL  RD  NO
(TYMNET      :  26) BK0350.C00     2 16-Apr-91 19:05 ZOBDIF  ALL  RD  NO
(TYMNET      :  26) BK0350.CMD     2 16-Apr-91 19:04 BINNUC  ALL  RD  NO
(TYMNET      :  26) BK0350.N00   130 17-Apr-91 19:49 HIDNUZ  ALL  RD  NO
(TYMNET      :  26) BK0350.C03     2 16-Apr-91 22:14 JEQKAZ  ALL  RD  NO
(TYMNET      :  26) BK0350.N03   122 16-Apr-91 22:05 GOBCUQ  ALL  RD  NO
(TYMNET      :  26) BK0350.T03     2 16-Apr-91 22:03 GABNOS  ALL  RD  NO
(TYMNET      :  26) BK0350.N01     7 16-Apr-91 19:50 VIQCUY  ALL  RD  NO
(TYMNET      :  26) BK0350.NIB    42 16-Apr-91 19:07 CIFPAL  ALL  RD  NO
(TYMNET      :  26) ND7004.BND    70 15-Mar-90 18:57 NIJZOD  ALL  RD  NO
(TYMNET      :  26) ND7004.TYM     3 27-Mar-92 22:28 SEHCAB  ALL  RD  NO
(TYMNET      :  26) ND7004.T01     2 27-Mar-92 22:28 MUNNAR  ALL  RD  NO
(TYMNET      :  26) ND7004.CMD     2 27-Mar-92 22:28 BILMOY  ALL  RD  NO
(TYMNET      :  26) ND7004.C00     2 27-Mar-92 22:28 VEWJOV  ALL  RD  NO
(TYMNET      :  26) ND7004.C01     2 27-Mar-92 22:28 JIJQIZ  ALL  RD  NO
(TYMNET      :  26) ND7004.LOG     8 15-Mar-90 18:48 DUHWAS  ALL  RD  NO
(TYMNET      :  30) ND7021.LOG     8 09-Nov-89 21:43 YIFPOY  ALL  RD  NO
(TYMNET      :  30) ND7021.C01     2 27-Mar-92 22:15 WUWCUN  ALL  RD  NO
(TYMNET      :  30) ND7021.CMD     2 27-Mar-92 22:15 POZGEQ  ALL  RD  NO
(TYMNET      :  30) ND7021.C00     2 27-Mar-92 22:15 LEHLAX  ALL  RD  NO
(TYMNET      :  30) ND7021.TYM     3 27-Mar-92 22:15 TIJQOB  ALL  RD  NO
(TYMNET      :  30) ND7021.T01     2 27-Mar-92 22:15 RUWSOJ  ALL  RD  NO
(TYMNET      :  30) ND7021.BND    70 09-Nov-89 21:50 NOZLUD  ALL  RD  NO
(TYMNET      :  30) N10350.CMD     2 27-Mar-92 22:55 LOMCIF  ALL  RD  NO
(TYMNET      :  30) N10350.C00     2 27-Mar-92 22:55 MURPEQ  ALL  RD  NO
(TYMNET      :  30) N10350.NIB    42 10-Jul-91 16:55 KOLSAK  ALL  RD  NO
(TYMNET      :  30) N10350.N00   126 10-Jul-91 16:56 WOFFOZ  ALL  RD  NO
(TYMNET      :  30) N10350.N01     7 10-Jul-91 16:57 MADPUN  ALL  RD  NO
(TYMNET      :  30) N10350.T03     2 16-Apr-91 22:03 GABNOS  ALL  RD  NO
(TYMNET      :  30) N10350.C03     2 10-Jul-91 16:36 SEGLUB  ALL  RD  NO
(TYMNET      :  30) N10350.N03   118 10-Jul-91 16:58 XIQMUB  ALL  RD  NO
(TYMNET      :  30) N10350.TYM     3 27-Mar-92 22:55 SIVMAM  ALL  RD  NO
(TYMNET      :  30) N10350.BND   119 10-Jul-91 16:59 GUYXIC  ALL  RD  NO
(TYMNET      :  30) N10350.C01     2 27-Mar-92 22:55 HUHDIJ  ALL  RD  NO
(TYMNET      :  30) N10350.T01     2 27-Mar-92 22:55 XUCYOG  ALL  RD  NO
(TYMNET      :  30) BK0350.BND   119 17-Apr-91 19:49 WEYZOQ  ALL  RD  NO
(TYMNET      :  30) BK0350.LOG     8 09-Nov-89 21:57 SEQTAT  ALL  RD  NO
(TYMNET      :  30) BK0350.T01     2 19-Apr-91 16:23 XUCYOG  ALL  RD  NO
(TYMNET      :  30) BK0350.TYM     3 16-Apr-91 22:29 QIRDAJ  ALL  RD  NO
(TYMNET      :  30) BK0350.C01     2 19-Apr-91 16:23 MUYDAS  ALL  RD  NO
(TYMNET      :  30) BK0350.C00     2 16-Apr-91 19:05 ZOBDIF  ALL  RD  NO
(TYMNET      :  30) BK0350.CMD     2 16-Apr-91 19:04 BINNUC  ALL  RD  NO
(TYMNET      :  30) BK0350.N00   130 17-Apr-91 19:49 HIDNUZ  ALL  RD  NO
(TYMNET      :  30) BK0350.C03     2 16-Apr-91 22:14 JEQKAZ  ALL  RD  NO
(TYMNET      :  30) BK0350.N03   122 16-Apr-91 22:05 GOBCUQ  ALL  RD  NO
(TYMNET      :  30) BK0350.T03     2 16-Apr-91 22:03 GABNOS  ALL  RD  NO
(TYMNET      :  30) BK0350.N01     7 16-Apr-91 19:50 VIQCUY  ALL  RD  NO
(TYMNET      :  30) BK0350.NIB    42 16-Apr-91 19:07 CIFPAL  ALL  RD  NO
(TYMNET      :  30) ND7004.BND    70 15-Mar-90 18:57 NIJZOD  ALL  RD  NO
(TYMNET      :  30) ND7004.TYM     3 27-Mar-92 22:28 SEHCAB  ALL  RD  NO
(TYMNET      :  30) ND7004.T01     2 27-Mar-92 22:28 MUNNAR  ALL  RD  NO
(TYMNET      :  30) ND7004.CMD     2 27-Mar-92 22:28 BILMOY  ALL  RD  NO
(TYMNET      :  30) ND7004.C00     2 27-Mar-92 22:28 VEWJOV  ALL  RD  NO
(TYMNET      :  30) ND7004.C01     2 27-Mar-92 22:28 JIJQIZ  ALL  RD  NO
(TYMNET      :  30) ND7004.LOG     8 15-Mar-90 18:48 DUHWAS  ALL  RD  NO
(TYMNET      :  33) ND7021.LOG     8 09-Nov-89 21:43 YIFPOY  ALL  RD  NO
(TYMNET      :  33) ND7021.BND    70 09-Nov-89 21:50 NOZLUD  ALL  RD  NO
(TYMNET      :  33) N10350.BND   119 10-Jul-91 16:59 GUYXIC  ALL  RD  NO
(TYMNET      :  33) N10350.N03   118 10-Jul-91 16:58 XIQMUB  ALL  RD  NO
(TYMNET      :  33) N10350.N01     7 10-Jul-91 16:57 MADPUN  ALL  RD  NO
(TYMNET      :  33) N10350.N00   126 10-Jul-91 16:56 WOFFOZ  ALL  RD  NO
(TYMNET      :  33) N10350.NIB    42 10-Jul-91 16:55 KOLSAK  ALL  RD  NO
(TYMNET      :  33) N10350.C03     2 10-Jul-91 16:36 SEGLUB  ALL  RD  NO
(TYMNET      :  33) N10350.T03     2 16-Apr-91 22:03 GABNOS  ALL  RD  NO
(TYMNET      :  33) ND7021.C01     2 27-Mar-92 22:15 WUWCUN  ALL  RD  NO
(TYMNET      :  33) ND7021.T01     2 27-Mar-92 22:15 RUWSOJ  ALL  RD  NO
(TYMNET      :  33) ND7021.C00     2 27-Mar-92 22:15 LEHLAX  ALL  RD  NO
(TYMNET      :  33) ND7021.CMD     2 27-Mar-92 22:15 POZGEQ  ALL  RD  NO
(TYMNET      :  33) ND7021.TYM     3 27-Mar-92 22:15 TIJQOB  ALL  RD  NO
(TYMNET      :  33) N10350.C01     2 27-Mar-92 22:55 HUHDIJ  ALL  RD  NO
(TYMNET      :  33) N10350.T01     2 27-Mar-92 22:55 XUCYOG  ALL  RD  NO
(TYMNET      :  33) N10350.C00     2 27-Mar-92 22:55 MURPEQ  ALL  RD  NO
(TYMNET      :  33) N10350.CMD     2 27-Mar-92 22:55 LOMCIF  ALL  RD  NO
(TYMNET      :  33) N10350.TYM     3 27-Mar-92 22:55 SIVMAM  ALL  RD  NO
(TYMNET      :  33) ND7004.LOG     8 15-Mar-90 18:48 DUHWAS  ALL  RD  NO
(TYMNET      :  33) ND7004.BND    70 15-Mar-90 18:57 NIJZOD  ALL  RD  NO
(TYMNET      :  33) ND7004.CMD     2 27-Mar-92 22:28 BILMOY  ALL  RD  NO
(TYMNET      :  33) ND7004.C00     2 27-Mar-92 22:28 VEWJOV  ALL  RD  NO
(TYMNET      :  33) ND7004.T01     2 27-Mar-92 22:28 MUNNAR  ALL  RD  NO
(TYMNET      :  33) ND7004.C01     2 27-Mar-92 22:28 JIJQIZ  ALL  RD  NO
(TYMNET      :  33) ND7004.TYM     3 27-Mar-92 22:28 SEHCAB  ALL  RD  NO
(TYMNET      :  34) ND7021.BND    70 10-Nov-89 18:17 NOZLUD  ALL  RD  NO
(TYMNET      :  34) ND7021.TYM     3 10-Nov-89 18:16 YEBSOV  ALL  RD  NO
(TYMNET      :  34) ND7021.T01     2 10-Nov-89 18:23 DESDAK  ALL  RD  NO
(TYMNET      :  34) ND7021.CMD     2 26-Aug-88 18:59 RIJVIZ  ALL  RD  NO
(TYMNET      :  34) ND7021.C00     2 26-Aug-88 19:01 SUHDIJ  ALL  RD  NO
(TYMNET      :  34) ND7021.C01     2 24-Aug-88 17:38 MOVMIN  ALL  RD  NO
(TYMNET      :  34) N10350.BND   119 10-Jul-91 16:59 GUYXIC  ALL  RD  NO
(TYMNET      :  34) N10350.TYM     3 16-Apr-91 22:29 QIRDAJ  ALL  RD  NO
(TYMNET      :  34) N10350.T01     2 19-Apr-91 16:23 XUCYOG  ALL  RD  NO
(TYMNET      :  34) N10350.CMD     2 10-Jul-91 16:36 ZIVGIR  ALL  RD  NO
(TYMNET      :  34) N10350.C00     2 10-Jul-91 16:35 BODBOG  ALL  RD  NO
(TYMNET      :  34) N10350.C01     2 10-Jul-91 16:52 MIYVAS  ALL  RD  NO
(TYMNET      :  34) N10350.N03   118 10-Jul-91 16:58 XIQMUB  ALL  RD  NO
(TYMNET      :  34) N10350.N01     7 10-Jul-91 16:57 MADPUN  ALL  RD  NO
(TYMNET      :  34) N10350.N00   126 10-Jul-91 16:56 WOFFOZ  ALL  RD  NO
(TYMNET      :  34) N10350.NIB    42 10-Jul-91 16:55 KOLSAK  ALL  RD  NO
(TYMNET      :  34) N10350.C03     2 10-Jul-91 16:36 SEGLUB  ALL  RD  NO
(TYMNET      :  34) N10350.T03     2 16-Apr-91 22:03 GABNOS  ALL  RD  NO
(TYMNET      :  34) BK0350.C01     2 19-Apr-91 16:23 MUYDAS  ALL  RD  NO
(TYMNET      :  34) BK0350.T01     2 19-Apr-91 16:23 XUCYOG  ALL  RD  NO
(TYMNET      :  34) BK0350.BND   119 17-Apr-91 19:49 WEYZOQ  ALL  RD  NO
(TYMNET      :  34) BK0350.N00   130 17-Apr-91 19:49 HIDNUZ  ALL  RD  NO
(TYMNET      :  34) BK0350.TYM     3 16-Apr-91 22:29 QIRDAJ  ALL  RD  NO
(TYMNET      :  34) BK0350.C03     2 16-Apr-91 22:14 JEQKAZ  ALL  RD  NO
(TYMNET      :  34) BK0350.N03   122 16-Apr-91 22:05 GOBCUQ  ALL  RD  NO
(TYMNET      :  34) BK0350.T03     2 16-Apr-91 22:03 GABNOS  ALL  RD  NO
(TYMNET      :  34) BK0350.N01     7 16-Apr-91 19:50 VIQCUY  ALL  RD  NO
(TYMNET      :  34) BK0350.NIB    42 16-Apr-91 19:07 CIFPAL  ALL  RD  NO
(TYMNET      :  34) BK0350.C00     2 16-Apr-91 19:05 ZOBDIF  ALL  RD  NO
(TYMNET      :  34) BK0350.CMD     2 16-Apr-91 19:04 BINNUC  ALL  RD  NO
(TYMNET      :  34) ND7004.BND    70 15-Mar-90 18:57 NIJZOD  ALL  RD  NO
(TYMNET      :  34) ND7004.TYM     3 15-Mar-90 18:43 HEWTIS  ALL  RD  NO
(TYMNET      :  34) ND7004.T01     2 15-Mar-90 18:47 BOVHUQ  ALL  RD  NO
(TYMNET      :  34) ND7004.CMD     2 26-Aug-88 18:56 QEWJIF  ALL  RD  NO
(TYMNET      :  34) ND7004.C00     2 26-Aug-88 18:59 MORTUM  ALL  RD  NO
(TYMNET      :  34) ND7004.C01     2 24-Aug-88 17:20 VALMEH  ALL  RD  NO
(TYMNET      :  34) ND7004.LOG     8 15-Mar-90 18:48 DUHWAS  ALL  RD  NO
(TYMNET      :  38) ND7021.LOG     8 09-Nov-89 21:43 YIFPOY  ALL  RD  NO
(TYMNET      :  38) ND7021.C01     2 27-Mar-92 22:15 WUWCUN  ALL  RD  NO
(TYMNET      :  38) ND7021.CMD     2 27-Mar-92 22:15 POZGEQ  ALL  RD  NO
(TYMNET      :  38) ND7021.C00     2 27-Mar-92 22:15 LEHLAX  ALL  RD  NO
(TYMNET      :  38) ND7021.TYM     3 27-Mar-92 22:15 TIJQOB  ALL  RD  NO
(TYMNET      :  38) ND7021.T01     2 27-Mar-92 22:15 RUWSOJ  ALL  RD  NO
(TYMNET      :  38) ND7021.BND    70 09-Nov-89 21:50 NOZLUD  ALL  RD  NO
(TYMNET      :  38) N10350.CMD     2 27-Mar-92 22:55 LOMCIF  ALL  RD  NO
(TYMNET      :  38) N10350.C00     2 27-Mar-92 22:55 MURPEQ  ALL  RD  NO
(TYMNET      :  38) N10350.NIB    42 10-Jul-91 16:55 KOLSAK  ALL  RD  NO
(TYMNET      :  38) N10350.N00   126 10-Jul-91 16:56 WOFFOZ  ALL  RD  NO
(TYMNET      :  38) N10350.N01     7 10-Jul-91 16:57 MADPUN  ALL  RD  NO
(TYMNET      :  38) N10350.T03     2 16-Apr-91 22:03 GABNOS  ALL  RD  NO
(TYMNET      :  38) N10350.C03     2 10-Jul-91 16:36 SEGLUB  ALL  RD  NO
(TYMNET      :  38) N10350.N03   118 10-Jul-91 16:58 XIQMUB  ALL  RD  NO
(TYMNET      :  38) N10350.TYM     3 27-Mar-92 22:55 SIVMAM  ALL  RD  NO
(TYMNET      :  38) N10350.BND   119 10-Jul-91 16:59 GUYXIC  ALL  RD  NO
(TYMNET      :  38) N10350.C01     2 27-Mar-92 22:55 HUHDIJ  ALL  RD  NO
(TYMNET      :  38) N10350.T01     2 27-Mar-92 22:55 XUCYOG  ALL  RD  NO
(TYMNET      :  38) BK0350.BND   119 17-Apr-91 19:49 WEYZOQ  ALL  RD  NO
(TYMNET      :  38) BK0350.LOG     8 09-Nov-89 21:57 SEQTAT  ALL  RD  NO
(TYMNET      :  38) BK0350.T01     2 19-Apr-91 16:23 XUCYOG  ALL  RD  NO
(TYMNET      :  38) BK0350.TYM     3 16-Apr-91 22:29 QIRDAJ  ALL  RD  NO
(TYMNET      :  38) BK0350.C01     2 19-Apr-91 16:23 MUYDAS  ALL  RD  NO
(TYMNET      :  38) BK0350.C00     2 16-Apr-91 19:05 ZOBDIF  ALL  RD  NO
(TYMNET      :  38) BK0350.CMD     2 16-Apr-91 19:04 BINNUC  ALL  RD  NO
(TYMNET      :  38) BK0350.N00   130 17-Apr-91 19:49 HIDNUZ  ALL  RD  NO
(TYMNET      :  38) BK0350.C03     2 16-Apr-91 22:14 JEQKAZ  ALL  RD  NO
(TYMNET      :  38) BK0350.N03   122 16-Apr-91 22:05 GOBCUQ  ALL  RD  NO
(TYMNET      :  38) BK0350.T03     2 16-Apr-91 22:03 GABNOS  ALL  RD  NO
(TYMNET      :  38) BK0350.N01     7 16-Apr-91 19:50 VIQCUY  ALL  RD  NO
(TYMNET      :  38) BK0350.NIB    42 16-Apr-91 19:07 CIFPAL  ALL  RD  NO
(TYMNET      :  38) ND7004.BND    70 15-Mar-90 18:57 NIJZOD  ALL  RD  NO
(TYMNET      :  38) ND7004.TYM     3 27-Mar-92 22:28 SEHCAB  ALL  RD  NO
(TYMNET      :  38) ND7004.T01     2 27-Mar-92 22:28 MUNNAR  ALL  RD  NO
(TYMNET      :  38) ND7004.LOG     8 15-Mar-90 18:48 DUHWAS  ALL  RD  NO
(TYMNET      :  38) ND7004.C01     2 27-Mar-92 22:28 JIJQIZ  ALL  RD  NO
(TYMNET      :  38) ND7004.CMD     2 27-Mar-92 22:28 BILMOY  ALL  RD  NO
(TYMNET      :  38) ND7004.C00     2 27-Mar-92 22:28 VEWJOV  ALL  RD  NO
(TYMNET      :  74) ND7021.BND    70 09-Nov-89 21:50 NOZLUD  ALL  RD  NO
(TYMNET      :  74) ND7021.TYM     3 27-Mar-92 22:15 TIJQOB  ALL  RD  NO
(TYMNET      :  74) ND7021.T01     2 27-Mar-92 22:15 RUWSOJ  ALL  RD  NO
(TYMNET      :  74) ND7021.CMD     2 27-Mar-92 22:15 POZGEQ  ALL  RD  NO
(TYMNET      :  74) ND7021.C00     2 27-Mar-92 22:15 LEHLAX  ALL  RD  NO
(TYMNET      :  74) ND7021.C01     2 27-Mar-92 22:15 WUWCUN  ALL  RD  NO
(TYMNET      :  74) N10350.BND   119 10-Jul-91 16:59 GUYXIC  ALL  RD  NO
(TYMNET      :  74) N10350.TYM     3 27-Mar-92 22:55 SIVMAM  ALL  RD  NO
(TYMNET      :  74) N10350.T01     2 27-Mar-92 22:55 XUCYOG  ALL  RD  NO
(TYMNET      :  74) N10350.CMD     2 27-Mar-92 22:55 LOMCIF  ALL  RD  NO
(TYMNET      :  74) N10350.C00     2 27-Mar-92 22:55 MURPEQ  ALL  RD  NO
(TYMNET      :  74) N10350.C01     2 27-Mar-92 22:55 HUHDIJ  ALL  RD  NO
(TYMNET      :  74) ND7021.LOG     8 09-Nov-89 21:43 YIFPOY  ALL  RD  NO
(TYMNET      :  74) N10350.NIB    42 10-Jul-91 16:55 KOLSAK  ALL  RD  NO
(TYMNET      :  74) N10350.N00   126 10-Jul-91 16:56 WOFFOZ  ALL  RD  NO
(TYMNET      :  74) N10350.N01     7 10-Jul-91 16:57 MADPUN  ALL  RD  NO
(TYMNET      :  74) N10350.T03     2 16-Apr-91 22:03 GABNOS  ALL  RD  NO
(TYMNET      :  74) N10350.C03     2 10-Jul-91 16:36 SEGLUB  ALL  RD  NO
(TYMNET      :  74) N10350.N03   118 10-Jul-91 16:58 XIQMUB  ALL  RD  NO
(TYMNET      :  74) BK0350.BND   119 17-Apr-91 19:49 WEYZOQ  ALL  RD  NO
(TYMNET      :  74) BK0350.LOG     8 09-Nov-89 21:57 SEQTAT  ALL  RD  NO
(TYMNET      :  74) BK0350.T01     2 19-Apr-91 16:23 XUCYOG  ALL  RD  NO
(TYMNET      :  74) BK0350.TYM     3 16-Apr-91 22:29 QIRDAJ  ALL  RD  NO
(TYMNET      :  74) BK0350.C01     2 19-Apr-91 16:23 MUYDAS  ALL  RD  NO
(TYMNET      :  74) BK0350.C00     2 16-Apr-91 19:05 ZOBDIF  ALL  RD  NO
(TYMNET      :  74) BK0350.CMD     2 16-Apr-91 19:04 BINNUC  ALL  RD  NO
(TYMNET      :  74) BK0350.N00   130 17-Apr-91 19:49 HIDNUZ  ALL  RD  NO
(TYMNET      :  74) BK0350.C03     2 16-Apr-91 22:14 JEQKAZ  ALL  RD  NO
(TYMNET      :  74) BK0350.N03   122 16-Apr-91 22:05 GOBCUQ  ALL  RD  NO
(TYMNET      :  74) BK0350.T03     2 16-Apr-91 22:03 GABNOS  ALL  RD  NO
(TYMNET      :  74) BK0350.N01     7 16-Apr-91 19:50 VIQCUY  ALL  RD  NO
(TYMNET      :  74) BK0350.NIB    42 16-Apr-91 19:07 CIFPAL  ALL  RD  NO
(TYMNET      :  74) ND7004.BND    70 15-Mar-90 18:57 NIJZOD  ALL  RD  NO
(TYMNET      :  74) ND7004.TYM     3 27-Mar-92 22:28 SEHCAB  ALL  RD  NO
(TYMNET      :  74) ND7004.T01     2 27-Mar-92 22:28 MUNNAR  ALL  RD  NO
(TYMNET      :  74) ND7004.CMD     2 27-Mar-92 22:28 BILMOY  ALL  RD  NO
(TYMNET      :  74) ND7004.C00     2 27-Mar-92 22:28 VEWJOV  ALL  RD  NO
(TYMNET      :  74) ND7004.C01     2 27-Mar-92 22:28 JIJQIZ  ALL  RD  NO
(TYMNET      :  74) ND7004.LOG     8 15-Mar-90 18:48 DUHWAS  ALL  RD  NO

End of SAIL execution
.DAYTIME
9-APR-1992 10:10:58 PDT

.LOGOUT
572.09 tru
terminal time: 0:22:57
   H