-DAY
27-DEC-1995 06:13:48 PST

-TIME
0.03 TRU
0.03 TRU
terminal time: 01.00
-GO NEWDLY


ENTER THE NAME OF THE CONTROL FILE: 51226.CTL
System 1022 Data Loading Program
No errors on DESCRIPTION file
%errors on input for attribute LOWDTE
250000 records processed, 63502 blocks written on phase 2
no keyed attributes

SYSTEM 1022 KEYING PROGRAM
KEYING ATTRIBUTES:
ORIGNODE (1107 Blocks, 1106 new)
TERMID (378 Blocks, 377 new)
TERMHOST (1158 Blocks, 1157 new)
DISCTYPE (202 Blocks, 201 new)
UUN (1195 Blocks, 1194 new)
ORIGHOST (1122 Blocks, 1121 new)
ORIGPHYPORT (456 Blocks, 455 new)
ERRTYP (84 Blocks, 83 new)
TOTSEC (1173 Blocks, 1172 new)
System 1022 Data Loading Program
No errors on DESCRIPTION file
%errors on input for attribute LOWDTE
250000 records processed, 63502 blocks written on phase 2
no keyed attributes

SYSTEM 1022 KEYING PROGRAM
KEYING ATTRIBUTES:
ORIGNODE (1106 Blocks, 1105 new)
TERMID (385 Blocks, 384 new)
TERMHOST (1133 Blocks, 1132 new)
DISCTYPE (195 Blocks, 194 new)
UUN (1192 Blocks, 1191 new)
ORIGHOST (1116 Blocks, 1115 new)
ORIGPHYPORT (660 Blocks, 659 new)
ERRTYP (70 Blocks, 69 new)
TOTSEC (1191 Blocks, 1190 new)
System 1022 Data Loading Program
No errors on DESCRIPTION file
%errors on input for attribute LOWDTE
250000 records processed, 63502 blocks written on phase 2
no keyed attributes

SYSTEM 1022 KEYING PROGRAM
KEYING ATTRIBUTES:
ORIGNODE (1105 Blocks, 1104 new)
TERMID (392 Blocks, 391 new)
TERMHOST (1125 Blocks, 1124 new)
DISCTYPE (192 Blocks, 191 new)
UUN (1136 Blocks, 1135 new)
ORIGHOST (1115 Blocks, 1114 new)
ORIGPHYPORT (663 Blocks, 662 new)
ERRTYP (71 Blocks, 70 new)
TOTSEC (1190 Blocks, 1189 new)
System 1022 Data Loading Program
No errors on DESCRIPTION file
%errors on input for attribute LOWDTE
250000 records processed, 63502 blocks written on phase 2
no keyed attributes

SYSTEM 1022 KEYING PROGRAM
KEYING ATTRIBUTES:
ORIGNODE (1108 Blocks, 1107 new)
TERMID (378 Blocks, 377 new)
TERMHOST (1135 Blocks, 1134 new)
DISCTYPE (194 Blocks, 193 new)
UUN (972 Blocks, 971 new)
ORIGHOST (1119 Blocks, 1118 new)
ORIGPHYPORT (640 Blocks, 639 new)
ERRTYP (75 Blocks, 74 new)
TOTSEC (1209 Blocks, 1208 new)
System 1022 Data Loading Program
No errors on DESCRIPTION file
%errors on input for attribute LOWDTE
61390 records processed, 15601 blocks written on phase 2
no keyed attributes

SYSTEM 1022 KEYING PROGRAM
KEYING ATTRIBUTES:
ORIGNODE (297 Blocks, 296 new)
TERMID (80 Blocks, 79 new)
TERMHOST (299 Blocks, 298 new)
DISCTYPE (49 Blocks, 48 new)
UUN (240 Blocks, 239 new)
ORIGHOST (302 Blocks, 301 new)
ORIGPHYPORT (145 Blocks, 144 new)
ERRTYP (19 Blocks, 18 new)
TOTSEC (357 Blocks, 356 new)

EXIT

-REN 51226#.DMT,*.DMS

FILES RENAMED:
51226E  DMT
51226D  DMT
51226C  DMT
51226B  DMT
51226A  DMT

-DECLARE ALL RD NO 51226#.DMS

FILES RENAMED:
51226E  DMS
51226D  DMS
51226C  DMS
51226B  DMS
51226A  DMS

-DAY
27-DEC-1995 17:01:06 PST

-TIME
996720.52 TRU
996720.56 TRU
terminal time: 10:47:19.00
-SEND BILLING10
Type letter:
; PCOM v1.63 - processed: (NETSTAT)007PCO.LOG = (NETSTAT)DLYD26.AUX
; Options: NODETACH  LOG NOAPPEND SUPERSEDE LICENSE 
; Limits: TIME:60 TRULIMIT:0 
; Status: completed.
; Output recorded in file (NETSTAT)007PCO.LOG.

End of SAIL execution
-LOGOUT
996726.62 tru
terminal time: 10:47:51
