-DAY
18-DEC-1995 13:25:09 PST

-TIME
0.03 TRU
0.03 TRU
terminal time: 00.00
-GO NEWDLY


ENTER THE NAME OF THE CONTROL FILE: 51217.CTL
System 1022 Data Loading Program
No errors on DESCRIPTION file

1022 error in routine DBEXEC called from 1362
? (LD26) Could not ENTER DMS file

EXIT

-REN 51217#.DMT,*.DMS

FILES RENAMED:
51217A  DMT **FILE BEING MODIFIED**

-DECLARE ALL RD NO 51217#.DMS

NO FILES SATISFYING REQUEST

-DAY
18-DEC-1995 13:25:39 PST

-TIME
27.56 TRU
27.59 TRU
terminal time: 29.00
-SEND BILLING10
Type letter:
; PCOM v1.63 - processed: (NETSTAT)015PCO.LOG = (NETSTAT)DLYD17.AUX
; Options: DETACH  LOG NOAPPEND SUPERSEDE LICENSE 
; Limits: TIME:60 TRULIMIT:0 
; Status: completed.
; Output recorded in file (NETSTAT)015PCO.LOG.

End of SAIL execution
-LOGOUT
33.55 tru
terminal time: 0:01:10
