3:00:01 PST
Frame 13 user MAIL: (MAIL)MAILER 
%already running MAIL (MAIL)MAILER on job 13
Tue, 16-Jan-96  4:00:01 PST
Frame 8 user MAIL: (MAIL)MAILER 
%already running MAIL (MAIL)MAILER on job 8
Tue, 16-Jan-96  4:59:59 PST
Frame 13 user MAIL: (MAIL)MAILER 
%already running MAIL (MAIL)MAILER on job 13
Tue, 16-Jan-96  6:00:03 PST
Frame 13 user MAIL: (MAIL)MAILER 
%already running MAIL (MAIL)MAILER on job 13
Tue, 16-Jan-96  7:00:00 PST
Frame 13 user MAIL: (MAIL)MAILER 
%already running MAIL (MAIL)MAILER on job 13
Tue, 16-Jan-96  7:59:59 PST
Frame 14 user MAIL: (MAIL)MAILER 
%already running MAIL (MAIL)MAILER on job 14
Frame 15 user PERPOPER: (SYS)REDSAT 
Tue, 16-Jan-96  9:00:01 PST
Frame 14 user MAIL: (MAIL)MAILER 
%already running MAIL (MAIL)MAILER on job 14
Tue, 16-Jan-96 10:01:09 PST
Frame 13 user MAIL: (MAIL)MAILER 
%already running MAIL (MAIL)MAILER on job 13
Tue, 16-Jan-96 10:59:59 PST
Frame 9 user MAIL: (MAIL)MAILER 
%already running MAIL (MAIL)MAILER on job 9
Tue, 16-Jan-96 12:00:08 PST
Frame 9 user MAIL: (MAIL)MAILER 
%already running MAIL (MAIL)MAILER on job 9
Tue, 16-Jan-96 13:00:41 PST
Frame 9 user MAIL: (MAIL)MAILER 
%already running MAIL (MAIL)MAILER on job 9
Tue, 16-Jan-96 13:59:59 PST
Frame 13 user MAIL: (MAIL)MAILER 
%already running MAIL (MAIL)MAILER on job 13
Tue, 16-Jan-96 14:59:59 PST
Frame 13 user MAIL: (MAIL)MAILER 
%already running MAIL (MAIL)MAILER on job 13
Tue, 16-Jan-96 15:59:59 PST
Frame 9 user MAIL: (MAIL)MAILER 
%already running MAIL (MAIL)MAILER on job 9
Frame 13 user PERPOPER: (SYS)REDSAT 
Tue, 16-Jan-96 16:59:59 PST
Frame 9 user MAIL: (MAIL)MAILER 
%already running MAIL (MAIL)MAILER on job 9
Tue, 16-Jan-96 18:00:14 PST
Frame 13 user MAIL: (MAIL)MAILER 
%already running MAIL (MAIL)MAILER on job 13
Tue, 16-Jan-96 18:59:59 PST
Frame 11 user MAIL: (MAIL)MAILER 
%already running MAIL (MAIL)MAILER on job 11
Tue, 16-Jan-96 19:59:59 PST
Frame 11 user MAIL: (MAIL)MAILER 
%already running MAIL (MAIL)MAILER on job 11
Tue, 16-Jan-96 21:00:04 PST
Frame 11 user MAIL: (MAIL)MAILER 
%already running MAIL (MAIL)MAILER on job 11
Tue, 16-Jan-96 22:00:00 PST
Frame 8 user MAIL: (MAIL)MAILER 
%already running MAIL (MAIL)MAILER on job 8
Tue, 16-Jan-96 23:00:09 PST
Frame 8 user MAIL: (MAIL)MAILER 
%already running MAIL (MAIL)MAILER on job 8
Tue, 16-Jan-96 23:59:59 PST
Frame 8 user MAIL: (MAIL)MAILER 
%already running MAIL (MAIL)MAILER on job 8
Frame 11 user PERPOPER: (SYS)REDSAT 
Wed, 17-Jan-96  1:00:02 PST
Frame 8 user MAIL: (MAIL)MAILER 
%already running MAIL (MAIL)MAILER on job 8
Wed, 17-Jan-96  2:00:51 PST
Frame 13 user MAIL: (MAIL)MAILER 
%already running MAIL (MAIL)MAILER on job 13
Wed, 17-Jan-96  2:59:59 PST
Frame 11 user MAIL: (MAIL)MAILER 
%already running MAIL (MAIL)MAILER on job 11
Wed, 17-Jan-96  4:00:04 PST
Frame 8 user MAIL: (MAIL)MAILER 
%already running MAIL (MAIL)MAILER on job 8
Wed, 17-Jan-96  5:00:01 PST
Frame 11 user MAIL: (MAIL)MAILER 
%already running MAIL (MAIL)MAILER on job 11
Wed, 17-Jan-96  5:59:59 PST
Frame 11 user MAIL: (MAIL)MAILER 
%already running MAIL (MAIL)MAILER on job 11
Wed, 17-Jan-96  7:00:02 PST
Frame 11 user MAIL: (MAIL)MAILER 
%already running MAIL (MAIL)MAILER on job 11
Wed, 17-Jan-96  8:00:01 PST
Frame 15 user MAIL: (MAIL)MAILER 
%already running MAIL (MAIL)MAILER on job 15
Frame 16 user PERPOPER: (SYS)REDSAT 
Wed, 17-Jan-96  8:59:59 PST
Frame 14 user MAIL: (MAIL)MAILER 
%already running MAIL (MAIL)MAILER on job 14
Wed, 17-Jan-96 10:00:56 PST
Frame 11 user MAIL: (MAIL)MAILER 
%already running MAIL (MAIL)MAILER on job 11
Wed, 17-Jan-96 11:00:01 PST
Frame 14 user MAIL: (MAIL)MAILER 
%already running MAIL (MAIL)MAILER on job 14
Wed, 17-Jan-96 12:00:16 PST
Frame 14 user MAIL: (MAIL)MAILER 
%already running MAIL (MAIL)MAILER on job 14
Wed, 17-Jan-96 12:59:59 PST
Frame 14 user MAIL: (MAIL)MAILER 
%already running MAIL (MAIL)MAILER on job 14
Wed, 17-Jan-96 13:59:59 PST
Frame 16 user MAIL: (MAIL)MAILER 
%already running MAIL (MAIL)MAILER on job 16
Wed, 17-Jan-96 15:00:12 PST
Frame 16 user MAIL: (MAIL)MAILER 
%already running MAIL (MAIL)MAILER on job 16
Wed, 17-Jan-96 15:59:59 PST
Frame 14 user MAIL: (MAIL)MAILER 
%already running MAIL (MAIL)MAILER on job 14
Frame 16 user PERPOPER: (SYS)REDSAT 
Wed, 17-Jan-96 17:00:00 PST
Frame 14 user MAIL: (MAIL)MAILER 
%already running MAIL (MAIL)MAILER on job 14
Wed, 17-Jan-96 18:00:00 PST
Frame 14 user MAIL: (MAIL)MAILER 
%already running MAIL (MAIL)MAILER on job 14
Wed, 17-Jan-96 19:00:14 PST
Frame 13 user MAIL: (MAIL)MAILER 
%already running MAIL (MAIL)MAILER on job 13
Wed, 17-Jan-96 19:59:59 PST
Frame 14 user MAIL: (MAIL)MAILER 
%already running MAIL (MAIL)MAILER on job 14
Wed, 17-Jan-96 20:59:59 PST
Frame 14 user MAIL: (MAIL)MAILER 
%already running MAIL (MAIL)MAILER on job 14
Wed, 17-Jan-96 21:59:59 PST
Frame 13 user MAIL: (MAIL)MAILER 
%already running MAIL (MAIL)MAILER on job 13
Wed, 17-Jan-96 23:00:01 PST
Frame 13 user MAIL: (MAIL)MAILER 
%already running MAIL (MAIL)MAILER on job 13
Thu, 18-Jan-96  0:00:00 PST
Frame 13 user MAIL: (MAIL)MAILER 
%already running MAIL (MAIL)MAILER on job 13
Frame 14 user PERPOPER: (SYS)REDSAT 
Thu, 18-Jan-96  1:01:29 PST
Frame 14 user MAIL: (MAIL)MAILER 
%already running MAIL (MAIL)MAILER on job 14
Thu, 18-Jan-96  2:00:00 PST
Frame 15 user MAIL: (MAIL)MAILER 
%already running MAIL (MAIL)MAILER on job 15
Thu, 18-Jan-96  3:00:06 PST
Frame 11 user MAIL: (MAIL)MAILER 
%already running MAIL (MAIL)MAILER on job 11
Thu, 18-Jan-96  4:00:00 PST
Frame 8 user MAIL: (MAIL)MAILER 
%already running MAIL (MAIL)MAILER on job 8
Thu, 18-Jan-96  5:00:04 PST
Frame 8 user MAIL: (MAIL)MAILER 
%already running MAIL (MAIL)MAILER on job 8
Thu, 18-Jan-96  6:00:00 PST
Frame 11 user MAIL: (MAIL)MAILER 
%already running MAIL (MAIL)MAILER on job 11
Thu, 18-Jan-96  7:00:12 PST
Frame 11 user MAIL: (MAIL)MAILER 
%already running MAIL (MAIL)MAILER on job 11
Thu, 18-Jan-96  8:00:02 PST
Frame 15 user MAIL: (MAIL)MAILER 
%already running MAIL (MAIL)MAILER on job 15
Frame 16 user PERPOPER: (SYS)REDSAT 
Thu, 18-Jan-96  9:00:01 PST
Frame 15 user MAIL: (MAIL)MAILER 
%already running MAIL (MAIL)MAILER on job 15
Thu, 18-Jan-96 10:01:19 PST
Frame 11 user MAIL: (MAIL)MAILER 
%already running MAIL (MAIL)MAILER on job 11
Thu, 18-Jan-96 11:00:06 PST
Frame 11 user MAIL: (MAIL)MAILER 
%already running MAIL (MAIL)MAILER on job 11
Thu, 18-Jan-96 12:00:01 PST
Frame 11 user MAIL: (MAIL)MAILER 
%already running MAIL (MAIL)MAILER on job 11
Thu, 18-Jan-96 13:00:00 PST
Frame 11 user MAIL: (MAIL)MAILER 
%already running MAIL (MAIL)MAILER on job 11
Thu, 18-Jan-96 14:00:00 PST
Frame 15 user MAIL: (MAIL)MAILER 
%already running MAIL (MAIL)MAILER on job 15
Thu, 18-Jan-96 15:00:03 PST
Frame 15 user MAIL: (MAIL)MAILER 
%already running MAIL (MAIL)MAILER on job 15
Thu, 18-Jan-96 16:00:00 PST
Frame 11 user MAIL: (MAIL)MAILER 
%already running MAIL (MAIL)MAILER on job 11
Frame 15 user PERPOPER: (SYS)REDSAT 
Thu, 18-Jan-96 17:00:00 PST
Frame 8 user MAIL: (MAIL)MAILER 
%already running MAIL (MAIL)MAILER on job 8
Thu, 18-Jan-96 17:59:13 PST
Frame 5 user PERPOPER: LOGOUT status 4,1 exit
Thu, 18-Jan-96 17:59:14 PST notice to quit
Fri, 19-Jan-96  0:50:10 PST system startup
Frame 1 user PJ: (PJ)PAM 
Frame 5 user PERPOPER: (SYS)SYSLOG 
Frame 7 user MAIL: (MAIL)MAILER 
%already running MAIL (MAIL)MAILER on job 7
Frame 8 user PERPOPER: (SYS)REDSAT 
Fri, 19-Jan-96  1:00:31 PST
Frame 11 user MAIL: (MAIL)MAILER 
%already running MAIL (MAIL)MAILER on job 11
Fri, 19-Jan-96  2:01:00 PST
Frame 12 user MAIL: (MAIL)MAILER 
%already running MAIL (MAIL)MAILER on job 12
Fri, 19-Jan-96  3:00:00 PST
Frame 12 user MAIL: (MAIL)MAILER 
%already running MAIL (MAIL)MAILER on job 12
Fri, 19-Jan-96  4:00:00 PST
Frame 8 user MAIL: (MAIL)MAILER 
%already running MAIL (MAIL)MAILER on job 8
Fri, 19-Jan-96  5:00:00 PST
Frame 12 user MAIL: (MAIL)MAILER 
%already running MAIL (MAIL)MAILER on job 12
Fri, 19-Jan-96  6:00:00 PST
Frame 12 user MAIL: (MAIL)MAILER 
%already running MAIL (MAIL)MAILER on job 12
Fri, 19-Jan-96  7:00:04 PST
Frame 12 user MAIL: (MAIL)MAILER 
%already running MAIL (MAIL)MAILER on job 12
Fri, 19-Jan-96  8:00:00 PST
Frame 13 user MAIL: (MAIL)MAILER 
%already running MAIL (MAIL)MAILER on job 13
Frame 15 user PERPOPER: (SYS)REDSAT 
Fri, 19-Jan-96  9:00:05 PST
Frame 13 user MAIL: (MAIL)MAILER 
%already running MAIL (MAIL)MAILER on job 13
Fri, 19-Jan-96 10:00:00 PST
Frame 12 user MAIL: (MAIL)MAILER 
%already running MAIL (MAIL)MAILER on job 12
Fri, 19-Jan-96 11:00:07 PST
Frame 12 user MAIL: (MAIL)MAILER 
%already running MAIL (MAIL)MAILER on job 12
Fri, 19-Jan-96 12:00:00 PST
Frame 12 user MAIL: (MAIL)MAILER 
%already running MAIL (MAIL)MAILER on job 12
Fri, 19-Jan-96 13:00:05 PST
Frame 12 user MAIL: (MAIL)MAILER 
%already running MAIL (MAIL)MAILER on job 12
Fri, 19-Jan-96 14:00:00 PST
Frame 13 user MAIL: (MAIL)MAILER 
%already running MAIL (MAIL)MAILER on job 13
Fri, 19-Jan-96 15:00:01 PST
Frame 13 user MAIL: (MAIL)MAILER 
%already running MAIL (MAIL)MAILER on job 13
Fri, 19-Jan-96 16:00:01 PST
Frame 12 user MAIL: (MAIL)MAILER 
%already running MAIL (MAIL)MAILER on job 12
Frame 13 user PERPOPER: (SYS)REDSAT 
Fri, 19-Jan-96 17:00:00 PST
Frame 12 user MAIL: (MAIL)MAILER 
%already running MAIL (MAIL)MAILER on job 12
Fri, 19-Jan-96 18:00:03 PST
Frame 12 user MAIL: (MAIL)MAILER 
%already running MAIL (MAIL)MAILER on job 12
Fri, 19-Jan-96 19:00:00 PST
Frame 12 user MAIL: (MAIL)MAILER 
%already running MAIL (MAIL)MAILER on job 12
Fri, 19-Jan-96 20:00:01 PST
Frame 12 user MAIL: (MAIL)MAILER 
%already running MAIL (MAIL)MAILER on job 12
Fri, 19-Jan-96 21:00:00 PST
Frame 12 user MAIL: (MAIL)MAILER 
%already running MAIL (MAIL)MAILER on job 12
Fri, 19-Jan-96 22:00:00 PST
Frame 10 user MAIL: (MAIL)MAILER 
%already running MAIL (MAIL)MAILER on job 10
Fri, 19-Jan-96 23:00:00 PST
Frame 10 user MAIL: (MAIL)MAILER 
%already running MAIL (MAIL)MAILER on job 10
Sat, 20-Jan-96  0:01:49 PST
Frame 8 user MAIL: (MAIL)MAILER 
%already running MAIL (MAIL)MAILER on job 8
Frame 10 user PERPOPER: (SYS)REDSAT 
Sat, 20-Jan-96  1:00:00 PST
Frame 10 user MAIL: (MAIL)MAILER 
%already running MAIL (MAIL)MAILER on job 10
Sat, 20-Jan-96  2:00:00 PST
Frame 12 user MAIL: (MAIL)MAILER 
%already running MAIL (MAIL)MAILER on job 12
Sat, 20-Jan-96  3:00:00 PST
Frame 10 user MAIL: (MAIL)MAILER 
%already running MAIL (MAIL)MAILER on job 10
Sat, 20-Jan-96  4:00:00 PST
Frame 8 user MAIL: (MAIL)MAILER 
%already running MAIL (MAIL)MAILER on job 8
Sat, 20-Jan-96  5:00:00 PST
Frame 8 user MAIL: (MAIL)MAILER 
%already running MAIL (MAIL)MAILER on job 8
Sat, 20-Jan-96  6:02:35 PST
Frame 8 user MAIL: (MAIL)MAILER 
%already running MAIL (MAIL)MAILER on job 8
Sat, 20-Jan-96  7:00:00 PST
Frame 8 user MAIL: (MAIL)MAILER 
%already running MAIL (MAIL)MAILER on job 8
Sat, 20-Jan-96  8:00:00 PST
Frame 9 user MAIL: (MAIL)MAILER 
%already running MAIL (MAIL)MAILER on job 9
Frame 12 user PERPOPER: (SYS)REDSAT 
Sat, 20-Jan-96  9:00:00 PST
Frame 12 user MAIL: (MAIL)MAILER 
%already running MAIL (MAIL)MAILER on job 12
Sat, 20-Jan-96 10:00:03 PST
Frame 10 user MAIL: (MAIL)MAILER 
%already running MAIL (MAIL)MAILER on job 10
Sat, 20-Jan-96 11:00:00 PST
Frame 10 user MAIL: (MAIL)MAILER 
%already running MAIL (MAIL)MAILER on job 10
Sat, 20-Jan-96 12:00:03 PST
Frame 10 user MAIL: (MAIL)MAILER 
%already running MAIL (MAIL)MAILER on job 10
Sat, 20-Jan-96 13:00:00 PST
Frame 12 user MAIL: (MAIL)MAILER 
%already running MAIL (MAIL)MAILER on job 12
Sat, 20-Jan-96 14:00:00 PST
Frame 13 user MAIL: (MAIL)MAILER 
%already running MAIL (MAIL)MAILER on job 13
Sat, 20-Jan-96 15:00:02 PST
Frame 13 user MAIL: (MAIL)MAILER 
%already running MAIL (MAIL)MAILER on job 13
Sat, 20-Jan-96 16:00:00 PST
Frame 12 user MAIL: (MAIL)MAILER 
%already running MAIL (MAIL)MAILER on job 12
Frame 13 user PERPOPER: (SYS)REDSAT 
Sat, 20-Jan-96 17:00:05 PST
Frame 12 user MAIL: (MAIL)MAILER 
%already running MAIL (MAIL)MAILER on job 12
Sat, 20-Jan-96 18:00:00 PST
Frame 12 user MAIL: (MAIL)MAILER 
%already running MAIL (MAIL)MAILER on job 12
Sat, 20-Jan-96 19:00:00 PST
Frame 12 user MAIL: (MAIL)MAILER 
%already running MAIL (MAIL)MAILER on job 12
Sat, 20-Jan-96 20:00:01 PST
Frame 13 user MAIL: (MAIL)MAILER 
%already running MAIL (MAIL)MAILER on job 13
Sat, 20-Jan-96 21:00:00 PST
Frame 13 user MAIL: (MAIL)MAILER 
%already running MAIL (MAIL)MAILER on job 13
Sat, 20-Jan-96 22:00:08 PST
Frame 12 user MAIL: (MAIL)MAILER 
%already running MAIL (MAIL)MAILER on job 12
Sat, 20-Jan-96 23:00:00 PST
Frame 9 user MAIL: (MAIL)MAILER 
%already running MAIL (MAIL)MAILER on job 9
Sun, 21-Jan-96  0:00:00 PST
Frame 9 user MAIL: (MAIL)MAILER 
%already running MAIL (MAIL)MAILER on job 9
Frame 12 user PERPOPER: (SYS)REDSAT 
Sun, 21-Jan-96  1:01:37 PST
Frame 10 user MAIL: (MAIL)MAILER 
%already running MAIL (MAIL)MAILER on job 10
Sun, 21-Jan-96  2:00:00 PST
Frame 10 user MAIL: (MAIL)MAILER 
%already running MAIL (MAIL)MAILER on job 10
Sun, 21-Jan-96  3:00:00 PST
Frame 12 user MAIL: (MAIL)MAILER 
%already running MAIL (MAIL)MAILER on job 12
Sun, 21-Jan-96  4:00:00 PST
Frame 10 user MAIL: (MAIL)MAILER 
%already running MAIL (MAIL)MAILER on job 10
Sun, 21-Jan-96  5:00:00 PST
Frame 9 user MAIL: (MAIL)MAILER 
%already running MAIL (MAIL)MAILER on job 9
Sun, 21-Jan-96  6:00:00 PST
Frame 9 user MAIL: (MAIL)MAILER 
%already running MAIL (MAIL)MAILER on job 9
Sun, 21-Jan-96  7:00:00 PST
Frame 9 user MAIL: (MAIL)MAILER 
%already running MAIL (MAIL)MAILER on job 9
Sun, 21-Jan-96  8:00:00 PST
Frame 9 user MAIL: (MAIL)MAILER 
%already running MAIL (MAIL)MAILER on job 9
Frame 10 user PERPOPER: (SYS)REDSAT 
Sun, 21-Jan-96  9:00:00 PST
Frame 10 user MAIL: (MAIL)MAILER 
%already running MAIL (MAIL)MAILER on job 10
Sun, 21-Jan-96 10:00:00 PST
Frame 9 user MAIL: (MAIL)MAILER 
%already running MAIL (MAIL)MAILER on job 9
Sun, 21-Jan-96 11:00:00 PST
Frame 9 user MAIL: (MAIL)MAILER 
%already running MAIL (MAIL)MAILER on job 9
Sun, 21-Jan-96 12:00:00 PST
Frame 9 user MAIL: (MAIL)MAILER 
%already running MAIL (MAIL)MAILER on job 9
Sun, 21-Jan-96 13:00:00 PST
Frame 13 user MAIL: (MAIL)MAILER 
%already running MAIL (MAIL)MAILER on job 13
Sun, 21-Jan-96 14:00:00 PST
Frame 16 user MAIL: (MAIL)MAILER 
%already running MAIL (MAIL)MAILER on job 16
Sun, 21-Jan-96 15:00:00 PST
Frame 16 user MAIL: (MAIL)MAILER 
%already running MAIL (MAIL)MAILER on job 16
Sun, 21-Jan-96 16:00:00 PST
Frame 10 user MAIL: (MAIL)MAILER 
%already running MAIL (MAIL)MAILER on job 10
Frame 13 user PERPOPER: (SYS)REDSAT 
Sun, 21-Jan-96 17:00:00 PST
Frame 10 user MAIL: (MAIL)MAILER 
%already running MAIL (MAIL)MAILER on job 10
Sun, 21-Jan-96 18:00:00 PST
Frame 10 user MAIL: (MAIL)MAILER 
%already running MAIL (MAIL)MAILER on job 10
Sun, 21-Jan-96 19:00:00 PST
Frame 10 user MAIL: (MAIL)MAILER 
%already running MAIL (MAIL)MAILER on job 10
Sun, 21-Jan-96 20:00:01 PST
Frame 10 user MAIL: (MAIL)MAILER 
%already running MAIL (MAIL)MAILER on job 10
Sun, 21-Jan-96 21:00:02 PST
Frame 13 user MAIL: (MAIL)MAILER 
%already running MAIL (MAIL)MAILER on job 13
Sun, 21-Jan-96 22:00:00 PST
Frame 10 user MAIL: (MAIL)MAILER 
%already running MAIL (MAIL)MAILER on job 10
Sun, 21-Jan-96 23:00:09 PST
Frame 10 user MAIL: (MAIL)MAILER 
%already running MAIL (MAIL)MAILER on job 10
Mon, 22-Jan-96  0:00:00 PST
Frame 10 user MAIL: (MAIL)MAILER 
%already running MAIL (MAIL)MAILER on job 10
Frame 13 user PERPOPER: (SYS)REDSAT 
Mon, 22-Jan-96  1:00:04 PST
Frame 9 user MAIL: (MAIL)MAILER 
%already running MAIL (MAIL)MAILER on job 9
Mon, 22-Jan-96  2:00:00 PST
Frame 12 user MAIL: (MAIL)MAILER 
%already running MAIL (MAIL)MAILER on job 12
Mon, 22-Jan-96  2:59:59 PST
Frame 12 user MAIL: (MAIL)MAILER 
%already running MAIL (MAIL)MAILER on job 12
Mon, 22-Jan-96  4:00:01 PST
Frame 9 user MAIL: (MAIL)MAILER 
%already running MAIL (MAIL)MAILER on job 9
Mon, 22-Jan-96  5:00:02 PST
Frame 9 user MAIL: (MAIL)MAILER 
%already running MAIL (MAIL)MAILER on job 9
Mon, 22-Jan-96  5:59:59 PST
Frame 9 user MAIL: (MAIL)MAILER 
%already running MAIL (MAIL)MAILER on job 9
Mon, 22-Jan-96  6:59:59 PST
Frame 9 user MAIL: (MAIL)MAILER 
%already running MAIL (MAIL)MAILER on job 9
Mon, 22-Jan-96  8:00:07 PST
Frame 10 user MAIL: (MAIL)MAILER 
%already running MAIL (MAIL)MAILER on job 10
Frame 12 user PERPOPER: (SYS)REDSAT 
Mon, 22-Jan-96  9:01:41 PST
Frame 15 user MAIL: (MAIL)MAILER 
%already running MAIL (MAIL)MAILER on job 15
Mon, 22-Jan-96  9:59:59 PST
Frame 9 user MAIL: (MAIL)MAILER 
%already running MAIL (MAIL)MAILER on job 9
Mon, 22-Jan-96 11:00:02 PST
Frame 15 user MAIL: (MAIL)MAILER 
%already running MAIL (MAIL)MAILER on job 15
Mon, 22-Jan-96 12:00:33 PST
Frame 9 user MAIL: (MAIL)MAILER 
%already running MAIL (MAIL)MAILER on job 9
Mon, 22-Jan-96 13:00:01 PST
Frame 9 user MAIL: (MAIL)MAILER 
%already running MAIL (MAIL)MAILER on job 9
Mon, 22-Jan-96 13:59:59 PST
Frame 15 user MAIL: (MAIL)MAILER 
%already running MAIL (MAIL)MAILER on job 15
Mon, 22-Jan-96 14:59:59 PST
Frame 17 user MAIL: (MAIL)MAILER 
%already running MAIL (MAIL)MAILER on job 17
Mon, 22-Jan-96 16:00:02 PST
Frame 15 user MAIL: (MAIL)MAILER 
%already running MAIL (MAIL)MAILER on job 15
Frame 16 user PERPOPER: (SYS)REDSAT 
Mon, 22-Jan-96 16:59:59 PST
Frame 9 user MAIL: (MAIL)MAILER 
%already running MAIL (MAIL)MAILER on job 9
Mon, 22-Jan-96 18:00:00 PST
Frame 9 user MAIL: (MAIL)MAILER 
%already running MAIL (MAIL)MAILER on job 9
Mon, 22-Jan-96 19:00:06 PST
Frame 9 user MAIL: (MAIL)MAILER 
%already running MAIL (MAIL)MAILER on job 9
Mon, 22-Jan-96 19:59:59 PST
Frame 13 user MAIL: (MAIL)MAILER 
%already running MAIL (MAIL)MAILER on job 13
Mon, 22-Jan-96 21:01:02 PST
Frame 9 user MAIL: (MAIL)MAILER 
%already running MAIL (MAIL)MAILER on job 9
Mon, 22-Jan-96 21:59:59 PST
Frame 9 user MAIL: (MAIL)MAILER 
%already running MAIL (MAIL)MAILER on job 9
Mon, 22-Jan-96 23:00:07 PST
Frame 9 user MAIL: (MAIL)MAILER 
%already running MAIL (MAIL)MAILER on job 9
Mon, 22-Jan-96 23:59:59 PSTe 9 user MAIL: (MAIL)MAILER 
%already running MAIL (MAIL)MAILER on job 9
Frame 15 user PERPOPER: (SYS)REDSAT 
Tue, 23-Jan-96  1:00:02 PST
Frame 9 user MAIL: (MAIL)MAILER 
%already running MAIL (MAIL)MAILER on job 9
Tue, 23-Jan-96  2:00:00 PST
Frame 15 user MAIL: (MAIL)MAILER 
%already running MAIL (MAIL)MAILER on job 15
Tue, 23-Jan-96  3:00:02 PST
Frame 15 user MAIL: (MAIL)MAILER 
%already running MAIL (MAIL)MAILER on job 15
Tue, 23-Jan-96  4:00:01 PST
Frame 9 user MAIL: (MAIL)MAILER 
%already running MAIL (MAIL)MAILER on job 9
Tue, 23-Jan-96  5:00:02 PST
Frame 9 user MAIL: (MAIL)MAILER 
%already running MAIL (MAIL)MAILER on job 9
Tue, 23-Jan-96  6:00:58 PST
Frame 13 user MAIL: (MAIL)MAILER 
%already running MAIL (MAIL)MAILER on job 13
Tue, 23-Jan-96  7:00:00 PST
Frame 9 user MAIL: (MAIL)MAILER 
%already running MAIL (MAIL)MAILER on job 9
Tue, 23-Jan-96  8:00:00 PST
Frame 10 user MAIL: (MAIL)MAILER 
%already running MAIL (MAIL)MAILER on job 10
Frame 12 user PERPOPER: (SYS)REDSAT 
Tue, 23-Jan-96  9:00:56 PST
Frame 12 user MAIL: (MAIL)MAILER 
%already running MAIL (MAIL)MAILER on job 12
Tue, 23-Jan-96 10:00:00 PST
Frame 9 user MAIL: (MAIL)MAILER 
%already running MAIL (MAIL)MAILER on job 9
Tue, 23-Jan-96 11:00:00 PST
Frame 10 user MAIL: (MAIL)MAILER 
%already running MAIL (MAIL)MAILER on job 10
Tue, 23-Jan-96 12:00:00 PST
Frame 9 user MAIL: (MAIL)MAILER 
%already running MAIL (MAIL)MAILER on job 9
Tue, 23-Jan-96 13:00:00 PST
Frame 10 user MAIL: (MAIL)MAILER 
%already running MAIL (MAIL)MAILER on job 10
Tue, 23-Jan-96 14:00:00 PST
Frame 12 user MAIL: (MAIL)MAILER 
%already running MAIL (MAIL)MAILER on job 12
Tue, 23-Jan-96 15:00:00 PST
Frame 12 user MAIL: (MAIL)MAILER 
%already running MAIL (MAIL)MAILER on job 12
Tue, 23-Jan-96 16:00:00 PST
Frame 10 user MAIL: (MAIL)MAILER 
%already running MAIL (MAIL)MAILER on job 10
Frame 12 user PERPOPER: (SYS)REDSAT 
Tue, 23-Jan-96 17:00:00 PST
Frame 10 user MAIL: (MAIL)MAILER 
%already running MAIL (MAIL)MAILER on job 10
Tue, 23-Jan-96 18:00:16 PST
Frame 9 user MAIL: (MAIL)MAILER 
%already running MAIL (MAIL)MAILER on job 9
Tue, 23-Jan-96 19:00:00 PST
Frame 9 user MAIL: (MAIL)MAILER 
%already running MAIL (MAIL)MAILER on job 9
Tue, 23-Jan-96 20:00:00 PST
Frame 10 user MAIL: (MAIL)MAILER 
%already running MAIL (MAIL)MAILER on job 10
Tue, 23-Jan-96 21:00:00 PST
Frame 15 user MAIL: (MAIL)MAILER 
%already running MAIL (MAIL)MAILER on job 15
Tue, 23-Jan-96 22:00:01 PST
Frame 9 user MAIL: (MAIL)MAILER 
%already running MAIL (MAIL)MAILER on job 9
Tue, 23-Jan-96 23:00:06 PST
Frame 9 user MAIL: (MAIL)MAILER 
%already running MAIL (MAIL)MAILER on job 9
Wed, 24-Jan-96  0:00:00 PST
Frame 9 user MAIL: (MAIL)MAILER 
%already running MAIL (MAIL)MAILER on job 9
Frame 15 user PERPOPER: (SYS)REDSAT 
Wed, 24-Jan-96  1:00:06 PST
Frame 9 user MAIL: (MAIL)MAILER 
%already running MAIL (MAIL)MAILER on job 9
Wed, 24-Jan-96  1:59:59 PST
Frame 16 user MAIL: (MAIL)MAILER 
%already running MAIL (MAIL)MAILER on job 16
Wed, 24-Jan-96  3:00:03 PST
Frame 15 user MAIL: (MAIL)MAILER 
%already running MAIL (MAIL)MAILER on job 15
Wed, 24-Jan-96  3:59:59 PST
Frame 9 user MAIL: (MAIL)MAILER 
%already running MAIL (MAIL)MAILER on job 9
Wed, 24-Jan-96  5:00:05 PST
Frame 9 user MAIL: (MAIL)MAILER 
%already running MAIL (MAIL)MAILER on job 9
Wed, 24-Jan-96  5:59:59 PST
Frame 9 user MAIL: (MAIL)MAILER 
%already running MAIL (MAIL)MAILER on job 9
Wed, 24-Jan-96  7:00:03 PST
Frame 9 user MAIL: (MAIL)MAILER 
%already running MAIL (MAIL)MAILER on job 9
Wed, 24-Jan-96  7:59:59 PST
Frame 15 user MAIL: (MAIL)MAILER 
%already running MAIL (MAIL)MAILER on job 15
Frame 16 user PERPOPER: (SYS)REDSAT 
Wed, 24-Jan-96  9:00:04 PST
Frame 15 user MAIL: (MAIL)MAILER 
%already running MAIL (MAIL)MAILER on job 15
Wed, 24-Jan-96 10:01:11 PST
Frame 9 user MAIL: (MAIL)MAILER 
%already running MAIL (MAIL)MAILER on job 9
Wed, 24-Jan-96 10:59:59 PST
Frame 9 user MAIL: (MAIL)MAILER 
%already running MAIL (MAIL)MAILER on job 9
Wed, 24-Jan-96 11:59:59 PST
Frame 9 user MAIL: (MAIL)MAILER 
%already running MAIL (MAIL)MAILER on job 9
Wed, 24-Jan-96 12:59:59 PST
Frame 9 user MAIL: (MAIL)MAILER 
%already running MAIL (MAIL)MAILER on job 9
Wed, 24-Jan-96 14:01:41 PST
Frame 13 user MAIL: (MAIL)MAILER 
%already running MAIL (MAIL)MAILER on job 13
Wed, 24-Jan-96 15:00:00 PST
Frame 13 user MAIL: (MAIL)MAILER 
%already running MAIL (MAIL)MAILER on job 13
Wed, 24-Jan-96 16:00:00 PST
Frame 15 user MAIL: (MAIL)MAILER 
%already running MAIL (MAIL)MAILER on job 15
Frame 16 user PERPOPER: (SYS)REDSAT 
Wed, 24-Jan-96 17:00:00 PST
Frame 9 user MAIL: (MAIL)MAILER 
%already running MAIL (MAIL)MAILER on job 9
Wed, 24-Jan-96 18:00:00 PST
Frame 9 user MAIL: (MAIL)MAILER 
%already running MAIL (MAIL)MAILER on job 9
Wed, 24-Jan-96 19:00:00 PST
Frame 9 user MAIL: (MAIL)MAILER 
%already running MAIL (MAIL)MAILER on job 9
Wed, 24-Jan-96 20:00:00 PST
Frame 13 user MAIL: (MAIL)MAILER 
%already running MAIL (MAIL)MAILER on job 13
Wed, 24-Jan-96 21:00:00 PST
Frame 13 user MAIL: (MAIL)MAILER 
%already running MAIL (MAIL)MAILER on job 13
Wed, 24-Jan-96 22:00:00 PST
Frame 9 user MAIL: (MAIL)MAILER 
%already running MAIL (MAIL)MAILER on job 9
Wed, 24-Jan-96 23:00:00 PST
Frame 9 user MAIL: (MAIL)MAILER 
%already running MAIL (MAIL)MAILER on job 9
Wed, 24-Jan-96 23:59:59 PST
Frame 9 user MAIL: (MAIL)MAILER 
%already running MAIL (MAIL)MAILER on job 9
Frame 13 user PERPOPER: (SYS)REDSAT 
Thu, 25-Jan-96  0:59:59 PST
Frame 9 user MAIL: (MAIL)MAILER 
%already running MAIL (MAIL)MAILER on job 9
Thu, 25-Jan-96  1:59:59 PST
Frame 13 user MAIL: (MAIL)MAILER 
%already running MAIL (MAIL)MAILER on job 13
Thu, 25-Jan-96  2:59:59 PST
Frame 13 user MAIL: (MAIL)MAILER 
%already running MAIL (MAIL)MAILER on job 13
Thu, 25-Jan-96  3:59:59 PST
Frame 10 user MAIL: (MAIL)MAILER 
%already running MAIL (MAIL)MAILER on job 10
Thu, 25-Jan-96  4:59:59 PST
Frame 9 user MAIL: (MAIL)MAILER 
%already running MAIL (MAIL)MAILER on job 9
Thu, 25-Jan-96  5:59:59 PST
Frame 9 user MAIL: (MAIL)MAILER 
%already running MAIL (MAIL)MAILER on job 9
Thu, 25-Jan-96  6:59:59 PST
Frame 10 user MAIL: (MAIL)MAILER 
%already running MAIL (MAIL)MAILER on job 10
Thu, 25-Jan-96  8:00:03 PST
Frame 12 user MAIL: (MAIL)MAILER 
%already running MAIL (MAIL)MAILER on job 12
Frame 13 user PERPOPER: (SYS)REDSAT 
Thu, 25-Jan-96  9:00:02 PST
Frame 13 user MAIL: (MAIL)MAILER 
%already running MAIL (MAIL)MAILER on job 13
Thu, 25-Jan-96 10:01:10 PST
Frame 10 user MAIL: (MAIL)MAILER 
%already running MAIL (MAIL)MAILER on job 10
Thu, 25-Jan-96 11:00:01 PST
Frame 10 user MAIL: (MAIL)MAILER 
%already running MAIL (MAIL)MAILER on job 10
Thu, 25-Jan-96 12:00:00 PST
Frame 12 user MAIL: (MAIL)MAILER 
%already running MAIL (MAIL)MAILER on job 12
Thu, 25-Jan-96 13:00:02 PST
Frame 12 user MAIL: (MAIL)MAILER 
%already running MAIL (MAIL)MAILER on job 12
Thu, 25-Jan-96 13:59:59 PST
Frame 13 user MAIL: (MAIL)MAILER 
%already running MAIL (MAIL)MAILER on job 13
Thu, 25-Jan-96 14:59:59 PST
Frame 13 user MAIL: (MAIL)MAILER 
%already running MAIL (MAIL)MAILER on job 13
Thu, 25-Jan-96 16:00:01 PST
Frame 12 user MAIL: (MAIL)MAILER 
%already running MAIL (MAIL)MAILER on job 12
Frame 13 user PERPOPER: (SYS)REDSAT 
Thu, 25-Jan-96 16:59:59 PST
Frame 12 user MAIL: (MAIL)MAILER 
%already running MAIL (MAIL)MAILER on job 12
Thu, 25-Jan-96 17:59:23 PST
Frame 5 user PERPOPER: LOGOUT status 4,1 exit
Thu, 25-Jan-96 17:59:24 PST notice to quit
Thu, 25-Jan-96 23:47:37 PST system startup
Frame 1 user PJ: (PJ)PAM 
Frame 5 user PERPOPER: (SYS)SYSLOG 
Frame 7 user MAIL: (MAIL)MAILER 
%already running MAIL (MAIL)MAILER on job 7
Fri, 26-Jan-96  0:00:00 PST
Frame 11 user MAIL: (MAIL)MAILER 
%already running MAIL (MAIL)MAILER on job 11
Frame 12 user PERPOPER: (SYS)REDSAT 
Fri, 26-Jan-96  1:00:02 PST
Frame 13 user MAIL: (MAIL)MAILER 
%already running MAIL (MAIL)MAILER on job 13
 K@n