!find mbetty bobw setop.*
SETOP.JAN
{Page 1}
22-Jan-91 00:41:03 ROBERT       BESTARKS      Transfer: RCRANFORD    to BOBW
22-Jan-91 00:41:17 ROBERT       DAUERBACH     Transfer: RCRANFORD    to BOBW
22-Jan-91 00:42:08 ROBERT       JRUGGERE      Transfer: RCRANFORD    to BOBW
22-Jan-91 00:43:05 ROBERT       MBETTY        Remove: SY AC RF WF
22-Jan-91 16:06:28 ROBERT       MBETTY        Grant: SY AC RF WF
22-Jan-91 17:04:10 ROBERT       BOBW          Capability: MG LG
22-Jan-91 17:23:12 BOBW         BOBW          old psw: 313526042534 new: 72227
4544746
23-Jan-91 13:22:22 BOBW         JRUGGERE      Hold:
24-Jan-91 16:25:25 BOBW         DREEDER       Grant: AC
24-Jan-91 16:25:47 BOBW         DREEDER       Grant: WF
25-Jan-91 16:09:42 ROBERT       EMORI         Transfer: RAYT         to BOBW
30-Jan-91 19:45:30 BOBW         SMACMILLAN    Hold:
SETOP.FEB
{Page 1}
03-Feb-89 18:17:19 CYN          MBETTY        Append data: MIKE BETTY, , ,
12-Feb-91 14:25:59 BOBW         BOBW          old psw: 722274544746 new: 67461
7516516
15-Feb-91 17:38:30 ROBERT       BBENNECOFF    Transfer: JOLIVETO     to BOBW
15-Feb-91 17:38:58 ROBERT       LFULLER       Transfer: JOLIVETO     to BOBW
15-Feb-91 17:39:15 ROBERT       RTARKIR       Transfer: JOLIVETO     to BOBW
15-Feb-91 17:39:26 ROBERT       RMCDOUGALL    Transfer: JOLIVETO     to BOBW
15-Feb-91 17:40:06 ROBERT       BTHOMSON      Transfer: JOLIVETO     to BOBW
15-Feb-91 19:13:23 ROBERT       JOLIVETO      Transfer: WALKERG      to BOBW
15-Feb-91 20:05:21 BOBW         RMCDOUGALL    Grant: AC
15-Feb-91 20:05:39 BOBW         RMCDOUGALL    Grant: RF
15-Feb-91 20:06:16 BOBW         RMCDOUGALL    Grant: SY
15-Feb-91 20:06:30 BOBW         RMCDOUGALL    Grant: WF
22-Feb-91 00:45:12 ROBERT       JOLIVETO      Transfer: BOBW         to STAFFOR
D
25-Feb-91 21:28:53 ROBERT       MREEVES       Transfer: DRINGBLOOM   to BOBW
25-Feb-91 21:30:26 ROBERT       MREEVES       Transfer: BOBW         to DRINGBL
OOM
25-Feb-91 23:21:37 ROBERT       GREGV         Transfer: STAFFORD     to BOBW
25-Feb-91 23:22:46 ROBERT       RCRANFORD     Transfer: VWARKER      to BOBW
25-Feb-91 23:53:10 ROBERT       BOBW          Append data: bob workman, , ,
25-Feb-91 23:53:10 ROBERT       BOBW          Entry: 504060551751 Lic: MG LG
26-Feb-91 00:01:09 ROBERT       BOBW          Grant: SY ST AC RF WF
26-Feb-91 00:11:13 ROBERT       MRINDGE       Transfer: JOLIVETO     to BOBW
26-Feb-91 00:12:21 ROBERT       DKINGSLAND    Transfer: JOLIVETO     to BOBW
26-Feb-91 00:12:43 ROBERT       SWHITE        Transfer: JOLIVETO     to BOBW
26-Feb-91 00:13:00 ROBERT       BWELSH        Transfer: JOLIVETO     to BOBW
26-Feb-91 00:13:18 ROBERT       GSTEWARD      Transfer: JOLIVETO     to BOBW
26-Feb-91 00:13:37 ROBERT       KBEDELL       Transfer: JOLIVETO     to BOBW
26-Feb-91 00:13:56 ROBERT       RMANI         Transfer: JOLIVETO     to BOBW

SETOP.MAR
SETOP.APR
SETOP.JUN
{Page 1}
13-Jun-89 16:49:43 GWALKER      BOBW          Transfer: AJAKOBITZ    to VWARKER
06-Jun-90 06:06:57 MBETTY       MBETTY        old psw: 265072057376 new: 26507
2057376
SETOP.JUL
SETOP.AUG
SETOP.SEP
SETOP.NOV
SETOP.DEC
{Page 1}
18-Dec-90 18:51:50 BOBW         JKAY          old psw: 636632740347 new: 535371
666574
SETOP.MAY
SETOP.OCT
{Page 1}
15-Oct-90 17:19:49 DEBBIE       BOBW          Transfer: VWARKER      to RCRANFO
RD
15-Oct-90 17:20:20 DEBBIE       BOBW          Grant: SY AC RF WF
15-Oct-90 17:21:27 DEBBIE       BOBW          Capability: MG
15-Oct-90 17:24:17 DEBBIE       MBETTY        Transfer: KDULABHAN    to BOBW
15-Oct-90 17:24:33 DEBBIE       DHOLDERNESS   Transfer: RCRANFORD    to BOBW
15-Oct-90 17:25:13 DEBBIE       JKAY          Transfer: KDULABHAN    to BOBW
15-Oct-90 17:25:53 DEBBIE       BLARKIN       Transfer: RCRANFORD    to BOBW
15-Oct-90 17:26:14 DEBBIE       SMACMILLAN    Transfer: RCRANFORD    to BOBW
15-Oct-90 17:27:37 DEBBIE       MMONAGHAN     Transfer: KDULABHAN    to BOBW
15-Oct-90 17:27:59 DEBBIE       DREEDER       Transfer: KDULABHAN    to BOBW
15-Oct-90 17:28:17 DEBBIE       DRHODES       Transfer: KDULABHAN    to BOBW
15-Oct-90 17:28:39 DEBBIE       DSTOFKO       Transfer: RCRANFORD    to BOBW
18-Oct-90 20:10:59 TAMMI        BOBW          Grant: SY AC RF WF
19-Oct-90 20:37:59 TAMMI        BOBW          Employee (was)  (now)
19-Oct-90 20:41:46 TAMMI        BOBW          ID # 0-000000 new: 5-013363
30-Oct-90 20:35:03 BOBW         JKAY          old psw: 535561744106 new: 636632
740347
!exit
