
9 AUG 1940 D54-P034/J-1 $? #1383-KL CRA001, StopPC/ACTSER:ACTBUF+725
   (OPER)

12 AUG 0312 D54-P034/J-1 $? #1383-KL CRA002, StopPC/MAPIO:DLXDR0+2
   (OPER)

30 AUG 0206 D54-P034/J-3 $? #1376-KL CRA003, StopPC/SWAMP:FPCPP0+4
   (OPER)

7 SEP 0253 D54-P034/J-3 $? #1376-KL CRA004, StopPC/SWAMP:SEAR15+1
   (OPER)

2 OCT 1513 D54-P034/J-3 $? #1376-KL CRA005, Base type 11, CH1/0,
   StopPC/usr+777777 Parity error from MIC (sen 237). (OPER)

12 OCT 0932 D54-P034/J-3 $? #1376-KL CRA006, StopPC/SWAMP:SATMRK+12
   (OPER)

2 NOV 0039 D54-P034/J-3 $? #1376-KL CRA007, StopPC/FILFND:DECRMV+13
   (OPER)

9 NOV 0215 D54-P034/J-3 $? #1376-KL CRA008, StopPC/SWAMP:FPCPP0+4
   (OPER)

9 NOV 0520 D54-P034/J-3 $? #1376-KL CRA009, StopPC/SWAMP:GIVPGK+5
   (OPER)

14 NOV 0239 D54-P034/J-3 $? #1376-KL CRA010, StopPC/SWAMP:FPCPP0+4
   (OPER)

17 NOV 1431 D54-P034/J-3 $? #1376-KL CRA011, StopPC/FILUUO:UPDUFD+16
   (OPER)

21 NOV 0214 D54-P034/J-3 $? #1376-KL CRA012, StopPC/FILFND:DECRMV+13
   (OPER)

4 DEC 0309 D54-P034/J-7 $? #1376-KL CRA013, No date, Base type 4,
   CH1/0, StopPC/usr+777777 Bad data type or port number from host.
   (OPER)
