
: 
: 
: 
: 
REPLACING FILE (WRS:74)AUXLIB.SAI

COPY STARTING

(WRS:33)AUXLIB.SAI COPIED TO (WRS:74)AUXLIB.SAI

5864 (5078) CHARS. TRANSMITTED

: 
COPY STARTING

(WRS:33)AUXLIB.DCL COPIED TO (WRS:74)AUXLIB.DCL

1130 (917) CHARS. TRANSMITTED

: 
COPY STARTING

(WRS:33)AUXLIB.NEW COPIED TO (WRS:74)AUXLIB.NEW

8429 (7287) CHARS. TRANSMITTED

: 
COPY STARTING

(WRS:33)AUXLIB.REQ COPIED TO (WRS:74)AUXLIB.REQ

63 (81) CHARS. TRANSMITTED

: 
REPLACING FILE (WRS:74)AUXLIB.REL

COPY STARTING

(WRS:33)AUXLIB.REL COPIED TO (WRS:74)AUXLIB.REL

8375 (7429) CHARS. TRANSMITTED

: 