DIAG                     1  1206
DIAG10C                  1  1206
DIAG10V                  1  1206
DIAG10D                  1  1206
1213MGR                  1  1206
DJEZEK               30455  1247
LUSKERJ              11334  1257
OHARAB               30455  1257
SECONDHIF            23407  1257
DLANE                44251  1381
SWHITE               44251  1381
CWCODES              11020  1381
BAHCODES             11020  1381
BDACODES             11020  1381
NETDVDOC             11334  1420
CORPTEL                  4  2001
DBENFE               32120  2002
DEPTECH              11020  2002
TGCODES              11020  2002
NFESEC               11020  2002
OCONNORK             11020  2002
OAHUCODE             11020  2002
PRINCE               11020  2002
ECMOPS               11020  2002
EQUIPDIV             11020  2002
BASESUP              11020  2002
RCACODES             11020  2002
SLOVAKM              11020  2002
MDOWNEY              11020  2003
MFGSEC               11020  2003
MFGRECEP             11020  2003
PNELSON              11020  2003
EST                  36620  2003
JMCOLINROB               1  2004
MARTYB                   1  2004
LANEK                    1  2004
SYS                      1  2004
TAPELIB                  1  2004
UFD                      1  2004
SYSDOC               11447  2004
TCMS                     1  2004
TAPELIBE                 1  2004
UTIL                     1  2004
UN1                      6  2004
CRASH                    1  2004
CUPCWRN                  1  2004
DALMON                   1  2004
CUPCOPS                  1  2004
PEREZG                   1  2004
FTSYSDOC             11447  2004
HOLD                     1  2004
RESRFP                   1  2004
SSEREP                   1  2004
RSCSSTAT                 1  2004
BRETTF                   1  2005
BILLF                    1  2006
MOSSERJ              14717  2007
TCASS                11346  2007
POINTERC             14717  2007
LELANDY                  1  2008
MARCONIT                 1  2008
DCOPRINT                 1  2008
DALSWRN                  1  2008
JENGLISH                 1  2008
RODDAMJ                  1  2008
SCRIBNER                 1  2008
LMORRIS                  1  2009
TRUCONTROL               1  2009
TSWALLACE                1  2009
USEVAL                   6  2009
TTS317               26442  2009
BURNS1                   1  2009
CUD10                    1  2009
FBARTON                  1  2009
JENNYG                   1  2009
FREITAS2                 1  2009
ALLFILES                 1  2009
ROOPED                   1  2009
SRASO                    1  2009
SSJREP                   1  2009
SRAMOV                   1  2009
SRAFRCST                 1  2009
SRACRT                   1  2009
SRA1                     1  2009
VMCMST1                 14  2010
VMLIBR                  14  2010
MIKERUDE             11334  2012
MITCHELJ             11334  2012
DNDNAC               11334  2012
EBS                  11334  2012
WEUSKE               11334  2012
BUBBNET              11334  2012
CLOVER               11334  2012
CHANG                11334  2012
YOUNGERC             11334  2012
NDT                      3  2012
PNETS                11334  2012
NETPERM              11334  2012
NETDEV2              11020  2012
PRODEV01             22013  2012
PRODEV02             22013  2012
ISIS                 11334  2012
ISISDOC              11334  2012
ALFENN               23401  2012
DUPJOB10                 1  2017
CPAPRINT                 1  2017
PJ                       6  2017
BACKUP                   1  2017
SPOOL                    1  2017
BERT                     1  2019
METCALFS                 1  2022
MVSMURS                  1  2022
DANIELSR                 1  2022
HAYESDRL                 1  2022
SYSADM20             11447  2025
VIVIAN                   1  2025
VALDEV                   1  2025
SYSNEWS                  1  2025
SYSADM21             11447  2025
TBATLIB              11447  2025
SYSBACKUP            11447  2025
QABUILDOSC           11447  2025
QALIBSYM             11447  2025
QASYS                11447  2025
FTTBA                11447  2025
JCLMIN               11447  2025
ARCHIVES             11447  2025
BOBJ                     1  2025
SSARCHD              11447  2025
SSBACKUP             11447  2025
SSVALSUP             11447  2025
SSINSTALL            11447  2025
SSDEV                11447  2025
SSTRANS              11447  2025
RICHARDSON           11346  2036
SCAPIK                   1  2036
MEYERG               11346  2037
32BIT                46273  2101
KILLIONJ             21477  2103
DBENG                32120  2103
DBENGA               32120  2103
DKNOTT               11020  2103
SCHENDEL             21477  2103
DBRES                32120  2105
DBTAR                32120  2106
FACSEC               11020  2107
MSEDSEL              21477  2108
MSPOPPE              21477  2108
MSLOUISE             21477  2108
MSMA                 21477  2108
WEISINGER            21477  2108
FJAVADI              21477  2108
RNIELSEN             21477  2108
CHEDIN               21477  2109
DBMAN                32120  2112
PISTAT               21477  2114
RCHUN                21477  2116
CUSTORDS             32120  2119
KKELLER              21477  2120
MCDAVID              21477  2120
DCORNELY             21477  2120
DBA                  32120  2120
YOUNGS               21477  2120
NETSTAT              21477  2120
GBEIDLER             21477  2120
TECHW                    1  2127
NETCONAD             21477  2127
PCROUTS              11020  2127
NPRODUCT             11020  2127
JBUXTON              11020  2127
APLAB                11020  2127
SPOOLING             11653  2127
SROOS                    1  2127
TNETOPS                  1  2129
POPPE                21477  2154
DEPOT                11020  2202
TKELLEY              11020  2202
WASOWSKI             11020  2202
CGIBSON              11020  2202
ALBERTAC             11020  2202
ANVERM               11020  2202
DONAHUE              14717  2207
OLSONT               23707  2211
CORBELL              23707  2215
DBENFEN              32120  2302
MCNEY                11020  2304
DBENFEB              32120  2304
ABELE                11346  2307
JWILLOTT             23707  2311
MARYC                23707  2311
MIKEMO               23707  2311
MILLERK              23707  2311
DBLISS               23707  2311
EDWALL               23707  2311
ENGHNTR              23707  2311
ENGR                 23707  2311
CADPLOT              23707  2311
CBROWN               23707  2311
PATELN               23707  2311
PSBROWN              23707  2311
RBROWN               23707  2311
GCONE                23707  2311
GOLOBIC              23707  2311
HVBURTON             23707  2311
ACHERIN              23707  2311
SOLOMON              23707  2311
SUDHIR               23707  2311
DBWNFE               32120  2402
DIAMONDP             11020  2402
WCMFIXIT             11020  2402
WNFE                 11020  2402
WNFETECH             11020  2402
NETSUPPT             11020  2402
SOCKWELL             11020  2402
DBWNFES              32120  2403
CNFESEC              11020  2501
CNFE                 11020  2502
CNFETECH             11020  2502
CNFEMGR              11020  2502
KHOLLAND             11020  2603
NETANAL              11334  2603
CATTANEO             11020  2603
NTS                  11020  2603
BLAIR                11020  2603
BRUCES               11020  2603
STEINJ               11020  2603
MOORING              11020  2605
NFERECEP             11020  2605
JCARTER              11020  2605
BSQUIST              11020  2605
STUTZMANC            44267  2733
TCHECKTID            46732  2951
CWILSON              11334  2951
YOUNGV               11334  2951
SMYTHEC              11334  2953
BUSPLN               11011  3002
MACEMON              11011  3048
EDIDADM              35676  3068
FSUPPORT             35676  3068
NYPRINT              11601  3089
DMIREQ               35725  3091
YORKS                14717  3109
CHERIE                   3  3109
CWU                  23707  3109
FCM                  11020  3109
GORDON               23707  3109
JANAN                23707  3109
SCHARF               23707  3109
SORRELL              11020  3109
SSUTIL               11447  3109
SYSMAINT                 3  3109
CC                      13  3142
X22113               11011  3143
EADAMS               34776  3144
ETULK                35676  3144
GMASTERS             11011  3144
INSDCOM              11011  3144
RKLUTE               11011  3144
CMSSUP               11011  3151
PGJCOG               11011  3151
INSDGSS1             11011  3151
ISINSTALL            11011  3151
MICRO                11011  3250
PWSLIB               11011  3250
BATES                11011  3250
MARCOMM              21477  3401
JWAGNER              11334  3403
DBTS                 32120  3406
APLATT               44266  3414
TNSCDOC              27514  3415
TNSCMKTG             27514  3415
DAULTON              21477  3415
DB228                32120  3415
JEFSEY               27514  3415
00083                27514  3415
RTREHIN              27514  3415
RUDMAN               27514  3415
SIRTI                27514  3415
NWILLIAMS            21475  3416
RFMC                 21475  3416
INTLACCTG            21477  3416
DB132                32120  3417
NSCNET               23036  3417
MATTHEWS             21477  3418
SWATS                27700  3422
DBWTS                32120  3425
DB130                32120  3425
DB131                32120  3425
BREZELL              21476  3425
MIDCENTRAL           21477  3433
EASTLINE             21472  3438
CHRISM               21476  3439
DB225                32120  3439
EASTPNET             21477  3440
DGAETANI             21477  3441
DB220                32120  3441
SOMERVIL             10056  3442
DIST216              21477  3444
JMORSE               44060  3446
GKASHER              44062  3447
NEPNET               21477  3450
DPELSUE              21477  3450
TCUPAL               21477  3450
MARKMCW              21477  3452
DBPNETS              32120  3452
NGREGORY             21476  3452
JMESSINA             21477  3452
STOY                 11334  3452
DBMKTG               32120  3453
NSJENKS              21477  3453
PUBNET               21476  3453
JBRENNAN             21477  3454
DZISA                21476  3456
TMYLES               21476  3456
WHONG                21476  3456
CHENC                21476  3456
QSMITH               21476  3456
ADAZZI               21476  3456
BSTALING             21476  3456
BONSTOTT             21476  3456
SVOTH                21476  3456
DLEE                 21476  3457
TSUIS                21476  3457
WALKERG              21476  3457
DBHQTECH             32120  3457
ISISFILES            21476  3457
JHSIEH               44047  3457
MAINTDIAG            11020  3458
MALAVI               11020  3458
MORIARTY             11020  3458
MARACT               11020  3458
DIAGQA               11020  3458
DMACOMB              11020  3458
DNOLLEY              11020  3458
DMILLER              11020  3458
ENFESEC              11020  3458
DREID                11020  3458
FACILITIES           11020  3458
TRAINLAB             11020  3458
WAGNERD              11020  3458
TRAINSEC             11020  3458
TYMDATA              11020  3458
WNFESEC              11020  3458
VARDIAG              11020  3458
CORTEZ               11020  3458
CWDIAG               11020  3458
DAUGHTJ              11020  3458
NTSDEMO              11020  3458
PATTIMCD             11020  3458
RICHARDS             11020  3458
RISDIAG              11020  3458
PMORSE               11020  3458
GKING                11020  3458
JMARTELL             11020  3458
HAGERL               11020  3458
KDCDIAG              11020  3458
JNEAL                11020  3458
JOHNSOND             11020  3458
GWALPOLE             11020  3458
ARELLA               11020  3458
BNOLLEY              11020  3458
AYARS                11020  3458
CESDOC               11020  3458
BOURDEAU             11020  3458
RVIVIER              11020  3458
TECHTRAIN            11020  3458
SNAVELYJ             11020  3458
TECHLIB              11020  3458
SLATERK              11020  3458
PROJMGT              44054  3460
RAFALA               21477  3464
INSCODE              21477  3464
INSNET               46251  3464
JAKOBITZ             44062  3464
MAGNUM                   7  4002
MIDAS                    7  4002
FSIEGEL                  7  4002
MAIL                     3  4011
MCH                      3  4011
MPL                      3  4011
MONDOC                   3  4011
DENCOFF                  3  4011
F40                      3  4011
FLETCHERC                3  4011
FRENCH                   3  4011
DOCAIL                   3  4011
FTSYS                    1  4011
TNXAIL                   3  4011
YEUX                     3  4011
TYMGRIPE                 3  4011
XAIL                     3  4011
XCONSULT                 3  4011
YAMM                     3  4011
VUE                      3  4011
TSUCOOP                  3  4011
COBOLQA                  3  4011
OSMAN                    3  4011
OSU                      3  4011
PEARLS               23707  4011
OSNF                     3  4011
SAIL                     3  4011
SAILIB                   3  4011
SAILTEST                 3  4011
SALLY                    3  4011
PUB                      3  4011
HELGEM                   3  4011
INFO                     3  4011
JAIL                     3  4011
LINK10                   3  4011
KEN                      3  4011
JMS                      3  4011
M33                      3  4011
BAIGENT              14717  4011
BSTRONG              14717  4011
CARL                     3  4011
BRING                14717  4011
SPL                      3  4011
TBAFTDEB                 3  4011
SSPERP               11447  4011
SSPRINT              11447  4011
SPPARCH                  3  4011
SPUNKTEST                3  4011
SPPOPER                  3  4011
MATS                 13107  4016
TTMSISIS2            13107  4016
TTMSTS               13107  4016
SPINALE              13107  4016
STIER                13107  4018
MLEWIS               13107  4021
GAUCI                13107  4021
SPEX                 13107  4021
SYNCMAG              13107  4021
PARSTW               27245  4022
TTMSBUBB             13107  4030
CMTI                 11334  4033
JSOUNG               11334  4033
BECHLYT              11334  4033
MATOKA                   3  4034
DCHANG               11334  4034
OSERANG              11334  4034
MALUBINA             11334  4035
CRAY                 11334  4038
JONAS                11334  4038
MBERGER              11334  4039
RGFOX                11334  4039
RWS                  11334  4039
LSHERMAN             11334  4039
SMITHDE              11334  4039
SANDYMF              11334  4040
KALENDA              11334  4040
MIKELU               21477  4041
VKRLEE               21477  4041
JJOELS               11334  4041
ANALYSIS             21477  4041
AVINASH              11334  4041
CHUNGLAM             21477  4041
SHARMA               21476  4041
OSIRIS               24261  4042
OSIRIS1              11334  4042
SCHRAMM              11334  4042
SLLDCAIN             11334  4042
PATROL               11334  4044
RAFFO                11334  4044
ROLAND               11447  4044
ROLANDK              11334  4044
HUEYMA               11334  4044
MSHEN                11334  4045
NAD                  11334  4045
EPASCAL              24261  4045
EPASCAL1             11334  4045
NTDLIBRARY           11334  4047
LIBRARY1             11334  4047
NASON                10551  4071
INDIAL2              34776  4071
EWELSH               44062  4095
STARKSG              47233  4096
CONSULTING           21477  4099
TSAMPSON             44061  4100
ADPCODE              44061  4100
BTHOMSON             21476  4100
ENSS                 21477  4101
CIDNCODE             21476  4101
DRAY                 44054  4102
DUNLEVYM             44054  4102
DBCTS                32120  4102
PDUNLEVY             44054  4102
RHOWLAND             21477  4102
AKRONE               44054  4102
VATECH               44062  4104
DGAUVIN              44060  4106
WRONSTADT            44060  4106
SWARTZM              44060  4106
SHSU                 11334  4115
SHWONG               11334  4115
TIIDEV               11334  4115
FRANKWU              11334  4117
GRANVOLD             11334  4117
DAVARJ               11334  4117
PMANLEY              11334  4117
CCHANG               11334  4117
UPTGROVE             11334  4118
DLASATER             11334  4119
WRS                      3  4119
KOPFJ                11334  4119
TWANG                11334  4122
ACHAO                11334  4122
BONDAD               11334  4122
LAGOLD               11334  4123
LMAURER              11334  4123
VALIDATE             11447  4127
JMARCIN              11334  4127
BURRIESCIN           11447  4127
MIDBAK               11334  4128
NETMID               11334  4128
JHSIEH1              11334  4128
JLIOU1               11334  4128
DRISCOLL             11334  4130
DWEST                22013  4130
STIMACM              11334  4130
MATUCHAD             11334  4131
NSDADM               11334  4132
NSDSINS              11334  4132
NSDBKUP              11334  4132
NSDLIB               11334  4132
NSDBINS              11334  4132
BETATESTINT          11334  4132
SOURCEINT            11334  4132
WRFSC                21476  4136
CORSO                11334  4136
DGOAD                11334  4137
OASYS                43511  4301
DHSMITH              21477  4503
GCOLES               11334  4721
SEMAR                11334  4721
MADDERRA             11334  4721
STHOMPSON            11334  4721
SHEPPARDA            30455  4722
INTACT               11010  5003
JCM                  11020  5005
FBATCH                   1  5006
CTOPSMGR            1  5006
PARPRINT              6036  5006
PCM                  11020  5006
PHIL                     1  5006
SLIISIS              30042  5011
MWALTERS             47256  5019
UKDOC                47256  5019
PMELLET              27514  5019
PRAMS                47256  5019
PWARN                47256  5019
INTYM                27514  5019
BWALLACE             47256  5019
TNSUKM               47256  5019
MISTAPE                  4  5027
NETDETAIL            21477  5027
DMOULTON                 4  5027
FCANNING                 4  5027
UAS                      4  5027
UIS                      4  5027
DBDDD                32120  5027
DBETS                32120  5027
DBVPSALES            32120  5027
DBPRES               32120  5027
DBEASTSALE           32120  5027
DBEPN                32120  5027
PRODNET              21477  5027
INTLPROGS            21477  5027
KOVACH                   4  5027
ACT10                    4  5027
BOBH                     4  5027
CARRELLA                 4  5027
ACTRTY                   4  5027
SPOOLRM              11016  5027
TESTASB                  4  5027
TESTMNCH                 4  5027
FRANK                    4  5028
RJK                      4  5028
RODRIGUESP               4  5028
ACCG1                21477  5031
NADMRES              10056  5032
TYMRES               10056  5032
DBACCNTRL            32120  5032
LYNASK               21477  5032
STAFFORD             21477  5032
SDERRY                   7  5041
AMUNDSON             44266  5051
GGARDINA             21476  5052
MIMI                 44266  5053
PACTECH              44266  5053
ETAM                 44266  5053
SCHOU                44266  5053
JWANG                44266  5053
LHEINZEL             44266  5053
LAMPMAN              21477  5053
MCKIERNAN            44266  5053
CCHEN                44266  5053
SWONG                44266  5053
TCHOW                44266  5053
NETDATA              32120  5106
TNSETS               27514  5113
CATECH               44054  5203
MOXON                21477  5207
OLDPLOT              21475  5207
PACAULT              21477  5207
PATCH                21477  5207
MREBMANN             21477  5207
MSTSCHED             21477  5207
NADM                 21477  5207
NEATECH              21476  5207
NEDIST               21477  5207
NET1STAGE            21476  5207
NETDB                32120  5207
NETEK                21476  5207
NETENG               21477  5207
NETEOM               21477  5207
NETMAPNS             21477  5207
NETOPS               21477  5207
NETSALES             21477  5207
NEWS                 10056  5207
NSTECH               21476  5207
OHARROW              21476  5207
PCORCORAN            21477  5207
PETER                21476  5207
PHILJ                21476  5207
PILCHER              21477  5207
PLOT                 21475  5207
PLOTTING             21477  5207
PNAGEL               21477  5207
PNETPG               21477  5207
PNETSUP              21477  5207
DYOUNG               44251  5207
HQLAB                21476  5207
HQTECH1              41320  5207
HULTQUIS             21476  5207
EASTECH              21476  5207
EASTTECH             21476  5207
ERICV                21477  5207
EUROTECH             21477  5207
EWINDLE              21477  5207
FADMIN               10056  5207
GREATECH             21476  5207
GSWINTON             21476  5207
ISISTECH             21476  5207
FEDACCG              21477  5207
FERRISK              21477  5207
FFISHMAN             21476  5207
FICHEGEN             21476  5207
JALCAN               21477  5207
FIELDNUM             21474  5207
FTAPSELL             21477  5207
FUTUREPLOT           21475  5207
WASUPT               21476  5207
WESTECH              21476  5207
WESTSALE             10056  5207
WHITLOCK             21476  5207
WIEBET               21476  5207
WNFEOPS              21477  5207
WRFS                 21476  5207
WRHOST               21477  5207
WRPNET               21477  5207
WSHAW                21477  5207
DBACOVE              32120  5207
DBNESALE             32120  5207
DBNSTECH             21476  5207
DBOPER               32120  5207
DBOPSPLNG            32120  5207
DBADOUG              32120  5207
DBSNI                32120  5207
DBSWTS               32120  5207
DBTIO                32120  5207
DBTLC                32120  5207
DBTMP                32120  5207
DBTSHACCT            32120  5207
DBWESTSALE           32120  5207
DHAWES               21476  5207
DBAHST               32120  5207
DBCENTSALE           32120  5207
DBCEO                32120  5207
DBCES                32120  5207
DBCIS                32120  5207
DBCNFE               32120  5207
DBCNFED              32120  5207
DBCNFEH              32120  5207
DBDML                32120  5207
DBDND                32120  5207
DBENFEW              32120  5207
DBFEDMKTG            32120  5207
DONNELLY             21476  5207
DOOLITTLER           32120  5207
DBFIELDOPS           32120  5207
DBFIN                32120  5207
DBHANNAH             32120  5207
POSTAL               21477  5207
PQUE                 21477  5207
PRIMP                21477  5207
RADMON               21476  5207
RAFFOR               11447  5207
RESMGT               21476  5207
RESZ                 21477  5207
RMILTON              21477  5207
ROY                  21477  5207
RSB                  21477  5207
RSPRENKEL            21476  5207
SBS                  21476  5207
SCHED                10056  5207
SEATECH              44062  5207
SETECH               21476  5207
SOUTHSALES           10056  5207
SPIELLER             21477  5207
JLEE                 21477  5207
MART5                44062  5207
MCCUSKER             21477  5207
MCONWAY              21477  5207
MDCIRVINE            45261  5207
JLIOU                21476  5207
JORDANR              44061  5207
KADNEY               32120  5207
KDDIAG               21475  5207
KSALEHI              32120  5207
LASALES              10056  5207
LDDC                 21476  5207
LEAHYP               21477  5207
LIENEMANC            44062  5207
LNIRENBERG           21476  5207
LOVELL               21477  5207
LUEDERK              44062  5207
MART1                44062  5207
MART2                44062  5207
MART3                44062  5207
MART4                44062  5207
MFORDE               21476  5207
31013399             23575  5207
CNSALES              21475  5207
COLLECTR             21477  5207
CRFSM                11334  5207
BOFADMIN             21477  5207
ATLANTICTECH         10056  5207
ATTW                 32120  5207
BBENG                21477  5207
ATTS                 32120  5207
ATTE                 32120  5207
ATTC                 32120  5207
ATTAM                32120  5207
ATT                  21477  5207
BSTURM               21476  5207
BWILLIAMS            32120  5207
CAAPROJ              11334  5207
CENTECH              21476  5207
CENTRALTECH          10056  5207
CLARKET              21477  5207
CLEMENS              21477  5207
CUSNETS              21475  5207
DAILYPROGS           21477  5207
DAILYREPS            21477  5207
DAVISA               21477  5207
DB134                32120  5207
SSPAMBIN             11447  5207
SSPAMSYM             11447  5207
SSTERLING            21476  5207
STALLING             11334  5207
TECHDOC              21476  5207
TECHLAB              21476  5207
TELCODBS             21477  5207
TGBILL               21477  5207
TGJUDY               21477  5207
TGRUSS               21477  5207
TOMASI               21477  5207
TYMGEN               21477  5207
TYMISIS              21477  5207
TYMTEST              21477  5207
USIAKR               44060  5207
DBPROJ               32120  5208
GBLOOD               11447  5730
   !_Ÿ