1 (69)
3 (44)
4 (16)
6 (3)
7 (4)
13 (1)
14 (2)
6036 (1)
10056 (11)
10551 (1)
11010 (1)
11011 (13)
11016 (1)
11020 (98)
11334 (90)
11346 (4)
11447 (28)
11601 (1)
11653 (1)
13107 (10)
14717 (7)
21472 (1)
21474 (1)
21475 (8)
21476 (60)
21477 (111)
22013 (3)
23036 (1)
23401 (1)
23407 (1)
23575 (1)
23707 (26)
24261 (2)
26442 (1)
27245 (1)
27514 (10)
27700 (1)
30042 (1)
30455 (3)
32120 (71)
34776 (2)
35676 (3)
35725 (1)
36620 (1)
41320 (1)
43511 (1)
44047 (1)
44054 (6)
44060 (5)
44061 (3)
44062 (12)
44251 (3)
44266 (12)
44267 (1)
45261 (1)
46251 (1)
46273 (1)
46732 (1)
47233 (1)
47256 (6)
