bs free out of 110 (60%).
Mon, 18 Aug 86 7:06:21 UT; 65 jobs free out of 110 (59%).
Mon, 18 Aug 86 7:21:29 UT; 66 jobs free out of 110 (60%).
Mon, 18 Aug 86 7:36:29 UT; 66 jobs free out of 110 (60%).
Mon, 18 Aug 86 7:51:30 UT; 66 jobs free out of 110 (60%).
Mon, 18 Aug 86 8:06:35 UT; 66 jobs free out of 110 (60%).
Mon, 18 Aug 86 8:21:36 UT; 66 jobs free out of 110 (60%).
Mon, 18 Aug 86 8:36:36 UT; 65 jobs free out of 110 (59%).
Mon, 18 Aug 86 8:51:37 UT; 66 jobs free out of 110 (60%).
Mon, 18 Aug 86 9:06:38 UT; 66 jobs free out of 110 (60%).
Mon, 18 Aug 86 9:21:38 UT; 66 jobs free out of 110 (60%).
Mon, 18 Aug 86 9:36:39 UT; 65 jobs free out of 110 (59%).
Mon, 18 Aug 86 9:51:39 UT; 65 jobs free out of 110 (59%).
Mon, 18 Aug 86 10:06:40 UT; 65 jobs free out of 110 (59%).
Mon, 18 Aug 86 10:21:41 UT; 64 jobs free out of 110 (58%).
Mon, 18 Aug 86 10:36:41 UT; 67 jobs free out of 110 (60%).
Mon, 18 Aug 86 10:51:42 UT; 67 jobs free out of 110 (60%).
Mon, 18 Aug 86 11:06:43 UT; 65 jobs free out of 110 (59%).
Mon, 18 Aug 86 11:21:48 UT; 63 jobs free out of 110 (57%).
Mon, 18 Aug 86 11:36:50 UT; 63 jobs free out of 110 (57%).
Mon, 18 Aug 86 11:51:53 UT; 59 jobs free out of 110 (53%).
Mon, 18 Aug 86 12:06:59 UT; 55 jobs free out of 110 (50%).
Mon, 18 Aug 86 12:22:12 UT; 48 jobs free out of 110 (43%).
Mon, 18 Aug 86 12:37:21 UT; 39 jobs free out of 110 (35%).
Mon, 18 Aug 86 12:52:29 UT; 36 jobs free out of 110 (32%).
Mon, 18 Aug 86 13:07:39 UT; 27 jobs free out of 110 (24%).
Mon, 18 Aug 86 13:22:59 UT; 20 jobs free out of 110 (18%).
Mon, 18 Aug 86 13:38:17 UT; 9 jobs free out of 110 (8%).
 67  ENFE          1022F4  TI 66h 58m
 28  ENFE          1022F4  TI 66h 19m
 49  WNFEOPS       1022F4  TI 65h 51m
 55  TYM5          DIRIT   ^C 64h 22m  killed
Mon, 18 Aug 86 13:53:33 UT; 6 jobs free out of 110 (5%).
 67  ENFE          1022F4  TI 67h 13m
 28  ENFE          1022F4  TI 66h 34m
 49  WNFEOPS       1022F4  TI 66h  6m
 63  TYM5          RPG     ^C 64h 16m  killed
 75  TYM5          CKSUM   TI 64h 11m
 91  OHARROWP      LISTER  ^C 63h 37m  killed
 96  JOLIVETO      FIND    TI 63h 26m
 52  JLIU          ONTYME  ^C 62h 14m  killed
 12  WNFE          1022F4  ^C 60h 57m  killed
Mon, 18 Aug 86 14:08:45 UT; 8 jobs free out of 110 (7%).
 67  ENFE          1022F4  TI 67h 28m
 28  ENFE          1022F4  TI 66h 49m
 49  WNFEOPS       1022F4  TI 66h 21m
 75  TYM5          CKSUM   TI 64h 26m
 96  JOLIVETO      FIND    TI 63h 41m
 27  NTS           DIRIT   ^C 60h 18m  killed
 13  ENFE          1022F4  ^C 60h  6m  killed
Mon, 18 Aug 86 14:23:59 UT; 5 jobs free out of 110 (4%).
 28  ENFE          1022F4  TI 67h  4m
 49  WNFEOPS       1022F4  TI 66h 36m
 75  TYM5          CKSUM   TI 64h 41m
 96  JOLIVETO      FIND    TI 63h 56m
 20  ENFE          1022F4  TI 58h 49m
 23  THOMASJ       EDITOR  TI 58h 20m
  9  WNFE          1022F4  TI 52h 22m
 17  WNFEOPS       1022F4  TI 52h 22m
  7  WNFE          1022F4  ^C 43h 45m  killed
 19  TSDCONTROL    1022F4  ^C 41h 58m  killed
 88  NETCON        1022F4  TI 24h  1m
 24  NETCON        A       ^C 22h 57m  killed
  3  WNFE          1022F4  ^C 17h 51m  killed
 15  NETCON        SYSNO   ^C 16h 18m  killed
Mon, 18 Aug 86 14:39:16 UT; 6 jobs free out of 110 (5%).
 28  ENFE          1022F4  TI 67h 19m
 49  WNFEOPS       1022F4  TI 66h 51m
 96  JOLIVETO      FIND    TI 64h 11m
 20  ENFE          1022F4  TI 59h  4m
 23  THOMASJ       EDITOR  TI 58h 35m
 17  WNFEOPS       1022F4  TI 52h 37m
  9  WNFE          1022F4  TI 52h 37m
 88  NETCON        1022F4  TI 24h 16m
  8  FLCHEN        1022F4  ^C 14h 38m  killed
 26  NETCON        1022F4  TI 12h 10m
 30  ENFE          OPER    ^C  3h 24m  killed
 14  ENFE          1022F4  TI  2h 52m
 58  ENFE          1022F4  TI  2h  6m
 60  ENFE          1022F4  ^C  2h  6m  killed
 43  ENFE          1022F4  TI  1h 53m
 48  ENFE          1022F4  TI  1h 45m
 10  NETCON        LOADII  ^C  1h 45m  killed
Mon, 18 Aug 86 14:54:33 UT; 10 jobs free out of 110 (9%).
Mon, 18 Aug 86 15:09:46 UT; 10 jobs free out of 110 (9%).
Mon, 18 Aug 86 15:25:02 UT; 4 jobs free out of 110 (3%).
 28  ENFE          1022F4  TI 68h  4m
 49  WNFEOPS       1022F4  TI 67h 36m
 20  ENFE          1022F4  TI 59h 49m
 23  THOMASJ       EDITOR  TI 59h 20m
  9  WNFE          1022F4  TI 53h 22m
 17  WNFEOPS       1022F4  TI 53h 22m
 88  NETCON        1022F4  TI 25h  1m
 26  NETCON        1022F4  TI 12h 55m
 14  ENFE          1022F4  TI  3h 37m
 58  ENFE          1022F4  TI  2h 51m
 43  ENFE          1022F4  TI  2h 38m
 48  ENFE          1022F4  TI  2h 30m
 45  SHAWB         OPER    ^C  2h 14m  killed
 38  ENFE          1022F4  TI  2h  7m
 82  CNFE          OPER    ^C  2h  5m  killed
 99  EWONG         OPER    ^C  1h 55m  killed
 86  ENFE          1022F4  ^C  1h 51m  killed
102  SBANNING      OPER    ^C  1h 42m  killed
 87  CNFE          1022F4  TI  1h 35m
 77  DMIELKE       1022F4  ^C  1h 26m  killed
Mon, 18 Aug 86 15:40:20 UT; 4 jobs free out of 110 (3%).
 28  ENFE          1022F4  TI 68h 19m
 49  WNFEOPS       1022F4  TI 67h 51m
 20  ENFE          1022F4  TI 60h  4m
 23  THOMASJ       EDITOR  TI 59h 35m
 17  WNFEOPS       1022F4  TI 53h 37m
  9  WNFE          1022F4  TI 53h 37m
 88  NETCON        1022F4  TI 25h 16m
 26  NETCON        1022F4  TI 13h 10m
 58  ENFE          1022F4  TI  3h  6m
 43  ENFE          1022F4  TI  2h 53m
 48  ENFE          1022F4  TI  2h 45m
 38  ENFE          1022F4  TI  2h 22m
 87  CNFE          1022F4  TI  1h 50m
 69  CNFE          1022F4  ^C  1h 28m  killed
 71  CNFE          1022F4  ^C  1h 28m  killed
 63  ENFE          1022F4  TI  1h 28m
 37  TCSUP         LISTER  ^C  1h 27m  killed
 74  CATECH        DIRIT   ^C  1h 25m  killed
 90  CNFE          1022F4  ^C  1h 22m  killed
103  WNFE          1022F4  ^C  1h 16m  killed
Mon, 18 Aug 86 15:55:30 UT; 4 jobs free out of 110 (3%).
 28  ENFE          1022F4  TI 68h 34m
 49  WNFEOPS       1022F4  TI 68h  6m
 20  ENFE          1022F4  TI 60h 19m
 23  THOMASJ       EDITOR  TI 59h 50m
 17  WNFEOPS       1022F4  TI 53h 52m
  9  WNFE          1022F4  TI 53h 52m
 88  NETCON        1022F4  TI 25h 31m
 58  ENFE          1022F4  TI  3h 21m
 43  ENFE          1022F4  TI  3h  8m
 38  ENFE          1022F4  TI  2h 37m
 87  CNFE          1022F4  TI  2h  5m
 63  ENFE          1022F4  TI  1h 43m
 16  CATECH        NONAME  ^C  1h 26m  killed
 13  WARNERD       NAD     ^C  1h 21m  killed
 73  CATECH        NAD     ^C  1h 20m  killed
 42  BWORKMAN      1022F4  TI  1h 19m
 18  OPER          SYSNO   ^C  1h 13m
 92  CATECH        NAD     ^C  1h 11m  killed
 30  ENFE          1022F4  ^C  1h  7m  killed
 50  TCSUP         1022F4  TI  0h 55m
  4  OPER          XEXEC   SL  0h 54m
 19  ENFE          1022F4  ^C  0h 52m  killed
Mon, 18 Aug 86 16:10:49 UT; 7 jobs free out of 110 (6%).
 28  ENFE          1022F4  TI 68h 49m
 49  WNFEOPS       1022F4  TI 68h 21m
 20  ENFE          1022F4  TI 60h 34m
 23  THOMASJ       EDITOR  TI 60h  5m
  9  WNFE          1022F4  TI 54h  7m
 17  WNFEOPS       1022F4  TI 54h  7m
 88  NETCON        1022F4  TI 25h 46m
 58  ENFE          1022F4  TI  3h 36m
 38  ENFE          1022F4  TI  2h 52m
 87  CNFE          1022F4  TI  2h 20m
 63  ENFE          1022F4  TI  1h 58m
 18  OPER          SYSNO   ^C  1h 28m
 50  TCSUP         1022F4  TI  1h 10m
 47  CWEIDNER      DIRIT   ^C  1h  0m  killed
 96  JOLIVETO      LISTER  ^C  0h 58m  killed
 10  WNFE          LISTER  ^C  0h 58m  killed
Mon, 18 Aug 86 16:26:14 UT; 4 jobs free out of 110 (3%).
 28  ENFE          1022F4  TI 69h  4m
 49  WNFEOPS       1022F4  TI 68h 36m
 20  ENFE          1022F4  TI 60h 49m
 23  THOMASJ       EDITOR  TI 60h 20m
 17  WNFEOPS       1022F4  TI 54h 22m
  9  WNFE          1022F4  TI 54h 22m
 88  NETCON        1022F4  TI 26h  1m
 58  ENFE          1022F4  TI  3h 51m
 38  ENFE          1022F4  TI  3h  7m
 87  CNFE          1022F4  TI  2h 35m
 63  ENFE          1022F4  TI  2h 13m
 18  OPER          SYSNO   ^C  1h 43m
 50  TCSUP         1022F4  TI  1h 25m
 39  INTLTECH      LISTER  ^C  1h 12m  killed
 97  ENFE          LISTER  ^C  1h  9m  killed
 68  TCSUP         1022F4  TI  1h  6m
 59  MHANNA        DIRIT   ^C  1h  6m  killed
 93  WNFE          1022F4  ^C  1h  3m  killed
 79  ENFE          1022F4  ^C  1h  2m  killed
 64  ENFE          1022F4  TI  1h  1m
  7  WNFE          1022F4  ^C  0h 57m  killed
Mon, 18 Aug 86 16:41:46 UT; 4 jobs free out of 110 (3%).
 28  ENFE          1022F4  TI 69h 19m
 49  WNFEOPS       1022F4  TI 68h 51m
 20  ENFE          1022F4  TI 61h  4m
 23  THOMASJ       EDITOR  TI 60h 35m
 17  WNFEOPS       1022F4  TI 54h 37m
  9  WNFE          1022F4  TI 54h 37m
 58  ENFE          1022F4  TI  4h  6m
 38  ENFE          1022F4  TI  3h 22m
 87  CNFE          1022F4  TI  2h 50m
 63  ENFE          1022F4  TI  2h 28m
 18  OPER          SYSNO   ^C  1h 58m
 50  TCSUP         1022F4  TI  1h 40m
 68  TCSUP         1022F4  TI  1h 21m
 64  ENFE          1022F4  TI  1h 16m
 52  RREYES        DIRIT   ^C  1h 12m  killed
 94  CNFE          1022F4  ^C  1h 11m  killed
105  TYM5          CKSUM   TI  1h 11m
 77  ENFE          1022F4  TI  1h 10m
  8  STONEK        DIRIT   ^C  1h 10m  killed
 95  WNFE          OPER    ^C  1h  8m  killed
104  CATECH        1022F4  TI  1h  8m
 99  WNFE          1022F4  ^C  1h  6m  killed
 78  TYM5          CKSUM   ^C  0h 59m  killed
Mon, 18 Aug 86 16:57:08 UT; 4 jobs free out of 110 (3%).
 28  ENFE          1022F4  TI 69h 34m
 49  WNFEOPS       1022F4  TI 69h  6m
 20  ENFE          1022F4  TI 61h 19m
 23  THOMASJ       EDITOR  TI 60h 50m
  9  WNFE          1022F4  TI 54h 52m
 17  WNFEOPS       1022F4  TI 54h 52m
 58  ENFE          1022F4  TI  4h 21m
 38  ENFE          1022F4  TI  3h 37m
 87  CNFE          1022F4  TI  3h  5m
 63  ENFE          1022F4  TI  2h 43m
 18  OPER          SYSNO   ^C  2h 13m
 50  TCSUP         1022F4  TI  1h 55m
 68  TCSUP         1022F4  TI  1h 36m
 64  ENFE          1022F4  TI  1h 31m
105  TYM5          CKSUM   TI  1h 26m
 77  ENFE          1022F4  TI  1h 25m
104  CATECH        1022F4  TI  1h 23m
 45  ENFE          1022F4  TI  1h 11m
 69  EWONG         OPER    ^C  1h 11m  killed
 71  CNFE          1022F4  TI  1h  7m
 48  ENFE          1022F4  TI  1h  5m
 43  ENFE          1022F4  TI  0h 58m
 31  FLIBE         1022F4  ^C  0h 56m  killed
 51  ENFE          1022F4  TI  0h 56m
  4  OPER          XEXEC   SL  0h 55m
 29  TCSUP         1022F4  TI  0h 48m
 67  ENFE          1022F4  TI  0h 45m
 25  TSAMPSON      NAD     ^C  0h 43m  killed
 24  ENFE          1022F4  ^C  0h 40m  killed
 47  CWEIDNER      1022F4  ^C  0h 40m  killed
 82  TYM5          LISTER  ^C  0h 39m  killed
Mon, 18 Aug 86 17:12:25 UT; 9 jobs free out of 110 (8%).
 28  ENFE          1022F4  TI 69h 49m
 49  WNFEOPS       1022F4  TI 69h 21m
 20  ENFE          1022F4  TI 61h 34m
 23  THOMASJ       EDITOR  TI 61h  5m
  9  WNFE          1022F4  TI 55h  7m
 17  WNFEOPS       1022F4  TI 55h  7m
 58  ENFE          1022F4  TI  4h 36m
 38  ENFE          1022F4  TI  3h 52m
 63  ENFE          1022F4  TI  2h 58m
 18  OPER          SYSNO   ^C  2h 28m
 50  TCSUP         1022F4  TI  2h 10m
 64  ENFE          1022F4  TI  1h 46m
 77  ENFE          1022F4  TI  1h 40m
104  CATECH        1022F4  TI  1h 38m
 45  ENFE          1022F4  TI  1h 26m
 71  CNFE          1022F4  TI  1h 22m
 48  ENFE          1022F4  TI  1h 20m
 43  ENFE          1022F4  TI  1h 13m
 51  ENFE          1022F4  TI  1h 11m
 29  TCSUP         1022F4  TI  1h  3m
 67  ENFE          1022F4  TI  1h  0m
 60  ENFE          1022F4  ^C  0h 54m  killed
Mon, 18 Aug 86 17:27:47 UT; 4 jobs free out of 110 (3%).
 28  ENFE          1022F4  TI 70h  4m
 49  WNFEOPS       1022F4  TI 69h 36m
 20  ENFE          1022F4  TI 61h 49m
 23  THOMASJ       EDITOR  TI 61h 20m
  9  WNFE          1022F4  TI 55h 22m
 17  WNFEOPS       1022F4  TI 55h 22m
 58  ENFE          1022F4  TI  4h 51m
 38  ENFE          1022F4  TI  4h  7m
 63  ENFE          1022F4  TI  3h 13m
 18  OPER          SYSNO   ^C  2h 43m
 50  TCSUP         1022F4  TI  2h 25m
 77  ENFE          1022F4  TI  1h 55m
104  CATECH        1022F4  TI  1h 53m
 71  CNFE          1022F4  TI  1h 37m
 48  ENFE          1022F4  TI  1h 35m
 51  ENFE          1022F4  TI  1h 26m
 29  TCSUP         1022F4  TI  1h 18m
 67  ENFE          1022F4  TI  1h 15m
 61  TCSUP         1022F4  ^C  1h  8m  killed
 53  INTRESG       RPG     ^C  1h  4m  killed
 92  POSTECH       DIRIT   ^C  0h 58m  killed
 10  CATECH        LISTER  ^C  0h 52m  killed
106  CATECH        SYSNO   ^C  0h 52m  killed
 55  ENFEOPS       1022F4  TI  0h 51m
 86  ENFE          1022F4  ^C  0h 51m  killed
Mon, 18 Aug 86 17:43:11 UT; 4 jobs free out of 110 (3%).
 28  ENFE          1022F4  TI 70h 19m
 49  WNFEOPS       1022F4  TI 69h 51m
 20  ENFE          1022F4  TI 62h  4m
 23  THOMASJ       EDITOR  TI 61h 35m
 17  WNFEOPS       1022F4  TI 55h 37m
  9  WNFE          1022F4  TI 55h 37m
 58  ENFE          1022F4  TI  5h  6m
 38  ENFE          1022F4  TI  4h 22m
 63  ENFE          1022F4  TI  3h 28m
 18  OPER          SYSNO   ^C  2h 58m
 50  TCSUP         1022F4  TI  2h 40m
 77  ENFE          1022F4  TI  2h 10m
104  CATECH        1022F4  TI  2h  8m
 71  CNFE          1022F4  TI  1h 52m
 48  ENFE          1022F4  TI  1h 50m
 51  ENFE          1022F4  TI  1h 41m
 29  TCSUP         1022F4  TI  1h 33m
 55  ENFEOPS       1022F4  TI  1h  6m
 19  ENFE          1022F4  TI  1h  3m
 27  TYM5          LISTER  ^C  1h  3m  killed
 97  CNFE          DIRIT   ^C  1h  2m  killed
  8  CNFE          1022F4  ^C  0h 58m  killed
 98  ENFE          1022F4  TI  0h 55m
 44  CNFE          1022F4  TI  0h 50m
 59  TYM5          DIRIT   ^C  0h 48m  killed
 79  CNFE          LISTER  ^C  0h 45m  killed
 73  CATECH        1022F4  TI  0h 44m
101  ENFE          1022F4  TI  0h 44m
 66  TAMB          NAD     ^C  0h 43m  killed
Mon, 18 Aug 86 17:58:30 UT; 7 jobs free out of 110 (6%).
 28  ENFE          1022F4  TI 70h 34m
 49  WNFEOPS       1022F4  TI 70h  6m
 20  ENFE          1022F4  TI 62h 19m
 23  THOMASJ       EDITOR  TI 61h 50m
 17  WNFEOPS       1022F4  TI 55h 52m
  9  WNFE          1022F4  TI 55h 52m
 58  ENFE          1022F4  TI  5h 21m
 38  ENFE          1022F4  TI  4h 37m
 63  ENFE          1022F4  TI  3h 43m
 18  OPER          SYSNO   ^C  3h 13m
 50  TCSUP         1022F4  TI  2h 55m
 77  ENFE          1022F4  TI  2h 25m
104  CATECH        1022F4  TI  2h 23m
 71  CNFE          1022F4  TI  2h  7m
 51  ENFE          1022F4  TI  1h 56m
 29  TCSUP         1022F4  TI  1h 48m
 55  ENFEOPS       1022F4  TI  1h 21m
 98  ENFE          1022F4  TI  1h 10m
 44  CNFE          1022F4  TI  1h  5m
101  ENFE          1022F4  TI  0h 59m
 73  CATECH        1022F4  TI  0h 59m
  4  OPER          XEXEC   SL  0h 56m
 25  CATECH        1022F4  ^C  0h 54m  killed
 37  STEINISM      NAD     ^C  0h 54m  killed
 81  TCSUP         1022F4  TI  0h 46m
 30  SHARMA        TUMS    ^C  0h 43m  killed
Mon, 18 Aug 86 18:13:55 UT; 6 jobs free out of 110 (5%).
 28  ENFE          1022F4  TI 70h 49m
 49  WNFEOPS       1022F4  TI 70h 21m
 20  ENFE          1022F4  TI 62h 34m
 23  THOMASJ       EDITOR  TI 62h  5m
 17  WNFEOPS       1022F4  TI 56h  7m
  9  WNFE          1022F4  TI 56h  7m
 38  ENFE          1022F4  TI  4h 52m
 63  ENFE          1022F4  TI  3h 58m
 18  OPER          SYSNO   ^C  3h 28m
104  CATECH        1022F4  TI  2h 38m
 71  CNFE          1022F4  TI  2h 22m
 51  ENFE          1022F4  TI  2h 11m
 55  ENFEOPS       1022F4  TI  1h 36m
101  ENFE          1022F4  TI  1h 14m
 73  CATECH        1022F4  TI  1h 14m
 81  TCSUP         1022F4  TI  1h  1m
 57  ENFE          LISTER  ^C  0h 58m  killed
 45  ENFE          1022F4  TI  0h 57m
 47  TSAMPSON      1022F4  ^C  0h 57m  killed
 74  JMAGNAN       1022F4  ^C  0h 57m  killed
 75  WNFE          1022F4  TI  0h 52m
 43  ENFE          1022F4  TI  0h 47m
 21  ENFE          1022F4  TI  0h 43m
 26  TECHSERV      NAD     TI  0h 40m
 39  JLIU          TBA     TI  0h 40m
  7  ENFEOPS       1022F4  TI  0h 37m
 14  ENFE          1022F4  TI  0h 34m
 99  CNFE          1022F4  TI  0h 30m
 19  ENFE          1022F4  ^C  0h 29m  killed
Mon, 18 Aug 86 18:29:21 UT; 4 jobs free out of 110 (3%).
 28  ENFE          1022F4  TI 71h  4m
 49  WNFEOPS       1022F4  TI 70h 36m
 20  ENFE          1022F4  TI 62h 49m
 23  THOMASJ       EDITOR  TI 62h 20m
 17  WNFEOPS       1022F4  TI 56h 22m
  9  WNFE          1022F4  TI 56h 22m
 38  ENFE          1022F4  TI  5h  7m
 63  ENFE          1022F4  TI  4h 13m
 18  OPER          SYSNO   ^C  3h 43m
104  CATECH        1022F4  TI  2h 53m
 71  CNFE          1022F4  TI  2h 37m
 51  ENFE          1022F4  TI  2h 26m
 55  ENFEOPS       1022F4  TI  1h 51m
101  ENFE          1022F4  TI  1h 29m
 81  TCSUP         1022F4  TI  1h 16m
 45  ENFE          1022F4  TI  1h 12m
 75  WNFE          1022F4  TI  1h  7m
 43  ENFE          1022F4  TI  1h  2m
 26  TECHSERV      NAD     TI  0h 55m
 39  JLIU          TBA     TI  0h 55m
  7  ENFEOPS       1022F4  TI  0h 52m
 99  CNFE          1022F4  TI  0h 45m
 90  NETCON        1022F4  TI  0h 44m
 40  NETCON        1022F4  TI  0h 44m
 61  TYM5          COPY    ^C  0h 43m  killed
 80  WNFEOPS       1022F4  TI  0h 43m
 64  ENFE          1022F4  TI  0h 42m
 27  TYM5          DIRIT   ^C  0h 42m  killed
 66  WNFE          OPER    ^C  0h 42m  killed
 59  CNFE          DIRIT   ^C  0h 41m  killed
 54  CNFEOPS       1022F4  TI  0h 40m
 96  CNFE          1022F4  TI  0h 40m
 82  SHAWB         NAD     ^C  0h 39m  killed
 91  WNFE          TBA     ^C  0h 37m  killed
Mon, 18 Aug 86 18:44:35 UT; 8 jobs free out of 110 (7%).
 28  ENFE          1022F4  TI 71h 19m
 49  WNFEOPS       1022F4  TI 70h 51m
 20  ENFE          1022F4  TI 63h  4m
 23  THOMASJ       EDITOR  TI 62h 35m
  9  WNFE          1022F4  TI 56h 37m
 17  WNFEOPS       1022F4  TI 56h 37m
 38  ENFE          1022F4  TI  5h 22m
 63  ENFE          1022F4  TI  4h 28m
 18  OPER          SYSNO   ^C  3h 58m
104  CATECH        1022F4  TI  3h  8m
 71  CNFE          1022F4  TI  2h 52m
 51  ENFE          1022F4  TI  2h 41m
 55  ENFEOPS       1022F4  TI  2h  6m
101  ENFE          1022F4  TI44m
 45  ENFE          1022F4  TI  1h 27m
 75  WNFE          1022F4  TI  1h 22m
 43  ENFE          1022F4  TI  1h 17m
 39  JLIU          TBA     TI  1h 10m
 26  TECHSERV      NAD     TI  1h 10m
  7  ENFEOPS       1022F4  TI  1h  7m
 99  CNFE          1022F4  TI  1h  0m
 40  NETCON        1022F4  TI  0h 59m
 90  NETCON        1022F4  TI  0h 59m
 64  ENFE          1022F4  TI  0h 57m
 54  CNFEOPS       1022F4  TI  0h 55m
 96  CNFE          1022F4  TI  0h 55m
 60  CNFE          1022F4  TI  0h 50m
 42  CNFE          1022F4  TI  0h 49m
 37  WNFE          OPER    ^C  0h 44m  killed
  4  OPER          XEXEC   SL  0h 43m
 94  RANDERSON     EDITOR  ^C  0h 43m  killed
Mon, 18 Aug 86 18:59:50 UT; 5 jobs free out of 110 (4%).
 28  ENFE          1022F4  TI 71h 34m
 49  WNFEOPS       1022F4  TI 71h  6m
 20  ENFE          1022F4  TI 63h 19m
 23  THOMASJ       EDITOR  TI 62h 50m
  9  WNFE          1022F4  TI 56h 52m
 17  WNFEOPS       1022F4  TI 56h 52m
 38  ENFE          1022F4  TI  5h 37m
 63  ENFE          1022F4  TI  4h 43m
 18  OPER          SYSNO   ^C  4h 13m
104  CATECH        1022F4  TI  3h 23m
 71  CNFE          1022F4  TI  3h  7m
 51  ENFE          1022F4  TI  2h 56m
 55  ENFEOPS       1022F4  TI  2h 21m
101  ENFE          1022F4  TI  1h 59m
 45  ENFE          1022F4  TI  1h 42m
 75  WNFE          1022F4  TI  1h 37m
 43  ENFE          1022F4  TI  1h 32m
 39  JLIU          TBA     TI  1h 25m
 26  TECHSERV      NAD     TI  1h 25m
  7  ENFEOPS       1022F4  TI  1h 22m
 99  CNFE          1022F4  TI  1h 15m
 90  NETCON        1022F4  TI  1h 14m
 64  ENFE          1022F4  TI  1h 12m
 96  CNFE          1022F4  TI  1h 10m
 54  CNFEOPS       1022F4  TI  1h 10m
 42  CNFE          1022F4  TI  1h  4m
  4  OPER          XEXEC   SL  0h 58m
 97  INTRESG       LISTER  ^C  0h 55m  killed
 62  RSARMAH       LISTER  ^C  0h 55m  killed
 52  NETCON        1022F4  TI  0h 53m
 10  TYM5          LISTER  ^C  0h 48m  killed
 16  RAKELLA       RPG     ^C  0h 46m  killed
 29  TCSUP         1022F4  TI  0h 46m
 13  MHANNA        NAD     ^C  0h 46m  killed
Mon, 18 Aug 86 19:15:00 UT; 8 jobs free out of 110 (7%).
 28  ENFE          1022F4  TI 71h 49m
 49  WNFEOPS       1022F4  TI 71h 21m
 20  ENFE          1022F4  TI 63h 34m
 23  THOMASJ       EDITOR  TI 63h  5m
 17  WNFEOPS       1022F4  TI 57h  7m
  9  WNFE          1022F4  TI 57h  7m
 38  ENFE          1022F4  TI  5h 52m
 63  ENFE          1022F4  TI  4h 58m
 18  OPER          SYSNO   ^C  4h 28m
 71  CNFE          1022F4  TI  3h 22m
 51  ENFE          1022F4  TI  3h 11m
101  ENFE          1022F4  TI  2h 14m
 75  WNFE          1022F4  TI  1h 52m
 43  ENFE          1022F4  TI  1h 47m
 39  JLIU          TBA     TI  1h 40m
 26  TECHSERV      NAD     TI  1h 40m
  7  ENFEOPS       1022F4  TI  1h 37m
 99  CNFE          1022F4  TI  1h 30m
 90  NETCON        1022F4  TI  1h 29m
 64  ENFE          1022F4  TI  1h 27m
 54  CNFEOPS       1022F4  TI  1h 25m
 96  CNFE          1022F4  TI  1h 25m
 42  CNFE          1022F4  TI  1h 19m
 52  NETCON        1022F4  TI  1h  8m
 19  AKRONE        LISTER  ^C  0h 57m  killed
 46  TCSUP         1022F4  TI  0h 57m
 48  CNFE          1022F4  TI  0h 56m
 73  CATECH        1022F4  TI  0h 56m
 53  TSAMPSON      CKSUM   ^C  0h 53m  killed
Mon, 18 Aug 86 19:30:18 UT; 4 jobs free out of 110 (3%).
 28  ENFE          1022F4  TI 72h  4m
 49  WNFEOPS       1022F4  TI 71h 36m
 20  ENFE          1022F4  TI 63h 49m
 23  THOMASJ       EDITOR  TI 63h 20m
 17  WNFEOPS       1022F4  TI 57h 22m
  9  WNFE          1022F4  TI 57h 22m
 38  ENFE          1022F4  TI  6h  7m
 63  ENFE          1022F4  TI  5h 13m
 18  OPER          SYSNO   ^C  4h 43m
 51  ENFE          1022F4  TI  3h 26m
101  ENFE          1022F4  TI  2h 29m
 75  WNFE          1022F4  TI  2h  7m
 43  ENFE          1022F4  TI  2h  2m
 39  JLIU          TBA     TI  1h 55m
 26  TECHSERV      NAD     TI  1h 55m
  7  ENFEOPS       1022F4  TI  1h 52m
 99  CNFE          1022F4  TI  1h 45m
 64  ENFE          1022F4  TI  1h 42m
 96  CNFE          1022F4  TI  1h 40m
 52  NETCON        1022F4  TI  1h 23m
 46  TCSUP         1022F4  TI  1h 12m
 73  CATECH        1022F4  TI  1h 11m
 48  CNFE          1022F4  TI  1h 11m
 70  TAMB          DIRIT   ^C  1h  5m  killed
 31  FLIBE         NAD     TI  1h  5m
 77  ENFE          1022F4  TI  1h  5m
 56  TYM5          TAUX    SL  1h  2m
102  MOORING       DIRIT   ^C  1h  2m  killed
 93  TYM5          CKSUM   ^C  1h  1m  killed
 12  TCSUP         1022F4  TI  1h  0m
 68  TCSUP         1022F4  TI  0h 59m
 74  WNFE          1022F4  ^C  0h 58m  killed
  3  TYM5          TAUX    SL  0h 58m
 69  BWORKMAN      TAUX    ^C  0h 56m  killed
 86  TYM5          NAD     TI  0h 50m
 22  TCSUP         1022F4  TI  0h 50m
103  NCHIN         NAD     TI  0h 48m
105  TYM5          EDITOR  ^C  0h 48m  killed
Mon, 18 Aug 86 19:45:31 UT; 9 jobs free out of 110 (8%).
 28  ENFE          1022F4  TI 72h 19m
 49  WNFEOPS       1022F4  TI 71h 51m
 20  ENFE          1022F4  TI 64h  4m
 23  THOMASJ       EDITOR  TI 63h 35m
 17  WNFEOPS       1022F4  TI 57h 37m
  9  WNFE          1022F4  TI 57h 37m
 38  ENFE          1022F4  TI  6h 22m
 63  ENFE          1022F4  TI  5h 28m
 18  OPER          SYSNO   ^C  4h 58m
 51  ENFE          1022F4  TI  3h 41m
101  ENFE          1022F4  TI  2h 44m
 75  WNFE          1022F4  TI  2h 22m
 43  ENFE          1022F4  TI  2h 17m
 26  TECHSERV      NAD     TI  2h 10m
 39  JLIU          TBA     TI  2h 10m
  7  ENFEOPS       1022F4  TI  2h  7m
 99  CNFE          1022F4  TI  2h  0m
 64  ENFE          1022F4  TI  1h 57m
 96  CNFE          1022F4  TI  1h 55m
 52  NETCON        1022F4  TI  1h 38m
 73  CATECH        1022F4  TI  1h 26m
 48  CNFE          1022F4  TI  1h 26m
 77  ENFE          1022F4  TI  1h 20m
 56  TYM5          TAUX    SL  1h 17m
 12  TCSUP         1022F4  TI  1h 15m
 68  TCSUP         1022F4  TI  1h 14m
  3  TYM5          TAUX    SL  1h 13m
 86  TYM5          NAD     TI  1h  5m
103  NCHIN         NAD     TI  1h  3m
 76  BAILEYH       LISTER  ^C  0h 59m  killed
Mon, 18 Aug 86 20:00:56 UT; 10 jobs free out of 110 (9%).
Mon, 18 Aug 86 20:16:10 UT; 5 jobs free out of 110 (4%).
 28  ENFE          1022F4  TI 72h 49m
 49  WNFEOPS       1022F4  TI 72h 21m
 20  ENFE          1022F4  TI 64h 34m
 23  THOMASJ       EDITOR  TI 64h  5m
 17  WNFEOPS       1022F4  TI 58h  7m
  9  WNFE          1022F4  TI 58h  7m
 38  ENFE          1022F4  TI  6h 52m
 63  ENFE          1022F4  TI  5h 58m
 18  OPER          SYSNO   ^C  5h 28m
 51  ENFE          1022F4  TI  4h 11m
101  ENFE          1022F4  TI  3h 14m
 75  WNFE          1022F4  TI  2h 52m
 39  JLIU          TBA     TI  2h 40m
 26  TECHSERV      NAD     TI  2h 40m
  7  ENFEOPS       1022F4  TI  2h 37m
 99  CNFE          1022F4  TI  2h 30m
 96  CNFE          1022F4  TI  2h 25m
 52  NETCON        1022F4  TI  2h  8m
 48  CNFE          1022F4  TI  1h 56m
103  NCHIN         NAD     TI  1h 33m
 66  ENFE          1022F4  TI  1h 23m
100  TOOMEYF       SYSTAT  ^C  1h 22m  killed
 94  WNFE          EDITOR  TI  1h 20m
 58  CNFE          1022F4  TI  1h 11m
 24  CWEIDNER      DIRIT   ^C  1h 10m  killed
 19  WNFE          OPER    ^C  0h 57m  killed
 78  CNFEOPS       1022F4  TI  0h 50m
 21  ENFE          1022F4  TI  0h 49m
 59  ENFE          1022F4  TI  0h 49m
 90  NETCON        1022F4  TI  0h 48m
 55  ENFEOPS       1022F4  TI  0h 48m
 88  NETCON        1022F4  TI  0h 48m
 80  WNFEOPS       1022F4  TI  0h 46m
 69  TYM5          OPER    ^C  0h 45m  killed
 31  FLIBE         NAD     ^C  0h 38m  killed
Mon, 18 Aug 86 20:31:30 UT; 4 jobs free out of 110 (3%).
 28  ENFE          1022F4  TI 73h  4m
 49  WNFEOPS       1022F4  TI 72h 36m
 20  ENFE          1022F4  TI 64h 49m
 23  THOMASJ       EDITOR  TI 64h 20m
 17  WNFEOPS       1022F4  TI 58h 22m
  9  WNFE          1022F4  TI 58h 22m
 38  ENFE          1022F4  TI  7h  7m
 63  ENFE          1022F4  TI  6h 13m
 18  OPER          SYSNO   ^C  5h 43m
 51  ENFE          1022F4  TI  4h 26m
101  ENFE          1022F4  TI  3h 29m
 75  WNFE          1022F4  TI  3h  7m
 39  JLIU          TBA     TI  2h 55m
 26  TECHSERV      NAD     TI  2h 55m
  7  ENFEOPS       1022F4  TI  2h 52m
 99  CNFE          1022F4  TI  2h 45m
 96  CNFE          1022F4  TI  2h 40m
 52  NETCON        1022F4  TI  2h 23m
 48  CNFE          1022F4  TI  2h 11m
 58  CNFE          1022F4  TI  1h 26m
 78  CNFEOPS       1022F4  TI  1h  5m
 59  ENFE          1022F4  TI  1h  4m
 90  NETCON        1022F4  TI  1h  3m
 55  ENFEOPS       1022F4  TI  1h  3m
 88  NETCON        1022F4  TI  1h  3m
 13  SPECIALEF     NAD     ^C  0h 51m  killed
 61  ENFE          1022F4  TI  0h 44m
 53  ENFE          1022F4  ^C  0h 43m  killed
 82  TYM5          LISTER  ^C  0h 42m  killed
 34  ENFE          1022F4  TI  0h 40m
102  STONEK        LISTER  ^C  0h 37m  killed
 15  TCSUP         1022F4  TI  0h 36m
106  TCSUP         1022F4  TI  0h 36m
 72  NETCON        1022F4  TI  0h 32m
 14  ENFE          1022F4  TI  0h 32m
 35  ATKATSHJ      LISTER  ^C  0h 32m  killed
  4  OPER          XEXEC   SL  0h 30m
 43  ENFE          1022F4  TI  0h 30m
 10  ENFEOPS       1022F4  ^C  0h 28m  killed
Mon, 18 Aug 86 20:46:53 UT; 5 jobs free out of 110 (4%).
 28  ENFE          1022F4  TI 73h 19m
 49  WNFEOPS       1022F4  TI 72h 51m
 20  ENFE          1022F4  TI 65h  4m
 23  THOMASJ       EDITOR  TI 64h 35m
 17  WNFEOPS       1022F4  TI 58h 37m
  9  WNFE          1022F4  TI 58h 37m
 38  ENFE          1022F4  TI  7h 22m
 63  ENFE          1022F4  TI  6h 28m
 18  OPER          SYSNO   ^C  5h 58m
 51  ENFE          1022F4  TI  4h 41m
 75  WNFE          1022F4  TI  3h 22m
 39  JLIU          TBA     TI  3h 10m
  7  ENFEOPS       1022F4  TI  3h  7m
 99  CNFE          1022F4  TI  3h  0m
 96  CNFE          1022F4  TI  2h 55m
 52  NETCON        1022F4  TI  2h 38m
 48  CNFE          1022F4  TI  2h 26m
 58  CNFE          1022F4  TI  1h 41m
 78  CNFEOPS       1022F4  TI  1h 20m
 59  ENFE          1022F4  TI  1h 19m
 61  ENFE          1022F4  TI  0h 59m
 34  ENFE          1022F4  TI  0h 55m
 15  TCSUP         1022F4  TI  0h 51m
106  TCSUP         1022F4  TI  0h 51m
 72  NETCON        1022F4  TI  0h 47m
 43  ENFE          1022F4  TI  0h 45m
  4  OPER          XEXEC   SL  0h 45m
107  ENFE          1022F4  ^C  0h 40m  killed
 91  RANDERSON     GFD     ^C  0h 39m  killed
 74  ENFE          1022F4  TI  0h 39m
 16  ENFE          1022F4  TI  0h 37m
 57  WNFE          LISTER  ^C  0h 37m  killed
 60  OPER          1022F4  ^C  0h 37m
 77  ENFE          1022F4  TI  0h 36m
 30  ENFE          1022F4  TI  0h 36m
 42  CNFE          LISTER  ^C  0h 34m  killed
 73  ENFE          1022F4  TI  0h 33m
 93  LNOTARY       CKSUM   ^C  0h 32m  killed
Mon, 18 Aug 86 21:02:17 UT; 10 jobs free out of 110 (9%).
Mon, 18 Aug 86 21:17:43 UT; 12 jobs free out of 110 (10%).
Mon, 18 Aug 86 21:33:05 UT; 17 jobs free out of 110 (15%).
Mon, 18 Aug 86 21:48:29 UT; 19 jobs free out of 110 (17%).
Mon, 18 Aug 86 22:04:03 UT; 24 jobs free out of 110 (21%).
Mon, 18 Aug 86 22:19:16 UT; 26 jobs free out of 110 (23%).
Mon, 18 Aug 86 22:34:42 UT; 25 jobs free out of 110 (22%).
Mon, 18 Aug 86 22:50:05 UT; 28 jobs free out of 110 (25%).
Mon, 18 Aug 86 23:05:23 UT; 33 jobs free out of 110 (30%).
Mon, 18 Aug 86 23:20:41 UT; 32 jobs free out of 110 (29%).
Mon, 18 Aug 86 23:36:13 UT; 37 jobs free out of 110 (33%).
Mon, 18 Aug 86 23:51:34 UT; 39 jobs free out of 110 (35%).
Tue, 19 Aug 86 0:06:55 UT; 40 jobs free out of 110 (36%).
Tue, 19 Aug 86 0:22:23 UT; 43 jobs free out of 110 (39%).
Tue, 19 Aug 86 0:37:31 UT; 47 jobs free out of 110 (42%).
Tue, 19 Aug 86 0:52:48 UT; 47 jobs free out of 110 (42%).
Tue, 19 Aug 86 1:08:10 UT; 48 jobs free out of 110 (43%).
Tue, 19 Aug 86 1:23:37 UT; 46 jobs free out of 110 (41%).
Tue, 19 Aug 86 1:38:50 UT; 48 jobs free out of 110 (43%).
Tue, 19 Aug 86 1:54:01 UT; 45 jobs free out of 110 (40%).
Tue, 19 Aug 86 2:09:12 UT; 48 jobs free out of 110 (43%).
Tue, 19 Aug 86 2:24:25 UT; 49 jobs free out of 110 (44%).
Tue, 19 Aug 86 2:39:33 UT; 48 jobs free out of 110 (43%).
Tue, 19 Aug 86 2:54:38 UT; 49 jobs free out of 110 (44%).
Tue, 19 Aug 86 3:09:43 UT; 46 jobs free out of 110 (41%).
Tue, 19 Aug 86 3:24:47 UT; 49 jobs free out of 110 (44%).
Tue, 19 Aug 86 3:39:48 UT; 50 jobs free out of 110 (45%).
Tue, 19 Aug 86 3:54:49 UT; 54 jobs free out of 110 (49%).
Tue, 19 Aug 86 4:09:51 UT; 55 jobs free out of 110 (50%).
Tue, 19 Aug 86 4:24:53 UT; 56 jobs free out of 110 (50%).
Tue, 19 Aug 86 4:39:55 UT; 55 jobs free out of 110 (50%).
Tue, 19 Aug 86 4:54:57 UT; 58 jobs free out of 110 (52%).
Tue, 19 Aug 86 5:09:58 UT; 58 jobs free out of 110 (52%).
Tue, 19 Aug 86 5:24:59 UT; 57 jobs free out of 110 (51%).
Tue, 19 Aug 86 5:40:01 UT; 58 jobs free out of 110 (52%).
Tue, 19 Aug 86 5:55:02 UT; 59 jobs free out of 110 (53%).
Tue, 19 Aug 86 6:10:03 UT; 61 jobs free out of 110 (55%).
Tue, 19 Aug 86 6:25:03 UT; 61 jobs free out of 110 (55%).
Tue, 19 Aug 86 6:40:05 UT; 62 jobs free out of 110 (56%).
Tue, 19 Aug 86 6:55:06 UT; 62 jobs free out of 110 (56%).
Tue, 19 Aug 86 7:10:16 UT; 61 jobs free out of 110 (55%).
Tue, 19 Aug 86 7:25:16 UT; 61 jobs free out of 110 (55%).
Tue, 19 Aug 86 7:40:17 UT; 59 jobs free out of 110 (53%).
Tue, 19 Aug 86 7:55:19 UT; 60 jobs free out of 110 (54%).
Tue, 19 Aug 86 8:10:20 UT; 62 jobs free out of 110 (56%).
Tue, 19 Aug 86 8:25:21 UT; 60 jobs free out of 110 (54%).
Tue, 19 Aug 86 8:40:21 UT; 61 jobs free out of 110 (55%).
Tue, 19 Aug 86 8:55:23 UT; 61 jobs free out of 110 (55%).
Tue, 19 Aug 86 9:10:24 UT; 61 jobs free out of 110 (55%).
Tue, 19 Aug 86 9:25:26 UT; 60 jobs free out of 110 (54%).
Tue, 19 Aug 86 9:40:27 UT; 62 jobs free out of 110 (56%).
Tue, 19 Aug 86 9:55:27 UT; 62 jobs free out of 110 (56%).
Tue, 19 Aug 86 10:10:27 UT; 62 jobs free out of 110 (56%).
Tue, 19 Aug 86 10:25:28 UT; 62 jobs free out of 110 (56%).
Tue, 19 Aug 86 10:40:29 UT; 62 jobs free out of 110 (56%).
Tue, 19 Aug 86 10:55:30 UT; 62 jobs free out of 110 (56%).
Tue, 19 Aug 86 11:10:32 UT; 59 jobs free out of 110 (53%).
Tue, 19 Aug 86 11:25:33 UT; 60 jobs free out of 110 (54%).
Tue, 19 Aug 86 11:40:34 UT; 62 jobs free out of 110 (56%).
Tue, 19 Aug 86 11:55:36 UT; 57 jobs free out of 110 (51%).
Tue, 19 Aug 86 12:10:40 UT; 50 jobs free out of 110 (45%).
Tue, 19 Aug 86 12:25:44 UT; 49 jobs free out of 110 (44%).
Tue, 19 Aug 86 12:40:50 UT; 45 jobs free out of 110 (40%).
Tue, 19 Aug 86 12:55:56 UT; 38 jobs free out of 110 (34%).
Tue, 19 Aug 86 13:11:08 UT; 29 jobs free out of 110 (26%).
Tue, 19 Aug 86 13:26:17 UT; 22 jobs free out of 110 (20%).
Tue, 19 Aug 86 13:41:30 UT; 16 jobs free out of 110 (14%).
Tue, 19 Aug 86 13:56:43 UT; 10 jobs free out of 110 (9%).
Tue, 19 Aug 86 14:12:01 UT; 7 jobs free out of 110 (6%).
 28  ENFE          1022F4  TI 90h 34m
 49  WNFEOPS       1022F4  TI 90h  6m
 39  JLIU          TBA     TI 20h 25m
 76  TSDCONTROL    1022F4  ^C 17h 45m  killed
  7  BORROMEO      LISTER  ^C 16h 55m  killed
 42  AKRONE        1022F4  ^C 16h 55m  killed
Tue, 19 Aug 86 14:27:25 UT; 16 jobs free out of 110 (14%).
Tue, 19 Aug 86 14:42:47 UT; 12 jobs free out of 110 (10%).
Tue, 19 Aug 86 14:58:19 UT; 4 jobs free out of 110 (3%).
 28  ENFE          1022F4  TI 91h 19m
 39  JLIU          TBA     TI 21h 10m
 65  GALLUPSS      1022F4  TI 17h 31m
  3  TYM5          A       TI 15h 55m
 95  CATECH        SYSNO   ^C 15h 50m  killed
 18  RVIVIER       LISTER  ^C 14h  7m  killed
 23  GAZEL         AUXIO   ^C 14h  5m  killed
 62  MOORING       1022F4  ^C 14h  2m  killed
 32  SNILLUKA      DIRIT   ^C 13h 44m  killed
 14  CNFE          LISTER  ^C 13h 11m  killed
Tue, 19 Aug 86 15:13:44 UT; 12 jobs free out of 110 (10%).
Tue, 19 Aug 86 15:29:05 UT; 8 jobs free out of 110 (7%).
 28  ENFE          1022F4  TI 91h 49m
 39  JLIU          TBA     TI 21h 40m
 65  GALLUPSS      1022F4  TI 18h  1m
  3  TYM5          A       TI 16h 25m
 35  JMAGNAN       1022F4  ^C 12h 55m  killed
 20  ENFE          1022F4  ^C 12h 36m  killed
Tue, 19 Aug 86 15:44:33 UT; 5 jobs free out of 110 (4%).
 28  ENFE          1022F4  TI 92h  4m
 39  JLIU          TBA     TI 21h 55m
 65  GALLUPSS      1022F4  TI 18h 16m
  3  TYM5          A       TI 16h 40m
  1  BAILEYH       DIRIT   ^C  7h 58m  killed
 19  ENFE          OPER    ^C  4h 34m  killed
 26  ENFE          1022F4  TI  4h 11m
 34  ENFEOPS       OPER    TI  3h 45m
 48  CNFE          1022F4  TI  3h 19m
 53  ENFE          1022F4  TI  3h  5m
 56  ENFE          1022F4  ^C  3h  0m  killed
 54  RSARMAH       OPER    ^C  2h 58m  killed
 74  CWOO          OPER    ^C  2h 30m  killed
Tue, 19 Aug 86 15:59:58 UT; 11 jobs free out of 110 (10%).
Tue, 19 Aug 86 16:15:24 UT; 4 jobs free out of 110 (3%).
 28  ENFE          1022F4  TI 92h 34m
 39  JLIU          TBA     TI 22h 25m
 65  GALLUPSS      1022F4  TI 18h 46m
  3  TYM5          A       TI 17h 10m
 26  ENFE          1022F4  TI  4h 41m
 34  ENFEOPS       OPER    TI  4h 15m
 48  CNFE          1022F4  TI  3h 49m
 53  ENFE          1022F4  TI  3h 35m
 10  OPER          WHO     ^C  2h 55m
 68  TCLARKE       EDITOR  ^C  2h 22m  killed
104  CNFE          1022F4  ^C  2h 16m  killed
 80  CATECH        1022F4  TI  2h  8m
 70  SMCREE        LISTER  ^C  2h  6m  killed
103  CNFE          LISTER  ^C  2h  5m  killed
 50  ENFE          1022F4  TI  2h  0m
 46  ENFE          1022F4  TI  1h 55m
  7  THOMASJ       OPER    ^C  1h 55m  killed
 49  ENFE          1022F4  TI  1h 44m
100  INTRESG       LISTER  ^C  1h 41m  killed
Tue, 19 Aug 86 16:30:51 UT; 3 jobs free out of 110 (2%).
 28  ENFE          1022F4  TI 92h 49m
 39  JLIU          TBA     TI 22h 40m
 65  GALLUPSS      1022F4  TI 19h  1m
  3  TYM5          A       TI 17h 25m
 26  ENFE          1022F4  TI  4h 56m
 34  ENFEOPS       OPER    TI  4h 30m
 48  CNFE          1022F4  TI  4h  4m
 53  ENFE          1022F4  TI  3h 50m
 10  OPER          WHO     ^C  3h 10m
 80  CATECH        1022F4  TI  2h 23m
 50  ENFE          1022F4  TI  2h 15m
 46  ENFE          1022F4  TI  2h 10m
 49  ENFE          1022F4  TI  1h 59m
 67  ENFE          1022F4  TI  1h 52m
 24  CNFE          LISTER  ^C  1h 52m  killed
 79  WNFE          OPER    ^C  1h 47m  killed
 81  CNFE          1022F4  TI  1h 44m
 89  ENFEOPS       1022F4  TI  1h 38m
 86  CATECH        1022F4  ^C  1h 34m  killed
 31  INTLTECH      1022F4  TI  1h 32m
 58  ENFE          1022F4  TI  1h 22m
 99  TYM5          CKSUM   ^C  1h 17m  killed
 84  TYM5          RPG     ^C  1h  7m  killed
  9  FLIBE         1022F4  ^C  1h  3m  killed
 76  ENFE          1022F4  TI  1h  3m
 59  CNFE          1022F4  ^C  1h  3m  killed
Tue, 19 Aug 86 16:46:11 UT; 7 jobs free out of 110 (6%).
 28  ENFE          1022F4  TI 93h  4m
 39  JLIU          TBA     TI 22h 55m
 65  GALLUPSS      1022F4  TI 19h 16m
  3  TYM5          A       TI 17h 40m
 26  ENFE          1022F4  TI  5h 11m
 34  ENFEOPS       OPER    TI  4h 45m
 48  CNFE          1022F4  TI  4h 19m
 53  ENFE          1022F4  TI  4h  5m
 80  CATECH        1022F4  TI  2h 38m
 50  ENFE          1022F4  TI  2h 30m
 49  ENFE          1022F4  TI  2h 14m
 67  ENFE          1022F4  TI  2h  7m
 81  CNFE          1022F4  TI  1h 59m
 89  ENFEOPS       1022F4  TI  1h 53m
 31  INTLTECH      1022F4  TI  1h 47m
 58  ENFE          1022F4  TI  1h 37m
 76  ENFE          1022F4  TI  1h 18m
 37  ENFEOPS       1022F4  ^C  1h 14m  killed
 41  BWORKMAN      1022F4  ^C  1h 11m  killed
 63  DMIELKE       NONAME  ^C  1h  2m  killed
Tue, 19 Aug 86 17:01:30 UT; 5 jobs free out of 110 (4%).
 28  ENFE          1022F4  TI 93h 19m
 39  JLIU          TBA     TI 23h 10m
 65  GALLUPSS      1022F4  TI 19h 31m
  3  TYM5          A       TI 17h 55m
 26  ENFE          1022F4  TI  5h 26m
 34  ENFEOPS       OPER    TI  5h  0m
 48  CNFE          1022F4  TI  4h 34m
 53  ENFE          1022F4  TI  4h 20m
 80  CATECH        1022F4  TI  2h 53m
 50  ENFE          1022F4  TI  2h 45m
 49  ENFE          1022F4  TI  2h 29m
 67  ENFE          1022F4  TI  2h 22m
 81  CNFE          1022F4  TI  2h 14m
 89  ENFEOPS       1022F4  TI  2h  8m
 31  INTLTECH      1022F4  TI  2h  2m
 58  ENFE          1022F4  TI  1h 52m
 76  ENFE          1022F4  TI  1h 33m
 43  SHAWB         NAD     ^C  1h 13m  killed
 62  WNFE          1022F4  TI  1h  9m
 94  MHANNA        DIRIT   ^C  1h  9m  killed
 66  TYM5          CKSUM   ^C  1h  8m  killed
  8  WNFEOPS       1022F4  TI  1h  6m
 90  ENFE          1022F4  TI  1h  3m
 19  HAWKINSD      EDITOR  TI  1h  3m
 42  EWONG         PIP     ^C  1h  3m  killed
  4  OPER          XEXEC   SL  0h 59m
 25  WNFE          LISTER  ^C  0h 58m  killed
Tue, 19 Aug 86 17:16:58 UT; 4 jobs free out of 110 (3%).
 28  ENFE          1022F4  TI 93h 34m
 39  JLIU          TBA     TI 23h 25m
 65  GALLUPSS      1022F4  TI 19h 46m
  3  TYM5          A       TI 18h 10m
 26  ENFE          1022F4  TI  5h 41m
 34  ENFEOPS       OPER    TI  5h 15m
 48  CNFE          1022F4  TI  4h 49m
 80  CATECH        1022F4  TI  3h  8m
 50  ENFE          1022F4  TI  3h  0m
 49  ENFE          1022F4  TI  2h 44m
 67  ENFE          1022F4  TI  2h 37m
 81  CNFE          1022F4  TI  2h 29m
 89  ENFEOPS       1022F4  TI  2h 23m
 31  INTLTECH      1022F4  TI  2h 17m
 58  ENFE          1022F4  TI  2h  7m
 76  ENFE          1022F4  TI  1h 48m
 62  WNFE          1022F4  TI  1h 24m
  8  WNFEOPS       1022F4  TI  1h 21m
 90  ENFE          1022F4  TI  1h 18m
 19  HAWKINSD      EDITOR  TI  1h 18m
 27  RREYES        GFD     ^C  1h 12m  killed
 23  CWEIDNER      1022F4  TI  1h 12m
 74  ENFE          DIRIT   ^C  1h 10m  killed
 78  ENFE          FNDFIL  ^C  1h  2m  killed
 97  CNFEOPS       1022F4  TI  1h  0m
 96  TAMB          LISTER  ^C  0h 59m  killed
 95  TECHSERV      NAD     ^C  0h 58m  killed
 38  RANDERSON     1022F4  ^C  0h 57m  killed
Tue, 19 Aug 86 17:32:20 UT; 6 jobs free out of 110 (5%).
 28  ENFE          1022F4  TI 93h 49m
 39  JLIU          TBA     TI 23h 40m
 65  GALLUPSS      1022F4  TI 20h  1m
  3  TYM5          A       TI 18h 25m
 26  ENFE          1022F4  TI  5h 56m
 34  ENFEOPS       OPER    TI  5h 30m
 48  CNFE          1022F4  TI  5h  4m
 80  CATECH        1022F4  TI  3h 23m
 50  ENFE          1022F4  TI  3h 15m
 49  ENFE          1022F4  TI  2h 59m
 67  ENFE          1022F4  TI  2h 52m
 81  CNFE          1022F4  TI  2h 44m
 89  ENFEOPS       1022F4  TI  2h 38m
 31  INTLTECH      1022F4  TI  2h 32m
 58  ENFE          1022F4  TI  2h 22m
 76  ENFE          1022F4  TI  2h  3m
 62  WNFE          1022F4  TI  1h 39m
  8  WNFEOPS       1022F4  TI  1h 36m
 90  ENFE          1022F4  TI  1h 33m
 19  HAWKINSD      EDITOR  TI  1h 33m
 14  CSPROUSE      NAD     ^C  1h 11m  killed
 47  CNFE          1022F4  TI  1h  9m
  1  WNFE          1022F4  TI  1h  8m
 85  JREILLY       CKSUM   ^C  1h  7m  killed
 18  GILLIAMG      1022F4  ^C  1h  7m  killed
 33  TSDCONTROL    1022F4  TI  1h  5m
 60  SBANNING      LISTER  ^C  1h  4m  killed
Tue, 19 Aug 86 17:47:47 UT; 7 jobs free out of 110 (6%).
 28  ENFE          1022F4  TI 94h  4m
 39  JLIU          TBA     TI 23h 55m
 65  GALLUPSS      1022F4  TI 20h 16m
  3  TYM5          A       TI 18h 40m
 26  ENFE          1022F4  TI  6h 11m
 34  ENFEOPS       OPER    TI  5h 45m
 48  CNFE          1022F4  TI  5h 19m
 80  CATECH        1022F4  TI  3h 38m
 50  ENFE          1022F4  TI  3h 30m
 49  ENFE          1022F4  TI  3h 14m
 67  ENFE          1022F4  TI  3h  7m
 81  CNFE          1022F4  TI  2h 59m
 31  INTLTECH      1022F4  TI  2h 47m
 58  ENFE          1022F4  TI  2h 37m
 76  ENFE          1022F4  TI  2h 18m
  8  WNFEOPS       1022F4  TI  1h 51m
 19  HAWKINSD      EDITOR  TI  1h 48m
 90  ENFE          1022F4  TI  1h 48m
  1  WNFE          1022F4  TI  1h 23m
 33  TSDCONTROL    1022F4  TI  1h 20m
 13  AKRONE        COPY    ^C  1h 16m  killed
 75  CATECH        SYSNO   ^C  1h 16m  killed
 55  ENFE          1022F4  TI  1h 14m
 71  STONEK        LISTER  ^C  1h 14m  killed
Tue, 19 Aug 86 18:03:14 UT; 6 jobs free out of 110 (5%).
 28  ENFE          1022F4  TI 94h 19m
 39  JLIU          TBA     TI 24h 10m
 65  GALLUPSS      1022F4  TI 20h 31m
  3  TYM5          A       TI 18h 55m
 26  ENFE          1022F4  TI  6h 26m
 34  ENFEOPS       OPER    TI  6h  0m
 48  CNFE          1022F4  TI  5h 34m
 80  CATECH        1022F4  TI  3h 53m
 50  ENFE          1022F4  TI  3h 45m
 49  ENFE          1022F4  TI  3h 29m
 81  CNFE          1022F4  TI  3h 14m
 31  INTLTECH      1022F4  TI  3h  2m
 58  ENFE          1022F4  TI  2h 52m
 76  ENFE          1022F4  TI  2h 33m
 90  ENFE          1022F4  TI  2h  3m
 19  HAWKINSD      EDITOR  TI  2h  3m
 33  TSDCONTROL    1022F4  TI  1h 35m
 55  ENFE          1022F4  TI  1h 29m
 59  WNFE          DIRIT   ^C  1h 28m  killed
 86  CNFEOPS       1022F4  TI  1h 25m
 92  TSAMPSON      1022F4  ^C  1h 17m  killed
 32  TYM5          LISTER  ^C  1h 13m  killed
 68  RAKELLA       DIRIT   ^C  1h 11m  killed
Tue, 19 Aug 86 18:18:44 UT; 5 jobs free out of 110 (4%).
 28  ENFE          1022F4  TI 94h 34m
 39  JLIU          TBA     TI 24h 25m
 65  GALLUPSS      1022F4  TI 20h 46m
  3  TYM5          A       TI 19h 10m
 26  ENFE          1022F4  TI  6h 41m
 34  ENFEOPS       OPER    TI  6h 15m
 48  CNFE          1022F4  TI  5h 49m
 80  CATECH        1022F4  TI  4h  8m
 50  ENFE          1022F4  TI  4h  0m
 49  ENFE          1022F4  TI  3h 44m
 81  CNFE          1022F4  TI  3h 29m
 31  INTLTECH      1022F4  TI  3h 17m
 76  ENFE          1022F4  TI  2h 48m
 90  ENFE          1022F4  TI  2h 18m
 33  TSDCONTROL    1022F4  TI  1h 50m
 55  ENFE          1022F4  TI  1h 44m
 86  CNFEOPS       1022F4  TI  1h 40m
 57  ENFE          1022F4  TI  1h 24m
 56  ENFE          LISTER  ^C  1h 17m  killed
 25  MHANNA        GFD     ^C  1h 15m  killed
 79  RSARMAH       LISTER  ^C  1h 15m  killed
 63  SNILLUKA      OPER    ^C  1h 14m  killed
 91  ENFE          1022F4  TI  1h  9m
 43  ENFE          1022F4  ^C  1h  6m  killed
Tue, 19 Aug 86 18:34:08 UT; 7 jobs free out of 110 (6%).
 28  ENFE          1022F4  TI 94h 49m
 39  JLIU          TBA     TI 24h 40m
 65  GALLUPSS      1022F4  TI 21h  1m
  3  TYM5          A       TI 19h 25m
 26  ENFE          1022F4  TI  6h 56m
 34  ENFEOPS       OPER    TI  6h 30m
 48  CNFE          1022F4  TI  6h  4m
 80  CATECH        1022F4  TI  4h 23m
 50  ENFE          1022F4  TI  4h 15m
 49  ENFE          1022F4  TI  3h 59m
 81  CNFE          1022F4  TI  3h 44m
 31  INTLTECH      1022F4  TI  3h 32m
 76  ENFE          1022F4  TI  3h  3m
 90  ENFE          1022F4  TI  2h 33m
 86  CNFEOPS       1022F4  TI  1h 55m
 91  ENFE          1022F4  TI  1h 24m
 53  ENFE          1022F4  TI  1h 20m
 10  OPER          SYSNO   ^C  1h 19m
104  ENFE          1022F4  TI  1h 15m
  9  CNFE          1022F4  TI  1h  9m
103  BWORKMAN      1022F4  TI  1h  8m
 30  TCSUP         1022F4  TI  1h  4m
 37  FLIBE         LISTER  ^C  1h  4m  killed
 96  ENFE          1022F4  TI  1h  0m
 42  TYM5          EDITOR  ^C  1h  0m  killed
 78  TYM5          CKSUM   TI  0h 54m
 14  WNFE          OPER    ^C  0h 53m  killed
Tue, 19 Aug 86 18:49:26 UT; 7 jobs free out of 110 (6%).
 28  ENFE          1022F4  TI 95h  4m
 26  ENFE          1022F4  TI  7h 11m
 34  ENFEOPS       OPER    TI  6h 45m
 48  CNFE          1022F4  TI  6h 19m
 80  CATECH        1022F4  TI  4h 38m
 50  ENFE          1022F4  TI  4h 30m
 49  ENFE          1022F4  TI  4h 14m
 81  CNFE          1022F4  TI  3h 59m
 31  INTLTECH      1022F4  TI  3h 47m
 76  ENFE          1022F4  TI  3h 18m
 86  CNFEOPS       1022F4  TI  2h 10m
 91  ENFE          1022F4  TI  1h 39m
 53  ENFE          1022F4  TI  1h 35m
 10  OPER          SYSNO   ^C  1h 34m
104  ENFE          1022F4  TI  1h 30m
  9  CNFE          1022F4  TI  1h 24m
103  BWORKMAN      1022F4  TI  1h 23m
 30  TCSUP         1022F4  TI  1h 19m
 96  ENFE          1022F4  TI  1h 15m
 78  TYM5          CKSUM   TI  1h  9m
 61  ENFE          1022F4  TI  1h  7m
 89  ENFEOPS       1022F4  TI  1h  2m
 62  WNFE          1022F4  TI  0h 50m
 82  WNFE          LISTER  ^C  0h 50m  killed
 38  WNFE          LISTER  ^C  0h 48m  killed
 46  ENFE          1022F4  TI  0h 48m
  4  OPER          XEXEC   SL  0h 47m
 68  TSAMPSON      CKSUM   ^C  0h 43m  killed
Tue, 19 Aug 86 19:04:48 UT; 7 jobs free out of 110 (6%).
 28  ENFE          1022F4  TI 95h 19m
 26  ENFE          1022F4  TI  7h 26m
 34  ENFEOPS       OPER    TI  7h  0m
 48  CNFE          1022F4  TI  6h 34m
 80  CATECH        1022F4  TI  4h 53m
 50  ENFE          1022F4  TI  4h 45m
 49  ENFE          1022F4  TI  4h 29m
 81  CNFE          1022F4  TI  4h 14m
 31  INTLTECH      1022F4  TI  4h  2m
 76  ENFE          1022F4  TI  3h 33m
 86  CNFEOPS       1022F4  TI  2h 25m
 91  ENFE          1022F4  TI  1h 54m
 10  OPER          SYSNO   ^C  1h 49m
104  ENFE          1022F4  TI  1h 45m
  9  CNFE          1022F4  TI  1h 39m
103  BWORKMAN      1022F4  TI  1h 38m
 30  TCSUP         1022F4  TI  1h 34m
 96  ENFE          1022F4  TI  1h 30m
 78  TYM5          CKSUM   TI  1h 24m
 61  ENFE          1022F4  TI  1h 22m
 89  ENFEOPS       1022F4  TI  1h 17m
 62  WNFE          1022F4  TI  1h  5m
 46  ENFE          1022F4  TI  1h  3m
 17  ENFEOPS       1022F4  TI  0h 56m
 44  TCSUP         1022F4  TI  0h 56m
 19  HAWKINSD      LISTER  ^C  0h 55m  killed
 73  FSUPPORT      NAD     TI  0h 51m
 87  SHAWB         OPER    ^C  0h 51m  killed
 58  ENFE          1022F4  TI  0h 47m
 93  ENFE          1022F4  TI  0h 46m
 27  AKRONE        LISTER  ^C  0h 45m  killed
Tue, 19 Aug 86 19:20:02 UT; 13 jobs free out of 110 (11%).
Tue, 19 Aug 86 19:35:27 UT; 4 jobs free out of 110 (3%).
 28  ENFE          1022F4  TI 95h 49m
 26  ENFE          1022F4  TI  7h 56m
 34  ENFEOPS       OPER    TI  7h 30m
 48  CNFE          1022F4  TI  7h  4m
 80  CATECH        1022F4  TI  5h 23m
 50  ENFE          1022F4  TI  5h 15m
 49  ENFE          1022F4  TI  4h 59m
 81  CNFE          1022F4  TI  4h 44m
 31  INTLTECH      1022F4  TI  4h 32m
 76  ENFE          1022F4  TI  4h  3m
 86  CNFEOPS       1022F4  TI  2h 55m
 91  ENFE          1022F4  TI  2h 24m
 10  OPER          SYSNO   ^C  2h 19m
104  ENFE          1022F4  TI  2h 15m
  9  CNFE          1022F4  TI  2h  9m
103  BWORKMAN      1022F4  TI  2h  8m
 96  ENFE          1022F4  TI  2h  0m
 78  TYM5          CKSUM   TI  1h 54m
 61  ENFE          1022F4  TI  1h 52m
 89  ENFEOPS       1022F4  TI  1h 47m
 62  WNFE          1022F4  TI  1h 35m
 73  FSUPPORT      NAD     TI  1h 21m
 93  ENFE          1022F4  TI  1h 16m
 25  MHANNA        GFD     ^C  1h  9m  killed
 54  TYM5          LISTER  ^C  1h  7m  killed
  3  ENFE          1022F4  TI  0h 55m
 43  JMAGNAN       NAD     ^C  0h 52m  killed
105  TYM5          RPG     ^C  0h 52m  killed
 63  WWANG         INIT    ^C  0h 49m  killed
 35  TCSUP         1022F4  TI  0h 48m
 24  TCSUP         1022F4  TI  0h 48m
 37  TYM5          EDITOR  ^C  0h 44m  killed
Tue, 19 Aug 86 19:50:45 UT; 11 jobs free out of 110 (10%).
Tue, 19 Aug 86 20:06:00 UT; 15 jobs free out of 110 (13%).
Tue, 19 Aug 86 20:21:34 UT; 5 jobs free out of 110 (4%).
 28  ENFE          1022F4  TI 96h 34m
 26  ENFE          1022F4  TI  8h 41m
 34  ENFEOPS       OPER    TI  8h 15m
 48  CNFE          1022F4  TI  7h 49m
 80  CATECH        1022F4  TI  6h  8m
 50  ENFE          1022F4  TI  6h  0m
 49  ENFE          1022F4  TI  5h 44m
 81  CNFE          1022F4  TI  5h 29m
 31  INTLTECH      1022F4  TI  5h 17m
 76  ENFE          1022F4  TI  4h 48m
 86  CNFEOPS       1022F4  TI  3h 40m
 10  OPER          SYSNO   ^C  3h  4m
104  ENFE          1022F4  TI  3h  0m
 61  ENFE          1022F4  TI  2h 37m
 89  ENFEOPS       1022F4  TI  2h 32m
 73  FSUPPORT      NAD     TI  2h  6m
  3  ENFE          1022F4  TI  1h 40m
  7  NETCON        1022F4  TI  1h 24m
 14  FLIBE         1022F4  ^C  1h 21m  killed
 22  TCSUP         1022F4  TI  1h 14m
 67  ENFE          1022F4  TI  1h 11m
 27  WNFE          LISTER  ^C  1h 11m  killed
101  TCSUP         1022F4  TI  1h 10m
 90  TCLARKE       NAD     TI  1h 10m
 71  RREYES        LISTER  ^C  1h  9m  killed
 33  CNFE          1022F4  ^C  1h  3m  killed
 88  NETCON        1022F4  TI  1h  2m
 58  ENFE          1022F4  TI  1h  2m
 60  STONEK        LISTER  ^C  1h  0m  killed
Tue, 19 Aug 86 20:37:12 UT; 6 jobs free out of 110 (5%).
 28  ENFE          1022F4  TI 96h 49m
 26  ENFE          1022F4  TI  8h 56m
 34  ENFEOPS       OPER    TI  8h 30m
 48  CNFE          1022F4  TI  8h  4m
 80  CATECH        1022F4  TI  6h 23m
 50  ENFE          1022F4  TI  6h 15m
 49  ENFE          1022F4  TI  5h 59m
 81  CNFE          1022F4  TI  5h 44m
 31  INTLTECH      1022F4  TI  5h 32m
 76  ENFE          1022F4  TI  5h  3m
 86  CNFEOPS       1022F4  TI  3h 55m
 10  OPER          SYSNO   ^C  3h 19m
 61  ENFE          1022F4  TI  2h 52m
 89  ENFEOPS       1022F4  TI  2h 47m
 73  FSUPPORT      NAD     TI  2h 21m
  3  ENFE          1022F4  TI  1h 55m
  7  NETCON        1022F4  TI  1h 39m
 22  TCSUP         1022F4  TI  1h 29m
 90  TCLARKE       NAD     TI  1h 25m
101  TCSUP         1022F4  TI  1h 25m
 58  ENFE          1022F4  TI  1h 17m
 99  TYM5          PCOM    ^C  1h 13m  killed
 57  ENFE          1022F4  TI  1h 13m
 42  MWILLHAUCK    CKSUM   ^C  1h  9m  killed
 74  ENFE          1022F4  TI  1h  9m
 25  ENFE          1022F4  ^C  0h 58m  killed
 78  TYM5          CKSUM   ^C  0h 51m  killed
Tue, 19 Aug 86 20:52:53 UT; 7 jobs free out of 110 (6%).
 28  ENFE          1022F4  TI 97h  4m
 26  ENFE          1022F4  TI  9h 11m
 34  ENFEOPS       OPER    TI  8h 45m
 48  CNFE          1022F4  TI  8h 19m
 80  CATECH        1022F4  TI  6h 38m
 50  ENFE          1022F4  TI  6h 30m
 81  CNFE          1022F4  TI  5h 59m
 31  INTLTECH      1022F4  TI  5h 47m
 76  ENFE          1022F4  TI  5h 18m
 86  CNFEOPS       1022F4  TI  4h 10m
 10  OPER          SYSNO   ^C  3h 34m
 89  ENFEOPS       1022F4  TI  3h  2m
 73  FSUPPORT      NAD     TI  2h 36m
  3  ENFE          1022F4  TI  2h 10m
  7  NETCON        1022F4  TI  1h 54m
101  TCSUP         1022F4  TI  1h 40m
 90  TCLARKE       NAD     TI  1h 40m
 58  ENFE          1022F4  TI  1h 32m
 57  ENFE          1022F4  TI  1h 28m
 74  ENFE          1022F4  TI  1h 24m
 40  NETCON        1022F4  TI  1h  2m
 83  ENFEOPS       1022F4  TI  0h 59m
 13  KORALEWSKIR   SYSNO   ^C  0h 59m  killed
 54  TYM5          SYSNO   ^C  0h 59m  killed
 91  ENFE          1022F4  TI  0h 59m
 68  TYM5          CKSUM   ^C  0h 56m  killed
Tue, 19 Aug 86 21:08:08 UT; 20 jobs free out of 110 (18%).
Tue, 19 Aug 86 21:23:18 UT; 19 jobs free out of 110 (17%).
Tue, 19 Aug 86 21:38:35 UT; 22 jobs free out of 110 (20%).
Tue, 19 Aug 86 21:53:54 UT; 16 jobs free out of 110 (14%).
Tue, 19 Aug 86 22:09:09 UT; 26 jobs free out of 110 (23%).
Tue, 19 Aug 86 22:24:16 UT; 27 jobs free out of 110 (24%).
Tue, 19 Aug 86 22:39:27 UT; 26 jobs free out of 110 (23%).
Tue, 19 Aug 86 22:54:36 UT; 28 jobs free out of 110 (25%).
Tue, 19 Aug 86 23:09:52 UT; 25 jobs free out of 110 (22%).
Tue, 19 Aug 86 23:25:03 UT; 26 jobs free out of 110 (23%).
Tue, 19 Aug 86 23:40:08 UT; 30 jobs free out of 110 (27%).
Tue, 19 Aug 86 23:55:12 UT; 26 jobs free out of 110 (23%).
Wed, 20 Aug 86 0:10:17 UT; 39 jobs free out of 110 (35%).
Wed, 20 Aug 86 0:25:31 UT; 42 jobs free out of 110 (38%).
Wed, 20 Aug 86 0:40:41 UT; 40 jobs free out of 110 (36%).
Wed, 20 Aug 86 0:55:59 UT; 39 jobs free out of 110 (35%).
Wed, 20 Aug 86 1:11:23 UT; 39 jobs free out of 110 (35%).
Wed, 20 Aug 86 1:26:47 UT; 40 jobs free out of 110 (36%).
Wed, 20 Aug 86 1:42:07 UT; 43 jobs free out of 110 (39%).
Wed, 20 Aug 86 1:57:20 UT; 45 jobs free out of 110 (40%).
Wed, 20 Aug 86 2:12:43 UT; 48 jobs free out of 110 (43%).
Wed, 20 Aug 86 2:28:05 UT; 49 jobs free out of 110 (44%).
Wed, 20 Aug 86 2:43:18 UT; 50 jobs free out of 110 (45%).
Wed, 20 Aug 86 2:58:31 UT; 52 jobs free out of 110 (47%).
Wed, 20 Aug 86 3:13:36 UT; 55 jobs free out of 110 (50%).
Wed, 20 Aug 86 3:28:39 UT; 57 jobs free out of 110 (51%).
Wed, 20 Aug 86 3:43:41 UT; 55 jobs free out of 110 (50%).
Wed, 20 Aug 86 3:58:50 UT; 56 jobs free out of 110 (50%).
Wed, 20 Aug 86 4:14:00 UT; 57 jobs free out of 110 (51%).
Wed, 20 Aug 86 4:29:01 UT; 59 jobs free out of 110 (53%).
Wed, 20 Aug 86 4:44:03 UT; 61 jobs free out of 110 (55%).
Wed, 20 Aug 86 4:59:06 UT; 61 jobs free out of 110 (55%).
Wed, 20 Aug 86 5:14:07 UT; 64 jobs free out of 110 (58%).
Wed, 20 Aug 86 5:29:10 UT; 63 jobs free out of 110 (57%).
Wed, 20 Aug 86 5:44:13 UT; 62 jobs free out of 110 (56%).
Wed, 20 Aug 86 5:59:16 UT; 62 jobs free out of 110 (56%).
Wed, 20 Aug 86 6:14:19 UT; 62 jobs free out of 110 (56%).
Wed, 20 Aug 86 6:29:19 UT; 64 jobs free out of 110 (58%).
Wed, 20 Aug 86 6:44:23 UT; 63 jobs free out of 110 (57%).
Wed, 20 Aug 86 6:59:25 UT; 64 jobs free out of 110 (58%).
Wed, 20 Aug 86 7:14:35 UT; 63 jobs free out of 110 (57%).
Wed, 20 Aug 86 7:29:38 UT; 64 jobs free out of 110 (58%).
Wed, 20 Aug 86 7:44:40 UT; 67 jobs free out of 110 (60%).
Wed, 20 Aug 86 7:59:41 UT; 68 jobs free out of 110 (61%).
Wed, 20 Aug 86 8:14:43 UT; 65 jobs free out of 110 (59%).
Wed, 20 Aug 86 8:29:44 UT; 65 jobs free out of 110 (59%).
Wed, 20 Aug 86 8:44:46 UT; 65 jobs free out of 110 (59%).
Wed, 20 Aug 86 8:59:46 UT; 64 jobs free out of 110 (58%).
Wed, 20 Aug 86 9:14:49 UT; 64 jobs free out of 110 (58%).
Wed, 20 Aug 86 9:29:49 UT; 65 jobs free out of 110 (59%).
Wed, 20 Aug 86 9:44:49 UT; 65 jobs free out of 110 (59%).
Wed, 20 Aug 86 9:59:50 UT; 65 jobs free out of 110 (59%).
Wed, 20 Aug 86 10:14:51 UT; 68 jobs free out of 110 (61%).
Wed, 20 Aug 86 10:29:51 UT; 67 jobs free out of 110 (60%).
Wed, 20 Aug 86 10:44:52 UT; 67 jobs free out of 110 (60%).
Wed, 20 Aug 86 10:59:58 UT; 67 jobs free out of 110 (60%).
Wed, 20 Aug 86 11:15:06 UT; 66 jobs free out of 110 (60%).
Wed, 20 Aug 86 11:30:12 UT; 66 jobs free out of 110 (60%).
Wed, 20 Aug 86 11:45:14 UT; 66 jobs free out of 110 (60%).
Wed, 20 Aug 86 12:00:16 UT; 62 jobs free out of 110 (56%).
Wed, 20 Aug 86 12:15:20 UT; 56 jobs free out of 110 (50%).
Wed, 20 Aug 86 12:30:23 UT; 54 jobs free out of 110 (49%).
Wed, 20 Aug 86 12:45:31 UT; 45 jobs free out of 110 (40%).
Wed, 20 Aug 86 13:00:50 UT; 42 jobs free out of 110 (38%).
Wed, 20 Aug 86 13:16:06 UT; 36 jobs free out of 110 (32%).
Wed, 20 Aug 86 13:31:17 UT; 27 jobs free out of 110 (24%).
Wed, 20 Aug 86 13:46:35 UT; 20 jobs free out of 110 (18%).
Wed, 20 Aug 86 14:01:48 UT; 23 jobs free out of 110 (20%).
Wed, 20 Aug 86 14:17:02 UT; 19 jobs free out of 110 (17%).
Wed, 20 Aug 86 14:32:19 UT; 5 jobs free out of 110 (4%).
 80  CATECH        1022F4  TI 24h  8m
  3  ENFE          1022F4  TI 19h 40m
 33  WNFE          LISTER  ^C 17h 51m  killed
 93  TYM5          DIRIT   ^C 17h 35m  killed
 34  CNFE          1022F4  TI 17h 13m
  1  WNFE          1022F4  TI 16h  2m
 26  TYM5          COPY    ^C 15h 56m  killed
 44  TECHSERV      1022F4  ^C 15h 27m  killed
 17  BORROMEO      LISTER  ^C 14h 33m  killed
Wed, 20 Aug 86 14:47:45 UT; 9 jobs free out of 110 (8%).
 80  CATECH        1022F4  TI 24h 23m
  3  ENFE          1022F4  TI 19h 55m
 34  CNFE          1022F4  TI 17h 28m
  1  WNFE          1022F4  TI 16h 17m
 37  JLIU          DIRIT   ^C 14h 27m  killed
Wed, 20 Aug 86 15:03:02 UT; 12 jobs free out of 110 (10%).
Wed, 20 Aug 86 15:18:15 UT; 11 jobs free out of 110 (10%).
Wed, 20 Aug 86 15:33:33 UT; 7 jobs free out of 110 (6%).
 80  CATECH        1022F4  TI 25h  8m
  3  ENFE          1022F4  TI 20h 40m
 34  CNFE          1022F4  TI 18h 13m
  1  WNFE          1022F4  TI 17h  2m
 31  PHERMENS      LISTER  ^C 11h 55m  killed
 35  ENFE          1022F4  TI 11h 48m
 38  WNFE          LISTER  ^C 11h 24m  killed
 27  ENFE          1022F4  TI  9h 39m
  7  NETCON        LOADII  ^C  9h 31m  killed
Wed, 20 Aug 86 15:48:58 UT; 4 jobs free out of 110 (3%).
 80  CATECH        1022F4  TI 25h 23m
  3  ENFE          1022F4  TI 20h 55m
 34  CNFE          1022F4  TI 18h 28m
  1  WNFE          1022F4  TI 17h 17m
 35  ENFE          1022F4  TI 12h  3m
 27  ENFE          1022F4  TI  9h 54m
  8  CNFE          OPER    ^C  9h 42m  killed
 14  CNFE          1022F4  ^C  7h  0m  killed
 10  NSSC          LOADII  ^C  3h 44m  killed
 45  TCSUP         LISTER  ^C  3h 29m  killed
 48  ENFE          1022F4  TI  3h  8m
 63  TCSUP         1022F4  TI  2h 46m
 43  ENFE          1022F4  TI  2h 42m
 64  SHAWB         1022F4  ^C  2h 39m  killed
 68  ENFE          1022F4  ^C  2h 21m  killed
Wed, 20 Aug 86 16:04:18 UT; 4 jobs free out of 110 (3%).
 80  CATECH        1022F4  TI 25h 38m
  3  ENFE          1022F4  TI 21h 10m
 34  CNFE          1022F4  TI 18h 43m
  1  WNFE          1022F4  TI 17h 32m
 35  ENFE          1022F4  TI 12h 18m
 27  ENFE          1022F4  TI 10h  9m
 48  ENFE          1022F4  TI  3h 23m
 63  TCSUP         1022F4  TI  3h  1m
 43  ENFE          1022F4  TI  2h 57m
 85  WNFE          OPER    ^C  2h 24m  killed
 81  WNFE          1022F4  ^C  2h 22m  killed
 66  TCLARKE       ONTYME  ^C  2h 11m  killed
 73  TAMB          DIRIT   ^C  2h  9m  killed
 75  ESIMMONS      AUXIO   ^C  2h  9m  killed
 25  ENFE          1022F4  TI  2h  6m
 23  ENFE          1022F4  ^C  2h  1m  killed
Wed, 20 Aug 86 16:19:41 UT; 2 jobs free out of 110 (1%).
 80  CATECH        1022F4  TI 25h 53m
  3  ENFE          1022F4  TI 21h 25m
 34  CNFE          1022F4  TI 18h 58m
 27  ENFE          1022F4  TI 10h 24m
 48  ENFE          1022F4  TI  3h 38m
 63  TCSUP         1022F4  TI  3h 16m
 43  ENFE          1022F4  TI  3h 12m
 25  ENFE          1022F4  TI  2h 21m
 15  RREYES        CKSUM   ^C  2h  4m  killed
 88  CATECH        1022F4  TI  2h  0m
 24  AKRONE        LISTER  ^C  2h  0m  killed
 91  TCSUP         LISTER  ^C  1h 57m  killed
 99  RANDERSON     DIRIT   ^C  1h 49m  killed
 56  CNFE          1022F4  ^C  1h 41m  killed
 12  NETCON        LISTER  ^C  1h 40m  killed
101  TCSUP         1022F4  TI  1h 35m
 83  SBANNING      LISTER  ^C  1h 33m  killed
 16  ENFE          1022F4  TI  1h 29m
 57  MHANNA        1022F4  ^C  1h 22m  killed
Wed, 20 Aug 86 16:35:09 UT; 4 jobs free out of 110 (3%).
 80  CATECH        1022F4  TI 26h  8m
  3  ENFE          1022F4  TI 21h 40m
 34  CNFE          1022F4  TI 19h 13m
 27  ENFE          1022F4  TI 10h 39m
 48  ENFE          1022F4  TI  3h 53m
 63  TCSUP         1022F4  TI  3h 31m
 43  ENFE          1022F4  TI  3h 27m
 25  ENFE          1022F4  TI  2h 36m
 88  CATECH        1022F4  TI  2h 15m
101  TCSUP         1022F4  TI  1h 50m
 16  ENFE          1022F4  TI  1h 44m
 36  BWORKMAN      1022F4  ^C  1h 37m  killed
 59  RSARMAH       1022F4  ^C  1h 33m  killed
 26  TCSUP         1022F4  TI  1h 33m
 22  WNFE          FNDFIL  ^C  1h 23m  killed
 77  EWONG         OPER    ^C  1h 20m  killed
 51  TOOMEYF       TAUX    ^C  1h 20m  killed
 97  NETCON        OPER    ^C  1h 14m  killed
Wed, 20 Aug 86 16:50:40 UT; 8 jobs free out of 110 (7%).
 80  CATECH        1022F4  TI 26h 23m
  3  ENFE          1022F4  TI 21h 55m
 34  CNFE          1022F4  TI 19h 28m
 27  ENFE          1022F4  TI 10h 54m
 63  TCSUP         1022F4  TI  3h 46m
 43  ENFE          1022F4  TI  3h 42m
 25  ENFE          1022F4  TI  2h 51m
 88  CATECH        1022F4  TI  2h 30m
 16  ENFE          1022F4  TI  1h 59m
 70  ENFE          1022F4  TI  1h 23m
 33  TYM5          LISTER  ^C  1h 16m  killed
  7  TYM5          OPER    ^C  1h 15m  killed
Wed, 20 Aug 86 17:06:16 UT; 20 jobs free out of 110 (18%).
Wed, 20 Aug 86 17:21:46 UT; 14 jobs free out of 110 (12%).
Wed, 20 Aug 86 17:37:04 UT; 11 jobs free out of 110 (10%).
Wed, 20 Aug 86 17:52:25 UT; 15 jobs free out of 110 (13%).
Wed, 20 Aug 86 18:07:37 UT; 12 jobs free out of 110 (10%).
Wed, 20 Aug 86 18:22:55 UT; 4 jobs free out of 110 (3%).
 80  CATECH        1022F4  TI 27h 53m
 34  CNFE          1022F4  TI 20h 58m
 42  THOMASJ       OPER    ^C  2h 17m  killed
 66  WNFE          SYSNO   ^C  2h 11m  killed
 31  TYM5          COPY    ^C  2h  2m  killed
 47  TSAMPSON      1022F4  ^C  2h  1m  killed
 55  CWOO          NAD     ^C  2h  0m  killed
 24  WNFE          OPER    ^C  1h 56m  killed
Wed, 20 Aug 86 18:38:12 UT; 5 jobs free out of 110 (4%).
 80  CATECH        1022F4  TI 28h  8m
 34  CNFE          1022F4  TI 21h 13m
 51  WNFENW        LISTER  ^C  1h 57m  killed
 59  ENFEOPS       1022F4  TI  1h 55m
 96  CNFEOPS       1022F4  TI  1h 51m
 18  CPAPRINT      SPOOL   TI  1h 44m
  7  MHANNA        GFD     ^C  1h 44m  killed
 57  WNFE          DIRIT   ^C  1h 42m  killed
 23  TYM5          DIRIT   ^C  1h 41m  killed
 45  TYM5          CKSUM   ^C  1h 40m  killed
Wed, 20 Aug 86 18:53:46 UT; 8 jobs free out of 110 (7%).
 80  CATECH        1022F4  TI 28h 23m
 34  CNFE          1022F4  TI 21h 28m
 59  ENFEOPS       1022F4  TI  2h 10m
 96  CNFEOPS       1022F4  TI  2h  6m
 18  CPAPRINT      SPOOL   TI  1h 59m
 44  CNFE          LISTER  ^C  1h 55m  killed
 37  RAKELLA       ONTYME  ^C  1h 53m  killed
Wed, 20 Aug 86 19:09:12 UT; 9 jobs free out of 110 (8%).
 34  CNFE          1022F4  TI 21h 43m
 59  ENFEOPS       1022F4  TI  2h 25m
 96  CNFEOPS       1022F4  TI  2h 21m
 94  WNFE          1022F4  ^C  2h  6m  killed
Wed, 20 Aug 86 19:24:36 UT; 4 jobs free out of 110 (3%).
 34  CNFE          1022F4  TI 21h 58m
 96  CNFEOPS       1022F4  TI  2h 36m
 70  CNFE          1022F4  ^C  2h 20m  killed
 93  DMIELKE       SYSNO   ^C  2h 20m  killed
 30  FLIBE         NAD     ^C  2h  7m  killed
 92  TYM5          TAUX    ^C  2h  6m  killed
 85  CATECH        1022F4  ^C  2h  4m  killed
 10  TYM5          EDITOR  ^C  2h  1m  killed
Wed, 20 Aug 86 19:40:00 UT; 5 jobs free out of 110 (4%).
 34  CNFE          1022F4  TI 22h 13m
 96  CNFEOPS       1022F4  TI  2h 51m
 88  TYM5          LISTER  ^C  2h 14m  killed
 79  TCSUP         1022F4  TI  2h 11m
 48  ENFE          1022F4  TI  2h  6m
 95  ENFE          1022F4  TI  1h 50m
 56  ENFE          1022F4  TI  1h 47m
  8  ENFE          1022F4  ^C  1h 45m  killed
 13  TCSUP         1022F4  TI  1h 39m
 39  ENFE          1022F4  ^C  1h 37m  killed
 38  FSUPPORT      NAD     TI  1h 36m
 16  WNFE          LISTER  ^C  1h 23m  killed
 49  RSARMAH       LISTER  ^C  1h 20m  killed
Wed, 20 Aug 86 19:55:26 UT; 9 jobs free out of 110 (8%).
 34  CNFE          1022F4  TI 22h 28m
 96  CNFEOPS       1022F4  TI  3h  6m
 79  TCSUP         1022F4  TI  2h 26m
 48  ENFE          1022F4  TI  2h 21m
 95  ENFE          1022F4  TI  2h  5m
 56  ENFE          1022F4  TI  2h  2m
 13  TCSUP         1022F4  TI  1h 54m
 38  FSUPPORT      NAD     TI  1h 51m
 22  SBANNING      LISTER  ^C  1h 34m  killed
Wed, 20 Aug 86 20:10:49 UT; 9 jobs free out of 110 (8%).
 34  CNFE          1022F4  TI 22h 43m
 96  CNFEOPS       1022F4  TI  3h 21m
 79  TCSUP         1022F4  TI  2h 41m
 48  ENFE          1022F4  TI  2h 36m
 95  ENFE          1022F4  TI  2h 20m
 56  ENFE          1022F4  TI  2h 17m
 13  TCSUP         1022F4  TI  2h  9m
 38  FSUPPORT      NAD     TI  2h  6m
 27  TECHSERV      NAD     ^C  1h 39m  killed
Wed, 20 Aug 86 20:26:04 UT; 10 jobs free out of 110 (9%).
Wed, 20 Aug 86 20:41:38 UT; 8 jobs free out of 110 (7%).
 34  CNFE          1022F4  TI 23h 13m
 96  CNFEOPS       1022F4  TI  3h 51m
 79  TCSUP         1022F4  TI  3h 11m
 48  ENFE          1022F4  TI  3h  6m
 95  ENFE          1022F4  TI  2h 50m
 56  ENFE          1022F4  TI  2h 47m
 13  TCSUP         1022F4  TI  2h 39m
 38  FSUPPORT      NAD     TI  2h 36m
 55  AKRONE        LISTER  ^C  2h  8m  killed
 91  ENFE          LISTER  ^C  2h  3m  killed
Wed, 20 Aug 86 20:57:11 UT; 14 jobs free out of 110 (12%).
Wed, 20 Aug 86 21:12:25 UT; 21 jobs free out of 110 (19%).
Wed, 20 Aug 86 21:27:38 UT; 23 jobs free out of 110 (20%).
Wed, 20 Aug 86 21:42:58 UT; 23 jobs free out of 110 (20%).
Wed, 20 Aug 86 21:58:13 UT; 28 jobs free out of 110 (25%).
Wed, 20 Aug 86 22:13:23 UT; 25 jobs free out of 110 (22%).
Wed, 20 Aug 86 22:28:44 UT; 23 jobs free out of 110 (20%).
Wed, 20 Aug 86 22:44:22 UT; 24 jobs free out of 110 (21%).
Wed, 20 Aug 86 22:59:56 UT; 30 jobs free out of 110 (27%).
Wed, 20 Aug 86 23:15:08 UT; 31 jobs free out of 110 (28%).
Wed, 20 Aug 86 23:30:13 UT; 33 jobs free out of 110 (30%).
Wed, 20 Aug 86 23:45:17 UT; 34 jobs free out of 110 (30%).
Thu, 21 Aug 86 0:00:23 UT; 37 jobs free out of 110 (33%).
Thu, 21 Aug 86 0:15:26 UT; 40 jobs free out of 110 (36%).
Thu, 21 Aug 86 0:30:44 UT; 44 jobs free out of 110 (40%).
Thu, 21 Aug 86 0:45:48 UT; 45 jobs free out of 110 (40%).
Thu, 21 Aug 86 1:00:58 UT; 44 jobs free out of 110 (40%).
Thu, 21 Aug 86 1:16:20 UT; 46 jobs free out of 110 (41%).
Thu, 21 Aug 86 1:31:42 UT; 47 jobs free out of 110 (42%).
Thu, 21 Aug 86 1:47:05 UT; 45 jobs free out of 110 (40%).
Thu, 21 Aug 86 2:02:27 UT; 46 jobs free out of 110 (41%).
Thu, 21 Aug 86 2:17:51 UT; 46 jobs free out of 110 (41%).
Thu, 21 Aug 86 2:33:06 UT; 47 jobs free out of 110 (42%).
Thu, 21 Aug 86 2:48:21 UT; 47 jobs free out of 110 (42%).
Thu, 21 Aug 86 3:03:29 UT; 39 jobs free out of 110 (35%).
Thu, 21 Aug 86 3:18:42 UT; 41 jobs free out of 110 (37%).
Thu, 21 Aug 86 3:33:51 UT; 41 jobs free out of 110 (37%).
Thu, 21 Aug 86 3:48:54 UT; 41 jobs free out of 110 (37%).
Thu, 21 Aug 86 4:03:57 UT; 45 jobs free out of 110 (40%).
Thu, 21 Aug 86 4:19:01 UT; 49 jobs free out of 110 (44%).
Thu, 21 Aug 86 4:34:03 UT; 54 jobs free out of 110 (49%).
Thu, 21 Aug 86 4:49:04 UT; 55 jobs free out of 110 (50%).
Thu, 21 Aug 86 5:04:06 UT; 56 jobs free out of 110 (50%).
Thu, 21 Aug 86 5:19:10 UT; 55 jobs free out of 110 (50%).
Thu, 21 Aug 86 5:34:10 UT; 55 jobs free out of 110 (50%).
Thu, 21 Aug 86 5:49:11 UT; 55 jobs free out of 110 (50%).
Thu, 21 Aug 86 6:04:15 UT; 53 jobs free out of 110 (48%).
Thu, 21 Aug 86 6:19:18 UT; 55 jobs free out of 110 (50%).
Thu, 21 Aug 86 6:34:20 UT; 55 jobs free out of 110 (50%).
Thu, 21 Aug 86 6:49:21 UT; 56 jobs free out of 110 (50%).
   lT