 5sep84 17:28:50 #7 (M33) LOGIN 2400:114 TID=1200
 5sep84 17:28:51 #7 (M33) NEXIT (SYS)SEC
 5sep84 17:28:53 #7 (M33) RUN (SYS)RPG
 5sep84 17:28:53 #7 (M33) RUNLIC 2000,,0
 5sep84 17:28:53 #7 (M33) NEXIT (SYS)RPG
 5sep84 17:28:58 #7 (M33) RUN (SYS)GFD
 5sep84 17:28:58 #7 (M33) RUNLIC 5010,,0
 5sep84 17:28:59 #7 (M33) NEXIT (SYS)GFD
 5sep84 17:29:04 #7 (M33) RUN (SYS)RPG
 5sep84 17:29:04 #7 (M33) RUNLIC 2000,,0
 5sep84 17:29:05 #7 (M33) RUN (SYS)DIRIT
 5sep84 17:29:24 #7 (M33) RUN (SYS)RPG
 5sep84 17:29:24 #7 (M33) RUNLIC 2000,,0
 5sep84 17:29:25 #7 (M33) RUN (SYS)LISTER
 5sep84 17:29:25 #7 (M33) RUNLIC 12,,0
 5sep84 17:30:10 #7 (M33) RUN (SYS)LOGOUT
 5sep84 17:30:10 #7 (M33) RUNLIC 547000,,0
 5sep84 17:30:12 #7 (M33) LOGOUT TRUs = 20.2
 5sep84 17:30:28 #7 (M33) LOGIN 2400:111 TID=1200
 5sep84 17:30:28 #7 (M33) NEXIT (SYS)SEC
 5sep84 17:30:28 #7 (M33) RUN (SYS)RPG
 5sep84 17:30:28 #7 (M33) RUNLIC 2000,,0
 5sep84 17:30:29 #7 (M33) NEXIT (SYS)RPG
 5sep84 17:30:38 #7 (M33) RUN (SYS)GFD
 5sep84 17:30:38 #7 (M33) RUNLIC 5010,,0
 5sep84 17:30:40 #7 (M33) NEXIT (SYS)GFD
 5sep84 17:30:41 #7 (M33) RUN (SYS)RPG
 5sep84 17:30:41 #7 (M33) RUNLIC 2000,,0
 5sep84 17:30:42 #7 (M33) RUN (SYS)DIRIT
 5sep84 17:30:53 #7 (M33) RUN (SYS)RPG
 5sep84 17:30:53 #7 (M33) RUNLIC 2000,,0
 5sep84 17:30:53 #7 (M33) RUN (SYS)LISTER
 5sep84 17:30:53 #7 (M33) RUNLIC 12,,0
 5sep84 17:50:16 #7 (M33) RUN (SYS)LOGOUT
 5sep84 17:50:16 #7 (M33) RUNLIC 547000,,0
 5sep84 17:50:18 #7 (M33) LOGOUT TRUs = 29.7
 5sep84 17:51:30 #3 (M33) LOGIN 2536:136 TID=1200
 5sep84 17:51:30 #3 (M33) NEXIT (SYS)SEC
 5sep84 17:51:36 #3 (M33) RUN (SYS)GFD
 5sep84 17:51:36 #3 (M33) RUNLIC 5010,,0
 5sep84 17:51:37 #3 (M33) NEXIT (SYS)GFD
 5sep84 17:51:38 #3 (M33) RUN (SYS)RPG
 5sep84 17:51:38 #3 (M33) RUNLIC 2000,,0
 5sep84 17:51:38 #3 (M33) NEXIT (SYS)RPG
 5sep84 17:51:38 #3 (M33) RUN (SYS)RPG
 5sep84 17:51:38 #3 (M33) RUNLIC 2000,,0
 5sep84 17:51:38 #3 (M33) RUN (SYS)DIRIT
 5sep84 17:51:49 #3 (M33) RUN (SYS)RPG
 5sep84 17:51:49 #3 (M33) RUNLIC 2000,,0
 5sep84 17:51:49 #3 (M33) RUN (SYS)LISTER
 5sep84 17:51:49 #3 (M33) RUNLIC 12,,0
 5sep84 17:52:09 #3 (M33) RUN (SYS)RPG
 5sep84 17:52:09 #3 (M33) RUNLIC 2000,,0
 5sep84 17:52:09 #3 (M33) RUN (SYS)EDITOR
 5sep84 17:53:06 #3 (M33) NEXIT (SYS)EDITOR
 5sep84 17:53:07 #3 (M33) RUN (SYS)LOGOUT
 5sep84 17:53:07 #3 (M33) RUNLIC 547000,,0
 5sep84 17:53:09 #3 (M33) LOGOUT TRUs = 30.8
 5sep84 17:58:33 #3 (M33) LOGIN 2536:131 TID=1200
 5sep84 17:58:34 #3 (M33) NEXIT (SYS)SEC
 5sep84 17:58:34 #3 (M33) RUN (SYS)RPG
 5sep84 17:58:34 #3 (M33) RUNLIC 2000,,0
 5sep84 17:58:34 #3 (M33) NEXIT (SYS)RPG
 5sep84 17:58:36 #3 (M33) RUN (SYS)GFD
 5sep84 17:58:36 #3 (M33) RUNLIC 5010,,0
 5sep84 17:58:37 #3 (M33) NEXIT (SYS)GFD
 5sep84 17:58:37 #3 (M33) RUN (SYS)RPG
 5sep84 17:58:37 #3 (M33) RUNLIC 2000,,0
 5sep84 17:58:38 #3 (M33) RUN (SYS)DIRIT
 5sep84 17:58:52 #3 (M33) RUN (SYS)RPG
 5sep84 17:58:52 #3 (M33) RUNLIC 2000,,0
 5sep84 17:58:52 #3 (M33) RUN (SYS)LISTER
 5sep84 17:58:52 #3 (M33) RUNLIC 12,,0
 5sep84 17:59:00 #3 (M33) RUN (SYS)RPG
 5sep84 17:59:00 #3 (M33) RUNLIC 2000,,0
 5sep84 17:59:00 #3 (M33) RUN (SYS)DIRIT
 5sep84 17:59:07 #3 (M33) RUN (SYS)RPG
 5sep84 17:59:07 #3 (M33) RUNLIC 2000,,0
 5sep84 17:59:07 #3 (M33) RUN (SYS)DIRIT
 5sep84 17:59:22 #3 (M33) RUN (SYS)RPG
 5sep84 17:59:22 #3 (M33) RUNLIC 2000,,0
 5sep84 17:59:22 #3 (M33) RUN (SYS)LISTER
 5sep84 17:59:22 #3 (M33) RUNLIC 12,,0
 5sep84 18:15:06 #3 (M33) RUN (SYS)LOGOUT
 5sep84 18:15:06 #3 (M33) RUNLIC 547000,,0
 5sep84 18:15:08 #3 (M33) LOGOUT TRUs = 54.1
 9sep84 15:00:30 #7 (M33) LOGIN 2400:25 TID=1200
 9sep84 15:00:30 #7 (M33) NEXIT (SYS)SEC
 9sep84 15:00:33 #7 (M33) RUN (SYS)GFD
 9sep84 15:00:33 #7 (M33) RUNLIC 5010,,0
 9sep84 15:00:33 #7 (M33) NEXIT (SYS)GFD
 9sep84 15:00:35 #7 (M33) RUN (SYS)RPG
 9sep84 15:00:35 #7 (M33) RUNLIC 2000,,0
 9sep84 15:00:35 #7 (M33) NEXIT (SYS)RPG
 9sep84 15:00:37 #7 (M33) RUN (SYS)GFD
 9sep84 15:00:37 #7 (M33) RUNLIC 5010,,0
 9sep84 15:00:38 #7 (M33) NEXIT (SYS)GFD
 9sep84 15:00:38 #7 (M33) RUN (SYS)RPG
 9sep84 15:00:38 #7 (M33) RUNLIC 2000,,0
 9sep84 15:00:38 #7 (M33) RUN (SYS)DIRIT
 9sep84 15:00:49 #7 (M33) RUN (SYS)RPG
 9sep84 15:00:49 #7 (M33) RUNLIC 2000,,0
 9sep84 15:00:49 #7 (M33) RUN (SYS)LISTER
 9sep84 15:00:49 #7 (M33) RUNLIC 12,,0
 9sep84 15:01:14 #7 (M33) RUN (SYS)RPG
 9sep84 15:01:14 #7 (M33) RUNLIC 2000,,0
 9sep84 15:01:14 #7 (M33) RUN (SYS)LISTER
 9sep84 15:01:14 #7 (M33) RUNLIC 12,,0
 9sep84 15:01:17 #7 (M33) RUN (SYS)SYSTAT
 9sep84 15:01:17 #7 (M33) RUNLIC 402000,,0
 9sep84 15:01:17 #7 (M33) SETNAM WHO
 9sep84 15:01:22 #7 (M33) RUN (SYS)RPG
 9sep84 15:01:22 #7 (M33) RUNLIC 2000,,0
 9sep84 15:01:22 #7 (M33) RUN (SYS)DIRIT
 9sep84 15:01:32 #7 (M33) RUN (SYS)RPG
 9sep84 15:01:32 #7 (M33) RUNLIC 2000,,0
 9sep84 15:01:32 #7 (M33) RUN (SYS)LISTER
 9sep84 15:01:32 #7 (M33) RUNLIC 12,,0
 9sep84 15:03:17 #7 (M33) RUN (SYS)RPG
 9sep84 15:03:17 #7 (M33) RUNLIC 2000,,0
 9sep84 15:03:17 #7 (M33) RUN (SYS)DIRIT
 9sep84 15:03:28 #7 (M33) RUN (SYS)RPG
 9sep84 15:03:28 #7 (M33) RUNLIC 2000,,0
 9sep84 15:03:28 #7 (M33) RUN (SYS)LISTER
 9sep84 15:03:28 #7 (M33) RUNLIC 12,,0
 9sep84 15:04:05 #7 (M33) RUN (SYS)RPG
 9sep84 15:04:05 #7 (M33) RUNLIC 2000,,0
 9sep84 15:04:06 #7 (M33) RUN (SYS)DIRIT
 9sep84 15:04:18 #7 (M33) RUN (SYS)RPG
 9sep84 15:04:18 #7 (M33) RUNLIC 2000,,0
 9sep84 15:04:18 #7 (M33) RUN (SYS)LISTER
 9sep84 15:04:18 #7 (M33) RUNLIC 12,,0
 9sep84 15:04:30 #7 (M33) RUN (SYS)RPG
 9sep84 15:04:30 #7 (M33) RUNLIC 2000,,0
 9sep84 15:04:30 #7 (M33) RUN (SYS)LISTER
 9sep84 15:04:30 #7 (M33) RUNLIC 12,,0
 9sep84 15:05:22 #7 (M33) RUN (SYS)RPG
 9sep84 15:05:22 #7 (M33) RUNLIC 2000,,0
 9sep84 15:05:22 #7 (M33) RUN (SYS)DIRIT
 9sep84 15:05:30 #7 (M33) RUN (SYS)RPG
 9sep84 15:05:30 #7 (M33) RUNLIC 2000,,0
 9sep84 15:05:30 #7 (M33) RUN (SYS)DIRIT
 9sep84 15:05:45 #7 (M33) RUN (SYS)RPG
 9sep84 15:05:45 #7 (M33) RUNLIC 2000,,0
 9sep84 15:05:45 #7 (M33) RUN (SYS)LISTER
 9sep84 15:05:45 #7 (M33) RUNLIC 12,,0
 9sep84 15:06:11 #7 (M33) RUN (SYS)RPG
 9sep84 15:06:11 #7 (M33) RUNLIC 2000,,0
 9sep84 15:06:11 #7 (M33) RUN (SYS)DIRIT
 9sep84 15:06:31 #7 (M33) RUN (SYS)RPG
 9sep84 15:06:31 #7 (M33) RUNLIC 2000,,0
 9sep84 15:06:31 #7 (M33) RUN (SYS)LISTER
 9sep84 15:06:31 #7 (M33) RUNLIC 12,,0
 9sep84 15:06:47 #7 (M33) RUN (SYS)RPG
 9sep84 15:06:47 #7 (M33) RUNLIC 2000,,0
 9sep84 15:06:47 #7 (M33) RUN (SYS)DIRIT
 9sep84 15:06:49 #7 (M33) NEXIT (SYS)DIRIT
 9sep84 15:06:49 #7 (M33) RUN (SYS)RPG
 9sep84 15:06:49 #7 (M33) RUNLIC 2000,,0
 9sep84 15:06:49 #7 (M33) RUN (SYS)DIRIT
 9sep84 15:06:51 #7 (M33) NEXIT (SYS)DIRIT
 9sep84 15:06:57 #7 (M33) RUN (SYS)RPG
 9sep84 15:06:57 #7 (M33) RUNLIC 2000,,0
 9sep84 15:06:57 #7 (M33) RUN (SYS)LISTER
 9sep84 15:06:57 #7 (M33) RUNLIC 12,,0
 9sep84 15:07:04 #7 (M33) RUN (SYS)RPG
 9sep84 15:07:04 #7 (M33) RUNLIC 2000,,0
 9sep84 15:07:05 #7 (M33) RUN (SYS)DIRIT
 9sep84 15:07:06 #7 (M33) NEXIT (SYS)DIRIT
 9sep84 15:07:11 #7 (M33) RUN (SYS)RPG
 9sep84 15:07:11 #7 (M33) RUNLIC 2000,,0
 9sep84 15:07:11 #7 (M33) RUN (SYS)LISTER
 9sep84 15:07:11 #7 (M33) RUNLIC 12,,0
 9sep84 15:07:25 #7 (M33) RUN (SYS)RPG
 9sep84 15:07:25 #7 (M33) RUNLIC 2000,,0
 9sep84 15:07:25 #7 (M33) RUN (SYS)DIRIT
 9sep84 15:07:27 #7 (M33) NEXIT (SYS)DIRIT
 9sep84 15:07:32 #7 (M33) RUN (SYS)RPG
 9sep84 15:07:32 #7 (M33) RUNLIC 2000,,0
 9sep84 15:07:33 #7 (M33) RUN (SYS)LISTER
 9sep84 15:07:33 #7 (M33) RUNLIC 12,,0
 9sep84 15:07:49 #7 (M33) RUN (SYS)RPG
 9sep84 15:07:49 #7 (M33) RUNLIC 2000,,0
 9sep84 15:07:49 #7 (M33) RUN (SYS)DIRIT
 9sep84 15:07:51 #7 (M33) NEXIT (SYS)DIRIT
 9sep84 15:07:56 #7 (M33) RUN (SYS)RPG
 9sep84 15:07:56 #7 (M33) RUNLIC 2000,,0
 9sep84 15:07:56 #7 (M33) RUN (SYS)LISTER
 9sep84 15:07:56 #7 (M33) RUNLIC 12,,0
 9sep84 15:09:48 #7 (M33) RUN (SYS)RPG
 9sep84 15:09:48 #7 (M33) RUNLIC 2000,,0
 9sep84 15:09:48 #7 (M33) RUN (SYS)DIRIT
 9sep84 15:10:00 #7 (M33) RUN (SYS)RPG
 9sep84 15:10:00 #7 (M33) RUNLIC 2000,,0
 9sep84 15:10:00 #7 (M33) RUN (SYS)LISTER
 9sep84 15:10:00 #7 (M33) RUNLIC 12,,0
 9sep84 15:11:21 #7 (M33) NEXIT (SYS)LISTER
 9sep84 15:11:24 #7 (M33) RUN (SYS)RPG
 9sep84 15:11:24 #7 (M33) RUNLIC 2000,,0
 9sep84 15:11:24 #7 (M33) RUN (SYS)DIRIT
 9sep84 15:11:34 #7 (M33) RUN (SYS)RPG
 9sep84 15:11:34 #7 (M33) RUNLIC 2000,,0
 9sep84 15:11:34 #7 (M33) RUN (SYS)LISTER
 9sep84 15:11:34 #7 (M33) RUNLIC 12,,0
 9sep84 15:11:45 #7 (M33) RUN (SYS)RPG
 9sep84 15:11:45 #7 (M33) RUNLIC 2000,,0
 9sep84 15:11:45 #7 (M33) RUN (SYS)LISTER
 9sep84 15:11:45 #7 (M33) RUNLIC 12,,0
 9sep84 15:12:02 #7 (M33) RUN (SYS)RPG
 9sep84 15:12:02 #7 (M33) RUNLIC 2000,,0
 9sep84 15:12:02 #7 (M33) RUN (SYS)DIRIT
 9sep84 15:12:14 #7 (M33) RUN (SYS)RPG
 9sep84 15:12:14 #7 (M33) RUNLIC 2000,,0
 9sep84 15:12:14 #7 (M33) RUN (SYS)LISTER
 9sep84 15:12:14 #7 (M33) RUNLIC 12,,0
 9sep84 15:12:22 #7 (M33) RUN (SYS)RPG
 9sep84 15:12:22 #7 (M33) RUNLIC 2000,,0
 9sep84 15:12:22 #7 (M33) RUN (SYS)DIRIT
 9sep84 15:12:40 #7 (M33) NEXIT (SYS)DIRIT
 9sep84 15:12:57 #7 (M33) RUN (SYS)RPG
 9sep84 15:12:57 #7 (M33) RUNLIC 2000,,0
 9sep84 15:12:57 #7 (M33) RUN (SYS)DIRIT
 9sep84 15:13:12 #7 (M33) RUN (SYS)RPG
 9sep84 15:13:12 #7 (M33) RUNLIC 2000,,0
 9sep84 15:13:12 #7 (M33) RUN (SYS)LISTER
 9sep84 15:13:12 #7 (M33) RUNLIC 12,,0
 9sep84 15:14:07 #7 (M33) RUN (SYS)RPG
 9sep84 15:14:07 #7 (M33) RUNLIC 2000,,0
 9sep84 15:14:07 #7 (M33) RUN (SYS)DIRIT
 9sep84 15:14:19 #7 (M33) RUN (SYS)RPG
 9sep84 15:14:19 #7 (M33) RUNLIC 2000,,0
 9sep84 15:14:19 #7 (M33) RUN (SYS)LISTER
 9sep84 15:14:19 #7 (M33) RUNLIC 12,,0
 9sep84 15:15:34 #7 (M33) RUN (SYS)RPG
 9sep84 15:15:34 #7 (M33) RUNLIC 2000,,0
 9sep84 15:15:34 #7 (M33) RUN (SYS)DIRIT
 9sep84 15:15:42 #7 (M33) RUN (SYS)RPG
 9sep84 15:15:42 #7 (M33) RUNLIC 2000,,0
 9sep84 15:15:42 #7 (M33) RUN (SYS)DIRIT
 9sep84 15:15:52 #7 (M33) RUN (SYS)RPG
 9sep84 15:15:52 #7 (M33) RUNLIC 2000,,0
 9sep84 15:15:52 #7 (M33) RUN (SYS)LISTER
 9sep84 15:15:52 #7 (M33) RUNLIC 12,,0
 9sep84 15:16:04 #7 (M33) RUN (SYS)RPG
 9sep84 15:16:04 #7 (M33) RUNLIC 2000,,0
 9sep84 15:16:05 #7 (M33) RUN (SYS)LISTER
 9sep84 15:16:05 #7 (M33) RUNLIC 12,,0
 9sep84 15:16:19 #7 (M33) RUN (SYS)RPG
 9sep84 15:16:19 #7 (M33) RUNLIC 2000,,0
 9sep84 15:16:19 #7 (M33) RUN (SYS)LISTER
 9sep84 15:16:19 #7 (M33) RUNLIC 12,,0
 9sep84 15:16:19 #7 (M33) NEXIT (SYS)LISTER
 9sep84 15:16:22 #7 (M33) RUN (SYS)RPG
 9sep84 15:16:22 #7 (M33) RUNLIC 2000,,0
 9sep84 15:16:23 #7 (M33) RUN (SYS)DIRIT
 9sep84 15:16:43 #7 (M33) RUN (SYS)RPG
 9sep84 15:16:43 #7 (M33) RUNLIC 2000,,0
 9sep84 15:16:43 #7 (M33) RUN (SYS)LISTER
 9sep84 15:16:43 #7 (M33) RUNLIC 12,,0
 9sep84 15:16:43 #7 (M33) NEXIT (SYS)LISTER
 9sep84 15:16:54 #7 (M33) RUN (SYS)RPG
 9sep84 15:16:54 #7 (M33) RUNLIC 2000,,0
 9sep84 15:16:54 #7 (M33) RUN (SYS)LISTER
 9sep84 15:16:54 #7 (M33) RUNLIC 12,,0
 9sep84 15:18:37 #7 (M33) NEXIT (SYS)LISTER
 9sep84 15:18:50 #7 (M33) RUN (SYS)RPG
 9sep84 15:18:50 #7 (M33) RUNLIC 2000,,0
 9sep84 15:18:50 #7 (M33) RUN (SYS)LISTER
 9sep84 15:18:50 #7 (M33) RUNLIC 12,,0
 9sep84 15:19:53 #7 (M33) RUN (SYS)RPG
 9sep84 15:19:53 #7 (M33) RUNLIC 2000,,0
 9sep84 15:19:53 #7 (M33) RUN (SYS)LISTER
 9sep84 15:19:53 #7 (M33) RUNLIC 12,,0
 9sep84 15:21:16 #7 (M33) RUN (SYS)LOGOUT
 9sep84 15:21:16 #7 (M33) RUNLIC 547000,,0
 9sep84 15:21:18 #7 (M33) LOGOUT TRUs = 400.9
14sep84 17:52:28 #3 (M33) LOGIN NX552:10 TID=AUX
14sep84 17:52:29 #3 (M33) NEXIT (SYS)SEC
14sep84 17:52:30 #3 (M33) RUN (SYS)AUXMOX
14sep84 17:53:55 #3 (M33) RUN (SYS)LOGOUT
14sep84 17:53:55 #3 (M33) RUNLIC 547000,,0
14sep84 17:53:56 #3 (M33) LOGOUT TRUs = 18.1
14sep84 18:52:56 #12 (M33) LOGIN NX552:10 TID=AUX
14sep84 18:52:57 #12 (M33) NEXIT (SYS)SEC
14sep84 18:52:57 #12 (M33) RUN (SYS)AUXMOX
14sep84 18:54:20 #12 (M33) RUN (SYS)LOGOUT
14sep84 18:54:20 #12 (M33) RUNLIC 547000,,0
14sep84 18:54:21 #12 (M33) LOGOUT TRUs = 18.1
14sep84 20:19:14 #13 (M33) LOGIN NX552:7 TID=AUX
14sep84 20:19:14 #13 (M33) NEXIT (SYS)SEC
14sep84 20:19:15 #13 (M33) RUN (SYS)AUXMOX
14sep84 20:21:57 #13 (M33) RUN (SYS)LOGOUT
14sep84 20:21:57 #13 (M33) RUNLIC 547000,,0
14sep84 20:21:58 #13 (M33) LOGOUT TRUs = 21.2
14sep84 21:34:31 #12 (M33) LOGIN NX552:7 TID=AUX
14sep84 21:34:32 #12 (M33) NEXIT (SYS)SEC
14sep84 21:34:32 #12 (M33) RUN (SYS)AUXMOX
14sep84 21:36:23 #12 (M33) RUN (SYS)LOGOUT
14sep84 21:36:23 #12 (M33) RUNLIC 547000,,0
14sep84 21:36:24 #12 (M33) LOGOUT TRUs = 21.5
14sep84 22:31:23 #6 (M33) LOGIN NX552:10 TID=AUX
14sep84 22:31:23 #6 (M33) NEXIT (SYS)SEC
14sep84 22:31:24 #6 (M33) RUN (SYS)AUXMOX
14sep84 22:33:02 #6 (M33) RUN (SYS)LOGOUT
14sep84 22:33:02 #6 (M33) RUNLIC 547000,,0
14sep84 22:33:03 #6 (M33) LOGOUT TRUs = 21.2
15sep84 11:32:18 #17 (M33) LOGIN 2536:66 TID=1200
15sep84 11:32:19 #17 (M33) NEXIT (SYS)SEC
15sep84 11:32:20 #17 (M33) RUN (SYS)RPG
15sep84 11:32:20 #17 (M33) RUNLIC 2000,,0
15sep84 11:32:20 #17 (M33) NEXIT (SYS)RPG
15sep84 11:32:21 #17 (M33) RUN (SYS)GFD
15sep84 11:32:21 #17 (M33) RUNLIC 5010,,0
15sep84 11:32:22 #17 (M33) NEXIT (SYS)GFD
15sep84 11:32:24 #17 (M33) RUN (SYS)RPG
15sep84 11:32:24 #17 (M33) RUNLIC 2000,,0
15sep84 11:32:24 #17 (M33) RUN (SYS)DIRIT
15sep84 11:32:34 #17 (M33) RUN (SYS)RPG
15sep84 11:32:34 #17 (M33) RUNLIC 2000,,0
15sep84 11:32:34 #17 (M33) RUN (SYS)DIRIT
15sep84 11:32:44 #17 (M33) RUN (SYS)RPG
15sep84 11:32:44 #17 (M33) RUNLIC 2000,,0
15sep84 11:32:45 #17 (M33) RUN (SYS)LISTER
15sep84 11:32:45 #17 (M33) RUNLIC 12,,0
15sep84 11:32:59 #17 (M33) RUN (SYS)RPG
15sep84 11:32:59 #17 (M33) RUNLIC 2000,,0
15sep84 11:33:00 #17 (M33) RUN (SYS)DIRIT
15sep84 11:33:15 #17 (M33) RUN (SYS)RPG
15sep84 11:33:15 #17 (M33) RUNLIC 2000,,0
15sep84 11:33:15 #17 (M33) RUN (SYS)LISTER
15sep84 11:33:15 #17 (M33) RUNLIC 12,,0
15sep84 11:33:34 #17 (M33) RUN (SYS)RPG
15sep84 11:33:34 #17 (M33) RUNLIC 2000,,0
15sep84 11:33:34 #17 (M33) RUN (SYS)LISTER
15sep84 11:33:34 #17 (M33) RUNLIC 12,,0
15sep84 11:34:06 #17 (M33) RUN (SYS)RPG
15sep84 11:34:06 #17 (M33) RUNLIC 2000,,0
15sep84 11:34:06 #17 (M33) RUN (SYS)DIRIT
15sep84 11:34:17 #17 (M33) RUN (SYS)RPG
15sep84 11:34:17 #17 (M33) RUNLIC 2000,,0
15sep84 11:34:17 #17 (M33) RUN (SYS)LISTER
15sep84 11:34:17 #17 (M33) RUNLIC 12,,0
15sep84 11:34:29 #17 (M33) RUN (SYS)RPG
15sep84 11:34:29 #17 (M33) RUNLIC 2000,,0
15sep84 11:34:29 #17 (M33) RUN (SYS)LISTER
15sep84 11:34:29 #17 (M33) RUNLIC 12,,0
15sep84 11:34:40 #17 (M33) RUN (SYS)LOGOUT
15sep84 11:34:40 #17 (M33) RUNLIC 547000,,0
15sep84 11:34:42 #17 (M33) LOGOUT TRUs = 55.3
17sep84  8:15:37 #36 (M33) LOGIN NOD266:137 TID=AUX
17sep84  8:15:38 #36 (M33) NEXIT (SYS)SEC
17sep84  8:15:39 #36 (M33) RUN (SYS)RPG
17sep84  8:15:39 #36 (M33) RUNLIC 2000,,0
17sep84  8:15:40 #36 (M33) RUN (SYS)DIRIT
17sep84  8:15:40 #36 (M33) NEXIT (SYS)DIRIT
17sep84  8:16:03 #36 (M33) RUN (SYS)RPG
17sep84  8:16:03 #36 (M33) RUNLIC 2000,,0
17sep84  8:16:03 #36 (M33) RUN (SYS)DIRIT
17sep84  8:16:04 #36 (M33) NEXIT (SYS)DIRIT
17sep84  8:16:30 #36 (M33) RUN (MPL)SCREAM
17sep84  8:16:30 #36 (M33) NEXIT (MPL)SCREAM
17sep84  8:16:33 #36 (M33) RUN (SYS)OPER
17sep84  8:16:33 #36 (M33) RUNLIC 775617,,0
17sep84  8:16:41 #36 (M33) SETLIC (SYS)OPER LIC=775617,,40412
17sep84  8:16:41 #36 (M33) TATTLE OPER JJMARTIN 775612 (40412) okay
17sep84  8:16:41 #36 (M33) NEXIT (SYS)OPER
17sep84  8:16:51 #36 (M33) RUN (MPL)SCREAM
17sep84  8:16:51 #36 (M33) RUNLIC 40412,,40412
17sep84  8:37:10 #36 (M33) NEXIT (MPL)SCREAM
17sep84  8:38:22 #36 (M33) RUN (SYS)RPG
17sep84  8:38:22 #36 (M33) RUNLIC 42412,,40412
17sep84  8:38:23 #36 (M33) RUN (SYS)DIRIT
17sep84  8:38:23 #36 (M33) RUNLIC 40412,,40412
17sep84  8:38:25 #36 (M33) NEXIT (SYS)DIRIT
17sep84  8:38:56 #36 (M33) RUN (SYS)RPG
17sep84  8:38:56 #36 (M33) RUNLIC 42412,,40412
17sep84  8:38:56 #36 (M33) RUN (SYS)LISTER
17sep84  8:38:56 #36 (M33) RUNLIC 40412,,40412
17sep84  8:38:56 #36 (M33) NEXIT (SYS)LISTER
17sep84  8:39:11 #36 (M33) RUN (SYS)RPG
17sep84  8:39:11 #36 (M33) RUNLIC 42412,,40412
17sep84  8:39:11 #36 (M33) RUN (SYS)LISTER
17sep84  8:39:11 #36 (M33) RUNLIC 40412,,40412
17sep84  8:39:11 #36 (M33) NEXIT (SYS)LISTER
17sep84  8:39:27 #36 (M33) RUN (SYS)DUSAGE
17sep84  8:39:27 #36 (M33) RUNLIC 40412,,40412
17sep84  8:40:26 #36 (M33) NEXIT (SYS)DUSAGE
17sep84  8:40:40 #36 (M33) RUN (SYS)RPG
17sep84  8:40:40 #36 (M33) RUNLIC 42412,,40412
17sep84  8:40:40 #36 (M33) RUN (SYS)LISTER
17sep84  8:40:40 #36 (M33) RUNLIC 40412,,40412
17sep84  8:40:40 #36 (M33) NEXIT (SYS)LISTER
17sep84  8:41:21 #36 (M33) RUN (SYS)GFD
17sep84  8:41:21 #36 (M33) RUNLIC 45412,,40412
17sep84  8:41:21 #36 (M33) NEXIT (SYS)GFD
17sep84  8:41:30 #36 (M33) RUN (SYS)GFD
17sep84  8:41:30 #36 (M33) RUNLIC 45412,,40412
17sep84  8:41:31 #36 (M33) NEXIT (SYS)GFD
17sep84  8:41:42 #36 (M33) RUN (SYS)GFD
17sep84  8:41:42 #36 (M33) RUNLIC 45412,,40412
17sep84  8:41:43 #36 (M33) NEXIT (SYS)GFD
17sep84  8:41:56 #36 (M33) RUN (SYS)GFD
17sep84  8:41:56 #36 (M33) RUNLIC 45412,,40412
17sep84  8:41:57 #36 (M33) NEXIT (SYS)GFD
17sep84  8:42:21 #36 (M33) RUN (SYS)LOGOUT
17sep84  8:42:21 #36 (M33) RUNLIC 547412,,40412
17sep84  8:42:21 #36 (M33) LOGOUT TRUs = 3085.5
17sep84  8:55:48 #67 (M33) LOGIN NOD266:150 TID=AUX
17sep84  8:55:48 #67 (M33) NEXIT (SYS)SEC
17sep84  8:55:53 #67 (M33) RUN (SYS)RPG
17sep84  8:55:53 #67 (M33) RUNLIC 2000,,0
17sep84  8:55:54 #67 (M33) RUN (SYS)DIRIT
17sep84  8:55:54 #67 (M33) NEXIT (SYS)DIRIT
17sep84  8:56:07 #67 (M33) RUN (SYS)RPG
17sep84  8:56:07 #67 (M33) RUNLIC 2000,,0
17sep84  8:56:07 #67 (M33) RUN (SYS)DIRIT
17sep84  8:56:07 #67 (M33) NEXIT (SYS)DIRIT
17sep84  8:56:18 #67 (M33) RUN (SYS)LOGOUT
17sep84  8:56:18 #67 (M33) RUNLIC 547000,,0
17sep84  8:56:18 #67 (M33) LOGOUT TRUs = 3.8
20sep84 22:16:36 #13 (M33) LOGIN NX552:7 TID=AUX
20sep84 22:16:36 #13 (M33) NEXIT (SYS)SEC
20sep84 22:16:37 #13 (M33) RUN (SYS)AUXMOX
20sep84 22:32:49 #13 (M33) RUN (SYS)LOGOUT
20sep84 22:32:49 #13 (M33) RUNLIC 547000,,0
20sep84 22:32:49 #13 (M33) LOGOUT TRUs = 189.2
21sep84 19:38:25 #10 (M33) LOGIN C39B:165 TID=AUX
21sep84 19:38:25 #10 (M33) RUN (WRS)PTAP
21sep84 19:38:25 #10 (M33) RUNLIC 641012,,0
21sep84 19:38:0 (M33) PJC PJC=, VFY=0
21sep84 19:38:26 #3 (M33) LOGIN 0:0 TID=AUX
21sep84 19:38:26 #3 (M33) RUN (WRS)EXIT
21sep84 19:38:26 #3 (M33) NEXIT (WRS)EXIT
21sep84 19:38:34 #3 (M33) RUN (SYS)LOGOUT
21sep84 19:38:34 #3 (M33) RUNLIC 547000,,0
21sep84 19:38:34 #3 (M33) LOGOUT TRUs = .9
24sep84 19:48:03 #7 (M33) LOGIN C39B:170 TID=AUX
24sep84 19:48:03 #7 (M33) RUN (WRS)PTAP
24sep84 19:48:03 #7 (M33) RUNLIC 641012,,0
24sep84 19:48:03 #7 (M33) PJC PJC=, VFY=0
24sep84 19:48:03 #10 (M33) LOGIN 0:0 TID=AUX
24sep84 19:48:04 #10 (M33) START (SYS)LOGOUT
24sep84 19:48:04 #10 (M33) NEXIT (SYS)LOGOUT
24sep84 19:48:07 #10 (M33) RUN (SYS)LOGOUT
24sep84 19:48:07 #10 (M33) RUNLIC 547000,,0
24sep84 19:48:08 #10 (M33) LOGOUT TRUs = .7
25sep84  2:36:18 #3 (M33) LOGIN NX552:7 TID=AUX
25sep84  2:36:19 #3 (M33) RUN (WRS)PTAP
25sep84  2:36:19 #3 (M33) RUNLIC 641012,,0
25sep84  2:36:19 #3 (M33) PJC PJC=, VFY=0
25sep84  2:36:19 #6 (M33) LOGIN 0:0 TID=AUX
25sep84  2:36:19 #6 (M33) START (SYS)LOGOUT
25sep84  2:36:19 #6 (M33) NEXIT (SYS)LOGOUT
25sep84  2:36:20 #6 (M33) RUN (SYS)AUXMOX
25sep84  2:46:46 #6 (M33) RUN (SYS)LOGOUT
25sep84  2:46:46 #6 (M33) RUNLIC 547000,,0
25sep84  2:46:46 #6 (M33) LOGOUT TRUs = 256.9
25sep84  3:14:44 #1 (M33) LOGIN NX552:7 TID=AUX
25sep84  3:14:45 #1 (M33) RUN (WRS)PTAP
25sep84  3:14:45 #1 (M33) RUNLIC 641012,,0
25sep84  3:14:45 #1 (M33) PJC PJC=, VFY=0
25sep84  3:14:45 #3 (M33) LOGIN 0:0 TID=AUX
25sep84  3:14:45 #3 (M33) START (SYS)LOGOUT
25sep84  3:14:45 #3 (M33) NEXIT (SYS)LOGOUT
25sep84  3:14:46 #3 (M33) RUN (SYS)AUXMOX
25sep84  3:52:41 #3 (M33) RUN (SYS)LOGOUT
25sep84  3:52:41 #3 (M33) RUNLIC 547000,,0
25sep84  3:52:42 #3 (M33) LOGOUT TRUs = 686.0
25sep84 17:55:38 #23 (M33) LOGIN 2536:74 TID=1200
25sep84 17:55:39 #23 (M33) RUN (WRS)PTAP
25sep84 17:55:39 #23 (M33) RUNLIC 641012,,0
25sep84 17:55:39 #23 (M33) PJC PJC=, VFY=0
25sep84 17:55:39 #24 (M33) LOGIN 0:0 TID=AUX
25sep84 17:55:39 #24 (M33) START (SYS)LOGOUT
25sep84 17:55:39 #24 (M33) NEXIT (SYS)LOGOUT
25sep84 17:55:40 #24 (M33) RUN (SYS)RPG
25sep84 17:55:40 #24 (M33) RUNLIC 2000,,0
25sep84 17:55:40 #24 (M33) NEXIT (SYS)RPG
25sep84 17:55:43 #24 (M33) RUN (SYS)GFD
25sep84 17:55:43 #24 (M33) RUNLIC 5010,,0
25sep84 17:55:43 #24 (M33) NEXIT (SYS)GFD
25sep84 17:55:44 #24 (M33) RUN (SYS)RPG
25sep84 17:55:44 #24 (M33) RUNLIC 2000,,0
25sep84 17:55:44 #24 (M33) RUN (SYS)DIRIT
25sep84 17:55:56 #24 (M33) RUN (SYS)RPG
25sep84 17:55:56 #24 (M33) RUNLIC 2000,,0
25sep84 17:55:57 #24 (M33) RUN (SYS)LISTER
25sep84 17:55:57 #24 (M33) RUNLIC 12,,0
25sep84 17:57:06 #24 (M33) RUN (SYS)LOGOUT
25sep84 17:57:06 #24 (M33) RUNLIC 547000,,0
25sep84 17:57:07 #24 (M33) LOGOUT TRUs = 29.9
25sep84 18:04:18 #23 (M33) LOGIN 2536:67 TID=1200
25sep84 18:04:19 #23 (M33) RUN (WRS)PTAP
25sep84 18:04:19 #23 (M33) RUNLIC 641012,,0
25sep84 18:04:19 #23 (M33) PJC PJC=, VFY=0
25sep84 18:04:19 #24 (M33) LOGIN 0:0 TID=AUX
25sep84 18:04:19 #24 (M33) START (SYS)LOGOUT
25sep84 18:04:19 #24 (M33) NEXIT (SYS)LOGOUT
25sep84 18:04:19 #24 (M33) RUN (SYS)RPG
25sep84 18:04:19 #24 (M33) RUNLIC 2000,,0
25sep84 18:04:19 #24 (M33) NEXIT (SYS)RPG
25sep84 18:04:20 #24 (M33) RUN (SYS)GFD
25sep84 18:04:20 #24 (M33) RUNLIC 5010,,0
25sep84 18:04:21 #24 (M33) NEXIT (SYS)GFD
25sep84 18:04:27 #24 (M33) RUN (SYS)RPG
25sep84 18:04:27 #24 (M33) RUNLIC 2000,,0
25sep84 18:04:27 #24 (M33) RUN (SYS)LISTER
25sep84 18:04:27 #24 (M33) RUNLIC 12,,0
25sep84 18:07:51 #24 (M33) RUN (SYS)LOGOUT
25sep84 18:07:51 #24 (M33) RUNLIC 547000,,0
25sep84 18:07:53 #24 (M33) LOGOUT TRUs = 40.1
25sep84 18:09:02 #23 (M33) LOGIN 2536:62 TID=1200
25sep84 18:09:02 #23 (M33) RUN (WRS)PTAP
25sep84 18:09:02 #23 (M33) RUNLIC 641012,,0
25sep84 18:09:02 #23 (M33) PJC PJC=, VFY=0
25sep84 18:09:03 #24 (M33) LOGIN 0:0 TID=AUX
25sep84 18:09:03 #24 (M33) START (SYS)LOGOUT
25sep84 18:09:03 #24 (M33) NEXIT (SYS)LOGOUT
25sep84 18:09:05 #24 (M33) RUN (SYS)RPG
25sep84 18:09:05 #24 (M33) RUNLIC 2000,,0
25sep84 18:09:05 #24 (M33) RUN (SYS)LISTER
25sep84 18:09:05 #24 (M33) RUNLIC 12,,0
25sep84 18:09:05 #24 (M33) NEXIT (SYS)LISTER
25sep84 18:09:10 #24 (M33) RUN (SYS)GFD
25sep84 18:09:10 #24 (M33) RUNLIC 5010,,0
25sep84 18:09:11 #24 (M33) NEXIT (SYS)GFD
25sep84 18:09:12 #24 (M33) RUN (SYS)RPG
25sep84 18:09:12 #24 (M33) RUNLIC 2000,,0
25sep84 18:09:12 #24 (M33) NEXIT (SYS)RPG
25sep84 18:09:12 #24 (M33) RUN (SYS)RPG
25sep84 18:09:12 #24 (M33) RUNLIC 2000,,0
25sep84 18:09:12 #24 (M33) RUN (SYS)DIRIT
25sep84 18:09:23 #24 (M33) RUN (SYS)RPG
25sep84 18:09:23 #24 (M33) RUNLIC 2000,,0
25sep84 18:09:23 #24 (M33) RUN (SYS)DIRIT
25sep84 18:09:39 #24 (M33) RUN (SYS)RPG
25sep84 18:09:39 #24 (M33) RUNLIC 2000,,0
25sep84 18:09:39 #24 (M33) RUN (SYS)DIRIT
25sep84 18:09:41 #24 (M33) NEXIT (SYS)DIRIT
25sep84 18:09:49 #24 (M33) RUN (SYS)RPG
25sep84 18:09:49 #24 (M33) RUNLIC 2000,,0
25sep84 18:09:49 #24 (M33) RUN (SYS)LISTER
25sep84 18:09:49 #24 (M33) RUNLIC 12,,0
25sep84 18:10:13 #24 (M33) RUN (SYS)RPG
25sep84 18:10:13 #24 (M33) RUNLIC 2000,,0
25sep84 18:10:13 #24 (M33) NEXIT (SYS)RPG
25sep84 18:10:16 #24 (M33) RUN (SYS)RPG
25sep84 18:10:16 #24 (M33) RUNLIC 2000,,0
25sep84 18:10:16 #24 (M33) RUN (SYS)DIRIT
25sep84 18:10:32 #24 (M33) RUN (SYS)RPG
25sep84 18:10:32 #24 (M33) RUNLIC 2000,,0
25sep84 18:10:32 #24 (M33) RUN (SYS)LISTER
25sep84 18:10:32 #24 (M33) RUNLIC 12,,0
25sep84 18:11:27 #24 (M33) RUN (SYS)RPG
25sep84 18:11:27 #24 (M33) RUNLIC 2000,,0
25sep84 18:11:27 #24 (M33) RUN (SYS)LISTER
25sep84 18:11:27 #24 (M33) RUNLIC 12,,0
25sep84 18:12:39 #24 (M33) RUN (SYS)RPG
25sep84 18:12:39 #24 (M33) RUNLIC 2000,,0
25sep84 18:12:39 #24 (M33) RUN (SYS)EDITOR
25sep84 18:14:05 #24 (M33) NEXIT (SYS)EDITOR
25sep84 18:14:08 #24 (M33) RUN (SYS)RPG
25sep84 18:14:08 #24 (M33) RUNLIC 2000,,0
25sep84 18:14:08 #24 (M33) RUN (SYS)EDITOR
25sep84 18:15:16 #24 (M33) NEXIT (SYS)EDITOR
25sep84 18:15:19 #24 (M33) RUN (SYS)RPG
25sep84 18:15:19 #24 (M33) RUNLIC 2000,,0
25sep84 18:15:20 #24 (M33) RUN (SYS)EDITOR
25sep84 18:17:39 #24 (M33) NEXIT (SYS)EDITOR
25sep84 18:17:43 #24 (M33) RUN (SYS)RPG
25sep84 18:17:43 #24 (M33) RUNLIC 2000,,0
25sep84 18:17:43 #24 (M33) RUN (SYS)DIRIT
25sep84 18:17:53 #24 (M33) RUN (SYS)RPG
25sep84 18:17:53 #24 (M33) RUNLIC 2000,,0
25sep84 18:17:53 #24 (M33) RUN (SYS)DIRIT
25sep84 18:17:55 #24 (M33) NEXIT (SYS)DIRIT
25sep84 18:17:57 #24 (M33) RUN (SYS)RPG
25sep84 18:17:57 #24 (M33) RUNLIC 2000,,0
25sep84 18:17:57 #24 (M33) RUN (SYS)DIRIT
25sep84 18:17:59 #24 (M33) NEXIT (SYS)DIRIT
25sep84 18:18:05 #24 (M33) RUN (SYS)RPG
25sep84 18:18:05 #24 (M33) RUNLIC 2000,,0
25sep84 18:18:05 #24 (M33) RUN (SYS)LISTER
25sep84 18:18:05 #24 (M33) RUNLIC 12,,0
25sep84 18:18:52 #24 (M33) RUN (SYS)RPG
25sep84 18:18:52 #24 (M33) RUNLIC 2000,,0
25sep84 18:18:52 #24 (M33) RUN (SYS)DIRIT
25sep84 18:18:54 #24 (M33) NEXIT (SYS)DIRIT
25sep84 18:18:59 #24 (M33) RUN (SYS)RPG
25sep84 18:18:59 #24 (M33) RUNLIC 2000,,0
25sep84 18:18:59 #24 (M33) RUN (SYS)LISTER
25sep84 18:18:59 #24 (M33) RUNLIC 12,,0
25sep84 18:19:29 #24 (M33) RUN (SYS)RPG
25sep84 18:19:29 #24 (M33) RUNLIC 2000,,0
25sep84 18:19:29 #24 (M33) RUN (SYS)DIRIT
25sep84 18:19:31 #24 (M33) NEXIT (SYS)DIRIT
25sep84 18:19:31 #24 (M33) RUN (SYS)RPG
25sep84 18:19:31 #24 (M33) RUNLIC 2000,,0
25sep84 18:19:31 #24 (M33) RUN (SYS)EDITOR
25sep84 18:22:30 #24 (M33) NEXIT (SYS)EDITOR
25sep84 18:22:37 #24 (M33) RUN (SYS)RPG
25sep84 18:22:37 #24 (M33) RUNLIC 2000,,0
25sep84 18:22:37 #24 (M33) RUN (SYS)DIRIT
25sep84 18:22:50 #24 (M33) RUN (SYS)RPG
25sep84 18:22:50 #24 (M33) RUNLIC 2000,,0
25sep84 18:22:50 #24 (M33) RUN (SYS)LISTER
25sep84 18:22:50 #24 (M33) RUNLIC 12,,0
25sep84 18:23:19 #24 (M33) NEXIT (SYS)LISTER
25sep84 18:23:29 #24 (M33) RUN (SYS)RPG
25sep84 18:23:29 #24 (M33) RUNLIC 2000,,0
25sep84 18:23:29 #24 (M33) RUN (SYS)DIRIT
25sep84 18:23:43 #24 (M33) RUN (SYS)RPG
25sep84 18:23:43 #24 (M33) RUNLIC 2000,,0
25sep84 18:23:43 #24 (M33) RUN (SYS)LISTER
25sep84 18:23:43 #24 (M33) RUNLIC 12,,0
25sep84 18:24:38 #24 (M33) RUN (SYS)RPG
25sep84 18:24:38 #24 (M33) RUNLIC 2000,,0
25sep84 18:24:38 #24 (M33) RUN (SYS)DIRIT
25sep84 18:24:49 #24 (M33) RUN (SYS)RPG
25sep84 18:24:49 #24 (M33) RUNLIC 2000,,0
25sep84 18:24:49 #24 (M33) RUN (SYS)LISTER
25sep84 18:24:49 #24 (M33) RUNLIC 12,,0
25sep84 18:24:49 #24 (M33) NEXIT (SYS)LISTER
25sep84 18:24:53 #24 (M33) RUN (SYS)RPG
25sep84 18:24:53 #24 (M33) RUNLIC 2000,,0
25sep84 18:24:53 #24 (M33) RUN (SYS)LISTER
25sep84 18:24:53 #24 (M33) RUNLIC 12,,0
25sep84 18:25:10 #24 (M33) RUN (SYS)RPG
25sep84 18:25:10 #24 (M33) RUNLIC 2000,,0
25sep84 18:25:11 #24 (M33) RUN (SYS)LISTER
25sep84 18:25:11 #24 (M33) RUNLIC 12,,0
25sep84 18:26:33 #24 (M33) RUN (SYS)LOGOUT
25sep84 18:26:33 #24 (M33) RUNLIC 547000,,0
25sep84 18:26:35 #24 (M33) LOGOUT TRUs = 296.2
30sep84 19:12:47 #5 (M33) LOGIN 2536:126 TID=1200
30sep84 19:12:48 #5 (M33) RUN (WRS)PTAP
30sep84 19:12:48 #5 (M33) RUNLIC 641012,,0
30sep84 19:12:48 #5 (M33) PJC PJC=, VFY=0
30sep84 19:12:48 #6 (M33) LOGIN 0:0 TID=AUX
30sep84 19:12:48 #6 (M33) START (SYS)LOGOUT
30sep84 19:12:48 #6 (M33) NEXIT (SYS)LOGOUT
30sep84 19:12:49 #6 (M33) RUN (SYS)RPG
30sep84 19:12:49 #6 (M33) RUNLIC 2000,,0
30sep84 19:12:49 #6 (M33) NEXIT (SYS)RPG
30sep84 19:12:50 #6 (M33) RUN (SYS)GFD
30sep84 19:12:50 #6 (M33) RUNLIC 5010,,0
30sep84 19:12:51 #6 (M33) NEXIT (SYS)GFD
30sep84 19:12:51 #6 (M33) RUN (SYS)RPG
30sep84 19:12:51 #6 (M33) RUNLIC 2000,,0
30sep84 19:12:51 #6 (M33) RUN (SYS)DIRIT
30sep84 19:13:23 #6 (M33) RUN (SYS)RPG
30sep84 19:13:23 #6 (M33) RUNLIC 2000,,0
30sep84 19:13:23 #6 (M33) RUN (SYS)DIRIT
30sep84 19:13:39 #6 (M33) RUN (SYS)RPG
30sep84 19:13:39 #6 (M33) RUNLIC 2000,,0
30sep84 19:13:39 #6 (M33) RUN (SYS)LISTER
30sep84 19:13:39 #6 (M33) RUNLIC 12,,0
30sep84 19:13:39 #6 (M33) NEXIT (SYS)LISTER
30sep84 19:13:44 #6 (M33) RUN (SYS)RPG
30sep84 19:13:44 #6 (M33) RUNLIC 2000,,0
30sep84 19:13:44 #6 (M33) RUN (SYS)DIRIT
30sep84 19:13:46 #6 (M33) NEXIT (SYS)DIRIT
30sep84 19:13:51 #6 (M33) RUN (SYS)RPG
30sep84 19:13:51 #6 (M33) RUNLIC 2000,,0
30sep84 19:13:51 #6 (M33) RUN (SYS)LISTER
30sep84 19:13:51 #6 (M33) RUNLIC 12,,0
30sep84 19:14:26 #6 (M33) RUN (SYS)RPG
30sep84 19:14:26 #6 (M33) RUNLIC 2000,,0
30sep84 19:14:26 #6 (M33) RUN (SYS)LISTER
30sep84 19:14:26 #6 (M33) RUNLIC 12,,0
30sep84 19:14:36 #6 (M33) RUN (SYS)RPG
30sep84 19:14:36 #6 (M33) RUNLIC 2000,,0
30sep84 19:14:36 #6 (M33) RUN (SYS)DIRIT
30sep84 19:14:52 #6 (M33) RUN (SYS)RPG
30sep84 19:14:52 #6 (M33) RUNLIC 2000,,0
30sep84 19:14:52 #6 (M33) RUN (SYS)LISTER
30sep84 19:14:52 #6 (M33) RUNLIC 12,,0
30sep84 19:15:03 #6 (M33) RUN (SYS)RPG
30sep84 19:15:03 #6 (M33) RUNLIC 2000,,0
30sep84 19:15:03 #6 (M33) RUN (SYS)LISTER
30sep84 19:15:03 #6 (M33) RUNLIC 12,,0
30sep84 19:16:55 #6 (M33) RUN (SYS)RPG
30sep84 19:16:55 #6 (M33) RUNLIC 2000,,0
30sep84 19:16:55 #6 (M33) RUN (SYS)LISTER
30sep84 19:16:55 #6 (M33) RUNLIC 12,,0
30sep84 19:16:55 #6 (M33) NEXIT (SYS)LISTER
30sep84 19:17:01 #6 (M33) RUN (SYS)RPG
30sep84 19:17:01 #6 (M33) RUNLIC 2000,,0
30sep84 19:17:01 #6 (M33) RUN (SYS)DIRIT
30sep84 19:17:03 #6 (M33) NEXIT (SYS)DIRIT
30sep84 19:17:08 #6 (M33) RUN (SYS)RPG
30sep84 19:17:08 #6 (M33) RUNLIC 2000,,0
30sep84 19:17:08 #6 (M33) RUN (SYS)LISTER
30sep84 19:17:08 #6 (M33) RUNLIC 12,,0
30sep84 19:17:10 #6 (M33) NEXIT (SYS)LISTER
30sep84 19:17:19 #6 (M33) RUN (SYS)RPG
30sep84 19:17:19 #6 (M33) RUNLIC 2000,,0
30sep84 19:17:19 #6 (M33) RUN (SYS)DIRIT
30sep84 19:17:35 #6 (M33) RUN (SYS)RPG
30sep84 19:17:35 #6 (M33) RUNLIC 2000,,0
30sep84 19:17:35 #6 (M33) RUN (SYS)LISTER
30sep84 19:17:35 #6 (M33) RUNLIC 12,,0
30sep84 19:17:57 #6 (M33) RUN (SYS)RPG
30sep84 19:17:57 #6 (M33) RUNLIC 2000,,0
30sep84 19:17:57 #6 (M33) RUN (SYS)LISTER
30sep84 19:17:57 #6 (M33) RUNLIC 12,,0
30sep84 19:17:57 #6 (M33) NEXIT (SYS)LISTER
30sep84 19:18:02 #6 (M33) RUN (SYS)RPG
30sep84 19:18:02 #6 (M33) RUNLIC 2000,,0
30sep84 19:18:02 #6 (M33) RUN (SYS)LISTER
30sep84 19:18:02 #6 (M33) RUNLIC 12,,0
30sep84 19:18:38 #6 (M33) RUN (SYS)RPG
30sep84 19:18:38 #6 (M33) RUNLIC 2000,,0
30sep84 19:18:38 #6 (M33) RUN (SYS)DIRIT
30sep84 19:18:40 #6 (M33) NEXIT (SYS)DIRIT
30sep84 19:18:53 #6 (M33) RUN (SYS)RPG
30sep84 19:18:53 #6 (M33) RUNLIC 2000,,0
30sep84 19:18:53 #6 (M33) RUN (SYS)LISTER
30sep84 19:18:53 #6 (M33) RUNLIC 12,,0
30sep84 19:19:07 #6 (M33) RUN (SYS)RPG
30sep84 19:19:07 #6 (M33) RUNLIC 2000,,0
30sep84 19:19:07 #6 (M33) RUN (SYS)DIRIT
30sep84 19:19:09 #6 (M33) NEXIT (SYS)DIRIT
30sep84 19:19:15 #6 (M33) RUN (SYS)RPG
30sep84 19:19:15 #6 (M33) RUNLIC 2000,,0
30sep84 19:19:15 #6 (M33) NEXIT (SYS)RPG
30sep84 19:19:25 #6 (M33) RUN (SYS)RPG
30sep84 19:19:25 #6 (M33) RUNLIC 2000,,0
30sep84 19:19:25 #6 (M33) NEXIT (SYS)RPG
30sep84 19:19:34 #6 (M33) RUN (SYS)RPG
30sep84 19:19:34 #6 (M33) RUNLIC 2000,,0
30sep84 19:19:34 #6 (M33) RUN (SYS)LISTER
30sep84 19:19:34 #6 (M33) RUNLIC 12,,0
30sep84 19:20:07 #6 (M33) RUN (SYS)RPG
30sep84 19:20:07 #6 (M33) RUNLIC 2000,,0
30sep84 19:20:07 #6 (M33) RUN (SYS)DIRIT
30sep84 19:20:21 #6 (M33) NEXIT (SYS)DIRIT
30sep84 19:20:25 #6 (M33) RUN (SYS)RPG
30sep84 19:20:25 #6 (M33) RUNLIC 2000,,0
30sep84 19:20:25 #6 (M33) RUN (SYS)LISTER
30sep84 19:20:25 #6 (M33) RUNLIC 12,,0
30sep84 19:20:50 #6 (M33) RUN (SYS)LOGOUT
30sep84 19:20:50 #6 (M33) RUNLIC 547000,,0
30sep84 19:20:51 #6 (M33) LOGOUT TRUs = 132.6
30sep84 19:21:20 #5 (M33) LOGIN 2536:123 TID=1200
30sep84 19:21:20 #5 (M33) RUN (WRS)PTAP
30sep84 19:21:20 #5 (M33) RUNLIC 641012,,0
30sep84 19:21:20 #5 (M33) PJC PJC=, VFY=0
30sep84 19:21:20 #6 (M33) LOGIN 0:0 TID=AUX
30sep84 19:21:21 #6 (M33) START (SYS)LOGOUT
30sep84 19:21:21 #6 (M33) NEXIT (SYS)LOGOUT
30sep84 19:21:23 #6 (M33) RUN (SYS)GFD
30sep84 19:21:23 #6 (M33) RUNLIC 5010,,0
30sep84 19:21:24 #6 (M33) NEXIT (SYS)GFD
30sep84 19:21:30 #6 (M33) RUN (SYS)RPG
30sep84 19:21:30 #6 (M33) RUNLIC 2000,,0
30sep84 19:21:31 #6 (M33) RUN (SYS)LISTER
30sep84 19:21:31 #6 (M33) RUNLIC 12,,0
30sep84 19:22:07 #6 (M33) RUN (SYS)LOGOUT
30sep84 19:22:07 #6 (M33) RUNLIC 547000,,0
30sep84 19:22:08 #6 (M33) LOGOUT TRUs = 11.8
30sep84 19:24:34 #5 (M33) LOGIN 2536:120 TID=1200
30sep84 19:24:35 #5 (M33) RUN (WRS)PTAP
30sep84 19:24:35 #5 (M33) RUNLIC 641012,,0
30sep84 19:24:35 #5 (M33) PJC PJC=, VFY=0
30sep84 19:24:35 #6 (M33) LOGIN 0:0 TID=AUX
30sep84 19:24:36 #6 (M33) START (SYS)LOGOUT
30sep84 19:24:36 #6 (M33) NEXIT (SYS)LOGOUT
30sep84 19:24:36 #6 (M33) RUN (SYS)RPG
30sep84 19:24:36 #6 (M33) RUNLIC 2000,,0
30sep84 19:24:36 #6 (M33) NEXIT (SYS)RPG
30sep84 19:24:37 #6 (M33) RUN (SYS)GFD
30sep84 19:24:37 #6 (M33) RUNLIC 5010,,0
30sep84 19:24:38 #6 (M33) NEXIT (SYS)GFD
30sep84 19:24:50 #6 (M33) RUN (SYS)RPG
30sep84 19:24:50 #6 (M33) RUNLIC 2000,,0
30sep84 19:24:50 #6 (M33) RUN (SYS)DIRIT
30sep84 19:24:53 #6 (M33) RUN (SYS)RPG
30sep84 19:24:53 #6 (M33) RUNLIC 2000,,0
30sep84 19:24:53 #6 (M33) RUN (SYS)DIRIT
30sep84 19:25:04 #6 (M33) RUN (SYS)RPG
30sep84 19:25:04 #6 (M33) RUNLIC 2000,,0
30sep84 19:25:04 #6 (M33) RUN (SYS)LISTER
30sep84 19:25:04 #6 (M33) RUNLIC 12,,0
30sep84 19:25:35 #6 (M33) RUN (SYS)RPG
30sep84 19:25:35 #6 (M33) RUNLIC 2000,,0
30sep84 19:25:35 #6 (M33) RUN (SYS)DIRIT
30sep84 19:25:44 #6 (M33) RUN (SYS)RPG
30sep84 19:25:44 #6 (M33) RUNLIC 2000,,0
30sep84 19:25:44 #6 (M33) RUN (SYS)LISTER
30sep84 19:25:44 #6 (M33) RUNLIC 12,,0
30sep84 19:25:44 #6 (M33) NEXIT (SYS)LISTER
30sep84 19:25:49 #6 (M33) RUN (SYS)RPG
30sep84 19:25:49 #6 (M33) RUNLIC 2000,,0
30sep84 19:25:49 #6 (M33) RUN (SYS)LISTER
30sep84 19:25:49 #6 (M33) RUNLIC 12,,0
30sep84 19:26:17 #6 (M33) RUN (SYS)RPG
30sep84 19:26:17 #6 (M33) RUNLIC 2000,,0
30sep84 19:26:17 #6 (M33) RUN (SYS)DIRIT
30sep84 19:26:24 #6 (M33) RUN (SYS)RPG
30sep84 19:26:24 #6 (M33) RUNLIC 2000,,0
30sep84 19:26:24 #6 (M33) RUN (SYS)LISTER
30sep84 19:26:24 #6 (M33) RUNLIC 12,,0
30sep84 19:26:48 #6 (M33) RUN (SYS)LOGOUT
30sep84 19:26:48 #6 (M33) RUNLIC 547000,,0
30sep84 19:26:50 #6 (M33) LOGOUT TRUs = 39.0
30sep84 19:42:46 #6 (M33) LOGIN 2536:107 TID=1200
30sep84 19:42:46 #6 (M33) RUN (WRS)PTAP
30sep84 19:42:46 #6 (M33) RUNLIC 641012,,0
30sep84 19:42:46 #6 (M33) PJC PJC=, VFY=0
30sep84 19:42:46 #7 (M33) LOGIN 0:0 TID=AUX
30sep84 19:42:47 #7 (M33) START (SYS)LOGOUT
30sep84 19:42:47 #7 (M33) NEXIT (SYS)LOGOUT
30sep84 19:42:48 #7 (M33) RUN (SYS)RPG
30sep84 19:42:48 #7 (M33) RUNLIC 2000,,0
30sep84 19:42:48 #7 (M33) NEXIT (SYS)RPG
30sep84 19:42:57 #7 (M33) RUN (SYS)GFD
30sep84 19:42:57 #7 (M33) RUNLIC 5010,,0
30sep84 19:42:57 #7 (M33) NEXIT (SYS)GFD
30sep84 19:43:01 #7 (M33) RUN (SYS)GFD
30sep84 19:43:01 #7 (M33) RUNLIC 5010,,0
30sep84 19:43:02 #7 (M33) NEXIT (SYS)GFD
30sep84 19:43:06 #7 (M33) RUN (SYS)GFD
30sep84 19:43:06 #7 (M33) RUNLIC 5010,,0
30sep84 19:43:06 #7 (M33) NEXIT (SYS)GFD
30sep84 19:43:21 #7 (M33) RUN (SYS)RPG
30sep84 19:43:21 #7 (M33) RUNLIC 2000,,0
30sep84 19:43:21 #7 (M33) RUN (SYS)DIRIT
30sep84 19:43:23 #7 (M33) RUN (SYS)RPG
30sep84 19:43:23 #7 (M33) RUNLIC 2000,,0
30sep84 19:43:24 #7 (M33) RUN (SYS)DIRIT
30sep84 19:43:37 #7 (M33) RUN (SYS)RPG
30sep84 19:43:37 #7 (M33) RUNLIC 2000,,0
30sep84 19:43:38 #7 (M33) RUN (SYS)LISTER
30sep84 19:43:38 #7 (M33) RUNLIC 12,,0
30sep84 19:44:11 #7 (M33) RUN (SYS)RPG
30sep84 19:44:11 #7 (M33) RUNLIC 2000,,0
30sep84 19:44:11 #7 (M33) RUN (SYS)DIRIT
30sep84 19:44:36 #7 (M33) RUN (SYS)RPG
30sep84 19:44:36 #7 (M33) RUNLIC 2000,,0
30sep84 19:44:36 #7 (M33) RUN (SYS)LISTER
30sep84 19:44:36 #7 (M33) RUNLIC 12,,0
30sep84 19:45:07 #7 (M33) RUN (SYS)RPG
30sep84 19:45:07 #7 (M33) RUNLIC 2000,,0
30sep84 19:45:07 #7 (M33) RUN (SYS)DIRIT
30sep84 19:45:23 #7 (M33) RUN (SYS)RPG
30sep84 19:45:23 #7 (M33) RUNLIC 2000,,0
30sep84 19:45:23 #7 (M33) RUN (SYS)LISTER
30sep84 19:45:23 #7 (M33) RUNLIC 12,,0
30sep84 19:47:38 #7 (M33) RUN (SYS)RPG
30sep84 19:47:38 #7 (M33) RUNLIC 2000,,0
30sep84 19:47:38 #7 (M33) RUN (SYS)DIRIT
30sep84 19:47:51 #7 (M33) RUN (SYS)RPG
30sep84 19:47:51 #7 (M33) RUNLIC 2000,,0
30sep84 19:47:51 #7 (M33) RUN (SYS)LISTER
30sep84 19:47:51 #7 (M33) RUNLIC 12,,0
30sep84 19:48:53 #7 (M33) RUN (SYS)RPG
30sep84 19:48:53 #7 (M33) RUNLIC 2000,,0
30sep84 19:48:53 #7 (M33) RUN (SYS)DIRIT
30sep84 19:49:06 #7 (M33) RUN (SYS)RPG
30sep84 19:49:06 #7 (M33) RUNLIC 2000,,0
30sep84 19:49:06 #7 (M33) RUN (SYS)LISTER
30sep84 19:49:06 #7 (M33) RUNLIC 12,,0
30sep84 19:49:08 #7 (M33) NEXIT (SYS)LISTER
30sep84 19:49:17 #7 (M33) RUN (SYS)RPG
30sep84 19:49:17 #7 (M33) RUNLIC 2000,,0
30sep84 19:49:17 #7 (M33) RUN (SYS)DIRIT
30sep84 19:49:29 #7 (M33) RUN (SYS)RPG
30sep84 19:49:29 #7 (M33) RUNLIC 2000,,0
30sep84 19:49:30 #7 (M33) RUN (SYS)LISTER
30sep84 19:49:30 #7 (M33) RUNLIC 12,,0
30sep84 19:49:52 #7 (M33) RUN (SYS)RPG
30sep84 19:49:52 #7 (M33) RUNLIC 2000,,0
30sep84 19:49:52 #7 (M33) RUN (SYS)DIRIT
30sep84 19:50:15 #7 (M33) RUN (SYS)RPG
30sep84 19:50:15 #7 (M33) RUNLIC 2000,,0
30sep84 19:50:15 #7 (M33) RUN (SYS)LISTER
30sep84 19:50:15 #7 (M33) RUNLIC 12,,0
30sep84 19:51:36 #7 (M33) RUN (SYS)RPG
30sep84 19:51:36 #7 (M33) RUNLIC 2000,,0
30sep84 19:51:37 #7 (M33) RUN (SYS)DIRIT
30sep84 19:51:52 #7 (M33) RUN (SYS)RPG
30sep84 19:51:52 #7 (M33) RUNLIC 2000,,0
30sep84 19:51:52 #7 (M33) RUN (SYS)LISTER
30sep84 19:51:52 #7 (M33) RUNLIC 12,,0
30sep84 19:53:49 #7 (M33) RUN (SYS)RPG
30sep84 19:53:49 #7 (M33) RUNLIC 2000,,0
30sep84 19:53:49 #7 (M33) RUN (SYS)EDITOR
30sep84 19:53:51 #7 (M33) NEXIT (SYS)EDITOR
30sep84 19:53:53 #7 (M33) RUN (SYS)RPG
30sep84 19:53:53 #7 (M33) RUNLIC 2000,,0
30sep84 19:53:53 #7 (M33) RUN (SYS)DIRIT
30sep84 19:54:01 #7 (M33) RUN (SYS)RPG
30sep84 19:54:01 #7 (M33) RUNLIC 2000,,0
30sep84 19:54:01 #7 (M33) RUN (SYS)EDITOR
30sep84 19:56:56 #7 (M33) NEXIT (SYS)EDITOR
30sep84 19:56:57 #7 (M33) RUN (SYS)LOGOUT
30sep84 19:56:57 #7 (M33) RUNLIC 547000,,0
30sep84 19:56:59 #7 (M33) LOGOUT TRUs = 174.1
30sep84 20:10:08 #7 (M33) LOGIN 2536:77 TID=1200
30sep84 20:10:08 #7 (M33) RUN (WRS)PTAP
30sep84 20:10:08 #7 (M33) RUNLIC 641012,,0
30sep84 20:10:08 #7 (M33) PJC PJC=, VFY=0
30sep84 20:10:08 #8 (M33) LOGIN 0:0 TID=AUX
30sep84 20:10:09 #8 (M33) START (SYS)LOGOUT
30sep84 20:10:09 #8 (M33) NEXIT (SYS)LOGOUT
30sep84 20:10:09 #8 (M33) RUN (SYS)RPG
30sep84 20:10:09 #8 (M33) RUNLIC 2000,,0
30sep84 20:10:10 #8 (M33) NEXIT (SYS)RPG
30sep84 20:10:17 #8 (M33) RUN (SYS)GFD
30sep84 20:10:17 #8 (M33) RUNLIC 5010,,0
30sep84 20:10:19 #8 (M33) NEXIT (SYS)GFD
30sep84 20:10:20 #8 (M33) RUN (SYS)RPG
30sep84 20:10:20 #8 (M33) RUNLIC 2000,,0
30sep84 20:10:20 #8 (M33) RUN (SYS)DIRIT
30sep84 20:10:34 #8 (M33) RUN (SYS)RPG
30sep84 20:10:34 #8 (M33) RUNLIC 2000,,0
30sep84 20:10:34 #8 (M33) RUN (SYS)DIRIT
30sep84 20:10:43 #8 (M33) RUN (SYS)RPG
30sep84 20:10:43 #8 (M33) RUNLIC 2000,,0
30sep84 20:10:43 #8 (M33) RUN (SYS)LISTER
30sep84 20:10:43 #8 (M33) RUNLIC 12,,0
30sep84 20:11:42 #8 (M33) RUN (SYS)RPG
30sep84 20:11:42 #8 (M33) RUNLIC 2000,,0
30sep84 20:11:43 #8 (M33) RUN (SYS)DIRIT
30sep84 20:11:52 #8 (M33) RUN (SYS)RPG
30sep84 20:11:52 #8 (M33) RUNLIC 2000,,0
30sep84 20:11:53 #8 (M33) RUN (SYS)LISTER
30sep84 20:11:53 #8 (M33) RUNLIC 12,,0
30sep84 20:12:20 #8 (M33) RUN (SYS)LOGOUT
30sep84 20:12:20 #8 (M33) RUNLIC 547000,,0
30sep84 20:12:21 #8 (M33) LOGOUT TRUs = 37.4
30sep84 20:13:19 #7 (M33) LOGIN 2536:75 TID=1200
30sep84 20:13:19 #7 (M33) RUN (WRS)PTAP
30sep84 20:13:19 #7 (M33) RUNLIC 641012,,0
30sep84 20:13:19 #7 (M33) PJC PJC=, VFY=0
30sep84 20:13:19 #8 (M33) LOGIN 0:0 TID=AUX
30sep84 20:13:20 #8 (M33) START (SYS)LOGOUT
30sep84 20:13:20 #8 (M33) NEXIT (SYS)LOGOUT
30sep84 20:13:20 #8 (M33) RUN (SYS)RPG
30sep84 20:13:20 #8 (M33) RUNLIC 2000,,0
30sep84 20:13:20 #8 (M33) NEXIT (SYS)RPG
30sep84 20:13:20 #8 (M33) RUN (SYS)GFD
30sep84 20:13:20 #8 (M33) RUNLIC 5010,,0
30sep84 20:13:20 #8 (M33) NEXIT (SYS)GFD
30sep84 20:13:22 #8 (M33) RUN (SYS)GFD
30sep84 20:13:22 #8 (M33) RUNLIC 5010,,0
30sep84 20:13:23 #8 (M33) NEXIT (SYS)GFD
30sep84 20:13:23 #8 (M33) RUN (SYS)RPG
30sep84 20:13:23 #8 (M33) RUNLIC 2000,,0
30sep84 20:13:23 #8 (M33) NEXIT (SYS)RPG
30sep84 20:13:24 #8 (M33) RUN (SYS)RPG
30sep84 20:13:24 #8 (M33) RUNLIC 2000,,0
30sep84 20:13:24 #8 (M33) RUN (SYS)DIRIT
30sep84 20:13:26 #8 (M33) RUN (SYS)RPG
30sep84 20:13:26 #8 (M33) RUNLIC 2000,,0
30sep84 20:13:26 #8 (M33) RUN (SYS)DIRIT
30sep84 20:13:37 #8 (M33) RUN (SYS)RPG
30sep84 20:13:37 #8 (M33) RUNLIC 2000,,0
30sep84 20:13:37 #8 (M33) RUN (SYS)LISTER
30sep84 20:13:37 #8 (M33) RUNLIC 12,,0
30sep84 20:13:37 #8 (M33) NEXIT (SYS)LISTER
30sep84 20:13:42 #8 (M33) RUN (SYS)RPG
30sep84 20:13:42 #8 (M33) RUNLIC 2000,,0
30sep84 20:13:42 #8 (M33) RUN (SYS)LISTER
30sep84 20:13:42 #8 (M33) RUNLIC 12,,0
30sep84 20:15:43 #8 (M33) RUN (SYS)RPG
30sep84 20:15:43 #8 (M33) RUNLIC 2000,,0
30sep84 20:15:43 #8 (M33) RUN (SYS)DIRIT
30sep84 20:16:00 #8 (M33) RUN (SYS)LOGOUT
30sep84 20:16:00 #8 (M33) RUNLIC 547000,,0
30sep84 20:16:02 #8 (M33) LOGOUT TRUs = 39.8
30sep84 20:17:20 #8 (M33) LOGIN 2536:73 TID=1200
30sep84 20:17:20 #8 (M33) RUN (WRS)PTAP
30sep84 20:17:20 #8 (M33) RUNLIC 641012,,0
30sep84 20:17:20 #8 (M33) PJC PJC=, VFY=0
30sep84 20:17:20 #9 (M33) LOGIN 0:0 TID=AUX
30sep84 20:17:21 #9 (M33) START (SYS)LOGOUT
30sep84 20:17:21 #9 (M33) NEXIT (SYS)LOGOUT
30sep84 20:17:21 #9 (M33) RUN (SYS)RPG
30sep84 20:17:21 #9 (M33) RUNLIC 2000,,0
30sep84 20:17:21 #9 (M33) NEXIT (SYS)RPG
30sep84 20:17:21 #9 (M33) RUN (SYS)GFD
30sep84 20:17:21 #9 (M33) RUNLIC 5010,,0
30sep84 20:17:21 #9 (M33) NEXIT (SYS)GFD
30sep84 20:17:23 #9 (M33) RUN (SYS)GFD
30sep84 20:17:23 #9 (M33) RUNLIC 5010,,0
30sep84 20:17:24 #9 (M33) NEXIT (SYS)GFD
30sep84 20:17:24 #9 (M33) RUN (SYS)RPG
30sep84 20:17:24 #9 (M33) RUNLIC 2000,,0
30sep84 20:17:24 #9 (M33) NEXIT (SYS)RPG
30sep84 20:17:26 #9 (M33) RUN (SYS)RPG
30sep84 20:17:26 #9 (M33) RUNLIC 2000,,0
30sep84 20:17:26 #9 (M33) RUN (SYS)DIRIT
30sep84 20:17:32 #9 (M33) RUN (SYS)RPG
30sep84 20:17:32 #9 (M33) RUNLIC 2000,,0
30sep84 20:17:32 #9 (M33) RUN (SYS)LISTER
30sep84 20:17:32 #9 (M33) RUNLIC 12,,0
30sep84 20:18:12 #9 (M33) RUN (SYS)LOGOUT
30sep84 20:18:12 #9 (M33) RUNLIC 547000,,0
30sep84 20:18:14 #9 (M33) LOGOUT TRUs = 16.0
30sep84 20:18:49 #8 (M33) LOGIN 2536:71 TID=1200
30sep84 20:18:49 #8 (M33) RUN (WRS)PTAP
30sep84 20:18:49 #8 (M33) RUNLIC 641012,,0
30sep84 20:18:49 #8 (M33) PJC PJC=, VFY=0
30sep84 20:18:50 #9 (M33) LOGIN 0:0 TID=AUX
30sep84 20:18:51 #9 (M33) START (SYS)LOGOUT
30sep84 20:18:51 #9 (M33) NEXIT (SYS)LOGOUT
30sep84 20:18:51 #9 (M33) RUN (SYS)RPG
30sep84 20:18:51 #9 (M33) RUNLIC 2000,,0
30sep84 20:18:51 #9 (M33) NEXIT (SYS)RPG
30sep84 20:18:58 #9 (M33) RUN (SYS)GFD
30sep84 20:18:58 #9 (M33) RUNLIC 5010,,0
30sep84 20:18:58 #9 (M33) NEXIT (SYS)GFD
30sep84 20:18:59 #9 (M33) RUN (SYS)RPG
30sep84 20:18:59 #9 (M33) RUNLIC 2000,,0
30sep84 20:18:59 #9 (M33) RUN (SYS)DIRIT
30sep84 20:19:04 #9 (M33) RUN (SYS)RPG
30sep84 20:19:04 #9 (M33) RUNLIC 2000,,0
30sep84 20:19:04 #9 (M33) RUN (SYS)LISTER
30sep84 20:19:04 #9 (M33) RUNLIC 12,,0
30sep84 20:20:02 #9 (M33) RUN (SYS)RPG
30sep84 20:20:02 #9 (M33) RUNLIC 2000,,0
30sep84 20:20:02 #9 (M33) RUN (SYS)DIRIT
30sep84 20:20:12 #9 (M33) RUN (SYS)RPG
30sep84 20:20:12 #9 (M33) RUNLIC 2000,,0
30sep84 20:20:12 #9 (M33) RUN (SYS)LISTER
30sep84 20:20:12 #9 (M33) RUNLIC 12,,0
30sep84 20:21:30 #9 (M33) NEXIT (SYS)LISTER
30sep84 20:21:49 #9 (M33) RUN (SYS)RPG
30sep84 20:21:49 #9 (M33) RUNLIC 2000,,0
30sep84 20:21:49 #9 (M33) RUN (SYS)DIRIT
30sep84 20:21:59 #9 (M33) RUN (SYS)RPG
30sep84 20:21:59 #9 (M33) RUNLIC 2000,,0
30sep84 20:21:59 #9 (M33) RUN (SYS)LISTER
30sep84 20:21:59 #9 (M33) RUNLIC 12,,0
30sep84 20:22:58 #9 (M33) RUN (SYS)RPG
30sep84 20:22:58 #9 (M33) RUNLIC 2000,,0
30sep84 20:22:58 #9 (M33) RUN (SYS)DIRIT
30sep84 20:23:11 #9 (M33) RUN (SYS)RPG
30sep84 20:23:11 #9 (M33) RUNLIC 2000,,0
30sep84 20:23:11 #9 (M33) RUN (SYS)LISTER
30sep84 20:23:11 #9 (M33) RUNLIC 12,,0
30sep84 20:23:53 #9 (M33) RUN (SYS)LOGOUT
30sep84 20:23:53 #9 (M33) RUNLIC 547000,,0
30sep84 20:23:55 #9 (M33) LOGOUT TRUs = 69.5
30sep84 20:25:00 #8 (M33) LOGIN 2536:67 TID=1200
30sep84 20:25:00 #8 (M33) RUN (WRS)PTAP
30sep84 20:25:00 #8 (M33) RUNLIC 641012,,0
30sep84 20:25:00 #8 (M33) PJC PJC=, VFY=0
30sep84 20:25:01 #9 (M33) LOGIN 0:0 TID=AUX
30sep84 20:25:02 #9 (M33) START (SYS)LOGOUT
30sep84 20:25:02 #9 (M33) NEXIT (SYS)LOGOUT
30sep84 20:25:02 #9 (M33) RUN (SYS)RPG
30sep84 20:25:02 #9 (M33) RUNLIC 2000,,0
30sep84 20:25:02 #9 (M33) NEXIT (SYS)RPG
30sep84 20:25:02 #9 (M33) RUN (SYS)GFD
30sep84 20:25:02 #9 (M33) RUNLIC 5010,,0
30sep84 20:25:03 #9 (M33) NEXIT (SYS)GFD
30sep84 20:25:04 #9 (M33) RUN (SYS)RPG
30sep84 20:25:04 #9 (M33) RUNLIC 2000,,0
30sep84 20:25:04 #9 (M33) RUN (SYS)DIRIT
30sep84 20:25:17 #9 (M33) RUN (SYS)RPG
30sep84 20:25:17 #9 (M33) RUNLIC 2000,,0
30sep84 20:25:17 #9 (M33) RUN (SYS)LISTER
30sep84 20:25:17 #9 (M33) RUNLIC 12,,0
30sep84 20:25:42 #9 (M33) RUN (SYS)RPG
30sep84 20:25:42 #9 (M33) RUNLIC 2000,,0
30sep84 20:25:42 #9 (M33) RUN (SYS)LISTER
30sep84 20:25:42 #9 (M33) RUNLIC 12,,0
30sep84 20:26:16 #9 (M33) RUN (SYS)RPG
30sep84 20:26:16 #9 (M33) RUNLIC 2000,,0
30sep84 20:26:17 #9 (M33) RUN (SYS)DIRIT
30sep84 20:26:26 #9 (M33) RUN (SYS)RPG
30sep84 20:26:26 #9 (M33) RUNLIC 2000,,0
30sep84 20:26:26 #9 (M33) RUN (SYS)LISTER
30sep84 20:26:26 #9 (M33) RUNLIC 12,,0
30sep84 20:27:02 #9 (M33) RUN (SYS)RPG
30sep84 20:27:02 #9 (M33) RUNLIC 2000,,0
30sep84 20:27:02 #9 (M33) RUN (SYS)LISTER
30sep84 20:27:02 #9 (M33) RUNLIC 12,,0
30sep84 20:28:00 #9 (M33) RUN (SYS)LOGOUT
30sep84 20:28:00 #9 (M33) RUNLIC 547000,,0
30sep84 20:28:02 #9 (M33) LOGOUT TRUs = 47.9
30sep84 20:31:48 #8 (M33) LOGIN 2536:64 TID=1200
30sep84 20:31:49 #8 (M33) RUN (WRS)PTAP
30sep84 20:31:49 #8 (M33) RUNLIC 641012,,0
30sep84 20:31:49 #8 (M33) PJC PJC=, VFY=0
30sep84 20:31:49 #9 (M33) LOGIN 0:0 TID=AUX
30sep84 20:31:50 #9 (M33) START (SYS)LOGOUT
30sep84 20:31:50 #9 (M33) NEXIT (SYS)LOGOUT
30sep84 20:31:50 #9 (M33) RUN (SYS)RPG
30sep84 20:31:50 #9 (M33) RUNLIC 2000,,0
30sep84 20:31:50 #9 (M33) NEXIT (SYS)RPG
30sep84 20:31:51 #9 (M33) RUN (SYS)GFD
30sep84 20:31:51 #9 (M33) RUNLIC 5010,,0
30sep84 20:31:51 #9 (M33) NEXIT (SYS)GFD
30sep84 20:31:51 #9 (M33) RUN (SYS)RPG
30sep84 20:31:51 #9 (M33) RUNLIC 2000,,0
30sep84 20:31:52 #9 (M33) RUN (SYS)DIRIT
30sep84 20:31:53 #9 (M33) RUN (SYS)RPG
30sep84 20:31:53 #9 (M33) RUNLIC 2000,,0
30sep84 20:31:53 #9 (M33) RUN (SYS)DIRIT
30sep84 20:32:05 #9 (M33) RUN (SYS)RPG
30sep84 20:32:05 #9 (M33) RUNLIC 2000,,0
30sep84 20:32:05 #9 (M33) RUN (SYS)DIRIT
30sep84 20:32:18 #9 (M33) RUN (SYS)RPG
30sep84 20:32:18 #9 (M33) RUNLIC 2000,,0
30sep84 20:32:18 #9 (M33) RUN (SYS)LISTER
30sep84 20:32:18 #9 (M33) RUNLIC 12,,0
30sep84 20:32:47 #9 (M33) RUN (SYS)RPG
30sep84 20:32:47 #9 (M33) RUNLIC 2000,,0
30sep84 20:32:47 #9 (M33) RUN (SYS)LISTER
30sep84 20:32:47 #9 (M33) RUNLIC 12,,0
30sep84 20:33:03 #9 (M33) RUN (SYS)RPG
30sep84 20:33:03 #9 (M33) RUNLIC 2000,,0
30sep84 20:33:04 #9 (M33) RUN (SYS)LISTER
30sep84 20:33:04 #9 (M33) RUNLIC 12,,0
30sep84 20:33:04 #9 (M33) NEXIT (SYS)LISTER
30sep84 20:33:11 #9 (M33) RUN (SYS)RPG
30sep84 20:33:11 #9 (M33) RUNLIC 2000,,0
30sep84 20:33:11 #9 (M33) RUN (SYS)DIRIT
30sep84 20:33:24 #9 (M33) RUN (SYS)RPG
30sep84 20:33:24 #9 (M33) RUNLIC 2000,,0
30sep84 20:33:24 #9 (M33) RUN (SYS)LISTER
30sep84 20:33:24 #9 (M33) RUNLIC 12,,0
30sep84 20:33:45 #9 (M33) RUN (SYS)RPG
30sep84 20:33:45 #9 (M33) RUNLIC 2000,,0
30sep84 20:33:45 #9 (M33) RUN (SYS)LISTER
30sep84 20:33:45 #9 (M33) RUNLIC 12,,0
30sep84 20:34:06 #9 (M33) RUN (SYS)RPG
30sep84 20:34:06 #9 (M33) RUNLIC 2000,,0
30sep84 20:34:06 #9 (M33) RUN (SYS)DIRIT
30sep84 20:34:18 #9 (M33) RUN (SYS)RPG
30sep84 20:34:18 #9 (M33) RUNLIC 2000,,0
30sep84 20:34:18 #9 (M33) RUN (SYS)LISTER
30sep84 20:34:18 #9 (M33) RUNLIC 12,,0
30sep84 20:35:03 #9 (M33) RUN (SYS)RPG
30sep84 20:35:03 #9 (M33) RUNLIC 2000,,0
30sep84 20:35:03 #9 (M33) RUN (SYS)DIRIT
30sep84 20:35:14 #9 (M33) RUN (SYS)RPG
30sep84 20:35:14 #9 (M33) RUNLIC 2000,,0
30sep84 20:35:14 #9 (M33) RUN (SYS)LISTER
30sep84 20:35:14 #9 (M33) RUNLIC 12,,0
30sep84 20:39:39 #9 (M33) RUN (SYS)RPG
30sep84 20:39:39 #9 (M33) RUNLIC 2000,,0
30sep84 20:39:39 #9 (M33) RUN (SYS)DIRIT
30sep84 20:40:00 #9 (M33) RUN (SYS)RPG
30sep84 20:40:00 #9 (M33) RUNLIC 2000,,0
30sep84 20:40:00 #9 (M33) RUN (SYS)LISTER
30sep84 20:40:00 #9 (M33) RUNLIC 12,,0
30sep84 20:40:56 #9 (M33) RUN (SYS)RPG
30sep84 20:40:56 #9 (M33) RUNLIC 2000,,0
30sep84 20:40:56 #9 (M33) RUN (SYS)LISTER
30sep84 20:40:56 #9 (M33) RUNLIC 12,,0
30sep84 20:41:36 #9 (M33) RUN (SYS)LOGOUT
30sep84 20:41:36 #9 (M33) RUNLIC 547000,,0
30sep84 20:41:38 #9 (M33) LOGOUT TRUs = 136.4
30sep84 20:43:11 #8 (M33) LOGIN 2536:61 TID=1200
30sep84 20:43:12 #8 (M33) RUN (WRS)PTAP
30sep84 20:43:12 #8 (M33) RUNLIC 641012,,0
30sep84 20:43:12 #8 (M33) PJC PJC=, VFY=0
30sep84 20:43:12 #9 (M33) LOGIN 0:0 TID=AUX
30sep84 20:43:13 #9 (M33) START (SYS)LOGOUT
30sep84 20:43:13 #9 (M33) NEXIT (SYS)LOGOUT
30sep84 20:43:13 #9 (M33) RUN (SYS)RPG
30sep84 20:43:13 #9 (M33) RUNLIC 2000,,0
30sep84 20:43:13 #9 (M33) NEXIT (SYS)RPG
30sep84 20:43:15 #9 (M33) RUN (SYS)GFD
30sep84 20:43:15 #9 (M33) RUNLIC 5010,,0
30sep84 20:43:16 #9 (M33) NEXIT (SYS)GFD
30sep84 20:43:17 #9 (M33) RUN (SYS)RPG
30sep84 20:43:17 #9 (M33) RUNLIC 2000,,0
30sep84 20:43:18 #9 (M33) RUN (SYS)DIRIT
30sep84 20:43:30 #9 (M33) RUN (SYS)RPG
30sep84 20:43:30 #9 (M33) RUNLIC 2000,,0
30sep84 20:43:30 #9 (M33) RUN (SYS)LISTER
30sep84 20:43:30 #9 (M33) RUNLIC 12,,0
30sep84 20:45:05 #9 (M33) RUN (SYS)RPG
30sep84 20:45:05 #9 (M33) RUNLIC 2000,,0
30sep84 20:45:05 #9 (M33) RUN (SYS)DIRIT
30sep84 20:45:19 #9 (M33) RUN (SYS)RPG
30sep84 20:45:19 #9 (M33) RUNLIC 2000,,0
30sep84 20:45:19 #9 (M33) RUN (SYS)LISTER
30sep84 20:45:19 #9 (M33) RUNLIC 12,,0
30sep84 20:48:37 #9 (M33) RUN (SYS)RPG
30sep84 20:48:37 #9 (M33) RUNLIC 2000,,0
30sep84 20:48:37 #9 (M33) RUN (SYS)DIRIT
30sep84 20:49:00 #9 (M33) RUN (SYS)RPG
30sep84 20:49:00 #9 (M33) RUNLIC 2000,,0
30sep84 20:49:00 #9 (M33) RUN (SYS)LISTER
30sep84 20:49:00 #9 (M33) RUNLIC 12,,0
30sep84 20:49:47 #9 (M33) RUN (SYS)RPG
30sep84 20:49:47 #9 (M33) RUNLIC 2000,,0
30sep84 20:49:47 #9 (M33) RUN (SYS)DIRIT
30sep84 20:50:01 #9 (M33) RUN (SYS)RPG
30sep84 20:50:01 #9 (M33) RUNLIC 2000,,0
30sep84 20:50:01 #9 (M33) RUN (SYS)LISTER
30sep84 20:50:01 #9 (M33) RUNLIC 12,,0
30sep84 20:50:39 #9 (M33) RUN (SYS)LOGOUT
30sep84 20:50:39 #9 (M33) RUNLIC 547000,,0
30sep84 20:50:41 #9 (M33) LOGOUT TRUs = 102.2
30sep84 20:57:40 #8 (M33) LOGIN 2536:56 TID=1200
30sep84 20:57:40 #8 (M33) RUN (WRS)PTAP
30sep84 20:57:40 #8 (M33) RUNLIC 641012,,0
30sep84 20:57:40 #8 (M33) PJC PJC=, VFY=0
30sep84 20:57:41 #9 (M33) LOGIN 0:0 TID=AUX
30sep84 20:57:42 #9 (M33) START (SYS)LOGOUT
30sep84 20:57:42 #9 (M33) NEXIT (SYS)LOGOUT
30sep84 20:57:42 #9 (M33) RUN (SYS)RPG
30sep84 20:57:42 #9 (M33) RUNLIC 2000,,0
30sep84 20:57:42 #9 (M33) NEXIT (SYS)RPG
30sep84 20:57:43 #9 (M33) RUN (SYS)GFD
30sep84 20:57:43 #9 (M33) RUNLIC 5010,,0
30sep84 20:57:44 #9 (M33) NEXIT (SYS)GFD
30sep84 20:57:45 #9 (M33) RUN (SYS)RPG
30sep84 20:57:45 #9 (M33) RUNLIC 2000,,0
30sep84 20:57:45 #9 (M33) RUN (SYS)DIRIT
30sep84 20:57:48 #9 (M33) RUN (SYS)RPG
30sep84 20:57:48 #9 (M33) RUNLIC 2000,,0
30sep84 20:57:48 #9 (M33) RUN (SYS)DIRIT
30sep84 20:57:58 #9 (M33) NEXIT (SYS)DIRIT
30sep84 20:58:05 #9 (M33) RUN (SYS)RPG
30sep84 20:58:05 #9 (M33) RUNLIC 2000,,0
30sep84 20:58:06 #9 (M33) RUN (SYS)LISTER
30sep84 20:58:06 #9 (M33) RUNLIC 12,,0
30sep84 20:58:37 #9 (M33) RUN (SYS)RPG
30sep84 20:58:37 #9 (M33) RUNLIC 2000,,0
30sep84 20:58:37 #9 (M33) RUN (SYS)LISTER
30sep84 20:58:37 #9 (M33) RUNLIC 12,,0
30sep84 20:59:20 #9 (M33) RUN (SYS)RPG
30sep84 20:59:20 #9 (M33) RUNLIC 2000,,0
30sep84 20:59:20 #9 (M33) RUN (SYS)DIRIT
30sep84 20:59:35 #9 (M33) RUN (SYS)RPG
30sep84 20:59:35 #9 (M33) RUNLIC 2000,,0
30sep84 20:59:35 #9 (M33) RUN (SYS)LISTER
30sep84 20:59:35 #9 (M33) RUNLIC 12,,0
30sep84 21:00:51 #9 (M33) RUN (SYS)RPG
30sep84 21:00:51 #9 (M33) RUNLIC 2000,,0
30sep84 21:00:51 #9 (M33) RUN (SYS)DIRIT
30sep84 21:01:04 #9 (M33) RUN (SYS)RPG
30sep84 21:01:04 #9 (M33) RUNLIC 2000,,0
30sep84 21:01:04 #9 (M33) RUN (SYS)LISTER
30sep84 21:01:04 #9 (M33) RUNLIC 12,,0
30sep84 21:01:38 #9 (M33) RUN (SYS)RPG
30sep84 21:01:38 #9 (M33) RUNLIC 2000,,0
30sep84 21:01:38 #9 (M33) RUN (SYS)EDITOR
30sep84 21:05:26 #9 (M33) NEXIT (SYS)EDITOR
30sep84 21:05:27 #9 (M33) RUN (SYS)RPG
30sep84 21:05:27 #9 (M33) RUNLIC 2000,,0
30sep84 21:05:28 #9 (M33) RUN (SYS)DIRIT
30sep84 21:07:05 #9 (M33) RUN (SYS)HELLO
30sep84 21:07:05 #9 (M33) NEXIT (SYS)SUDS
30sep84 21:07:11 #9 (M33) RUN (SYS)LOGOUT
30sep84 21:07:11 #9 (M33) RUNLIC 547000,,0
30sep84 21:07:13 #9 (M33) LOGOUT TRUs = 231.2
30sep84 21:07:23 #8 (M33) LOGIN 2536:54 TID=1200
30sep84 21:07:24 #8 (M33) RUN (WRS)PTAP
30sep84 21:07:24 #8 (M33) RUNLIC 641012,,0
30sep84 21:07:24 #8 (M33) PJC PJC=, VFY=0
30sep84 21:07:24 #9 (M33) LOGIN 0:0 TID=AUX
30sep84 21:07:26 #9 (M33) START (SYS)LOGOUT
30sep84 21:07:26 #9 (M33) NEXIT (SYS)LOGOUT
30sep84 21:07:26 #9 (M33) RUN (SYS)HELLO
30sep84 21:07:26 #9 (M33) NEXIT (SYS)SUDS
30sep84 21:07:37 #9 (M33) RUN (SYS)HELLO
30sep84 21:07:37 #9 (M33) NEXIT (SYS)SUDS
30sep84 21:07:59 #8 (M33) LOGIN 2536:53 TID=1200
30sep84 21:07:59 #8 (M33) RUN (WRS)PTAP
30sep84 21:07:59 #8 (M33) RUNLIC 641012,,0
30sep84 21:07:59 #8 (M33) PJC PJC=, VFY=0
30sep84 21:07:59 #10 (M33) LOGIN 0:0 TID=AUX
30sep84 21:08:01 #10 (M33) START (SYS)LOGOUT
30sep84 21:08:01 #10 (M33) NEXIT (SYS)LOGOUT
30sep84 21:08:01 #10 (M33) RUN (SYS)SYSTAT
30sep84 21:08:01 #10 (M33) RUNLIC 402000,,0
30sep84 21:08:04 #10 (M33) NEXIT (SYS)SYSTAT
30sep84 21:08:07 #10 (M33) RUN (SYS)LOGOUT
30sep84 21:08:07 #10 (M33) RUNLIC 547000,,0
30sep84 21:08:07 #10 (M33) NEXIT (SYS)LOGOUT
30sep84 21:08:09 #10 (M33) RUN (SYS)LOGOUT
30sep84 21:08:09 #10 (M33) RUNLIC 547000,,0
30sep84 21:08:09 #10 (M33) NEXIT (SYS)LOGOUT
30sep84 21:08:09 #9 (M33) RUN (SYS)LOGOUT
30sep84 21:08:09 #9 (M33) RUNLIC 547000,,0
30sep84 21:08:09 #9 (M33) LOGOUT TRUs = 1.5
30sep84 21:08:24 #10 (M33) RUN (SYS)RPG
30sep84 21:08:24 #10 (M33) RUNLIC 2000,,0
30sep84 21:08:24 #10 (M33) NEXIT (SYS)RPG
30sep84 21:08:30 #10 (M33) RUN (SYS)GFD
30sep84 21:08:30 #10 (M33) RUNLIC 5010,,0
30sep84 21:08:32 #10 (M33) NEXIT (SYS)GFD
30sep84 21:08:33 #10 (M33) RUN (SYS)RPG
30sep84 21:08:33 #10 (M33) RUNLIC 2000,,0
30sep84 21:08:33 #10 (M33) RUN (SYS)DIRIT
30sep84 21:08:52 #10 (M33) RUN (SYS)RPG
30sep84 21:08:52 #10 (M33) RUNLIC 2000,,0
30sep84 21:08:53 #10 (M33) RUN (SYS)LISTER
30sep84 21:08:53 #10 (M33) RUNLIC 12,,0
30sep84 21:09:34 #10 (M33) RUN (SYS)LOGOUT
30sep84 21:09:34 #10 (M33) RUNLIC 547000,,0
30sep84 21:09:36 #10 (M33) LOGOUT TRUs = 24.2
 1oct84 19:20:13 #5 (M33) LOGIN 2536:162 TID=1200
 1oct84 19:20:14 #5 (M33) RUN (WRS)PTAP
 1oct84 19:20:14 #5 (M33) RUNLIC 641012,,0
 1oct84 19:20:14 #5 (M33) PJC PJC=, VFY=0
 1oct84 19:20:14 #8 (M33) LOGIN 0:0 TID=AUX
 1oct84 19:20:16 #8 (M33) START (SYS)LOGOUT
 1oct84 19:20:16 #8 (M33) NEXIT (SYS)LOGOUT
 1oct84 19:20:16 #8 (M33) RUN (SYS)RPG
 1oct84 19:20:16 #8 (M33) RUNLIC 2000,,0
 1oct84 19:20:17 #8 (M33) NEXIT (SYS)RPG
 1oct84 19:20:33 #8 (M33) RUN (SYS)GFD
 1oct84 19:20:33 #8 (M33) RUNLIC 5010,,0
 1oct84 19:20:34 #8 (M33) NEXIT (SYS)GFD
 1oct84 19:20:34 #8 (M33) RUN (SYS)RPG
 1oct84 19:20:34 #8 (M33) RUNLIC 2000,,0
 1oct84 19:20:34 #8 (M33) RUN (SYS)DIRIT
 1oct84 19:20:37 #8 (M33) RUN (SYS)RPG
 1oct84 19:20:37 #8 (M33) RUNLIC 2000,,0
 1oct84 19:20:37 #8 (M33) RUN (SYS)DIRIT
 1oct84 19:20:50 #8 (M33) RUN (SYS)RPG
 1oct84 19:20:50 #8 (M33) RUNLIC 2000,,0
 1oct84 19:20:50 #8 (M33) RUN (SYS)LISTER
 1oct84 19:20:50 #8 (M33) RUNLIC 12,,0
 1oct84 19:21:00 #8 (M33) RUN (SYS)RPG
 1oct84 19:21:00 #8 (M33) RUNLIC 2000,,0
 1oct84 19:21:00 #8 (M33) RUN (SYS)DIRIT
 1oct84 19:21:18 #8 (M33) RUN (SYS)RPG
 1oct84 19:21:18 #8 (M33) RUNLIC 2000,,0
 1oct84 19:21:18 #8 (M33) RUN (SYS)LISTER
 1oct84 19:21:18 #8 (M33) RUNLIC 12,,0
 1oct84 19:21:46 #8 (M33) RUN (SYS)RPG
 1oct84 19:21:46 #8 (M33) RUNLIC 2000,,0
 1oct84 19:21:46 #8 (M33) RUN (SYS)DIRIT
 1oct84 19:21:57 #8 (M33) RUN (SYS)RPG
 1oct84 19:21:57 #8 (M33) RUNLIC 2000,,0
 1oct84 19:21:57 #8 (M33) RUN (SYS)LISTER
 1oct84 19:21:57 #8 (M33) RUNLIC 12,,0
 1oct84 19:22:37 #8 (M33) RUN (SYS)RPG
 1oct84 19:22:37 #8 (M33) RUNLIC 2000,,0
 1oct84 19:22:37 #8 (M33) RUN (SYS)DIRIT
 1oct84 19:23:03 #8 (M33) RUN (SYS)RPG
 1oct84 19:23:03 #8 (M33) RUNLIC 2000,,0
 1oct84 19:23:03 #8 (M33) RUN (SYS)LISTER
 1oct84 19:23:03 #8 (M33) RUNLIC 12,,0
 1oct84 19:23:28 #8 (M33) RUN (SYS)RPG
 1oct84 19:23:28 #8 (M33) RUNLIC 2000,,0
 1oct84 19:23:29 #8 (M33) RUN (SYS)DIRIT
 1oct84 19:23:42 #8 (M33) NEXIT (SYS)DIRIT
 1oct84 19:23:48 #8 (M33) RUN (SYS)RPG
 1oct84 19:23:48 #8 (M33) RUNLIC 2000,,0
 1oct84 19:23:49 #8 (M33) RUN (SYS)LISTER
 1oct84 19:23:49 #8 (M33) RUNLIC 12,,0
 1oct84 19:28:37 #8 (M33) RUN (SYS)RPG
 1oct84 19:28:37 #8 (M33) RUNLIC 2000,,0
 1oct84 19:28:37 #8 (M33) RUN (SYS)DIRIT
 1oct84 19:28:53 #8 (M33) RUN (SYS)RPG
 1oct84 19:28:53 #8 (M33) RUNLIC 2000,,0
 1oct84 19:28:53 #8 (M33) RUN (SYS)LISTER
 1oct84 19:28:53 #8 (M33) RUNLIC 12,,0
 1oct84 19:29:21 #8 (M33) RUN (SYS)RPG
 1oct84 19:29:21 #8 (M33) RUNLIC 2000,,0
 1oct84 19:29:21 #8 (M33) RUN (SYS)DIRIT
 1oct84 19:29:38 #8 (M33) RUN (SYS)RPG
 1oct84 19:29:38 #8 (M33) RUNLIC 2000,,0
 1oct84 19:29:38 #8 (M33) RUN (SYS)LISTER
 1oct84 19:29:38 #8 (M33) RUNLIC 12,,0
 1oct84 19:30:02 #8 (M33) RUN (SYS)LOGOUT
 1oct84 19:30:02 #8 (M33) RUNLIC 547000,,0
 1oct84 19:30:04 #8 (M33) LOGOUT TRUs = 122.4
 1oct84 19:38:37 #8 (M33) LOGIN 2536:153 TID=1200
 1oct84 19:38:37 #8 (M33) RUN (WRS)PTAP
 1oct84 19:38:37 #8 (M33) RUNLIC 641012,,0
 1oct84 19:38:37 #8 (M33) PJC PJC=, VFY=0
 1oct84 19:38:37 #12 (M33) LOGIN 0:0 TID=AUX
 1oct84 19:38:40 #12 (M33) START (SYS)LOGOUT
 1oct84 19:38:40 #12 (M33) NEXIT (SYS)LOGOUT
 1oct84 19:38:40 #12 (M33) RUN (SYS)RPG
 1oct84 19:38:40 #12 (M33) RUNLIC 2000,,0
 1oct84 19:38:40 #12 (M33) NEXIT (SYS)RPG
 1oct84 19:38:40 #12 (M33) RUN (SYS)GFD
 1oct84 19:38:40 #12 (M33) RUNLIC 5010,,0
 1oct84 19:38:41 #12 (M33) NEXIT (SYS)GFD
 1oct84 19:38:41 #12 (M33) RUN (SYS)RPG
 1oct84 19:38:41 #12 (M33) RUNLIC 2000,,0
 1oct84 19:38:41 #12 (M33) NEXIT (SYS)RPG
 1oct84 19:38:42 #12 (M33) RUN (SYS)RPG
 1oct84 19:38:42 #12 (M33) RUNLIC 2000,,0
 1oct84 19:38:42 #12 (M33) RUN (SYS)DIRIT
 1oct84 19:39:04 #12 (M33) RUN (SYS)RPG
 1oct84 19:39:04 #12 (M33) RUNLIC 2000,,0
 1oct84 19:39:04 #12 (M33) NEXIT (SYS)RPG
 1oct84 19:39:07 #12 (M33) RUN (SYS)RPG
 1oct84 19:39:07 #12 (M33) RUNLIC 2000,,0
 1oct84 19:39:07 #12 (M33) RUN (SYS)DIRIT
 1oct84 19:39:30 #12 (M33) RUN (SYS)RPG
 1oct84 19:39:30 #12 (M33) RUNLIC 2000,,0
 1oct84 19:39:30 #12 (M33) RUN (SYS)LISTER
 1oct84 19:39:30 #12 (M33) RUNLIC 12,,0
 1oct84 19:39:45 #12 (M33) NEXIT (SYS)LISTER
 1oct84 19:39:50 #12 (M33) RUN (SYS)RPG
 1oct84 19:39:50 #12 (M33) RUNLIC 2000,,0
 1oct84 19:39:50 #12 (M33) RUN (SYS)LISTER
 1oct84 19:39:50 #12 (M33) RUNLIC 12,,0
 1oct84 19:39:51 #12 (M33) NEXIT (SYS)LISTER
 1oct84 19:39:57 #12 (M33) RUN (SYS)RPG
 1oct84 19:39:57 #12 (M33) RUNLIC 2000,,0
 1oct84 19:39:57 #12 (M33) RUN (SYS)DIRIT
 1oct84 19:40:15 #12 (M33) RUN (SYS)RPG
 1oct84 19:40:15 #12 (M33) RUNLIC 2000,,0
 1oct84 19:40:15 #12 (M33) RUN (SYS)LISTER
 1oct84 19:40:15 #12 (M33) RUNLIC 12,,0
 1oct84 19:40:36 #12 (M33) RUN (SYS)RPG
 1oct84 19:40:36 #12 (M33) RUNLIC 2000,,0
 1oct84 19:40:36 #12 (M33) RUN (SYS)LISTER
 1oct84 19:40:36 #12 (M33) RUNLIC 12,,0
 1oct84 19:40:59 #12 (M33) RUN (SYS)RPG
 1oct84 19:40:59 #12 (M33) RUNLIC 2000,,0
 1oct84 19:40:59 #12 (M33) RUN (SYS)DIRIT
 1oct84 19:41:19 #12 (M33) RUN (SYS)RPG
 1oct84 19:41:19 #12 (M33) RUNLIC 2000,,0
 1oct84 19:41:19 #12 (M33) RUN (SYS)LISTER
 1oct84 19:41:19 #12 (M33) RUNLIC 12,,0
 1oct84 19:41:53 #12 (M33) RUN (SYS)RPG
 1oct84 19:41:53 #12 (M33) RUNLIC 2000,,0
 1oct84 19:41:53 #12 (M33) RUN (SYS)LISTER
 1oct84 19:41:53 #12 (M33) RUNLIC 12,,0
 1oct84 19:42:36 #12 (M33) NEXIT (SYS)LISTER
 1oct84 19:42:55 #12 (M33) RUN (SYS)RPG
 1oct84 19:42:55 #12 (M33) RUNLIC 2000,,0
 1oct84 19:42:55 #12 (M33) RUN (SYS)DIRIT
 1oct84 19:43:10 #12 (M33) RUN (SYS)RPG
 1oct84 19:43:10 #12 (M33) RUNLIC 2000,,0
 1oct84 19:43:10 #12 (M33) RUN (SYS)LISTER
 1oct84 19:43:10 #12 (M33) RUNLIC 12,,0
 1oct84 19:43:28 #12 (M33) RUN (SYS)RPG
 1oct84 19:43:28 #12 (M33) RUNLIC 2000,,0
 1oct84 19:43:28 #12 (M33) RUN (SYS)DIRIT
 1oct84 19:43:30 #12 (M33) NEXIT (SYS)DIRIT
 1oct84 19:43:31 #12 (M33) RUN (SYS)RPG
 1oct84 19:43:31 #12 (M33) RUNLIC 2000,,0
 1oct84 19:43:31 #12 (M33) RUN (SYS)DIRIT
 1oct84 19:43:41 #12 (M33) RUN (SYS)RPG
 1oct84 19:43:41 #12 (M33) RUNLIC 2000,,0
 1oct84 19:43:41 #12 (M33) RUN (SYS)LISTER
 1oct84 19:43:41 #12 (M33) RUNLIC 12,,0
 1oct84 19:44:22 #12 (M33) RUN (SYS)RPG
 1oct84 19:44:22 #12 (M33) RUNLIC 2000,,0
 1oct84 19:44:22 #12 (M33) RUN (SYS)LISTER
 1oct84 19:44:22 #12 (M33) RUNLIC 12,,0
 1oct84 19:44:22 #12 (M33) NEXIT (SYS)LISTER
 1oct84 19:44:27 #12 (M33) RUN (SYS)RPG
 1oct84 19:44:27 #12 (M33) RUNLIC 2000,,0
 1oct84 19:44:27 #12 (M33) RUN (SYS)DIRIT
 1oct84 19:44:29 #12 (M33) NEXIT (SYS)DIRIT
 1oct84 19:44:34 #12 (M33) RUN (SYS)RPG
 1oct84 19:44:34 #12 (M33) RUNLIC 2000,,0
 1oct84 19:44:34 #12 (M33) RUN (SYS)LISTER
 1oct84 19:44:34 #12 (M33) RUNLIC 12,,0
 1oct84 19:44:50 #12 (M33) RUN (SYS)RPG
 1oct84 19:44:50 #12 (M33) RUNLIC 2000,,0
 1oct84 19:44:51 #12 (M33) RUN (SYS)DIRIT
 1oct84 19:45:03 #12 (M33) RUN (SYS)RPG
 1oct84 19:45:03 #12 (M33) RUNLIC 2000,,0
 1oct84 19:45:03 #12 (M33) RUN (SYS)LISTER
 1oct84 19:45:03 #12 (M33) RUNLIC 12,,0
 1oct84 19:45:35 #12 (M33) RUN (SYS)RPG
 1oct84 19:45:35 #12 (M33) RUNLIC 2000,,0
 1oct84 19:45:35 #12 (M33) RUN (SYS)DIRIT
 1oct84 19:45:50 #12 (M33) RUN (SYS)RPG
 1oct84 19:45:50 #12 (M33) RUNLIC 2000,,0
 1oct84 19:45:50 #12 (M33) RUN (SYS)LISTER
 1oct84 19:45:50 #12 (M33) RUNLIC 12,,0
 1oct84 19:46:16 #12 (M33) RUN (SYS)RPG
 1oct84 19:46:16 #12 (M33) RUNLIC 2000,,0
 1oct84 19:46:16 #12 (M33) RUN (SYS)DIRIT
 1oct84 19:46:26 #12 (M33) RUN (SYS)RPG
 1oct84 19:46:26 #12 (M33) RUNLIC 2000,,0
 1oct84 19:46:26 #12 (M33) RUN (SYS)LISTER
 1oct84 19:46:26 #12 (M33) RUNLIC 12,,0
 1oct84 19:46:39 #12 (M33) RUN (SYS)RPG
 1oct84 19:46:39 #12 (M33) RUNLIC 2000,,0
 1oct84 19:46:39 #12 (M33) RUN (SYS)LISTER
 1oct84 19:46:39 #12 (M33) RUNLIC 12,,0
 1oct84 19:46:53 #12 (M33) RUN (SYS)RPG
 1oct84 19:46:53 #12 (M33) RUNLIC 2000,,0
 1oct84 19:46:53 #12 (M33) RUN (SYS)DIRIT
 1oct84 19:47:18 #12 (M33) RUN (SYS)RPG
 1oct84 19:47:18 #12 (M33) RUNLIC 2000,,0
 1oct84 19:47:18 #12 (M33) RUN (SYS)DIRIT
 1oct84 19:47:20 #12 (M33) NEXIT (SYS)DIRIT
 1oct84 19:47:32 #12 (M33) RUN (SYS)RPG
 1oct84 19:47:32 #12 (M33) RUNLIC 2000,,0
 1oct84 19:47:32 #12 (M33) RUN (SYS)LISTER
 1oct84 19:47:32 #12 (M33) RUNLIC 12,,0
 1oct84 19:47:55 #12 (M33) RUN (SYS)RPG
 1oct84 19:47:55 #12 (M33) RUNLIC 2000,,0
 1oct84 19:47:55 #12 (M33) RUN (SYS)DIRIT
 1oct84 19:47:57 #12 (M33) NEXIT (SYS)DIRIT
 1oct84 19:48:06 #12 (M33) RUN (SYS)RPG
 1oct84 19:48:06 #12 (M33) RUNLIC 2000,,0
 1oct84 19:48:06 #12 (M33) RUN (SYS)LISTER
 1oct84 19:48:06 #12 (M33) RUNLIC 12,,0
 1oct84 19:48:26 #12 (M33) RUN (SYS)RPG
 1oct84 19:48:26 #12 (M33) RUNLIC 2000,,0
 1oct84 19:48:26 #12 (M33) RUN (SYS)DIRIT
 1oct84 19:48:28 #12 (M33) NEXIT (SYS)DIRIT
 1oct84 19:48:40 #12 (M33) RUN (SYS)RPG
 1oct84 19:48:40 #12 (M33) RUNLIC 2000,,0
 1oct84 19:48:40 #12 (M33) RUN (SYS)LISTER
 1oct84 19:48:40 #12 (M33) RUNLIC 12,,0
 1oct84 19:49:25 #12 (M33) RUN (SYS)SYSTAT
 1oct84 19:49:25 #12 (M33) RUNLIC 402000,,0
 1oct84 19:49:26 #12 (M33) SETNAM WHO
 1oct84 19:49:48 #12 (M33) RUN (SYS)LOGOUT
 1oct84 19:49:48 #12 (M33) RUNLIC 547000,,0
 1oct84 19:49:49 #12 (M33) LOGOUT TRUs = 210.6
      	