10nov85 20:34:09 #12 (POSTECH) LOGIN 4622:155 TID=1200
10nov85 20:34:10 #12 (POSTECH) RUN (POSTECH)POSINI
10nov85 20:34:12 #12 (POSTECH) RUN (SYS)OPER
10nov85 20:34:12 #12 (POSTECH) RUNLIC 775617,,0
10nov85 20:34:12 #12 (POSTECH) SETLIC (SYS)OPER LIC=775617,,410
10nov85 20:34:12 #12 (POSTECH) TATTLE OPER HBAILEY 40410 (410) okay
10nov85 20:34:12 #12 (POSTECH) NEXIT (SYS)OPER
10nov85 20:34:17 #12 (POSTECH) RUN (SYS)RPG
10nov85 20:34:17 #12 (POSTECH) RUNLIC 2410,,410
10nov85 20:34:18 #12 (POSTECH) RUN (SYS)DIRIT
10nov85 20:34:18 #12 (POSTECH) RUNLIC 410,,410
10nov85 20:34:18 #12 (POSTECH) PUTLSA (SYS)WRS LIC=0,,0
10nov85 20:34:19 #12 (POSTECH) NEXIT (SYS)DIRIT
10nov85 20:34:40 #12 (POSTECH) RUN (SYS)RPG
10nov85 20:34:40 #12 (POSTECH) RUNLIC 2410,,410
10nov85 20:34:40 #12 (POSTECH) RUN (SYS)DIRIT
10nov85 20:34:40 #12 (POSTECH) RUNLIC 410,,410
10nov85 20:34:40 #12 (POSTECH) PUTLSA (SYS)WRS LIC=0,,0
10nov85 20:34:40 #12 (POSTECH) NEXIT (SYS)DIRIT
10nov85 20:34:48 #12 (POSTECH) RUN (SYS)RPG
10nov85 20:34:48 #12 (POSTECH) RUNLIC 2410,,410
10nov85 20:34:48 #12 (POSTECH) RUN (SYS)DIRIT
10nov85 20:34:48 #12 (POSTECH) RUNLIC 410,,410
10nov85 20:34:48 #12 (POSTECH) PUTLSA (SYS)WRS LIC=0,,0
10nov85 20:34:48 #12 (POSTECH) NEXIT (SYS)DIRIT
10nov85 20:35:09 #12 (POSTECH) RUN (WRS)HACK
10nov85 20:35:09 #12 (POSTECH) RUNLIC 410,,410
10nov85 20:35:18 #12 (POSTECH) RUN (SYS)SYSTAT
10nov85 20:35:18 #12 (POSTECH) RUNLIC 402410,,410
10nov85 20:35:18 #12 (POSTECH) NEXIT (SYS)SYSTAT
10nov85 20:35:23 #12 (POSTECH) RUN (SYS)SYSTAT
10nov85 20:35:23 #12 (POSTECH) RUNLIC 402410,,410
10nov85 20:35:23 #12 (POSTECH) SETNAM WHO
10nov85 20:35:37 #12 (POSTECH) RUN (SYS)RPG
10nov85 20:35:37 #12 (POSTECH) RUNLIC 2410,,410
10nov85 20:35:37 #12 (POSTECH) RUN (SYS)DIRIT
10nov85 20:35:37 #12 (POSTECH) RUNLIC 410,,410
10nov85 20:35:37 #12 (POSTECH) PUTLSA (SYS)WRS LIC=0,,0
10nov85 20:35:37 #12 (POSTECH) NEXIT (SYS)DIRIT
10nov85 20:35:44 #12 (POSTECH) RUN (WRS)MUDDY
10nov85 20:35:44 #12 (POSTECH) RUNLIC 410,,410
10nov85 20:35:46 #12 (POSTECH) CREAUX NCUD1:1 port=160
10nov85 20:37:31 #12 (POSTECH) RUN (SYS)NAD
10nov85 20:37:31 #12 (POSTECH) RUNLIC 410,,410
10nov85 20:39:28 #12 (POSTECH) EXIT (SYS)NAD
10nov85 20:39:33 #12 (POSTECH) RUN (WRS)MUDDY
10nov85 20:39:33 #12 (POSTECH) RUNLIC 410,,410
10nov85 20:39:35 #12 (POSTECH) CREAUX NCUD1:1 port=160
10nov85 20:47:24 #12 (POSTECH) RUN (SYS)SYSTAT
10nov85 20:47:24 #12 (POSTECH) RUNLIC 402410,,410
10nov85 20:47:24 #12 (POSTECH) SETNAM WHO
10nov85 20:49:32 #12 (POSTECH) RUN (SYS)SYSTAT
10nov85 20:49:32 #12 (POSTECH) RUNLIC 402410,,410
10nov85 20:49:32 #12 (POSTECH) SETNAM WHO
10nov85 20:49:38 #12 (POSTECH) RUN (SYS)LOGOUT
10nov85 20:49:38 #12 (POSTECH) RUNLIC 547410,,410
10nov85 20:49:38 #12 (POSTECH) RUN (MPL)ZEN
10nov85 20:49:38 #12 (POSTECH) RUNLIC 410,,410
10nov85 20:49:38 #12 (POSTECH) RUN (SYS)LOGOUT
10nov85 20:49:38 #12 (POSTECH) RUNLIC 547410,,410
10nov85 20:49:39 #12 (POSTECH) LOGOUT TRUs = 38.1
10nov85 21:09:19 #7 (POSTECH) LOGIN 4622:160 TID=1200
10nov85 21:09:19 #7 (POSTECH) RUN (POSTECH)POSINI
10nov85 21:09:22 #7 (POSTECH) RUN (SYS)SYSTAT
10nov85 21:09:22 #7 (POSTECH) RUNLIC 402000,,0
10nov85 21:09:22 #7 (POSTECH) SETNAM WHO
10nov85 21:09:49 #7 (POSTECH) RUN (SYS)OPER
10nov85 21:09:49 #7 (POSTECH) RUNLIC 775617,,0
10nov85 21:09:50 #7 (POSTECH) SETLIC (SYS)OPER LIC=775617,,410
10nov85 21:09:50 #7 (POSTECH) TATTLE OPER HBAILEY 40410 (410) okay
10nov85 21:09:50 #7 (POSTECH) NEXIT (SYS)OPER
10nov85 21:09:53 #7 (POSTECH) RUN (SYS)RPG
10nov85 21:09:53 #7 (POSTECH) RUNLIC 2410,,410
10nov85 21:09:53 #7 (POSTECH) RUN (SYS)DIRIT
10nov85 21:09:53 #7 (POSTECH) RUNLIC 410,,410
10nov85 21:09:53 #7 (POSTECH) PUTLSA (SYS)WRS LIC=0,,0
10nov85 21:09:54 #7 (POSTECH) NEXIT (SYS)DIRIT
10nov85 21:10:00 #7 (POSTECH) RUN (WRS)MUDDY
10nov85 21:10:00 #7 (POSTECH) RUNLIC 410,,410
10nov85 21:10:03 #7 (POSTECH) CREAUX NCUD1:1 port=161
10nov85 21:15:50 #7 (POSTECH) NEXIT (WRS)MUDDY
10nov85 21:18:08 #7 (POSTECH) RUN (WRS)MUDDY
10nov85 21:18:08 #7 (POSTECH) RUNLIC 410,,410
10nov85 21:18:10 #7 (POSTECH) CREAUX NCUD1:1 port=170
10nov85 21:20:16 #7 (POSTECH) NEXIT (WRS)MUDDY
10nov85 21:20:22 #7 (POSTECH) RUN (WRS)MUDDY
10nov85 21:20:22 #7 (POSTECH) RUNLIC 410,,410
10nov85 21:20:24 #7 (POSTECH) CREAUX NCUD1:1 port=170
10nov85 21:20:27 #7 (POSTECH) NEXIT (WRS)MUDDY
10nov85 21:20:39 #7 (POSTECH) RUN (WRS)MUDDY
10nov85 21:20:39 #7 (POSTECH) RUNLIC 410,,410
10nov85 21:20:41 #7 (POSTECH) CREAUX NCUD1:1 port=170
10nov85 21:28:48 #7 (POSTECH) NEXIT (WRS)MUDDY
10nov85 21:28:51 #7 (POSTECH) RUN (SYS)LOGOUT
10nov85 21:28:51 #7 (POSTECH) RUNLIC 547410,,410
10nov85 21:28:51 #7 (POSTECH) RUN (MPL)ZEN
10nov85 21:28:51 #7 (POSTECH) RUNLIC 410,,410
10nov85 21:28:51 #7 (POSTECH) RUN (SYS)LOGOUT
10nov85 21:28:51 #7 (POSTECH) RUNLIC 547410,,410
10nov85 21:28:52 #7 (POSTECH) LOGOUT TRUs = 29.4
10nov85 21:29:48 #7 (POSTECH) LOGIN 4622:153 TID=1200
10nov85 21:29:49 #7 (POSTECH) RUN (POSTECH)POSINI
10nov85 21:29:50 #7 (POSTECH) RUN (SYS)OPER
10nov85 21:29:50 #7 (POSTECH) RUNLIC 775617,,0
10nov85 21:29:51 #7 (POSTECH) SETLIC (SYS)OPER LIC=775617,,410
10nov85 21:29:51 #7 (POSTECH) TATTLE OPER HBAILEY 40410 (410) okay
10nov85 21:29:51 #7 (POSTECH) NEXIT (SYS)OPER
10nov85 21:30:06 #7 (POSTECH) RUN (SYS)RPG
10nov85 21:30:06 #7 (POSTECH) RUNLIC 2410,,410
10nov85 21:30:06 #7 (POSTECH) NEXIT (SYS)RPG
10nov85 21:30:19 #7 (POSTECH) RUN (WRS)MUDDY
10nov85 21:30:19 #7 (POSTECH) RUNLIC 410,,410
10nov85 21:30:21 #7 (POSTECH) CREAUX NCUD1:1 port=166
10nov85 21:34:57 #7 (POSTECH) RUN (WRS)MUDDY
10nov85 21:34:57 #7 (POSTECH) RUNLIC 410,,410
10nov85 21:34:59 #7 (POSTECH) CREAUX NCUD1:1 port=166
10nov85 21:42:49 #7 (POSTECH) NEXIT (WRS)MUDDY
10nov85 21:42:54 #7 (POSTECH) RUN (SYS)LOGOUT
10nov85 21:42:54 #7 (POSTECH) RUNLIC 547410,,410
10nov85 21:42:54 #7 (POSTECH) RUN (MPL)ZEN
10nov85 21:42:54 #7 (POSTECH) RUNLIC 410,,410
10nov85 21:42:54 #7 (POSTECH) RUN (SYS)LOGOUT
10nov85 21:42:54 #7 (POSTECH) RUNLIC 547410,,410
10nov85 21:42:55 #7 (POSTECH) LOGOUT TRUs = 22.3
10nov85 21:48:30 #7 (POSTECH) LOGIN 4622:153 TID=1200
10nov85 21:48:31 #7 (POSTECH) RUN (POSTECH)POSINI
10nov85 21:48:33 #7 (POSTECH) RUN (SYS)OPER
10nov85 21:48:33 #7 (POSTECH) RUNLIC 775617,,0
10nov85 21:48:33 #7 (POSTECH) SETLIC (SYS)OPER LIC=775617,,410
10nov85 21:48:33 #7 (POSTECH) TATTLE OPER HBAILEY 40410 (410) okay
10nov85 21:48:33 #7 (POSTECH) NEXIT (SYS)OPER
10nov85 21:48:39 #7 (POSTECH) RUN (SYS)SYSTAT
10nov85 21:48:39 #7 (POSTECH) RUNLIC 402410,,410
10nov85 21:48:39 #7 (POSTECH) SETNAM WHO
10nov85 21:48:53 #7 (POSTECH) RUN (WRS)MUDDY
10nov85 21:48:53 #7 (POSTECH) RUNLIC 410,,410
10nov85 21:48:55 #7 (POSTECH) CREAUX NCUD1:1 port=166
10nov85 21:52:52 #7 (POSTECH) RUN (WRS)MUDDY
10nov85 21:52:52 #7 (POSTECH) RUNLIC 410,,410
10nov85 21:52:54 #7 (POSTECH) CREAUX NCUD1:1 port=166
10nov85 22:06:03 #7 (POSTECH) NEXIT (WRS)MUDDY
10nov85 22:06:11 #7 (POSTECH) RUN (SYS)SYSTAT
10nov85 22:06:11 #7 (POSTECH) RUNLIC 402410,,410
10nov85 22:06:12 #7 (POSTECH) SETNAM WHO
10nov85 22:06:21 #7 (POSTECH) RUN (WRS)MUDDY
10nov85 22:06:21 #7 (POSTECH) RUNLIC 410,,410
10nov85 22:06:23 #7 (POSTECH) CREAUX NCUD1:1 port=166
10nov85 22:08:16 #7 (POSTECH) NEXIT (WRS)MUDDY
10nov85 22:08:19 #7 (POSTECH) RUN (SYS)SYSTAT
10nov85 22:08:19 #7 (POSTECH) RUNLIC 402410,,410
10nov85 22:08:19 #7 (POSTECH) SETNAM WHO
10nov85 22:08:34 #7 (POSTECH) RUN (SYS)RPG
10nov85 22:08:34 #7 (POSTECH) RUNLIC 2410,,410
10nov85 22:08:34 #7 (POSTECH) NEXIT (SYS)RPG
10nov85 22:08:47 #7 (POSTECH) RUN (SYS)RPG
10nov85 22:08:47 #7 (POSTECH) RUNLIC 2410,,410
10nov85 22:08:47 #7 (POSTECH) RUN (SYS)DIRIT
10nov85 22:08:47 #7 (POSTECH) RUNLIC 410,,410
10nov85 22:08:47 #7 (POSTECH) PUTLSA (SYS)WRS LIC=0,,0
10nov85 22:08:47 #7 (POSTECH) NEXIT (SYS)DIRIT
10nov85 22:09:04 #7 (POSTECH) RUN (SYS)LOGOUT
10nov85 22:09:04 #7 (POSTECH) RUNLIC 547410,,410
10nov85 22:09:04 #7 (POSTECH) RUN (MPL)ZEN
10nov85 22:09:04 #7 (POSTECH) RUNLIC 410,,410
10nov85 22:09:04 #7 (POSTECH) RUN (SYS)LOGOUT
10nov85 22:09:04 #7 (POSTECH) RUNLIC 547410,,410
10nov85 22:09:05 #7 (POSTECH) LOGOUT TRUs = 39.7
11nov85 10:42:52 #37 (POSTECH) LOGIN 4622:177 TID=9600
11nov85 10:42:53 #37 (POSTECH) RUN (POSTECH)POSINI
11nov85 10:42:57 #37 (POSTECH) RUN (SYS)OPER
11nov85 10:42:57 #37 (POSTECH) RUNLIC 775617,,0
11nov85 10:42:57 #37 (POSTECH) SETLIC (SYS)OPER LIC=775617,,410
11nov85 10:42:57 #37 (POSTECH) TATTLE OPER HBAILEY 410 okay
11nov85 10:42:57 #37 (POSTECH) NEXIT (SYS)OPER
11nov85 10:43:04 #37 (POSTECH) RUN (SYS)RPG
11nov85 10:43:04 #37 (POSTECH) RUNLIC 2410,,410
11nov85 10:43:04 #37 (POSTECH) RUN (SYS)DIRIT
11nov85 10:43:04 #37 (POSTECH) RUNLIC 410,,410
11nov85 10:43:04 #37 (POSTECH) PUTLSA (SYS)KRUMVP LIC=0,,0
11nov85 10:43:05 #37 (POSTECH) NEXIT (SYS)DIRIT
11nov85 10:43:14 #37 (POSTECH) RUN (KRUMVP)TEST
11nov85 10:43:14 #37 (POSTECH) RUNLIC 410,,410
11nov85 10:43:17 #37 (POSTECH) CREAUX NCUD1:1 port=130
11nov85 10:46:12 #40 (POSTECH) LOGIN 4622:6 TID=9600
11nov85 10:46:12 #40 (POSTECH) RUN (POSTECH)POSINI
11nov85 10:46:23 #40 (POSTECH) RUN (SYS)SYSTAT
11nov85 10:46:23 #40 (POSTECH) RUNLIC 402000,,0
11nov85 10:46:23 #40 (POSTECH) SETNAM WHO
11nov85 10:46:38 #40 (POSTECH) RUN (SYS)RPG
11nov85 10:46:38 #40 (POSTECH) RUNLIC 2000,,0
11nov85 10:46:38 #40 (POSTECH) RUN (SYS)DIRIT
11nov85 10:46:38 #40 (POSTECH) NEXIT (SYS)DIRIT
11nov85 10:46:42 #40 (POSTECH) RUN (SYS)OPER
11nov85 10:46:42 #40 (POSTECH) RUNLIC 775617,,0
11nov85 10:46:42 #40 (POSTECH) SETLIC (SYS)OPER LIC=775617,,410
11nov85 10:46:42 #40 (POSTECH) TATTLE OPER HBAILEY 410 okay
11nov85 10:46:42 #40 (POSTECH) NEXIT (SYS)OPER
11nov85 10:46:46 #40 (POSTECH) RUN (SYS)RPG
11nov85 10:46:46 #40 (POSTECH) RUNLIC 2410,,410
11nov85 10:46:46 #40 (POSTECH) RUN (SYS)DIRIT
11nov85 10:46:46 #40 (POSTECH) RUNLIC 410,,410
11nov85 10:46:46 #40 (POSTECH) PUTLSA (SYS)ZUMMO LIC=0,,0
11nov85 10:46:46 #40 (POSTECH) NEXIT (SYS)DIRIT
11nov85 10:47:06 #40 (POSTECH) RUN (SYS)RPG
11nov85 10:47:06 #40 (POSTECH) RUNLIC 2410,,410
11nov85 10:47:06 #40 (POSTECH) RUN (SYS)LISTER
11nov85 10:47:06 #40 (POSTECH) RUNLIC 412,,410
11nov85 10:47:29 #40 (POSTECH) NEXIT (SYS)LISTER
11nov85 10:47:37 #40 (POSTECH) RUN (SYS)SYSTAT
11nov85 10:47:37 #40 (POSTECH) RUNLIC 402410,,410
11nov85 10:47:42 #40 (POSTECH) NEXIT (SYS)SYSTAT
11nov85 10:48:19 #40 (POSTECH) RUN (SYS)SYSTAT
11nov85 10:48:19 #40 (POSTECH) RUNLIC 402410,,410
11nov85 10:48:24 #40 (POSTECH) NEXIT (SYS)SYSTAT
11nov85 10:48:33 #40 (POSTECH) RUN (SYS)SYSTAT
11nov85 10:48:33 #40 (POSTECH) RUNLIC 402410,,410
11nov85 10:49:16 #37 (POSTECH) RUN (SYS)RPG
11nov85 10:49:16 #37 (POSTECH) RUNLIC 2410,,410
11nov85 10:49:17 #37 (POSTECH) RUN (SYS)DIRIT
11nov85 10:49:17 #37 (POSTECH) RUNLIC 410,,410
11nov85 10:49:17 #37 (POSTECH) PUTLSA (SYS)KRUMVP LIC=0,,0
11nov85 10:49:27 #37 (POSTECH) RUN (KRUMVP)TEST
11nov85 10:49:27 #37 (POSTECH) RUNLIC 410,,410
11nov85 10:49:30 #37 (POSTECH) CREAUX NCUD1:1 port=130
11nov85 10:51:18 #40 (POSTECH) RUN (SYS)SYSTAT
11nov85 10:51:18 #40 (POSTECH) RUNLIC 402410,,410
11nov85 10:51:21 #40 (POSTECH) NEXIT (SYS)SYSTAT
11nov85 10:51:27 #40 (POSTECH) RUN (SYS)SYSTAT
11nov85 10:51:27 #40 (POSTECH) RUNLIC 402410,,410
11nov85 10:51:32 #40 (POSTECH) NEXIT (SYS)SYSTAT
11nov85 10:51:42 #40 (POSTECH) RUN (SYS)RPG
11nov85 10:51:42 #40 (POSTECH) RUNLIC 2410,,410
11nov85 10:51:43 #40 (POSTECH) RUN (SYS)DIRIT
11nov85 10:51:43 #40 (POSTECH) RUNLIC 410,,410
11nov85 10:51:43 #40 (POSTECH) PUTLSA (SYS)WRS LIC=0,,0
11nov85 10:51:43 #40 (POSTECH) NEXIT (SYS)DIRIT
11nov85 10:51:53 #40 (POSTECH) RUN (SYS)RPG
11nov85 10:51:53 #40 (POSTECH) RUNLIC 2410,,410
11nov85 10:51:53 #40 (POSTECH) RUN (SYS)DIRIT
11nov85 10:51:53 #40 (POSTECH) RUNLIC 410,,410
11nov85 10:51:53 #40 (POSTECH) PUTLSA (SYS)WRS LIC=0,,0
11nov85 10:51:53 #40 (POSTECH) NEXIT (SYS)DIRIT
11nov85 10:52:05 #40 (POSTECH) RUN (WRS)MUDDY
11nov85 10:52:05 #40 (POSTECH) RUNLIC 410,,410
11nov85 10:52:09 #40 (POSTECH) CREAUX NCUD1:1 port=116
11nov85 10:52:45 #40 (POSTECH) NEXIT (WRS)MUDDY
11nov85 10:54:14 #37 (POSTECH) NEXIT (KRUMVP)TEST
11nov85 10:54:18 #37 (POSTECH) RUN (SYS)LOGOUT
11nov85 10:54:18 #37 (POSTECH) RUNLIC 547410,,410
11nov85 10:54:18 #37 (POSTECH) RUN (MPL)ZEN
11nov85 10:54:18 #37 (POSTECH) RUNLIC 410,,410
11nov85 10:54:18 #37 (POSTECH) RUN (SYS)LOGOUT
11nov85 10:54:18 #37 (POSTECH) RUNLIC 547410,,410
11nov85 10:54:18 #37 (POSTECH) LOGOUT TRUs = 18.3
11nov85 10:54:33 #40 (POSTECH) RUN (KRUMVP)TEST
11nov85 10:54:33 #40 (POSTECH) RUNLIC 410,,410
11nov85 10:54:37 #40 (POSTECH) CREAUX NCUD1:1 port=154
11nov85 10:57:22 #40 (POSTECH) NEXIT (KRUMVP)TEST
11nov85 10:57:24 #40 (POSTECH) RUN (SYS)LOGOUT
11nov85 10:57:24 #40 (POSTECH) RUNLIC 547410,,410
11nov85 10:57:24 #40 (POSTECH) RUN (MPL)ZEN
11nov85 10:57:24 #40 (POSTECH) RUNLIC 410,,410
11nov85 10:57:24 #40 (POSTECH) RUN (SYS)LOGOUT
11nov85 10:57:24 #40 (POSTECH) RUNLIC 547410,,410
11nov85 10:57:25 #40 (POSTECH) LOGOUT TRUs = 84.4
11nov85 11:06:50 #37 (POSTECH) LOGIN 4622:155 TID=9600
11nov85 11:06:51 #37 (POSTECH) RUN (POSTECH)POSINI
11nov85 11:06:53 #37 (POSTECH) RUN (SYS)OPER
11nov85 11:06:53 #37 (POSTECH) RUNLIC 775617,,0
11nov85 11:06:53 #37 (POSTECH) SETLIC (SYS)OPER LIC=775617,,410
11nov85 11:06:53 #37 (POSTECH) TATTLE OPER HBAILEY 410 okay
11nov85 11:06:53 #37 (POSTECH) NEXIT (SYS)OPER
11nov85 11:07:07 #37 (POSTECH) RUN (KRUMVP)TEST
11nov85 11:07:07 #37 (POSTECH) RUNLIC 410,,410
11nov85 11:07:11 #37 (POSTECH) CREAUX NCUD1:1 port=130
11nov85 11:07:37 #37 (POSTECH) NEXIT (KRUMVP)TEST
11nov85 11:07:39 #37 (POSTECH) RUN (SYS)LOGOUT
11nov85 11:07:39 #37 (POSTECH) RUNLIC 547410,,410
11nov85 11:07:39 #37 (POSTECH) RUN (MPL)ZEN
11nov85 11:07:39 #37 (POSTECH) RUNLIC 410,,410
11nov85 11:07:40 #37 (POSTECH) RUN (SYS)LOGOUT
11nov85 11:07:40 #37 (POSTECH) RUNLIC 547410,,410
11nov85 11:07:40 #37 (POSTECH) LOGOUT TRUs = 8.4
11nov85 11:30:57 #25 (POSTECH) LOGIN 4622:24 TID=9600
11nov85 11:30:58 #25 (POSTECH) RUN (POSTECH)POSINI
11nov85 11:31:00 #25 (POSTECH) RUN (SYS)OPER
11nov85 11:31:00 #25 (POSTECH) RUNLIC 775617,,0
11nov85 11:31:04 #25 (POSTECH) TATTLE OPER HBAILEY 410 (0) bad pswd:321315515063
11nov85 11:31:04 #25 (POSTECH) NEXIT (SYS)OPER
11nov85 11:31:06 #25 (POSTECH) RUN (SYS)OPER
11nov85 11:31:06 #25 (POSTECH) RUNLIC 775617,,0
11nov85 11:31:06 #25 (POSTECH) SETLIC (SYS)OPER LIC=775617,,410
11nov85 11:31:06 #25 (POSTECH) TATTLE OPER HBAILEY 410 okay
11nov85 11:31:06 #25 (POSTECH) NEXIT (SYS)OPER
11nov85 11:32:15 #25 (POSTECH) RUN (SYS)RPG
11nov85 11:32:15 #25 (POSTECH) RUNLIC 2410,,410
11nov85 11:32:16 #25 (POSTECH) RUN (SYS)DIRIT
11nov85 11:32:16 #25 (POSTECH) RUNLIC 410,,410
11nov85 11:32:16 #25 (POSTECH) PUTLSA (SYS)KRUMVP LIC=0,,0
11nov85 11:32:29 #25 (POSTECH) RUN (KRUMVP)TEST
11nov85 11:32:29 #25 (POSTECH) RUNLIC 410,,410
11nov85 11:32:31 #25 (POSTECH) CREAUX NCUD1:1 port=145
11nov85 11:33:33 #25 (POSTECH) RUN (KRUMVP)TEST
11nov85 11:33:33 #25 (POSTECH) RUNLIC 410,,410
11nov85 11:33:35 #25 (POSTECH) CREAUX NCUD1:1 port=115
11nov85 11:35:52 #25 (POSTECH) NEXIT (KRUMVP)TEST
11nov85 11:36:03 #25 (POSTECH) RUN (KRUMVP)TEST
11nov85 11:36:03 #25 (POSTECH) RUNLIC 410,,410
11nov85 11:36:07 #25 (POSTECH) CREAUX NCUD1:1 port=130
11nov85 11:43:56 #25 (POSTECH) RUN (KRUMVP)TEST
11nov85 11:43:56 #25 (POSTECH) RUNLIC 410,,410
11nov85 11:43:59 #25 (POSTECH) CREAUX NCUD1:1 port=130
11nov85 11:45:31 #44 (POSTECH) LOGIN 4622:151 TID=9600
11nov85 11:45:32 #44 (POSTECH) RUN (POSTECH)POSINI
11nov85 11:45:34 #44 (POSTECH) RUN (SYS)OPER
11nov85 11:45:34 #44 (POSTECH) RUNLIC 775617,,0
11nov85 11:45:35 #44 (POSTECH) SETLIC (SYS)OPER LIC=775617,,410
11nov85 11:45:35 #44 (POSTECH) TATTLE OPER HBAILEY 410 okay
11nov85 11:45:35 #44 (POSTECH) NEXIT (SYS)OPER
11nov85 11:45:45 #44 (POSTECH) RUN (SYS)RPG
11nov85 11:45:45 #44 (POSTECH) RUNLIC 2410,,410
11nov85 11:45:45 #44 (POSTECH) NEXIT (SYS)RPG
11nov85 11:45:49 #44 (POSTECH) RUN (SYS)SYSTAT
11nov85 11:45:49 #44 (POSTECH) RUNLIC 402410,,410
11nov85 11:45:49 #44 (POSTECH) SETNAM SYSNO
11nov85 11:45:56 #44 (POSTECH) RUN (SYS)SYSTAT
11nov85 11:45:56 #44 (POSTECH) RUNLIC 402410,,410
11nov85 11:45:57 #44 (POSTECH) NEXIT (SYS)SYSTAT
11nov85 11:46:12 #44 (POSTECH) RUN (SYS)SYSTAT
11nov85 11:46:12 #44 (POSTECH) RUNLIC 402410,,410
11nov85 11:46:13 #44 (POSTECH) NEXIT (SYS)SYSTAT
11nov85 11:46:21 #44 (POSTECH) RUN (SYS)NONAME
11nov85 11:46:21 #44 (POSTECH) RUNLIC 102410,,410
11nov85 11:49:30 #44 (POSTECH) NEXIT (SYS)NONAME
11nov85 11:55:04 #25 (POSTECH) RUN (KRUMVP)TEST
11nov85 11:55:04 #25 (POSTECH) RUNLIC 410,,410
11nov85 11:55:08 #25 (POSTECH) CREAUX NCUD1:1 port=130
11nov85 11:58:49 #25 (POSTECH) NEXIT (KRUMVP)TEST
11nov85 11:58:53 #25 (POSTECH) RUN (SYS)SYSTAT
11nov85 11:58:53 #25 (POSTECH) RUNLIC 402410,,410
11nov85 11:58:54 #25 (POSTECH) NEXIT (SYS)SYSTAT
11nov85 12:05:03 #44 (POSTECH) RUN (KRUMVP)TEST
11nov85 12:05:03 #44 (POSTECH) RUNLIC 410,,410
11nov85 12:05:05 #44 (POSTECH) CREAUX NCUD1:1 port=111
11nov85 12:08:49 #44 (POSTECH) NEXIT (KRUMVP)TEST
11nov85 12:08:52 #44 (POSTECH) RUN (SYS)LOGOUT
11nov85 12:08:52 #44 (POSTECH) RUNLIC 547410,,410
11nov85 12:08:53 #44 (POSTECH) RUN (MPL)ZEN
11nov85 12:08:53 #44 (POSTECH) RUNLIC 410,,410
11nov85 12:08:53 #44 (POSTECH) RUN (SYS)LOGOUT
11nov85 12:08:53 #44 (POSTECH) RUNLIC 547410,,410
11nov85 12:08:53 #44 (POSTECH) LOGOUT TRUs = 46.4
11nov85 12:09:02 #25 (POSTECH) RUN (SYS)LOGOUT
11nov85 12:09:02 #25 (POSTECH) RUNLIC 547410,,410
11nov85 12:09:02 #25 (POSTECH) RUN (MPL)ZEN
11nov85 12:09:02 #25 (POSTECH) RUNLIC 410,,410
11nov85 12:09:02 #25 (POSTECH) RUN (SYS)LOGOUT
11nov85 12:09:02 #25 (POSTECH) RUNLIC 547410,,410
11nov85 12:09:02 #25 (POSTECH) LOGOUT TRUs = 47.6
    