
.TYM

-
-GFD INTLACCTG

-TYM

-FI *.ITT

PROGRE  ITT
UD2084  ITT
BDA084  ITT
UD1084  ITT
TNT084  ITT
AST084  ITT
ARG084  ITT
INS084  ITT
DTL084  ITT
TEK084  ITT
KOR084  ITT
AT7084  ITT
SWX084  ITT
IP7084  ITT
IT7084  ITT
SG7084  ITT
IPC084  ITT
LUX084  ITT
FGN084  ITT
SAF084  ITT
ITT084  ITT
TYM084  ITT
KRX084  ITT
IRL084  ITT
CLB084  ITT
POR084  ITT
MNI084  ITT
KDD084  ITT
ITL084  ITT
ZSI084  ITT
ZCI084  ITT
FRX084  ITT
TWN084  ITT
HKG084  ITT
SWE084  ITT
TLX084  ITT
SPA084  ITT
PR1084  ITT
FFC084  ITT
DXP084  ITT
BRX084  ITT
BAH084  ITT
AT1084  ITT
ESR084  ITT
FNL084  ITT
GRE084  ITT
UNI084  ITT
ATP084  ITT
FRN084  ITT
BEL084  ITT
BRZ084  ITT
TST084  ITT
ATT084  ITT
ATT074  ITT
TIM074  ITT
BRX074  ITT
IRL074  ITT
DTL074  ITT
FGN074  ITT
ITT074  ITT
KRX074  ITT
IPC074  ITT
FRX074  ITT
KDD074  ITT
ESR074  ITT
UNI074  ITT
SG7074  ITT
SAF074  ITT
TYM074  ITT
VRS074  ITT
UD2074  ITT
UD1074  ITT
KOR074  ITT
SWX074  ITT
TWN074  ITT
AT7074  ITT
CLB074  ITT
SPA074  ITT
PR1074  ITT
TLX074  ITT
MNI074  ITT
POR074  ITT
ZSI074  ITT
HKG074  ITT
ZCI074  ITT
FFC074  ITT
BAH074  ITT
BDA074  ITT
AT1074  ITT
ARG074  ITT
AST074  ITT
SWE074  ITT
BEL074  ITT
ATP074  ITT
FRN074  ITT
LUX074  ITT
BRZ074  ITT
TIM064  ITT
SWI064  ITT
IRL064  ITT
FRX064  ITT
SWE064  ITT
FGN064  ITT
BEL064  ITT
TYM064  ITT
ESR064  ITT
TST064  ITT
ITT064  ITT
DTL064  ITT
SAF064  ITT
IP7064  ITT
SG7064  ITT
KRX064  ITT
VRS064  ITT
TWN064  ITT
CLB064  ITT
UD2064  ITT
UD1064  ITT
UNI064  ITT
KOR064  ITT
SWX064  ITT
PR1064  ITT
POR064  ITT
MNI064  ITT
KDD064  ITT
TLX064  ITT
SPA064  ITT
BDA064  ITT
BAH064  ITT
AT1064  ITT
AST064  ITT
ARG064  ITT
ZSI064  ITT
ZCI064  ITT
HKG064  ITT
FFC064  ITT
BRX064  ITT
LUX064  ITT
AT7064  ITT
BRZ064  ITT
FRN064  ITT
FILES   ITT
TLX054  ITT
MCI054  ITT
FGN054  ITT
DTL054  ITT
SAF054  ITT
ITT054  ITT
TYM054  ITT
IRL054  ITT
VRS054  ITT
CLB054  ITT
PR1054  ITT
MNI054  ITT
SPA054  ITT
SG7054  ITT
POR054  ITT
UNI054  ITT
ESR054  ITT
SWX054  ITT
BDA054  ITT
BAH054  ITT
ARG054  ITT
AST054  ITT
FRX054  ITT
ATT054  ITT
SNT054  ITT
FNL054  ITT
BEL054

-TYPE 
-G
-FI *>ITT
COMMAND ERROR: 
FI *>ITT
    ^
-
-FI *.ITT

PROGRE  ITT
UD2084  ITT
BDA084  ITT
UD1084  ITT
TNT084  ITT
AST084  ITT
ARG084  ITT
INS084  ITT
DTL084  ITT
TEK084  ITT
KOR084  ITT
AT7084  ITT
SWX084  ITT
IP7084  ITT
IT7084  ITT
SG7084  ITT
IPC084  ITT
LUX084  ITT
FGN084  ITT
SAF084  ITT
ITT084  ITT
TYM084  ITT
KRX084  ITT
IRL084  ITT
CLB084  ITT
POR084  ITT
MNI084  ITT
KDD084  ITT
ITL084  ITT
ZSI084  ITT
ZCI084  ITT
FRX084  ITT
TWN084  ITT
HKG084  ITT
SWE084  ITT
TLX084  ITT
SPA084  ITT
PR1084  ITT
FFC084  ITT
DXP084  ITT
BRX084  ITT
BAH084  ITT
AT1084  ITT
ESR084  ITT
FNL084  ITT
GRE084  ITT
UNI084  ITT
ATP084  ITT
FRN084  ITT
BEL084  ITT
BRZ084  ITT
TST084  ITT
ATT084  ITT
ATT074  ITT
TIM074  ITT
BRX074  ITT
IRL074  ITT
DTL074  ITT
FGN074  ITT
ITT074  ITT
KRX074  ITT
IPC074  ITT
FRX074  ITT
KDD074  ITT
ESR074  ITT
UNI074  ITT
SG7074  ITT
SAF074  ITT
TYM074  ITT
VRS074  ITT
UD2074  ITT
UD1074  ITT
KOR074  ITT
SWX074  ITT
TWN074  ITT
AT7074  ITT
CLB074  ITT
SPA074  ITT
PR1074  ITT
TLX074  ITT
MNI074  ITT
POR074  ITT
ZSI074  ITT
HKG074  ITT
ZCI074  ITT
FFC074  ITT
BAH074  ITT
BDA074  ITT
AT1074  ITT
ARG074  ITT
AST074  ITT
SWE074  ITT
BEL074  ITT
ATP074  ITT
FRN074  ITT
LUX074  ITT
BRZ074  ITT
TIM064  ITT
SWI064  ITT
IRL064  ITT
FRX064  ITT
SWE064  ITT
FGN064  ITT
BEL064  ITT
TYM064  ITT
ESR064  ITT
TST064  ITT
ITT064  ITT
DTL064  ITT
SAF064  ITT
IP7064  ITT
SG7064  ITT
KRX064  ITT
VRS064  ITT
TWN064  ITT
CLB064  ITT
UD2064  ITT
UD1064  ITT
UNI064  ITT
KOR064  ITT
SWX064  ITT
PR1064  ITT
POR064  ITT
MNI064  ITT
KDD064  ITT
TLX064  ITT
SPA064  ITT
BDA064  ITT
BAH064  ITT
AT1064  ITT


-TYPE FNL084.ITT
 22576300525840828 7.4819 130475037143  0 0 85133173  7  111        0       2784
**0828 7.4847   0.0028 1 30142820111;                    00000002442080140000000
**0310601112442310601       2       7       2       7       0       0       0   
**    01 228          
 22576300525840828 7.4878 130478837162  0 0 85133173 55  111       22      39384
**0828 7.4931   0.005314 30142820111; 7                  00000002442190090000000
**0310601112442310600      14       5      14       6       0       0       0   
**    01 228          
 2257630052584082811.6906 236343037160  0 0 85133173  4  111        1      18584
**082811.7008   0.0103 1 30142820111;                    00000002442080140000000
**0310601112442310601       3      13       3      14       0       0       0   
**    01 228          
 22576300525840829 6.7925 276567737167  0 0 85133173  5  111        2       2884
**0829 6.7961   0.0036 1 30142820111;                    00000002442080140000000
**0310601112442310601       4       8       4       8       0       0       0   
**    01 229          
 22576300525840829 8.3986 277599937204  0 0 85133173  5  111        0       2784
**0829 8.4008   0.0022 1 30142820111;                    00000002442080140000000
**0310601112442310601       2       6       2       6       0       0       0   
**    01 229          
 22576222626840829 9.1469 278011637144  0 0 85134133  0 5267       59       5684
**0829 9.1578   0.0108 1 3036317ITT.2442;                00000002442990540000003
**1060052672442310601       0       2       0       2       0       0       0   
**    01 229          
 2257622262684082911.2342 391853737153  0 0 85134133  0 5267       59       5684
**082911.2453   0.0111 1 3036317ITT.2442;                00000002442990540000003
**1060052672442310601       0       2       0       2       0       0       0   
**    01 229          
 2257622262684082912.2161 392979137171  0 0 85134133  0 5267       59       5684
**082912.2272   0.0111 1 3036317ITT.2442;                00000002442990540000003
**1060052672442310601       0       2       0       2       0       0       0   
**    01 229          
 2257622262684082912.2422 393015437171  0 0 85134133  0 5267      133      65384
**082912.2883   0.0461 1 3036317ITT.2442;                00000002442990540000003
**1060052672442310601       0       0       0       0       0       0       0   
**    01 229          
 2257622262684082912.3083 393112337141  0 0 85134133  0 5267      281     502184
**082912.4619   0.1536 1 3036317ITT.2442;                00000002442990540000003
**1060052672442310601      14     150      14     179       0       0       0   
**    01 229          
 2257626260284082912.3517 393179837156  0 0 85132011  0   61      123      14584
**082912.3592   0.007510 30142820061;                    00000002442990850000000
**0310600612442310601       3       5       3       5       0       0       0   
**    01 229          
 22576 1501384083019.0567 509700737141  0 0 85132206  0 1467      171      29784
**083019.0808   0.024212 30302881467;                    00000002442310060000000
**0310614672442310601       9      12       9      12       0       0       0   
**    01 230          
 2257626260284083019.1186 509

-TYPE TIM074.ITT
 2 266302460840713 2.7261 216180454143  0 0    02122  5 1359        1       2984
**0713 2.7294   0.0033 0 7013051ISISTECH;                00000000000000000000000
**000000000   0   000       0       0       0       0       0       0       0   
**    001034          

-FI *.ITT

PROGRE  ITT
UD2084  ITT
BDA084  ITT
UD1084  ITT
TNT084  ITT
AST084  ITT
ARG084  ITT
INS084  ITT
DTL084  ITT
TEK084  ITT
KOR084  ITT
AT7084  ITT
SWX084  ITT
IP7084  ITT
IT7084  ITT
SG7084  ITT
IPC084  ITT
LUX084  ITT
FGN084  ITT
SAF084  ITT
ITT084  ITT
TYM084  ITT
KRX084  ITT
IRL084  ITT
CLB084  ITT
POR084  ITT
MNI084  ITT
KDD084  ITT
ITL084  ITT
ZSI084  ITT
ZCI084  ITT
FRX084  ITT
TWN084  ITT
HKG084  ITT
SWE084  ITT
TLX084  ITT
SPA084  ITT
PR1084  ITT
FFC084  ITT
DXP084  ITT
BRX084  ITT
BAH084  ITT
AT1084  ITT
ESR084  ITT
FNL084  ITT
GRE084  ITT
UNI084  ITT
ATP084  ITT
FRN084  ITT
BEL084  ITT
BRZ084  ITT
TST084  ITT
ATT084  ITT
ATT074  ITT
TIM074  ITT
BRX074  ITT
IRL074  ITT
DTL074  ITT
FGN074  ITT
ITT074  ITT
KRX074  ITT
IPC074  ITT
FRX074  ITT
KDD074  ITT
ESR074  ITT
UNI074  ITT
SG7074  ITT
SAF074  ITT
TYM074  ITT
VRS074  ITT
UD2074  ITT
UD1074  ITT
KOR074  ITT
SWX074  ITT
TWN074  ITT
AT7074  ITT
CLB074  ITT
SPA074  ITT
PR1074  ITT
TLX074  ITT
MNI074  ITT
POR074  ITT
ZSI074  ITT
HKG074  ITT
ZCI074  ITT
FFC074  ITT
BAH074  ITT
BDA074  ITT
AT1074  ITT
ARG074  ITT
AST074  ITT
SWE074  ITT
BEL074  ITT
ATP074  ITT
FRN074  ITT
LUX074  ITT
BRZ074  ITT
TIM064  ITT
SWI064  ITT
IRL064  ITT
FRX064  ITT
SWE064  ITT
FGN064  ITT
BEL064  ITT
TYM064  ITT
ESR064  ITT
TST064  ITT
ITT064  ITT
DTL064  ITT
SAF064  ITT
IP7064  ITT
SG7064  ITT
KRX064  ITT
VRS064  ITT
TWN064  ITT
CLB064  ITT
UD2064  ITT
UD1064  ITT
UNI064  ITT
KOR064  ITT
SWX064  ITT
PR1064  ITT
POR064  ITT
MNI064  ITT
KDD064  ITT
TLX064  ITT
SPA064  ITT
BDA064  ITT
BAH064  ITT
AT1064

-TYPE ESC\C\R084.ITT
 2271623661484080122.4314 217926736146130 021716 631 22  744      128     290984
**080122.5042   0.0728 1 2019549ESMI114ASA;              00000000000000000000000
**000000000   0   000       0       0       0       0       0       0       0   
**    011101          
 1247012445084080214.8564 541642816 32 60 4  346 631 22  744       88     169084
**080214.9278   0.0714 1 2014268ESWI065ESA;              00000000000000000000000
**000000000   0   000       0       0       0       0       0       0       0   
**    00 302          
 12470124450840803 6.3347 574293516303 22 4  346 631 22  744      855     306284
**0803 6.6617   0.3269 1 2014268ESWI065ESA;              00000000000000000000000
**000000000   0   000       0       0       0       0       0       0       0   
**    00 303          
 22716315661840808 2.0683 142827936142135 021716 631 22  744      274    1237584
**0808 2.3664   0.2981 1 2019549ESMI123ASA;              00000000000000000000000
**000000000   0   000       0       0       0       0       0       0       0   
**    011108          
 22716236614840808 9.1978 148808136141121 021716 631 23  744       56     106484
**0808 9.2386   0.0408 1 2019549ESMI114ASA;              00000000000000000000000
**000000000   0   000       0       0       0       0       0       0       0   
**    011108          
 22716 54500840814 3.5514 125348336151127 021716 631 22  744      124      63584
**0814 3.6192   0.0678 1 3019549ESMI032TSA;              00000000000000000000000
**000000000   0   000       0       0       0       0       0       0       0   
**    011114          
 22716132737840814 6.0400 127442536164 71 021716 631 22  744      199     539184
**0814 6.2750   0.2350 1 2019549ESMI079SSA;              00000000000000000000000
**000000000   0   000       0       0       0       0       0       0       0   
**    011114          
 1247012445084081416.9511 251881116243121 4  346 631 22  744       98      77284
**081417.0044   0.0533 1 3014268ESWI065ESA;              00000000000000000000000
**000000000   0   000       0       0       0       0       0       0       0   
**    00 314          
 22716132737840815 7.4494 279299336141 70 021716 631 22  744       53     144484
**0815 7.5053   0.0558 1 2019549ESMI079SSA;              00000000000000000000000
**000000000   0   000       0       0       0       0       0       0       0   
**    011115          
 1247012445084081717.3231 527577716 55 75 4  346 631 22  744      123     126184
**081717.4794   0.1564 1 2014268ESWI065ESA;              00000000000000000000000
**000000000   0   000       0       0       0       0       0       0       0   
**    00 317          
 22716134702840821 0.3956 339226736174131 021716 631 22  744      247    2873084
**0821 0.9028   0.5072 1 3019549ESMI087ASA;              00000000000000000000000
**000000000   0   000       0       0       0       0       0       0       0   
**    011121          
 22716134702840821 0.9247 340210136150 75 021716 631 22  744      288     311684
**0821 1.0850   0.1603 1 3019549ESMI087ASA;              00000000000000000000000
**000000000   0   000       0       0       0       0       0       0       0   
*

-TYPE GRE084.ITT
 22576243445840806 5.3942 258447737151  0 0 85112775  0 3063      561     638384
**0806 8.7858   3.3917 1 3039228903063;                  00002022720000760000003
**1069030632022310601      10      97      13     144       0       0       0   
**    01 206          
 22576243445840806 9.6817 261002337200  0 0 85112775  0 3063      809    1362384
**0806 9.9531   0.2714 1 3039228903063;                  00002022720000760000003
**1069030632022310601      15     171      19     272       0       0       0   
**    01 206          
 22576243445840806 9.9967 261152437154  0 0 85112775  0 3063     2212    7111184
**080611.5022   1.5056 1 3039228903063;                  00002022720000760000003
**1069030632022310601      58     801      70    1336       0       0       0   
**    01 206          
 22576161236840808 4.3031 145185637142  0 0 85112601  0 1304       50     101884
**0808 4.3303   0.0272 1 2025019901304;                  00002022720000760000003
**1069013042022310601       6      17       6      25       0       0       0   
**    01 208          
 22576161236840813 5.6003 480137337143  0 0 85112601  0 1304       41      76084
**0813 5.6753   0.0750 1 3025019901304;                  00002022720000760000003
**1069013042022310601      10      13      10      18       0       0       0   
**    01 213          
 22576161236840813 6.6303 480777837170  0 0 85112601  0 1304      449    1043384
**0813 7.1508   0.5206 1 2025019901304;                  00002022720000760000003
**1069013042022310601     212     115     212     192       0       0       0   
**    01 213          
 22576161236840813 7.2203 481158037202  0 0 85112601  0 1304      110     287684
**0813 7.3692   0.1489 1 2025019901304;                  00002022720000760000003
**1069013042022310601      43      33      43      55       0       0       0   
**    01 213          
 2257616123684081410.0167 129802237174  0 0 85112601  0 1304       37      60784
**081410.0461   0.0294 1 2025019901304;                  00002022720000760000003
**1069013042022310601       8      12       8      16       0       0       0   
**    01 214          
 2257616123684081611.9425 371461737163  0 0 85112601  0 1304       37      60784
**081611.9903   0.0478 1 2025019901304;                  00002022720000760000003
**1069013042022310601       7      12       7      16       0       0       0   
**    01 216          
 22576161236840817 6.7775 407913537155  0 0 85112601  0 1304      150     484084
**0817 7.0792   0.3017 1 2025019901304;                  00002022720000760000003
**1069013042022310601      32      54      32      89       0       0       0   
**    01 217          
 2257616123684081810.5392 552115537141  0 0 85112601  0 1304       67     330784
**081810.7439   0.2047 1 3025019901304;                  00002022720000760000003
**1069013042022310601      20      38      19      62       0       0       0   
**    01 218          
 22576161236840820 6.6017 295520437204  0 0 85112601  0 1304       37      60784
**0820 6.6856   0.0839 1 2025019901304;                  00002022720000760000003
**1069013042022310601       6      12       6      16       0       0       0   
**    01 220          
 22576161236840820 7.5417 295994737164  0 0 85112601  0 1304       61     188384
**0820 7.5917   0.0500 1 2025019901304;                  00002022720000760000003
**1069013042022310601      15      23      15      37       0       0       0   
**    01 220          
 22576161236840820 9.1897 296762237164  0 0 85112601  0 1304       71      59284
**0820 9.2436   0.0539 1 3025019901304;                  00002022720000760000003
**1069013042022310601      13      14      12      18       0       0       0   
**    01

-FI *.ITT

PROGRE  ITT
UD2084  ITT
BDA084  ITT
UD1084  ITT
TNT084  ITT
AST084  ITT
ARG084  ITT
INS084  ITT
DTL084  ITT
TEK084  ITT
KOR084  ITT
AT7084  ITT
SWX084  ITT
IP7084  ITT
IT7084  ITT
SG7084  ITT
IPC084  ITT
LUX084  ITT
FGN084  ITT
SAF084  ITT
ITT084  ITT
TYM084  ITT
KRX084  ITT
IRL084  ITT
CLB084  ITT
POR084  ITT
MNI084  ITT
KDD084  ITT
ITL084  ITT
ZSI084  ITT
ZCI084  ITT
FRX084  ITT
TWN084  ITT
HKG084  ITT
SWE084  ITT
TLX084  ITT
SPA084  ITT
PR1084  ITT
FFC084  ITT
DXP084  ITT
BRX084  ITT
BAH084  ITT
AT1084  ITT
ESR084  ITT
FNL084  ITT
GRE084  ITT
UNI084  ITT
ATP084  ITT
FRN084  ITT
BEL084  ITT
BRZ084  ITT
TST084  ITT
ATT084  ITT
ATT074  ITT
TIM074  ITT
BRX074  ITT
IRL074  ITT
DTL074  ITT
FGN074  ITT
ITT074  ITT
KRX074  ITT
IPC074  ITT
FRX074  ITT
KDD074  ITT
ESR074  ITT
UNI074  ITT
SG7074  ITT
SAF074  ITT
TYM074  ITT
VRS074  ITT
UD2074  ITT
UD1074  ITT
KOR074  ITT
SWX074  ITT
TWN074  ITT
AT7074  ITT
CLB074  ITT
SPA074  ITT
PR1074  ITT
TLX074  ITT
MNI074  ITT
POR074  ITT
ZSI074  ITT
HKG074  ITT
ZCI074  ITT
FFC074  ITT
BAH074  ITT
BDA074  ITT
AT1074  ITT
ARG074  ITT
AST074  ITT
SWE074  ITT
BEL074  ITT
ATP074  ITT
FRN074  ITT
LUX074  ITT
BRZ074  ITT
TIM064  ITT
SWI064  ITT
IRL064  ITT
FRX064  ITT
SWE064  ITT
FGN064  ITT
BEL064  ITT
TYM064  ITT
ESR064  ITT
TST064  ITT
ITT064  ITT
DTL064  ITT
SAF064  ITT
IP7064  ITT
SG7064  ITT
KRX064  ITT
VRS064  ITT
TWN064  ITT
CLB064  ITT
UD2064  ITT
UD1064  ITT
UNI064  ITT
KOR064  ITT
SWX064  ITT
PR1064  ITT
POR064  ITT
MNI064  ITT
KDD064  ITT
TLX064  ITT
SPA064  ITT
BDA064  ITT
BAH064  ITT
AT106

-TYPE ATP084.ITT
 2257614312484081323.8858 119762037157  0 0 85222011  0   61      675     297684
**0814 0.0739   0.1881 1 30  121900061;                  00005052254899990000003
**1069000615052310601      54      97      54     108       0       0       0   
**    01 214          
 22576 61713840814 0.5828 121172737141  0 0 85222506  0 1475 595     682684
**0814 0.7089   0.1261 1 30 40371509;                    00005052292899970000000
**0310615095052310600      27      68      27     115       0       0       0   
**    01 214          
 22122231443840814 0.9044 121758837145  0 0 85352122  0  493       59       1484
**0814 0.9050   0.000614110 9593UDTS2;                   00005052388200040000311
**0617001265052311000       0       0       0       0       0       0       0   
**    01 114          
 22122231443840814 0.9083 121765537145  0 0 85352122  0  493       59       1484
**0814 0.9092   0.000814110 9593UDTS2;                   00005052388200040000311
**0617001265052311000       0       0       0       0       0       0       0   
**    01 114          
 22122231443840814 0.9117 121771637145  0 0 85352122  0  493       58       1484
**0814 0.9122   0.000614110 9593UDTS2;                   00005052388200040000311
**0617001265052311000       0       0       0       0       0       0       0   
**    01 114          
 22122231443840814 0.9153 121778937145  0 0 85352122  0  493       58       1484
**0814 0.9158   0.000614110 9593UDTS2;                   00005052388200040000311
**0617001265052311000       0       0       0       0       0       0       0   
**    01 114          
 22122231443840814 0.9386 121821237146  0 0 85352122  0  493       60       1484
**0814 0.9392   0.000614110 9593UDTS2;                   00005052388200040000311
**0617001265052311000       0       0       0       0       0       0       0   
**    01 114          
 22576161236840814 0.9828 121895137141  0 0 85222601  0 1304      146     487184
**0814 1.1419   0.159212 2025019901304;                  00005052355899990000003
**1069013045052310601      24      55      24      93       0       0       0   
**    01 214          
 22576161236840814 1.1547 122206837150  0 0 85222601  0 1304       94     490684
**0814 1.2269   0.072212 2025019901304;                  00005052355899990000003
**1069013045052310601      17      49      17      89       0       0       0   
**    01 214          
 22576143124840814 1.1756 122242637145  0 0 85222011  0   61      200      97384
**0814 1.2122   0.0367 1 30  121900061;                  00005052254899990000003
**1069000615052310601       8      24       8      29       0       0       0   
**    01 214          
 22576161236840814 1.2378 122346637160  0 0 85222601  0 1304       32     156384
**0814 1.2553   0.017512 2025019901304;                  00005052355899990000003
**1069013045052310601       5      19       5      31       0       0       0   
**    01 214          
 22576143124840814 1.8344 123269737144  0 0 85222011  0   61      130      43984
**0814 1.8411   0.0067 1 30  121900061;                  00005052254899990000003
**1069000615052310601       0       0       0       0       0       0       0   
**    01 214          
 22122231443840814 1.9644 123451337143  0 0 85352122  0  493     2079      13484
**0814 1.9717   0.007214 30 9593UDTS2;                   00505228820024000000311
**0201001325052311000      20       8      48       8       0       0       0   
**    01 114          
 22576 61713840814 2.0686 123592937147  0 0 85222506  0 1475      800    2533484
**0814 2.7197   0.6511 1 30 40371509;                    00005052292899970000000
**0310615095052310600      48     224      47     412       0       0       0   
**    01 214          
 22576143124840814 3.9144 125695437153  0 0 85222011  0   61       92      14984
**0814 3.9178   0.0033 1 30  121900061;                  00005052254899990000003
**1069000615052310601       2       4       2       5       0       0       0   
**    01 214          
 22576 61713840814 6.1644 127545337153  0 0 85222506  0 1475     1778     850184
**0814 6.5622   0.3978 1 30 40371509;                    00005052292899970000000
**0310615095052310600      49      89      56     147       0       0       0   
**    01 214          
 2257615754084081422.7397 269054937141  0 0 85224133  0 5267       62       5684
**081422.7503   0.010612 3036317ITT.5052;                00005052388200000000003
**1060052675052310601       1       2       1       2       0       0       0   
**    01 214          
 2257615754084081422.7553 269093537141  0 0 85224133  0 5267       56       5684
**081422.7664   0.011112 3036317ITT.5052;                00

-TYPE FRN084.ITT
 2257636341784080212.7297 536957637157  0 0 82382667  0  832        4       5384
**080212.7447   0.015012 30142820832;                    00000000208103050000000
**0310608322081310601       1       2       1       2       0       0       0   
**    01 802          
 2257626173784080214.4397 540609937152  0 0 82382506  0 1475       88       4584
**080214.4536   0.013912 30142820051;                    00000000208103060000000
**0310600512081310600       3       4       3       4       0       0       0   
**    01 202          
 2257626173784080214.4564 540647037162  0 0 82382506  0 1475       88       4584
**080214.4897   0.033312 30142820051;                    00000000208103060000000
**0310600512081310600       3       4       3       4       0       0       0   
**    01 202          
 2257614546384080214.5203 540799637142  0 0 82382644  0 2307        7       4284
**080214.5261   0.005812 903665492002307;                00000000208103050000310
**6920023072081310601       3       2       3       2       0       0       0   
**    01 202          
 2257614546384080214.5575 540894137146  0 0 82382644  0 2307        6       4184
**080214.5647   0.007212 903665492002307;                00000000208103050000310
**6920023072081310601       3       2       3       2       0       0       0   
**    01 202          
 2257626173784080214.5675 540919537143  0 0 82382506  0 1475       88       4584
**080214.5703   0.002812 30142820051;                    00000000208103050000000
**0310600512081310600       3       4       3       4       0       0       0   
**    01 202          
 22576157510840809 7.7047 617538237157  0 0 82382274  0 1056        0       2084
**0809 7.7053   0.0006 1 9036317ITT.2081:.12;            00000000208100110000310
**6001056122081310601       1       2       1       2       0       0       0   
**    01 209          
 22576261737840810 9.6672 191633637210  0 0 82382506  0 1475       92       9484
**0810 9.6725   0.005312 30142820051;                    00000000208100110000000
**0310600512081310600       4       5       4       5       0       0       0   
**    01 210          
 2257615751084081011.2964 303748737163  0 0 82382024  0 1443        0       3384
**081011.2967   0.0003 111036317ITT.2081;                00000000208100110000003
**1060014432081310601       1       2       1       3       0       0       0   
**    01 210          
 2257615751084081312.0681 193272137164  0 0 82382024  0 1443        0       3384
**081312.0683   0.0003 111036317ITT.2081:.00;            00000000208100110000310
**6001443002081310601       1       2       1       2       0       0       0   
**    01 213          
 22576145463840813 8.5933 481979937172  0 0 82382644  0 2307        6       4184
**0813 8.5953   0.001912 903665492002307;                00000000208103060000310
**6920023072081310601       3       2       3       2       0       0       0   
**    01 213          
 2257615751084081411.5883 239147237146  0 0 8238 200261 1763       10       4384
**081411.5953   0.0069 1 3036317ITT.2081;                00000000208100110000003
**1060017632081310601       2       5       2       6       0       0       0   
**    01 214          
 2257615751084081412.1297 239720237166  0 0 8238 200261 1763       10       4384
**081412.1350   0.0053 1 3036317ITT.2081;                00000000208100110000003
**1060017632081310601       2       4       2       5       0       0       0   
**    01 214          
 2257626173784081413.4556 242092637143  0 0 82382506  0 1475       88       4584
**081413.4725   0.016912 30142820051;                    00000000208103060000000
**0310600512081310600       3       4       3       4       0       0       0   
**    01 214          
 2257614546384081413.4611 242105237147  0 0 82382644  0 2307       99       1984
**081413.4958   0.034712 303665492002307;                00000000208103050000310
**6920023072081310601      51       4      51       4       0       0       0   
**    01 214          
 2257614546384081413.5617 242351437166  0 0 82382644  0 2307       61       1984
**081413.5658   0.004212 303665492002307;                00000000208103060000310
**6920023072081310601      21       9      18       4       0       0       0   
**    01 214          
 2257614546384081413.6219 242501637166  0 0 82382644  0 2307        6       4184
**081413.6231   0.001112 903665492002307;                00000000208103060000310
**6920023072081310601       7       3       7       3       0       0       0   
**    01 214          
 2257614546384081413.8011 242961737171  0 0 82382644  0 2307        9       4484
**081413.8036   0.002512 903665492002307;                00000000208103050000310
**6920023072081310601       3       2       3       2       0       0       0   
**    01 214          
 2257636341784081611.1308 370894337154  0 0 82382316  0  832       75      21684
**081611.3450   0.2142 1 20142820832;                    00000000208100100000000
**0310608322081310601      22      11      22      11       0       0       0   
**    01 816          
 2257636341784081611.5081 371121137146  0 0 82382316  0  832       90      15084
**081611.5783   0.0703 1 30142820832;                    00000000208100110000000
**0310608322081310601      20      13      20      13       0       0       0   
**    01 816          
 22576  513184081612.9622 372871937151  0 0 82382673  0 2261       26       9484
**081612.9706   0.0083 1 3025019902261;                  00000000208100110000003
**1069022612081310601       5       4       5       5       0       0       0   
**    01 216          
 22576363417840816 7.4653 522218537170  0 0 82382316  0  832       52      14984
**0816 7.4753   0.0100 1 20142820832;                    00000000208100100000000
**0310608322081310601       8      10       8      10       0       0       0   
**    01 816          
 22576157510840820 8.7053 296553337151  0 0 82383050  0 3035      108      11584
**0820 8.7125   0.0072 1 3036317ITT.2081;                00000000208100110000003
**1060030352081310601       2       5       2       5       0       0       0   
**    01 220          
 22576157510840821 8.7386 348363337171  0 0 82382775  0 3063      126      39184
**0821 8.7461   0.0075 1 3036317ITT.2081;                00000000208100110000003
**1060030632081310601       4      10       3      11       0       0       0   
**    01 221          
 22576157510840828 7.5694 130534037172  0 0 82382167  0 1434       76       9684
**0828 7.5742   0.0047 1 3036317ITT.2081;                00000000208100110000003
**1060014342081310600       3       5       3       5       0       0       0   
**    01 228          

-FI *.WUI

PROGRE  WUI
AT7084  WUI
BDA084  WUI
SWI084  WUI
TNT084  WUI
IP7084  WUI
SWE084  WUI
NTH084  WUI
ZCW084  WUI
AST084  WUI
ISR084  WUI
THL084  WUI
CHL084  WUI
LAT084  WUI
DN7084  WUI
TEK084  WUI
TLG084  WUI
IX7084  WUI
IS7084  WUI
NX7084  WUI
ESR084  WUI
SX7084  WUI
NTX084  WUI
SG7084  WUI
TWN084  WUI
ZSW084  WUI
FRX084  WUI
KDD084  WUI
ITL084  WUI
HWI084  WUI
HKG084  WUI
FFC084  WUI
POR084  WUI
SPA084  WUI
MAN084  WUI
DXP084  WUI
BAH084  WUI
AT1084  WUI
TST084  WUI
PRU084  WUI
LAT074  WUI
TLG074  WUI
PRU074  WUI
ESR074  WUI
ISR074  WUI
THL074  WUI
DN7074  WUI
AT7074  WUI
IS7074  WUI
NX7074  WUI
SX7074  WUI
CHL074  WUI
NTX074  WUI
SWI074  WUI
SG7074  WUI
ZCW074  WUI
ZSW074  WUI
NTH074  WUI
SWE074  WUI
POR074  WUI
SPA074  WUI
TWN074  WUI
MAN074  WUI
HWI074  WUI
KDD074  WUI
FFC074  WUI
HKG074  WUI
BDA074  WUI
BAH074  WUI
AT1074  WUI
AST074  WUI
TEK074  WUI
TMG074  WUI
MCG074  WUI
HIW074  WUI
IX7074  WUI
ATT074  WUI
MCG064  WUI
PRU064  WUI
ATT064  WUI
IX7064  WUI
ESR064  WUI
NX7064  WUI
ISR064  WUI
THL064  WUI
CHL064  WUI
LAT064  WUI
DN7064  WUI
AT7064  WUI
IS7064  WUI
TLG064  WUI
SWE064  WUI
TST064  WUI
POR064  WUI
SPA064  WUI
NTH064  WUI
MAN064  WUI
SX706

-TYPE ISR084.WUI
 1114531612584080119.6842 210320737 51  0 0 81032714  0 1401        3       2184
**080119.6867   0.0025 1 3018925TNWI020US;               00000000000000000000000
**000000000   0   000       0       0       0       0       0       0       0   
**    01 101          
 1114531612584080119.6975 210363137 51  0 0 81032714  0 1401     2272     300584
**080119.7475   0.0500 1 2018925TNWI020US;               00310477114500410031102
**1200141003104311001       0       0       0       0      23     143      27   
**  1431 101          
 11145 5161384080120.4156 212618437 45  0 0 81032714  0 1401     1230     244184
**080120.7986   0.3831 1 2018925TNWI049US;               00310477114500370031102
**0200141753104311001       0       0       0       0      73      92      90   
**   921 101          
 1114534255284080121.0036 214423137 45  0 0 81032714  0 1401     1956    1530384
**080121.7389   0.7353 1 2018925TNWI033US;               00310477114500370000311
**0212000703104311001       0       0       0       0     241    1946     390   
** 19441 101          
 1114535746284080111.0658 294858737 54  0 0 81032141  0 2349       41      49084
**080111.0897   0.0239 1 2018925RSWI005MC;               00310601145000440000228
**4641101153106228401       0       0       0       0      10       4      11   
**    41 101          
 1114535746284080111.1364 294904737 54  0 0 81032141  0 2349       23      49484
**080111.1617   0.0253 1 2018925RSWI005MC;               00310601145000440000228
**4641101153106228401       0       0       0       0      10       4      11   
**    41 101          
 1114535746284080111.1722 294931537 54  0 0 81032141  0 2349       43      53384
**080111.1936   0.0214 1 2018925RSWI005MC;               00310601145000440000228
**4641101153106228401       0       0       0       0      11       4      13   
**    41 101          
 1114535746284080111.2014 294964937 54  0 0 81032141  0 2349       44      49384
**080111.2197   0.0183 1 2018925RSWI005MC;               00310601145000440000228
**4641101153106228401       0       0       0       0      10       4      11   
**    41 101          
 1114525552184080111.2711 295011737 46  0 0 81032011  0   61        0      28484
**080111.2731   0.0019 1 2018925LRWI001RS;               00310677114500380031060
**0006100003106310611       0       0       0       0       6       2       9   
**    21 201          
 1114524762584080111.2792 295018137 46  0 0 81032714  0 1401        8      29984
**080111.2831   0.0039 1 2018925TNWI001US;               00310477114500380031104
**1500048003104311001       0       0       0       0       6       2       9   
**    21 101          
 1114525552184080111.2919 295028537 46  0 0 81032011  0   61        0      28484
**080111.2939   0.0019 1 2018925LRWI001RS;               00310677114500380031060
**0006100003106310611       0       0       0       0       6       2       9   
**    21 201          
 1114515521384080111.3058 295037537 47  0 0 81032714  0 1401       51     204184
**080111.3594   0.0536 1 3018925TNWI107US;               00310477114500390031106
**0900042003104311001       0       0       0       0      24      

-FI *.WUO

NO FILES SATISFYING REQUEST

-FI *.WUI

PROGRE  WUI
AT7084  WUI
BDA084  WUI
SWI084  WUI
TNT084  WUI
IP7084  WUI
SWE084  WUI
NTH084  WUI
ZCW084  WUI
AST084  WUI
ISR084  WUI
THL084  WUI
CHL084  WUI
LAT084  WUI
DN7084  WUI
TEK084  WUI
TLG084  WUI
IX7084  WUI
IS7084  WUI
NX7084  WUI
ESR084  WUI
SX7084  WUI
NTX084  WUI
SG7084  WUI
TWN084  WUI
ZSW084  WUI
FRX084  WUI
KDD084  WUI
ITL084  WUI
HWI084  WUI
HKG084  WUI
FFC084  WUI
POR084  WUI
SPA084  WUI
MAN084  WUI
DXP084  WUI
BAH084  WUI
AT1084  WUI
TST084  WUI
PRU084  WUI
LAT074  WUI
TLG074  WUI
PRU074  WUI
ESR074  WUI
ISR074  WUI
THL074  WUI
DN7074  WUI
AT7074  WUI
IS7074  WUI
NX7074  WUI
SX7074  WUI
CHL074  WUI
NTX074  WUI
SWI074  WUI
SG7074  WUI
ZCW074  WUI
ZSW074  WUI
NTH074  WUI
SWE074  WUI
POR074  WUI
SPA074  WUI
TWN074  WUI
MAN074  WUI
HWI074  WUI
KDD074  WUI
FFC074  WUI
HKG074  WUI
BDA074  WUI
BAH074  WUI
AT1074  WUI
AST074  WUI
TEK074  WUI
TMG074  WUI
MCG074  WUI
HIW074  WUI
IX7074  WUI
ATT074  WUI
MCG064  WUI
PRU064  WUI
ATT064  WUI
IX7064  WUI
ESR064  WUI
NX7064  WUI
ISR064  WUI
THL064  WUI
CHL064  WUI
LAT064  WUI
DN7064  WUI
AT7064  WUI
IS7064  WUI
TLG064  WUI
SWE064  WUI
TST064  WUI
POR064  WUI
SPA064  WUI
NTH064  WUI
MAN064  WUI
S

-TYPE AT7084.WUI
 1215120714284080119.8119 210724637141  0 0  6022714  0 1401     1154       7284
**080119.8158   0.003914 20142680398;                    00005052388200030031106
**1700079005052311000      10       3      18       3       0       0       0   
**    01 101          
 1271411730584080119.8872 210953837143  0 0 14012151  0  602      625       6584
**080119.8917   0.004414 2014268WUI5052;                 00311061700079000000505
**2388200033110505200       6       3      10       3       0       0       0   
**    011101          
 1215120714284080120.0928 211584537141  0 0  6022714  0 1401      184     130984
**080120.0972   0.004412 20142680398;                    00000050530023310000311
**0617000745053311001       6      22       6      29       0       0       0   
**    01 101          
 1271411730584080120.7797 213756437142  0 0 14012151  0  602     1157       6584
**080120.7861   0.006414 2014268WUI5052;                 00311061700461000000505
**2388200013110505200      10       3      18       3       0       0       0   
**    011101          
 1215120714284080120.8744 214033137141  0 0  6022714  0 1401      356     967084
**080120.9942   0.119712 30142680398;                    00000050530023310000311
**0617000745053311001      29     134      29     200       0       0       0   
**    01 101          
 1211116170684080121.0972 214683937141  0 0  3982151  0  602       77       8484
**080121.1014   0.004212 3014268WUI5053;                 00311091000210030000005
**0530023313110505301       1       2       1       2       0       0       0   
**    011101          
 1215120714284080121.1911 214933737141  0 0  6022714  0 1401       93      13384
**080121.1939   0.0028 1 30142680398;                    00505302716000030000311
**0412000765053311001       3       3       3       3       0       0       0   
**    01 101          
 1215122007184080121.2264 215028837141  0 0  6023754  0 3592      136      28384
**080121.2336   0.0072 1 3036317WUI.5053:.48;            00505302716000070000310
**6003592485053310600       7      12       7      13       0       0       0   
**    01 201          
 1215120714284080121.3875 215458837141  0 0  6022714  0 1401      160    1346384
**080121.5247   0.1372 1 30142680398;                    00505302716000050000311
**0614002275053311001      11     190      11     276       0       0       0   
**    01 101          
 1215120714284080121.5536 215891437141  0 0  6022714  0 1401      676      56884
**080121.6208   0.0672 1 20142680398;                    00505302716000080000311
**0412000765053311001      56      24      56      26       0       0       0   
**    01 101          
 1215120714284080121.6819 216215737141  0 0  6022714  0 1401       99      11284
**080121.6842   0.002212 30142680398;                    00000050530023310000311
**0617000745053311001       1       2       1       2       0       0       0   
**    01 101          
 1215120714284080121.6933 216242837141  0 0  6022714  0 1401     1801       7484
**080121.7036   0.010314 30142680398;                    00000050530023310000311
**0617000745053311000      18       4      31       4       0       0       0   
**    01 101          
 1215120714284080121.6936 216243737142  0 0  6022714  0 1401     2398       7484
**080121.7069   0.013314 30142680398;                    00000050530023310000311
**0617000745053311000      22       4      40       4       0       0       0   
**    01 101          
 1215120714284080121.7067 216274937141  0 0  6022714  0 1401     2077       7484
**080121.7192   0.012514 30142680398;                    00000050530023310000311
**0617000745053311000      20       4      35       4       0       0       0   
**    01 101          
 1215120714284080121.7233 216315937141  0 0  6022714  0 1401      729       7484
**080121.7278   0.004414 30142680398;                    00000050530023310000311
**0617000745053311000      10       4      15       4       0       0       0   
**    01 101          
 1215120714284080121.7411 216363737141  0 0  6022714  0 1401      856       7484
**080121.7489   0.007814 30142680398;                    00000050530023310000311
**0617000745053311000      11       4      17       4       0       0       0   
**    01 101          
 1215120714284080121.7414 216364237142  0 0  6022714  0 1401     1098       7484
**080121.7508   0.009414 30142680398;                    00000050530023310000311
**0617000745053311000      12       4      20       4       0       0       0   
**    01 101          
 1215120714284080121.7603 216412737141  0 0  6022714  0 1401      818       7484
**080121.7647   0.004414 30142680398;                    00000050530023310000311
**0617000745053311000      10       4      16       4       0       0       0   
**    01 101          
 1215122007184080121.8958 216737837141  0 0  6023244  0 1873        0       3384
**080121.8964   0.00061211036317WUI.5053:.10;            00505302716000090000310
**6001873105053310601       1       3       1       3       0       0       0   
**    01 201          
 1215122007184080121.9072 216762537141  0 0  6023125  0   71       51       1484
**080121.9083   0.0011 111036317WUI.5053;                00505302716000090000003
**1060000715053310601       0       0       0       0       0       0       0   
**    01 201          
 1215122007184080121.9169 216785137141  0 0  6023125  0   71       51       1484
**080121.9181   0.0011 111036317WUI.5053;                00505302716000090000003
**1060000715053310601       0       0       0       0       0       0       0   
**    01 201          
 1215122007184080121.9278 216808037141  0 0  6023244  5 1873       67     195284
**080121.9933   0.065612 3036317WUI.5053:.02;            00

-TYPE BRX084.WUI

CAN NOT FIND FILE - BRX084.WUI

-FI BRX084.*

BRX084  ITT
BRX084  TNT

-TYPE BRX084.TNT
102576143124840814 8.7186 129089837142  0 0 84142011  0   61       95      42984
**0814 8.7214   0.002812 30  121900061;                  00206991243245000000003
**1069000612069310601       2       6       2       9       0       0       0   
**    01 214          
102576253053840814 9.2175 129379137174  0 0 84144322  0 5854      178      83084
**0814 9.2428   0.025312 3055557905854;                  00206932340893000000003
**1069058542069310601       8       7       8       7       0       0       0   
**    01 214          
102576143124840814 9.4892 129527537163  0 0 84142011  0   61      347     306184
**0814 9.5586   0.069412 30  121900061;                  00206910419386010000003
**1069000612069310601       0       0       0       0       0       0       0   
**    01 214          
102576143124840828 7.4858 130477737143  0 0 84142011  0   61      205     159084
**0828 7.5517   0.065812 30  121900061;                  00206934402928000000003
**1069000612069310601       8      45       8      48       0       0       0   
**    01 228          
102576161236840828 7.9147 130749537170  0 0 84142601  0 1304       30      12684
**0828 7.9253   0.010612 2025019901304;                  00206937775740000000003
**1069013042069310601       6       9       6      10       0       0       0   
**    01 228          
102576253053840828 7.9503 130772137205  0 0 84144322  0 5854      191     518584
**0828 8.0272   0.076912 3055557905854;                  00206932340893000000003
**1069058542069310601      10      45      10      82       0       0       0   
**    01 228          
102576143124840828 8.2267 130937937145  0 0 84142011  0   61      689     355684
**0828 8.3069   0.080312 30  121900061;                  00206956218837000000003
**1069000612069310601      94      82      81      91       0       0       0   
**    01 228          
102576143124840828 8.3219 130987637204  0 0 84142011  0   61      199      83984
**0828 8.3642   0.042212 30  121900061;                  00206956218837000000003
**1069000612069310601      10      25       9      27       0       0       0   
**    01 228          
102576143124840828 8.5806 131147137214  0 0 84142011  0   61      192      81384
**0828 8.6519   0.071412 30  121900061;                  00206922677709000000003
**1069000612069310601       8      27       8      29       0       0       0   
**    01 228          
102576143124840828 8.6622 131191237144  0 0 84142011  0   61      238     350784
**0828 8.7044   0.042212 30  121900061;                  00206922677709000000003
**1069000612069310601      11      55      11      75       0       0       0   
**    01 228     

-FI *.RCA

FILES   RCA
BDA084  RCA
TNT084  RCA
SPA084  RCA
ZCR084  RCA
IP7084  RCA
NZL084  RCA
AST084  RCA
ADP084  RCA
DLT084  RCA
TEK084  RCA
CSC084  RCA
UAE084  RCA
GUM084  RCA
UNI084  RCA
CMP084  RCA
AT7084  RCA
SWX084  RCA
IX7084  RCA
NTX084  RCA
SG7084  RCA
TWN084  RCA
FRX084  RCA
PR1084  RCA
POR084  RCA
SWI084  RCA
MNR084  RCA
KDD084  RCA
ITL084  RCA
HKG084  RCA
FFC084  RCA
DXP084  RCA
BAH084  RCA
AT1084  RCA
TYM084  RCA
GEL084  RCA
PUB084  RCA
ESR084  RCA
TST084  RCA
LEC084  RCA
CHL084  RCA
GEL074  RCA
GUM074  RCA
AT7074  RCA
PUB074  RCA
DLT074  RCA
IX7074  RCA
CSC074  RCA
TWN074  RCA
UAE074  RCA
NZL074  RCA
UNI074  RCA
CMP074  RCA
ADP074  RCA
SWX074  RCA
NTX074  RCA
SG7074  RCA
HKG074  RCA
ZCR074  RCA
BAH074  RCA
BDA074  RCA
SPA074  RCA
POR074  RCA
PR1074  RCA
MNR074  RCA
FFC074  RCA
KDD074  RCA
AT1074  RCA
AST074  RCA
TYM074  RCA
ESR074  RCA
LEC074  RCA
SWI074  RCA
TEK074  RCA
TTX074  RCA
TST074  RCA
GUM064  RCA
TYM064  RCA
PUB064  RCA
DLT064  RCA
NTX064  RCA
CSC064  RCA
UAE064  RCA
NZL064  RCA
UNI064  RCA
CMP064  RCA
AT7064  RCA
IX7064  RCA
SWX064  RCA
ADP064  RCA
SPA064  RCA
ZCR064  RCA


-TYPE ADP084.RCA
 3213611136584080120.5975 213206137141  0 0 12552135  0 2108       96      74984
**080120.6189   0.021412 301473831133126RCA;             00234221700568000031263
**1325000002342312611       5      49       4      49       0       0       0   
**    011101          
 3213611136584080111.2619 295006837156  0 0 12552135  0 2108      103     204984
**080111.3044   0.042512 301473831133126RCA;             00234221600401000000031
**2631322002342312611       6      96       5      98       0       0       0   
**    011101          
 3213611136584080111.6822 295317237150  0 0 12552135  0 2108      145     628484
**080111.7819   0.099712 301473831133126RCA;             00242269990002830000000
**3126414112422312611      12     242      11     250       0       0       0   
**    011101          
 3213611136584080112.0656 295691737160  0 0 15812135  0 2108      120     642484
**080112.1344   0.0689 1 301473831133126RCA;             00204402002000020000031
**2631322002044312611       9     260       8     273       0       0       0   
**    011101          
 3213611136584080112.2667 295971837154  0 0  4152135  0 2108      150    1618084
**080112.4086   0.1419 1 301473831133126RCA;             00000933511718520031263
**1322000009335312611      10     549      10     578       0       0       0   
**    011101          
 3213611136584080112.3192 296044437146  0 0 12552135  0 2108     1616    7676884
**080113.1753   0.856112 301473831133126RCA;             00234219302410000000000
**3126404122342312611     185    3066     184    3150       0       0       0   
**    011101          
 3213611136584080112.6783 296591537201  0 0 12552135  0 2108      243     252784
**080112.7683   0.090012 301473831133126RCA;             00234221600401000000031
**2631322002342312611      19     129      18     132       0       0       0   
**    011101          
 3213611136584080112.9039 296974037160  0 0  4152135  0 2108      224    2523284
**080113.1889   0.285012 301473831133126RCA;             00000933513319560031263
**1322000009335312611      14     891      14     930       0       0       0   
**    011101          
 3213611136584080112.9931 297134237150  0 0  4152135  0 2108      112     669684
**080113.0667   0.0736 1 301473831133126RCA;             00000933511704310031263
**1322000009335312611       7     248       6     255       0       0       0   
**    011101          
 3213611136584080113.3686 297905937147  0 0 12552135  0 2108       64       5684
**080113.3711   0.002512 301473831133126RCA;             00234231500404000000000
**3126312202342312611       1       5       0       5       0       0       0   
**    011101          
 3213611136584080113.4908 298166137210  0 0 12552135  0 2108      103     191084
**080113.5181   0.027212 301473831133126RCA;             00272110000014010000312
**6313220002721312611       6      85       5      87       0       0       0   
**    011101          
 3213611136584080113.7647 298759737173  0 0 12552135  0 2108       83      31484
**080113.7728   0.008112 301473831133126RCA;             00234218701744000000312
**6213877502342312611       4      24       3      24       0       0       0   
**    011101          
 3213611136584080113.8533 298948137164  0 0 12552135  0 2108      609    1485584
**080114.2231   0.369712 301473831133126RCA;             00002342192001190000003
**1266171302342312611      52    1372      49    1372       0       0       0   
**    011101          
 3213611136584080114.0383 299364437152  0 0 12552135  0 2108      329     231384
**080114.1158   0.077512 301473831133126RCA;             00234231500404000000003
**1263132202342312611      20     138      19     140       0       0       0   
**    011101          
 3213611136584080114.2700 299930937170  0 0  4152135  0 2108      128     360884
**080114.3092   0.0392 1 301473831133126RCA;             00000933511718520031263
**1322000009335312611       8     125       8     131       0       0       0   
**    011101          
 3213611136584080114.3983 300264637147  0 0 12552135  0 2108      113     781984
**080114.4967   0.098312 301473831133126RCA;             00234110000021060000031
**2631322002341312611       8     281       7     294       0       0       0   
**    011101          
 3213611136584080114.8561 301423537170  0 0 12552135  0 2108      481    2856084
**080115.2650   0.408912 301473831133126RCA;             00002342192001190000003
**1266171302342312611      49    1534      48    1549       0       0       0   
**    011101          
 3213611136584080115.0608 301977537151  0 0 12552135  0 2108      101      24184
**080115.1217   0.060812 301473831133126RCA;             00234224500402000000003
**1263132202342312611       

-FI *.RCA

FILES   RCA
BDA084  RCA
TNT084  RCA
SPA084  RCA
ZCR084  RCA
IP7084  RCA
NZL084  RCA
AST084  RCA
ADP084  RCA
DLT084  RCA
TEK084  RCA
CSC084  RCA
UAE084  RCA
GUM084  RCA
UNI084  RCA
CMP084  RCA
AT7084  RCA
SWX084  RCA
IX7084  RCA
NTX084  RCA
SG7084  RCA
TWN084  RCA
FRX084  RCA
PR1084  RCA
POR084  RCA
SWI084  RCA
MNR084  RCA
KDD084  RCA
ITL084  RCA
HKG084  RCA
FFC084  RCA
DXP084  RCA
BAH084  RCA
AT1084  RCA
TYM084  RCA
GEL084  RCA
PUB084  RCA
ESR084  RCA
TST084  RCA
LEC084  RCA
CHL084  RCA
GEL074  RCA
GUM074  RCA
AT7074  RCA
PUB074  RCA
DLT074  RCA
IX7074  RCA
CSC074  RCA
TWN074  RCA
UAE074  RCA
NZL074  RCA
UNI074  RCA
CMP074  RCA
ADP074  RCA
SWX074  RCA
NTX074  RCA
SG7074  RCA
HKG074  RCA
ZCR074  RCA
BAH074  RCA
BDA074  RCA
SPA074  RCA
POR074  RCA
PR1074  RCA
MNR074  RCA
FFC074  RCA
KDD074  RCA
AT1074  RCA
AST074  RCA
TYM074  RCA
ESR074  RCA
LEC074  RCA
SWI074  RCA
TEK074  RCA
TTX074  RCA
TST074  RCA
GUM064  RCA
TYM064  RCA
PUB064  RCA
DLT064  RCA
NTX064  RCA
CSC064  RCA
UAE064  RCA
NZL064  RCA
UNI064  RCA
CMP064  RCA
AT7064  RCA
IX7064  RCA
SWX064  RCA
ADP064  RCA
SPA064  RCA
ZCR064  RCA
PR1064  RCA
POR064  RCA
MNR064  RCA
SG7064  RCA
TWN064  RCA
KDD064  RCA
TST064  RCA
BDA064  RCA
BAH064  RCA
HKG064  RCA
AT1064  RCA
AST064  RCA
FFC064  RCA
ESR064  RCA
VEN064  RCA
SWI064  RCA
LEC064  RCA
OTB113  RCA
OTB083  RCA
OTB073  RCA
OTB063  RCA
OTB053  RCA
OTB043  RCA
OTB033  RCA
OTB023  RCA
OTB013  RCA
OTB122  RCA
RCA123  RCA
GUP103  RCA
RCA103  RCA
GUP093  RCA
RCA093  RCA
UAP083  RCA
RCA083  RCA
GUP113  RCA
UAP113  RCA
RCA113  RCA
GUP053  RCA
UAP053  R

-TYPE LEC084.RCA
 3213411406384080214.2939 540258237151 42 0 83062136  0 2452       42      78384
**080214.3167   0.022812 3014738LECROY;                  00310602134001050000022
**8468114123106228401       0       0       0       0      13       6      16   
**    51 102          
 3213411406384080214.4839 540712437150 42 0 83062136  0 2452      230     505384
**080214.5919   0.108112 3014738LECROY;                  00310602134001040000022
**8468114123106228401       0       0       0       0      79      32     114   
**   321 102          
 3213411406384080215.4589 543328837145 42 0 83062136  0 2452      197     160684
**080215.4975   0.038612 3014738LECROY;                  00310602134001010000022
**8468114123106228401       0       0       0       0      36      30      45   
**   291 102          
 3213411406384080215.7158 544107237146 42 0 83062136  0 2452     1153    2721284
**080216.1011   0.385312 3014738LECROY;                  00310602134001020000022
**8468114123106228401       0       0       0       0     364     204     568   
**  2031 102          
 3213411406384080216.1050 545266237141 42 0 83062136  0 2452      350     818084
**080216.2297   0.124712 3014738LECROY;                  00310602134000970000022
**8468114123106228401       0       0       0       0     120      56     175   
**   561 102          
 3213411406384080718.0258 122997037144 42 0 83062136  0 2452       12       7184
**080718.0283   0.00251211014738LECROY;                  00000000000000000000000
**000000000   0   001       0       0       0       0       0       0       0   
**    01 107          
 3213411406384080718.0308 123013037144 42 0 83062136  0 2452       12       7184
**080718.0328   0.00191211014738LECROY;                  00000000000000000000000
**000000000   0   001       0       0       0       0       0       0       0   
**    01 107          
 3213411406384080718.0369 123028937144 42 0 83062136  0 2452       12       7184
**080718.0392   0.00221211014738LECROY;                  00000000000000000000000
**000000000   0   001       0       0       0       0       0       0       0   
**    01 107          
 3213411406384080720.6758 131369837144 42 0 83062136  0 2452       12       7184
**080720.6781   0.00221211014738LECROY;                  00000000000000000000000
**000000000   0   001       0       0       0       0       0       0       0   
**    01 107          
 3213411406384080720.6794 131379837144 42 0 83062136  0 2452       12       7184
**080720.6847   0.00531211014738LECROY;                  00000000000000000000000
**000000000   0   001       0       0       0       0       0       0       0   
**    01 107          
 3213411406384080720.8189 131798237146 42 0 83062136  0 2452        7       7184
**080720.8200   0.00111211014738LECROY;                  00000000000000000000000
**000000000   0   001       0       0       0       0       0       0       0   
**    01 107          
 3213411406384080814.6350 583337937143 42 0 83062136  0 2452       26      11384
**080814.6439   0.00891211014738LECROY;                  00000000000000000000000
**000000000   0   001       0       0       0       0       0       0       0   
**    01 108          
 3213411406384080814.6456 583366437143 42 0 83062136  0 2452       12       7184
**080814.6489   0.00331211014738LECROY;                  00000000000000000000000
**000000000   0   001       0       0       0       0       0       0       0   
**    01 108          
 3213411406384080814.6503 583379037143 42 0 83062136  0 2452       12       7184
**080814.6531   0.00281211014738LECROY;                  00000000000000000000000
**000000000   0   001       0       0       0       0       0       0       0   
**    01 108          
 3213411406384081012.6328 305194737145 42 0 83062136  0 2452       12       7184
**081012.6347   0.00191211014738LECROY;                  00000000000000000000000
**000000000   0   001       0       0       0       0       0       0       0   
**    01 110          
 3213411406384081012.6403 305206137145 42 0 83062136  0 2452       12       7184
**081012.6428   0.00251211014738LECROY;                  000000000

-FI *.RCA

FILES   RCA
BDA084  RCA
TNT084  RCA
SPA084  RCA
ZCR084  RCA
IP7084  RCA
NZL084  RCA
AST084  RCA
ADP084  RCA
DLT084  RCA
TEK084  RCA
CSC084  RCA
UAE084  RCA
GUM084  RCA
UNI084  RCA
CMP084  RCA
AT7084  RCA
SWX084  RCA
IX7084  RCA
NTX084  RCA
SG7084  RCA
TWN084  RCA
FRX084  RCA
PR1084  RCA
POR084  RCA
SWI084  RCA
MNR084  RCA
KDD084  RCA
ITL084  RCA
HKG084  RCA
FFC084  RCA
DXP084  RCA
BAH084  RCA
AT1084  RCA
TYM084  RCA
GEL084  RCA
PUB084  RCA
ESR084  RCA
TST084  RCA
LEC084  RCA
CHL084  RCA
GEL074  RCA
GUM074  RCA
AT7074  RCA
PUB074  RCA
DLT074  RCA
IX7074  RCA
CSC074  RCA
TWN074  RCA
UAE074  RCA
NZL074  RCA
UNI074  RCA
CMP074  RCA
ADP074  RCA
SWX074  RCA
NTX074  RCA
SG7074  RCA
HKG074  RCA
ZCR074  RCA
BAH074  RCA
BDA074  RCA
SPA074  RCA
POR074  RCA
PR1074  RCA
MNR074  RCA
FFC074  RCA
KDD074  RCA
AT1074  RCA
AST074  RCA
TYM074  RCA
ESR074  RCA
LEC074  RCA
SWI074  RCA
TEK074  RCA
TTX074  RCA
TST074  RCA
GUM064  RCA
TYM064  RCA
PUB064  RCA
DLT064  RCA
NTX064  RCA
CSC064  RCA
UAE064  RCA
NZL064  RCA
UNI064  RCA
CMP064  RCA
AT7064  RCA
IX7064  RCA
SWX064  RCA
ADP064  RCA
SPA064  RCA
ZCR064  RCA

-TYPE DLT084.RCA
 3213426770684080114.1639 299662237145 64 0 83073051  0 1508       44     317184
**080114.3339   0.1700 1 30 9593INFOCASH;                00000031067181870000310
**6150800003106310611       0       0       0       0      98       7      98   
**    71 201          
 32134166677840801 1.2442 527215637144 66 0 8307 631 22  744       70      64384
**0801 1.2881   0.0439 1 3014738ESROVIARCA;              00000000000000000000000
**000000000   0   000       0       0       0       0       0       0       0   
**    01 101          
 32134166677840801 2.6211 528989537147 66 0 8307 631 22  744      123     102484
**0801 2.7672   0.1461 1 3014738ESROVIARCA;              00000000000000000000000
**000000000   0   000       0       0       0       0       0       0       0   
**    01 101          
 32134166677840801 2.8428 529210737144 66 0 8307 631 22  744       20      32184
**0801 2.8858   0.0431 1 3014738ESROVIARCA;              00000000000000000000000
**000000000   0   000       0       0       0       0       0       0       0   
**    01 101          
 32134166677840801 2.9122 529281637144 72 0 8307 631 22  744      258      77384
**0801 3.0336   0.1214 1 3014738ESROVIARCA;              00000000000000000000000
**000000000   0   000       0       0       0       0       0       0       0   
**    01 101          
 32134267706840801 6.1636 531883637146 74 0 83073051  0 1508       88     443584
**0801 6.3894   0.2258 1 30 9593INFOCASH;                00000031067181870000310
**6150800003106310611       0       0       0       0     146      14     146   
**   141 201          
 32134166677840802 0.3725 221890337146 70 0 8307 631 22  744      561     247284
**0802 0.6328   0.2603 1 2014738ESROVIARCA;              00000000000000000000000
**000000000   0   000       0       0       0       0       0       0       0   
**    01 102          
 32134267706840802 6.3142 228313237153 65 0 83073051  0 1508       35     172784
**0802 6.4167   0.1025 1 30 9593INFOCASH;                00000031067181870000310
**6150800003106310611       0       0       0       0      65       7      65   
**    71 202          
 32134166677840802 9.16

-TYP TWN084.RCA
 3126722131384080111.0683 294860936 10  0 0    02134  0  395     4833     220084
**080111.2631   0.194712 2023178GTET068RAI;              00310601267000080000311
**0212001413106311000       0       0       0       0      72     276      77   
**  2751 101          
 3126722131384080111.3017 295035236 10  0 0    02134  0  395      257      68284
**080111.3222   0.020612 2023178GTET068RAI;              00310601267000080000311
**0212001413106311000       0       0       0       0      21      23      20   
**   201 101          
 31267221313840801 0.0733 525244636 10  0 0    02134  0  395       50    1100284
**0801 0.1269   0.053612 2023178GTET068RAI;              00310601267000080000311
**0212001413106311000       0       0       0       0     111      15     193   
**   121 101          
 31267221313840801 0.1331 525356836 10  0 0    02134  0  395       51     106784
**0801 0.1525   0.019412 2023178GTET068RAI;              00310601267000080000311
**0212001413106311000       0       0       0       0      21      10      24   
**    71 101          
 31267221313840801 0.1650 525419736 10  0 0    02134  0  395       50     910184
**0801 0.2286   0.063612 2023178GTET068RAI;              00310601267000080000311
**0212001413106311000       0       0       0       0      90      13     157   
**   101 101          
 31267311713840801 0.4981 525998036102  0 0    02011  0 2657      214   14328384
**0801 2.3283   1.8303 1 2023178ANTP024QAN;              00310677126700660000310
**6002657003106310611       0       0       0       0    1303     199    2415   
**  1991 201          
 31267221313840801 1.3664 527394536 10  0 0    02134  0  395      218     769384
**0801 1.4583   0.091912 2023178GTET068RAI;              00310601267000080031103
**1200065003106311000       0       0       0       0     118      96     171   
**   931 101          
 31267221313840801 5.4947 531409936 10  0 0    02134  0  395       33      53184
**0801 5.5033   0.008612 2023178GTET068RAI;              00310601267000080000311
**0212001413106311000       0       0       0       0      13       6      11   
**    31 101          
 31267221313840801 5.5053 531418936 10  0 0    02134  0  395       53      61584
**0801 5.5183   0.013112 2023178GTET068RAI;              00310601267000080000311
**0212001413106311000       0       0       0       0      17      10      13   
**    51 101          
 31267221061840801 5.7925 531633736116  0 0    02134  0  395      276     352784
**0801 5.9153   0.1228 1 2023178TOTP085RSA;              00310601267000780031104
**1500020003106311000       0       0       0       0      80      19      98   
**   161 101          
 31267221061840801 6.6094 532179636116  0 0    02134  0  395      201     170784
**0

-FI

GAT3    TBA
X       TBA
X       REL
X
INTACC  LST
DELETE  BET
INTL    TBL
HWI074  DME
HWI074  DMS
INTFMT  DMD
DEB     TES
GATHER  SHR
GATHER  REL
R3B08   DDM
R3T08   DDM
R2A08   DDM
R2B08   DDM
R2T08   DDM
R3A08   DDM
GATHIN
GATHER  DMD
GATHER  DMS
GATHER  OUT
IRCCOM  AG3
IRCCOM  AG2
PRIWUI  AUG
PRITRT  AUG
PRITLG  AUG
PRIRCA  AUG
PRIITT  AUG
PRIFTC  AUG
IRCCOM  AG1
NODWUI  AUG
NODTRT  AUG
NODTLG  AUG
NODITT  AUG
NODFTC  AUG
DIRECT  DIR
IRCCOM  AUG
IN0884  BAC
TRT     BAT
WUI     BAT
TLG     BAT
RCA     BAT
ITT     BAT
FTC     BAT
NODRCA  AUG
FILES   FTC
FILES   RCA
003TEL  OUT
003TEL  COM
005TEL  COM
005TEL  OUT
PROGRE  ITT
PROGRE  TLG
PROGRE  WUI
ALL08D  TL1
CHAR84  AUG
PRICE   RPT
HOST    RPT
NODE    RPT
SERVIC  RPT
SERV    RPT
NOBIL4  AUG
IRCINV  AUG
VRS074  DME
BILCOM  AUG
LONG    AUG
MISSED  AUG
DOMESC  AUG
BILSUM  AUG
BILX22  AUG
IRC34   AUG
DDM084  DDM
DOM084  DOM
UD2084  ITT
IP7084  OTC
DP2084  TLG
AT1084  OTC
ATT084  OTC
CSR084  TRT
BDA084  RCA
BDA084  ITT
IRC33   AUG
BDA084  TRT
AT7084  WUI
BDA084  WUI
AST084  TRT
TNT084  RCA
SPA084  RCA
ZCR084  RCA
UD1084  ITT
AST084  AST
IP7084  RCA
SPA084  SPA
ESR084  ESR
NEC084  TYM
BRP084  TYM
NZL084  RCA
CAY084  FTC
CII084  CII
IRC32   AUG
SWI084  WUI
TNT084  WUI
PNM084  TRT
TR7084  TRT
IP7084  WUI
TNT084  TRT
SWE084  WUI
AST084  RCA
ADP084  RCA
NTH084  WUI
TNT084  ITT
AST084  ITT
ZCW084  WUI
ARG084  ITT
PHL084  PHL
AST084  WUI
TR7084  TR7
TST084  AST
TST084  SPA
IRC31   AUG
AT7084  OTC
IRL084  TNT
TYM084  TNT
CHL084  TNT
IP7084  TNT
AST084  TNT
BGT084  TYM
TEK084  FTC
TMG084  FTC
SWE084  TNT
FRX084  FTC
IT7084  FTC
TST084  FTC
TNT084  FTC
ZSF084  FTC
IP7084  TRT
TST084  TRT
TLX084  FTC
CSC084  TRT
WBK084  TRT
BHA084  TRT
AT7084  TRT
AT1084  TRT
TT1084  TLG
ITL084  TLG
DLT084  RCA
TEK084  RCA
POR084  TRT
ITL084  TRT
DXP084  TRT
BAH084  TRT
CSC084  RCA
UAE084  RCA
GUM084  RCA
UNI084  RCA
CMP084  RCA
AT7084  RCA
SWX084  RCA
IX7084  RCA
NTX084  RCA
SG7084  RCA
TWN084  RCA
FRX084  RCA
PR1084  RCA
POR084  RCA
SWI084  RCA
MNR084  RCA
KDD084  RCA
ITL084  RCA
HKG084  RCA
FFC084  RCA
INS084  ITT
DXP084  RCA
BAH084  RCA
AT1084  RCA
DTL084  ITT
TEK084  ITT
KOR084  ITT
AT7084  ITT
SWX084  ITT
IP7084  ITT
IT7084  ITT
SG7084  ITT
IPC084  ITT
LUX084  ITT
FGN084  ITT
SAF084  ITT
ITT084  ITT
TYM084  ITT
KRX084  ITT
IRL084  ITT
CLB084  ITT
POR084  ITT
MNI084  ITT
KDD084  ITT
ITL084  ITT
ZSI084  ITT
ZCI084  ITT
FRX084  ITT
TWN084  ITT
HKG084  ITT
SWE084  ITT
TLX084  ITT
SPA084  ITT
PR1084  ITT
ISR084  WUI
THL084 

-FI *.TRT

CSR084  TRT
BDA084  TRT
AST084  TRT
PNM084  TRT
TR7084  TRT
TNT084  TRT
IP7084  TRT
TST084  TRT
CSC084  TRT
WBK084  TRT
BHA084  TRT
AT7084  TRT
AT1084  TRT
POR084  TRT
ITL084  TRT
DXP084  TRT
BAH084  TRT
TEK084  TRT
ESR084  TRT
FRX084  TRT
ZST084  TRT
CSC074  TRT
TNT074  TRT
DXP074  TRT
AT7074  TRT
BHA074  TRT
PNM074  TRT
IP7074  TRT
POR074  TRT
BDA074  TRT
BAH074  TRT
AST074  TRT
AT1074  TRT
TST074  TRT
WBK074  TRT
CSR074  TRT
TR7074  TRT
ZST074  TRT
TEK074  TRT
GTM074  TRT
FRX074  TRT
ESR074  TRT
CSC064  TRT
ZST064  TRT
POR064  TRT
PNM064  TRT
CSR064  TRT
BHA064  TRT
TR7064  TRT
AT7064  TRT
TST064  TRT
FRX064  TRT
BDA064  TRT
BAH064  TRT
AT1064  TRT
AST064  TRT
WBK064  TRT
GTM064  TRT
ESR064  TRT
AT1034  TRT
AT7034  TRT
BDA014  TRT
O8A253  TRT
O8B253  TRT
BHA123  TRT
POR123  TRT

-

-TYPE ZST064.TRT
 5257513546784060117.9992 202642436145 24 0181132575  0 2636       24      11084
**060118.0456   0.0464 1 3020387TRT2636;                 00311902575000050000000
**0000033333119333310       0       0       0       0      16       7      12   
**    41 101          
 52575 5763684060417.1639 135522636151 24 0181132307  0 1819       41      75584
**060417.2353   0.0714 1 3014282INTLTMCS;                00000000000000000000000
**000000000   0   000       0       0       0       0       0       0       0   
**    011004          
 5257513546784060422.0825 150414936141 24 0181132575  0 2636       49      18484
**060422.0942   0.0117 1 2020387TRT2636;                 00311902575000010000000
**0000022223119222210       0       0       0       0      22      10      20   
**    91 104          
 5257513546784060422.1006 150455036141 24 0181132575  0 2636       32      30184
**060422.1183   0.0178 1 2020387TRT2636;                 00311902575000010000000
**0000022223119222210       0       0       0       0      41       7      39   
**    61 104          
 5257513546784060422.1236 150509236141 24 0181132575  0 2636       32      22984
**060422.1367   0.0131 1 2020387TRT2636;                 00311902575000010000000
**0000022223119222210       0       0       0       0      29       7      27   
**    61 104          
 5257513546784060422.1425 150549136141 24 0181132575  0 2636       78      18884
**060422.2072   0.0647 1 2020387TRT2636;                 00311902575000010000000
**0000222223119222210       0       0       0       0      27      11      25   
**   101 104          
 5257513546784060422.5286 151356936141 24 0181132575  0 2636      156      33384
**060422.5678   0.0392 1 2020387TRT2636;                 00311902575000010000000
**0000002223119 22210       0       0       0       0      48      16      46   
**   151 104          
 5257513546784060513.2936 247289536164 24 0181132575  0 2636       30      24184
**060513.3081   0.0144 1 2020387TRT2636;                 00311902575000200000000
**0000002223119 22210       0       0       0       0      31       6      29   
**    51 105          
 5257513546784060513.3125 247335536145 24 0181132575  0 2636       48      14284
**060513.3317   0.0192 1 2020387TRT2636;                 00311902575000050000000
**0000000223119  2210       0       0       0       0      16      11      14   
**   101 105          
 5257513546784060513.3850 247494536152 24 0181132575  0 2636       24      75984
**060513.4278   0.0428 1 2020387TRT2636;                 00311902575000100000000
**0000000223119  2210       0       0       0       0     119       5     117   
**    41 105          
 5257513546784060513.6450 248119536143 24 0181132575  0 2636      146      16384
**060513.7172   0.0722 1 3020387TRT2636;                 00311902575000030000000
**0000000223119  2210       0       0       0       0      17      30      14   
**   281 105          
 5257513546784060513.7508 248375236145 24 0181132575  0 2636       25      19584
**060513.7672   0.0164 1 3020387TRT2636;                 00311902575000050000000
**0000000223119  2210       0

-FI *>\>\.TRT

CSR084  TRT
BDA084  TRT
AST084  TRT
PNM084  TRT
TR7084  TRT
TNT084  TRT
IP7084  TRT
TST084  TRT
CSC084  TRT
WBK084  TRT
BHA084  TRT
AT7084  TRT
AT1084  TRT
POR084  TRT
ITL084  TRT
DXP084  TRT
BAH084  TRT
TEK084  TRT
ESR084  TRT
FRX084  TRT
ZST084  TRT
CSC074  TRT
TNT074  TRT
DXP074  TRT
AT7074  TRT
BHA074  TRT
PNM074  TRT
IP7074  TRT
POR074  TRT
BDA074  TRT
BAH074  TRT
AST074  TRT
AT1074  TRT
TST074  TRT
WBK074  TRT
CSR074  TRT
TR7074  TRT
ZST074  TRT
TEK074  TRT
GTM074  TRT
FRX074  TRT
ESR074  TRT
CSC064  TRT
ZST064  TRT
POR064  TRT
PNM064  TRT
CSR064  TRT
BHA064  TRT
TR7064  TRT
AT7064  TRT
TST064  TRT
FRX064  TRT
BDA064  TRT
BAH064  TRT
AT1064  TRT
AST064  TRT
WBK064  TRT
GTM064  TRT
ESR064  TRT
AT1034  TRT
AT7034  TRT
BDA014  TRT
O8A253  TRT
O8B253  TRT
BHA123  TRT
POR123  TRT

-

-TYPE WBK084.TRT
 5257516336484080616.3539 272198037143  0 0 42162575  0 4028       56       4684
**080616.3619   0.008112 2036317TRT.9335:.00;            00000933512516360000311
**9004028009335311900       1       1       1       1       0       0       0   
**    011106          
 5257516336484080616.3906 272287337142  0 0 42162575  0 4028       56       4684
**080616.3983   0.007812 2036317TRT.9335:.00;            00000933512516360000311
**9004028009335311900       1       1       1       1       0       0       0   
**    011106          
 5254524124484080718.9708 125950616 60 56 4 20762575  0 4028        9      95984
**080718.9878   0.0169 1 30203874028TEST;                00311902545005600000000
**0000000113119  1110       0       0       0       0      13       5      20   
**    50 307          
 5254424124484080718.9989 126039616 13 23 4 20802575  0 4028       51     349184
**080719.0483   0.0494 1 20203874028TEST;                00311902544007790000000
**0000000993119  9910       0       0       0       0      37       7      67   
**    70 307          
 5254424124484080719.0522 126207716350 23 4 20802575  0 4028        9      57584
**080719.0614   0.0092 1 20203874028TEST;                00311902544007440000000
**0000000003119   010       0       0       0       0       7       4      11   
**    40 307          
 5254424124484080719.0669 126253916340 23 4 20802575  0 4028       35      43684
**080719.0769   0.0100 1 20203874028TEST;                00311902544007360000000
**0000099993119999910       0       0       0       0       6       4       9   
**    40 307          
 5254424124484080719.0803 126295416333 23 4 20802575  0 4028       14       7984
**080719.0881   0.0078 1 20203874028TEST;                00311902544007310000000
**0000000003119   010       0       0       0       0       1       8       0   
**    80 307          
 5254424124484080719.0967 126345416320 23 4 20802575  0 4028       22       9784
**080719.1019   0.0053 1 20203874028TEST;                00311902544007200000000
**0000009993119 99910       0       0       0       0       2       3       2   
**    30 307          
 5254524124484080719.2672 126869616216 27 4 20762575  0 4028       52      79384
**080719.3028   0.0356 1 20203874028TEST;                00311902545006540000000
**0000000993119  9910       0       0       0       0      11       6      17   
**    60 307          
 5254524124484080719.3072 126992516163 27 4 20762575  0 4028        3       7984
**080719.3164   0.0092 1 20203874028TEST;                00311902545006270000000
**0000000003119   010       0       0       0       0       1       0       0   
**    00 307          
 5254524124484080719.3244 127046316144 27 4 20762575  0 4028        5       7984
**080719.3328   0.0083 1 20203874028TEST;                00311902545006120000000
**0000000003119   010       0       0       0       0       1       2       0   
**    20 307          
 5254524124484080719.3422 127095516134 27 4 20762575  0 4028       21      42784
**080719.4342   0.0919 1 20203874028TEST;                00311902545006040000000
**0000000993119  9910       0       0       0       0       5       3       8   
**

-FI *>\>\.TRT

CSR084  TRT
BDA084  TRT
AST084  TRT
PNM084  TRT
TR7084  TRT
TNT084  TRT
IP7084  TRT
TST084  TRT
CSC084  TRT
WBK084  TRT
BHA084  TRT
AT7084  TRT
AT1084  TRT
POR084  TRT
ITL084  TRT
DXP084  TRT
BAH084  TRT
TEK084  TRT
ESR084  TRT
FRX084  TRT
ZST084  TRT
CSC074  TRT
TNT074  TRT
DXP074  TRT
AT7074  TRT
BHA074  TRT
PNM074  TRT
IP7074  TRT
POR074  TRT
BDA074  TRT
BAH074  TRT
AST074  TRT
AT1074  TRT
TST074  TRT
WBK074  TRT
CSR074  TRT
TR7074  TRT
ZST074  TRT
TEK074  TRT
GTM074  TRT
FRX074  TRT
ESR074  TRT
CSC064  TRT
ZST064  TRT
POR064  TRT
PNM064  TRT
CSR064  TRT
BHA064  TRT
TR7064  TRT
AT7064  TRT
TST064  TRT
FRX064  TRT
BDA064  TRT
BAH064  TRT
AT1064  TRT
AST064  TRT
WBK064  TRT
GTM064  TRT
ESR064  TRT
AT1034  TRT
AT7034  TRT
BDA014  TRT
O8A253  TRT
O8B253  TRT
BHA123  TRT
POR123  TRT

-
-

-TYPE PNM084.TRT
 53773 2340084080119.6447 210159136320  6 0 36342575  0  290      440    1236784
**080120.0194   0.3747 1 3053319AXPE067507;              00310603773002080031107
**0300063003106311001       0       0       0       0     739      68     739   
**   681 101          
 53773 2340084080120.0411 211417736316  7 0 36342575  0  290      237     497984
**080120.2072   0.1661 1 3053319AXPE067507;              00310603773002060031107
**0300063003106311001       0       0       0       0     304      32     304   
**   321 101          
 53773 2205684080120.2178 211973336315 10 0 36342575  0  290       39     535684
**080120.2858   0.068112 3053319APWL001362;              00310603773002050031102
**1200191003106311001       0       0       0       0      53      12      93   
**   111 101          
 5377316262384080120.7847 213769436314 11 0 36342575  0  290       42      71584
**080120.8008   0.016112 3053319BDOP026537;              00310603773002040031102
**1200200003106311001       0       0       0       0      14      11      18   
**   111 101          
 5377316262384080120.8128 213857336313 12 0 36342575  0  290        9       9284
**080120.8192   0.00641211053319BDOP026537;              00000000000000000000000
**000000000   0   001       0       0       0       0       0       0       0   
**    01 101          
 5377316262384080120.8231 213886536312 12 0 36342575  0  290       86      92884
**080120.8558   0.032812 2053319BDOP026537;              00310602575000030031102
**1200191003106311001       0       0       0       0      27      18      31   
**   181 101          
 5377316262384080120.8656 214007136311 12 0 36342575  0  290       84     420284
**080120.9414   0.075812 2053319BDOP026537;              00310603773002010031102
**1200200003106311001       0       0       0       0      50      20      81   
**   201 101          
 53773 2615184080121.0897 214662536307 14 0 36342473  0 2698      945    6700484
**080121.6525   0.562812 3053319AOTL072831;              00000031060036340031060
**0269800313106310611       0       0       0       0    3213     400    3224   
**  4001 201          
 53773 2205684080121.5122 215782136306 16 0 36342575  0  290       41     597384
**080121.5850   0.072812 3053319APWL001362;              00310603773001980031102
**1200191003106311001       0       0       0       0      58      11     103   
**   111 101          
 5377315262084080121.7514 216389936305 17 0 36342575  0  290     1340     114484
**080121.8108   0.0594 1 3053319BRQL077131;              00310603773001970031103
**0100049003106311001       0       0       0       0      49      42      57   
**   491 101          
 53773 2173284080111.9653 295573436243 10 0 36342575  0  290       41      67584
**080111.9875   0.022212 3053319ACXP096109;              00310603773001630031102
**1200200003106311001       0       0       0       0      14      12      17   
**   121 101          
 53773 2172084080112.5853 296442536242 11 0 36342575  0  290        9       8884
**080112.5878   0.00251211053319AETB065745;              00000000000000000000000
**000000000   0   001       0       0       0       0       0       0       0   
**    01 101          
 53773 2172084080112.5931 296453136241 11 0 36342575  0  290        9       8884
**080112.5958   0.00281211053319AETB065745;              00000000000000000000000
**000000000   0   001       0       0       0       0       0       0       0   
**    01 101          
 53773 2172084080112.6014 296467836240 11 0 36342575  0  290        9       8884
**080112.6042   0.00281211053319AETB065745;              00000000000000000000000
**000000000   0   001       0       0       0       0       0       0       0   
**    01 101          
 53773 2205684080112.6358 296518536336 13 0 36342575  0  290       13      13484
**080112.6508   0.015012 2053319APWL001362;              00310603762001110031102
**1200200003106311001       0       0       0       0       2       6       2   
**    61 101          
 53773 2205684080112.6572 296558236335 13 0 36342575  0  290       11      13484
**080112.6669   0.009712 2053319APWL001362;              00310603773002210031102
**1200200003106311001       0       0       0       0       2       4       2   
**    41 101          
 53773 2205684080112.6742 296584636334 13 0 36342575  0  290       11      13484
**080112.6842   0.010012 2053319APWL001362;              00310602575000020031102
**1200200003106311001       0       0       0       0       2       4       2   
**    41 101          
 53773 2205684080112.6897 296609936333 13 0 36342575  0  290       12      13484
**080112.6992   0.009412 2053319APWL001362;              00310603773002190031102
**1200200003106311001       0       0       0       0       2       5       2   
**    51 101          
 53773 2205684080112.7081 296640336332 13 0 36342575  0  290       11      13484
**080112.7189   0.010812 2053319APWL001362;              00310603762001050031102
**1200200003106311001       0       0       0       0       2       4       2   
**    41 101          
 53773 2205684080112.7256 296669836331 13 0 36342575  0  290 

-R USRVAL

?USRVAL NOT FOUND

-WHO
 1  OPER
 2  DBAROY
 3  PJ
 4  DBPNETS
 5  DBTMP
 6  DBSNI
 7  DBAROY
 9  DBSNI
10  DBSNI
11  OES
12* M33 (INTLACCTG) +
13  DBHANNAH
14  DBSNI
17  DBWNFE
21  DBOSC
22  DBAROY
24  DBAUDIT
26  DBENFEN
27  DBPNETS
30  DBCNFE
47  DBTIO
56  DB136
58  DB136

-
-LOG
210.61 tru
terminal time: 0:11:12
    PtXUO