
.SYS

TYMSHARE D56-P034/K-17 3-5-82 at 21:08:03 on Sun Sep 30,1984
10 jobs in use out of 109.  1 detached

JOB  TYMNET       PROG   LO+HI(P) STATE       TRU  CONNECT USER NAME
 9  DETACHED      SUDS   1        ^C         1.26  0:00:22 M33 +
10* *2536* #201   SYSTAT 32       RN         1.94  0:00:03 M33 +$
+ means TYMSHARE inhouse user
$ means RUN ONLY program

Users=9 Det=1 [2,2], Queues: RUN=1 DIO=2 TIO=5 IO=0 SPC=1

.LOG 10
?this is job 10
.LOG 9
[removed frame 9, user M33, running SUDS]

.R SUDS

?SUDS NOT FOUND

.R SYS:SUDS

?SUDS NOT FOUND

.TYM

-GFD A\A\INTLACCTG

-FI *.ITT

PROGRE  ITT
UD2084  ITT
BDA084  ITT
UD1084  ITT
TNT084  ITT
AST084  ITT
ARG084  ITT
INS084  ITT
DTL084  ITT
TEK084  ITT
KOR084  ITT
AT7084  ITT
SWX084  ITT
IP7084  ITT
IT7084  ITT
SG7084  ITT
IPC084  ITT
LUX084  ITT
FGN084  ITT
SAF084  ITT
ITT084  ITT
TYM084  ITT
KRX084  ITT
IRL084  ITT
CLB084  ITT
POR084  ITT
MNI084  ITT
KDD084  ITT
ITL084  ITT
ZSI084  ITT
ZCI084  ITT
FRX084  ITT
TWN084  ITT
HKG084  ITT
SWE084  ITT
TLX084  ITT
SPA084  ITT
PR1084  ITT
FFC084  ITT
DXP084  ITT
BRX084  ITT
BAH084  ITT
AT1084  ITT
ESR084  ITT
FNL084  ITT
GRE084  ITT
UNI084  ITT
ATP084  ITT
FRN084  ITT
BEL084  ITT
BRZ084  ITT
TST084  ITT
ATT084  ITT
ATT074  ITT
TIM074  ITT
BRX074  ITT
IRL074  ITT
DTL074  ITT
FGN074  ITT
ITT074  ITT
KRX074  ITT
IPC074  ITT
FRX074  ITT
KDD074  ITT
ESR074  ITT
UNI074  ITT
SG7074  ITT
SAF074  ITT
TYM074  ITT
VRS074  ITT
UD2074  ITT
UD1074  ITT
KOR074  ITT
SWX074  ITT
TWN074  ITT
AT7074  ITT
CLB074  ITT
SPA074  ITT
PR1074  ITT
TLX074  ITT
MNI074  ITT
POR074  ITT
ZSI074  ITT
HKG074  ITT
ZCI074  ITT
FFC074  ITT
BAH074  ITT
BDA074  ITT
AT1074  ITT
ARG074  ITT
AST074  ITT
SWE074  ITT
BEL074  ITT
ATP074  ITT
FRN074  ITT
LUX074  ITT
BRZ074  ITT
TIM064  ITT
SWI064  ITT
IRL064  ITT
FRX064  ITT
SWE064  ITT
FGN064  ITT
BEL064  ITT
TYM064  ITT
ESR064  ITT
TST064  ITT
ITT064  ITT
DTL064  ITT
SAF064  ITT
IP7064  ITT
SG7064  ITT
KRX064  ITT
VRS064  ITT
TWN064  IT

-
-TYPE FFC084.ITT
 21252 5327384080120.1383 211725036  1  0 0    03176 11  742      422    2739884
**080120.7014   0.5631 1 3014912LAFRG830DC;8888888       00000000000000000000000
**000000000   0   000       0       0       0       0       0       0       0   
**    01 201          
 2125232240484080122.4722 218016436  2  0 0    03556 36   98        5       3584
**080122.4764   0.0042 3 7014912LAFRLU08AS;              00000000000000000000000
**000000000   0   000       0       0       0       0       0       0       0   
**    01 201          
 2125237145484080111.0881 294873436  2  0 0    02122  0  493       13       8984
**080111.0969   0.0089 311014912RCFRG976ET;              00000000000000000000000
**000000000   0   001       0       0       0       0       0       0       0   
**    01 101          
 2125237145484080111.1081 294885636  2  0 0    02122  0  493      149    1532084
**080111.3067   0.1986 3 3014912RCFRG976ET;              00311031000060000000311
**0703000633110311001       0       0       0       0     863      17     863   
**   171 101          
 21252  177684080111.1433 294911036 62  0 0    02076  1 1403       35      33984
**080111.1625   0.0192 1 3014912AFFRG424CU;              00000000000000000000000
**000000000   0   000       0       0       0       0       0       0       0   
**    01 201          
 21252 1203484080111.1733 294932436  3  0 0    0 146 35  135      150    5090184
**080111.9642   0.7908 1 2014912EAFRG718KO; A  L SKTP10  00000000000000000000000
**000000000   0   000       0       0       0       0       0       0       0   
**    01 201          
 21252  177584080111.1947 294959136 64  0 0    02076  2 1403       19      30484
**080111.2067   0.0119 1 3014912AFFRG423CU;              00000000000000000000000
**000000000   0   000       0       0       0       0       0       0       0   
**    01 201          
 2125236301584080111.2214 294979136  6  0 0    0 435 75  424       53     105584
**080111.2700   0.0486 1 3014912AMFRG162HL;c d sestest i 00000000000000000000000
**000000000   0   000       0       0       0       0       0       0       0   
**    01 201          
 21252  177684080111.2419 294993936 62  0 0    02076  1 1403       51      77184
**080111.2650   0.0231 1 3014912AFFRG424CU;              00000000000000000000000
**000000000   0   000       0       0       0       0       0       0       0   
**    01 201          
 2125225562284080111.2789 295018036 34  0 0    02654  7   97      367     311384
**080111.3625   0.083612 3014912STFRG831EM;log 6500,2130 00000000000000000000000
**000000000   0   000       0       0       0       0       0       0       0   
**    01 201          
 2125223634084080111.3089 295039636 15  0 0    03730  1 3520        5       4284
**080111.3161   0.0072 3 3014912BBFRG808CS;              00000000000000000000000
**000000000   0   000       0       0       0       0       0       0       0   
**    01 201          
 21252  177584080111.3297 295054936 64  0 0    02076  2 1403       18      20584
**080111.3419   0.0122 1 3014912AFFRG423CU;              00000000000000000000000
**000000000   0   000       0       0       0       0       0       0       0   
**    01 201          
 2125237675384080111.3433 295063036  6  0 0    02122  0  493       75     200384
**080111.4089   0.0656 1 2014912RCFRG614ET;              00311031000060000031102
**1200191003110311001       0       0       0       0      39      20      50   
**   201 101          
 2125237151484080111.3642 295076836 10  0 0    02122  0  493      282     175184
**080111.5039   0.1397 3 3014912RCFRG992ET;              00311031000060000031107
**0300063003110311001       0       0       0       0     131      38     131   
**   381 101          
 21252  177684080111.3906 295097336 62  0 0    02076  1 1403       24      30284
**080111.4031   0.0125 1 3014912AFFRG424CU;              00000000000000000000000
**000000000   0   000       0       0       0       0       0       0       0   
**    01 201          
 2125237675384080111.4125 295113536  6  0 0    02122  0  493       40      66984
**080111.4328   0.0203 1 2014912RCFRG614ET;              00311031000060000031102
**1200200003110311001       0       0       0       0      27       8      27   
**    81 101          
 21252 7423684080111.4256 295123336 17  0 0    02122  0  493      184     638884
**080111.5372   0.1117 3 3014912RCFRG889ET;              00311031000060000000311
**0703000633110311001       0       0       0       0     433      31     433   
**   311 101          
 2125210346184080111.4558 295142936 66  0 0    02076  1 1403       17      29684
**080111.4683   0.0125 1 3014912AFFRG425CU;              00000000000000000000000
**000000000   0   000       0       0       0       0       0       0       0   
**    01 201          
 21252  177684080111.4967 295168436 62  0 0    02076  1 1403       26      29184
**080111.5128   0.0161 1 3014912AFFRG424CU;              00000000000000000000000
**000000000   0   000       0       0       0       0       0       0       0   
**    01 201          
 2125226403184080111.5433 295204736  1  0 0    02122  0  493     1422   10878684
**080113.2544   1.7111 1 3014912RCFRG961ET;              00311031000060000000311
**0202001083110311001       0       0       0       0    3197     299    3196   
**  2991 101          
 2125237150784080111.5678 295229036 13  0 0    02122  0  493      143     247184
**080111.6778   0.1100 3 3014912RCFRG986ET;              00311031000060000000311
**0703000633110311001       0       0       0      

-LOG
24.19 tru
terminal time: 0:01:37
