
.TYM

-
-GFD 

-GFD INTLACCTG

-TYM

-FI


-FI *.ITT

PROGRE  ITT
UD2084  ITT
BDA084  ITT
UD1084  ITT
TNT084  ITT
AST084  ITT
ARG084  ITT
INS084  ITT
DTL084  ITT
TEK084  ITT
KOR084  ITT
AT7084  ITT
SWX084  ITT
IP7084  ITT
IT7084  ITT
SG7084  ITT
IPC084  ITT
LUX084  ITT
FGN084  ITT
SAF084  ITT
ITT084  ITT
TYM084  ITT
KRX084  ITT
IRL084  ITT
CLB084  ITT
POR084  ITT
MNI084  ITT
KDD084  ITT
ITL084  ITT
ZSI084  ITT
ZCI084  ITT
FRX084  ITT
TWN084  ITT
HKG084  ITT
SWE084  ITT
TLX084  ITT
SPA084  ITT
PR1084  ITT
FFC084  ITT
DXP084  ITT
BRX084  ITT
BAH084  ITT
AT1084  ITT
ESR084  ITT
FNL084  ITT
GRE084  ITT
UNI084  ITT
ATP084  ITT
FRN084  ITT
BEL084  ITT
BRZ084  ITT
TST084  ITT
ATT084  ITT
ATT074  ITT
TIM074  ITT
BRX074  ITT
IRL074  ITT
DTL074  ITT
FGN074  ITT
ITT074  ITT
KRX074  ITT
IPC074  ITT
FRX074  ITT
KDD074  ITT
ESR074  ITT
UNI074  ITT
SG7074  ITT
SAF074  ITT
TYM074  ITT
VRS074  ITT
UD2074  ITT
UD1074  ITT
KOR074 

-TYPE G7084.ITT

CAN NOT FIND FILE - G7084.ITT

-TYPE SG7084.ITT
 2257615754384080123.9550 221100737141  0 0 82282724124 1341       25      38384
**080123.9675   0.012512 2036317ITT.5252:.04;COMET SINGAP00000052521140380000310
**6001341045252310601       6      11       6      14       0       0       0   
**    01 201          
 2257630113784080112.2839 295997037146  0 0 82284255  3  280     5914     860984
**080112.4322   0.148312 20142820280;                    00000052521140760000000
**0310602805252310601     200      78     236     145       0       0       0   
**    01 201          
 2257616123684080113.8231 298885837142  0 0 82282601  0 1304       32       8484
**080113.8378   0.014712 3025019901304;                  00000052521145700000003
**1069013045252310601       5      11       5      12       0       0       0   
**    01 201          
 2257616123684080113.8992 299052837147  0 0 82282601  0 1304       15       6984
**080113.9117   0.012512 3025019901304;                  00000052521145700000003
**1069013045252310601       3       7       3       7       0       0       0   
**    01 201          
 2257616123684080113.9836 299236637155  0 0 82282601  0 1304       15       6984
**080113.9939   0.010312 3025019901304;                  00000052521145700000003
**1069013045252310601       3       7       3       8       0       0       0   
**    01 201          
 2257616123684080114.3997 300268137167  0 0 82282601  0 1304       15       6984
**080114.4133   0.013612 3025019901304;                  00000052521145700000003
**1069013045252310601       4       8       3       7       0       0       0   
**    01 201          
 2257616123684080114.6775 300979837163  0 0 82282601  0 1304       15       6984
**080114.6917   0.014212 3025019901304;                  00000052521145700000003
**1069013045252310601       4       8       3       7       0       0       0   
**    01 201          
 2257616123684080115.4861 303197337146  0 0 82282601  0 1304       15       6984
**080115.5097   0.023612 3025019901304;                  00000052521145700000003
**1069013045252310601       4       8       3       7       0       0       0   
**    01 201          
 2257616123684080116.8511 307110137147  0 0 82282601  0 1304       15      12684
**080117.1050   0.253912 2025019901304;                  00000052521145700000003
**1069013045252310601       5      11       3       9       0       0       0   
**    01 201          
 2257616123684080117.5553 308954337142  0 0 82282601  0 1304       15       6984
**080117.5753   0.020012 3025019901304;                  00000052521145700000003
**1069013045252310601       4       8       3       7       0       0       0   
**    01 201          
 2257616123684080117.8214 309677637141  0 0 82282601  0 1304        0       4884
**080117.8381   0.016712 3025019901304;                  00000052521145700000003
**1069013045252310601       2       4       1       3       0       0       0   
**    01 201          
 22576301007840801 0.0469 525194537155  0 0 8228  54 36  196       38     726684
**0801 0.0817   0.034712 30142820196;C61,IBP006, BANKERS 00000052521145390000000
**0310601965252310601       9      64       8     105       0       0       0   
**    01 101          
 22576300323840801 0.1536 525398937141  0 0 8228 277 16  252        6        084
**0801 0.1653   0.011712 20142810252;                    00000052521146460000000
**0310602525252310601       9       7       8       6       0       0       0   
**    01 101          
 22576300323840801 0.1989 525485337142  0 0 8228 277 16  252        0        084
**0801 0.2028   0.003912 30142810252;                    00000052521146460000000
**0310602525252310601       2       6       1       5       0       0       0   
**    01 101          
 22576300323840801 0.2875 525640737153  0 0 8228 277 17  252       65      27384
**0801 0.3050   0.017512 20142810252;         {C MM  {GPS00000052521146460000000
**0310602525252310601      16      12      16      13       0       0       0   
**    01 101          
 22576300323840801 0.3153 525687937151  0 0 8228 277 17  252      146     156084
**0801 0.4208   0.105612 20142810252;       C  {MM MM GPS00000052521146460000000
**0310602525252310601      38      42      35      47       0       0       0   
**    01 101          
 22576161236840801 0.4514 525912637147  0 0 82282601  0 1304       32      72784
**0801 0.5222   0.070812 3025019901304;                  00000052521145700000003
**1069013045252310601       7      15       6      19       0       0       0   
**    01 201          
 22576157543840801 0.6094 526176837155  0 0 8228  54 37  196       49      40484
**0801 0.6378   0.028312 2036317ITT.5252;ZZZ646, YVONNE R00000052521146530000003
**1060001965252310601       8      16       8      19       0       0       0   
**    01 101          
 22576300323840801 0.6328 526215437141  0 0 8228 277 17  252       43    2080184
**0801 0.7006   0.067812 20142810252;C C C JJ GPS SBB841,00000052521145360000000
**0310602525252310601      10     175      10     336       0       0       0   
**    01 101          
 22122157543840801 0.7608 526421837141  0 0 8214  54 36  196      206   38559584
**0801 1.9014   1.140612 3036317ITT.5252; C62,ULN001, JOY00000052521146180000003
**1070001965252310701      15    3034      15    6045       0       0       0   
**    01 101          
 22122157543840801 0.8975 526643637143  0 0 8214 277 17  252      141     480684
**0801 0.9697   0.072212 2036317ITT.5252; c c c c cc  tt 00000052521145120000003
**1070002525252310701      23      52      23      89       0       0       0   
**    01 101          
 22576143124840801 0.9003 526647837141  0 0 82282011  0   61      120       8484
**0801 0.9094   0.009212 30  121900061;                  00000052521146260000003
**1069000615252310601       3       4       3       4       0       0       0   
**    01 201          
 22122157543840801 1.1900 527132737145  0 0 8214  54 35  196       31      34684
**0801 1.2047   0.014712 2036317ITT.5252;C62,IBZ502,ENG p00000052521140850000003
**1070001965252310701       6      13       6      15       0       0       0   
**    01 101          
 22576157543840801 1.3689 527397337161  0 0 8228 277 17  252      101    1690684
**0801 1.4628   0.093912 2036317ITT.5252; c c c c c tt gp00000052521146660000003
**1060002525252310601      22     149      22     279       0       0       0   
**    01 101          
 22576157543840801 1.4433 527504537141  0 0 8228  54 17  196      355    1489384
**0801 1.6378   0.194412 2036317ITT.5252;kjq,dathodt,va0000000052521145930000003
**1060001965252310601      37     161      36     264       0       0       0   
**    01 101          
 22576157543840801 1.5519 527661637144  0 0 82284222  1 4228      140      83184
**0801 1.6508   0.098912 3036317ITT.5252;                00000052521141450000003
**1060042285252310601      14      19      14      24       0       0       0   
**    01 201          
 22122157543840801 2.8619 529230937150  0 0 8214  54 37  196       97    3425084
**0801 3.0411   0.179212 2036317ITT.5252; C62,C62,ULN001,00000052521146180000003
**1070001965252310701      20     290      19     555       0       0       0   
**    01 101          
 22576300323840801 3.0361 529406737145  0 0 8228 277 15  252       85     118284
**0801 3.0728   0.036712 20142810252;       c mm gps vnz800000052521141540000000
**0310602525252310601      17      21      17      30       0       0       0   
**    01 101          
 22576300323840801 3.1978 529563637151  0 0 8228 277 16  252        0        084
**0801 3.2069   0.009212 20142810252;                    00000052521140200000000
**0310602525252310601       2       6       2       7       0       0       0   
**    01 101          
 22576300323840801 3.2878 529647837151  0 0 8228 277 15  252       74    1690084
**0801 3.3564   0.068612 30142810252;C C C C JJ GPS SGG, 00000052521145220000000
**0310602525252310601      16     133      16     253       0       0       0   
**    01 101          
 22576300323840801 3.4044 529742237141  0 0 8228 277 16  252       89    2122784
**0801 3.4933   0.088912 20142810252;C C CC JJ GPS SGG84100000052521145220000000
**0310602525252310601      14     178      14     343       0       0       0   
**    01 101          
 22576157543840801 3.6714 529963537151  0 0 82282674  0  515       60      41984
**0801 3.7139   0.042512 2036317ITT.5252;                00000052521146780000003
**1060005155252310601       8      13       8      15       0       0       0   
**    01 201          
 22576157543840801 3.8728 530131637144  0 0 82282674  0  515       63     461984
**0801 3.9158   0.043112 3036317ITT.5252;                00000052521146780000003
**1060005155252310601       8      47       8      82       0       0       0   
**    01 201          
 22576157543840801 4.1411 530383237153  0 0 82282674  0  515       11       5684
**0801 4.1661   0.025012 3036317ITT.5252;                00000052521146780000003
**1060005155252310601       4       6       2       4       0       0       0   
**    01 201          
 22122157543840801 5.3417 531295037143  0 0 8214  54 37  196       49      37684
**0801 5.3742   0.032512 2036317ITT.5252;kmg yi80pmu lrps00000052521145980000003
**1070001965252310701      10      22      10      23       0       0       0   
**    01 101          
 22122157543840801 5.3911 531331537155  0 0 8214  54 37  196       99    2850384
**0801 5.6292   0.238112 2036317ITT.5252;kmf kmg f yi80pm00000052521145980000003
**1070001965252310701      24     252      24     476       0       0       0   
**    01 101          
 22576157543840801 5.4703 531389637143  0 0 82283432  2 1270       92    2302084
**0801 5.5550   0.084712 3036317ITT.5252:.00; )0 )333453200000052521150240000310
**6001270005252310601      20     200      20     382       0       0       0   
**    01 201          
 22122157543840801 5.9886 531759837161  0 0 8214  54 37  196     7986   11560184
**0801 8.0369   2.048312 3036317ITT.5252;C62,ULN001, JOYC00000052521146180000003
**1070001965252310701     223    1096     288    1965       0       0       0   
**    01 101          
 22576206027840801 5.9911 531761737150  0 0 82283432 14 1270        0       4284
**0801 6.0347   0.043612 202958900127004;                00000052521145330000000
**0000031065252310601       2       7       1       6       0       0       0   
**    01 201          
 22576157543840801 6.0047 531769837144  0 0 82282261 15 1589       38     662984
**0801 6.0800   0.075312 2036317ITT.5252:.03;413 SINGAPOR00000052521140440000310
**6001589035252310601      10      66      10     119       0       0       0   
**    01 201          
 22576206027840801 6.0522 531805437164  0 0 82283432 14 1270        1      14884
**0801 6.0717   0.019412 302958900127004;                00000052521145330000000
**0000031065252310601       3       8       2       8       0       0       0   
**    01 201          
 22576157543840801 6.1100 531846937163  0 0 82284164  0 2991       71      18884
**0801 6.1203   0.010312 2036317ITT.5252:.55;            00000052521141230000310
**6002991555252310601       2       3       2       4       0       0       0   
**    01 201          
 22576157543840801 6.1383 531867137163  0 0 82284164  0 2991     1270     912984
**0801 6.4869   0.348612 2036317ITT.5252:.55;            00000052521141230000310
**6002991555252310601      60     113      63     171       0       0       0   
**    01 201          
 22576300323840801 6.2022 531909337161  0 0 8228 277 17  252     4870      43084
**0801 6.3028   0.100612 30142810252;c c c c c c  tt gps 00000052521146670000000
**0310602525252310601     146      19     181      19       0       0       0   
**    01 101          
 22576161236840801 6.2458 531939137155  0 0 82282601  0 1304       15       6984
**0801 6.2719   0.026112 3025019901304;                  00000052521145700000003
**1069013045252310601       5       9       3       7       0       0       0   
**    01 201          
 22576206027840801 6.2931 531968337143  0 0 82283432 14 1270      289    1812584
**0801 6.7161   0.423112 302958900127004;   13  M        00000052521145330000000
**0000031065252310601      68     221      68     365       0       0       0   
**    01 201          
 22576157543840801 6.5117 532117337150  0 0 82284164  0 2991       90      40784
**0801 6.5253   0.013612 2036317ITT.5252:.55;            00000052521141230000310
**6002991555252310601       3       6       3       8       0       0       0   
**    01 201          
 22576157543840801 6.5725 532157437154  0 0 82284164  0 2991      393     274984
**0801 6.6972   0.124712 2036317ITT.5252:.55;            00000052521141230000310
**6002991555252310601      24      39      23      55       0       0       0   
**    01 201          
 22576157543840801 6.7142 532245137172  0 0 82284164  0 2991      234     329784
**0801 6.8697   0.155612 2036317ITT.5252:.55;            00000052521141230000310
**6002991555252310601      16      37      16      60       0       0       0   
**    01 201          
 22576300323840801 6.9714 532406737173  0 0 8228 277 15  252        0        084
**0801 6.9806   0.009212 20142810252;                    00000052521146660000000
**0310602525252310601       3       7       2       6       0       0       0   
**    01 101          
 22122300323840801 7.1475 532518137152  0 0 8214 277 15  252     2776     103284
**0801 7.2203   0.072812 20142810252;c c c c c c  tt gps 00000052521146660000000
**0310702525252310701      93      26     117      32       0       0       0   
**    01 101          
 22576300323840801 7.2864 532609737166  0 0 8228 277 15  252        0        084
**0801 7.2956   0.009212 20142810252;                    00000052521146650000000
**0310602525252310601       3       7       2       6       0       0       0   
**    01 101          
 22576300323840801 7.4756 532734837175  0 0 8228 277 16  252      148      80684
**0801 7.5114   0.035812 20142810252;c c c c c cc  tt gps00000052521146650000000
**0310602525252310601      22      21      22      27       0       0       0   
**    01 101          
 22576157543840801 7.5939 532810937211  0 0 8228  54 17  196     5021    1886984
**0801 9.6111   2.017212 3036317ITT.5252;C62,ULN001, JOYC00000052521146180000003
**1060001965252310601     152     332     178     450       0       0       0   
**    01 101          
 22576157543840801 7.6236 532831537167  0 0 82284164  0 2991      286     393184
**0801 7.7392   0.115612 2036317ITT.5252:.55;            00000052521141230000310
**6002991555252310601      16      42      16      69       0       0       0   
**    01 201          
 22576143124840801 7.6714 532863237161  0 0 82282011  0   61      124      15184
**0801 7.6897   0.018312 30  121900061;                  00000052521145580000003
**1069000615252310601       4       7       3       6       0       0       0   
**    01 201          
 22576143124840801 7.8336 532962337167  0 0 82282011  0   61      139       9484
**0801 7.8447  

-FI *.ITT

PROGRE  ITT
UD2084  ITT
BDA084  ITT
UD1084  ITT
TNT084  ITT
AST084  ITT
ARG084  ITT
INS084  ITT
DTL084  ITT
TEK084  ITT
KOR084  ITT
AT7084  ITT
SWX084  ITT
IP7084  ITT
IT7084  ITT
SG7084  ITT
IPC084  ITT
LUX084  ITT
FGN084  ITT
SAF084  ITT
ITT084  ITT
TYM084  ITT
KRX084  ITT
IRL084  ITT
CLB084  ITT
POR084  ITT
MNI084  ITT
KDD084  ITT
ITL084  ITT
ZSI084  ITT
ZCI084  ITT
FRX084  ITT
TWN084  ITT
HKG084  ITT
SWE084  ITT
TLX084  ITT
SPA084  ITT
PR1084  ITT
FFC084  ITT
DXP084  ITT
BRX084  ITT
BAH084  ITT
AT1084  ITT
ESR084  ITT
FNL084  ITT
GRE084  ITT
UNI084  ITT
ATP084  ITT
FRN084  ITT
BEL084  ITT
BRZ084  ITT
TST084  ITT
ATT084  ITT
ATT074  ITT
TIM074  ITT
BRX074  ITT
IRL074  ITT
DTL074  ITT
FGN074  ITT
ITT074  ITT
KRX074  ITT
IPC074  ITT
FRX074  ITT
KDD074  ITT
ESR074  ITT
UNI074  ITT
SG7074  ITT
SAF074  ITT
TYM074  ITT
VRS074  ITT
UD2074  ITT
UD1074  ITT
KOR074  ITT
SWX074  ITT
TWN074  ITT
AT7074  ITT
CLB074  ITT
SPA074  ITT
PR1074  ITT
TLX074  ITT
MNI074  ITT
POR074  ITT
ZSI074  ITT
HKG074  ITT
ZCI0

-LOG
39.81 tru
terminal time: 0:02:43
    