
.TYM

-GFD A\A\INTLACCTG

-FI


-TYPE SG7084.ITT
 2257615754384080123.9550 221100737141  0 0 82282724124 1341       25      38384
**080123.9675   0.012512 2036317ITT.5252:.04;COMET SINGAP00000052521140380000310
**6001341045252310601       6      11       6      14       0       0       0   
**    01 201          
 2257630113784080112.2839 295997037146  0 0 82284255  3  280     5914     860984
**080112.4322   0.148312 20142820280;                    00000052521140760000000
**0310602805252310601     200      78     236     145       0       0       0   
**    01 201          
 2257616123684080113.8231 298885837142  0 0 82282601  0 1304       32       8484
**080113.8378   0.014712 3025019901304;                  00000052521145700000003
**1069013045252310601       5      11       5      12       0       0       0   
**    01 201          
 2257616123684080113.8992 299052837147  0 0 82282601  0 1304       15       6984
**080113.9117   0.012512 3025019901304;                  00000052521145700000003
**1069013045252310601       3       7       3       7       0       0       0   
**    01 201          
 2257616123684080113.9836 299236637155  0 0 82282601  0 1304       15       6984
**080113.9939   0.010312 3025019901304;                  00000052521145700000003
**1069013045252310601       3       7       3       8       0       0       0   
**    01 201          
 2257616123684080114.3997 300268137167  0 0 82282601  0 1304       15       6984
**080114.4133   0.013612 3025019901304;                  00000052521145700000003
**1069013045252310601       4       8       3       7       0       0       0   
**    01 201          
 2257616123684080114.6775 300979837163  0 0 82282601  0 1304       15       6984
**080114.6917   0.014212 3025019901304;                  00000052521145700000003
**1069013045252310601       4       8       3       7       0       0       0   
**    01 201          
 2257616123684080115.4861 303197337146  0 0 82282601  0 1304       15       6984
**080115.5097   0.023612 3025019901304;                  00000052521145700000003
**1069013045252310601       4       8       3       7       0       0       0   
**    01 201          
 2257616123684080116.8511 307110137147  0 0 82282601  0 1304       15      12684
**080117.1050   0.253912 2025019901304;                  00000052521145700000003
**1069013045252310601       5      11       3       9       0       0       0   
**    01 201          
 2257616123684080117.5553 308954337142  0 0 82282601  0 1304       15       6984
**080117.5753   0.020012 3025019901304;                  00000052521145700000003
**1069013045252310601       4       8       3       7       0       0       0   
**    01 201          
 2257616123684080117.8214 309677637141  0 0 82282601  0 1304        0       4884
**080117.8381   0.016712 3025019901304;                  00000052521145700000003
**1069013045252310601       2       4       1       3       0       0       0   
**    01 201          
 22576301007840801 0.0469 525194537155  0 0 8228  54 36  196       38     726684
**0801 0.0817   0.034712 30142820196;C61,IBP006, BANKERS 00000052521145390000000
**0310601965252310601       9      64       8     105       0       0       0   
**    01 101          
 22576300323840801 0.1536 525398937141  0 0 8228 277 16  252        6        084
**0801 0.1653   0.011712 20142810252;                    00000052521146460000000
**0310602525252310601       9       7       8       6       0       0       0   
**    01 101          
 22576300323840801 0.1989 525485337142  0 0 8228 277 16  252        0        084
**0801 0.2028   0.003912 30142810252;                    00000052521146460000000
**0310602525252310601       2       6       1       5       0       0       0   
**    01 101          
 22576300323840801 0.2875 525640737153  0 0 8228 277 17  252       65      27384
**0801 0.3050   0.017512 20142810252;         {C MM  {GPS00000052521146460000000
**0310602525252310601      16      12      16      13       0       0       0   
**    01 101          
 22576300323840801 0.3153 525687937151  0 0 8228 277 17  252      146     156084
**0801 0.4208   0.105612 20142810252;       C  {MM MM GPS00000052521146460000000
**0310602525252310601      38      42      35      47       0       0       0   
**    01 101          
 22576161236840801 0.4514 525912637147  0 0 82282601  0 1304       32      72784
**0801 0.5222   0.070812 3025019901304;                  00000052521145700000003
**1069013045252310601       7      15       6      19       0       0       0   
**    01 201          
 22576157543840801 0.6094 526176837155  0 0 8228  54 37  196       49      40484
**0801 0.6378   0.028312 2036317ITT.5252;ZZZ646, YVONNE R00000052521146530000003
**1060001965252310601       8      16       8      19       0       0       0   
**    01 101          
 22576300323840801 0.6328 526215437141  0 0 8228 277 17  252       43    2080184
**0801 0.7006   0.067812 20142810252;C C C JJ GPS SBB841,00000052521145360000000
**0310602525252310601      10     175      10     336       0       0       0   
**    0

-FI *.ITT

PROGRE  ITT
UD2084  ITT
BDA084  ITT
UD1084  ITT
TNT084  ITT
AST084  ITT
ARG084  ITT
INS084  ITT
DTL084  ITT
TEK084  ITT
KOR084  ITT
AT7084  ITT
SWX084  ITT
IP7084  ITT
IT7084  ITT
SG7084  ITT
IPC084  ITT
LUX084  ITT
FGN084  ITT
SAF084  ITT
ITT084  ITT
TYM084  ITT
KRX084  ITT
IRL084  ITT
CLB084  ITT
POR084  ITT
MNI084  ITT
KDD084  ITT
ITL084  ITT
ZSI084  ITT
ZCI084  ITT
FRX084  ITT
TWN084  ITT
HKG084  ITT
SWE084  ITT
TLX084  ITT
SPA084  ITT
PR1084  ITT
FFC084  ITT
DXP084  ITT
BRX084  ITT
BAH084  ITT
AT1084  ITT
ESR084  ITT
FNL084  ITT
GRE084  ITT
UNI084  ITT
ATP084  ITT
FRN084  ITT
BEL084  ITT
BRZ084  ITT
TST084  ITT
ATT084  ITT
ATT074  ITT
TIM074  ITT
BRX074  ITT
IRL074  ITT
DTL074  ITT
FGN074  ITT
ITT074  ITT
KRX074  ITT
IPC074  ITT
FRX074  ITT
KDD074  ITT
ESR074  ITT
UNI074  ITT
SG7074  ITT
SAF074  ITT
TYM074  ITT
VRS074  ITT
UD2074  ITT
UD1074  ITT
KOR074  ITT
SWX074  ITT
TWN074  ITT
AT7074  ITT
CLB074  ITT
SPA074  ITT
PR1074  ITT
TLX074  ITT
MNI074  ITT
POR074  ITT
ZSI074  ITT
HKG074  ITT
ZCI074  ITT
FFC074  ITT

-TYPE IPC084.ITT
 22576221345840828 1.7789 125809537160  0 0 82233264  3 2807       25      14484
**0828 1.8153   0.036412 3036317ITT.3025; LOGO          Q00003025100900120000003
**1060028073025310601       8      10       8      10       0       0       0   
**    01 228          
 22576221345840828 3.1594 127397537150  0 0 82233264  3 2807       41      44484
**0828 3.1997   0.040312 3036317ITT.3025;COMET COMET  AIM00003025100900120000003
**1060028073025310601      12      13      12      17       0       0       0   
**    01 228          
 22576221345840828 3.2231 127460737141  0 0 82233264  3 2807        6       8484
**0828 3.2347   0.011712 3036317ITT.3025;L B@E           00003025100900120000003
**1060028073025310601       3       8       3       8       0       0       0   
**    01 228          
 22576221345840828 3.3886 127609737141  0 0 82233264  3 2807       13      16184
**0828 3.3997   0.011112 3036317ITT.3025;AIMAIL COMET    00003025100900120000003
**1060028073025310601       3       8       3      10       0       0       0   
**    01 228          
 22576221345840828 3.5156 127732137147  0 0 82233264  3 2807       77     331784
**0828 3.6092   0.093612 3036317ITT.3025;AIMAIL COMET APP00003025100900120000003
**1060028073025310601      10      38      10      65       0       0       0   
**    01 228          
 22576221345840828 3.7283 127910437153  0 0 82233264  3 2807      366     194484
**0828 3.9186   0.190312 3036317ITT.3025;~AIMAIL  COMET  00003025100900120000003
**1060028073025310601      46      38      46      49       0       0       0   
**    01 228          
 22576221345840828 4.5472 128548737147  0 0 82233264  3 2807      352     438484
**0828 4.7564   0.209212 3036317ITT.3025;AIMAIL COMET APP00003025100900120000003
**1060028073025310601      28      57      28      89       0       0       0   
**    01 228          
 22576221345840828 4.7961 128740137151  0 0 82233264  3 2807       92      81384
**0828 4.8575   0.061412 3036317ITT.3025;AIMAIL COMET APP00003025100900120000003
**1060028073025310601       9      18       9      23       0       0       0   
**    01 228          
 22576221345840828 5.2653 129086837142  0 0 82233264  3 2807       66      52084
**0828 5.2947   0.029412 3036317ITT.3025;AIMAIL COMET APP00003025100900120000003
**1060028073025310601       8      13       8      17       0       0       0   
**    01 228          
 22576221345840828 5.3244 129128337142  0 0 82233264  3 2807       83     812384
**0828 5.4194   0.095012 3036317ITT.3025;AIMAIL COMET APP00003025100900120000003
**1060028073025310601       8      71       8     133       0       0       0   
**    01 228          
 22576221345840828 5.4467 129213137147  0 0 82233264  3 2807        7       2784
**0828 5.4778   0.031112 3036317ITT.3025;AIMAIL          00003025100900120000003
**1060028073025310601       2       7       2       7       0       0       0   
**    01 228          
 22576221345840828 5.4969 129244237146  0 0 82233264  3 2807        7       2784
**0828 5.5300   0.033112 3036317ITT.3025;AIMAIL          00003025100900120000003
**1060028073025310601       2       7       2       7       0       0       0   
**    01 228          
 22576221345840828 5.5467 129278437151  0 0 82233264  3 2807        7       2784
**0828 5.5731   0.026412 3036317ITT.3025;AIMAIL          00003025100900120000003
**1060028073025310601       2       7       2       7       0       0       0   
**    01 228          
 22576221345840828 5.5903 129308137144  0 0 82233264  3 2807        7       2784
**0828 5.5983   0.008112 3036317ITT.3025;AIMAIL          00003025100900120000003
**1060028073025310601       2       7       2       8       0       0       0   
**    01 228          
 22576221345840828 5.6367 129336937156  0 0 82233264  3 2807       58       2784
**0828 5.6758   0.039212 3036317ITT.3025;AIMAIL COMET APP00003025100900120000003
**1060028073025310601       3       7       3       7       0       0       0   
**    01 228          
 2257622134584082820.6139 259823637142  0 0 82233264  5 2807      412    2056284
**082821.1597   0.545812 3036317ITT.3025;AIMAIL COMET APP00003025100900120000003
**1060028073025310601      54     190      54     352       0       0       0   
**    01 228          
 2257622134584082821.3631 262105337141  0 0 82233264  4 2807       44      52284
**082821.3936   0.030612 3036317ITT.3025;AIMAIL COMET SUN00003025100900120000003
**1060028073025310601       7      13       7      17       0       0       0   
**    01 228          
 2257622134584082822.5175 265064437142  0 0 82233264  4 2807      168     438584
**082822.6775   0.160012 3036317ITT.3025;AIMAIL COMET SUN00003025100900120000003
**1060028073025310601      23      54      23      89       0       0       0   
**    01 228          
 22576221345840829 0.2858 268935037156  0 0 82233264  4 2807      223     282084
**0829 0.6025   0.316712 3036317ITT.3025;AIMAIL COMET SUN00003025100900120000003
**1060028073025310601      42      56      42      74       0       0       0   
**    01 229          
 22576221345840829 3.8564 274300137142  0 0 82233264  4 2807      112     398984
**0829 4.0469   0.190612 3036317ITT.3025;AIMAIL COMET SUN00003025100900120000003
**1060028073025310601      17      50      17      80       0       0       0   
**    01 229          
 22576221345840829 4.0931 274540637150  0 0 82233264  3 2807        7       4984
**0829 4.1058   0.012812 3036317ITT.3025;AIMAIL          00003025100900120000003
**1060028073025310601       2       7       2       7       0       0       0   
**    01 229          
 22576221345840829 4.6931 275080037146  0 0 82233264  3 2807       44      52384
**0829 4.7986   0.105612 3036317ITT.3025;AIMAIL COMET SUN00003025100900120000003
**1060028073025310601       7      14       7      18       0       0       0   
**    01 229          
 22576221345840829 5.1456 275440837152  0 0 82233264  3 2807      210     162084
**0829 5.4019   0.256412 3036317ITT.3025;AIMAIL COMET SUN00003025100900120000003
**1060028073025310601      21      34      21      46       0       0       0   
**    01 229          
 2257622134584082922.0694 316675637145  0 0 82233264  3 2807       18      18484
**082922.0878   0.018312 3036317ITT.3025;AIMS AIMAIL COME00003025100900120000003
**1060028073025310601       4       9       4      10       0       0       0   
**    01 229          
 2257622134584082922.1678 316921237142  0 0 82233264  3 2807       53      71984
**082922.2108   0.043112 3036317ITT.3025;AIMAIL COMET SUN00003025100900120000003
**1060028073025310601       8      15       8      21       0       0       0   
**    01 229          
 2257622134584082922.5331 317781937144  0 0 82233264  3 2807      505    2139584
**082923.1583   0.625312 3036317ITT.3025;AIMAIL COMET WSN00003025100900120000003
**1060028073025310601      58     210      58     372       0       0       0   
**    01 229          
 2257622134584082920.9175 418274737143  0 0 82233264  5 2807      231     239684
**082921.1658   0.248312 3036317ITT.3025;AIMAIL COMET SUN00003025100900120000003
**1060028073025310601      22      37      22      54       0       0       0   
**    01 229          
 22576221345840830 1.8806 324595437145  0 0 82233264  3 2807        0       2684
**0830 1.8889   0.008312 3036317ITT.3025;                00003025100900120000003
**1060028073025310601       1       6       1       6       0       0       0   
**    01 230          
 22576221345840830 1.9564 324715637153  0 0 82233264  3 2807        0       2684
**0830 1.9636   0.007212 3036317ITT.3025;                00003025100900120000003
**1060028073025310601       1       6       1       6       0       0       0   
**    01 230          
 22576221345840830 2.2086 325094937147  0 0 82233264  3 2807      301     124784
**0830 2.3911   0.182512 3036317ITT.3025;AIMAIL COMET SUN00003025100900120000003
**1060028073025310601      29      30      29      39       0       0       0   
**    01 230          
 22576221345840830 2.5919 325616437142  0 0 82233264  3 2807       52     764184
**0830 2.7192   0.127212 3036317ITT.3025;AIMAIL COMET S.C00003025100900120000003
**1060028073025310601      11      74      11     134       0       0       0   
**    01 230          
 22576221345840830 3.0628 326229637150  0 0 82233264  5 2807     1729     379584
**0830 3.4472   0.384412 3036317ITT.3025;AIMAIL COMET WSN00003025100900120000003
**1060028073025310601      80     104      83     126       0       0       0   
**    01 230          
 2257622134584083019.8431 512219637141  0 0 82233264  3 2807        0       2684
**083019.8458   0.002812 3036317ITT.3025;                00003025100900120000003
**1060028073025310601       1       5       1       5       0       0       0   
**    01 230          
 2257622134584083020.7736 515203937144  0 0 82233264  4 2807      218     425484
**083020.9342   0.160612 3036317ITT.3025;AIMAIL COMET WSN00003025100900120000003
**1060028073025310601      25      55      25      88       0       0       0   
**    01 230          
 2257622134584083021.1856 516436537143  0 0 82233264  3 2807       30      23084
**083021.1992   0.013612 3036317ITT.3025;AIMAIL COMET WSN00003025100900120000003
**1060028073025310601       4       9       4      12       0       0       0   
**    01 230          
 2257622134584083021.2303 516564737143  0 0 82233264  3 2807      250     139984
**083021.3897   0.159412 3036317ITT.3025;AIMAIL COMET WSN00003025100900120000003
**1060028073025310601      30      34      30      43       0       0       0   
**    01 230          
 2257622134584083022.3308 519397837141  0 0 82233264  3 2807       53     219784
**083022.4158   0.085012 3036317ITT.3025;AIMAIL COMET SUN00003025100900120000003
**1060028073025310601      11      29      11      46       0       0       0   
**    01 230          
 2257622134584083022.5931 520010937142  0 0 82233264  3 2807       53      58484
**083022.6364   0.043312 3036317ITT.3025;AIMAIL COMET S.C00003025100900120000003
**1060028073025310601       8      14       8      18       0       0       0   
**    01 230          
 2257622134584083022.6564 520151037143  0 0 82233264  3 2807       72     806184
**083022.8267   0.170312 3036317ITT.3025;AIMAIL COMET A.B00003025100900120000003
**1060028073025310601      16      79      16     142       0       0       0   
**    01 230          
 22576221345840831 1.1828 420698637162  0 0 82233264  3 2807     1537     445084
**0831 1.6397   0.456912 3036317ITT.3025;AIMAIL COMET WSN00003025100900120000003
**1060028073025310601      77      98      85     124       0       0       0   
**    01 231          
 22576221345840831 3.3994 424231837162  0 0 82233264  3 2807       39      52184
**0831 3.4289   0.029412 3036317ITT.3025;AIMAIL COMET WSN00003025100900120000003
**1060028073025310601       7      13       7      17       0       0       0   
**    01 231          

-
-

-FI *.ITT

PROGRE  ITT
UD2084  ITT
BDA084  ITT
UD1084  ITT
TNT084  ITT
AST084  ITT
ARG084  ITT
INS084  ITT
DTL084  ITT
TEK084  ITT
KOR084  ITT
AT7084  ITT
SWX084  ITT
IP7084  ITT
IT7084  ITT
SG7084  ITT
IPC084  ITT
LUX084  ITT
FGN084  ITT
SAF084  ITT
ITT084  ITT
TYM084  ITT
KRX084  ITT
IRL084  ITT
CLB084  ITT
POR084  ITT
MNI084  ITT
KDD084  ITT
ITL084  ITT
ZSI084  ITT
ZCI084  ITT
FRX084  ITT
TWN084  ITT
HKG084  ITT
SWE084  ITT
TLX084  ITT
SPA084  ITT
PR1084  ITT
FFC084  ITT
DXP084  ITT
BRX084  ITT
BAH084  ITT
AT1084  ITT
ESR084  ITT
FNL084  ITT
GRE084  ITT
UNI084  ITT
ATP084  ITT
FRN084  ITT
BEL084  ITT
BRZ084  ITT
TST084  ITT
ATT084  ITT
ATT074  ITT
TIM074  ITT
BRX074  ITT
IRL074  ITT
DTL074  ITT
FGN074  ITT
ITT074  ITT
KRX074  ITT
IPC074  ITT
FRX074  ITT
KDD074  ITT
ESR074  ITT
UNI074  ITT
SG7074  ITT
SAF074  ITT
TYM074  ITT
VRS074  ITT
UD2074  ITT
UD1074  ITT
KOR074  ITT
4  ITT
TWN074  ITT
AT7074  ITT
CLB074  ITT
SPA074  ITT
PR10

-TYPE LUX084.ITT
 22576125135840803 9.6286 576305937154  0 0 85142224  0 1134      126       6684
**0803 9.6731   0.0444 1 3036317ITT.2709;                00000002709111250000003
**1060011342709310601       5       4       4       3       0       0       0   
**    01 203          
 2257612513584080310.1203 576549137143  0 0 85142224  0 1134      227     393484
**080310.1908   0.0706 1 2036317ITT.2709;                00000002709111250000003
**1060011342709310601      13      89      13     109       0       0       0   
**    01 203          
 22576262561840806 6.5300 259209337160  0 0 85142602  0 2259       45    2930084
**0806 6.6339   0.103912 2025019902259;                  00000002709111210000003
**1069022592709310601       6     257       6     487       0       0       0   
**    01 206          
 22576125135840806 8.2069 260220537174  0 0 85142224  0 1134      389    1593384
**0806 8.4153   0.2083 1 2036317ITT.2709;                00000002709111250000003
**1060011342709310601      34     257      34     358       0       0       0   
**    01 206          
 22576125135840806 8.5183 260391237173  0 0 85143113  1 2095       21      23884
**0806 8.5336   0.0153 1 2036317ITT.2709;COMMODEX.02 INTE00000002709111430000003
**1060020952709310601       3       7       3       9       0       0       0   
**    01 206          
 2257626256184080614.7500 267724937164  0 0 85142602  0 2259     1810      17284
**080614.7742   0.024212 3025019902259;                  00000002709111210000003
**1069022592709310601      72      11      81      12       0       0       0   
**    01 206          
 2257612513584080616.4906 272548437152  0 0 85143113  1 2095       22     492484
**080616.5514   0.0608 1 2036317ITT.2709;COMMODEX.02 INTE00000002709111430000003
**1060020952709310601       4      50       4      88       0       0       0   
**    01 206          
 2257626256184080712.6569 108797037142  0 0 85142667  0 2259       67     533784
**080712.7633   0.106412 3025019902259;                  00000002709111210000003
**1069022592709310601      17      56      17      98       0       0       0   
**    01 207          
 22576262605840808 9.1178 148759037170  0 0 8514 121 24  113     1187    1910284
**0808 9.5525   0.4347 1 30142820113;                    00000002709111140000000
**0310601132709310601      60     197      64     345       0       0       0   
**    01 208          
 2257615006584080816.4100 588402237141  0 0 8514 436 41  305      164    2324284
**080816.7344   0.324412 305239891000305;                00000002709111480000310
**6910003052709310601      24     215      23     393       0       0       0   
**    01 208          
 2257612513584080911.5194 150345037160  0 0 85142224  0 1134      192      68884
**080911.5461   0.0267 1 3036317ITT.2709;                00000002709111250000003
**1060011342709310601      11      31      10      30       0       0       0   
**    01 209          
 22576150065840809 7.0881 617157037165  0 0 8514 436 44  305       26     184784
**0809 7.1269   0.038912 305239891000305;                00000002709111480000310
**6910003052709310601       5      24       5      38       0       0       0   
**    01 209          
 22576125135840809 8.5411 618052937161  0 0 85142224  0 1134      249     501084
**0809 8.6589   0.1178 1 3036317ITT.2709;                00000002709111250000003
**1060011342709310601      17     105      16     130       0       0       0   
**    01 209          
 2257630051484080910.5164 619147937145  0 0 85143556 14   98      161     283184
**080910.6603   0.1439 1 30142820098;LUXMKG$F,@E $FLT,LUX00000002709111310000000
**0310600982709310601      18      47      18      67       0       0       0   
**    01 209          
 22576125135840810 9.0906 191288637144  0 0 85142224  0 1134      372    1937584
**0810 9.4008   0.3103 1 2036317ITT.2709;                00000002709111250000003
**1060011342709310601      28     249      28     390       0       0       0   
**    01 210          
 2257626260584081013.3244 306433937156  0 0 8514 121 22  113       47      32884
**081013.3472   0.0228 1 20142820113;                    00000002709111140000000
**0310601132709310601       5      11       5      14       0       0       0   
**    01 210          
 2257626260584081013.3519 306488037146  0 0 8514 121 24  113       35      42684
**081013.4056   0.0536 1 30142820113;                    00000002709111140000000
**0310601132709310601       7      12       7      15       0       0       0   
**    01 210          
 2257626260584081013.7208 307274537154  0 0 8514 121 21  113      332     159584
**081013.8081   0.0872 1 20142820113;                    00000002709111140000000
**0310601132709310601      24      34      24      50       0       0       0   
**    01 210          
 2257626260584081311.5858 192823937162  0 0 8514 121 33  113      107     102684
**081311.6364   0.0506 1 20142820113;                    00000002709111140000000
**0310601132709310601      14      25      14      33       0       0       0   
**    01 213          
 22576262605840813 7.5864 481367037144  0 0 8514 121 33  113      851     411784
**0813 7.8403   0.2539 1 30142820113;                    00000002709111140000000
**0310601132709310601      57      69      57     100       0       0       0   
**    01 213          
 2257612513584081422.5456 268604737147  0 0 85143113  1 2095       21     834384
**081422.6353   0.0897 1 2036317ITT.2709;COMMODEX.02 INTE00000002709111430000003
**1060020952709310601       3      72       3     139       0       0       0   
**    01 214          
 22576125135840817 9.0406 409048637157  0 0 85142224  0 1134      126       6684
**0817 9.0669   0.0264 1 3036317ITT.2709;                00000002709111250000003
**1060011342709310601       5       4       4       3       0       0       0   
**    01 217          
 2257626260584081713.8447 623416437146  0 0 8514 121 21  113     1041      69184
**081714.0183   0.1736 1 30142820113;                    00000002709111140000000
**0310601132709310601      51      36      55      40       0       0       0   
**    01 217          
 2257626260584081713.9992 623737337160  0 0 8514 121 15  113     4360    1411984
**081714.9139   0.9147 1 20142820113;                    00000002709111140000000
**0310601132709310601     228     237     257     350       0       0       0   
**    01 217          
 2257612513584082110.0756 349124437144  0 0 85142224  0 1134      162      31884
**082110.0894   0.0139 1 2036317ITT.2709;                00000002709111250000003
**1060011342709310601       8      13       8      14       0       0       0   
**    01 221          
 2257612513584082111.9681 420092837171  0 0 85142224  0 1134      172      31284
**082112.0036   0.0356 1 2036317ITT.2709;                00000002709111250000003
**1060011342709310601      10      18       9      17       0       0       0   
**    01 221          
 2257615006584082116.3472 430319737150  0 0 8514 436 40  305      335     975784
**082116.7211   0.373912 205239891000305;                00000002709111480000310
**6910003052709310601      45     232      47     295       0       0       0   
**    01 221          
 2257630051484082214.2114 156368837144  0 0 85143556 14   98      104     224784
**082214.3694   0.1581 1 30142820098;LUXMKG$F,@E/RM $FLT,00000002709111310000000
**0310600982709310601      22      52      22      63       0       0       0   
**    01 222          
 22576125135840822 8.6664 460926937152  0 0 85142224  0 1134      126       6684
**0822 8.

-FI *.ITT

PROGRE  ITT
UD2084  ITT
BDA084  ITT
UD1084  ITT
TNT084  ITT
AST084  ITT
ARG084  ITT
INS084  ITT
DTL084  ITT
TEK084  ITT
KOR084  ITT
AT7084  ITT
SWX084  ITT
IP7084  ITT
IT7084  ITT
SG7084  ITT
IPC084  ITT
LUX084  ITT
FGN084  ITT
SAF084  ITT
ITT084  ITT
TYM084  ITT
KRX084  ITT
IRL084  ITT
CLB084  ITT
POR084  ITT
MNI084  ITT
KDD084  ITT
ITL084  ITT
ZSI084  ITT
ZCI084  ITT
FRX084  ITT
TWN084  ITT
HKG084  ITT
SWE084  ITT
TLX084  ITT
SPA084  ITT
PR1084  ITT
FFC084  ITT
DXP084  ITT
BRX084  ITT
BAH084  ITT
AT1084  ITT
ESR084  ITT
FNL084  ITT
GRE084  ITT
UNI084  ITT
ATP084  ITT
FRN084  ITT
BEL084  ITT
BRZ084  ITT
TST084  ITT
ATT084  ITT
ATT074  ITT
TIM074  ITT
BRX074  ITT
IRL074  ITT
DTL074  ITT
FGN074  ITT
ITT074  ITT
KRX074  ITT
IPC074  ITT
FRX074  ITT
KDD074  ITT
ESR074  ITT
UNI074  ITT
SG7074  ITT
SAF074  ITT
TYM074  ITT
VRS074  ITT
UD2074  ITT
UD1074  ITT
KOR074  ITT
SWX074  ITT
TWN074  ITT
AT7074  ITT
CLB074  ITT
SPA074  ITT
PR1074  ITT
TLX074  ITT
MNI074  ITT
POR074  ITT
ZSI074  ITT
HKG074  ITT
ZCI074  ITT
FFC074  ITT
BAH074  ITT
BDA074  ITT
AT1074  ITT
ARG074  ITT
AST074  ITT
SW

-TYPE I\I\FGN084.ITT
 2257615754484080111.4125 295113737162  0 0 82312011  0 2657      234    1303884
**080111.6100   0.197510 3036317ITT.7240:.00;            00724090900100740000310
**6002657007240310601      13     117      13     211       0       0       0   
**    01 201          
 2257615754484080111.6306 295276237146  0 0 82312011  0 2657      233    1404884
**080111.8522   0.221710 3036317ITT.7240:.00;            00724090900100740000310
**6002657007240310601      16     137      16     236       0       0       0   
**    01 201          
 22576157544840801 9.7992 534179337171  0 0 8231 277 36  252    21426    2133584
**080112.5256   2.726410 3036317ITT.7240;C JJ GPS SGG721,00724090900100300000003
**1060002527240310601    1172     191    1328     352       0       0       0   
**    01 101          
 22576157544840802 9.6919 230303337164  0 0 8231 277 37  252    20405     295884
**080211.7836   2.091710 2036317ITT.7240;C JJ GPS SGG721,00724090900100300000003
**1060002527240310601    1120      52    1265      71       0       0       0   
**    01 102          
 2257615754484080212.5133 536598037143  0 0 8231 277 37  252       68      54384
**080212.5692   0.055810 2036317ITT.7240;C C JJ GPS JJ GP00724090900100300000003
**1060002527240310601      10      16      10      20       0       0       0   
**    01 102          
 2257630335784080212.5797 536704137143  0 0 82313762  0 3607      185     272884
**080212.6708   0.091110 3020387903607;                  00724090900100300000003
**1069036077240310601      15      54      15      69       0       0       0   
**    01 102          
 2257630335784080212.7867 537056637147  0 0 82313762  0 3607     3213    4622584
**080213.5667   0.780010 3020387903607;                  00724090900100300000003
**1069036077240310601     251     476     251     793       0       0       0   
**    01 102          
 2257615754484080217.0764 547958937144  0 0 82312011  0 2657      148     347884
**080217.2328   0.156410 3036317ITT.7240:.00;            00724090900100740000310
**6002657007240310601       8      52       8      75       0       0       0   
**    01 202          
 2257614313284080217.7719 549965837147  0 0 82312264  0  803      499     621884
**080218.1472   0.375310 30  121900803;                  00724091900100640000003
**1069008037240310601      25     105      25     138       0       0       0   
**    01 202          
 2257614313284080218.1639 551196137143  0 0 82312264  0  803      377    1051084
**080218.7222   0.558310 30  121900803;                  00724091900100640000003
**1069008037240310601      16     123      16     195       0       0       0   
**    01 202          
 2257614313284080218.6867 552827337147  0 0 82312264  0  803      148      35184
**080218.7017   0.015010 30  121900803;                  00724091900100640000003
**1069008037240310601       5      11       5      11       0       0       0   
**    01 202          
 2257614313284080218.7128 552911337147  0 0 82312264  0  803      148      31884
**080218.7322   0.019410 30  121900803;                  00724091900100640000003
**1069008037240310601       5      10       5      10       0       0       0   
**    01 202          
 2257615754484080219.9133 556579937142  0 0 82312011  0 2657      534     522584
**080220.2325   0.319210 3036317ITT.7240:.00;            00724090900100740000310
**6002657007240310601      31      87      31     116       0       0       0   
**    01 202          
 2257630335784080221.6233 561798437142  0 0 82313762  0 3607     1547    7659284
**080222.5025   0.879210 3020387903607;                  00724090900100300000003
**1069036077240310601      39     682      47    1228       0       0       0   
**    01 102          
 2257615754484080320.1094 314639337142  0 0 82312260  0 2172      173     353584
**080320.2528   0.143310 3036317ITT.7240:.01;            00724090900100630000310
**6002172017240310600      13      97      13     116       0       0       0   
**    01 203          
 2257615754484080320.5850 316100137142  0 0 82312260  0 2172     3693    5505684
**080323.0322   2.447210 3036317ITT.7240:.01;            00724090900100630000310
**6002172017240310600     522    2350     522    2575       0       0       0   
**    01 203          
 2257630335784080321.5014 318759437144  0 0 82313762  0 3607     3316    2605984
**080321.9597   0.458310 3020387903607;                  00724090900100300000003
**1069036077240310601     101     343     125     516       0       0       0   
**    01 103          
 2257615754484080312.2622 398992837171  0 0 82312011  0 2657      157     946684
**080312.3961   0.133910 3036317ITT.7240:.00;            00724090900100740000310
**6002657007240310601       9     116       9     180       0       0       0   
**    01 203          
 2257615754484080314.2550 402780437163  0 0 82312011  0 2657      633     871684
**080314.5417   0.286710 3036317ITT.7240:.00;            00724090900100740000310
**6002657007240310601      38     109      38     166       0       0       0   
**    01 203          
 2257614313284080314.5956 403654937146  0 0 82312264  0  803       92      14984
**080314.5994   0.003910 30  121900803;                  00724090900100310000003
**1069008037240310601       2       4       2       5       0       0       0   
**    01 203          
 2257615754484080318.7422 415337237141  0 0 82312260  0 2172      631    1076584
**080319.6733   0.931110 2036317ITT.7240:.01;            00724090900100630000310
**6002172017240310600      74     379      74     432       0       0       0   
**    01 203          
 2257615754484080319.0508 416266437143  0 0 82312011  0 2657      551     627384
**080319.3064   0.255610 3036317ITT.7240:.00;            00724090900100740000310
**6002657007240310601      31      92      31     129       0       0       0   
**    01 203          
 2257615754484080319.9528 418964937144  0 0 82312260  0 2172       52      18184
**080319.9581   0.005310 2036317ITT.7240:.01;            0072409090

-LOG
69.49 tru
terminal time: 0:05:05
 KQ	ç