
.
.
.TYM

-
-GFD ACC
?not a valid user

-GFD INTLACCTG

-TYM

-FI *.ITT


-TYPE SG0\0\7084.ITT
 2257615754384080123.9550 221100737141  0 0 82282724124 1341       25      38384
**080123.9675   0.012512 2036317ITT.5252:.04;COMET SINGAP00000052521140380000310
**6001341045252310601       6      11       6      14       0       0       0   
**    01 201          
 2257630113784080112.2839 295997037146  0 0 82284255  3  280     5914     860984
**080112.4322   0.148312 20142820280;                    00000052521140760000000
**0310602805252310601     200      78     236     145       0       0       0   
**    01 201          
 2257616123684080113.8231 298885837142  0 0 82282601  0 1304       32       8484
**080113.8378   0.014712 3025019901304;                  00000052521145700000003
**1069013045252310601       5      11       5      12       0       0       0   
**    01 201          
 2257616123684080113.8992 299052837147  0 0 82282601  0 1304       15       6984
**080113.9117   0.012512 3025019901304;                  00000052521145700000003
**1069013045252310601       3       7       3       7       0       0       0   
**    01 201          
 2257616123684080113.9836 299236637155  0 0 82282601  0 1304       15       6984
**080113.9939   0.010312 3025019901304;                  00000052521145700000003
**1069013045252310601       3       7       3       8       0       0       0   
**    01 201          
 2257616123684080114.3997 300268137167  0 0 82282601  0 1304       15       6984
**080114.4133   0.013612 3025019901304;                  00000052521145700000003
**1069013045252310601       4       8       3       7       0       0       0   
**    01 201          
 2257616123684080114.6775 300979837163  0 0 82282601  0 1304       15       6984
**080114.6917   0.014212 3025019901304;                  00000052521145700000003
**1069013045252310601       4       8       3       7       0       0       0   
**    01 201          
 2257616123684080115.4861 303197337146  0 0 82282601  0 1304       15       6984
**080115.5097   0.023612 3025019901304;                  00000052521145700000003
**1069013045252310601       4       8       3       7       0       0       0   
**    01 201          
 2257616123684080116.8511 307110137147  0 0 82282601  0 1304       15      12684
**080117.1050   0.253912 2025019901304;                  00000052521145700000003
**1069013045252310601       5      11       3       9       0       0       0   
**    01 201          
 2257616123684080117.5553 308954337142  0 0 82282601  0 1304       15       6984
**080117.5753   0.020012 3025019901304;                  00000052521145700000003
**1069013045252310601       4       8       3       7       0       0       0   
**    01 201          
 2257616123684080117.8214 309677637141  0 0 82282601  0 1304        0       4884
**080117.8381   0.016712 3025019901304;                  00000052521145700000003
**1069013045252310601       2       4       1       3       0       0       0   
**    01 201          
 22576301007840801 0.0469 525194537155  0 0 8228  54 36  196       38     726684
**0801 0.0817   0.034712 30142820196;C61,IBP006, BANKERS 00000052521145390000000
**0310601965252310601       9      64       8     105       0       0       0   
**    01 101          
 22576300323840801 0.1536 525398937141  0 0 8228 277 16  252        6        084
**0801 0.1653   0.011712 20142810252;                    00000052521146460000000
**0310602525252310601       9       7       8       6       0       0       0   
**    01 101          
 22576300323840801 0.1989 525485337142  0 0 8228 277 16  252        0        084
**0801 0.2028   0.003912 30142810252;                    00000052521146460000000
**0310602525252310601       2       6       1       5       0       0       0   
**    01 101          
 22576300323840801 0.2875 525640737153  0 0 8228 277 17  252       65      27384
**0801 0.3050   0.017512 20142810252;         {C MM  {GPS00000052521146460000000
**0310602525252310601      16      12      16      13       0       0       0   
**    01 101          
 22576300323840801 0.3153 525687937151  0 0 8228 277 17  252      146     156084
**0801 0.4208   0.105612 20142810252;       C  {MM MM GPS00000052521146460000000
**0310602525252310601      38      42      35      47       0       0       0   
**    01 101          
 22576161236840801 0.4514 525912637147  0 0 82282601  0 1304       32      72784
**0801 0.5222   0.070812 3025019901304;                  00000052521145700000003
**1069013045252310601       7      15       6      19       0       0       0   
**    01 201          
 22576157543840801 0.6094 526176837155  0 0 8228  54 37  196       49      40484
**0801 0.6378   0.028312 2036317ITT.5252;ZZZ646, YVONNE R00000052521146530000003
**1060001965252310601       8      16       8      19       0       0       0   
**    01 101          
 22576300323840801 0.6328 526215437141  0 0 8228 277 17  252       43    2080184
**0801 0.7006   0.067812 20142810252;C C C JJ GPS SBB841,00000052521145360000000
**0310602525252310601      10     175      10     336       0       0       0   
**    01 101          
 22122157543840801 0.7608 526421837141  0 0 8214  54 36  196      206   38559584
**0801 1.9014   1.140612 3036317ITT.5252; C62,ULN001, JOY00000052521146180000003
**1070001965252310701      15    3034      15    6045       0       0       0   
**    01 101          
 22122157543840801 0.8975 526643637143  0 0 8214 277 17  252      141     480684
**0801 0.9697   0.072212 2036317ITT.5252; c c c c cc  tt 00000052521145120000003
**1070002525252310701      23      52      23      89       0       0       0   
**    01 101          
 22576143124840801 0.9003 526647837141  0 0 82282011  0   61      120       8484
**0801 0.9094   0.009212 30  121900061;             

-LOG
16.00 tru
terminal time: 0:00:55
