
.TYM

-
-GFD INTLACCTG

-FI *.ITT

PROGRE  ITT
UD2084  ITT
BDA084  ITT
UD1084  ITT
TNT084  ITT
AST084  ITT
ARG084  ITT
INS084  ITT
DTL084  ITT
TEK084  ITT
KOR084  ITT
AT7084  ITT
SWX084  ITT
IP7084  ITT
IT7084  ITT
SG7084  ITT
IPC084  ITT
LUX084  ITT
FGN084  ITT
SAF084  ITT
ITT084  ITT
TYM084  ITT
KRX084  ITT
IRL084  ITT
CLB084  ITT
POR084  ITT
MNI084  ITT
KDD084  ITT
ITL084  ITT
ZSI084  ITT
ZCI084  ITT
FRX084  ITT
TWN084  ITT
HKG084  ITT
SWE084  ITT
TLX084  ITT
SPA084  ITT
PR1084  ITT
FFC084  ITT
DXP084  ITT
BRX084  ITT
BAH084  ITT
AT1084  ITT
ESR084  ITT
FNL084  ITT
GRE084  ITT
UNI084  ITT
ATP084  ITT
FRN084  ITT
BEL084  ITT
BRZ084  ITT
TST084  ITT
ATT084  ITT
ATT074  ITT
TIM074  ITT
BRX074  ITT
IRL074  ITT
DTL074  ITT
FGN074  ITT
ITT074  ITT
KRX074  ITT
IPC074  ITT
FRX074  ITT
KDD074  ITT
ESR074  ITT
UNI074  ITT
SG7074  ITT
SAF074  ITT
TYM074  ITT
VRS074  ITT
UD2074  ITT
UD1074  ITT
KOR074  ITT
SWX074  ITT
TWN074  ITT
AT7074  ITT
CLB074  ITT
SPA074  ITT
PR1074  ITT
TLX074  ITT
MNI074  ITT
POR074  ITT
ZSI074  ITT
HKG074  ITT
ZCI074  ITT
FFC074  ITT
BAH074  ITT
BDA074  ITT
AT1074  ITT
ARG074  ITT
AST074  ITT
SWE074  ITT
BEL

-TYPE SAF084.ITT
 2257630142284080119.8653 210885437143  0 0 82302264  0  423      190     398384
**080119.9442   0.0789 1 30142820423;                    00000065502902910000000
**0310604236550310600      16      70      16      97       0       0       0   
**    01 201          
 2257630142284080120.3719 212486137143  0 0 82302264  0  423      437     636984
**080120.6039   0.2319 1 30142820423;                    00000065502901920000000
**0310604236550310600      44     142      42     181       0       0       0   
**    01 201          
 2257630142284080120.7972 213811037143  0 0 82302264  0  423     2577     922384
**080122.7372   1.9400 1 30142820423;                    00000065502902810000000
**0310604236550310600     125     197     136     256       0       0       0   
**    01 201          
 2257616123684080111.2247 294981537143  0 0 82302601  0 1304     5229      17284
**080111.2564   0.0317 1 2025019901304;                  00000065502901910000003
**1069013046550310601      64       9     101      10       0       0       0   
**    01 201          
 2257625305384080111.7150 295348337162  0 0 82304322  0 5854     2332     707484
**080111.9903   0.2753 1 3055557905854;                  00000065502903830000003
**1069058546550310601      89      77      89     123       0       0       0   
**    01 201          
 2257626260284080111.8433 295456137155  0 0 82302011  0   61     1225    1664184
**080112.1336   0.2903 1 20142820061;                    00000065502902920000000
**0310600616550310601     121     287      99     382       0       0       0   
**    01 201          
 2257614313284080111.9600 295569237142  0 0 82302264  0  803      344    1305284
**080112.1286   0.1686 1 30  121900803;                  00000065502900910000003
**1069008036550310601      19     196      18     278       0       0       0   
**    01 201          
 2257622135184080112.1406 295786037142  0 0 82302335  0 1288      393     144484
**080112.1825   0.0419 1 3036317ITT.6550:.00;            00000065502902910000310
**6001288006550310611      13      22      13      30       0       0       0   
**    01 201          
 2257626260284080112.2117 295889837142  0 0 82302011  0   61      510     474784
**080112.3175   0.1058 1 30142820061;                    00000065502902920000000
**0310600616550310601      40      97      33     119       0       0       0   
**    01 201          
 2257622135184080112.3431 296074037156  0 0 8230  54 41  196       97      97484
**080112.4072   0.0642 1 2036317ITT.6550;KMG KMG,TELEMAA 00000655025901800000003
**1060001966550310601      14      28      14      35       0       0       0   
**    01 101          
 2257622135184080112.4103 296170037156  0 0 8230  54 42  196      425     187584
**080112.5831   0.1728 1 2036317ITT.6550;KMG KMG,TELEMAA 00000655025901800000003
**1060001966550310601      35      50      38      61       0       0       0   
**    01 101          
 2257622135184080112.4853 296280737165  0 0 8230  54 41  196       67      72184
**080112.5381   0.0528 1 3036317ITT.6550;kmg kmg,telemaa 00000655025901800000003
**1060001966550310601      12      23      10      26       0       0       0   
**    01 101          
 2257622135184080112.5819 296436437173  0 0 8230  54 41  196      382     201284
**080112.7247   0.1428 1 2036317ITT.6550;KMM KMM,SAFENGR 00000655025901800000003
**1060001966550310601      28      62      29      74       0       0       0   
**    01 101          
 2257625305384080112.6328 296514037164  0 0 82304322  0 5854      320     305984
**080112.7192   0.0864 1 3055557905854;                  00000065502903810000003
**1069058546550310601      17      36

-TYPE ITT.\.\084.ITT
 2257630100784080119.6836 210319437143  0 0 8224  54 45  196        0       1584
**080119.6889   0.0053 1 30142820196;                    00310321210299990000000
**0310601963103310601       1       1       1       1       0       0       0   
**    01 101          
 2257630100784080120.7303 213611837143  0 0 8224  54 45  196        0       1584
**080120.7375   0.0072 1 30142820196;                    00310321210299990000000
**0310601963103310601       1       1       1       1       0       0       0   
**    01 101          
 2257630100784080121.5139 215787337142  0 0 8224  54 46  196        0       1584
**080121.5194   0.0056 1 30142820196;                    00310321210299990000000
**0310601963103310601       1       1       1       1       0       0       0   
**    01 101          
 2257630100784080121.8053 216516437145  0 0 8224  54 46  196        0       1584
**080121.8103   0.0050 1 30142820196;                    00310321210299990000000
**0310601963103310601       1       1       1       1       0       0       0   
**    01 101          
 2257630100784080122.8489 218829037150  0 0 8224  54 46  196        0       1584
**080122.8542   0.0053 1 30142820196;                    00310321210299990000000
**0310601963103310601       1       1       1       2       0       0       0   
**    01 101          
 2257630100784080123.8828 220954637150  0 0 8224  54 46  196        0       1584
**080123.8892   0.0064 1 30142820196;                    00310321210299990000000
**0310601963103310601       1       1       1       1       0       0       0   
**    01 101          
 2257630100784080111.3025 295035837147  0 0 8224  54 42  196        0       1584
**080111.3064   0.0039 1 30142820196;                    00310321210299990000000
**0310601963103310601       1       1       1       1       0       0       0   
**    01 101          
 2257630100784080111.9983 295606537157  0 0 8224  54 41  196        0       1584
**080112.0044   0.0061 1 30142820196;                    00310321210299990000000
**0310601963103310601       1       1       1       1       0       0       0   
**    01 101          
 2257630100784080113.0383 297223737165  0 0 8224  54210  196        0        084
**080113.0392   0.0008 1 90142820196;                    00310321210299990000000
**0310601963103310601       1       1       1       1       0       0       0   
**    01 101          
 2257630100784080113.7136 298645037147  0 0 8224  54 45  196        0       1584
**080113.7186   0.0050 1 30142820196;                    00310321210299990000000
**0310601963103310601       1       1       1       1       0       0       0   
**    01 101          
 2257630100784080114.8639 301441637155  0 0 8224  54 42  196        0       1584
**080114.8697   0.0058 1 30142820196;                    00310321210299990000000
**0310601963103310601       1       1       1       1       0       0       0   
**    01 101          
 2257630100784080115.8133 304252037154  0 0 8224  54 46  196        0       1584
**080115.8189   0.0056 1 30142820196;                    00310321210299990000000
**0310601963103310601       1       1       1       1       0       0       0   
**    01 101          
 2257630100784080115.9067 304534137147  0 0 8224  54 46  196        0       1584
**080115.9122   0.0056 1 30142820196;                    00310321210299990000000
**0310601963103310601       1       1       1       1       0       0       0   
**    01 101          
 2257630100784080116.0278 304883137142  0 0 8224  54 46  196        0       1584
**080116.0319   0.0042 1 30142820196;                    00310321210299990000000
**0310601963103310601       1       1       1       1       0       0       0   
**    01 101          
 2257630100784080117.0756 307671937150  0 0 8224  54 46  196        0       1584
**080117.0814   0.0058 1 30142820196;                    00310321210299990000000
**0310601963103310601       1       1       1       1       0       0       0   
**    01 101          
 2257630100784080118.1097 310525437143  0 0 8224  54 46  196        0       1584
**080118.1164   0.0067 1 30142820196;                    00310321210299990000000
**0310601963103310601       1       1       1       1       0       0       0   
**    01 101          
 2257630100784080119.0197 313174537143  0 0 8224  54 46  196        0       1584
**080119.0247   0.0050 1 30142820196;                    00310321210299990000000
**0310601963103310601       1       1       1       1       0       0       0   
**    01 101          
 22576301007840801 0.0664 525230737157  0 0 8224  54 46  196        0        084
**0801 0.0861   0.0197 1 30142820196;                    00310321210299990000000
**0310601963103310601       1       1       1       0       0       0       0   
**    01 101          
 22576157533840801 1.0431 526887937147  0 0 85162175  0 3009       27       2984
**0801 1.0642   0.021114 3036317ITT.3108:.00;            00000000031080010000310
**6003009003108310600       2       2       2       2       0       0       0   
**    01 201          
 22576301007840801 1.1092 526995237153  0 0 8224

-FI *.ITT

PROGRE  ITT
UD2084  ITT
BDA084  ITT
UD1084  ITT
TNT084  ITT
AST084  ITT
ARG084  ITT
INS084  ITT
DTL084  ITT
TEK084  ITT
KOR084  ITT
AT7084  ITT
SWX084  ITT
IP7084  ITT
IT7084  ITT
SG7084  ITT
IPC084  ITT
LUX084  ITT
FGN084  ITT
SAF084  ITT
ITT084  ITT
TYM084  ITT
KRX084  ITT
IRL084  ITT
CLB084  ITT
POR084  ITT
MNI084  ITT
KDD084  ITT
ITL084  ITT
ZSI084  ITT
ZCI084  ITT
FRX084  ITT
TWN084  ITT
HKG084  ITT
SWE084  ITT
TLX084  ITT
SPA084  ITT
PR1084  ITT
FFC084  ITT
DXP084  ITT
BRX084  ITT
BAH084  ITT
AT1084  ITT
ESR084  ITT
FNL084  ITT
GRE084  ITT
UNI084  ITT
ATP084  ITT
FRN084  ITT
BEL084  ITT
BRZ084  ITT
TST084  ITT
ATT084  ITT
ATT074  ITT
TIM074  ITT
BRX074  ITT
IRL074  ITT
DTL074  ITT
FGN074  ITT
ITT074  ITT
KRX074  ITT
IPC074  ITT
FRX074  ITT
KDD074  ITT
ESR074  ITT
UNI074  ITT
SG7074  ITT
SAF074  ITT
TYM074  ITT
VRS074  ITT
UD2074  ITT
UD1074  ITT
KOR074  ITT
SWX074  ITT
TWN074  ITT
AT7074  ITT
CLB074  ITT
SPA074  ITT
PR1074  ITT
TLX074  ITT
MNI074  ITT
POR074  ITT
ZSI074  ITT
HKG074  ITT
ZCI074  ITT
FFC074  ITT
BAH074  ITT
BDA074  ITT
AT1074  ITT
ARG074  

-TYPE TYM084.ITT
 2257612467684080123.7139 220624937142  0 0 82673137  0  581        2      18084
**080123.7181   0.0042 1 2036317ITT.4408;                00310605810000080000003
**1060005813106310611       8      11       8      12       4       6   14650  1
**224431 201          
 2257621253284080111.9308 295540437160  0 0 82673137  0  581      250    7248784
**080112.7372   0.8064 1 3036317ITT.2069;                00310605810000690000003
**1060005813106310611      34     612      34    1166      20     540    7145   
**583101 201          
 2257621253284080112.7533 296715937155  0 0 82673137  0  581      258    6795684
**080113.4706   0.7172 1 2036317ITT.2069;                00310605810000690000003
**1060005813106310611      39     688      38    1171      32     553    9692   
**826041 201          
 2257612467684073123.9017 524921737142  0 0 82673137  0  581      209     753884
**0801 0.1181   0.2164 1 2036317ITT.4408;                00310605810000080000003
**1060005813106310611      23      94      23     143      19      73   13218  1
**098761 201          
 22576124676840801 0.2381 525554137144  0 0 82673137  0  581      616    2459384
**0801 0.7786   0.5406 1 2036317ITT.4408;                00310605810000080000003
**1060005813106310611      40     258      40     434      36     215   13262  1
**102931 201          
 22576124676840801 0.6189 526191137142  0 0 82673137  0  581       30     155084
**0801 0.6508   0.0319 1 2036317ITT.4408;                00310605810000080000003
**1060005813106310611      12      25      12      38       8      19    7106   
**571851 201          
 22576124676840801 0.9522 526731137143  0 0 82673137  0  581      227      93484
**0801 1.0256   0.0733 1 2036317ITT.4408;                00310605810000080000003
**1060005813106310601      21      28      21      33      17      21   13282  1
**103311 201          
 22576124676840801 4.0431 530289537145  0 0 82673137  0  581      218     337184
**0801 4.1581   0.1150 1 2036317ITT.4408;                00310605810000080000003
**1060005813106310611      23      47      23      70      19      39   13431  1
**110021 201          
 22576124676840801 4.8531 530941437143  0 0 82673137  0  581      392    1101184
**0801 5.1489   0.2958 1 2036317ITT.4408;                00310605810000080000003
**1060005813106310611      53     139      49     207      53     122   13479  1
**112191 201          
 22576124676840801 6.3806 532028637154  0 0 82673137  0  581      110     532784
**0801 6.5042   0.1236 1 2036317ITT.4408;                00310605810000080000003
**1060005813106310611      18      60      18     100      14      53    9538   
**807431 201          
 22576124676840802 1.1547 223337137151  0 0 82673137  0  581      699    2908884
**0802 1.9344   0.7797 1 2036317ITT.4408;                00310605810000080000003
**1060005813106310611      42     279      43     494      38     252   14709  1
**229661 202          
 22576124676840802 3.8389 226502437141  0 0 82673137  0  581      313    1263984
**0802 4.0950   0.2561 1 2036317ITT.4408;                00310605810000080000003
**1060005813106310611      21     128      21     222      17     110   14736  1
**232041 202          
 22576124676840802 5.4153 227716837151  0 0 82673137  0  581      238     134284
**0802 5.5086   0.0933 1 2036317ITT.4408;                00310605810000080000003
**1060005813106310611      23      31      23      37      19      24   14803  1
**233561 202          
 22576124676840802 5.4614 227748137153  0 0 82673137  0  581      332     604384
**0802 5.7094   0.2481 1 2036317ITT.4408;                00310605810000080000003
**1060005813106310611      37      79      36     121      34      70    7316   
**612451 202          
 22576124676840802 6.8058 228632237142  0 0 82673137  0  581       14      26184
**0802 6.8208   0.0150 1 3036317ITT.4408;                00310605810000080000003
**1060005813106310611       9      12       9      14       0       0       0   
**    01 202          
 22576157541840802 7.0303 228772637146  0 0 82673137  0  581      223     493484
**0802 7.2397   0.2094 1 2036317ITT.5053;                00310605810000530000003
**1060005813106310611      31      62      31      98      24      54   10691   
**910981 202          
 22576124676840802 9.0611 229965637177  0 0 82673137  0  581        2      13984
**0802 9.0647   0.0036 1 2036317ITT.4408;                00310605810000080000003
**1060005813106310611       6       9       6       9       3       4   14989  1
**238131 202          
 22576124676840803 1.0503 568896237152  0 0 82673137  0  581       21      45484
**0803 1.0667   0.0164 1 2036317ITT.4408;                00310605810000080000003
**1060005813106310611      11      18      11      21       7      10   15902  1
**338501 203          
 22576124676840803 1.2017 569153937147  0 0 82673137  0  581      330      91884
**0803 1.2844   0.0828 1 2036317ITT.4408;                00310605810000080000003
**1060005813106310611      21      27      21      33      17      21   15924  1
**339001 203          
 22576124676840803 1.2333 569206637142  0 0 82673137  0  581     1284    877158

-TYPE KRX084.ITT
 22576 5124184080120.9514 214254337144  0 0 85182134  0  395      226     853784
**080121.0531   0.101712 3036317ITT.4501;                00450177130600260000003
**1060003954501310600      24     251      23     271       0       0       0   
**    01 101          
 22576 5124184080121.6206 216062837142  0 0 85182134  0  395      183     372084
**080121.6864   0.065812 3036317ITT.4501;                00450177130600260000003
**1060003954501310600      14     124      14     127       0       0       0   
**    01 101          
 22576 5124184080121.7131 216291337142  0 0 85182134  0  395      222    1228984
**080121.8136   0.100612 3036317ITT.4501;                00450177130600260000003
**1060003954501310600      20     329      20     375       0       0       0   
**    01 101          
 2257630032384080122.2364 217498137144  0 0 8518 277 17  252       77    3595484
**080122.3797   0.143312 20142810252;                C FF00450177130600300000000
**0310602524501310601      29     297      29     578       0       0       0   
**    01 101          
 22576 5124184080122.6039 218301037145  0 0 85182134  0  395      239     722784
**080122.6722   0.068312 3036317ITT.4501;                00450177130600260000003
**1060003954501310600      26     259      26     269       0       0       0   
**    01 101          
 22576 5124184080122.7006 218499037144  0 0 85182134  0  395      164     132884
**080122.7164   0.015812 3036317ITT.4501;                00450177130600240000003
**1060003954501310600      11      49      11      51       0       0       0   
**    01 101          
 22576 5124184080122.7900 218697837144  0 0 85182134  0  395      591    1341584
**080123.1244   0.334412 3036317ITT.4501;             450177130600330000003
**1060003954501310600      99     444      99     509       0       0       0   
**    01 101          
 22576 5124184080123.3000 219800537146  0 0 85182134  0  395      260    1711184
**080123.4006   0.100612 3036317ITT.4501;                00450177130600330000003
**1060003954501310600      26     453      26     499       0       0       0   
**    01 101          
 2257630100784080123.4931 220192137142  0 0 8518  54 37  196      365    1537484
**080123.6947   0.201712 20142820196;kmg kmg,telemaa mail00450177130600210000000
**0310601964501310601      75     188      74     299       0       0       0   
**    01 101          
 2257630100784080123.8511 220892937142  0 0 8518  54 37  196      158     549184
**080123.9386   0.087512 20142820196;kmg kmg,telemaa mail00450177130600210000000
**0310601964501310601      28      76      28     118       0       0       0   
**    01 101          
 22576 5124184080111.0700 294862737144  0 0 85182134  0  395      192      55284
**080111.0919   0.0219 1 3036317ITT.4501;                00450177130600370000003
**1060003954501310600      12      24      12      25       0       0       0   
**    01 101          
 22576 5124184080111.0986 294880137144  0 0 85182134  0  395      222      63684
**080111.1292   0.030612 3036317ITT.4501;                00450177130600370000003
**1060003954501310600      14      24      14      29       0       0       0   
**    01 101          
 22576 5124184080111.1400 294907937144  0 0 85182134  0  395       69      11384
**080111.1419   0.001912 3036317ITT.4501;                00450177130600370000003
**1060003954501310600       1       3       1       3       0       0       0   
**    01 101          
 22576 5124184080111.1589 294922037144  0 0 85182134  0  395     6274    2644384
**080112.4436   1.284712 3036317ITT.4501;                00450177130600370000003
**1060003954501310600     514    1047     525    1203       0       0       0   
**    01 101          
 2257630100784080111.3825 295091637157  0 0 8518  54 36  196      401     176484
**080111.5350   0.152512 20142820196;kmg,telemaa kmg,tele00450177130600210000000
**0310601964501310601      83      50      83      60       0       0       0   
**    01 101          
 22576 5124184080112.4503 296231037144  0 0 85182134  0  395      206      62684
**080112.4717   0.021412 3036317ITT.4501;                00450177130600370000003
**1060003954501310600      15      24      15      29       0       0       0   
**    01 101          
 22576 5124184080112.4789 296272237151  0 0 85182134  0  395      301     122384
**080112.5178   0.038912 3036317ITT.4501;                00450177130600370000003
**1060003954501310600      21      44      21      56       0       0       0   
**    01 101          
 22576 5124184080112.5250 296350137151  0 0 85182134  0  395      185     100184
**080112.5461   0.021112 3036317ITT.4501;                00450177130600370000003
**1060003954501310600      13      37      13      40       0       0       0   
**    01 101          
 22576 5124184080112.5544 296396837165  0 0 85182134  0  395      181      79384
**080112.5692   0.014712 3036317ITT.4501;                00450177130600370000003
**1060003954501310600      12      29      12      33       0       0       0   
**    01 101          
 22576 5124184080112.5814 296435737165  0 0 85182134  0  395     1295    1775684
**080112.9364   0.355012 3036317ITT.4501;                00450177130600370000003
**1060003954501310600     110     586     111     644       0       0       0   
**    01 101          
 22576 5124184080112.9483 297055237173  0 0 85182134  0  395      224      26584
**080112.9672   0.018912 3036317ITT.4501;                00450177130600370000003
**1060003954501310600      23      12      23      13       0       0       0   
**    01 101          
 22576 5124184080112.9739 297101737163  0 0 85182134  0  395      111    

-LOG
47.93 tru
terminal time: 0:03:01
   L0c€