
.TYM

-
-GFD GFD
-GFD ACC
-

-GFD INTLACCTG

-FI *.ITT

PROGRE  ITT
UD2084  ITT
BDA084  ITT
UD1084  ITT
TNT084  ITT
AST084  ITT
ARG084  ITT
INS084  ITT
DTL084  ITT
TEK084  ITT
KOR084  ITT
AT7084  ITT
SWX084  ITT
IP7084  ITT
IT7084  ITT
SG7084  ITT
IPC084  ITT
LUX084  ITT
FGN084  ITT
SAF084  ITT
ITT084  ITT
TYM084  ITT
KRX084  ITT
IRL084  ITT
CLB084  ITT
POR084  ITT
MNI084  ITT
KDD084  ITT
ITL084  ITT
ZSI084  ITT
ZCI084  ITT
FRX084  ITT
TWN084  ITT
HKG084  ITT
SWE084  ITT
TLX084  ITT
SPA084  ITT
PR1084  ITT
FFC084  ITT
DXP084  ITT
BRX084  ITT
BAH084  ITT
AT1084  ITT
ESR084  ITT
FNL084  ITT
GRE084  ITT
UNI084  ITT
ATP084  ITT
FRN084  ITT
BEL084  ITT
BRZ084  ITT
TST084  ITT
ATT084  ITT
ATT074  ITT
TIM074  ITT
BRX074  ITT
IRL074  ITT
DTL074  ITT
FGN074  ITT
ITT074  ITT
KRX074  ITT
IPC074  ITT
FRX074  ITT
KDD074  ITT
ESR074  ITT
UNI074  ITT
SG7074  ITT
SAF074  ITT
TYM074  ITT
VRS074  ITT
UD2074  ITT
UD1074  ITT
KOR074  ITT
SWX074  ITT
TWN074  ITT
AT7074  ITT
CLB074  ITT
SPA074  ITT
PR1074  ITT
TLX074  ITT
MNI074  ITT
POR074  ITT
ZSI074  ITT
HKG074  ITT
ZCI074  ITT
FFC074  ITT
BAH074  ITT
BDA074  ITT
AT1074  ITT
ARG074  ITT
AST074  ITT
SWE074  

-
-FI *.ITT

PROGRE  ITT
UD2084  ITT
BDA084  ITT
UD1084  ITT
TNT084  ITT
AST084  ITT
ARG084  ITT
INS084  ITT
DTL084  ITT
TEK084  ITT
KOR084  ITT
AT7084  ITT
SWX084  ITT
IP7084  ITT
IT7084  ITT
SG7084  ITT
IPC084  ITT
LUX084  ITT
FGN084  ITT
SAF084  ITT
ITT084  ITT
TYM084  ITT
KRX084  ITT
IRL084  ITT
CLB084  ITT
POR084  ITT
MNI084  ITT
KDD084  ITT
ITL084  ITT
ZSI084  ITT
ZCI084  ITT
FRX084  ITT
TWN084  ITT
HKG084  ITT
SWE084  ITT
TLX084  ITT
SPA084  ITT
PR1084  ITT
FFC084  ITT
DXP084  ITT
BRX084  ITT
BAH084  ITT
AT1084  ITT
ESR084  ITT
FNL084  ITT
GRE084  ITT
UNI084  ITT
ATP084  ITT
FRN084  ITT
BEL084  ITT
BRZ084  ITT
TST084  ITT
ATT084  ITT
ATT074  ITT
TIM074  ITT
BRX074  ITT
IRL074  ITT
DTL074  ITT
FGN074  ITT
ITT074  ITT
KRX074  ITT
IPC074  ITT
FRX074  ITT
KDD074  ITT
ESR074  ITT
UNI074  ITT
SG7074  ITT
SAF074  ITT
TYM074  ITT
VRS074  ITT
UD2074  ITT
UD1074  ITT
KOR074  ITT
SWX074  ITT
TWN074  ITT
AT7074  ITT
CLB074  ITT
SPA074  ITT
PR1074  ITT
TLX074  ITT
MNI074  ITT
POR074  ITT
ZSI074  ITT
HKG074  ITT
ZCI074  ITT
FFC074  ITT
BAH074  ITT
BDA074  ITT
AT1074  ITT
ARG074  ITT
AST074  IT

-TYPE IP7084.ITT
 2257615751484080119.5833 209957137143  0 0 82162224  0 1134      165      39884
**080119.5981   0.0147 1 2036317ITT.2342;                00234273600570000000003
**1060011342342310601       8      16       8      16       0       0       0   
**    01 201          
 2257615751484080121.4050 215507237144  0 0 82162315  0 2212      233     197684
**080121.4686   0.0636 1 3036317ITT.2342;                00234217701965000000003
**1060022122342310600      12      58      12      66       0       0       0   
**    01 201          
 2257615751484080122.0528 217095837142  0 0 82163156  0   81        0       2084
**080122.0531   0.0003 1 9036317ITT.2342:.01;            00234270400433000000310
**6000081012342310601       0       2       0       3       0       0       0   
**    01 201          
 2257615751484080122.7456 218596937143  0 0 82163125  0   71       55       1484
**080122.7475   0.0019 111036317ITT.2342;                00234214901861000000003
**1060000712342310601       0       0       0       0       0       0       0   
**    01 201          
 2257615751484080122.8400 218810837146  0 0 82162224  0 1134     1075    2561884
**080123.1239   0.2839 1 3036317ITT.2342;                00234273600570000000003
**1060011342342310601     133     401     133     559       0       0       0   
**    01 201          
 2257615751484080123.2081 219604337146  0 0 82163125  0   71       55       1484
**080123.2089   0.0008 111036317ITT.2342;                00234214901861000000003
**1060000712342310601       0       0       0       0       0       0       0   
**    01 201          
 2257615751484080123.5642 220328137144  0 0 82163125  0   71       55       1484
**080123.5653   0.0011 111036317ITT.2342;                00234214901861000000003
**1060000712342310601       0       0       0       0       0       0       0   
**    01 201          
 2257615751484080123.9203 221030537154  0 0 82163125  0   71       55       1484
**080123.9211   0.0008 111036317ITT.2342;                00234214901861000000003
**1060000712342310601       0       0       0       0       0       0       0   
**    01 201          
 2257616123684080111.1689 294929137155  0 0 82162601  0 1304       26     119284
**080111.1828   0.0139 1 2025019901304;                  00002342123012370000003
**1069013042342310601       6      16       6      25       0       0       0   
**    01 201          
 2257626260284080111.2311 294985737146  0 0 82162264  0  803       95      42984
**080111.2372   0.0061 1 30142820061;                    00002342123012630000000
**0310600612342310601       2       6       2       9       0       0       0   
**    01 201          
 2257614546284080111.3639 295076437156  0 0 82162644  0 2307     1026    3836584
**080112.0069   0.6431 1 303665491002307;                00234262800616000000310
**6910023072342310601     333     446     333     744       0       0       0   
**    01 201          
 2257614312484080111.3792 295089037151  0 0 82162011  0   61      245     409484
**080111.4586   0.0794 1 30  121900061;                  00002342192003010000003
**1069000612342310601      11      58      11      84       0       0       0   
**    01 201          
 2257626260284080111.4772 295155437143  0 0 82162264  0  803     1037    2316084
**080111.9108   0.4336 1 30142820061;                    00002342123012630000000
**0310600612342310601      42     287      40     443       0       0       0   
**    01 201          
 2257615751484080111.5367 295199637157  0 0 82162224  0 1134      424     257784
**080111.5969   0.0603 1 3036317ITT.2342;                00234273600570000000003
**1060011342342310601      43      67      43      78       0       0       0   
**    01 201          
 2257615751484080111.6242 295272637145  0 0 82163467  1   66       60    2096284
**080111.8983   0.2742 1 3036317ITT.2342:.01;            00234263800430000000310
**6000066012342310601      15     179      14     339       0       0       0   
**    01 201          
 2257615020684080111.8833 295495037170  0 0 82163173 12  111        0       2784
**080111.8861   0.0028 1 30 577192000111;                00002342225303030000310
**6920001112342310601       2       7       2       7       0       0       0   
**    01 201          
 2257615751484080112.2525 295952337157  0 0 82163467  2   66      670   34456584
**080116.3161   4.0636 1 3036317ITT.2342:.01;            00234263800430000000310
**6000066012342310601     107    4755     106    7029       0       0       0   
**    01 201          
 2257614313284080112.3564 296091337167  0 0 82162264  0  803      314     306484
**080112.5097   0.1533 1 30  121900803;                  00002342235191910000003
**1069008032342310601      16      56      16      75       0       0       0   
**    01 201          
 2257636236284080112.4394 296215037146  0 0 82162311  1 1105       68    6180984
**080113.0703   0.6308 1 20276991105;                    00234216300754000000000
**0310611052342310601      16     607      16    1051       0       0       0   
**    01 201          
 2257616123684080112.4514 296233437163  0 0 82162601  0 1304       41     509784
**080112.4947   0.0433 1 2025019901304;                  00002342123012370000003
**1069013042342310601       7      53       7      91       0       0       0   
**    01 201          
 2257623421784080112.5631 296412637171  0 0 82162643  0 1509      194     361784
**080112.7094   0.1464 1 3015655SDDC;                    00234223500543000000000
**0000031062342310600       9      36       9      63       0       0       0   
**    01 201          
 2257626717184080112.6456 296537937156  0 0 82162670  0 2260      928      59984
**080112.7592   0.1136 1 2025019902260;                  00234275300468000000000
**0000031062342310601      53      25      53      28       0       0       0   
**    01 201          
 2257626173784080112.7494 296708937153  0 0 82162506  0 1475      144     136584
**080112.7756   0.0261 1 30142820051;                    00002342192002220000000
**0310600512342310600       5      17       5      27       0       0       0   
**    01 201          
 2257630051484080112.8306 296842137150  0 0 8216 134  6   98       33     279184
**080112.8917   0.0611 1 30142820098;                    00234224980104000000000
**0000031062342310601       4      38       4      58       0       0       0   
**    01 201          
 22576 1501384080112.8556 296884337163  0 0 82162206  0 1467      283     421284
**080112.9614   0.1058 1 30302881467;                    00234251500483000000000
**0310614672342310601      14      49      14      79       0       0       0   
**    01 201          
 2257626717184080112.9219 297004937171  0 0 82162670  0 2260      160     469084
**080113.0617   0.1397 1 2025019902260;                  00234275300468000000000
**0000031062342310601      30      72      30     106       0       0       0   
**    01 201          
 2257626174184080112.9267 297013437161  0 0 8216  52 17   60     1347    8378884
**080114.2186   1.2919 1 20142820060;vxa                 00234212301568000000000
**0310600602342310601      91     721      91    1370       0       0       0   
**    01 201          
 2257626260284080113.0036 297153337177  0 0 82162011  0   61      452    3613984
**080113.2667   0.2631 1 30142820061;                    00234222380102000000000
**0310600612342310601      16     355      16     639       0       0       0   
**    01 201          
 2257626173784080113.0711 297291637146  0 0 82162506  0 1475      712     436084
**080113.3097   0.2386 1 30142820051;                    00234273417965000000000
**0310600512342310600      27      49      29

-FI *.ITT

PROGRE  ITT
UD2084  ITT
BDA084  ITT
UD1084  ITT
TNT084  ITT
AST084  ITT
ARG084  ITT
INS084  ITT
DTL084  ITT
TEK084  ITT
KOR084  ITT
AT7084  ITT
SWX084  ITT
IP7084  ITT
IT7084  ITT
SG7084  ITT
IPC084  ITT
LUX084  ITT
FGN084  ITT
SAF084  ITT
ITT084  ITT
TYM084  ITT
KRX084  ITT
IRL084  ITT
CLB084  ITT
POR084  ITT
MNI084  ITT
KDD084  ITT
ITL084  ITT
ZSI084  ITT
ZCI084  ITT
FRX084  ITT
TWN084  ITT
HKG084  ITT
SWE084  ITT
TLX084  ITT
SPA084  ITT
PR1084  ITT
FFC084  ITT
DXP084  ITT
BRX084  ITT
BAH084  ITT
AT1084  ITT
ESR084  ITT
FNL084  ITT
GRE084  ITT
UNI084  ITT
ATP084  ITT
FRN084  ITT
BEL084  ITT
BRZ084  ITT
TST084  ITT
ATT084  ITT
ATT074  ITT
TIM074  ITT
BRX074  ITT
IRL074  ITT
DTL074  ITT
FGN074  ITT
ITT074  ITT
KRX074  ITT
IPC074  ITT
FRX074  ITT
KDD074  ITT
ESR074  ITT
UNI074  ITT
SG7074  ITT
SAF074  ITT
TYM074  ITT
VRS074  ITT
UD2074  ITT
UD1074  ITT
KOR074  ITT
SWX074  ITT
TWN074  ITT
AT7074  ITT
CLB074  ITT
SPA074  ITT
PR107

-TYPE IT7084.ITT
 2257627245384081611.9753 371493437164  0 0 8520 633 53 1438       53     232284
**081612.1269   0.151712 2036317ITT.2227;                00222777125500030000003
**1060014382227310601      12      29      12      48       0       0       0   
**    01 216          
 22122245652840816 6.9736 521931137141  0 0 85253051  0 1508      233    1055884
**0816 7.0847   0.111112 3014275901508;                  00222777125500010000003
**1069015082227310601      19     268      19     268       0       0       0   
**    01 216          
 22576253053840817 8.5406 408800737177  0 0 85204322  0 5854      953     160384
**0817 8.5950   0.054412 3055557905854;                  00000022277170010000003
**1069058542227310601     105      22     104      30       0       0       0   
**    01 217          
 22576253053840817 8.8242 408944037152  0 0 85204322  0 5854     2708      69784
**0817 8.8753   0.051112 3055557905854;                  00000022277170010000003
**1069058542227310601     249      14     248      17       0       0       0   
**    01 217          
 22576253053840820 6.8764 295652737202  0 0 85204322  0 5854      398     445784
**0820 7.0769   0.200612 3055557905854;                  00000022277170010000003
**1069058542227310601      23      44      23      81       0       0       0   
**    01 220          
 22576161236840820 7.3675 295897737142  0 0 85202601  0 1304      151    1594684
**0820 7.6028   0.235312 2025019901304;                  00000022277170010000003
**1069013042227310601      18     153      18     275       0       0       0   
**    01 220          
 2257625305384082014.0428 414496537147  0 0 85204322  0 5854     1216     184684
**082014.1000   0.057212 3055557905854;                  00222777125500030000003
**1069058542227310601      65      20      65      31       0       0       0   
**    01 220          
 22576253053840821 6.4578 346624937202  0 0 85204322  0 5854      222     165584
**0821 6.5206   0.062812 3055557905854;                  00000022277170010000003
**1069058542227310601      11      19      11      29       0       0       0   
**    01 221          
 22576161236840821 7.1569 347172237203  0 0 85202601  0 1304      108     264784
**0821 7.2106   0.053612 2025019901304;                  00000022277170010000003
**1069013042227310601      12      37      12      57       0       0       0   
**    01 221          
 22576272453840821 7.6383 347544037147  0 0 85204434  1 5844       12    2860684
**0821 7.7261   0.087812 3036317ITT.2227:.01;            00222777125500630000310
**6005844012227310601       9     240       8     461       0       0       0   
**    01 221          
 22576272453840821 7.9442 347781337172  0 0 85204434  1 5844       61    3233684
**0821 8.0639   0.119712 3036317ITT.2227:.01;            00222777125500630000310
**6005844012227310601      11     279      10     526       0       0       0   
**    01 221          
 22576272453840821 8.0789 347883637172  0 0 85204434  1 5844       52    3287584
**0821 8.1847   0.105812 3036317ITT.2227:.01;            00222777125500630000310
**6005844012227310601       6     282       6     533       0       0       0   
**    01 221          
 22576272453840821 8.6772 348320037163  0 0 85204133  0 5267       62      10784
**0821 8.6844   0.007212 3036317ITT.2227;                00000022277170010000003
**1060052672227310601       1       6       1       6       0       0       0   
**    01 221          
 22576161236840821 8.8261 348426537213  0 0 85202601  0 1304      749     186484
**0821 9.1217   0.295612 2025019901304;                  00000022277170010000003
**1069013042227310601      47      31      48      45       0       0       0   
**    01 221          
 2257627245384082113.3656 422377837143  0 0 85202260  0 1042     1088    1864484
**082114.0589   0.693312 3036317ITT.2227;                00222777125500010000003
**1060010422227310601      86     698      85     697       0       0       0   
** 

-LOG
37.35 tru
terminal time: 0:02:14
   