
.TYM

-
-GFD INTLACCTG

-FI


-FI *.ITT

PROGRE  ITT
UD2084  ITT
BDA084  ITT
UD1084  ITT
TNT084  ITT
AST084  ITT
ARG084  ITT
INS084  ITT
DTL084  ITT
TEK084  ITT
KOR084  ITT
AT7084  ITT
SWX084  ITT
IP7084  ITT
IT7084  ITT
SG7084  ITT
IPC084  ITT
LUX084  ITT
FGN084  ITT
SAF084  ITT
ITT084  ITT
TYM084  ITT
KRX084  ITT
IRL084  ITT
CLB084  ITT
POR084  ITT
MNI084  ITT
KDD084  ITT
ITL084  ITT
ZSI084  ITT
ZCI084  ITT
FRX084  ITT
TWN084  ITT
HKG084  ITT
SWE084  ITT
TLX084  ITT
SPA084  ITT
PR1084  ITT
FFC084  ITT
DXP084  ITT
BRX084  ITT
BAH084  ITT
AT1084  ITT
ESR084  ITT
FNL084  ITT
GRE084  ITT
UNI084  ITT
ATP084  ITT
FRN084  ITT
BEL084  ITT
BRZ084  ITT
TST084  ITT
ATT084  ITT
ATT074  ITT
TIM074  ITT
BRX074  ITT
IRL074  ITT
DTL074  ITT
FGN074  ITT
ITT074  ITT
KRX074  ITT
IPC074  ITT
FRX074  ITT
KDD074  ITT
ESR074  ITT
UNI074  ITT
SG7074  ITT
SAF074  ITT
TYM074  ITT
VRS074  ITT
UD2074  ITT
UD1074  ITT
KOR074  ITT
SWX074  ITT
TWN074  ITT
AT7074  ITT
CLB074  ITT
SPA074  ITT
PR1074  ITT
TLX074  ITT
MNI074  ITT
POR074  ITT
ZSI074  ITT
HKG074  ITT
ZCI074  ITT
FFC074  ITT
BAH074  ITT
BDA074  ITT
AT1074  ITT
ARG074  ITT
AST074  ITT
SWE074  ITT
BEL074  ITT
ATP074  ITT
FRN074  ITT
LUX074  ITT
BRZ074  ITT
T

-
-

-TYPE 
-FI *.ITT

PROGRE  ITT
UD2084  ITT
BDA084  ITT
UD1084  ITT
TNT084  ITT
AST084  ITT
ARG084  ITT
INS084  ITT
DTL084  ITT
TEK084  ITT
KOR084  ITT
AT7084  ITT
SWX084  ITT
IP7084  ITT
IT7084  ITT
SG7084  ITT
IPC084  ITT
LUX084  ITT
FGN084  ITT
SAF084  ITT
ITT084  ITT
TYM084  ITT
KRX084  ITT
IRL084  ITT
CLB084  ITT
POR084  ITT
MNI084  ITT
KDD084  ITT
ITL084  ITT
ZSI084  ITT
ZCI084  ITT
FRX084  ITT
TWN084  ITT
HKG084  ITT
SWE084  ITT
TLX084  ITT
SPA084  ITT
PR1084  ITT
FFC084  ITT
DXP084  ITT
BRX084  ITT
BAH084  ITT
AT1084  ITT
ESR084  ITT
FNL084  ITT
GRE084  ITT
UNI084  ITT
ATP084  ITT
FRN084  ITT
BEL084  ITT
BRZ084  ITT
TST084  ITT
ATT084  ITT
ATT074  ITT
TIM074  ITT
BRX074  ITT
IRL074  ITT
DTL074  ITT
FGN074  ITT
ITT074  ITT
KRX074  ITT
IPC074  ITT
FRX074  ITT
KDD074  ITT
ESR074  ITT
UNI074  ITT
SG7074  ITT
SAF074  ITT
TYM074  ITT
VRS074  ITT
UD2074  ITT
UD1074  ITT
KOR074  ITT
SWX074  ITT
TWN074  ITT
AT7074  ITT
CLB074  ITT
SPA074  ITT
PR1074  ITT
TLX074  ITT
MNI074  ITT
POR074  ITT
ZSI074  ITT
HKG074  ITT
ZCI074  ITT
FFC074  ITT
BAH074  ITT
BDA074  ITT
AT1074  ITT
ARG074  ITT
AST074  ITT
SWE

-TYPE IRL084.ITT
 2257630054584080111.1206 294894737157  0 0 82173051  0 1508      168     539884
**080111.1786   0.0581 1 30142820145;                    00272110000014020000000
**0310601452721310601      10     157      10     157       0       0       0   
**    01 201          
 2257615752284080114.5903 300748837172  0 0 82172224  0 1134      210      57884
**080114.6119   0.0217 1 3036317ITT.2721;                00272110000014010000003
**1060011342721310601      15      27      15      29       0       0       0   
**    01 201          
 2257626717184080115.1547 302237737153  0 0 82172670  0 2260      586      18484
**080115.2000   0.0453 1 2025019902260;                  00272110000014040000000
**0000031062721310601      42      14      46      14       0       0       0   
**    01 201          
 2257626717184080115.2578 302534137146  0 0 82172670  0 2260      211    1217984
**080115.4633   0.2056 1 2025019902260;                  00272110000014020000000
**0000031062721310601      27     126      27     215       0       0       0   
**    01 201          
 2257626717184080115.5044 303254537160  0 0 82172670  0 2260       34     174884
**080115.5650   0.0606 1 3025019902260;                  00272110000014020000000
**0000031062721310601       7      25       7      38       0       0       0   
**    01 201          
 2257626717184080115.5486 303393537155  0 0 82172670  0 2260     6315      26384
**080115.8222   0.2736 1 2025019902260;                  00272110000014030000000
**0000031062721310601     390      18     391      18       0       0       0   
**    01 201          
 2257626717184080115.7686 304103737161  0 0 82172670  0 2260      643      23084
**080115.8858   0.1172 1 2025019902260;                  00272110000014010000000
**0000031062721310601      41      13      41      13       0       0       0   
**    01 201          
 22576267171840801 7.1600 532526237156  0 0 82172670  0 2260       43    2324784
**0801 7.4097   0.2497 1 2025019902260;                  00272110000014020000000
**0000031062721310601       8     196       8     376       0       0       0   
**    01 201          
 22576267171840801 7.4194 532699337157  0 0 82172670  0 2260       29      63884
**0801 7.4289   0.0094 1 3025019902260;                  00272110000016010000000
**0000031062721310601       5      11       5      13       0       0       0   
**    01 201          
 22576161236840801 7.5167 532761637174  0 0 82172601  0 1304       87     251284
**0801 7.5883   0.0717 1 2025019901304;                  00272110000014010000000
**0000031062721310601      43      47      43      65       0       0       0   
**    01 201          
 22576267171840801 7.6983 532879337176  0 0 82172670  0 2260       66     828684
**0801 7.8725   0.1742 1 3025019902260;                  00272110000014010000000
**0000031062721310601      11      78      11     141       0       0       0   
**    01 201          
 22576267171840801 7.8281 532958637175  0 0 82172670  0 2260       36    4105984
**0801 8.0431   0.2150 1 2025019902260;                  00272110000016010000000
**0000031062721310601       7     341       7     661       0       0       0   
**    01 201          
 22576267171840801 9.5839 534058637161  0 0 82172670  0 2260       47     147084
**0801 9.6094   0.0256 1 2025019902260;                  00272110000014020000003
**1069022602721310601       8      22       8      33       0       0       0   
**    01 201          
 2257626717184080110.3364 534508837170  0 0 82172670  0 2260       38      95984
**080110.3539   0.0175 1 2025019902260;                  00272110000014020000000
**0000031062721310601       7      15       7      23       0       0       0   
**    01 201          
 2257626717184080110.9914 534851937165  0 0 82172670  0 2260      458      12584
**080111.0200   0.0286 1 3025019902260;                  00272110000014050000000
**0000031062721310601      24       9      24       9       0       0       0   
**    01 201          
 22576267171840802 7.5389 229107937160  0 0 82172670  0 2260       57     586284
**0802 7.5847   0.0458 1 2025019902260;           

-TYPE SWX084.RCA
 3213615501784080119.7303 210465437141  0 0 24522546  0 1572      211     795384
**080119.8214   0.091112 301303200157252;                00000228468107510000310
**6001572522284310600      23      77      19     191       0       0       0   
**    01 201          
 3213724232384080119.7647 210576237144 41 0 83012136  0 2452       37     736684
**080119.8728   0.1081 3 2020473RSOA647AKRS;             00310602137001000000022
**8464110103106228401       0       0       0       0     128      12     128   
**   1211101          
 3213635366684080119.9272 211076737146  0 0 24522713 13  800        0       3084
**080119.9317   0.0044 1 701426808005005;                00000228479107200000310
**6080050052284310600       0       1       0       1       0       0       0   
**    01 101          
 32136   62684080119.9336 211094337145  0 0 24524434  1 5844       80    3443184
**080120.3808   0.4472 1 305591200584401;                00000228479107200000310
**6005844012284310601      39     308      37     569       0       0       0   
**    01 201          
 3213512326084080120.2358 212055637142  0 0 83222136  0 2452      269     509484
**080120.3356   0.099712 201473831132289RCA;             00311051500018090002284
**6811405103110228400      20      54      20      92       0       0       0   
**    011101          
 3213512326084080121.0800 214635437142  0 0 83222136  0 2452     1458      15784
**080121.0894   0.009414 201473831132289RCA;             00311031300062660002284
**6811405233110228400      17       4      27       5       0       0       0   
**    011101          
 3213615501784080121.0961 214679537141  0 0 24522546  0 1572      148      32084
**080121.1047   0.008612 201303200157252;                00000228468107510000310
**6001572522284310600      11      13       7      13       0       0       0   
**    01 201          
 3213615501784080122.0222 217023037143  0 0 24522546  0 1572      154      31784
**080122.0325   0.010312 201303200157252;                00000228468107530000310
**6001572522284310600      13      12       9      12       0       0       0   
**    01 201          
 321351232

-TYPE SWX084.WUI

CAN NOT FIND FILE - SWX084.WUI

-FI *.ITT

PROGRE  ITT
UD2084  ITT
BDA084  ITT
UD1084  ITT
TNT084  ITT
AST084  ITT
ARG084  ITT
INS084  ITT
DTL084  ITT
TEK084  ITT
KOR084  ITT
AT7084  ITT
SWX084  ITT
IP7084  ITT
IT7084  ITT
SG7084  ITT
IPC084  ITT
LUX084  ITT
FGN084  ITT
SAF084  ITT
ITT084  ITT
TYM084  ITT
KRX084  ITT
IRL084  ITT
CLB084  ITT
POR084  ITT
MNI084  ITT
KDD084  ITT
ITL084  ITT
ZSI084  ITT
ZCI084  ITT
FRX084  ITT
TWN084  ITT
HKG084  ITT
SWE084  ITT
TLX084  ITT
SPA084  ITT
PR1084  ITT
FFC084  ITT
DXP084  ITT
BRX084  ITT
BAH084  ITT
AT1084  ITT
ESR084  ITT
FNL084  ITT
GRE084  ITT
UNI084  ITT
ATP084  ITT
FRN084  ITT
BEL084  ITT
BRZ084  ITT
TST084  ITT
ATT084  ITT
ATT074  ITT
TIM074  ITT
BRX074  ITT
IRL074  ITT
DTL074  ITT
FGN074  ITT
ITT074  ITT
KRX074  ITT
IPC074  ITT
FRX074  ITT
KDD074  ITT
ESR074  ITT
UNI074  ITT
SG7074  ITT
SAF074  ITT
TYM074  ITT
VRS074  ITT
UD2074  ITT
UD1074  ITT
KOR074  ITT
SWX074  ITT
TWN074  ITT
AT7074  ITT
CLB074  ITT
SPA074  ITT
PR1074  ITT
TLX074  ITT
MNI074  ITT
POR074  ITT
ZSI074  ITT
HKG074  ITT
ZCI074  ITT
FFC074  ITT
BAH074  ITT
BDA074  ITT
AT1074  ITT
ARG074  ITT
AST074  ITT
SWE074  ITT
BEL074  ITT
ATP074  ITT
FRN074  ITT
LUX074  ITT
BRZ074  ITT
TIM064  ITT
SW

-TYPE CLB084.ITT
 2130531450684080120.3228 212331037 71  0 0 82022122  0 1212       18      13184
**080120.3322   0.0094 1 2038120COL0003DQ;               00310777130500570000000
**0310601553107310601       0       0       0       0       5       4       5   
**    41 101          
 2130531450684080120.3450 212405737 71  0 0 82022122  0 1212      309     500984
**080120.7856   0.4406 1 2038120COL0003DQ;               00310777130500570000000
**0310601553107310601       0       0       0       0     127      43     127   
**   431 101          
 2130521732484080121.1408 214798537 71  0 0 82022122  0 1212      526     102284
**080121.2003   0.0594 3 3038120COL0001DQ;               00310777130500570000311
**0212002003107311001       0       0       0       0      41      31      41   
**   311 101          
 2130521732484080121.2225 215017237 71  0 0 82022122  0 1212      526     102284
**080121.2814   0.0589 3 3038120COL0001DQ;               00310777130500570000311
**0212002003107311001       0       0       0       0      42      32      42   
**   321 101          
 21305 7646084080121.5992 216009837 71  0 0 82022122  0 1212      724     255284
**080121.7319   0.1328 1 2038120COL0027DQ;               00310777130500570000311
**0201000253107311001       0       0       0       0      87      32     106   
**   371 101          
 2130521732484080121.6942 216244037 74  0 0 82022122  0 1212      526     103084
**080121.7536   0.0594 3 3038120COL0001DQ;               00310777130500600000311
**0212002003107311001       0       0       0       0      41      31      41   
**   311 101          
 21305 7646084080121.9914 216947937 71  0 0 82022122  0 1212     2289     305684
**080122.2739   0.2825 1 3038120COL0027DQ;               00310777130500570000311
**0201000253107311001       0       0       0       0     131      61     154   
**   811 101          
 21305 2632584080122.1689 217352937 74  0 0 82022122  0  141       32      21184
**080122.1850   0.0161 1 2038120COL0033DQ;               00310777130500600000003
**1069013043107310601       0       0       0       0       7       5       7   
**    51 101          
 21305 2632584080122.1919 217402237 74  0 0 82022122  0  141       13      14884
**080122.2125   0.0206 1 3038120COL0033DQ;               00310777130500600000000
**0000031063107310601       0       0       0       0      24      14      24   
**   141 101          
 2130514421484080122.7294 218561637 71  0 0 82022122  0  141       54      33584
**080122.7611   0.0317 1 2038120COL0032DQ;               00310777130500570000311
**0301003573107311001       0       0       0       0      11      21      12   
**   211 101          
 2130514421484080122.7717 218654537 71  0 0 82022122  0  141       13       7684
**080122.7744   0.0028 111038120COL0032DQ;               00000000000000000000000
**000000000   0   001       0       0       0       0       0       0       0   
**    01 101          
 2130521732484080122.7786 218670437 74  0 0 82022122  0 1212      526     102284
**080122.8358   0.0572 3 3038120COL0001DQ;               00310777130500570000311
**0212002003107311001       0       0       0       0      41      31      41   
**   311 101          
 2130514421484080122.7819 218678037 71  0 0 82022122  0  141       13       7684
**0

-TYPE POR084.ITT
 2 44725733784080111.0797 294867736200  7 0170632134  0  395      349     434784
**080111.1900   0.110312 2023174RCRMBCV2ET;              00310600447001280031103
**0100057003106311000       0       0       0       0      47      97      78   
**   961 101          
 2 44712106684080111.3272 295052836200 10 0170632134  0  395        9      11084
**080111.3353   0.0081 111023174RCRMMHT1ET;              00000000000000000000000
**000000000   0   000       0       0       0       0       0       0       0   
**    01 101          
 2 44725733784080111.6119 295263936201  7 0170632134  0  395       89      19584
**080111.6211   0.009212 3023174RCRMBCV2ET;              00000000000000000000000
**000000000   0   000       0       0       0       0       0       0       0   
**    01 101          
 2 44721005684080111.6664 295303536202  6 0170632134  0  395       55      54084
**080111.6828   0.0164 1 3023174RCRMCDP1ET;              00310600447001300031104
**0800048003106311000       0       0       0       0      29      32       8   
**    81 101          
 2 44724622684080112.1719 295832236200  3 0170632134  0  395       25      52484
**080112.1833   0.0114 1 2023174RCRMUSDA1ET;             00310600447001280031103
**3400067003106311000       0       0       0       0       7       8       8   
**    71 101          
 2 44724622684080113.2208 297609436200  3 0170632134  0  395       37     338784
**080113.2683   0.0475 1 2023174RCRMUSDA1ET;             00310600447001280031103
**3400067003106311000       0       0       0       0      36      21      62   
**   201 101          
 2 44732561784080113.9092 299070936201  3 0170632011  0   61       75     167284
**080113.9758   0.0667 1 2023174LRRMQUI1RS;              00000031067170630031060
**0006100003106310611       0       0       0       0      40      11      49   
**   111 201          
 2 447 5157184080114.2667 299922836201 11 0170632556  0  155       74      94484
**080114.2931   0.0264 3 3023174IPRMKODA1AS;             00310600447001290000310
**6015500003106310610       0       0       0       0      67      59      35   
**   121 201          
 2 44725733784080114.5014 300533036200  7 0170632134  0  395       47     290284
**080114.5375   0.036112 2023174RCRMBCV2ET;              00310600447001280031103
**0100057003106311000       0       0       0       0      29      10      48   
**    91 101          
 2 44712106684080115.5717 303465036200 11 0170632134  0  395       66      82184
**080115.6267   0.0550 1 2023174RCRMMHT1ET;              00310600447001280031106
**1100235003106311000       0       0       0       0      15      10      18   
**    91 101          
 2 44712106684080115.6489 303710136200 11 0170632134  0  395       79     419284
**080115.7028   0.0539 1 2023174RCRMMHT1ET;              00310600447001280031106
**1100234003106311000       0       0       0       0      46       7      76   
**    61 101          
 2 44732330384080116.2708 305576636200  3 0170632670  0 2260      131    1481184
**080116.4403   0.1694 1 3023174ONRMMIC1ON;              00000000000000000000000
**000000000   0   000       0       0     

-FI *.ITT

PROGRE  ITT
UD2084  ITT
BDA084  ITT
UD1084  ITT
TNT084  ITT
AST084  ITT
ARG084  ITT
INS084  ITT
DTL084  ITT
TEK084  ITT
KOR084  ITT
AT7084  ITT
SWX084  ITT
IP7084  ITT
IT7084  ITT
SG7084  ITT
IPC084  ITT
LUX084  ITT
FGN084  ITT
SAF084  ITT
ITT084  ITT
TYM084  ITT
KRX084  ITT
IRL084  ITT
CLB084  ITT
POR084  ITT
MNI084  ITT
KDD084  ITT
ITL084  ITT
ZSI084  ITT
ZCI084  ITT
FRX084  ITT
TWN084  ITT
HKG084  ITT
SWE084  ITT
TLX084  ITT
SPA084  ITT
PR1084  ITT
FFC084  ITT
DXP084  ITT
BRX084  ITT
BAH084  ITT
AT1084  ITT
ESR084  ITT
FNL084  ITT
GRE084  ITT
UNI084  ITT
ATP084  ITT
FRN084  ITT
BEL084  ITT
BRZ084  ITT
TST084  ITT
ATT084  ITT
ATT074  ITT
TIM074  ITT
BRX074  ITT
IRL074  ITT
DTL074  ITT
FGN074  ITT
ITT074  ITT
KRX074  ITT
IPC074  ITT
FRX074  ITT
KDD074  ITT
ESR074  ITT
UNI074  ITT
SG7074  ITT
SAF074  ITT
TYM074  ITT
VRS074  ITT
UD2074  ITT
UD1074  ITT
KOR074  ITT
SWX074  ITT
TWN074  ITT
AT7074  ITT
CLB074  ITT
SPA074  ITT
PR1074  ITT
TLX074  ITT
MNI074  ITT
POR074  ITT
ZSI074  ITT
HKG074  ITT
ZCI074  ITT
FFC074  ITT
BAH074  ITT
BDA074  ITT
AT1074  ITT
ARG074  ITT
AST074  ITT

-TYPE MNI084.ITT
 2126120433784080123.8025 220798236  1  0 0    03422  3  210       86     819684
**080123.9122   0.1097 1 3019028PGGM333CO;  IONN6  LOGON 00000000000000000000000
**000000000   0   000       0       0       0       0       0       0       0   
**    01 201          
 21261 1577584080123.8578 220905536  2  0 0    02315  0 221   18      21084
**080123.8672   0.0094 1 3019028TEGM784RY;               00310601261000020000310
**6221200003106310610       0       0       0       0      13       5       8   
**    31 201          
 2126132327284080112.1978 295870136  7  0 0    02546  0 1572      511     623484
**080112.5542   0.356412 2013032DIALCOM;                 00310601261000070000000
**0000000523106  5210       0       0       0       0     115     121     155   
**  1191 201          
 2126125320584080112.2519 295951236  1  0 0    03672  0 3594      492     151584
**080112.3367   0.0847 3 2013032DIALWH;                  00310601261000010000000
**0000000493106  4910       0       0       0       0      24      57      29   
**   581 201          
 2126120433784080114.2111 299780536  1  0 0    03422  5  210      635    1565184
**080114.5983   0.3872 1 3019028PGGM333CO;  IONN6   LOGON00000000000000000000000
**000000000   0   000       0       0       0       0       0       0       0   
**    01 201          
 21261 21555840801 0.0622 525222736  1  0 0    03422  2  210       84     317684
**0801 0.1450   0.0828 1 3019028PGGM773CO;  IONN6  LOGON 00000000000000000000000
**000000000   0   000       0       0       0       0       0       0       0   
**    01 201          
 21261255314840801 0.2572 525586036  1  0 0    03422  3  210       28     912884
**0801 0.3986   0.1414 1 3019028PGGM774CO;  IONN6  LOGON 00000000000000000000000
**000000000   0   000       0       0       0       0       0       0       0   
**    01 201          
 21261253205840801 0.4844 525974736  2  0 0    03672  0 3594      140    1662584
**0801 0.7572   0.2728 3 2013032DIALWH;                  00310601261000020000000
**0000000483106  4810       0       0       0       0     160      96     283   
**   941 201          
 21261253205840801 0.6536 526249336  1  0 0    03672  0 3594     1060     265284
**0801 0.7250   0.0714 3 2013032DIALWH;                  00310601261000010000000
**0000000493106  4910       0       0       0       0      30      59      41   
**   631 201          
 21261307670840801 0.7908 526472936  1  0 0    02122  0  493       66    1034484
**0801 0.9358   0.1450 1 2019028MEGM889LN;               00311031000060000031106
**1400227003110311001       0       0       0       0     138      25     212   
**   261 101          
 21261204337840801 0.9050 526657536  2  0 0    03422  2  210     4231    1699584
**0801 1.3311   0.4261 1 3019028PGGM333CO;  IONN6 LOGON T00000000000000000000000
**000000000   0   000       0       0       0       0       0       0       0   
**    01 201          
 21261307670840801 0.9419 526716736  1  0 0    02122  0  493       49      25384
**0801 0.9906   0.0486 1 2019028MEGM889LN;               00311031000060000031106
**1400227003110311001       0       0       0       0      17      19      18   
**   201 101          
 21261307670840801 1.0033 526814536  1  0 0    02122  0  493       48      28384
**0801 1.0489   0.0456 1 2019028MEGM889LN;               00311031000060000031106
**1400227003110311001       0       0       0       0      19      15      20   
**   161 101          
 21261 21555840801 1.0567 526909536  3  0 0    03422  3  210     2280     170084
**0801 1.2203   0.1636 1 2019028PGGM773CO;  IONN6  LOGON 00000000000000000000000
**000000000   0   000       0       0       0       0       0       0       0   
**    01 201          
 21261 13257840801 1.1578 527080536 31  0 0    02122  0  493      212     127184
**0801 1.1803   0.022512 2019028PNGM584AC;               00311031000060000031107
**0300618003110311001       0       0       0       0      28      26      35   
**   261 101          
 21261 12372840801 1.2644 527245536  1  0 0    03422  1  210       43     276784
**0801 1.3194   0.0550 1 3019028PGGM775CO;  IONN6  LOFGON00000000000000000000000
**000000000   0   000       0       0       0       0       0       0       0   
**    01 201          
 21261 12372840801 1.4639 527533236  1  0 0    03422  1  210      326     239884
**0801 1.5553   0.0914 1 2019028PGGM775CO;  IONN6  LOGON 00000000000000000000000
**000000000   0   000       0       0       0       0       0       0       0   
**    01 201          
 21261115057840801 1.5939 527718436  1  0 0    02122  0  493      765     358984
**0801 1.7358   0.1419 1 2019028CFGM210CF;               00311031000060000000311
**0415000803110311001       0       0       0       0     160      62     171   
**   651 101          
 21261 13257840801 1.8236 528026736 31  0 0    02122  0  493       50     281184
**0801 1.8931   0.069412 2019028PNGM584AC;               00311031000060000031107
**0300618003110311001       0       0       0       0      60      38      80   
**   381 101          
 21261267024840801 1.8928 528118236 23  0 0    0 277 35  252       37     127484
**0801 1.9139   0.0211 1 3019028BRGM484AS;S JJ GPS SGG86100000000000000000000000
**000000000   0   000       0       0       0       0       0       0       0   
**    01 101          
 21261267024840801 1.9272 528162536 23  0 0    0 277 35  252       48    2635884
**0801 2.2156   0.2883 1 2019028BRGM484AS;S JJ GPS SGG86100000000000000000000000
**000000000   0   000       0       0       0       0       0       0       0   
**    01 101          
 21261 13257840801 1.9692 528212436 31  0 0    02122  0  493       34      20884
**0801 1.9794   0.010312 2019028PNGM584AC;               00311031000060000031107
**0300618003110311001       0       0       0       0      14       9      14   
**    91 101          
 21261 13257840801 1.9872 528237836 31  0 0    02122  0  493       34      20884
**0801 1.9975   0.010312 2019028PNGM584AC;               00311031000060000031107
**0300618003110311001       0       0       0       0      14       8      14   
*

-
-FI *.ITT

PROGRE  ITT
UD2084  ITT
BDA084  ITT
UD1084  ITT
TNT084  ITT
AST084  ITT
ARG084  ITT
INS084  ITT
DTL084  ITT
TEK084  ITT
KOR084  ITT
AT7084  ITT
SWX084  ITT
IP7084  ITT
IT7084  ITT
SG7084  ITT
IPC084  ITT
LUX084  ITT
FGN084  ITT
SAF084  ITT
ITT084  ITT
TYM084  ITT
KRX084  ITT
IRL084  ITT
CLB084  ITT
POR084  ITT
MNI084  ITT
KDD084  ITT
ITL084  ITT
ZSI084  ITT
ZCI084  ITT
FRX084  ITT
TWN084  ITT
HKG084  ITT
SWE084  ITT
TLX084  ITT
SPA084  ITT
PR1084  ITT
FFC084  ITT
DXP084  ITT
BRX084  ITT
BAH084  ITT
AT1084  ITT
ESR084  ITT
FNL084  ITT
GRE084  ITT
UNI084  ITT
ATP084  ITT
FRN084  ITT
BEL084  ITT
BRZ084  ITT
TST084  ITT
ATT084  ITT
ATT074  ITT
TIM074  ITT
BRX074  ITT
IRL074  ITT
DTL074  ITT
FGN074  ITT
ITT074  ITT
KRX074  ITT
IPC074  ITT
FRX074  ITT
KDD074  ITT
ESR074  ITT
UNI074  ITT
SG7074  ITT
SAF074  ITT
TYM074  ITT
VRS074  ITT
UD2074  ITT
UD1074  ITT
KOR074  ITT
SWX074  ITT
TWN074  ITT
AT7074  ITT
CLB074  ITT
SPA074  ITT
PR1074  ITT
TLX074  ITT
MNI074  ITT
POR074  ITT
ZSI074  ITT
HKG074  ITT
ZCI074  ITT
FFC074  ITT
BAH074  ITT
BDA074  ITT
AT1074  ITT

-TYPE KDD084.ITT
 2257612467684080119.9719 211205737143  0 0 8225 410 13 1482      186     402284
**080120.2256   0.2536 1 3036317ITT.4408:.03;LOGIN,AK B C00000004408606200000310
**6001482034408310601      43     107      43     133       0       0       0   
**    01 201          
 2257612467684080120.1822 211855237141  0 0 8225 410 11 1482       14      42284
**080120.2181   0.0358 1 3036317ITT.4408:.03;LOGIN,AY  B 00000004408606300000310
**6001482034408310601       9      18       7      20       0       0       0   
**    01 201          
 2257612467684080120.3433 212401337142  0 0 8225 410 13 1482      147    1029984
**080121.3275   0.9842 1 3036317ITT.4408:.03;LOGIN,AD B B00000004408206370000310
**6001482034408310601      39     135      34     211       0       0       0   
**    01 201          
 2257612467684080120.9647 214299737145  0 0 8225 410 14 1482       64     334084
**080121.0872   0.1225 1 3036317ITT.4408:.03;LOGIN,AK  B 00000004408606200000310
**6001482034408310601      19      55      18      79       0       0       0   
**    01 201          
 2257612467684080121.5019 215757237144  0 0 8225 410 10 1482      464     344384
**080121.9411   0.4392 1 3036317ITT.4408:.03;LOGIN,AK  B 00000004408606200000310
**6001482034408310601      67     142      67     164       0       0       0   
**    01 201          
 2257612467684080122.1781 217373037146  0 0 8225 410 10 1482       33     154684
**080122.2889   0.1108 1 2036317ITT.4408:.03;LOGIN,AK J,000000004408206550000310
**6001482034408310601      10      33      10      46       0       0       0   
**    01 201          
 2257612467684080122.2822 217597937152  0 0 82254164  0 2991      272     475484
**080122.4183   0.1361 1 2036317ITT.4408:.52;            00000004408606200000310
**6002991524408310601      23      73      23      98       0       0       0   
**    01 201          
 2257612467684080122.6144 218322937146  0 0 8225 200257 1763      785     776184
**080122.8203   0.2058 1 2036317ITT.4408;//MCI 52W7U5LBI 00000004408206550000003
**1060017634408310601      42      94      48     154       0       0       0   
**    01 201          
 2257612467684080122.9781 219099137147  0 0 82254255  5  280       22     499584
**080123.0375   0.0594 1 2036317ITT.4408:.02;            00000004408206390000310
**6000280024408310601       9      56       9      94       0       0       0   
**    01 201          
 2257612467684080122.9964 219135937141  0 0 82252224  0 1134      202     271584
**080123.0531   0.0567 1 3036317ITT.4408;                00000004408206370000003
**1060011344408310601      10      54      10      71       0       0       0   
**    01 201          
 2257612467684080123.0228 219191737151  0 0 82252224  0 1134      231     286884
**080123.1008   0.0781 1 3036317ITT.4408;                00000004408206560000003
**1060011344408310601      13      64      13      78       0       0       0   
**    01 201          
 2257612467584080123.1861 219560137142  0 0 85174140  0 4307     1365      23984
**080123.4097   0.223614 3036317ITT.4401:.44;            00000440133111230031060
**0430744004401310600      31      17      44      17       0       0       0   
**    01 201          
 2257612467684080123.1914 219572437144  0 0 82253075  0 2779      184      67484
**080123.2308   0.0394 1 3036317ITT.4408;                00000004408206550000003
**1060027794408310600      12      25      12      28       0       0       0   
**    01 201          
 2257612467684080123.2361 219665837141  0 0 8225 315 11  288       48    1113984
**080123.3708   0.1347 1 2036317ITT.4408;03 SRIASIA      00000004408206370000003
**1060002884408310601       8     105       8     190       0       0       0   
**    01 201          
 2257612467684080123.2833 219768937144  0 0 82252464 12 1262       73    1379684
**080123.5253   0.2419 1 3036317ITT.4408;O) )8157473:YH1 00000004408206560000003
**1060012624408310601      12     236      12     339       0       0       0   
**    01 201          
 2257616123684080123.4156 220037737142  0 0 82252601  0 1304       32     346584
**080123.4667   0.0511 1 3025019901304;                  00000004408206420000003
**1069013044408310601       6      38       6      64       0       0       0   
**    01 201          
 2257612467684080123.4953 220197237146  0 0 82253672  0 3594      292    1005784
**080123.5503   0.055012 2036317ITT.4408:.48;            00000004408206540000310
**6003594484408310600      10      87      11     163       0       0       0   
**    01 201          
 2257626255084080123.6081 220417237144  0 0 82252317  0 2256       46    1155384
**080123.7753   0.1672 1 2025019902256;                  00000004408206590000003
**1069022564408310601       9     102       9     193       0       0       0   
**    01 201          
 2257612467684080123.6228 220445137146  0 0 82252556  0  411       39      51884
**080123.6544   0.0317 1 2036317ITT.4408;                00000004408206420000003
**1060004114408310601      11      22      11      23       0       0       0   
**    01 201          
 2257612467684080123.6603 220520637145  0 0 82252556  0  411       39      57184
**080123.6806   0.0203 1 2036317ITT.4408;                00000004408206420000003
**1060004114408310601      11      21      11      22       0       0       0   
**    01 201          
 2257612467684080123.7467 220689037142  0 0 82252264  0  423      391     271484
**080123.8319   0.085312 3036317ITT.4408;                00000004408206400000003
**1060004234408310600      18      62      19      78       0       0       0   
**    01 201          
 2257612467684080123.7597 220716237150  0 0 82252241  6 1560        6      21684
**080123.7703   0.0106 1 3036317ITT.4408:.00;            00000004408206610000310
**6001560004408310601       5      10       5      11       0       0       0   
**    01 201          
 2257612467684080123.7644 220723837151  0 0 82252556  0  411       29      10584
**080123.8019   0.0375 1 3036317ITT.4408;                00000004408206380000003
**1060004114408310601      25      15      25      14       0       0       0   
**    01 201          
 2257612467684080123.8339 220859437142  0 0 82252556  0  411       21      33084
**080123.8467   0.0128 1 2036317ITT.4408;                00000004408206570000003
**1060004114408310601       8      18       8      18       0       0       0   
**    01 201          
 2257612467684080123.8639 220916737145  0 0 8225 277 37  252       76     237584
**080123.9806   0.1167 1 3036317ITT.4408;crr gps fdf050,f00000004408206380000003
**1060002524408310601      26      36      26      54       0       0       0   
**    01 101          
 2257612467584080123.8847 220957837150  0 0 85172266  0 2623      204      65184
**080123.9094   0.024712 3036317ITT.4401:.10;            00000440165111050000310
**6002623104401310600      11      29      11      31       0       0       0   
**    01 201          
 2257612467684080123.8989 220986337151  0 0 82253754  0 3592      296     449184
**080123.9875   0.0886 1 2036317ITT.4408:.48;            00000004408206590000310
**6003592484408310600      25      57      25      90       0       0       0   
**    01 201          
 2257616123684080123.9011 220990637152  0 0 82252601  0 1304       39     177284
**080123.9758   0.0747 1 2025019901304;                  00000004408206600000003
**1069013044408310601       6      23       6      36       0       0       0   
**    01 201          
 2257612467684080123.9150 221019137153  0 0 82253422  3  210       30      71984
**080123.9478   0.0328 1 3036317ITT.4408;  ionn6  logon t00000004408606210000003
**1060002104408310601      11      16      10      19       0       0       0   
**    01 201          
 2257612467684080123.9292 221047537155  0 0 82253754  0 3592      197     236784
**080123.9447   0.015612 2036317ITT.4408:.48;            00000004408206900000310
**6003592484408310600       6      26       6      43       0       0       0   
**    01 201          
 2257612467684080123.9431 221076537142  0 0 82253754  0 3592      161      39284
**080123.9525   0.0094 1 2036317ITT.4408:.48;            00000004408206620000310
**6003592484408310600      10      12      10      14       0       0       0   
**    01 201          
 2257636342084080111.2281 294984237145  0 0 82252674  0  515    18839     195184
**080111.5617   0.3336 1 20142820515;                    00000004408206570000000
**0310605154408310601     788      35     837      45       0       0       0   
**    01 201          
 2257612467684080111.3331 295057237147  0 0 82254255  2  280      804    2577584
**080111.6322   0.2992 1 2036317ITT.4408:.02;            00000004408206370000310
**6000280024408310601      98     276      98     476       0       0       0   
**    01 201          
 2257612467684080111.6492 295290137151  0 0 82254255  2  280      510      15084
**080111.6717   0.0225 1 3036317ITT.4408:.02;            00000004408206370000310
**6000280024408310601      57      12      57      12       0       0       0   
**    01 201          
 2257612467684080111.7886 295409737147  0 0 8225 200261 1763       49     475684
**080111.8692   0.080612 2036317ITT.4408;DJNR  A8O339J22 00000004408206000000003
**1060017634408310601      14      51      14      88       0       0       0   
**    01 201          
 2257614312484080113.2025 297569037163  0 0 82252011  0   61      468    4133284
**080113.3989   0.196412 30  121900061;                  00000004408206360000003
**1069000614408310601      36     407      32     734       0       0       0   
**    01 201          
 2257612467684080113.2331 297633637153  0 0 82254255  7  280     3809      35084
**080113.3033   0.0703 1 3036317ITT.4408:.02;            00000004408206370000310
**6000280024408310601     242      14     264      16       0       0       0   
**    01 201          
 22576 6376284080113.2433 297654037141  0 0 82254002 10 1151       43     113284
**080113.2875   0.0442 1 3027641115103;VM SC0RRC TOKYO OP00000004408206380000003
**1061151034408310601       9      37       9      43       0       0       0   
**    01 201          
 2257626251284080113.8833 299021937175  0 0 82252674  0  515     2112      16484
**080113.9233   0.0400 1 2025019900515;                  00000004408606200000003
**1069005154408310601      81      11      81      11       0       0       0   
**    01 201          
 2257612467684080115.7911 304182737160  0 0 82252654 52 2314     1525     707984
**080116.6383   0.8472 1 3036317ITT.4408;V  L V076018 ZSZ00000004408206550000003
**1060023144408310601     105     182     105     214       0       0       0   
**    01 201          
 2257612467684073123.9667 525042737145  0 0 8225 410 10 1482      359     586384
**0801 0.3894   0.4228 1 3036317ITT.4408:.03;LOGIN,AY U,M00000004408206650000310
**6001482034408310601      53     127      52     175       0       0       0   
**    01 201          
 22576124676840801 0.0011 525104037147  0 0 82252643  0 1509      161     209984
**0801 0.0550   0.0539 1 3036317ITT.4408;                00000004408206600000003
**1060015094408310600       9      25       9      40       0       0       0   
**    01 201          
 22576124676840801 0.0106 525120837151  0 0 8225 277 35  252       52     105584
**0801 0.0967   0.0861 1 2036317ITT.4408;c ff gps vip074,00000004408206660000003
**1060002524408310601      15      24      15      31       0       0       0   
**    01 101          
 22576124676840801 0.0322 525165137141  0 0 82253422  1  210       43     641684
**0801 0.1286   0.0964 1 3036317ITT.4408;  ionn6  logo n 00000004408606110000003
**1060002104408310601      10      60      10     108       0       0       0   
**    01 201          
 22576124676840801 0.0619 525221937156  0 0 8225 277 16  252       82    2086384
**0801 0.1467   0.084712 2036317ITT.4408;CCCCCCCC      JJ00000004408206150000003
**1060002524408310601      15     175      15     337       0       0       0   
**    01 101          
 22576262550840801 0.1219 525339337142  0 0 82252317  0 2256       71      11684
**0801 0.1325   0.0106 1 2025019902256;                  00000004408206460000003
**1069022564408310601       6       9       6       9       0       0       0   
**    01 201          
 22576124676840801 0.1339 525358837141  0 0 82252556  0  411       21      33684
**0801 0.1481   0.0142 1 2036317ITT.4408;                00000004408206500000003
**1060004114408310601       8      17       8      17       0       0       0   
**    01 201          
 22576124676840801 0.1344 525361237142  0 0 82252556  0  411       65     218284
**0801 0.1981   0.0636 1 2036317ITT.4408;                00000004408206600000003
**1060004114408310601      31      46      31      58       0       0       0   
**    01 201          
 22576262550840801 0.1350 525362237151  0 0 82252317  0 2256        5      10984
**0801 0.1389   0.0039 1 2025019902256;                  00000004408206460000003
**1069022564408310601       8       6       8       6       0       0       0   
**    01 201          
 22576262550840801 0.1725 525436037141  0 0 82252317  0 2256      423    2437684
**0801 0.5381   0.3656 1 2025019902256;                  00000004408206460000003
**1069022564408310601      80     231      80     420       0       0       0   
**    01 201          
 22576124676840801 0.1825 525453937143  0 0 82253201 21 2712       62     464684
**0801 0.3167   0.1342 1 2036317ITT.4408;                00000004408206500000003
**1060027124408310601      18      50      18      85       0       0       0   
**    01 201          
 22576124676840801 0.1961 525480037152  0 0 82252260  0 1042      361    7985884
**0801 0.9825   0.7864 1 3036317ITT.4408;                00000004408206690000003
**1060010424408310601      29    1667      25    1663       0       0       0   
**    01 201          
 22576124676840801 0.2064 525499837142  0 0 82253422  2  210       31     543084
**0801 0.3011   0.0947 1 3036317ITT.4408;  ionn6  logon t00000004408606030000003
**1060002104408310601       9      53       9      93       0       0       0   
**    01 201          
 22576262560840801 0.2253 525531737151  0 0 82252530  0 2258       26      59084
**0801 0.2414   0.0161 1 2025019902258;                  00000004408206610000003
**1069022584408310601       7      13       7      16       0       0       0   
**    01 201          
 22576124676840801 0.3067 525672037142  0 0 82252654  5   97       79     136984
**0801 0.3800   0.0733 1 3036317ITT.4408;   LOG 2100,210100000004408206470000003
**1060000974408310601      16      31      16      43       0       0       0   
**    01 201          
 22576161236840801 0.3208 525699037143  0 0 82252601  0 1304     2736      10584
**0801 0.3961   0.0753 1 3025019901304;                  00000004408606110000003
**1069013044408310601     153       9     165       9       0       0       0   
**    01 201          
 22576301006840801 0.3361 525726337157  0 0 8225  61 17  195      207     815984
**0801 0.5119   0.175812 30142820195;LOGIN NMARC 54000BW 00000004408200020000000
**0310601954408310601      26      96      26     159       0       0       0   
**    01 201          
 22576124676840801 0.3522 525753037150  0 0 82253422  2  210       32     121184
**0801 0.3925   0.0403 1 3036317ITT.4408;  ionn6   logon 00000004408606120000003
**1060002104408310601      10      19      10      26       0       0       0   
**    01 201          
 22576124676840801 0.3911 525814537142  0 0 82252260  0 1042      249     640984
**0801 0.4728   0.0817 1 3036317ITT.4408;                00000004408206410000003
**1060010424408310601      20     210      19     209       0       0       0   
**    01 201          
 22576124676840801 0.3975 525824837143  0 0 82254164  0 2991      129     143584
**0801 0.5222   0.1247 1 2036317ITT.4408:.52;            00000004408606310000310
**6002991524408310601       9      21       9      30       0       0       0   
**    01 201          
 22576124676840801 0.4181 525857937150  0 0 82252654  5   97       76     135984
**0801 0.4792   0.0611 1 3036317ITT.4408;LOG 2100,2101 FC00000004408206600000003
**1060000974408310601      13      36      13      45       0       0       0   
**    01 201          
 22576124676840801 0.4542 525916737153  0 0 82253201 22 2712        0      13284
**0801 0.4714   0.0172 1 3036317ITT.4408;                00000004408206640000003
**1060027124408310601       2       6       2       7       0       0       0   
**    01 201          
 22576 63762840801 0.4708 525948837162  0 0 82254002  6 1151       79     330584
**0801 0.5658   0.0950 1 3027641115103;VM SC0TJK  KEIKO  00000004408206660000003
**1061151034408310601      28      45      28      70       0       0       0   
**    01 201          
 22576262512840801 0.4728 525952037142  0 0 82252674  0  515       30      41484
**0801 0.5344   0.0617 1 2025019900515;                  00000004408206490000003
**1069005154408310601       7      13       7      15       0       0       0   
**    01 201          
 22576124676840801 0.5161 526028337160  0 0 8225 315 10  288       29     124184
**0801 0.5511   0.0350 1 2036317ITT.4408;03 bipasia      00000004408206630000003
**1060002884408310601       6      20       6      29       0       0       0   
**    01 201          
 22576363420840801 0.5167 526029537161  0 0 82252674  0  515       29    1100684
**0801 0.6389   0.1222 1 20142820515;                    00000004408206590000000
**0310605154408310601      12     106      12     189       0       0       0   
**    01 201          
 22576161236840801 0.5517 526084137141  0 0 82252601  0 1304     2734      10784
**0801 0.6272   0.0756 1 3025019901304;                  00000004408606210000003
**1069013044408310601     154       9     166       9       0       0       0   
**    01 201          
 22576253053840801 0.5783 526127337142  0 0 82254322  0 5854      200     100084
**0801 0.6183   0.0400 1 3055557905854;                  00000004408206490000003
**1069058544408310601      10      16       9      20       0       0       0   
**    01 201          
 22576262560840801 0.6081 526174837153  0 0 82252530  0 2258      200    2208884
**0801 0.8900   0.2819 1 3025019902258;                  00000004408206670000003
**1069022584408310601      36     205      36     379       0       0       0   
**    01 201          
 22576124676840801 0.6333 526216237146  0 0 82254255  4  280     1185     306784
**0801 0.7083   0.0750 1 2036317ITT.4408:.02;            00000004408206490000310
**6000280024408310601      94      40      97      62       0       0       0   
**    01 201          
 22576124676840801 0.8244 526528337141  0 0 8225 200260 1763       63     250784
**0801 0.8889   0.0644 1 3036317ITT.4408;//MCI 52W7U5LBI 00000004408206460000003
**1060017634408310601      10      32      10      53       0       0       0   
**    01 201          
 22576124676840801 0.8283 526534937144  0 0 82253422  1  210       31     351684
**0801 0.8939   0.0656 1 3036317ITT.4408;  ionn6  logon t00000004408606200000003
**1060002104408310601       9      39       9      64       0       0       0   
**    01 201          
 22576124676840801 0.8381 526550337147  0 0 8225 200257 1763       37      41784
**0801 0.8733   0.035312 2036317ITT.4408;38XY3CNKIY 38XY 00000004408207080000003
**1060017634408310601       5      11       5      15       0       0       0   
**    01 201          
 22576262512840801 0.9172 526678237145  0 0 82252674  0  515      430     185584
**0801 0.9564   0.0392 1 2025019900515;                  00000004408206610000003
**1069005154408310601      32      26      34      40       0       0       0   
**    01 201          
 22576124676840801 0.9189 526681137146  0 0 82252206  0 1467      442     263584
**0801 1.0442   0.125312 3036317ITT.4408;                00000004408606160000003
**1060014674408310601      24      53      24      67       0       0       0   
**    01 201          
 22576143132840801 0.9256 526691037144  0 0 82252264  0  803      146       8484
**0801 0.9536   0.0281 1 30  121900803;                  00000004408206490000003
**1069008034408310601       7       4       7       4       0       0       0   
**    01 201          
 22576124676840801 0.9536 526733437147  0 0 8225 430255 1624        0       2784
**0801 0.9542   0.000612 7036317ITT.4408:.01;            00000004408206360000310
**6001624014408310601       0       2       0       2       0       0       0   
**    01 201          
 22576124676840801 0.9981 526806637147  0 0 8225 430255 1624        0       2784
**0801 0.9989   0.000812 7036317ITT.4408:.01;            00000004408206360000310
**6001624014408310601       0       2       0       2       0       0       0   
**    01 201          
 22576124676840801 1.0031 526814337147  0 0 8225 200261 1763       36      19584
**0801 1.0203   0.017212 3036317ITT.4408;38XY3CNKIY xD~r 00000004408206940000003
**1060017634408310601       4       8       4      11       0       0       0   
**    01 201          
 22576124676840801 1.0589 526913437150  0 0 82252206  0 1467     1082    1057284
**0801 1.5414   0.4825 1 3036317ITT.4408;                00000004408606210000003
**1060014674408310601      60     163      62     227       0       0       0   
**    01 201          
 22576124676840801 1.0597 526914537153  0 0 8225 277 32  252        0        084
**0801 1.0606   0.0008 184036317ITT.4408;                00000004408206640000003
**1060002524408310601       1       3       1       3       0       0       0   
**    01 101          
 22576124676840801 1.0681 526929937146  0 0 8225 277 32  252        0        084
**0801 1.0686   0.0006 184036317ITT.4408;                00000004408206640000003
**1060002524408310601       1       3       1       3       0       0       0   
**    01 101          
 22576124676840801 1.1333 527040737153  0 0 8225 277 32  252        0        084
**0801 1.1342   0.0008 184036317ITT.4408;                00000004408206640000003
**1060002524408310601       2       3       2       3       0       0       0   
**    01 101          
 22576124676840801 1.1361 527045537156  0 0 82252643  0 1509      228     290384
**0801 1.2119   0.0758 1 3036317ITT.4408;                00000004408206560000003
**1060015094408310600      14      31      14      53       0       0       0   
**    01 201          
 22576143124840801 1.1700 527099437155  0 0 82252011  0   61      347     771984
**0801 1.2689   0.098912 30  121900061;                  00000004408206360000003
**1069000614408310601      17     127      15     164       0       0       0   
**    01 201          
 22576124676840801 1.2456 527216737142  0 0 8225 277 35  252       78     133184
**0801 1.3025   0.0569 1 2036317ITT.4408;c mm gps vnz830,00000004408206560000003
**1060002524408310601      10      23      10      32       0       0       0   
**    01 101          
 22576124676840801 1.2656 527247237157  0 0 82253201 22 2712        8      34084
**0801 1.2733   0.0078 1 3036317ITT.4408;                00000004408206620000003
**1060027124408310601      10      11      10      13       0       0       0   
**    01 201          
 22576143132840801 1.3008 527295837146  0 0 82252264  0  803      132      34984
**0801 1.3097   0.0089 1 30  121900803;                  00000004408206440000003
**1069008034408310601       5      11       5      11       0       0       0   
**    01 201          
 22576124676840801 1.3053 527304537142  0 0 82253201 21 2712      166    2365984
**0801 1.6992   0.3939 1 3036317ITT.4408;                00000004408206670000003
**1060027124408310601      25     214      25     395       0       0       0   
**    01 201          
 22576143132840801 1.3122 527313637146  0 0 82252264  0  803      446     459884
**0801 1.5353   0.2231 1 30  121900803;                  00000004408606130000003
**1069008034408310601      18     123      19     135       0       0       0   
**    01 201          
 22576124676840801 1.3147 527317137157  0 0 8225 200261 1763      197    1392184
**0801 1.7069   0.3922 1 2036317ITT.4408;~  LJNS    H8S5 00000004408206380000003
**1060017634408310601      51     133      51     241       0       0       0   
**    01 201          
 22576143124840801 1.3628 527389337155  0 0 82252011  0   61      160     127684
**0801 1.3844   0.0217 1 30  121900061;                  00000004408606060000003
**1069000614408310601       6      23       6      31       0       0       0   
**    01 201          
 22576124676840801 1.3850 527420237155  0 0 82252643  0 1509      169     298484
**0801 1.4219   0.036912 3036317ITT.4408;                00000004408206400000003
**1060015094408310600       9      30       9      52       0       0       0   
**    01 201          
 22576124676840801 1.3911 527428637162  0 0 82254164  0 2991      409     457984
**0801 1.5814   0.1903 1 2036317ITT.4408:.52;            00000004408606220000310
**6002991524408310601      45      81      43     101       0       0       0   
**    01 201          
 22576124676840801 1.4611 527528637160  0 0 8225 200260 1763      223     853984
**0801 1.6572   0.196112 2036317ITT.4408;38XY3CNKIY 38XY 00000004408206900000003
**1060017634408310601      29      84      29     153       0       0       0   
**    01 201          
 22576124676840801 1.4653 527535237161  0 0 8225 430255 1624        0       2784
**0801 1.4658   0.000612 7036317ITT.4408:.01;            00000004408206360000310
**6001624014408310601       1       2       1       2       0       0       0   
**    01 201          
 22576143132840801 1.4875 527567437161  0 0 82252264  0  803      547     245684
**0801 1.5997   0.1122 1 30  121900803;                  00000004408206630000003
**1069008034408310601      30      74      28      81       0       0       0   
**    01 201          
 22576124676840801 1.5292 527628137165  0 0 82252011  0 2657      387     960684
**0801 1.8981   0.3689 1 3036317ITT.4408;                00000004408206370000003
**1060026574408310601      34      93      34     163       0       0       0   
**    01 201          
 22576124676840801 1.6403 527781437141  0 0 82252643  0 1509      903     514184
**0801 2.0239   0.3836 1 3036317ITT.4408;                00000004408206630000003
**1060015094408310600      39      63      41      95       0       0       0   
**    01 201          
 22576124676840801 1.6467 527790137162  0 0 82252643  0 1509      603     511584
**0801 1.9261   0.2794 1 3036317ITT.4408;                00000004408206610000003
**1060015094408310600      40     

-
-FI *.ITT

PROGRE  ITT
UD2084  ITT
BDA084  ITT
UD1084  ITT
TNT084  ITT
AST084  ITT
ARG084  ITT
INS084  ITT
DTL084  ITT
TEK084  ITT
KOR084  ITT
AT7084  ITT
SWX084  ITT
IP7084  ITT
IT7084  ITT
SG7084  ITT
IPC084  ITT
LUX084  ITT
FGN084  ITT
SAF084  ITT
ITT084  ITT
TYM084  ITT
KRX084  ITT
IRL084  ITT
CLB084  ITT
POR084  ITT
MNI084  ITT
KDD084  ITT
ITL084  ITT
ZSI084  ITT
ZCI084  ITT
FRX084  ITT
TWN084  ITT
HKG084  ITT
SWE084  ITT
TLX084  ITT
SPA084  ITT
PR1084  ITT
FFC084  ITT
DXP084  ITT
BRX084  ITT
BAH084  ITT
AT1084  ITT
ESR084  ITT
FNL084  ITT
GRE084  ITT
UNI084  ITT
ATP084  ITT
FRN084  ITT
BEL084  ITT
BRZ084  ITT
TST084  ITT
ATT084  ITT
ATT074  ITT
TIM074  ITT
BRX074  ITT
IRL074  ITT
DTL074  ITT
FGN074  ITT
ITT074  ITT
KRX074  ITT
IPC074  ITT
FRX074  ITT
KDD074  ITT
ESR074  ITT
UNI074  ITT
SG7074  ITT
SAF074  ITT
TYM074  ITT
VRS074  ITT
UD2074  ITT
UD1074  ITT
KOR074  ITT
SWX074  ITT
TWN074  ITT
AT7074  ITT
CLB074  ITT
SPA074  ITT
PR1074  ITT
TLX074  ITT
MNI074  ITT
POR074  ITT
ZSI074  ITT
HKG074  ITT
ZCI074  ITT
FFC074  ITT
BAH074  ITT
BDA074  ITT
AT1074  ITT
ARG074  ITT
AST074  ITT
SWE074  ITT
BEL074  ITT
ATP074  ITT
FRN074  ITT
LUX074  ITT
BRZ074  ITT
TIM064  ITT
SWI064  ITT
IRL064  ITT
FRX064  ITT
SWE064  ITT
FGN064  ITT
BEL064  ITT
TYM064  ITT
ESR064  

-TYPR\R
-TYPE ITL084.ITT
 2 57635013484080122.1378 217282536340  0 0  7072674  0  515       28      11184
**080122.1475   0.0097 1 2015954EMCOL0031SA;             00000000000000000000000
**000000000   0   000       0       0       0       0       0       0       0   
**    01 201          
 2 57614575584080122.7778 218668736340  0 0  7072122  0  493       52      60584
**080122.7992   0.0214 1 3015954TECOL0003ET;             00311031000060000031106
**1700138003110311001       0       0       0       0      20      15      24   
**   141 101          
 2 57635655284080111.0392 294835536346  0 0  7072122  0  493       54     914384
**080111.1500   0.1108 1 3015954TEITC0217ET;             00311031000060000031102
**1200169003110311001       0       0       0       0     678      46     680   
**   461 101          
 2 57626622684080111.0569 294850936353  0 0  7072264  0  803        9       8584
**080111.0717   0.0147 1 3015954LRITC0128RS;             00000031060007070031060
**0080300003106310611       0       0       0       0       5       4       5   
**    41 201          
 2 576 5767384080111.3181 295046236340  0 0  7072335  0 1288      274     231484
**080111.4019   0.0839 1 2015954NLITC0342LM;             00000031060007070031060
**0128800003106310611       0       0       0       0      35      26      48   
**   261 201          
 2 57622235184080111.3953 295101036343  0 0  7072122  0  493        7      44284
**080111.3992   0.0039 1 2015954TEITC0462ET;             00311031000060000031104
**1500020003110311001       0       0       0       0       6       2       9   
**    21 101          
 2 576 5767384080111.5608 295222436342  0 0  7072335  0 1288       86    1157384
**080111.6864   0.1256 1 2015954NLITC0342LM;             00000031060007070031060
**0128800003106310611       0       0       0       0     101      17     189   
**   171 201          
 2 57621141084080111.9778 295587536344  0 0  707  40226  500      123      63284
**080112.0053   0.0275 1 3015954DRITC0442ID;             00000000000000000000000
**000000000   0   000       0       0       0       0       0       0       0   
**    01 201          
 2 576 3677384080112.0406 295656736342  0 0  7072224  0 1134     2620     366384
**080112.1008   0.0603 3 2015954C1ITC031359;             00310600576002260031060
**0113400593106310611       0       0       0       0      64     143      64   
**  1421 201          
 2 57615517284080112.1047 295740136351  0 0  7072601  0 1304       22       8084
**080112.1161   0.0114 1 3015954OSITC0430TO;             00000000000000000000000
**000000000   0   000       0       0       0       0       0       0       0   
**    01 201          
 2 57627737584080112.2106 295887636353  0 0  7072122  0  493       92    1084384
**080112.3475   0.1369 1 3015954TEITC0477ET;             00311031000060000031102
**1200200003110311001       0       0       0       0     372      16     372   
**   161 101          
 2 57635655284080112.4269 296195536340  0 0  7072122  0  493      399     548784
**080112.6050   0.1781 3 3015954TEITC0217ET;             00311031000060000031106
**1100611003110311001       0       0       0       0     183      94     218   
**   921 101          
 2 57613440584080112.5028 296313836341  0 0  7072317  0 2256       59      22184
**080112.5308   0.0281 1 3015954ONITC0402ME;             00000000000000000000000
**000000000   0   000       0       0       0       0       0       0       0   
**    01 201          
 2 57631002584080112.6894 296609636341  0 0  7072122  0  493       19      40884
**080112.7025   0.0131 1 3015954TEITC0152ET;             00311031000060000031102
**1200082003110311001       0       0       0       0      12       7      14   
**    61 101          
 2 57631002584080112.7256 296669936342  0 0  7072122  0  493        1       7784
**080112.7292   0.0036 111015954TEITC0152ET;             00000000000000000000000
**000000000   0   001       0       0       0       0       0       0       0   
**    01 101          
 2 57635655284080112.7681 296736136343  0 0  7072122  0  493      372     133284
**080112.8278   0.0597 3 2015954TEITC0217ET;             00311031000060000031106
**1100234003110311001       0       0       0       0      26      47      32   
**   471 101          
 2 576 3421784080112.8589 296891136342  0 0  7072241  1 1560      127     162384
**080112.9469   0.0881 2 3015954CYITC0298ID;             00000000000000000000000
**000000000   0   000       0       0       0       0       0       0       0   
**    01 201          
 2 576 4430584080112.9331 297024936341  0 0  7072122  0  493        9       8484
**080112.9522   0.0192 311015954TEITC0321ET;             00000000000000000000000
**000000000   0   001       0       0       0       0       0       1       0   
**    11 101          
 2 57617276184080113.0631 297275636340  0 0  707  40122  218     1032     761284
**080113.7872   0.7242 1 2015954DRITC0442IC;             00000000000000000000000
**000000000   0   000       0       0       0       0       0       0       0   
**    01 201          
 2 57635655284080113.1308 297419536343  0 0  7072122  0  493       62     265084
**080113.1836   0.0528 3 2015954TEITC0217ET;             00311031000060000031106
**1100234003110311001       0       0       0       0      41       8      58   
**    81 101          
 2 57621141084080113.2028 297569236346  0 0  707  40225  500      234     259784
**080113.2647   0.0619 1 2015954DRITC0442ID;             00000000000000000000000
**000000000   0   000       0       0       0       0       0       0       0   
**    01 201          
 2 57635655284080113.2269 297622736343  0 0  7072122  0  493      666    2033484
**080113.6206   0.3936 3 3015954TEITC0217ET;             00311031000060000031106
**1100234003110311001       0       0       0       0     291      78     476   
**   781 101          
 2 57620417384080113.2900 297741636342  0 0  7072122  0  493      463    2083584
**080113.5914   0.3014 1 2015954TEITC0452ET;             00311031000060000031102
**0100088203110311001       0       0       0       0     193      46     351   
**   461 101          
 2 57635655284080113.3269 297820136353  0 0  7072122  0  493      949     207584
**080113.6514   0.3244 3 3015954TEITC0217ET;             00311031000060000031106
**1100234003110311001       0       0       0       0      62     179      76   
**  1791 101          
 2 576 3677384080113.3833 297935336357  0 0  7072224  0 1134      353     126284
**080113.4678   0.0844 3 3015954C1ITC031359;             00310600576002390031060
**0113400593106310611       0       0       0       0      65      61      73   
**   621 201          
 2 57610010584080113.4897 298163636350  0 0  7072122  0  493        9       8584
**080113.4925   0.0028 311015954TEITC0363ET;             00000000000000000000000
**000000000   0   001       0       0       0       0       0       0       0   
**    01 101          
 2 57633235184080113.5183 298224136352  0 0  7072122  0  493      460     452484
**080113.6731   0.1547 3 3015954TEITC0185ET;             00311031000060000031102
**1200141003110311001       0       0       0       0      58      33      93   
**   361 101          
 2 57626411184080113.5711 298336436346  0 0  7072772123 2445      418     113384
**080113.7367   0.1656 1 2015954IDITC0114SS;LIDS         00000000000000000000000
**000000000   0   000       0       0       0       0       0       0 

-TYPE ZSI084.ITT
 21305 5763684072423.3581 213848637  0  0 0    02307  0 1819       35  440434584
**080118.8817 187.523612 2014282INTLTMCS;                00000000000000000000000
**000000000   0   000       0       0       0       0       0       0       0   
**    011001          
 2130525320584080121.4456 215609837  3  0 0    03672  0 3594       41     131984
**080121.4842   0.0386 1 2013032DIALWH;                  00310601305000030000000
**0000000463106  4610       0       0       0       0      22      11      27   
**    71 201          
 2130525320584080116.0767 305021737  3  0 0    03672  0 3594       42     150984
**080116.1317   0.0550 1 2013032DIALWH;                  00310601305000030000000
**0000000463106  4610       0       0       0       0      24      11      31   
**    71 201          
 2130521314184080116.1361 305190037  3  0 0    02122  0 1212       19      40284
**080116.1503   0.0142 1 20 9593001212;                  00310777130500030000310
**6005844013107310601       0       0       0       0      11       7      13   
**    71 101          
 2130514355184080116.1528 305239337  3  0 0    02122  0  141       19      40284
**080116.1628   0.0100 1 20 959314100;                   00310777130500030000310
**6005844013107310601       0       0       0       0      11       7      14   
**    71 101          
 2130525320584080116.1775 305308037  3  0 0    03672  0 3594      628      37784
**080116.2975   0.1200 1 2013032DIALWH;                  00310601305000030000000
**0000000463106  4610       0       0       0       0      17      85      15   
**   821 201          
 21305213141840801 0.8664 526594737 11  0 0    02122  0 1212        8      12084
**0801 0.8739   0.0075 1110 9593001212;                  00000000000000000000000
**000000000   0   001       0       0       0       0       0       0       0   
**    01 101          
 21305213141840801 0.8772 526611237 11  0 0    02122  0 1212       19      13184
**0801 0.8847   0.0075 1110 9593001212;                  00000000000000000000000
**000000000   0   001       0       0       0       0       0       0       0   
**    01 101          
 21305213141840801 0.8872 526626637 11  0 0    02122  0 1212       15       8084
**0801 0.8917   0.0044 1110 9593001212;                  00000000000000000000000
**000000000   0   001       0       0       0       0       0       0       0   
**    01 101          
 21305213141840801 0.8969 526642937 11  0 0    02122  0 1212       17      12884
**0801 0.9017   0.0047 1110 9593001212;                  00000000000000000000000
**000000000   0   001       0       0       0       0       0       0       0   
**    01 101          
 21305213141840801 0.9036 526654837 11  0 0    02122  0 1212       57     511284
**0801 0.9764   0.0728 1 30 9593001212;                  00310777130500090031032
**1210595523107310301       0       0       0       0      46      19     120   
**   191 101          
 21305  6401840801 4.3614 530575337  1  0 0    02122  0  493        9      55584
**0801 4.3647   0.003312 30 9593000493;                  00311031000060000000000
**0208101003110208101       0       0       0       0       9       0       9   
**    01 101          
 21305213141840801 4.3653 530577637  1  0 0    02122  0 1212       70      12184
**0801 4.3711   0.005812 30 9593001212;                  00310777130500010031032
**1210200013107310301       0       0       0       0       2       2       2   
**    21 101          
 21305  6401840801 4.3725 530584037  1  0 0    02122  0  493        0       1984
**0801 4.3736   0.001112 30 9593000493;                  00000000000000000000000
**000000000   0   000       0       0       0       0       0       0       0   
**    01 101          
 21305143551840801 4.3744 530585437  1  0 0    02122  0  141       11       8784
**0801 4.3800   0.005612 30 959314100;                   00310777130500010000003
**1070004973107310701       0       0       0       0       5       1       5   
**    11 101          
 21305251757840801 4.3808 530590137  1  0 0    0  54 37  196        0       1684
**0801 4.3853   0.004412 30 9593000196;                  00000000000000000000000
**000000000   0   000       0       0       0       0       0       0       0   
**    01 101          
 21305251757840801 4.3839 530592337  1  0 0    0  54 36  196        0       1684
**0801 4.3897   0.005812 30 9593000196;                  00000000000000000000000
**000000000   0   000       0       0       0       0       0       0       0   
**    01 101          
 21305251757840801 4.3878 530595037  1  0 0    0  54 35  196        0       1584
**0801 4.3942   0.006412 30 9593000196;                  00000000000000000000000
**000000000   0   000       0       0       0       0       0       0       0   
**    01 101          
 21305251757840801 4.3906 530597237  1  0 0    0  54 37  196        0       1584
**0801 4.3964   0.005812 30 9593000196;                  00000000000000000000000
**000000000   0   000       0       0       0       0       0       0       0   
**    01 101          
 21305143551840801 4.3947 530600937  1  0 0    02122  0  141       11       8784
**0801 4.3989   0.004212 30 959314100;                   00310777130500010000003
**1070004973107310701       0       0       0       0       5       1       5   
**    11 101          
 21305143551840801 4.4036 530607137  1  0 0    02122  0  141       11       8884
**0801 4.4097 

-LOG
136.39 tru
terminal time: 0:09:49
    Q@