
.TYM

-
-GFD INTLACCTG

-FI


-FI *.ITT

PROGRE  ITT
UD2084  ITT
BDA084  ITT
UD1084  ITT
TNT084  ITT
AST084  ITT
ARG084  ITT
INS084  ITT
DTL084  ITT
TEK084  ITT
KOR084  ITT
AT7084  ITT
SWX084  ITT
IP7084  ITT
IT7084  ITT
SG7084  ITT
IPC084  ITT
LUX084  ITT
FGN084  ITT
SAF084  ITT
ITT084  ITT
TYM084  ITT
KRX084  ITT
IRL084  ITT
CLB084  ITT
POR084  ITT
MNI084  ITT
KDD084  ITT
ITL084  ITT
ZSI084  ITT
ZCI084  ITT
FRX084  ITT
TWN084  ITT
HKG084  ITT
SWE084  ITT
TLX084  ITT
SPA084  ITT
PR1084  ITT
FFC084  ITT
DXP084  ITT
BRX084  ITT
BAH084  ITT
AT1084  ITT
ESR084  ITT
FNL084  ITT
GRE084  ITT
UNI084  ITT
ATP084  ITT
FRN084  ITT
BEL084  ITT
BRZ084  ITT
TST084  ITT
ATT084  ITT
ATT074  ITT
TIM074  ITT
BRX074  ITT
IRL074  ITT
DTL074  ITT
FGN074  ITT
ITT074  ITT
KRX074  ITT
IPC074  ITT
FRX074  ITT
KDD074  ITT
ESR074  ITT
UNI074  ITT
SG7074  ITT
SAF074  ITT
TYM074  ITT
VRS074  ITT
UD2074  ITT
UD1074  ITT
KOR074  ITT
SWX074  ITT
TWN074  ITT
AT7074  ITT
CLB074  ITT
SPA074  ITT
PR1074  ITT
TLX074  ITT
MNI074  ITT
POR074  ITT
ZSI074  ITT
HKG074  ITT
ZCI074  ITT
FFC074  ITT
BAH074  ITT
BDA074  ITT
AT1074  ITT
ARG074  ITT
AST074  ITT
SWE074  ITT
BEL074  ITT
ATP074  ITT
FRN074  ITT
LUX074  ITT
BRZ074  ITT
TIM064  ITT
SWI064  ITT
IRL064  ITT
FRX064  ITT
SWE064  ITT
FGN064  ITT
BEL064  ITT
TYM064  ITT
ESR064  ITT
TST064  ITT
ITT064  ITT
DTL064  ITT
SAF064  ITT
IP7064  ITT
SG7064  ITT
KRX064  ITT
VRS064  ITT
TWN064  ITT
CLB064  ITT
UD2064  ITT
UD1064  ITT
UNI064  ITT
KOR064  ITT
SWX064  ITT
PR1064  ITT
POR064  ITT
MNI064  ITT
KDD064  ITT
TLX064  ITT
SPA064  ITT
BDA064  ITT
BAH064  ITT
AT1064  ITT
AST064  ITT
ARG064  ITT
ZSI064  ITT
ZCI064  ITT
HKG064  ITT
FFC064  ITT
BRX064  ITT
LUX064  ITT
AT7064  ITT
BRZ064  ITT
FRN064  ITT
FILES   ITT
TLX054  ITT
MCI054  ITT
FGN054  ITT
DTL054  ITT
SAF054  ITT
ITT054  ITT
TYM054  ITT
IRL054  ITT
VRS054  ITT
CLB054  ITT
PR1054  ITT
MNI054  ITT
SPA054  ITT
SG7054  ITT
POR054  ITT
UNI054  ITT
ESR054  ITT
SWX054  ITT
BDA054  ITT
BAH054  ITT
ARG054  ITT
AST054  ITT
FRX054  ITT
ATT054  ITT
SNT054  ITT
FNL054  ITT
BE

-TYPE SWE084.ITT
 2257626260284080211.1994 535152137160  0 0 82212264  0  803       95      42984
**080211.2028   0.0033 1 30142820061;                    00240502001000020000000
**0310600612405310601       2       6       2       9       0       0       0   
**    01 202          
 22576262561840810 6.0461 189261537170  0 0 82212672  0 2259       44     211484
**0810 6.0700   0.0239 1 2025019902259;                  00240502001000050000003
**1069022592405310601       7      26       7      42       0       0       0   
**    01 210          
 22576262561840810 8.0947 190644937164  0 0 82212672  0 2259      555      25184
**0810 8.1267   0.0319 1 2025019902259;                  00240502002002300000003
**1069022592405310601      40      10      40      11       0       0       0   
**    01 210          
 2257626256184081314.6992 198270837163  0 0 82212672  0 2259       44     353384
**081314.7322   0.0331 1 2025019902259;                  00240502001000100000003
**1069022592405310601       7      51       7      73       0       0       0   
**    01 213          
 22576 15013840813 9.2281 482343737157  0 0 82212206  0 1467      271     189084
**0813 9.2758   0.0478 1 30302881467;                    00240502020001010000000
**0310614672405310601      15      35      15      48       0       0       0   
**    01 213          
 22576262561840813 9.3550 482415637200  0 0 82212672  0 2259      134    1259384
**0813 9.4633   0.1083 1 2025019902259;                  00240502001000020000003
**1069022592405310601      18     115      18     213       0       0       0   
**    01 213          
 22576262561840813 9.9619 482740037174  0 0 82212672  0 2259      105    1250284
**081310.0797   0.1178 1 2025019902259;                  00240502001000120000003
**1069022592405310601      15     115      15     212       0       0       0   
**    01 213          
 2257626173784081411.3731 238958837143  0 0 82212506  0 1475      613    1051184
**081411.7931   0.4200 1 30142820051;                    00240502020000980000000
**0310600512405310600      44     101      44     172       0       0       0   
**    01 214          
 2257626260284081712.0581 620375137157  0 0 82212011  0   61      491     408384
**081712.2964   0.2383 1 30142820061;                    00240502020001010000000
**0310600612405310601      17      81      17     103       0       0       0   
**    01 217          
 2257626256184082712.4625 195985337146  0 0 82212530  0 2259       69     978684
**082712.5653   0.1028 1 3025019902259;                  00240502020001000000003
**1069022592405310601      17     102      17     176       0       0       0   
**    01 227          
 2257626256184082710.8269 573587837161  0 0 82212530  0 2259       28      18584
**082710.8486   0.0217 1 3025019902259;                  00240502020000980000003
**1069022592405310601       5       9       5      10       0       0       0   
**    01 227          
 2257626173784082813.3186 238881537147  0 0 82212506  0 1475      274    1970584
**082813.7536   0.4350 1 30142820051;                    00240502001002310000000
**0310600512405310600      16     162      16     311       0       0       0   
**    01 228          
 2257634240484082814.3817 241298737147  0 0 82213173 12  111      213     397984
**082814.5056   0.1239 1 2023218CA11113PA;l WGriffinl WGr00240502001002270000000
**0000031062405310601      26      82      26     108       0       0       0   
**    01 228          
 2257626173784082815.8394 245371737146  0 0 82212506  0 1475      431     230384
**082815.9731   0.1336 1 30142820051;                    00240502001002280000000
**0310600512405310600      19      31      20      47       0       0       0   
**    01 228          
 2257626256184082913.8125 396223237153  0 0 82212530  0 2259       38     781584
**082914.1644   0.3519 1 2025019902259;                  00240502001002250000003
**1069022592405310601       6      78       6     137       0       0       0   
**    01 229          
 2257626256184082914.6942 398390637152  0 0 82212530  0 2259       90      24084
**082914.8389   0.1447 1 3025019902259;                  00240502020000990000003
**1069022592405310601      21      13      21      14       0       0       0   
^

**    01 229          
 2257626256184083014.4031 495991037155  0 0 82212530  0 2259       15      10584
**083014.4206   0.0175 1 2025019902259;                  00240502002000080000003
**1069022592405310601      15       5      15       5       0       0       0   
**    01 230          
 2257626256184083015.5739 499367937144  0 0 82212530  0 2259       27      10984
**083015.5869   0.0131 1 2025019902

-TYPE TLX084.ITT
 21305 7163584080119.5936 209987837 46  0 0 82052746  5  455      184     517384
**080119.9611   0.367510 2019742OXYOCS;UCRJALN ODTSO UCRJ00000000000000000000000
**000000000   0   000       0       0       0       0       0       0       0   
**    01 201          
 2130537451084080111.4525 295141137 46  0 0 82053051  0 1508       14       9184
**080111.4642   0.011710 2014275IDCNET;                  00310677130500380000310
**6150800003106310611       0       0       0       0       8       3       8   
**    31 201          
 2130537451084080111.4725 295152737 46  0 0 82053051  0 1508      249    1385284
**080112.1722   0.699710 3014275IDCNET;                  00310677130500380000310
**6150800003106310611       0       0       0       0     435      42     435   
**   421 201          
 2130537451084080111.5289 295193237 44  0 0 82053051  0 1508       31     476584
**080111.7564   0.227510 2014275IDCNET;                  00310677130500360000310
**6150800003106310611       0       0       0       0     137       8     137   
**    81 201          
 2130537451084080111.6667 295303837 40  0 0 82053051  0 1508       33     404584
**080111.8603   0.193610 2014275IDCNET;                  00310677130500320000310
**6150800003106310611       0       0       0       0     120       8     120   
**    81 201          
 2130526770684080111.7892 295410337 45  0 0 82053051  0 1508       38     567684
**080112.0625   0.273310 20 9593INFOCASH;                00310677130500370000310
**6150800003106310611       0       0       0       0     159       8     159   
**    81 201          
 2130537451084080112.1406 295786337 40  0 0 82053051  0 1508       82     880784
**080112.5947   0.454210 2014275IDCNET;                  00310677130500320000310
**6150800003106310611       0       0       0       0     244      14     244   
**   141 201          
 2130526770684080112.4692 296258037 44  0 0 82053051  0 1508       38     458784
**080112.6886   0.219410 30 9593INFOCASH;                00310677130500360000310
**6150800003106310611       0       0       0       0     131       7     131   
**    71 201          
 2130526770684080112.8275 296837237 44  0 0 82053051  0 1508       55     583284
**080113.0872   0.259710 30 9593INFOCASH;                00310677130500360000310
**6150800003106310611       0       0       0       0     169      10     169   
**   101 201          
 2130526770684080113.2747 297711037 40  0 0 82053051  0 1508       45     448784
**080113.5033   0.228610 20 9593INFOCASH;                00310677130500320000310
**6150800003106310611       0       0       0       0     153      17     153   
**   171 201          
 2130526770684080114.0497 299390537 47  0 0 82053051  0 1508       40     396984
**080114.2403   0.190610 20 9593INFOCASH;                00310677130500390000310
**6150800003106310611       0       0       0       0     118       8     118   
**    81 201          
 2130526770684080114.1369 299598737 40  0 0 82053051  0 1508       38      36784
**080114.1525   0.015610 20 9593INFOCASH;                00310677130500320000310
**6150800003106310611       0       0       0       0      26       7      26   
**    71 201          
 2130526770684080115.0033 301828437 40  0 0 82053051  0 1508       36     302984
**080115.1014   0.098110 30 9593INFOCASH;                00310677130500320000310
**6150800003106310611       0       0       0       0      97       7      97   
**    71 201          
 2130526770684080115.2697 302569037 40  0 0 82053051  0 1508       35     514284
**080115.5308   0.261110 30 9593INFOCASH;                00310677130500320000310
**6150800003106310611       0       0       0       0     142       7     142   
**    71 201          
 2130526770684080115.8942 304494137 40  0 0 82053051  0 1508        0       8884
**080115.9056   0.011410 20 9593INFOCASH;                00310677130500320000310
**6150800003106310611       0       0       0       0       6       2       6   
**    21 201          
 2130526770684080115.9586 304689037 40  0 0 82053051  0 1508        0       8884
**080115.9697   0.011110 20 9593INFOCASH;                00310677130500320000310
**6150800003106310611       0       0       0       0       6       2       6   
**    21 201          
 2130526770684080116.1700 305287437 40  0 0 82053051  0 1508       45     335984
**080116.4019   0.231910 30 9593INFOCASH;                00310677130500320000310
**6150800003106310611       0       0       0       0     112      10     112   
**   101 201          
 2130526770684080117.5533 308948237 40  0 0 82053051  0 1508       49     345084
**080117.7444   0.191110 30 9593INFOCASH;                00310677130500320000310
**6150800003106310611       0       0       0       0     115      11     115   
**   111 201          
 2130526770684080118.4217 311421937 41  0 0 82053051  0 1508       44     311784
**080118.7525   0.330810 30 9593INFOCASH;                00310677130500330000310
**6150800003106310611       0       0       0       0     103       9     103   
**    91 201          
 21305 7163584080118.5244 311721537 44  0 0 82052746  5  455      339     611684
**080119.0489   0.524410 2019742OXYOCS;UCRJALN ODTSO UCRJ00000000000000000000000
**000000000   0   000       0       0       0       0       0       0       0   
**    01 201          
 21305357264840801 3.1844 529550637 40  0 0 82052122  0 1212       13      11384
**0801 3.1981   0.01361011019028WLVELASCO1;              00000000000000000000000
**000000000   0   001       0       0       0       0       0       0       0   
**    01 101          
 21305357264840801 3.2108 529576037 40  0 0 82052122  0 1212       13      11384
**0801 3.2194   0.00861011019028WLVELASCO1;              00000000000000000000000
**000000000   0   001       0       0       0       0       0       0       0   
**    01 101          
 21305265742840801 4.2697 530499937 46  0 0 82052122  0  493        0       1984
**0801 4.2719   0.002210 30 9593TPCTESTA;                00000000000000000000000
**000000000   0   000      

-FI *.ITT

PROGRE  ITT
UD2084  ITT
BDA084  ITT
UD1084  ITT
TNT084  ITT
AST084  ITT
ARG084  ITT
INS084  ITT
DTL084  ITT
TEK084  ITT
KOR084  ITT
AT7084  ITT
SWX084  ITT
IP7084  ITT
IT7084  ITT
SG7084  ITT
IPC084  ITT
LUX084  ITT
FGN084  ITT
SAF084  ITT
ITT084  ITT
TYM084  ITT
KRX084  ITT
IRL084  ITT
CLB084  ITT
POR084  ITT
MNI084  ITT
KDD084  ITT
ITL084  ITT
ZSI084  ITT
ZCI084  ITT
FRX084  ITT
TWN084  ITT
HKG084  ITT
SWE084  ITT
TLX084  ITT
SPA084  ITT
PR1084  ITT
FFC084  ITT
DXP084  ITT
BRX084  ITT
BAH084  ITT
AT1084  ITT
ESR084  ITT
FNL084  ITT
GRE084  ITT
UNI084  ITT
ATP084  ITT
FRN084  ITT
BEL084  ITT
BRZ084  ITT
TST084  ITT
ATT084  ITT
ATT074  ITT
TIM074  ITT
BRX074  ITT
IRL074  ITT
DTL074  ITT
FGN074  ITT
ITT074  ITT
KRX074  ITT
IPC074  ITT
FRX074  ITT
KDD074  ITT
ESR074  ITT
UNI074  ITT
SG7074  ITT
SAF074  ITT
TYM074  ITT
VRS074  ITT
UD2074  ITT
UD1074  ITT
KOR074  ITT
SWX074  ITT
TWN074  ITT
AT7074  ITT
CLB074  ITT
SPA074  ITT
PR1074  ITT
TLX074  ITT
MNI074  ITT
POR074  ITT
ZSI074  ITT
HKG074  ITT
ZCI074  ITT
FFC074  ITT
BAH074  ITT
BDA074  ITT
AT1074  ITT
ARG074  ITT
AST074  ITT
SWE074  ITT
BEL074  ITT
ATP074  ITT
FRN074  ITT
LUX074  ITT
BRZ074  ITT
TIM064  ITT
SWI064  ITT
IRL064  ITT
FRX064  ITT
SWE064  ITT
FGN064  ITT
BEL064  ITT
TYM064  ITT
ESR064  ITT
TST064  ITT
ITT064  ITT
DTL064  ITT
SAF064  ITT
IP7064  ITT
SG7064  ITT
KRX064  ITT
VRS064  ITT
TWN064  ITT
CLB064  ITT
UD2064  ITT
UD1064  ITT
UNI064  ITT
KOR064  ITT
SWX064  ITT
PR1064  ITT
POR064  ITT
MNI064  ITT
KDD064  ITT
TLX064  ITT
SPA064  ITT
BDA064  ITT
BAH064  ITT
AT1064  ITT
AST

-TYPE SPA084.ITT
 2234031715584080111.1183 294892736145 36 0170614113  5 4007      826      99484
**080111.1683   0.050012 2016881VLI1064T2; logon spain bu00000000000000000000000
**000000000   0   000       0       0       0       0       0       0       0   
**    01 201          
 2234131720784080111.2892 295026636141 16 0170542111  0  398       36      83184
**080111.3158   0.0267 3 2014268BTIISP143TL;             00000021410170540031106
**1100040002141311001       0       0       0       0      22       7      22   
**    71 101          
 2234031720784080112.4819 296276036143 23 0170612111  0  398        1       9484
**080112.4833   0.0014 311014268BTIISP143TL;             00000000000000000000000
**000000000   0   001       0       0       0       0       0       0       0   
**    01 101          
 2234031720784080112.4894 296293736141 23 0170612111  0  398      392     848284
**080112.7203   0.2308 3 2014268BTIISP143TL;             00000021410170610031102
**1200082002141311001       0       0       0       0     144      22     205   
**   221 101          
 2234031715584080113.2156 297596636141 36 0170614113  6 4007      165     124784
**080113.3014   0.085812 2016881VLI1064T2; logon spain bu00000000000000000000000
**000000000   0   000       0       0       0       0       0       0       0   
**    01 201          
 2234031715584080113.6369 298470036143 17 0170614113  5 4007      352      58784
**080113.6633   0.026412 3016881VLI1064T2; logon spain bu00000000000000000000000
**000000000   0   000       0       0       0       0       0       0       0   
**    01 201          
 2234031715584080113.7925 298816836143 37 0170614113  5 4007     7086     191284
**080113.9606   0.168112 3016881VLI1064T2; logon spain bu00000000000000000000000
**000000000   0   000       0       0       0       0       0       0       0   
**    01 201          
 2234131720784080114.7539 301162536144 14 0170542111  0  398       36     772484
**080114.8661   0.1122 3 2014268BTIISP143TL;             00000021410170540031102
**1200082002141311001       0       0       0       0     202       7     312   
**    61 101          
 2234031720784080114.8131 301311236144 21 0170612111  0  398       44     279584
**080114.8819   0.0689 3 2014268BTIISP143TL;             00000021410170610031102
**1200082002141311001       0       0       0       0      67       8      81   
**    81 101          
 2234031720784080114.9383 301647236144 22 0170612111  0  398       81     232584
**080114.9958   0.0575 3 2014268BTIISP143TL;             00000021410170610031102
**1200082002141311001       0       0       0       0      49      10      64   
**   101 101          
 2234031720784080115.0844 302039436144 22 0170612111  0  398       44     162584
**080115.1236   0.0392 3 2014268BTIISP143TL;             00000021410170610031102
**1200082002141311001       0       0       0       0      38       8      47   
**    81 101          
 22340317155840801 6.4289 532061936141 37 0170614113  5 4007       43    1848084
**0801 6.7061   0.277212 3016881VLI1064T2; logon spain bu00000000000000000000000
**000000000   0   000       0       0       0       0       0       0       0   
**    01 201          
 22340317155840801 6.7172 532247836141 36 0170614113  5 4007       37      55984
**0801 6.7244   0.007212 2016881VLI1064T2; LOGON MEJORADA00000000000000000000000
**000000000   0   000       0       0       0       0       0       0       0   
**    01 201          
 227155840801 6.7242 532252136143 40 0170614113  6 4007      256    1315184
**0801 6.9956   0.271412 3016881VLI1064T2; logon spain bu00000000000000000000000
**000000000   0   000       0       0       0       0       0       0       0   
**    01 201          
 22340 45256840801 7.2061 532560536145 17 0170613250  1  136      179     171984
**0801 7.2881   0.081912 3016881HDIISP164DH;  ascii buzon00000000000000000000000
**000000000   0   000       0       0       0       0       0       0       0   
**    01 201          
 22340317155840801 7.3019 532620936145 36 0170614113  5 4007       61      63684
**0801 7.3147   0.012812 2016881VLI1064T2; logon spain bu00000000000000000000000
**000000000   0   000       0       0       0       0       0       0       0   
**    01 201          
 22340 45256840801 7.3236 532637336144 36 0170613250  1  136      162    2110384
**0801 7.4358   0.112212 3016881HDIISP164DH;  bvin002,cha00000000000000000000000
**000000000   0   000       0       0       0       0       0       0       0   
**    01 201          
 22340317207840801 7.9294 533023936141 11 0170612111  0  398       43    2611384
**0801 8.2692   0.3397 3 2014268BTIISP143TL;             00000021410170610031102
**1200082002141311001       0       0       0       0     374       6     574   
**    61 101          
 22340317155840801 8.2067 533210236144 37 0170614113  5 4007     6140     237984
**0801 8.3667   0.160012 2016881VLI1064T2; logon spain bu00000000000000000000000
**000000000   0   000       0       0       0       0       0       0       0   
**    01 201          
 22340 57636840801 8.2633 533248936143  6 0170612307  0 1819       72    3295284
**0801 9.7658   1.5025 1 2014282INTLTMCS;                00000000000000000000000
**000000000   0   000       0       0       0       0       0       0       0   
**    011001          
 2234032055184080110.7158 534705736144 21 0170612011  0   61      343     310184
**080110.8394   0.1236 3 2014268LRIISP446RS;             00000031067170610031060
**0006100003106310611       0       0       0       0      85      28     101   
**   271 201          
 22340 5763684080110.7586 534729536143  6 0170612307  0 1819       53     299084
**080110.9339   0.1753 1 2014282INTLTMCS;                00000000000000000000000
**000000000   0   000       0       0       0       0       0       0       0   
**    011001          
 22340 57636840802 5.8900 228031736141 37 0170612307  0 1819       37     152984
**0802 5.9053   0.015312 2014282INTLTMCS;                00000000000000000000000
**000000000   0   000       0       0       0       0       0       0       0   
**    011002          
 22341317155840802 6.0583 228140636143 31 0170544113  5 4007       66     700484
**0802 6.1669   0.108612 2016881VLI1064T2; logon spian lo00000000000000000000000
**000000000   0   000       0       0       0       0       0       0       0   
**    01 202          
 22341 45256840802 6.1744 228219536143 31 0170543250  1  136      112    1518884
**0802 6.2600   0.085612 3016881HDIISP164DH;  bvin002,cha00000000000000000000000
**000000000   0   000       0       0       0       0       0       0       0   
**    01 202          
 22340320551840802 6.4569 228406136144 22 0170612011  0   61      135     154684
**0802 6.5067   0.0497 3 3014268LRIISP446RS;             00000031067170610031060
**0006100003106310611       0       0       0       0      42      14      51   
**   141 202          
 22340317155840802 6.5731 228481736145 40 0170614113  5 4007       40     137284
**0802 6.6014   0.028312 2016881VLI1064T2; LOGON MEJORADA00000000000000000000000
**000000000   0   000       0       0       0       0       0       0       0   
**    01 202          
 22340320551840802 7.4125 229031236145 21 0170612011  0   61      423     237284
**0802 7.5250   0.1125 3 3014268LRIISP446RS;             00000031067170610031060
**0006100003106310611       0       0       0       0      59      16      71   
**   181 202          
 22340320551840802 7.5583 229118636144 22 0170612011  0   61      189     157284
**0802 7.6383   0.0800 3 3014268LRIISP446RS;             00000031067170610031060
**0006100003106310611       0       0       0       0      38      13      46   
**   131 202          
 22341225470840802 7.5600 229119236144 37 0170542233  0  282       55      59384
**0802 7.5775   0.0175 1 3016881DPT2263ST;               00302502341001000000302
**0555000743025302000       0       0       0       0      31       6      30   
**    41 102          
 22340225470840802 7.6478 229165936143 25 0170612233  0  282    24224     296984
**0802 8.1453   0.4975 1 3016881DPT2263ST;               00302502340000990000302
**0555000743025302000       0       0       0       0     108     365     116   
**  5641 102          
 22340320551840802 7.8083 229254436144 20 0170612011  0   61      256     400884
**0802 7.9569   0.1486 3 3014268LRIISP446RS;             00000031067170610031060
**0006100003106310611       0       0       0       0     110      21     122   
**   221 202          
 22340263637840802 8.0056 229371936144 20 0170614140  0  313      150     252784
**0802 8.0733   0.0678 1 3016881CAIISP100LC;             00310602340001000000003
**1060003133106310610       0       0       0       0     110      37     117   
**   321 202          
 22340320551840802 8.1628 229470636144 22 0170612011  0   61      363     249184
**0802 8.3258   0.1631 3 2014268LRIISP446RS;             00000031067170610031060
**0006100003106310611       0       0       0       0      87      26      94   
**   261 202          
 22341317207840802 8.2939 229544336143 17 0170542111  0  398       43    2348784
**0802 8.6011   0.3072 3 2014268BTIISP143TL;             00000021410217160031102
**1200082002141311001       0       0       0       0     342       6     512   
**    61 102          
 22340320551840802 9.6525 230282036146 20 0170612011  0   61       88     112284
**0802 9.7392   0.0867 3 3014268LRIISP446RS;             00000031067170610031060
**0006100003106310611       0       0       0       0      41      11      45   
**   111 202          
 22341320551840802 9.8133 230367136145 32 0170542011  0   61      163     129284
**0802 9.9017   0.0883 3 3014268LRIISP446RS;             00000031067170540031060
**0006100003106310611       0       0       0    

-
-FI *.ITT

PROGRE  ITT
UD2084  ITT
BDA084  ITT
UD1084  ITT
TNT084  ITT
AST084  ITT
ARG084  ITT
INS084  ITT
DTL084  ITT
TEK084  ITT
KOR084  ITT
AT7084  ITT
SWX084  ITT
IP7084  ITT
IT7084  ITT
SG7084  ITT
IPC084  ITT
LUX084  ITT
FGN084  ITT
SAF084  ITT
ITT084  ITT
TYM084  ITT
KRX084  ITT
IRL084  ITT
CLB084  ITT
POR084  ITT
MNI084  ITT
KDD084  ITT
ITL084  ITT
ZSI084  ITT
ZCI084  ITT
FRX084  ITT
TWN084  ITT
HKG084  ITT
SWE084  ITT
TLX084  ITT
SPA084  ITT
PR1084  ITT
FFC084  ITT
DXP084  ITT
BRX084  ITT
BAH084  ITT
AT1084  ITT
ESR084  ITT
FNL084  ITT
GRE084  ITT
UNI084  ITT
ATP084  ITT
FRN084  ITT
BEL084  ITT
BRZ084  ITT
TST084  ITT
ATT084  ITT
ATT074  ITT
TIM074  ITT
BRX074  ITT
IRL074  ITT
DTL074  ITT
FGN074  ITT
ITT074  ITT
KRX074  ITT
IPC074  ITT
FRX074  ITT
KDD074  ITT
ESR074  ITT
UNI074  ITT
SG7074  ITT
SAF074  ITT
TYM074  ITT
VRS074  ITT
UD2074  ITT
UD1074  ITT
KOR074  ITT
SWX074  ITT
TWN074  ITT
AT7074  ITT
CLB074  ITT
SPA074  ITT
PR1074  ITT
TLX074  ITT
MNI074  ITT
POR074  ITT
ZSI074  ITT
HKG074  ITT
ZCI074  ITT
FFC074  ITT
BAH074  ITT
BDA074  ITT
AT1074  ITT
ARG074  ITT
AST074  ITT
SWE074  ITT
BEL074  ITT
ATP074  ITT
FRN074  ITT
LUX074  ITT
BRZ074  ITT
TIM064  ITT
SWI064  ITT
IRL064  ITT
FRX064  ITT
SWE064  ITT
FGN064  ITT
BEL064  ITT
TYM064  ITT
ESR064  ITT
TST064  ITT
ITT064  ITT
DTL064  ITT
SAF064  ITT
IP7064  ITT
SG7064  ITT
KRX064  ITT
VRS064  ITT
TWN064  ITT
CLB064  ITT
UD2064  ITT
UD1064  ITT
UNI064  ITT
KOR064  ITT
SWX064  ITT
PR1064  ITT
POR064  ITT
MNI064  ITT
KDD064  ITT
TLX064  ITT
SPA064  ITT
BDA064  ITT
BAH064  ITT
AT1064  

-TYPE PR1084.ITT
 21204 4327084080119.5819 209954236 32  0 0    0  54 46  196     1085    4305584
**080120.3997   0.8178 1 3014737CDPR237; C21,SHS503,SHARO00000000000000000000000
**000000000   0   000       0       0       0       0       0       0       0   
**    01 101          
 2120436444584080119.6197 210072236 13  0 0    02574  4 2144      148      81084
**080119.6756   0.0558 1 2014737GSPR15302;mult           00000000000000000000000
**000000000   0   000       0       0       0       0       0       0       0   
**    01 201          
 2120432004484080119.6797 210307436 21  0 0    02122  0  493       16      10984
**080119.6897   0.0100 1 2014737ITPR100NET;              00311031000060000031109
**1400033003110311001       0       0       0       0       3       8       3   
**    81 101          
 2120415417484080119.7017 210377636 15  0 0    02122  0 1212       80     150784
**080119.7772   0.0756 1 2014737PR323;                   00310777120400130000312
**5412000073107312501       0       0       0       0      23      12      41   
**   121 101          
 2120432004484080119.7850 210640336 13  0 0    02122  0  493       15      13384
**080119.7975   0.0125 111014737ITPR100NET;              00000000000000000000000
**000000000   0   001       0       0       0       0       0       0       0   
**    01 101          
 2120432004484080119.8022 210695136 13  0 0    02122  0  493       12      13084
**080119.8186   0.0164 111014737ITPR100NET;              00000000000000000000000
**000000000   0   001       0       0       0       0       0       0       0   
**    01 101          
 2120432004484080119.8233 210758636 13  0 0    02122  0  493       12      13084
**080119.8453   0.0219 111014737ITPR100NET;              00000000000000000000000
**000000000   0   001       0       0       0       0       0       0       0   
**    01 101          
 2120432004484080119.8522 210845936 13  0 0    02122  0  493       12      13084
**080119.8628   0.0106 111014737ITPR100NET;              00000000000000000000000
**000000000   0   001       0       0       0       0       0       0       0   
**    01 101          
 2120432004484080119.8678 210894036 13  0 0    02122  0  493       19      10984
**080119.8778   0.0100 1 2014737ITPR100NET;              00311031000060000031109
**1400033003110311001       0       0       0       0       3      12       3   
**   121 101          
 2120432004484080119.8828 210939136 13  0 0    02122  0  493       19      10984
**080119.8919   0.0092 1 2014737ITPR100NET;              00311031000060000031109
**1400033003110311001       0       0       0       0       3      12       3   
**   121 101          
 2120432004484080119.8989 210989436 13  0 0    02122  0  493       25      64084
**080119.9156   0.0167 1 3014737ITPR100NET;              00311031000060000031109
**1400033003110311001       0       0       0       0      23      18      23   
**   181 101          
 2120423656084080119.9456 211129336 15  0 0    04255  3  280     1681      30184
**080119.9783   0.0328 3 2014737HMPR020MN;               00000000000000000000000
**000000000   0   000       0       0       0       0       0       0       0   
**    01 201          
 2120422061484080119.9475 211135836 20  0 0    02260  0 1042       39    1359884
**080120.0050   0.057512 2014737IDPR038YDC;              00310677120400160000310
**6104200003106310611       0       0       0       0     341       8     341   
**    81 201          
 2120432004484080119.9658 211190036 13  0 0    02122  0  493      878     670984
**080120.4561   0.4903 1 2014737ITPR100NET;              00311031000060000031109
**1400033003110311001       0       0       0       0     270     852     270   
**  8521 101          
 21204 1402484080120.0669 211504936 15  0 0    02122  0  493      537      37084
**080120.1550   0.088112 2014737ITPR196NET;              00311031000060000031102
**0200202003110311001       0       0       0       0      24      41      25   
**   451 101          
 2120437277684080120.1211 211675336 21  0 0    02233  0  282     1357     138584
**080120.3286   0.2075 1 3014737DPPR166;                 00302501204000170000302
**0431001603025302000       0       0       0       0      24      30      21   
**   311 101          
 2120423656084080120.2117 211947436 14  0 0    04255  5  280      300     136584
**080120.2364   0.0247 3 2014737HMPR020MN;               00000000000000000000000
**000000000   0   000       0       0       0       0       0       0       0   
**    01 201          
 21204  655384080120.2375 212060436 22  0 0    02772105 2445     1174     645184
**080120.6806   0.4431 1 2014737IDPR187SS;LIDS           00000000000000000000000
*

-EDIT
*LOAD PR1084.ITT
1319760 Chars
Line 1 of file, line 1 of workspace: line too long -- split into two lines
*FIND 'LOGIN'
Print? Y
Line 2 of file, line 3 of workspace: line too long -- split into two lines
Line 3 of file, line 5 of workspace: line too long -- split into two lines
Line 4 of file, line 7 of workspace: line too long -- split into two lines
Line 5 of file, line 9 of workspace: line too long -- split into two lines
Line 6 of file, line 11 of workspace: line too long -- split into two lines
Line 7 of file, line 13 of workspace: line too long -- split into two lines
Line 8 of file, line 15 of workspace: line too long -- split into two lines
Line 9 of file, line 17 of workspace: line too long -- split into two lines
Line 10 of file, line 19 of workspace: line too long -- split into two lines
Line 11 of file, line 21 of workspace: line too long -- split into two lines
Line 12 of file, line 23 of workspace: line too long -- split into two lines
Line 13 of file, line 25 of workspace: line too long -- split into two lines
Line 14 of file, line 27 of workspace: line too long -- split into two lines
Line 15 of file, line 29 of workspace: line too long -- split into two lines
Line 16 of file, line 31 of workspace: line too long -- split into two lines
Line 17 of file, line 33 of workspace: line too long -- split into two lines
Line 18 of file, line 35 of workspace: line too long -- split into two lines
Line 19 of file, line 37 of workspace: line too long -- split into two lines
Line 20 of file, line 39 of workspace: line too long -- split into two lines
Line 21 of file, line 41 of workspace: line too long -- split into two lines
Line 22 of file, line 43 of workspace: line too long -- split into two lines
Line 23 of file, line 45 of workspace: line too long -- split into two lines
Line 24 of file, line 47 of workspace: line too long -- split into two lines
Line 25 of file, line 49 of workspace: line too long -- split into two lines
Line 26 of file, line 51 of workspace: line too long -- split into two lines
Line 27 of file, line 53 of workspace: line too long -- split into two lines
Line 28 of file, line 55 of workspace: line too long -- split into two lines
Line 29 of file, line 57 of workspace: line too long -- split into two lines
Line 30 of file, line 59 of workspace: line too long -- split into two lines
Line 31 of file, line 61 of workspace: line too long -- split into two lines
Line 32 of file, line 63 of workspace: line too long -- split into two lines
Line 33 of file, line 65 of workspace: line too long -- split into two lines
Line 34 of file, line 67 of workspace: line too long -- split into two lines
Line 35 of file, line 69 of workspace: line too long -- split into two lines
Line 36 of file, line 71 of workspace: line too long -- split into two lines
Line 37 of file, line 73 of workspace: line too long -- split into two lines
Line 38 of file, line 75 of workspace: line too long -- split into two lines
Line 39 of file, line 77 of workspace: line too long -- split into two lines
Line 40 of file, line 79 of workspace: line too long -- split into two lines
Line 41 of file, line 81 of workspace: line too long -- split into two lines
Line 42 of file, line 83 of workspace: line too long -- split into two lines
Line 43 of file, line 85 of 
*FIND 'LOGIN'
Print? Y
Line 50 of file, line 99 of workspace: line too long -- split into two lines
Line 51 of file, line 101 of workspace: line too long -- split into two lines
Line 52 of file, line 103 of workspace: line too long -- split into two lines
Line 53 of file, line 105 of workspace: line too long -- split into two lines
Line 54 of file, line 107 of workspace: line too long -- split into two lines
Line 55 of file, line 109 of workspace: line too long -- split into two lines
Line 56 of file, line 111 of workspace: line too long -- split into two lines
Line 57 of file, line 113 of workspace: line too long -- split into two lines
Line 58 of file, line 115 of workspace: line too long -- split into two lines
Line 59 of file, line 117 of workspace: line too long -- split into two lines
Line 60 of file, line 119 of workspace: line too long -- split into two lines
Line 61 of file, line 121 of workspace: line too long -- split into two lines
Line 62 of file, line 123 of workspace: line too long -- split into two lines
Line 63 of file, line 125 of workspace: line too long -- split into two lines
Line 64 of file, line 127 of workspace: line too long -- split into two lines
Line 65 of file, line 129 of workspace: line too long -- split into two lines
Line 66 of file, line 131 of workspace: line too long -- split into two lines
Line 67 of file, line 133 of workspace: line too long -- split into two lines
Line 68 of file, line 135 of workspace: line too long -- split into two lines
Line 69 of file, line 137 of workspace: line too long -- split into two lines
Line 70 of file, line 139 of workspace: line too long -- split into two lines
Line 71 of file, line 141 of workspace: line too long -- split into two lines
Line 72 of file, line 143 of workspace: line too long -- split into two lines
Line 73 of file, line 145 of workspace: line too long -- split into two lines
Line 74 of file, line 147 of workspace: line too long -- split into two lines
Line 75 of file, line 149 of workspace: line too long -- split into two lines
Line 76 of file, line 151 of workspace: line too long -- split into two lines
Line 77 of file, line 153 of workspace: line too long -- split into two lines
Line 78 of file, line 155 of workspace: line too long -- split into two lines
Line 79 of file, line 157 of workspace: line too long -- split into two lines
Line 80 of file, line 159 of workspace: line too long -- split into two lines
Line 81 of file, line 161 of workspace: line too long -- split into two lines
Line 82 of file, line 163 of workspace: line too long -- split into two lines
Line 83 of file, line 165 of workspace: line too long -- split into two lines
Line 84 of file, line 167 of workspace: line too long -- split into two lines
Line 85 of file, line 169 of workspace: line too long -- split into two lines
Line 86 of file, line 171 of workspace: line too long -- split into two lines
Line 87 of file, line 173 of workspace: line too long -- split into two lines
Line 88 of file, line 175 of workspace: line too long -- split into two lines
Line 89 of file, line 177 of workspace: line too long -- split into two lines
Line 90 of file, line 179 of workspace: line too long -- split into two lines
Line 91 of file, line 181 of workspace: line too long -- split into two lines
Line 92 of file, line 183 of workspace: line too long -- split into two lines
Line 93 of file, line 185 of workspace: line too long -- split into two lines
Line 94 of file, line 187 of workspace: line too long -- split into two lines
Line 95 of file, line 189 of workspace: line too long -- split into two lines
Line 96 of file, line 191 of workspace: line too long -- split into two lines
Line 97 of file, line 193 of workspace: line too long -- split into two lines
Line 98 of file, line 195 of workspace: line too long -- split into two lines
Line 99 of file, line 197 of workspace: line too long -- split into two lines
Line 100 of file, line 199 of workspace: line too long -- split into two lines
Line 101 of file, line 201 of workspace: line too long -- split into two lines
Line 102 of file, line 203 of workspace: line too long -- split into two lines
Line 103 of file, line 205 of workspace: line too long -- split into two lines
Line 104 of file, line 207 of workspace: line too long -- split into two lines
Line 105 of file, line 209 of workspace: line too long -- split into two lines
Line 106 of file, line 211 of workspace: line too long -- split into two lines
Line 107 of file, line 213 of workspace: line too long -- split into two lines
Line 108 of file, line 215 of workspace: line too long -- split into two lines
Line 109 of file, line 217 of workspace: line too long -- split into two lines
Line 110 of file, line 219 of workspace: line too long -- split into two lines
Line 111 of file, line 221 of workspace: line too long -- split into two lines
Line 112 of file, line 223 of workspace: line too long -- split into two lines
Line 113 of file, line 225 of workspace: line too long -- split into two lines
Line 114 of file, line 227 of workspace: line too long -- split into two lines
Line 115 of file, line 229 of workspace: line too long -- split into two lines
Line 116 of file, line 231 of workspace: line too long -- split into two lines
Line 117 of file, line 233 of workspace: line too long -- split into two lines
Line 118 of file, line 235 of workspace: line too long -- split into two lines
Line 119 of file, line 237 of workspace: line too long -- split into two lines
Line 120 of file, line 239 of workspace: line too long -- split into two lines
Line 121 of file, line 241 of workspace: line too long -- split into two lines
Line 122 of file, line 243 of workspace: line too long -- split into two lines
Line 123 of file, line 245 of workspace: line too long -- split into two lines
Line 124 of file, line 247 of workspace: line too long -- split into two lines
Line 125 of file, line 249 of workspace: line t
*FIND 'GSG'
Print? Y
Line 128 of file, line 255 of workspace: line too long -- split into two lines
Line 129 of file, line 257 of workspace: line too long -- split into two lines
Line 130 of file, line 259 of workspace: line too long -- split into two lines
Line 131 of file, line 261 of workspace: line too long -- split into two lines
Line 132 of file, line 263 of workspace: line too long -- split into two lines
Line 133 of file, line 265 of workspace: line too long -- split into two lines
Line 134 of file, line 267 of workspace: line too long -- split into two lines
Line 135 of file, line 269 of workspace: line too long -- split into two lines
Line 136 of file, line 271 of workspace: line too long -- split into two lines
Line 137 of file, line 273 of workspace: line too long -- split into two lines
Line 138 of file, line 275 of workspace: line too long -- split into two lines
Line 139 of file, line 277 of workspace: line too long -- split into two lines
Line 140 of file, line 279 of workspace: line too long -- split into two lines
Line 141 of file, line 281 of workspace: line too long -- split into two lines
Line 142 of file, line 283 of workspace: line too long -- split into two lines
Line 143 of file, line 285 of workspace: line too long -- split into two lines
Line 144 of file, line 287 of workspace: line too long -- split into two lines
Line 145 of file, line 289 of workspace: line too long -- split into two lines
Line 146 of file, line 291 of workspace: line too long -- split into two lines
Line 147 of file, line 293 of workspace: line too long -- split into two lines
Line 148 of file, line 295 of workspace: line too long -- split into two lines
Line 1
*FIND '1234'
Print? Y
Line 154 of file, line 307 of workspace: line too long -- split into two lines
Line 155 of file, line 309 of workspace: line too long -- split into two lines
Line 156 of file, line 311 of workspace: line too long -- split into two lines
Line 157 of file, line 313 of workspace: line too long -- split into two lines
Line 158 of file, line 315 of workspace: line too long -- split into two lines
Line 159 of file, line 317 of workspace: line too long -- split into two lines
Line 160 of file, line 319 of workspace: line too long -- split into two lines
Line 161 of file, line 321 of workspace: line too long -- split into two lines
Line 162 of file, line 323 of workspace: line too long -- split into two lines
Line 163 of file, line 325 of workspace: line too long -- split into two lines
Line 164 of file, line 327 of workspace: line too long -- split into two lines
Line 165 of file, line 329 of workspace: line too long -- split into two lines
Line 166 of file, line 331 of workspace: line too long -- split into two lines
Line 167 of file, line 333 of workspace: line too long -- split into two lines
Line 168 of file, line 335 of workspace: line too long -- split int
*PRINT
Double space? N






.






 21204 4327084080119.5819 209954236 32  0 0    0  54 46  196     1085    4305584
080120.3997   0.8178 1 3014737CDPR237; C21,SHS503,SHARO0000000000000000000000000
0000000   0   000       0       0       0       0       0       0       0       
01 101         
 
 2120436444584080119.6197 210072236 13  0 0    02574  4 2144      148      81084
080119.6756   0.0558 1 2014737GSPR15302;mult           0000000000000000000000000
0000000   0   000       0       0       0       0       0       0       0       
01 201         
 
 2120432004484080119.6797 210307436 21  0 0    02122  0  493       16      10984
080119.6897   0.0100 1 2014737ITPR100NET;              0031103100006000003110914
00033003110311001       0       0       0       0       3       8       3       
81 101         
 
 2120415417484080119.7017 210377636 15  0 0    02122  0 1212       80     150784
080119.7772   0.0756 1 2014737PR323;                   0031077712040013000031254
12000073107312501       0       0       0       0      23      12      41      1
21 101         
 
 2120432004484080119.7850 210640336 13  0 0    02122  0  493       15      13384
080119.7975   0.0125 111014737ITPR100NET;              0000000000000000000000000
0000000   0   001       0       0       0       0       0       0       0       
01 101         
 
 2120432004484080119.8022 210695136 13  0 0    02122  0  493       12      13084
080119.8186   0.0164 111014737ITPR100NET;              0000000000000000000000000
0000000   0   001       0       0       0       0       0       0  
*FIND 'GS'
Print? Y
 2120436444584080119.6197 210072236 13  0 0    02574  4 2144      148      81084
080119.6756   0.0558 1 2014737GSPR15302;mult           0000000000000000000000000
0000000   0   000       0       0       0       0       0       0       0       
01 201         
 2120436444584080115.5019 303248136 20  0 0    02574  6 2144      137     550584
080115.6381   0.1361 1 2014737GSPR15302;mult           0000000000000000000000000
0000000   0   000       0       0       0       0       0       0       0       
01 201         
Line 176 of file, line 351 of workspace: line too long -- split into two lines
Line 177 of file, line 353 of workspace: line too long -- split into two lines
Line 178 of file, line 355 of workspace: line too long -- split into two lines
Line 179 of file, line 357 of workspace: line too long -- split into two lines
Line 180 of file, line 359 of workspace: line too long -- split into two lines
Line 181 of file, line 361 of workspace: line too long -- split into two lines
Line 182 of file, line 363 of workspace: line too long -- split into two lines
Line 183 of file, line 365 of workspace: line too long -- split into two lines
Line 184 of file, line 367 of workspace: line too long -- split into two lines
Line 185 of file, line 369 of workspace: line too long -- split into two lines
Line 186 of file, line 371 of workspace: line too long -- split into two lines
Line 187 of file, line 373 of workspace: line too long -- split into two lines
Line 188 of file, line 375 of workspace: line too long -- split into two lines
Line 189 of file, line 377 of workspace: line too long -- split into two lines
Line 190 of file, line 379 of workspace: line too long -- split into two lines
Line 191 of file, line 381 of workspace: line too long -- split into two lines
Line 192 of file, line 383 of workspace: line too long -- split into two lines
Line 193 of file, line 385 of workspace: line too long -- split into two lines
Line 194 of file, line 387 of workspace: line too long -- split into two lines
Line 195 of file, line 389 of workspace: line too long -- split into two lines
Line 196 of file, line 391 of workspace: line too long -- split into two lines
Line 197 of file, line 393 of workspace: line too long -- split into two lines
Line 198 of file, line 395 of workspace: line too long -- split into two lines
Line 199 of file, line 397 of workspace: line too long -- split into two lines
Line 200 of file, line 399 of workspace: line too long -- split into two lines
Line 201 of file, line 401 of workspace: line too long -- split into two lines
Line 202 of file, line 403 of workspace: line too long -- split into two lines
 2120436444584080119.4508 314431836 13  0 0    02574  2 2144      144     699884
080119.6053   0.1544 1 2014737GSPR15302;174            0000000000000000000000000
0000000   0   000       0       0       0       0       0       0       0       
01 201         
Line 203 of file, line 405 of workspace: line too long -- split into two lines
Line 204 of file, line 407 of workspace: line too long -- split into two lines
Line 205 of file, line 409 of workspace: line too long -- split into two lines
Line 206 of file, line 411 of workspace: line too long -- split into two lines
Line 207 of file, line 413 of workspace: line too long -- split into two lines
Line 208 of file, line 415 of workspace: line too long -- split into two lines
Line 209 of file, line 417 of workspace: line too long -- split into two lines
Line 210 of file, line 419 of workspace: line too long -- split into two lines
Line 211 of file, line 421 of workspace: line too long -- split into two lines
Line 212 of file, line 423 of workspace: line too long -- split into two lines
Line 213 of file, line 425 of workspace: line too long -- split into two lines
Line 214 of file, line 427 of workspace: line too long -- split into two lines
Line 215 of file, line 429 of workspace: line too long -- split into two lines
Line 216 of file, line 431 of workspace: line too long -- split into two lines
Line 217 of file, line 433 of workspace: line too long -- split into two lines
Line 218 of file, line 435 of workspace: line too long -- split into two lines
Line 219 of file, line 437 of workspace: line too long -- split into two lines
Line 220 of file, line 439 of workspace: line too long -- split into two lines
Line 221 of file, line 441 of workspace: line too long -- split into two lines
Line 222 of file, line 443 of workspace: line too long -- split into two lines
Line 223 of file, line 445 of workspace: line too long -- split into two lines
Line 224 of file, line 447 of workspace: line too long -- split into two lines
Line 225 of file, line 449 of workspace: line too long -- split into two lines
Line 226 of file, line 451 of workspace: line too long -- split into two lines
Line 227 of file, line 453 of workspace: line too long -- split into two lines
Line 228 of file, line 455 of workspace: line too long -- split into two lines
Line 229 of file, line 457 of workspace: line too long -- split into two lines
Line 230 of file, line 459 of workspace: line too long -- split into two lines
Line 231 of file, line 461 of workspace: line too long -- split into two lines
Line 232 of file, line 463 of workspace: line too long -- split into two lines
Line 233 of file, line 465 of workspace: line too long -- split into two lines
Line 234 of file, line 467 of workspace: line too long -- split into two lines
Line 235 of file, line 469 of workspace: line too long -- split into two lines
Line 236 of file, line 471 of workspace: line too long -- split into two lines
Line 237 of file, line 473 of workspace: line too long -- split into two lines
Line 238 of file, line 475 of workspace: line too long -- split into two lines
Line 239 of file, line 477 of workspace: line too long -- split into two lines
Line 240 of file, line 479 of workspace: line too long -- split into two lines
Line 241 of file, line 481 of workspace: line too long -- split into two lines
Line 242 of file, line 483 of workspace: line too long -- split into two lines
Line 243 of file, line 485 of workspace: line too long -- split into two lines
Line 244 of file, line 487 of workspace: line too long -- split into two lines
Line 245 of file, line 489 of workspace: line too long -- split into two lines
Line 246 of file, line 491 of workspace: line too long -- split into two lines
Line 247 of file, line 493 of workspace: line too long -- split into two lines
Line 248 of file, line 495 of workspace: line too long -- split into two lines
Line 249 of file, line 497 of workspace: line too long -- split into two lines
Line 250 of file, line 499 of workspace: line too long -- split into two lines
Line 251 of file, line 501 of workspace: line too long -- split into two lines
Line 252 of file, line 503 of workspace: line too long -- split into two lines
Line 253 of file, line 505 of workspace: line too long -- split into two lines
Line 254 of file, line 507 of workspace: line too long -- split into two lines
Line 255 of file, line 509 of workspace: line too long -- split into two lines
Line 256 of file, line 511 of workspace: line too long -- split into two lines
Line 257 of file, line 513 of workspace: line too long -- split into two lines
Line 258 of file, line 515 of workspace: line too long -- split into two lines
Line 259 of file, line 517 of workspace: line too long -- split into two lines
Line 260 of file, line 519 of workspace: line too long -- split into two lines
Line 261 of file, line 521 of workspace: line too long -- split into two lines
Line 262 of file, line 523 of workspace: line too long -- split into two lines
Line 263 of file, line 525 of workspace: line too long -- split into two lines
Line 264 of file, line 527 of workspace: line too long -- split into two lines
Line 265 of file, line 529 of workspace: line too long -- split into two lines
Line 266 of file, line 531 of workspace: line too long -- split into two lines
Line 267 of file, line 533 of workspace: line too long -- split into two lines
Line 268 of file, line 535 of workspace: line too long -- split into two lines
Line 269 of file, line 537 of workspace: line too long -- split into two lines
Line 270 of file, line 539 of workspace: line too long -- split into two lines
Line 271 of file, line 541 of workspace: line too long -- split into two lines
Line 272 of file, line 543 of workspace: line too long -- split into two lines
Line 273 of file, line 545 of workspace: line too long -- split into two lines
Line 274 of file, line 547 of workspace: line too long -- split into two lines
Line 275 of file, line 549 of workspace: line too long -- split into two lines
Line 276 of file, line 551 of workspace: line too long -- split into two lines
Line 277 of file, line 553 of workspace: line too long -- split into two lines
Line 278 of file, line 555 of workspace: line too long -- split into two lines
Line 279 of file, line 557 of workspace: line too long -- split into two lines
Line 280 of file, line 559 of workspace: line too long -- split into two lines
Line 281 of file, line 561 of workspace: line too long -- split into two lines
Line 282 of file, line 563 of workspace: line too long -- split into two lines
Line 283 of file, line 565 of workspace: line too long -- split into two lines
Line 284 of file, line 567 of workspace: line too long -- split into two lines
Line 285 of file, line 569 of workspace: line too long -- split into two lines
Line 286 of file, line 571 of workspace: line too long -- split into two lines
Line 287 of file, line 573 of workspace: line too long -- split into two lines
Line 288 of file, line 575 of workspace: line too long -- split into two lines
Line 289 of file, line 577 of workspace: line too long -- split into two lines
Line 290 of file, line 579 of workspace: line too long -- split into two lines
Line 291 of file, line 581 of workspace: line too long -- split into two lines
Line 292 of file, line 583 of workspace: line too long -- split into two lines
Line 293 of file, line 585 of workspace: line too long -- split into two lines
Line 294 of file, line 587 of workspace: line too long -- split into two lines
Line 295 of file, line 589 of workspace: line too long -- split into two lines
Line 296 of file, line 591 of workspace: line too long -- split into two lines
Line 297 of file, line 593 of workspace: line too long -- split into two lines
Line 298 of file, line 595 of workspace: line too long -- split into two lines
Line 299 of file, line 597 of workspace: line too long -- split into two lines
Line 300 of file, line 599 of workspace: line too long -- split into two lines
Line 301 of file, line 601 of workspace: line too long -- split into two lines
Line 302 of file, line 603 of workspace: line too long -- split into two lines
Line 303 of file, line 605 of workspace: line too long -- split into two lines
Line 304 of file, line 607 of workspace: line too long -- split into two lines
Line 305 of file, line 609 of workspace: line too long -- split into two lines
Line 306 of file, line 611 of workspace: line too long -- split into two lines
Line 307 of file, line 613 of workspace: line too long -- split into two lines
Line 308 of file, line 615 of workspace: line too long -- split into two lines
Line 309 of file, line 617 of workspace: line too long -- split into two lines
Line 310 of file, line 619 of workspace: line too long -- split into two lines
Line 311 of file, line 621 of workspace: line too long -- split into two lines
Line 312 of file, line 623 of workspace: line too long -- split into two lines
Line 313 of file, line 625 of workspace: line too long -- split into two lines
Line 314 of file, line 627 of workspace: line too long -- split into two lines
Line 315 of file, line 629 of workspace: line too long -- split into two lines
Line 316 of file, line 631 of workspace: line too long -- split into two lines
Line 317 of file, line 633 of workspace: line too long -- split into two lines
Line 318 of file, line 635 of workspace: line too long -- split into two lines
Line 319 of file, line 637 of workspace: line too long -- split into two lines
Line 320 of file, line 639 of workspace: line too long -- split into two lines
Line 321 of file, line 641 of workspace: line too long -- split into two lines
Line 322 of file, line 643 of workspace
*FI
?
*FIND 'LOG'
Print? Y
 2120424177284080112.4794 296272836 32  0 0    03422  3  210      827    3604284
080113.3869   0.9075 1 3014737TNPR018TN;LOGON T1373 MAP0000000000000000000000000
0000000   0   000       0       0       0       0       0       0       0       
01 201         
 2120424177284080117.3856 308512436 15  0 0    03422  1  210      229    1011684
080117.6406   0.2550 1 2014737TNPR018TN;LOGON T1373 MAP0000000000000000000000000
0000000   0   000       0       0       0       0       0       0       0       
01 201         
 2120424177284080117.7322 309426636 15  0 0    03422  1  210      763    1704884
080118.2289   0.4967 1 3014737TNPR018TN;LOGON T1373 MAP0000000000000000000000000
0000000   0   000       0       0       0       0       0       0       0       
01 201         
 2120424177284080212.1953 536163836 20  0 0    03422  3  210      137    6100084
080213.1611   0.9658 1 3014737TNPR018TN;LOGON T1373 MAP0000000000000000000000000
0000000   0   000       0       0       0       0       0       0       0       
01 202         
 2120424177284080216.2183 545595836 14  0 0    03422  1  210     1931    3616584
080217.0761   0.8578 1 3014737TNPR018TN;LOGON T1373 MAP0000000000000000000000000
0000000   0   000       0       0       0       0       0       0       0       
01 202         
 2120424177284080217.8267 550122636 41  0 0    03422  3  210      952     768584
080218.0906   0.2639 1 3014737TNPR018TN;LOGON T1373 MAP0000000000000000000000000
0000000   0   000       0       0       0       0       0       0       0       
01 202         
Line 329 of file, line 657 of workspace: line too long -- split into two lines
Line 330 of file, line 659 of workspace: line too long -- split into two lines
Line 331 of file, line 661 of workspace: line too long -- split into two lines
Line 332 of file, line 663 of workspace: line too long -- split into two lines
Line 333 of file, line 665 of workspace: line too long -- split into two lines
Line 334 of file, line 667 of workspace: line too long -- split into two lines
Line 335 of file, line 669 of workspace: line too long -- split into two lines
Line 336 of file, line 671 of workspace: line too long -- split into two lines
Line 337 of file, line 673 of workspace: line too long -- split into two lines
Line 338 of file, line 675 of workspace: line too long -- split into two lines
Line 339 of file, line 677 of workspace: line too long -- split into two lines
Line 340 of file, line 679 of workspace: line too long -- split into two lines
Line 341 of file, line 681 of workspace: line too long -- split into two lines
Line 342 of file, line 683 of workspace: line too long -- split into two lines
Line 343 of file, line 685 of workspace: line too long -- split into two lines
Line 344 of file, line 687 of workspace: line too long -- split into two lines
Line 345 of file, line 689 of workspace: line too long -- split into two lines
Line 346 of file, line 691 of workspace: line too long -- split into two lines
Line 347 of file, line 693 of workspace: line too long -- split into two lines
Line 348 of file, line 695 of workspace: line too long -- split into two lines
 2120424177284080219.9481 556697036 41  0 0    03422  1  210     1115     283584
080220.1919   0.2439 1 3014737TNPR018TN;LOGON T1373 MAP0000000000000000000000000
0000000   0   000       0       0       0       
*Q

-FI

DELETE  BET
INTL    TBL
HWI074  DME
HWI074  DMS
INTFMT  DMD
DEB     TES
GATHER  SHR
GATHER  REL
X
R3B08   DDM
R3T08   DDM
R2A08   DDM
R2B08   DDM
R2T08   DDM
R3A08   DDM
GATHIN
GATHER  DMD
GATHER  DMS
GATHER  OUT
IRCCOM  AG3
IRCCOM  AG2
PRIWUI  AUG
PRITRT  AUG
PRITLG  AUG
PRIRCA  AUG
PRIITT  AUG
PRIFTC  AUG
IRCCOM  AG1
NODWUI  AUG
NODTRT  AUG
NODTLG  AUG
NODITT  AUG
NODFTC  AUG
DIRECT  DIR
IRCCOM  AUG
IN0884  BAC
TRT     BAT
WUI     BAT
TLG     BAT
RCA     BAT
ITT     BAT
FTC     BAT
NODRCA  AUG
FILES   FTC
FILES   RCA
003TEL  OUT
003TEL  COM
005TEL  COM
005TEL  OUT
PROGRE  ITT
PROGRE  TLG
PROGRE  WUI
ALL08D  TL1
CHAR84  AUG
PRICE   RPT
HOST    RPT
NODE    RPT
SERVIC  RPT
SERV    RPT
NOBIL4  AUG
IRCINV  AUG
VRS074  DME
BILCOM  AUG
LONG    AUG
MISSED  AUG
DOMESC  AUG
BILSUM  AUG
BILX22  AUG
IRC34   AUG
DDM084  DDM
DOM084  DOM
UD2084  ITT
IP7084  OTC
DP2084  TLG
AT1084  OTC
ATT084  OTC
CSR084  TRT
BDA084  RCA
BDA084  ITT
IRC33   AUG
BDA084  TRT
AT7084  WUI
BDA084  WUI
AST084  TRT
TNT084  RCA
SPA084  RCA
ZCR084  RCA
UD1084  ITT
AST084  AST
IP7084  RCA
SPA084  SPA
ESR084  ESR
NEC084  TYM
BRP084  TYM
NZL084  RCA
CAY084  FTC
CII084  CII
IRC32   AUG
SWI084  WUI
TNT084  WUI
PNM084  TRT
TR7084  TRT
IP7084  WUI
TNT084  TRT
SWE084  WUI
AST084  RCA
ADP084  RCA
NTH084  WUI
TNT084  ITT
AST084  ITT
ZCW084  WUI
ARG084  ITT
PHL084  PHL
AST084  WUI
TR7084  TR7
TST084  AST
TST084  SPA
IRC31   AUG
AT7084  OTC
IRL084  TNT
TYM084  TNT
CHL084  TNT
IP7084  TNT
AST084  TNT
BGT084  TYM
TEK084  FTC
TMG084  FTC
SWE084  TNT
FRX084  FTC
IT7084  FTC
TST084  FTC
TNT084  FTC
ZSF084  FTC
IP7084  TRT
TST084  TRT
TLX084  FTC
CSC084  TRT
WBK084  TRT
BHA084  TRT
AT7084  TRT
AT1084  TRT
TT1084  TLG
ITL084  TLG
DLT084  RCA
TEK084  RCA
POR084  TRT
ITL084  TRT
DXP084  TRT
BAH084  TRT
CSC084  RCA
UAE084  RCA
GUM084  RCA
UNI084  RCA
CMP084  RCA
AT7084  RCA
SWX084  RCA
IX7084  RCA
NTX084  RCA
SG7084  RCA
TWN084  RCA
FRX084  RCA
PR1084  RCA
POR084  RCA
SWI084  RCA
MNR084  RCA
KDD084  RCA
ITL084  RCA
HKG084  RCA
FFC084  RCA
INS084  ITT
DXP084  RCA
BAH084  RCA
AT1084  RCA
DTL084  ITT
TEK084  ITT
KOR084  ITT
AT7084  ITT
SWX084  ITT
IP7084  ITT
IT7084  ITT
SG7084  ITT
IPC084  ITT
LUX084  ITT
FGN084  ITT
SAF084  ITT
ITT084  ITT
TYM084  ITT
KRX084  ITT
IRL084  ITT
CLB084  ITT
POR084  ITT
MNI084  ITT
KDD084  ITT
ITL084  ITT
ZSI084  ITT
ZCI084  ITT
FRX084  ITT
TWN084  ITT
HKG084  ITT
SWE084  ITT
TLX084  ITT
SPA084  ITT
PR1084  ITT
ISR084  WUI
THL084  WUI
CHL084  WUI
LAT084  WUI
DN7084  WUI
FFC084  ITT
DXP084  ITT
BRX084  ITT
BAH084  ITT
AT1084  ITT
TEK084  WUI
TLG084  WUI
IX7084  WUI
IS7084  WUI
NX7084  WUI
ESR084  WUI
SX7084  WUI
NTX084  WUI
SG7084  WUI
TWN084  WUI
ZSW084  WUI
FRX084  WUI
KDD084  WUI
ITL084  WUI
HWI084  WUI
HKG084  WUI
FFC084  WUI
POR084  WUI
SPA084  WUI
MAN084  WUI
DXP084  WUI
BAH084  WUI
AT1084  WUI
IRC30   AUG
POINT   AUG
ARG064  DME
TNG084  TNT
TEL084  FTC
ESR084  ITT
FTG084  FTC
TYM084  RCA
FNL084  ITT
IRC29   AUG
IRC28   AUG
GEL084  RCA
GRE084  ITT
IRC27   AUG
TEK084  TRT
PUB084  RCA
ESR084  RCA
IRC26   AUG
IRC25   AUG
IRC24   AUG
TNT084  TNT
TST084  RCA
GDN     EQ
R2B05
R3A05
R3B05
R3T05
R2A05
R2T05
R2R3    REL
IRC23   AUG
UNI084  ITT
GAT3    TBA
IRC22   AUG
TEK084  TYM
ATP084  ITT
TST084  WUI
IRC21   AUG
ESR084  TRT
IRC20   AUG
FRX084  TRT
PRU084  WUI
IRC19   AUG
IRC18   AUG
IRC17   AUG
FRN084  ITT
8384NS  IP7
X1
IP7
OUTBOU  REL
OUTBOU  TBA
C       REL
C       TBA
DNIC    LST
IRC16   AUG
IRC15   AUG
BEL084  ITT
IRC14   AUG
NBL084  TYM
BRZ084  ITT
BRX084  TNT
IRC13   AUG
SHB084  TYM
IRC12   AUG
IRC11   AUG
LEC084  RCA
IRC10   AUG
ZST084  TRT
MAGNUM  DIR
A9K0GD  MA1
A9C0GD  MA2
A9C0GD  MD2
IRC09   AUG
TST084  ITT
SAF084  TNT
IRC08   AUG
ATT084  ITT
IRC07   AUG
R3B07   DDM
R2B07   DDM
R2T07   DDM
R3A07   DDM
R3T07   DDM
R2A07   DDM
OTC     REL
OTC     TBA
OTC1
OTC
KEITH   REL
KEITH   TBA
UKFILE
FILE1
IRC06   AUG
BGT084  FTC
NBL084  FTC
IRC05   AUG
IRC04   AUG
IRC03   AUG
IRC02   AUG
IRC01   AUG
CHL084  RCA
IN0784  BAC
GAT3    SHR
GAT3    REL
BIN     TBA
R2B06   DDM
R3A06   DDM
R3B06   DDM
R3T06   DDM
R2A06   DDM
R2T06   DDM
PNM     CHG
052TEL  OUT
052TEL  COM
CNTRY   COD
CHAR84  JUL
IRCINV  JUL
NOBIL4  JUL
IRCCOM  JUL
PRIWUI  JUL
PRITRT  JUL
PRITLG  JUL
PRIRCA  JUL
PRIITT  JUL
PRIFTC  JUL
NODWUI  JUL
NODTRT  JUL
NODTLG  JUL
NODRCA  JUL
NODITT  JUL
NODFTC  JUL
GATOUT  TBA
LONG    JUL
MISSED  JUL
DOMESC  JUL
BILSUM  JUL
BILX22  JUL
IRC34   JUL
TEK074  OTC
NBL074  FTC
ATT074  ITT
TIM074  ITT
AFFIL   JUL
IRC33   JUL
IRC32   JUL
TT2074  TLG
BRX074  ITT
IRC31   JUL
ESR074  ESR
SPA074  SPA
ATT074  OTC
CHL074  TNT
IRL074  TNT
TYM074  TNT
AST074  TNT
TLX074  FTC
CSC074  TRT
TNT074  TRT
DXP074  TRT
GEL074  RCA
GUM074  RCA
AT7074  RCA
IRL074  ITT
DTL074  ITT
FGN074  ITT
ITT074  ITT
KRX074  ITT
IPC074  ITT
FRX074  ITT
KDD074  ITT
LAT074  WUI
TLG074  WUI
PRU074  WUI
ESR074  WUI
IRC30   JUL
POINT   JUL
TSTAST  JUL
DDM074  DDM
DOM074  DOM
PHL074  PHL
BGT074  TYM
AT1074  OTC
NEC074  TYM
SHB074  TYM
TNG074  TNT
AT7074  OTC
TMG074  FTC
BRP074  TYM
CII074  CII
CAY074  FTC
ZSF074  FTC
FTG074  FTC
TEK074  FTC
BGT074  FTC
TT1074  TLG
PUB074  RCA
AT7074  TRT
BHA074  TRT
PNM074  TRT
IP7074  TRT
POR074  TRT
BDA074  TRT
BAH074  TRT
AST074  TRT
AT1074  TRT
DLT074  RCA
DP2074  TLG
TST074  TRT
WBK074  TRT
CSR074  TRT
TR7074  TRT
IX7074  RCA
CSC074  RCA
TWN074  RCA
UAE074  RCA
NZL074  RCA
UNI074  RCA
CMP074  RCA
ADP074  RCA
SWX074  RCA
NTX074  RCA
SG7074  RCA
HKG074  RCA
ZCR074  RCA
BAH074  RCA
BDA074  RCA
SPA074  RCA
POR074  RCA
PR1074  RCA
MNR074  RCA
FFC074  RCA
KDD074  RCA
ESR074  ITT
UNI074  ITT
SG7074  ITT
SAF074  ITT
TYM074  ITT
VRS074  ITT
AT1074  RCA
AST074  RCA
UD2074  ITT
UD1074  ITT
KOR074  ITT
SWX074  ITT
TWN074  ITT
AT7074  ITT
CLB074  ITT
SPA074  ITT
PR1074  ITT
TLX074  ITT
MNI074  ITT
POR074  ITT
ZSI074  ITT
HKG074  ITT
ZCI074  ITT
ISR074  WUI
THL074  WUI
DN7074  WUI
AT7074  WUI
IS7074  WUI
NX7074  WUI
SX7074  WUI
CHL074  WUI
FFC074  ITT
BAH074  ITT
BDA074  ITT
AT1074  ITT
ARG074  ITT
AST074  ITT
NTX074  WUI
SWI074  WUI
SG7074  WUI
ZCW074  WUI
ZSW074  WUI
NTH074  WUI
SWE074  WUI
POR074  WUI
SPA074  WUI
TWN074  WUI
MAN074  WUI
HWI074  WUI
KDD074  WUI
FFC074  WUI
HKG074  WUI
BDA074  WUI
BAH074  WUI
AT1074  WUI
AST074  WUI
TYM074  RCA
SWE074  ITT
BEL074  ITT
IRC29   JUL
IRC28   JUL
IRC27   JUL
ZST074  TRT
IT7074  FTC
TEK074  WUI
TMG074  WUI
Z
X       TBA
TST074  SPA
TEL074  FTC
ESR074  RCA
LEC074  RCA
IRC26   JUL
IRC25   JUL
IRC24   JUL
BRX074  TNT
ATP074  ITT
NBL074  TYM
SAF074  TNT
TST074  FTC
TEK074  TRT
MCG074  WUI
MFGNEW  KEP
A       REL
SUMMAR  SWI
AA
A
A       TBA
X6
X7
X8
X09
Z3
X10
X2
X3
X4
X5
X11
X12
Z2
Z1
R2R3    SHR
IRC23   JUL
AT7074  FTC
FRN074  ITT
IRC22   JUL
IRC21   JUL
IRC20   JUL
SWI074  RCA
GTM074  TRT
SWE074  TNT
IRC     RPT
LUX074  ITT
FRX074  TRT
HIW074  WUI
IRC19   JUL
IRC18   JUL
ESR074  TRT
IRC17   JUL
TNT074  TNT
ZCF074  FTC
IRC16   JUL
TEK074  RCA
IX7074  WUI
IRC15   JUL
IRC14   JUL
GTEINV  SP3
GTEINV  AG3
GTEINV  JE3
TYMINV  JL3
X       REL
GTEINV  NV3
GTEINV  OT3
GTEINV  DC3
IRC13   JUL
DISPLA  REL
IRC12   JUL
IRC11   JUL
IRC10   JUL
IRC09   JUL
ATT074  WUI
IRC08   JUL
IRC07   JUL
IRC06   JUL
BRZ074  ITT
IRC05   JUL
IRC04   JUL
HKG074  TLG
IRC03   JUL
TTX074  RCA
IRC02   JUL
IRC01   JUL
TEK074  TYM
TST074  RCA
IN0684  BAC
TTY
T
019TEL  OUT
019TEL  COM
CHAR84  JUN
CHECK   JUN
PRICES  NS
PRIWUI  JUN
PRITRT  JUN
PRITLG  JUN
PRIRCA  JUN
PRIITT  JUN
PRIFTC  JUN
NODWUI  JUN
NODTRT  JUN
NODTLG  JUN
NODRCA  JUN
NODITT  JUN
NODFTC  JUN
BILSUM  JAN
LONG    JUN
SUSPEN  JUN
MISSED  JUN
DOMESC  JUN
IRCINV  JUN
NOBIL4  JUN
BILSUM  JUN
BILX22  JUN
IRC34   JUN
SUS064  SUS
TT2064  TLG
TIM064  ITT
SWI064  ITT
MCG064  WUI
PRU064  WUI
AFFIL   JUN
DDM064  DDM
DOM064  DOM
IRC32   JUN
BRX064  TNT
IRL064  ITT
FRX064  ITT
SWE064  ITT
FGN064  ITT
BEL064  ITT
POINT   JUN
IRC31   JUN
AT7064  OTC
IRC30   JUN
CHL064  TNT
GUM064  RCA
TYM064  ITT
IRC29   JUN
ESR064  ESR
TEL064  FTC
CSC064  TRT
ZST064  TRT
TYM064  RCA
ESR064  ITT
TST064  ITT
ATT064  WUI
IX7064  WUI
ESR064  WUI
IRC28   JUN
PHL064  PHL
ATT064  OTC
AT1064  OTC
IRL064  TNT
NEC064  TYM
SHB064  TYM
TYM064  TNT
POR064  TRT
PNM064  TRT
TLX064  FTC
CSR064  TRT
BHA064  TRT
TR7064  TRT
AT7064  TRT
TST064  TRT
FRX064  TRT
FTG064  FTC
BRP064  TYM
CII064  CII
CAY064  FTC
ZSF064  FTC
BDA064  TRT
BAH064  TRT
AT1064  TRT
AST064  TRT
TT1064  TLG
DP2064  TLG
PUB064  RCA
DLT064  RCA
NTX064  RCA
CSC064  RCA
UAE064  RCA
NZL064  RCA
UNI064  RCA
CMP064  RCA
AT7064  RCA
IX7064  RCA
SWX064  RCA
ADP064  RCA
SPA064  RCA
ZCR064  RCA
PR1064  RCA
POR064  RCA
MNR064  RCA
SG7064  RCA
TWN064  RCA
KDD064  RCA
TST064  RCA
ITT064  ITT
BDA064  RCA
BAH064  RCA
HKG064  RCA
AT1064  RCA
AST064  RCA
FFC064  RCA
DTL064  ITT
SAF064  ITT
IP7064  ITT
SG7064  ITT
KRX064  ITT
VRS064  ITT
TWN064  ITT
CLB064  ITT
UD2064  ITT
UD1064  ITT
UNI064  ITT
KOR064  ITT
SWX064  ITT
PR1064  ITT
POR064  ITT
MNI064  ITT
KDD064  ITT
TLX064  ITT
SPA064  ITT
BDA064  ITT
BAH064  ITT
NX7064  WUI
AT1064  ITT
AST064  ITT
ARG064  ITT
ISR064  WUI
THL064  WUI
CHL064  WUI
LAT064  WUI
DN7064  WUI
AT7064  WUI
IS7064  WUI
ZSI064  ITT
ZCI064  ITT
HKG064  ITT
TLG064  WUI
FFC064  ITT
BRX064  ITT
SWE064  WUI
TST064  WUI
POR064  WUI
SPA064  WUI
NTH064  WUI
MAN064  WUI
SX7064  WUI
NTX064  WUI
SG7064  WUI
TWN064  WUI
ZCW064  WUI
ZSW064  WUI
AT1064  WUI
AST064  WUI
KDD064  WUI
HWI064  WUI
HKG064  WUI
FFC064  WUI
BAH064  WUI
BDA064  WUI
IRC27   JUN
IT7064  FTC
SWE064  TNT
LUX064  ITT
IRC26   JUN
ESR064  RCA
WBK064  TRT
GTM064  TRT
SAF064  TNT
SWI064  WUI
IRC25   JUN
IRC24   JUN
IRC23   JUN
IRC22   JUN
TMG064  WUI
TNG064  TNT
AT7064  ITT
ESR064  TRT
TST064  SPA
NZL064  OTC
IRC21   JUN
IRC20   JUN
BRZ064  ITT
IRC19   JUN
BGT064  FTC
NBL064  FTC
VEN064  RCA
IRC18   JUN
TMG064  FTC
HIW064  WUI
OPT     DAT
CASII   O
ABB     NS
IRC17   JUN
IRC16   JUN
IRC15   JUN
IRC14   JUN
SRA064  SPA
IRC13   JUN
BGT064  TYM
TST064  FTC
SWI064  RCA
MEX034  MEX
INBND   SAV
IRC12   JUN
IRC11   JUN
IRC10   JUN
IRC09   JUN
IRC08   JUN
FRN064  ITT
IRC07   JUN
IRC06   JUN
IRC05   JUN
IRC04   JUN
IRC03   JUN
IRC02   JUN
TNT064  TNT
IRC01   JUN
LEC064  RCA
R3T06   IP7
R3TRT   SAV
CHECK   AST
IRCCOM  MAY
WUI     OTB
ITT     OTB
RCA     OTB
FILES   ITT
FILES   WUI
IN0584  BAC
MXAKPR  403
MXAKPR  TBA
MXAKPR  405
MXAKPR  404
MXAKPR  REL
R3A04   ALA
R3B04   ALA
R3T04   ALA
R3ALA   SAV
R2T04   ALA
R2ALA   SAV
ITALY
FTCRPT  310
FTCRPT  302
FTCCHK  SAV
FTCRPT  301
PRIWUI  MAY
PRITRT  MAY
PRITLG  MAY
PRIRCA  MAY
PRIITT  MAY
PRIFTC  MAY
NODWUI  MAY
NODTRT  MAY
NODTLG  MAY
NODRCA  MAY
NODITT  MAY
NODFTC  MAY
CHAR84  MAY
CAME
IRCINV  MAY
FTCRPT  312
FTCRPT  311
R3B05   DDM
R2B05   DDM
R2T05   DDM
R3A05   DDM
R3T05   DDM
R2A05   DDM
FTCRPT  309
FTCRPT  308
FTCRPT  307
FTCRPT  306
FTCRPT  305
FTCRPT  304
FTCRPT  303
FTCRPT  402
LONG    MAY
SUSPEN  MAY
MISSED  MAY
DOMESC  MAY
NOBIL4  MAY
BILSUM  MAY
BILX22  MAY
AFFIL   MAY
CAY054  FTC
BRP054  TYM
TLX054  FTC
TLX054  ITT
MCI054  ITT
POINT   MAY
PHL

-SBA
?SBA?

-HELLO
***SUDS V.006***





SYSTEM FAILURE***REPORT IT TO OPERATIONS

READY
OO

?SUDS NOT FOUND

READY
L
231.21 tru
terminal time: 0:09:32
    ;@B