
.TYM

-GFD INTLACCTG

-FI *.ITT

PROGRE  ITT
UD2084  ITT
BDA084  ITT
UD1084  ITT
TNT084  ITT
AST084  ITT
ARG084  ITT
INS084  ITT
DTL084  ITT
TEK084  ITT
KOR084  ITT
AT7084  ITT
SWX084  ITT
IP7084  ITT
IT7084  ITT
SG7084  ITT
IPC084  ITT
LUX084  ITT
FGN084  ITT
SAF084  ITT
ITT084  ITT
TYM084  ITT
KRX084  ITT
IRL084  ITT
CLB084  ITT
POR084  ITT
MNI084  ITT
KDD084  ITT
ITL084  ITT
ZSI084  ITT
ZCI084  ITT
FRX084  ITT
TWN084  ITT
HKG084  ITT
SWE084  ITT
TLX084  ITT
SPA084  ITT
PR1084  ITT
FFC084  ITT
DXP084  ITT
BRX084  ITT
BAH084  ITT
AT1084  ITT
ESR084  ITT
FNL084  ITT
GRE084  ITT
UNI084  ITT
ATP084  ITT
FRN084  ITT
BEL084  ITT
BRZ084  ITT
TST084  ITT
ATT084  ITT
ATT074  ITT
TIM074  ITT
BRX074  ITT
IRL074  ITT
DTL074  ITT
FGN074  ITT
ITT074  ITT
KRX074  ITT
IPC074  ITT
FRX074  ITT
KDD074  ITT
ESR074  ITT
UNI074  ITT
SG7074  ITT
SAF074  ITT
TYM074  ITT
VRS074  ITT
UD2074  ITT
UD1074  ITT
KOR074  ITT
SWX074  ITT
TWN074  ITT
AT7074  ITT
CLB074  ITT
SPA074  ITT
PR1074  ITT
TLX074  ITT
MNI074  ITT
POR074  ITT
ZSI074  ITT
HKG074  ITT
ZCI074  ITT
FFC074  ITT
BAH074  ITT
BDA074  ITT
AT1074  ITT
ARG074  ITT
AST074  ITT
SWE074  ITT
BEL074  ITT
ATP074  ITT
FRN074  ITT
LUX074  ITT
BRZ074  ITT
TIM064  ITT
SWI064  ITT
IRL064  ITT
FRX064  ITT
SWE064  ITT
FGN064  ITT
BEL064  ITT
TYM064  ITT
ESR064  ITT
TST064  ITT
ITT064  ITT
DTL064  ITT
SAF064  ITT
IP706

-TYPE ZCI084.ITT
 21204 4327084080119.5819 209954236 32  0 0    0  54 46  196     1085    4305584
**080120.3997   0.8178 1 3014737CDPR237; C21,SHS503,SHARO00000000000000000000000
**000000000   0   000       0       0       0       0       0       0       0   
**    011101          
 2257630100784080119.6836 210319437143  0 0 8224  54 45  196        0       1584
**080119.6889   0.0053 1 30142820196;                    00310321210299990000000
**0310601963103310601       1       1       1       1       0       0       0   
**    011101          
 21204 4327084080120.4217 212645436 41  0 0    0  54 46  196      112    2841184
**080120.7733   0.3517 1 2014737CDPR237; C21,SHS503,SHARO00000000000000000000000
**000000000   0   000       0       0       0       0       0       0       0   
**    011101          
 2257630100784080120.7303 213611837143  0 0 8224  54 45  196        0       1584
**080120.7375   0.0072 1 30142820196;                    00310321210299990000000
**0310601963103310601       1       1       1       1       0       0       0   
**    011101          
 21204 4327084080120.9267 214182636 13  0 0    0  54 46  196      989    1184284
**080121.2636   0.3369 1 2014737CDPR237; C21,SHS503,SHARO00000000000000000000000
**000000000   0   000       0       0       0       0       0       0       0   
**    011101          
 2257630100784080121.5139 215787337142  0 0 8224  54 46  196        0       1584
**080121.5194   0.0056 1 30142820196;                    00310321210299990000000
**0310601963103310601       1       1       1       1       0       0       0   
**    011101          
 2257630100784080121.8053 216516437145  0 0 8224  54 46  196        0       1584
**080121.8103   0.0050 1 30142820196;                    00310321210299990000000
**0310601963103310601       1       1       1       1       0       0       0   
**    011101          
 2257630100784080122.8489 218829037150  0 0 8224  54 46  196        0       1584
**080122.8542   0.0053 1 30142820196;                    00310321210299990000000
**0310601963103310601       1       1       1       2       0       0       0   
**    011101          
 2257630100784080123.4931 220192137142  0 0 8518  54 37  196      365    1537484
**080123.6947   0.201712 20142820196;kmg kmg,telemaa mail00450177130600210000000
**0310601964501310601      75     188      74     299       0       0       0   
**    011101          
 2257630100784080123.8511 220892937142  0 0 8518  54 37  196      158     549184
**080123.9386   0.087512 20142820196;kmg kmg,telemaa mail00450177130600210000000
**0310601964501310601      28      76      28     118       0       0       0   
**    011101          
 2257630100784080123.8828 220954637150  0 0 8224  54 46  196        0       1584
**080123.8892   0.0064 1 30142820196;                    00310321210299990000000
**0310601963103310601       1       1       1       1       0       0       0   
**    011101          
 1215130100784080111.0819 294869037142  0 0  603  54 37  196      630    1044584
**080111.3953   0.313312 30142820196;C61,IBP006, BANKERS 00000052521145390000000
**0310601965252310601     104     188     103     251       0       0       0   
**    011101          
 2212222072784080111.2486 294998137142  0 0 82852122  3  497       37     525984
**080111.3250   0.0764 1 3036317ITT.2284;            78a600000228479107150000003
**1070004972284310701      23      56      22      95       0       0       0   
**    011101          
 2257630100784080111.3025 295035837147  0 0 8224  54 42  196        0       1584
**080111.3064   0.0039 1 30142820196;                    00310321210299990000000
**0310601963103310601       1       1       1       1       0       0       0   
**    011101          
 2257630100784080111.3825 295091637157  0 0 8518  54 36  196      401     176484
**080111.5350   0.152512 20142820196;kmg,telemaa kmg,tele00450177130600210000000
**0310601964501310601      83      50      83      60       0       0       0   
**    011101          
 1114534700784080111.7711 295397437 46  0 0 8103  54 46  196      318    1007784
**080112.0311   0.2600 1 3018925CDWI006DC;pcepce    PC `C00000000000000000000000
**000000000   0   000       0       0       0       0       0       0       0   
**    011101          
 21204 4327084080111.8706 295480736 32  0 0    0  54 42  196     1097     510784
**080112.3536   0.4831 1 3014737CDPR237; C21,SHS503,SHARO00000000000000000000000
**000000000   0   000       0       0       0       0       0       0       0   
**    011101          
 2257630100784080111.9983 295606537157  0 0 8224  54 41  196        0       1584
**080112.0044   0.0061 1 30142820196;                    00310321210299990000000
**0310601963103310601       1       1       1       1       0       0       0   
**    011101          
 1114534701184080112.3292 296057537 45  0 0 8103  54 46  196      495     660484
**080113.0539   0.7247 1 3018925CDWI009DC;yi8isr 8,yi808p00000000000000000000000
**000000000   0   000       0       0       0       0       0       0       0   
**    011101          
 2257622135184080112.3431 296074037156  0 0 8230  54 41  196       97      97484
**080112.4072   0.0642 1 2036317ITT.6550;KMG KMG,TELEMAA 00000655025901800000003
**1060001966550310601      14      28      14      35       0       0       0   
**    011101          
 2257622135184080112.4103 296170037156  0 0 8230  54 42  196      425     187584
**080112.5831   0.1728 1 2036317ITT.6550;KMG KMG,TELEMAA 00000655025901800000003
**1060001966550310601      35      50      38      61       0       0       0   
**    011101          
 2257622135184080112.4853 296280737165  0 0 8230  54 41  196       67      72184
**080112.5381   0.0528 1 3036317ITT.6550;kmg kmg,telemaa 00000655025901800000003
**1060001966550310601      12      23      10      26       0       0       0   
**    011101          
 2257622135184080112.5819 296436437173  0 0 8230  54 41  196      382     201284
**080112.7247   0.1428 1 2036317ITT.6550;KMM KMM,SAFENGR 00000655025901800000003
**1060001966550310601      28      62      29      74       0       0       0   
**    011101          
 1114534700584080112.6492 296544237 46  0 0 8103  54 42  196       79      47684
**080112.6781   0.0289 1 3018925CDWI003DC;KMG KMG,RI701 ,00000000000000000000000
**000000000   0   000       0       0       0       0       0       0       0   
**    011101          
 1114534700584080112.6872 296605737 46  0 0 8103  54 45  196     2923    1125884
**080113.0228   0.3356 1 3018925CDWI003DC;KMG KMG,RI701IS00000000000000000000000
**000000000   0   000       0       0       0       0       0       0       0   
**    011101          
 2257622135184080112.6914 296613537176  0 0 8230  54 42  196        9      18484
**080112.7292   0.0378 1 3036317ITT.6550;KMG             00000655025901800000003
**1060001966550310601       6      10       6      12       0       0       0   
**    011101          
 1114535572284080112.8547 296883437 52  0 0 8103  54 42  196       90    4462184
**080113.4381   0.5833 1 2018925CDWI005DC;CN2,OXH442, TEL00000000000000000000000
**000000000   0   000       0       0       0       0       0       0       0   
**    011101          
 1114534701184080112.9642 297083537 47  0 0 8103  54 41  196      222     467184
**080113.1525   0.1883 1 2018925CDWI009DC;KMG,RI703IS KMG00000000000000000000000
**000000000   0   000       0       0       0       0       0       0       0   
**    011101          
 1161114341684080112.9756 297105236 35  0 0    0  54 40  196      379    1460484
**080113.4675   0.4919 3 3024625CDBN022NCD;C61,IBP005, BA00000000000000000000000
**000000000   0   000       0       0       0       0       0       0       0   
**    011101          
 1114534700584080113.0378 297222737 50  0 0 8103  54 45  196      983     153284
**080113.1542   0.1164 1 3018925CDWI003DC;KMG KMG,RI701IS00000000000000000000000
**000000000   0   000       0       0       0       0       0       0       0   
**    011101          
 2257630100784080113.0383 297223737165  0 0 8224  54210  196        0        084
**080113.0392   0.0008 1 90142820196;                    00310321210299990000000
**0310601963103310601       1       1       1       1       0       0       0   
**    011101          
 1114534700584080113.4642 298107137 45  0 0 8103  54 46  196      557   13205184
**080114.8094   1.3453 1 2018925CDWI003DC;EBN,YI8ISR9,YI800000000000000000000000
**000000000   0   000       0       0       0       0       0       0       0   
**    011101          
 2257630100784080113.7136 298645037147  0 0 8224  54 45  196        0       1584
**080113.7186   0.0050 1 30142820196;                    00310321210299990000000
**0310601963103310601       1       1       1       1       0       0       0   
**    011101          
 21204 4327084080113.9789 299226736  7  0 0    0  54 45  196      138     971684
**080114.1964   0.2175 1 2014737CDPR237; C21,SHS503,SHARO00000000000000000000000
**000000000   0   000       0       0       0       0       0       0       0   
**    011101          
 2120431102684080114.1122 299533636 43  0 0    0  54 42  196       76      37684
**080114.1361   0.0239 1 2014737CDDG552;XKEC KC,CBINAAA C00000000000000000000000
**000000000   0   000       0       0       0       0       0       0       0   
**    011101          
 2120431102684080114.3492 300117436 42  0 0    0  54 45  196     2360     174184
**080114.4461   0.0969 1 2014737CDDG552;XKEC KC,CBINAAA C00000000000000000000000
**000000000   0   000       0       0       0       0       0       0       0   
**    011101          
 2257622135184080114.5608 300677837164  0 0 8230  54 45  196      132     155284
**080114.6750   0.1142 1 2036317ITT.6550;KMG KMG,TELEMAA 00000655025901800000003
**1060001966550310601      13      37      13      47       0       0       0   
**    011101          
 2120431102684080114.6044 300790636 43  0 0    0  54 42  196       55      34484
**080114.6203   0.0158 1 2014737CDDG552;XKEC KC,CBINAAA  00000000000000000000000
**000000000   0   000       0       0       0       0       0       0       0   
**    011101          
 2257622135184080114.6142 300815537177  0 0 8230  54 41  196      397     104884
**080114.7497   0.1356 1 3036317ITT.6550;kmg kmg,telemaa 00000655025901800000003
**1060001966550310601      26      53      30      57       0       0       0   
**    011101          
 2120431102684080114.6347 300869636 43  0 0    0  54 42  196       49      37284
**080114.6697   0.0350 1 3014737CDDG552;XKEC   KC,CBINAAA00000000000000000000000
**000000000   0   000       0       0       0       0       0       0       0   
**    011101          
 2120431102684080114.6828 300992736 43  0 0    0  54 45  196    10645    1133284
**080115.1622   0.4794 1 2014737CDDG552;XKEC KC,CBINAAA C00000000000000000000000
**000000000   0   000       0       0       0       0       0       0       0   
**    011101          
 2257622135184080114.7814 301231137143  0 0 8230  54 42  196       19      24984
**080114.8339   0.0525 1 2036317ITT.6550;kmg kmg telemaa 00000655025901800000003
**1060001966550310601       6      15       6      17       0       0       0   
**    011101          
 2257622135184080114.8369 301372537143  0 0 8230  54 46  196      143     178284
**080114.9756   0.1386 1 2036317ITT.6550;kmg kmg telemaa 00000655025901800000003
**1060001966550310601      18      41      18      53       0       0       0   
**    011101          
 2257630100784080114.8639 301441637155  0 0 8224  54 42  196        0       1584
**080114.8697   0.0058 1 30142820196;                    00310321210299990000000
**0310601963103310601       1       1       1       1       0       0       0   
**    011101          
 2257622135184080115.0864 302046037147  0 0 8230  54 46  196     5123     175984
**080115.3731   0.2867 1 2036317ITT.6550;KMG KMG,TELEMAA 00000655025901800000003
**1060001966550310601      70      75     107      83       0    

-FI *.ITT

PROGRE  ITT
UD2084  ITT
BDA084  ITT
UD1084  ITT
TNT084  ITT
AST084  ITT
ARG084  ITT
INS084  ITT
DTL084  ITT
TEK084  ITT
KOR084  ITT
AT7084  ITT
SWX084  ITT
IP7084  ITT
IT7084  ITT
SG7084  ITT
IPC084  ITT
LUX084  ITT
FGN084  ITT
SAF084  ITT
ITT084  ITT
TYM084  ITT
KRX084  ITT
IRL084  ITT
CLB084  ITT
POR084  ITT
MNI084  ITT
KDD084  ITT
ITL084  ITT
ZSI084  ITT
ZCI084  ITT
FRX084  ITT
TWN084  ITT
HKG084  ITT
SWE084  ITT
TLX084  ITT
SPA084  ITT
PR1084  ITT
FFC084  ITT
DXP084  ITT
BRX084  ITT
BAH084  ITT
AT1084  ITT
ESR084  ITT
FNL084  ITT
GRE084  ITT
UNI084  ITT
ATP084  ITT
FRN084  ITT
BEL084  ITT
BRZ084  ITT
TST084  ITT
ATT084  ITT
ATT074  ITT
TIM074  ITT
BRX074  ITT
IRL074  ITT
DTL074  ITT
FGN074  ITT
ITT074  ITT
KRX074  ITT
IPC074  ITT
FRX074  ITT
KDD074  ITT
ESR074  ITT
UNI074  ITT
SG7074  ITT
SAF074  ITT
TYM074  ITT
VRS074  ITT
UD2074  ITT
UD1074  ITT
KOR074  ITT
SWX074  ITT
TWN074  ITT
AT7074  ITT
CLB074  ITT
SPA074  ITT
PR1074  ITT
TLX074  ITT
MNI074  ITT
POR074  ITT
ZSI074  ITT
HKG074  ITT
ZCI074  ITT
FFC074  ITT
BAH074  ITT
BDA074  ITT
AT1074  ITT
ARG074  ITT
AST074  ITT
SWE074  ITT
BEL074  ITT
ATP074  ITT
FRN074  ITT
LUX074  ITT
BRZ074  ITT
TIM064  ITT
SWI064  ITT
IRL064  ITT
FRX064  ITT
SWE064  ITT
FGN064  ITT
BEL064  ITT
TYM064  ITT
ESR064  ITT
TST064  ITT
ITT064  ITT
DTL064  ITT
SAF064  ITT
IP7064  ITT
SG7064  ITT
KRX064  ITT
VRS064  ITT
TWN064  ITT
CLB064  ITT
UD2064  ITT
UD1064  ITT
UNI064  ITT
KOR064  ITT
SWX064  ITT
PR1064  ITT
POR064  ITT
MNI064  ITT
KDD064  ITT
TLX064  ITT
SPA064  ITT

-TYPE FRX084.ITT
 22122 7331684080111.3014 295034937143  0 0 82573252  1  674        0       7884
**080111.3106   0.009212 2036317ITT.9335:.03;            00000933513518870000310
**7000674039335310701       2       8       2       8       0       0       0   
**    01 201          
 22122 7331684080111.3411 295061837142  0 0 82573252  1  674      162    6210084
**080111.6789   0.337812 2036317ITT.9335:.03;L GRAY BJAC800000933513518870000310
**7000674039335310701      33     544      33    1034       0       0       0   
**    01 201          
 22122 7331684080111.7411 295371537144  0 0 82573252  1  674      228    6354584
**080112.1911   0.450012 2036317ITT.9335:.03;L GRAY BJAC800000933513518870000310
**7000674039335310701      40     578      40    1079       0       0       0   
**    01 201          
 22122 7331684080112.3239 296050537157  0 0 82573252  2  674      269    6515484
**080112.8492   0.525312 2036317ITT.9335:.03;l GRAY BJAC800000933513518870000310
**7000674039335310701      54     592      54    1105       0       0       0   
**    01 201          
 22122 7331684080114.6167 300823737160  0 0 82573252  3  674      224    2005984
**080114.9567   0.340012 3036317ITT.9335:.03;L GRAY BJAC800000933513518870000310
**7000674039335310701      85     216      85     375       0       0       0   
**    01 201          
 22122231443840801 9.2047 533847537154  0 0 82632122  0  493      889     519084
**0801 9.7319   0.5272 1 20 9593UDTS2;                   00000933513006540031102
**0100072009335311001      61     185      61     190       0       0       0   
**    01 101          
 22122231443840801 9.3658 533942437144  0 0 82632122  0  493      660     614184
**0801 9.5497   0.1839 1 30 9593UDTS2;                   00000933511712340031106
**1100246009335311001      58     113      58     150       0       0       0   
**    01 101          
 22122231443840802 5.1386 227524737150  0 0 82632122  0  493       52       1484
**0802 5.1389   0.000312110 9593UDTS2;                   00000933515416130000311
**0515006029335311001       0       0       0       0       0       0       0   
**    01 102          
 22122 73316840802 5.4244 227722837147  0 0 82573252  1  674      246    6755584
**0802 5.8283   0.403912 2036317ITT.9335:.03;l gray bjac800000933513518870000310
**7000674039335310701     100     597     100    1128       0       0       0   
**    01 202          
 22122 73316840802 5.8964 228034437141  0 0 82573252  1  674      124     313084
**0802 5.9717   0.075312 2036317ITT.9335:.03;L GRAY BJAC800000933513518870000310
**7000674039335310701      18      56      18      76       0       0       0   
**    01 202          
 22122 73316840802 7.5394 229108437150  0 0 82573252  1  674        1       9384
**0802 7.5444   0.005012 3036317ITT.9335:.03;            00000933513518870000310
**7000674039335310701       5      10       4       9       0       0       0   
**    01 202          
 22122231443840802 8.3172 229557037165  0 0 82632122  0  493      183     229284
**0802 8.3519   0.034719593UDTS2;                   00000933515416130000311
**0515006029335311001      11      87      11      87       0       0       0   
**    01 102          
 22122 73316840802 8.7831 229810337150  0 0 82573252  2  674      244    5960684
**0802 9.1508   0.367812 2036317ITT.9335:.03;l gray bjac800000933513518870000310
**7000674039335310701      66     532      66     998       0       0       0   
**    01 202          
 22122262602840802 8.8883 229869437152  0 0 82572264  0  803      889    2467184
**0802 9.3628   0.4744 1 30142820061;                    00000933511200820000000
**0310700619335310701      39     410      40     539       0       0       0   
**    01 202          
 2257626717184080214.7067 541264637143  0 0 82452670  0 2260        4      10984
**080214.7139   0.007212 2025019902260;                  00000933511408630000003
**1069022609335310601       5       7       5       7       0       0       0   
**    01 202          
 2257630052584080214.9742 541945537157  0 0 85123173 45  111      124     600384
**080215.0886   0.114412 20142820111;l C                 00002080780604750000000
**0310601112080310601      24      76      24     123       0       0       0   
**    01 202          
 2257626260284080215.1756 542525637151  0 0 82452011  0   61     2353    3758084
**080215.6747   0.499212 30142820061;                    00000933511103490000000
**0310600619335310601     146     572     146     843       0       0       0   
**    01 202          
 2257615750684080215.4797 543391337145  0 0 85123436  1 3286       32     209384
**080215.4972   0.017512 2036317ITT.2080:.00;            00002080060404400000310
**6003286002080310601       8      29       8      45       0       0       0   
**    01 202          
 2257615750684080215.5586 543615337156  0 0 8512 143  2 2624      591     316484
**080215.7553   0.196712 2036317ITT.2080:.60;dumas gasp  00002080910402880000310
**6002624602080310601      27      53      31      79       0       0       0   
**    01 202          
 2257611125384080215.6744 543980937143  0 0 82453535  2  327      435    1232884
**080215.9561   0.281712 3014716032700;243,38 FORE RUN CA00000933511920320000003
**1060327009335310601      74     156      74     242       0       0       0   
**    01 202          
 2257630114784080216.2181 545594837142  0 0 8512 315 10  288      153     205184
**080216.2969   0.078912 20142820288;30   lescanne       00002080540201940000000
**0310602882080310601      19      39      20      55       0       0       0   
**    01 202          
 22122 7331684080216.4647 546272137147  0 0 82573252  4  674        0       7884
**080216.4742   0.009412 2036317ITT.9335:.03;            00000933513518870000310
**7000674039335310701       2       9       2       9       0       0       0   
**    01 202          
 22122 7331684080216.4947 546353937151  0 0 82573252  5  674       17      11084
**080216.5139   0.019212 2036317ITT.9335:.03;l L GRAY BJA00000933513518870000310
**7000674039335310701       5      10       5      10       0       0       0   
**    01 202          
 22122 7331684080216.5231 546426537142  0 0 82573252  5  674      126     434584
**080216.6506   0.127512 2036317ITT.9335:.03;L GRAY BJAC800000933513518870000310
**7000674039335310701      61      83      61     119       0       0       0   
**    01 202          
 22576 7331684080216.6433 546757137150  0 0 82453030 17 2578       36      79584
**080216.6950   0.0517 1 3036317ITT.9335:.05; FRANCE fran00000933511414520000310
**6002578059335310601      10      20      10      25       0       0       0   
**    01 202          
 2257626717184080216.7794 547134437143  0 0 82452670  0 2260     1711      71584
**080216.8336   0.0542 1 2025019902260;                  00000933511408630000003
**1069022609335310601      92      18      92      22       0       0       0   
**    01 202          
 2257630052584080218.4878 552215337145  0 0 85123173 30  111      514    1820384
**080218.7517   0.263914 20142820111;   l jma boubou cwd 00002080380201010000000
**0310601112080310600     470     166     470     305       0       0       0   
**    01 202          
 2257630141684080221.6519 561869037143  0 0 82453446 23  345     1037     238684
**080222.1642   0.5122 1 20142820345;                    00000933511412180000000
**0310603459335310601      66      75      71      89       0       0       0   
**    01 202          
 22576 7331684080321.4436 318611737143  0 0 8245 200261 1763      562    1140084
**080321.5803   0.136712 2036317ITT.9335;DJNS O8SOH54SAU 00000933517014130000003
**1060017639335310601      33     112      33     192       0       0       0   
**    01 203          
 2257614313284080311.1100 398033937143  0 0 82452264  0  803      643    2419084
**080311.3381   0.228112 30  121900803;                  00000933511201480000003
**1069008039335310601      23     275      24     452       0       0       0   
**    01 203          
 2257626260284080311.1194 398039937153  0 0 82452011  0   61      321     347984
**080311.1817   0.062212 30142820061;                    00000933512104520000000
**0310600619335310601      16      72      16      90       0       0       0   
**    01 203          
 2257626173784080311.3389 398172737143  0 0 85122506  0 1475      197     424784
**080311.3906   0.051712 30142820051;                    00002080930611790000000
**0310600512080310600       9      40       9      72       0       0       0   
**    01 203          
 2257614313284080311.5006 398265837141  0 0 82452264  0  803       92      42984
**080311.5075   0.0069 1 30  121900803;                  00000933510913390000003
**1069008039335310601       2       6       2       9       0       0       0   
**    01 203          
 22122 7331684080311.5697 398316137151  0 0 82573252  1  674      197    1658184
**080311.9664   0.396712 2036317ITT.9335:.03;L GRAY BJAC800000933513518870000310
**7000674039335310701      58     218      58     340       0       0       0   
**    01 203          
 2257615750684080311.6219 398356537141  0 0 85123037  0 2834      185      84084
**080311.6458   0.023912 2036317ITT.2080:.00;            00002080920205330000310
**6002834002080310601       8      15       8      20       0       0       0   
**    01 203          
 2257630052584080311.7114 398422337153  0 0 82453173  3  111       52      90984
**080311.7475   0.0361 1 20142820111;l C                 00000933513304020000000
**0310601119335310601      10      29      10      34       0       0       0   
**    01 203          
 2257626173784080311.8447 398533037165  0 0 82452506  0 1475     1283    3085784
**080312.4103   0.5656 1 30142820051;                    00000933510001800000000
**0310600519335310600      60     268      61     500       0       0       0   
**    01 203          
 2257614312484080311.9703 398645737154  0 0 82452011  0   61     1945    2698484
**080312.6264   0.6561 1 30  121900061;                  00000933511102860000003
**1069000619335310601      71     564      73     676       0       0       0   
**    01 203          
 22576 7331684080312.0917 398782837150  0 0 82452224  0 1134     1199     130984
**080312.1400   0.048312 3036317ITT.9335;                00000933513704720000003
**1060011349335310601      59      40      59      46       0       0       0   
**    01 203          
 2257615054384080312.1561 398856437150  0 0 82453172 54  397      117     439884
**080312.2331   0.076912 30 577193000397;TTU8126 CN      00000933511416440000310
**6930003979335310601      16      52      15      82       0       0       0   
**    01 203          
 2257626717184080312.1978 398908637167  0 0 82452670  0 2260       59    1234084
**080312.3297   0.1319 1 2025019902260;                  00000933511408630000003
**1069022609335310601      17     113      17     208       0       0       0   
**    01 203          
 2257615750684080312.5283 399335637150  0 0 85124164  0 2991      363     291684
**080312.7386   0.210312 3036317ITT.2080:.47;            00002080950800920000310
**6002991472080310601      49      51      49      76       0       0       0   
**    01 203          
 2257626173784080312.6478 399513937154  0 0 82452506  0 1475      231     129984
**080312.6931   0.0453 1 30142820051;                    00000933513905320000000
**0310600519335310600      10      17      10      25       0       0       0   
**    01 203          
 2257626260284080312.7783 399716737153  0 0 82452011  0   61      179     429084
**080312.8528   0.0744 1 30142820061;                    00000933510900370000000
**0310600619335310601       8      52       8      85       0       0       0   
**    01 203          
 2257626173784080312.8408 399818037160  0 0 82452506  0 1475      431     285584
**080313.0039   0.1631 1 30142820051;                    00000933513905320000000
**0310600519335310600      28      41      28      56       0       0       0   
**    01 203          
 2257614546384080312.9633 400021037172  0 0 85122644  0 2307        7        984
**080312.9744   0.011112 303665492002307;                00002080880206090000310
**6920023072080310601       2       2       2       3       0       0       0   
**    01 203          
 2257630052584080313.0147 400118137150  0 0 82453173 47  111     1533     518284
**080313.6433   0.628612 20142820111;   l Belloc JUL     00000933511410490000000
**0310601119335310601      95      93      97     126       0       0       0   
**    01 203          
 22576 7331684080313.0631 400205637167  0 0 82453436  2 3286      491     664084
**080313.7275   0.664412 2036317ITT.9335:.00;            00000933510013410000310
**6003286009335310601     310     248     309     293       0       0       0   
**    01 203          
 2257626717184080313.2033 400485737142  0 0 82452670  0 2260     1040     167384
**080313.3936   0.1903 1 2025019902260;                  00000933511408630000003
**1069022609335310601      80      31      79      42       0       0       0   
**    01 203          
 2257626717184080313.4350 400950337142  0 0 82452670  0 2260     2616      19484
**080313.5758   0.1408 1 2025019902260;                  00000933511410880000003
**1069022609335310601      87      13     105      14       0       0       0   
**    01 203          
 2257630052584080313.4706 401027637143  0 0 82453173 43  111     1811    6358284
**080314.9828   1.512212 20142820111; tutc l sch aslan cr00000933511410490000000
**0310601119335310601     256     725     257    1203       0       0       0   
**    01 203          
 22576 3417084080313.4953 401078837160  0 0 85122333  0 1133      307      70784
**080313.5439   0.048612 20142821133;                    00002080920801640000000
**0310611332080310601      31      32      31      34       0       0       0   
**    01 203          
 2257626173784080313.6617 401439737170  0 0 82452506  0 1475      237     264384
**080313.6964   0.034712 30142820051;                    00000933515403890000000
**0310600519335310600      10      29      10      48       0       0       0   
**    01 203          
 2257636236284080313.7886 401709737156  0 0 85122311  1 1105       25      15084
**080313.7981   0.009412 20276991105;                    00002080750102040000000
**0310611052080310601       4       7       4       7       0       0       0   
**    01 203          
 2257630114784080313.8028 401737637144  0 0 8245 315  6  288       36     206584
**080313.8647   0.061912 20142820288;47   A ELF          00000933510013410000000
**0310602889335310601      15      36      15      50       0       0       0   
**    01 203          
 2257615750684080313.9869 402145737152  0 0 85123037  0 2834      411     292684
**080314.0817   0.094712 2036317ITT.2080:.00;            00002080920205330000310
**6002834002080310601      28      38      28      58       0       0       0   
**    01 203          
 22576 1573784080314.1628 402557837157  0 0 8245 542  6  636      102     181584
**080314.2697   0.1069 1 20232180636;A  LOGIN A73.003 STA00000933515216820000000
**0310606369335310601      16      36      16      50       0       0       0   
**    01 203          
 2257630052584080314.1750 402587337142  0 0 82453173  7  111     1640    5166084
**080315.5022   1.3272 1 30142820111;l Koscheleff miette 00000933511406490000000
**0310601119335310601     169     655     158    1010       0       0       0   
**    01 203          
 2257626717184080314.2222 402701537152  0 0 82452670  0 2260      900     742184
**080314.3864   0.1642 1 2025019902260;                  00000933511408630000003
**1069022609335310601      50      86      50     142       0       0       0   
**    01 203          
 2257630102784080314.4292 403216337154  0 0 8512  40126  218        6       8484
**080314.4386   0.009412 30142820218;                    00208075020102020000000
**0310602182080310601       2       5       2       6       0       0       0   
**    01 203          
 2257626717184080314.5269 403472137147  0 0 82452670  0 2260     1328     213984
**080314.5919   0.0650 1 2025019902260;                  00000933511408630000003
**1069022609335310601      55      32      56      45       0       0       0   
**    01 203          
 2257626173784080314.5558 403549437153  0 0 82452506  0 1475      912     574984
**080315.1808   0.6250 1 30142820051;                    00000933511117180000000
**0310600519335310600      40      67      44     105       0       0       0   
**    01 203          
 2257625305384080314.8478 404289537161  0 0 82454322  0 5854     3824     831484
**080315.1256   0.2778 1 3055557905854;                  00000933513007910000003
**1069058549335310601      87      73     111     133       0       0       0   
**    01 203          
 2257626260284080314.8944 404409237164  0 0 82452264  0  803       92      42984
**080314.8978   0.003312 30142820061;                    00000933511201680000000
**0310600619335310601       2       6       2       9       0       0       0   
**    01 203          
 22576 7331684080314.9911 404664337143  0 0 82453252  3  674      122     575084
**080315.1461   0.1550 1 2036317ITT.9335:.03;L GRAY BJAC800000933513309630000310
**6000674039335310601      16      99      16     138       0       0       0   
**    01 203          
 2257630052584080315.1614 405207337147  0 0 82453173 53  111      891    2119184
**080315.6275   0.466112 30142820111;l Beaume fiesole  rd00000933510812630000000
**0310601119335310601      94     231      94     390       0       0       0   
**    01 203          
 2257630102784080315.2094 405338537146  0 0 8512  40123  218      375    2998184
**080315.5731   0.363612 20142820218;                    00002080770401860000000
**0310602182080310601      42     275      42     510       0       0       0   
**    01 203          
 2257630052584080315.3389 405706837163  0 0 82453173 50  111       52      81784
**080315.3594   0.020612 20142820111;d essaiTP Koscheleff00000933511406490000000
**0310601119335310601       7      19       7      26       0       0       0   
**    01 203          
 2257630052584080315.5353 406267237141  0 0 82453173 44  111       61       2584
**080315.5664   0.031112 30142820111;hello     hghgjhgjhj00000933511412320000000
**0310601119335310601      16       6      16       7       0       0       0   
**    01 203          
 2257615750684080315.9392 407380337141  0 0 85124164  0 2991       62       2484
**080315.9436   0.004412 3036317ITT.2080:.33;            00002080950800920000310
**6002991332080310601       1       1       1       1       0       0       0   
**    01 203          
 2257630052584080316.2306 408184437141  0 0 82453173 44  111      283     283384
**080316.3525   0.121912 30142820111;l Autier iris sdm pa00000933511412320000000
**0310601119335310601      43      61      40      77       0       0       0   
**    01 203          
 2257626260284080316.6964 409407737141  0 0 82452264  0  803      875     780384
**080316.9475   0.2511 1 30142820061;                    00000933515805120000000
**0310600619335310601      31     138      31     180       0       0       0   
**    01 203          
 2257626717184080317.0139 410229737143  0 0 82452670  0 2260    15477    1627084
**080317.3672   0.3533 1 3025019902260;                  00000933511408630000003
**1069022609335310601     388     136     529     263       0       0       0   
**    01 203          
 22576143124840803 5.6500 573781637150  0 0 82452011  0   61      145     106884
**0803 5.6617   0.0117 1 30  121900061;                  00000933511102860000003
**1069000619335310601       6      13       5      21       0       0       0   
**    01 203          
 22576 73316840803 5.7831 573886537142  0 0 82452224  0 1134      226     552184
**0803 5.8233   0.040312 3036317ITT.9335;                00000933513704720000003
**1060011349335310601      15      83      15     119       0       0       0   
**    01 203          
 22576143124840803 6.0725 574102837144  0 0 82452011  0   61     1236    5167484
**0803 6.9181   0.8456 1 30  121900061;                  00000933511201850000003
**1069000619335310601      61     592      64     976       0       0       0   
**    01 203          
 22576300545840803 6.3450 574298637157  0 0 82453051  0 1508      177     573384
**0803 6.3736   0.028612 30142820145;                    00000933511710710000000
**0310601459335310601      13     153      13     153       0       0       0   
**    01 203          
 22576262602840803 6.4981 574402237160  0 0 82452264  0  803      266     105184
**0803 6.5503   0.0522 1 30142820061;                    00000933510908840000000
**0310600619335310601      12      32      12      35       0       0       0   
**    01 203          
 22576261737840803 6.5533 574438937160  0 0 82452506  0 1475      281     276384
**0803 6.6278   0.0744 1 30142820051;                    00000933511001030000000
**0310600519335310600      12      30      13      50       0       0       0   
**    01 203          
 22576143124840803 6.6050 574478137175  0 0 82452011  0   61      198     270784
**0803 6.6772   0.0722 1 30  121900061;                  00000933511102860000003
**1069000619335310601       9      45       9      61       0       0       0   
**    01 203          
 22576300525840803 6.7497 574574837157  0 0 82453173 46  111     1254   11020584
**0803 9.1589   2.409212 30142820111; t7                 00000933511410490000000
**0310601119335310601    1176    1212    1176    2063       0       0       0   
**    01 203          
 22576261737840803 6.9447 574717437141  0 0 82452506  0 1475      570     538984
**0803 7.3067   0.3619 1 30142820051;                    00000933511000970000000
**0310600519335310600      30      60      30      95       0       0       0   
**    01 203          
 22576 34170840803 7.0267 574772837156  0 0 85122333  0 1133      297      64584
**0803 7.0639   0.037212 20142821133;                    00002080920801640000000
**0310611332080310601      32      30      32      32       0       0       0   
**    01 203          
 22576267171840803 7.1614 574861037147  0 0 82452670  0 2260     

-FI *.ITT

PROGRE  ITT
UD2084  ITT
BDA084  ITT
UD1084  ITT
TNT084  ITT
AST084  ITT
ARG084  ITT
INS084  ITT
DTL084  ITT
TEK084  ITT
KOR084  ITT
AT7084  ITT
SWX084  ITT
IP7084  ITT
IT7084  ITT
SG7084  ITT
IPC084  ITT
LUX084  ITT
FGN084  ITT
SAF084  ITT
ITT084  ITT
TYM084  ITT
KRX084  ITT
IRL084  ITT
CLB084  ITT
POR084  ITT
MNI084  ITT
KDD084  ITT
ITL084  ITT
ZSI084  ITT
ZCI084  ITT
FRX084  ITT
TWN084  ITT
HKG084  ITT
SWE084  ITT
TLX084  ITT
SPA084  ITT
PR1084  ITT
FFC084  ITT
DXP084  ITT
BRX084  ITT
BAH084  ITT
AT1084  ITT
ESR084  ITT
FNL084  ITT
GRE084  ITT
UNI084  ITT
ATP084  ITT
FRN084  ITT
BEL084  ITT
BRZ084  ITT
TST084  ITT
ATT084  ITT
ATT074  ITT
TIM074  ITT
BRX074  ITT
IRL074  ITT
DTL074  ITT
FGN074  ITT
ITT074  ITT
KRX074  ITT
IPC074  ITT
FRX074  ITT
KDD074  ITT
ESR074  ITT
UNI074  ITT
SG7074  ITT
SAF074  ITT
TYM074  ITT
VRS074  ITT
UD2074  ITT
UD1074  ITT
KOR074  ITT
SWX074  ITT
TWN074  ITT
AT7074  ITT
CLB074  ITT
SPA074  ITT
PR1074  ITT
TLX074  ITT
MNI074  ITT
POR074  ITT
ZSI074  ITT
HKG074  ITT
ZCI074  ITT
FFC074  ITT
BAH074  ITT
BDA074  ITT
AT1074  ITT
ARG074  ITT
AST074  ITT
SWE074  ITT
BEL074  ITT
ATP074  ITT
FRN074  ITT
LUX074  ITT
BRZ074  ITT
TIM064  ITT
SWI064  ITT
IRL064  ITT
FRX064  ITT
SWE064  ITT
FGN064  ITT
BEL064  ITT
TYM064  ITT
ESR064  ITT
TST064  ITT
ITT064  ITT
DTL064  ITT
SAF064  ITT
I

-TYPE TWN084ITT\TTI\.ITT
 2126731327284080123.6675 220533936 61  0 0    02122  0  493       51     132784
**080123.7111   0.0436 1 2023178PGTP006IHO;              00311031000060000031104
**1200064003110311001       0       0       0       0      20      21      30   
**   211 101          
 2126722450184080111.3128 295042736 73  0 0    0 277 35  252     1940     294684
**080111.4089   0.0961 1 2023178IFTP072IFC;ERR GPS BOK00900000000000000000000000
**000000000   0   000       0       0       0       0       0       0       0   
**    01 101          
 2126722450184080111.4147 295115136 73  0 0    0 277 35  252      517     127084
**080111.4761   0.0614 1 2023178IFTP072IFC;ERR GPS BOK00900000000000000000000000
**000000000   0   000       0       0       0       0       0       0       0   
**    01 101          
 2126722450184080111.4822 295157936 73  0 0    0 277 35  252     3656     515384
**080111.6308   0.1486 1 2023178IFTP072IFC;ERR GPS BOK00900000000000000000000000
**000000000   0   000       0       0       0       0       0       0       0   
**    01 101          
 2126722450184080111.6361 295279936 73  0 0    0 277 37  252     5987     743784
**080111.8247   0.1886 1 2023178IFTP072IFC;ERR GPS BOK00900000000000000000000000
**000000000   0   000       0       0       0       0       0       0       0   
**    01 101          
 21267302646840801 0.1211 525337936 62  0 0    02122  0  493       59     522584
**0801 0.2133   0.0922 1 2023178WTTP062ICS;              00311031000060000031104
**1200064003110311001       0       0       0       0      56      18      94   
**   181 101          
 21267112311840801 0.2069 525501636 61  0 0    02122  0  493       47    1575784
**0801 0.3747   0.1678 1 2023178POTP006ISY;              00311031000060000031104
**1200076003110311001       0       0       0       0     129       6     251   
**    61 101          
 21267112312840801 0.2522 525577636 50  0 0    02122  0  493      455   14187384
**0801 1.8861   1.6339 1 3023178WETP006INU;              00311031000060000031104
**1200076003110311001       0       0       0       0    1161      91    2268   
**   881 101          
 21267116056840801 0.3389 525732036126  0 0    02122  0  493        7      14784
**0801 0.3508   0.0119 1 2023178UNTP047ICH;              00311031000060000031102
**1200067003110311001       0       0       0       0      13       1      13   
**    11 101          
 21267313272840801 0.3797 525795236 61  0 0    02122  0  493      130    2201084
**0801 0.6436   0.2639 1 2023178PGTP006IHO;              00311031000060000031104
**1200064003110311001       0       0       0       0     192      15     364   
**   151 101          
 21267116056840801 0.4014 525831236126  0 0    02122  0  493        7      14784
**0801 0.4131   0.0117 1 2023178UNTP047ICH;              00311031000060000031102
**1200067003110311001       0       0       0       0      12       1      12   
**    11 101          
 21267324504840801 0.4236 525866836 36  0 0    0 121 32  113      107    1480884
**0801 0.6189   0.1953 1 2023178BOTP013IAM;              00000000000000000000000
**000000000   0   000       0       0       0       0       0       0       0   
**    01 201          
 21267225476840801 0.4556 525919136 42  0 0    0  40226  500       37     234884
**0801 0.4928   0.0372 1 2023178DRTP082IRT;              00000000000000000000000
**000000000   0   000       0       0       0       0       0       0       0   
**    01 201          
 21267312422840801 0.4558 525919536103  0 0    02122  0  493       68    3761884
**0801 0.8603   0.4044 1 3023178TRTP004IBK;              00311031000060000031102
**1200082003110311001       0       0       0       0     532      14     794   
**   141 101          
 21267311713840801 0.4875 525981036102  0 0    02011  0 2657        2        284
**0801 0.4936   0.0061 1 3023178ANTP024QAN;              00000000000000000000000
**000000000   0   000       0       0       0       0       0       0       0   
**    01 201          
 21267130731840801 0.5081 526014736 55  0 0    02122  0  493       28      45984
**0801 0.5247   0.0167 1 2023178OATP054IAK;              00311031000060000031102
**1200141003110311001       0       0       0       0      12       7      14   
**    71 101          
 21267130731840801 0.5311 526053336 55  0 0    02122  0  493       34     108384
**0801 0.5522   0.0211 1 2023178OATP054IAK;              00311031000060000031102
**1200141003110311001       0       0       0       0      18       8      26   
**    81 101          
 21267177034840801 0.5525 526085936 62  0 0    02122  0  493       44      32584
**0801 0.5622   0.0097 1 2023178CITP062ISC;              00311031000060000031104
**1200064003110311001       0       0       0       0       8       6      10   
**    61 101          
 21267130731840801 0.5581 526095736 55  0 0    02122  0  493       55    2870884
**0801 0.8508   0.2928 1 2023178OATP054IAK;              00311031000060000031102
**0200141003110311001       0       0       0       0     256      11     483   
**   111 101          
 21267177034840801 0.5664 526109236 62  0 0    02122  0  493       53     675884
**0801 0.6483   0.0819 1 2023178CITP062ISC;              00311031000060000031104
**1200064003110311001       0       0       0       0      62      11     113   
**   111 101          
 21267223471840801 0.6214 526195936 70  0 0    02667  0  832       29      29784
**0801 0.6306   0.0092 1 2023178INTP069ITL;              00000000000000000000000
**000000000   0   000       0       0       0       0       0       0       0   
**    01 801          
 21267116056840801 0.6303 526211136126  0 0    02122  0  493        3       8184
**0801 0.6319   0.0017 111023178UNTP047ICH;              00000000000000000000000
**000000000   0   001       0       0       0       0       0       2       0   
**    21 101          
 21267143645840801 0.6331 526215636 56  0 0    0 277 37  252       34     399684
**0801 0.6828   0.0497 1 2023178IFTP057IFC;E RR GPS VTB0000000000000000000000000
**000000000   0   000       0       0       0       0       0       0       0   
**    01 101          
 21267116056840801 0.6475 526239436126  0 0    02122  0  493        7      14784
**0801 0.6608   0.01

-FI *.ITT

PROGRE  ITT
UD2084  ITT
BDA084  ITT
UD1084  ITT
TNT084  ITT
AST084  ITT
ARG084  ITT
INS084  ITT
DTL084  ITT
TEK084  ITT
KOR084  ITT
AT7084  ITT
SWX084  ITT
IP7084  ITT
IT7084  ITT
SG7084  ITT
IPC084  ITT
LUX084  ITT
FGN084  ITT
SAF084  ITT
ITT084  ITT
TYM084  ITT
KRX084  ITT
IRL084  ITT
CLB084  ITT
POR084  ITT
MNI084  ITT
KDD084  ITT
ITL084  ITT
ZSI084  ITT
ZCI084  ITT
FRX084  ITT
TWN084  ITT
HKG084  ITT
SWE084  ITT
TLX084  ITT
SPA084  ITT
PR1084  ITT
FFC084  ITT
DXP084  ITT
BRX084  ITT
BAH084  ITT
AT1084  ITT
ESR084  ITT
FNL084  ITT
GRE084  ITT
UNI084  ITT
ATP084  ITT
FRN084  ITT
BEL084  ITT
BRZ084  ITT
TST084  ITT
ATT084  ITT
ATT074  ITT
TIM074  ITT
BRX074  ITT
IRL074  ITT
DTL074  ITT
FGN074  ITT
ITT074  ITT
KRX074  ITT
IPC074  ITT
FRX074  ITT
KDD074  ITT
ESR074  ITT
UNI074  ITT
SG7074  ITT
SAF074  ITT
TYM074  ITT
VRS074  ITT
UD2074  ITT
UD1074  ITT
KOR074  ITT
SWX074  ITT
TWN074  ITT
AT7074  ITT
CLB074  ITT
SPA074  ITT
PR1074  ITT
TLX074  ITT
MNI074  ITT
POR074  ITT
ZSI074  ITT
HKG074  ITT
ZCI074  ITT
FFC074  ITT
BAH074  ITT
BDA074  ITT
AT1074  ITT
ARG074  ITT
AST074  ITT
SWE074  ITT
BEL074  ITT
ATP074  ITT
FRN074  ITT
LUX074  ITT
BRZ074  ITT
TIM064  ITT
SWI064  ITT
IRL064  ITT
FRX064  ITT
SWE064  ITT
FGN064  ITT
BEL064  ITT
TYM064  ITT
ESR064  ITT
TST064  ITT
ITT064  ITT
DTL064  ITT
SAF064  ITT
IP7064  ITT
SG7064  ITT
KRX064  ITT
VRS064  ITT
TWN064  ITT
CLB064  ITT
UD2064  ITT
UD1064  ITT
UNI064  ITT
KOR064  ITT
SWX064  ITT
PR1064  ITT
POR064  ITT
MNI064  ITT
KDD064  ITT
TLX064  ITT
SPA064  ITT
BDA064  ITT
BAH064  ITT
AT1064  ITT
AST064  ITT
ARG064  ITT
ZSI064  ITT
ZCI064  ITT
HKG064  ITT
FFC064  ITT


-TYPE HKG084.ITT
 2257615753784080123.3933 219991837150  0 0 8227 277 36  252        0       1884
**080123.4136   0.0203 1 2036317ITT.4542;                00000045427210020000003
**1060002524542310601       2       6       2       6       0       0       0   
**    01 101          
 2257626255084080111.0853 294871737147  0 0 82272317  0 2256       61     743384
**080111.1367   0.051412 2025019902256;                  00000045427210020000003
**1069022564542310601      11      70      11     128       0       0       0   
**    01 201          
 2257615753784080111.1269 294898137165  0 0 8227 277 37  252      528      36384
**080111.2478   0.1208 1 3036317ITT.4542;CCCCCCC RR GPS F00000045427210020000003
**1060002524542310601      46      24      47      25       0       0       0   
**    01 101          
 2257626255084080111.1386 294906537143  0 0 82272317  0 2256     3152      50784
**080111.1933   0.054712 2025019902256;                  00000045427210020000003
**1069022564542310601     178      15     178      18       0       0       0   
**    01 201          
 2257626255084080111.4467 295137537163  0 0 82272317  0 2256      851      48884
**080111.4689   0.022212 2025019902256;                  00000045427210020000003
**1069022564542310601      38      14      39      17       0       0       0   
**    01 201          
 2257630051484080111.7792 295402737142  0 0 8227 134 10   98      194     133084
**080111.9586   0.1794 1 30142820098;                    00000045427210020000000
**0310600984542310601      32      42      31      47       0       0       0   
**    01 201          
 2257630051484080113.7964 298825537142  0 0 8227 134 12   98       26      31084
**080113.8269   0.0306 1 30142820098;                    00000045427210020000000
**0310600984542310601       4       9       4      11       0       0       0   
**    01 201          
 2257626255084080114.7386 301127437166  0 0 82272317  0 2256     5360      67284
**080114.9172   0.178612 2025019902256;                  00000045427210020000003
**1069022564542310601     131      47     172      50       0       0       0   
**    01 201          
 22576157537840801 0.0053 525111737150  0 0 8227 277 37  252       66     195884
**0801 0.0675   0.0622 1 2036317ITT.4542;CCCCCCC RR GPS F00000045427210020000003
**1060002524542310601      12      29      12      42       0       0       0   
**    01 101          
 22576262550840801 0.0400 525180437154  0 0 82272317  0 2256       48     444284
**0801 0.0736   0.033612 2025019902256;                  00000045427210020000003
**1069022564542310601       7      48       7      80       0       0       0   
**    01 201          
 22576262550840801 0.0753 525248737143  0 0 82272317  0 2256       35      24484
**0801 0.0825   0.007212 2025019902256;                  00000045427210020000003
**1069022564542310601       6      11       6      12       0       0       0   
**    01 201          
 22576262550840801 0.0836 525265437143  0 0 82272317  0 2256       59      90884
**0801 0.1008   0.017212 2025019902256;                  00000045427210020000003
**1069022564542310601       8      19       8      25       0       0       0   
**    01 201          
 22576262550840801 0.1025 525302137151  0 0 82272317  0 2256       46      88384
**0801 0.1258   0.023312 2025019902256;                  00000045427210020000003
**1069022564542310601       7      17       7      23       0       0       0   
**    01 201          
 22576262550840801 0.1281 525349737143  0 0 82272317  0 2256       65     888284
**0801 0.1800   0.051912 2025019902256;                  00000045427210020000003
**1069022564542310601      13      86      13     154       0       0       0   
**    01 201          
 22576262550840801 0.1883 525464737144  0 0 82272317  0 2256       51     270684
**0801 0.2194   0.031112 2025019902256;                  00000045427210020000003
**1069022564542310601       8      34       8      54       0       0       0   
**    01 201          
 22576262550840801 0.2283 525537537153  0 0 82272317  0 2256       44     138484
**0801 0.2539   0.025612 2025019902256;                  00000045427210020000003
**1069022564542310601       8      23       8      33       0       0       0   
**    01 201          
 22576253053840801 0.2325 525543737144  0 0 82274322  0 5854      129      15784
**0801 0.2369   0.0044 1 3055557905854;                  00000045427210020000003
**1069058544542310601       3       5       3       5       0       0       0   
**    01 201          
 22576253053840801 0.2478 525570137147  0 0 82274322  0 5854      229    1052484
**0801 0.3944   0.1467 1 3055557905854;                  00000045427210020000003
**1069058544542310601      13      88      13     164       0       0       0   
**    01 201          
 22576262550840801 0.2558 525583237153  0 0 82272317  0 2256       46     219484
**0801 0.2769   0.021112 2025019902256;                  00000045427210020000003
**1069022564542310601       7      30       7      46       0       0       0   
**    01 201          
 22576262550840801 0.2975 525655937150  0 0 82272317  0 2256       23       6384
**0801 0.3042   0.006712 3025019902256;                  00000045427210020000003
**1069022564542310601       4       7       4       7       0       0       0   
**    01 201          
 22576262550840801 0.3308 525716237150  0 0 82272317  0 2256       67      13084
**0801 0.3469   0.016112 2025019902256;

-LOG
102.16 tru
terminal time: 0:07:28
 p I