
.TYM

-
-GFD INTLACctg

-dododo
?DODODO?

-gfd

-gfd intlacctg

-i
?I?

-fi

DELETE  BET
INTL    TBL
INTLAD
IN1084  BAC
NEIL    IRC
PRIWUI  OCT
PRITRT  OCT
PRITLG  OCT
PRIRCA  OCT
PRIFTC  OCT
PRIITT  OCT
NODWUI  OCT
NODTRT  OCT
NODTLG  OCT
NODRCA  OCT
NODITT  OCT
NODFTC  OCT
SUM     REL
SUM     TBA
SERV    RPT
PRICE   RPT
IRCCOM  OCT
END     RPT
XX
START   RPT
HOST    RPT
NODE    RPT
SERVIC  RPT
Z
TRT     BAT
WUI     BAT
TLG     BAT
RCA     BAT
ITT     BAT
FTC     BAT
FILES   FTC
FILES   RCA
TRKPTT  TBA
TRKPTT  REL
TRKPTT  SHR
PTTTRK  NS2
015TEL  OUT
015TEL  COM
ALL10D  WUK
ALL10D  WUJ
ALL10D  WUI
ALL10D  WUH
ALL10D  WUG
ALL10D  WUF
ALL10D  WUE
ALL10D  WUD
ALL10D  WUC
ALL10D  WUB
ALL10D  WUA
ALL10D  WU9
ALL10D  WU8
PROGRE  ITT
ALL10D  WU7
ALL10D  WU6
PTTTRK  NS1
PTTTRK  NS
ALL10D  WU5
ALL10D  WU4
Z       TBA
ALL10D  WU3
ALL10D  WU2
PROGRE  TLG
PROGRE  WUI
ALL10D  WU1
ALL10D  TL1
ALL10D  IT1
CHAR84  OCT
SEPSUM
NEILSE  REL
NEILSE  TBA
SEP
X       REL
BILCOM  OCT
LONG    OCT
MISSED  OCT
DOMESC  OCT
NOBIL4  OCT
IRCINV  OCT
BILSUM  OCT
BILX22  OCT
IRC34   OCT
AFFIL   OCT

-type in1084.bac


THIS IS SAVE SET NO. 1 (D),
TAPE NO. 1 RECORDED 11:35 19-NOV-84
SYSTEM D56-P034/N DRIVE FTA0 6250 BPI 9 TRACK

POSITION    FILE NAME      USER NAME     CREATION DATE     DATE WRITTEN  SIZE CH
**ECKSUM
    1  1   MAKETG.REL     INTLACCTG     00:06 09-NOV-82  11:35 19-NOV-84    3 DO
**JCUK
    2  1   COM1  .SAV     INTLACCTG     12:39 09-DEC-82  11:35 19-NOV-84    2 SO
**JKAC
    3  1   R1    .SHR     INTLACCTG     00:08 17-FEB-84  11:35 19-NOV-84   35 QU
**CDOH
    4  1   R1    .REL     INTLACCTG     00:08 17-FEB-84  11:35 19-NOV-84    8 ZI
**RPEH
    5  1   USOUT .BEV     INTLACCTG     15:27 24-MAY-83  11:35 19-NOV-84    2 MU
**TFOV
    6  1   USOUT .IT8     INTLACCTG     15:29 24-MAY-83  11:35 19-NOV-84   10 WO
**GVEZ
    7  1   USOUT .REL     INTLACCTG     16:42 24-MAY-83  11:35 19-NOV-84    2 JU
**PHUR
   10  1   ABBR  .ALL     INTLACCTG     17:02 09-JUN-83  11:35 19-NOV-84    2 XI
**JFIJ
   11  1   CK1   .REL     INTLACCTG     01:56 16-JUL-83  11:35 19-NOV-84    3 NE
**LSOM
   12  1   DATAXN.DMC     INTLACCTG     09:30 24-JUL-83  11:35 19-NOV-84    4 VE
**KVUD
   13  1   NBHOST.NS      INTLACCTG     12:02 26-JUL-83  11:35 19-NOV-84    2 DA

-fi

DELETE  BET
INTL    TBL
INTLAD
IN1084  BAC
NEIL    IRC
PRIWUI  OCT
PRITRT  OCT
PRITLG  OCT
PRIRCA  OCT
PRIFTC  OCT
PRIITT  OCT
NODWUI  OCT
NODTRT  OCT
NODTLG  OCT
NODRCA  OCT
NODITT  OCT
NODFTC  OCT
SUM     REL
SUM     TBA
SERV    RPT
PRICE   RPT
IRCCOM  OCT
END     RPT
XX
START   RPT
HOST    RPT
NODE    RPT
SERVIC  RPT
Z
TRT     BAT
WUI     BAT
TLG     BAT
RCA     BAT
ITT     BAT
FTC     BAT
FILES   FTC
FILES   RCA
TRKPTT  TBA
TRKPTT  REL
TRKPTT  SHR
PTTTRK  NS2
015TEL  OUT
015TEL  COM
ALL10D  WUK
ALL10D  WUJ
ALL10D  WUI
ALL10D  WUH
ALL10D  WUG
ALL10D  WUF
ALL10D  WUE
ALL10D  WUD
ALL10D  WUC
ALL10D  WUB
ALL10D  WUA
ALL10D  WU9
ALL10D  WU8
PROGRE  ITT
ALL10D  WU7
ALL10D  WU6
PTTTRK  NS1
PTTTRK  NS
ALL10D  WU5
ALL10D  WU4
Z       TBA
ALL10D  WU3
ALL10D  WU2
PROGRE  TLG
PROGRE  WUI
ALL10D  WU1
ALL10D  TL1
ALL10D  IT1
CHAR84  OCT
SEPSUM
NEILSE  REL
NEILSE  TBA
SEP
X       REL
BILCOM  OCT
LONG    OCT
MISSED  OCT
DOMESC  OCT
NOBIL4  OCT
IRCINV  OCT
BILSUM  OCT
BILX22  OCT
IRC34   OCT
AFFIL   OCT
IRC33   OCT
ATT104  OTC
DMG104  DAM
AT7104  TRT
ITL104  TRT
ITL104  ITT
AT7104  WUI
BRB104  FTC
ITL104  RCA
AT7104  RCA
AST104  ITT
SWI104  WUI
AT7104  ITT
CSR104  TRT
ITL104  WUI
IRC32   OCT
IRC31   OCT
TLX104  TRX
DAM104  DAM
PHL104  PHL
TR7104  TR7
TST104  AST
AST104  AST
SPA104  SPA
ESR104  ESR
AT7104  OTC
IP7104  OTC
IT7104  FTC
AT1104  OTC
TST104  FTC
BGT104  TYM
NEC104  TYM
BRP104  TYM
CII104  CII
FTG104  FTC
CAY104  FTC
TEK104  FTC
TMG104  FTC
ZSF104  FTC
FRX104  FTC
TNT104  FTC
R1A09   DDM
TLX104  FTC
PNM104  TRT
WBK104  TRT
CSC104  TRT
TR7104  TRT
BHA104  TRT
R1B09   DDM
OUTR1   REL
OUTR1   SHR
IP7104  TRT
TST104  TRT
X       TBA
TNT104  TRT
POR104  TRT
DP2104  TLG
GEL104  RCA
DLT104  RCA
PUB104  RCA
HKG104  TLG
DXP104  TRT
BDA104  TRT
BAH104  TRT
AT1104  TRT
AST104  TRT
TT1104  TLG
ITL104  TLG
CSC104  RCA
UA

-fi

DELETE  BET
INTL    TBL
INTLAD
IN1084  BAC
NEIL    IRC
PRIWUI  OCT
PRITRT  OCT
PRITLG  OCT
PRIRCA  OCT
PRIFTC  OCT
PRIITT  OCT
NODWUI  OCT
NODTRT  OCT
NODTLG  OCT
NODRCA  OCT
NODITT  OCT
NODFTC  OCT
SUM     REL
SUM     TBA
SERV    RPT
PRICE   RPT
IRCCOM  OCT
END     RPT
XX
START   RPT
HOST    RPT
NODE    RPT
SERVIC  RPT
Z
TRT     BAT
WUI     BAT
TLG     BAT
RCA     BAT
ITT     BAT
FTC     BAT
FILES   FTC
FILES   RCA
TRKPTT  TBA
TRKPTT  REL
TRKPTT  SHR
PTTTRK  NS2
015TEL  OUT
015TEL  COM
ALL10D  WUK
ALL10D  WUJ
ALL10D  WUI
ALL10D  WUH
ALL10D  WUG
ALL10D  WUF
ALL10D  WUE
ALL10D  WUD
ALL10D  WUC
ALL10D  WUB
ALL10D  WUA
ALL10D  WU9
ALL10D  WU8
PROGRE  ITT
ALL10D  WU7
ALL10D  WU6
PTTTRK  NS1
PTTTRK  NS
ALL10D  WU5
ALL10D  WU4
Z       TBA
ALL10D  WU3
ALL10D  WU2
PROGRE  TLG
PROGRE  WUI
ALL10D  WU1
ALL10D  TL1
ALL10D  IT1
CHAR84  OCT
SEPSUM
NEILSE  REL
NEILSE  TBA
SEP
X       REL
BILCOM  OCT
LONG    OCT
MISSED  OCT
DOMESC  OCT
NOBIL4  OCT
IRCINV  OCT
BILSUM  OCT
BILX22  OCT
IRC34   OCT
AFFIL   OCT
IRC33   OCT
ATT104  OTC
DMG104  DAM
AT7104  TRT
ITL104  TRT
ITL104  ITT
AT7104  WUI
BRB104  FTC
ITL104  RCA
AT7104  RCA
AST104  ITT
SWI104  WUI
AT7104  ITT
CSR104  TRT
ITL104  WUI
IRC32   OCT
IRC31   OCT
TLX104  TRX
DAM104  DAM
PHL104  PHL
TR7104  TR7
TST104  AST
AST104  AST
SPA104  SPA
ESR104  ESR
AT7104  OTC
IP7104  OTC
IT7104  FTC
AT1104  OTC
TST104  FTC
BGT104  TYM
NEC104  TYM
BRP104  TYM
CII104  CII
FTG104  FTC
CAY104  FTC
TEK104  FTC
TMG104  FTC
ZSF104  FTC
FRX104  FTC
TNT10

-type all10d.wuk
         1271420714284101715.5067 462082837154  0 0 24012714  0 1401       49   
**    1484101715.5069   0.000314110142680398;                    000023824610123
**400003110301002242382311000       0       0       0       0       0       0   
**    0       01 117          
         1271415744384101715.5350 462172437166  0 0 14012714  0 2401      121   
**  127984101715.5497   0.014714 3014268WUI2382;                 000031103140005
**600002382425631003110238200       3      27       3      35       0       0   
**    0       011117          
         1271420714284101715.5403 462190937166  0 0 24012714  0 1401      244   
**    4784101715.5419   0.001714 30142680398;                    000023824610123
**400003110301002242382311000       3       1       5       1       0       0   
**    0       01 117          
         1271420714284101715.5419 462196037156  0 0 24012714  0 1401        0   
**     084101715.5422   0.000314 30142680398;                    000000000000000
**00000000000000000   0   000       0       0       0       0       0       0   
**    0       01 117          
         1211115744384101715.5539 462231837141  0 0  3982714  0 2401      278   
**   24884101715.5692   0.015314 3014268WUI2382;                 000031103140005
**600002382425631003110238200       4       5       5       5       0       0   
**    0       011117          
         1271420714284101715.5703 462284137165  0 0 24012714  0 1401      236   
**    8484101715.5856   0.015314 30142680398;                    000023824256310
**000003110314000562382311000       3       2       4       2       0       0   
**    0       01 117          
         1271420714284101715.6406 462499337154  0 0 24012714  0 1401      244   
**    4784101715.6431   0.002514 30142680398;                    000023824610123
**400003110301002432382311000       3       1       5       1       0       0   
**    0       01 117          
         1271426260284101715.6436 462509237154  0 0 24012264  0  803      422   
**  433984101715.8572   0.213612 30142820061;                    002382410628000
**000000000310600612382310601      16      88      18     112       0       0   
**    0       01 217          
         1271410775284101715.6531 462541437166  0 0 24012224  0 1134      391   
**  167984101715.7067   0.053612 201484001134;                   002382410054300
**000000003106011342382310601      38      65      38      70       0       0   
**    0       01 217          
         1271421423784101715.7172 462739637150  0 0 24014766  0 6283       61   
**    1984101715.7203   0.003114 3036317WUI.2382:.00;            000023824256310
**000003106006283002382310600       0       0       0       0       0       0   

-log
68.97 tru
terminal time: 0:01:29
    