

	   SFO	   ORL	   LAS	   DEN	   YVR	   SMF	   BUF	   BOS	   ABQ
	 ------- ------- ------- ------- ------- ------- ------- ------- -------
SYR 3	  198.00  178.00  268.00  228.00  464.37  288.00   78.00  128.00  248.00
SMF 4	   64.00  258.00   58.00  158.00  224.48          238.00  258.00  144.00
SJC 3	   58.00  258.00  100.00  178.00  189.45  118.00  258.00  258.00  178.00
SEA 1	  138.00  258.00  148.00  188.00   67.41  168.00  268.00  258.00  188.00
MKC 3	  120.00  158.00  108.00  158.00  342.57  204.00  178.00  158.00  110.00
ICT 5	  194.00  158.00  138.00  148.00  484.37  208.00  188.00  178.00  158.00
BUF 9	  258.00  178.00  248.00  208.00  444.09  258.00          128.00  228.00
BOS 2	  198.00  178.00  258.00  218.00  344.73  258.00  128.00          248.00
ABQ 4	  130.00  218.00   74.00   98.00  298.29  144.00  228.00  248.00        
	 ------- ------- ------- ------- ------- ------- ------- ------- -------
total	   5730.   6692.   5542.   5952.  12256.   6452.   4870.   5956.   5710.
mean	  168.53  196.82  163.00  175.06  360.46  189.76  143.24  175.18  167.94


Notes:
1.  All fares are round trip.
2.  Restrictions may apply.


Key:
  SFO  SanFrancisco,CA
  ORL  Orlando,FL
  LAS  LasVegas,NV
  DEN  Denver,CO
  YVR  Vancouver,BC,Canada
  SYR  Syracuse,NY
  SMF  Sacramento,CA
  SJC  SanJose,CA
  SEA  Seattle,WA
  MKC  KansasCity,MO
  ICT  Wichita,KS
  BUF  Buffalo,NY
  BOS  Boston,MA
  ABQ  Albuquerque,NM
