25oct90 11:04:27 #20 (NET3) LOGIN MUX-2734  :0 TID=1200
25oct90 11:04:28 #20 (NET3) RUN (NET3)INIT
25oct90 11:04:28 #20 (NET3) RUNLIC 40000,,0
25oct90 11:04:29 #20 (NET3) NEXIT (NET3)INIT
25oct90 11:04:32 #20 (NET3) RUN (SYS)OPER
25oct90 11:04:32 #20 (NET3) RUNLIC 775717,,0
25oct90 11:04:35 #20 (NET3) TATTLE OPER BUENA 775617 (0) bad name
25oct90 11:04:35 #20 (NET3) NEXIT (SYS)OPER
25oct90 11:04:56 #20 (NET3) RUN (SYS)OPER
25oct90 11:04:56 #20 (NET3) RUNLIC 775717,,0
25oct90 11:05:10 #20 (NET3) TATTLE OPER BU8$NA$:$VNI 775617 (0) bad name
25oct90 11:05:10 #20 (NET3) NEXIT (SYS)OPER
25oct90 11:05:54 #20 (NET3) RUN (SPL)TAUX
25oct90 11:06:06 #20 (NET3) NEXIT (SPL)TAUX
25oct90 11:13:36 #20 (NET3) RUN (SPL)TAUX
25oct90 11:13:38 #20 (NET3) NEXIT (SPL)TAUX
25oct90 11:13:46 #20 (NET3) RUN (SYS)OPER
25oct90 11:13:46 #20 (NET3) RUNLIC 775717,,0
25oct90 11:13:49 #20 (NET3) SETLIC (SYS)OPER LIC=775717,,140412
25oct90 11:13:49 #20 (NET3) TATTLE OPER BUELNA 775612 (140412) okay
25oct90 11:13:49 #20 (NET3) NEXIT (SYS)OPER
25oct90 11:13:53 #20 (NET3) RUN (SPL)TAUX
25oct90 11:13:53 #20 (NET3) RUNLIC 140412,,140412
25oct90 11:13:55 #20 (NET3) NEXIT (SPL)TAUX
25oct90 11:13:59 #20 (NET3) RUN (SPL)TAUX
25oct90 11:13:59 #20 (NET3) RUNLIC 140412,,140412
25oct90 11:14:04 #20 (NET3) NEXIT (SPL)TAUX
25oct90 11:14:07 #20 (NET3) RUN (SPL)TAUX
25oct90 11:14:07 #20 (NET3) RUNLIC 140412,,140412
25oct90 11:14:09 #20 (NET3) NEXIT (SPL)TAUX
25oct90 11:14:13 #20 (NET3) RUN (SPL)TAUX
25oct90 11:14:13 #20 (NET3) RUNLIC 140412,,140412
25oct90 11:14:14 #20 (NET3) NEXIT (SPL)TAUX
25oct90 11:14:23 #20 (NET3) RUN (SPL)TAUX
25oct90 11:14:23 #20 (NET3) RUNLIC 140412,,140412
25oct90 11:14:26 #20 (NET3) NEXIT (SPL)TAUX
25oct90 11:14:29 #20 (NET3) RUN (SPL)TAUX
25oct90 11:14:29 #20 (NET3) RUNLIC 140412,,140412
25oct90 11:14:32 #20 (NET3) NEXIT (SPL)TAUX
25oct90 11:14:36 #20 (NET3) RUN (SPL)TAUX
25oct90 11:14:36 #20 (NET3) RUNLIC 140412,,140412
25oct90 11:14:41 #20 (NET3) NEXIT (SPL)TAUX
25oct90 11:14:46 #20 (NET3) RUN (SPL)TAUX
25oct90 11:14:46 #20 (NET3) RUNLIC 140412,,140412
25oct90 11:14:51 #20 (NET3) NEXIT (SPL)TAUX
25oct90 11:14:55 #20 (NET3) RUN (SPL)TAUX
25oct90 11:14:55 #20 (NET3) RUNLIC 140412,,140412
25oct90 11:14:56 #20 (NET3) NEXIT (SPL)TAUX
25oct90 11:15:06 #20 (NET3) RUN (SPL)TAUX
25oct90 11:15:06 #20 (NET3) RUNLIC 140412,,140412
25oct90 11:15:11 #20 (NET3) CREAUX NTS:1800 port=100
25oct90 11:15:12 #20 (NET3) NEXIT (SPL)TAUX
25oct90 11:15:20 #20 (NET3) RUN (SPL)TAUX
25oct90 11:15:20 #20 (NET3) RUNLIC 140412,,140412
25oct90 11:15:25 #20 (NET3) NEXIT (SPL)TAUX
25oct90 11:15:28 #20 (NET3) RUN (SPL)TAUX
25oct90 11:15:28 #20 (NET3) RUNLIC 140412,,140412
25oct90 11:15:33 #20 (NET3) CREAUX KRUMVP:1800 port=100
25oct90 11:22:16 #20 (NET3) NEXIT (SPL)TAUX
25oct90 11:22:20 #20 (NET3) RUN (SPL)TAUX
25oct90 11:22:20 #20 (NET3) RUNLIC 140412,,140412
25oct90 11:22:29 #20 (NET3) NEXIT (SPL)TAUX
25oct90 11:22:31 #20 (NET3) RUN (SPL)TAUX
25oct90 11:22:31 #20 (NET3) RUNLIC 140412,,140412
25oct90 11:22:39 #20 (NET3) CREAUX EARLYS:5293 port=116
25oct90 11:24:18 #20 (NET3) NEXIT (SPL)TAUX
25oct90 11:24:22 #20 (NET3) RUN (SPL)TAUX
25oct90 11:24:22 #20 (NET3) RUNLIC 140412,,140412
25oct90 11:24:33 #20 (NET3) NEXIT (SPL)TAUX
25oct90 11:24:38 #20 (NET3) RUN (SPL)TAUX
25oct90 11:24:38 #20 (NET3) RUNLIC 140412,,140412
25oct90 11:24:43 #20 (NET3) NEXIT (SPL)TAUX
25oct90 11:24:48 #20 (NET3) RUN (SPL)TAUX
25oct90 11:24:48 #20 (NET3) RUNLIC 140412,,140412
25oct90 11:24:54 #20 (NET3) CREAUX XRAY:5107 port=100
25oct90 11:25:11 #20 (NET3) NEXIT (SPL)TAUX
25oct90 11:25:15 #20 (NET3) RUN (SPL)TAUX
25oct90 11:25:15 #20 (NET3) RUNLIC 140412,,140412
25oct90 11:25:20 #20 (NET3) CREAUX XRAY:5101 port=120
25oct90 11:25:30 #20 (NET3) NEXIT (SPL)TAUX
25oct90 11:25:33 #20 (NET3) RUN (SPL)TAUX
25oct90 11:25:33 #20 (NET3) RUNLIC 140412,,140412
25oct90 11:25:40 #20 (NET3) CREAUX XRAY:227 port=100
25oct90 11:25:41 #20 (NET3) NEXIT (SPL)TAUX
25oct90 11:25:44 #20 (NET3) RUN (SPL)TAUX
25oct90 11:25:44 #20 (NET3) RUNLIC 140412,,140412
25oct90 11:25:48 #20 (NET3) NEXIT (SPL)TAUX
25oct90 11:25:52 #20 (NET3) RUN (SPL)TAUX
25oct90 11:25:52 #20 (NET3) RUNLIC 140412,,140412
25oct90 11:25:55 #20 (NET3) NEXIT (SPL)TAUX
25oct90 11:25:59 #20 (NET3) RUN (SPL)TAUX
25oct90 11:25:59 #20 (NET3) RUNLIC 140412,,140412
25oct90 11:26:03 #20 (NET3) CREAUX XRAY:1022 port=120
25oct90 11:26:04 #20 (NET3) NEXIT (SPL)TAUX
25oct90 11:26:16 #20 (NET3) RUN (SPL)TAUX
25oct90 11:26:16 #20 (NET3) RUNLIC 140412,,140412
25oct90 11:26:23 #20 (NET3) CREAUX DAUERBACH:120 port=120
25oct90 11:26:23 #20 (NET3) NEXIT (SPL)TAUX
25oct90 11:26:28 #20 (NET3) RUN (SPL)TAUX
25oct90 11:26:28 #20 (NET3) RUNLIC 140412,,140412
25oct90 11:27:00 #20 (NET3) CREAUX JOLEARY port=103
25oct90 11:27:29 #20 (NET3) NEXIT (SPL)TAUX
25oct90 11:27:32 #20 (NET3) RUN (SPL)TAUX
25oct90 11:27:32 #20 (NET3) RUNLIC 140412,,140412
25oct90 11:27:37 #20 (NET3) CREAUX JOLEARY:6871 port=103
25oct90 11:43:56 #20 (NET3) RUN (SYS)LOGOUT
25oct90 11:43:56 #20 (NET3) RUNLIC 547412,,140412
25oct90 11:43:56 #20 (NET3) RUN (MPL)ZEN
25oct90 11:43:56 #20 (NET3) RUNLIC 140412,,140412
25oct90 11:43:56 #20 (NET3) RUN (SYS)LOGOUT
25oct90 11:43:56 #20 (NET3) RUNLIC 547412,,140412
25oct90 11:43:56 #20 (NET3) LOGOUT TRUs = 42.8
