 3aug84  2:37:13 #10 (SBEMIS) LOGIN 2434:103 TID=A
 3aug84  2:37:17 #10 (SBEMIS) NEXIT (SYS)LOGINN
 3aug84  2:37:29 #10 (SBEMIS) RUN (SYS)RPG
 3aug84  2:37:29 #10 (SBEMIS) RUNLIC 2000,,0
 3aug84  2:37:29 #10 (SBEMIS) RUN (SYS)DIRIT
 3aug84  2:37:48 #10 (SBEMIS) RUN (SYS)TAKEIT
 3aug84  2:37:48 #10 (SBEMIS) RUNLIC 741012,,0
 3aug84  2:40:35 #10 (SBEMIS) NEXIT (SYS)TAKEIT
 3aug84  2:40:41 #10 (SBEMIS) RUN (SYS)OPER
 3aug84  2:40:41 #10 (SBEMIS) RUNLIC 775617,,0
 3aug84  2:40:48 #10 (SBEMIS) SETLIC (SYS)OPER LIC=775617,,171212
 3aug84  2:40:48 #10 (SBEMIS) TATTLE OPER WARNERS 775612 (171212) okay
 3aug84  2:40:48 #10 (SBEMIS) NEXIT (SYS)OPER
 3aug84  2:40:53 #10 (SBEMIS) RUN (SYS)SYSTAT
 3aug84  2:40:53 #10 (SBEMIS) RUNLIC 573212,,171212
 3aug84  2:41:44 #10 (SBEMIS) NEXIT (SYS)SYSTAT
 3aug84  2:41:48 #10 (SBEMIS) RUN (SYS)SYSTAT
 3aug84  2:41:48 #10 (SBEMIS) RUNLIC 573212,,171212
 3aug84  2:41:48 #10 (SBEMIS) SETNAM WHO
 3aug84  2:42:09 #10 (SBEMIS) RUN (SYS)GFD
 3aug84  2:42:09 #10 (SBEMIS) RUNLIC 175212,,171212
 3aug84  2:42:10 #10 (SBEMIS) NEXIT (SYS)GFD
 3aug84  2:42:13 #10 (SBEMIS) RUN (SYS)RPG
 3aug84  2:42:13 #10 (SBEMIS) RUNLIC 173212,,171212
 3aug84  2:42:13 #10 (SBEMIS) RUN (SYS)DIRIT
 3aug84  2:42:13 #10 (SBEMIS) RUNLIC 171212,,171212
 3aug84  2:42:23 #10 (SBEMIS) NEXIT (SYS)DIRIT
 3aug84  2:42:42 #10 (SBEMIS) RUN (SYS)GFD
 3aug84  2:42:42 #10 (SBEMIS) RUNLIC 175212,,171212
 3aug84  2:42:43 #10 (SBEMIS) NEXIT (SYS)GFD
 3aug84  2:42:44 #10 (SBEMIS) RUN (SYS)RPG
 3aug84  2:42:44 #10 (SBEMIS) RUNLIC 173212,,171212
 3aug84  2:42:45 #10 (SBEMIS) RUN (SYS)DIRIT
 3aug84  2:42:45 #10 (SBEMIS) RUNLIC 171212,,171212
 3aug84  2:43:19 #10 (SBEMIS) RUN (SYS)RPG
 3aug84  2:43:19 #10 (SBEMIS) RUNLIC 173212,,171212
 3aug84  2:43:19 #10 (SBEMIS) RUN (SYS)LISTER
 3aug84  2:43:19 #10 (SBEMIS) RUNLIC 171212,,171212
 3aug84  2:43:23 #10 (SBEMIS) NEXIT (SYS)LISTER
 3aug84  2:43:41 #10 (SBEMIS) RUN (SYS)RPG
 3aug84  2:43:41 #10 (SBEMIS) RUNLIC 173212,,171212
 3aug84  2:43:41 #10 (SBEMIS) RUN (SYS)LISTER
 3aug84  2:43:41 #10 (SBEMIS) RUNLIC 171212,,171212
 3aug84  2:45:16 #10 (SBEMIS) RUN (SYS)RPG
 3aug84  2:45:16 #10 (SBEMIS) RUNLIC 173212,,171212
 3aug84  2:45:17 #10 (SBEMIS) RUN (SYS)LISTER
 3aug84  2:45:17 #10 (SBEMIS) RUNLIC 171212,,171212
 3aug84  2:45:56 #10 (SBEMIS) RUN (SYS)GFD
 3aug84  2:45:56 #10 (SBEMIS) RUNLIC 175212,,171212
 3aug84  2:45:57 #10 (SBEMIS) NEXIT (SYS)GFD
 3aug84  2:46:05 #10 (SBEMIS) RUN (SYS)RPG
 3aug84  2:46:05 #10 (SBEMIS) RUNLIC 173212,,171212
 3aug84  2:46:05 #10 (SBEMIS) RUN (SYS)DIRIT
 3aug84  2:46:05 #10 (SBEMIS) RUNLIC 171212,,171212
 3aug84  2:46:15 #10 (SBEMIS) NEXIT (SYS)DIRIT
 3aug84  2:46:47 #10 (SBEMIS) RUN (SYS)RPG
 3aug84  2:46:47 #10 (SBEMIS) RUNLIC 173212,,171212
 3aug84  2:46:47 #10 (SBEMIS) RUN (SYS)LISTER
 3aug84  2:46:47 #10 (SBEMIS) RUNLIC 171212,,171212
 3aug84  2:46:47 #10 (SBEMIS) NEXIT (SYS)LISTER
 3aug84  2:46:58 #10 (SBEMIS) RUN (SYS)GFD
 3aug84  2:46:58 #10 (SBEMIS) RUNLIC 175212,,171212
 3aug84  2:46:58 #10 (SBEMIS) NEXIT (SYS)GFD
 3aug84  2:47:01 #10 (SBEMIS) RUN (SYS)RPG
 3aug84  2:47:01 #10 (SBEMIS) RUNLIC 173212,,171212
 3aug84  2:47:02 #10 (SBEMIS) RUN (SYS)DIRIT
 3aug84  2:47:02 #10 (SBEMIS) RUNLIC 171212,,171212
 3aug84  2:47:02 #10 (SBEMIS) NEXIT (SYS)DIRIT
 3aug84  2:47:16 #10 (SBEMIS) RUN (SYS)RPG
 3aug84  2:47:16 #10 (SBEMIS) RUNLIC 173212,,171212
 3aug84  2:47:16 #10 (SBEMIS) RUN (SYS)LISTER
 3aug84  2:47:16 #10 (SBEMIS) RUNLIC 171212,,171212
 3aug84  2:47:32 #10 (SBEMIS) RUN (SYS)RPG
 3aug84  2:47:32 #10 (SBEMIS) RUNLIC 173212,,171212
 3aug84  2:47:32 #10 (SBEMIS) RUN (SYS)DIRIT
 3aug84  2:47:32 #10 (SBEMIS) RUNLIC 171212,,171212
 3aug84  2:47:38 #10 (SBEMIS) NEXIT (SYS)DIRIT
 3aug84  2:48:02 #10 (SBEMIS) RUN (SYS)RPG
 3aug84  2:48:02 #10 (SBEMIS) RUNLIC 173212,,171212
 3aug84  2:48:02 #10 (SBEMIS) RUN (SYS)LISTER
 3aug84  2:48:02 #10 (SBEMIS) RUNLIC 171212,,171212
 3aug84  2:48:20 #10 (SBEMIS) RUN (SYS)GFD
 3aug84  2:48:20 #10 (SBEMIS) RUNLIC 175212,,171212
 3aug84  2:48:20 #10 (SBEMIS) NEXIT (SYS)GFD
 3aug84  2:48:23 #10 (SBEMIS) RUN (SYS)RPG
 3aug84  2:48:23 #10 (SBEMIS) RUNLIC 173212,,171212
 3aug84  2:48:23 #10 (SBEMIS) RUN (SYS)DIRIT
 3aug84  2:48:23 #10 (SBEMIS) RUNLIC 171212,,171212
 3aug84  2:48:53 #10 (SBEMIS) RUN (SYS)RPG
 3aug84  2:48:53 #10 (SBEMIS) RUNLIC 173212,,171212
 3aug84  2:48:53 #10 (SBEMIS) RUN (SYS)LISTER
 3aug84  2:48:53 #10 (SBEMIS) RUNLIC 171212,,171212
 3aug84  2:48:53 #10 (SBEMIS) NEXIT (SYS)LISTER
 3aug84  2:49:22 #10 (SBEMIS) RUN (SYS)RPG
 3aug84  2:49:22 #10 (SBEMIS) RUNLIC 173212,,171212
 3aug84  2:49:55 #10 (SBEMIS) NEXIT (SYS)RPG
 3aug84  2:50:21 #10 (SBEMIS) RUN (SYS)LOGOUT
 3aug84  2:50:21 #10 (SBEMIS) RUNLIC 577212,,171212
 3aug84  2:50:22 #10 (SBEMIS) LOGOUT TRUs = 218.5
 3aug84 23:59:53 #7 (SBEMIS) LOGIN 2434:74 TID=A
 3aug84 23:59:53 #7 (SBEMIS) NEXIT (SYS)LOGINN
 4aug84  0:00:08 #7 (SBEMIS) RUN (SYS)OPER
 4aug84  0:00:08 #7 (SBEMIS) RUNLIC 775617,,0
 4aug84  0:00:20 #7 (SBEMIS) SETLIC (SYS)OPER LIC=775617,,171212
 4aug84  0:00:20 #7 (SBEMIS) TATTLE OPER WARNERS 775612 (171212) okay
 4aug84  0:00:20 #7 (SBEMIS) NEXIT (SYS)OPER
 4aug84  0:00:26 #7 (SBEMIS) RUN (SYS)GFD
 4aug84  0:00:26 #7 (SBEMIS) RUNLIC 175212,,171212
 4aug84  0:00:26 #7 (SBEMIS) NEXIT (SYS)GFD
 4aug84  0:00:28 #7 (SBEMIS) RUN (SYS)SYSTAT
 4aug84  0:00:28 #7 (SBEMIS) RUNLIC 573212,,171212
 4aug84  0:00:55 #7 (SBEMIS) RUN (SYS)SYSTAT
 4aug84  0:00:55 #7 (SBEMIS) RUNLIC 573212,,171212
 4aug84  0:00:55 #7 (SBEMIS) SETNAM WHO
 4aug84  0:01:15 #7 (SBEMIS) RUN (SYS)SYSTAT
 4aug84  0:01:15 #7 (SBEMIS) RUNLIC 573212,,171212
 4aug84  0:01:29 #7 (SBEMIS) RUN (SYS)TAKEIT
 4aug84  0:01:29 #7 (SBEMIS) RUNLIC 771212,,171212
 4aug84  0:03:14 #7 (SBEMIS) NEXIT (SYS)TAKEIT
 4aug84  0:03:21 #7 (SBEMIS) RUN (UTIL)TAPELI
 4aug84  0:03:21 #7 (SBEMIS) RUNLIC 171612,,171212
 4aug84  0:03:31 #7 (SBEMIS) CREAUX TAPELIB:74 port=164
 4aug84  0:07:52 #7 (SBEMIS) EXIT (UTIL)TAPELI
 4aug84  0:08:00 #7 (SBEMIS) RUN (SYS)GFD
 4aug84  0:08:00 #7 (SBEMIS) RUNLIC 175212,,171212
 4aug84  0:08:00 #7 (SBEMIS) NEXIT (SYS)GFD
 4aug84  0:08:34 #7 (SBEMIS) RUN (SYS)GFD
 4aug84  0:08:34 #7 (SBEMIS) RUNLIC 175212,,171212
 4aug84  0:08:35 #7 (SBEMIS) NEXIT (SYS)GFD
 4aug84  0:08:38 #7 (SBEMIS) RUN (SYS)RPG
 4aug84  0:08:38 #7 (SBEMIS) RUNLIC 173212,,171212
 4aug84  0:08:38 #7 (SBEMIS) RUN (SYS)DIRIT
 4aug84  0:08:38 #7 (SBEMIS) RUNLIC 171212,,171212
 4aug84  0:08:50 #7 (SBEMIS) NEXIT (SYS)DIRIT
 4aug84  0:08:54 #7 (SBEMIS) RUN (SYS)TITO
 4aug84  0:08:54 #7 (SBEMIS) RUNLIC 175212,,171212
 4aug84  0:09:13 #7 (SBEMIS) RUN (SYS)TITO
 4aug84  0:09:13 #7 (SBEMIS) RUNLIC 175212,,171212
 4aug84  0:11:55 #7 (SBEMIS) RUN (SYS)TITO
 4aug84  0:11:55 #7 (SBEMIS) RUNLIC 175212,,171212
 4aug84  0:12:23 #7 (SBEMIS) RUN (SYS)LOGOUT
 4aug84  0:12:23 #7 (SBEMIS) RUNLIC 577212,,171212
 4aug84  0:12:23 #7 (SBEMIS) LOGOUT TRUs = 161.2
 6aug84  6:14:34 #12 (SBEMIS) LOGIN 2220:0 TID=AUX
 6aug84  6:14:34 #12 (SBEMIS) PJC PJC=QUIT, VFY=0
 6aug84  6:14:34 #12 (SBEMIS) NEXIT (SYS)LOGINN
 6aug84  6:14:42 #12 (SBEMIS) RUN (SYS)RPG
 6aug84  6:14:42 #12 (SBEMIS) RUNLIC 2000,,0
 6aug84  6:14:42 #12 (SBEMIS) NEXIT (SYS)RPG
 6aug84  6:15:19 #12 (SBEMIS) RUN (SYS)RPG
 6aug84  6:15:19 #12 (SBEMIS) RUNLIC 2000,,0
 6aug84  6:15:19 #12 (SBEMIS) RUN (SYS)DIRIT
 6aug84  6:15:21 #12 (SBEMIS) NEXIT (SYS)DIRIT
 6aug84  6:15:35 #12 (SBEMIS) RUN (SYS)RPG
 6aug84  6:15:35 #12 (SBEMIS) RUNLIC 2000,,0
 6aug84  6:15:35 #12 (SBEMIS) NEXIT (SYS)RPG
 6aug84  6:15:42 #12 (SBEMIS) RUN (SYS)LOGOUT
 6aug84  6:15:42 #12 (SBEMIS) RUNLIC 547000,,0
 6aug84  6:15:42 #12 (SBEMIS) LOGOUT TRUs = 7.3
12aug84 23:56:30 #4 (SBEMIS) LOGIN 2434:7 TID=A
12aug84 23:56:30 #4 (SBEMIS) NEXIT (SYS)LOGINN
12aug84 23:56:34 #4 (SBEMIS) RUN (SYS)OPER
12aug84 23:56:34 #4 (SBEMIS) RUNLIC 775617,,0
12aug84 23:56:43 #4 (SBEMIS) SETLIC (SYS)OPER LIC=775617,,171212
12aug84 23:56:43 #4 (SBEMIS) TATTLE OPER WARNERS 775612 (171212) okay
12aug84 23:56:43 #4 (SBEMIS) NEXIT (SYS)OPER
12aug84 23:56:49 #4 (SBEMIS) RUN (SYS)GFD
12aug84 23:56:49 #4 (SBEMIS) RUNLIC 175212,,171212
12aug84 23:56:49 #4 (SBEMIS) NEXIT (SYS)GFD
12aug84 23:56:51 #4 (SBEMIS) RUN (SYS)RPG
12aug84 23:56:51 #4 (SBEMIS) RUNLIC 173212,,171212
12aug84 23:56:51 #4 (SBEMIS) RUN (SYS)DIRIT
12aug84 23:56:51 #4 (SBEMIS) RUNLIC 171212,,171212
12aug84 23:56:51 #4 (SBEMIS) NEXIT (SYS)DIRIT
12aug84 23:57:15 #4 (SBEMIS) RUN (SYS)TELECO
12aug84 23:57:15 #4 (SBEMIS) RUNLIC 171212,,171212
12aug84 23:57:19 #4 (SBEMIS) CREAUX WARNERS:32 port=166
12aug84 23:57:35 #4 (SBEMIS) NEXIT (SYS)TELECO
12aug84 23:57:37 #4 (SBEMIS) RUN (SYS)RPG
12aug84 23:57:37 #4 (SBEMIS) RUNLIC 173212,,171212
12aug84 23:57:37 #4 (SBEMIS) RUN (SYS)DIRIT
12aug84 23:57:37 #4 (SBEMIS) RUNLIC 171212,,171212
12aug84 23:57:37 #4 (SBEMIS) NEXIT (SYS)DIRIT
12aug84 23:58:13 #4 (SBEMIS) RUN (GAMES)PACMAN
12aug84 23:58:13 #4 (SBEMIS) RUNLIC 171212,,171212
12aug84 23:58:32 #4 (SBEMIS) RUN (GAMES)PACMAN
12aug84 23:58:32 #4 (SBEMIS) RUNLIC 171212,,171212
12aug84 23:59:02 #4 (SBEMIS) RUN (SYS)RPG
12aug84 23:59:02 #4 (SBEMIS) RUNLIC 173212,,171212
12aug84 23:59:02 #4 (SBEMIS) RUN (SYS)DIRIT
12aug84 23:59:02 #4 (SBEMIS) RUNLIC 171212,,171212
12aug84 23:59:02 #4 (SBEMIS) NEXIT (SYS)DIRIT
12aug84 23:59:14 #4 (SBEMIS) RUN (GAMES)KENO
12aug84 23:59:14 #4 (SBEMIS) RUNLIC 171212,,171212
12aug84 23:59:14 #4 (SBEMIS) PUTLSA (GAMES)TBA.SV LIC=0,,0
12aug84 23:59:20 #4 (SBEMIS) NEXIT (GAMES)KENO
12aug84 23:59:32 #4 (SBEMIS) RUN (GAMES)KENO
12aug84 23:59:32 #4 (SBEMIS) RUNLIC 171212,,171212
12aug84 23:59:32 #4 (SBEMIS) PUTLSA (GAMES)TBA.SV LIC=0,,0
13aug84  0:00:24 #4 (SBEMIS) NEXIT (GAMES)KENO
13aug84  0:00:28 #4 (SBEMIS) RUN (SYS)RPG
13aug84  0:00:28 #4 (SBEMIS) RUNLIC 173212,,171212
13aug84  0:00:29 #4 (SBEMIS) RUN (SYS)DIRIT
13aug84  0:00:29 #4 (SBEMIS) RUNLIC 171212,,171212
13aug84  0:01:26 #4 (SBEMIS) NEXIT (SYS)DIRIT
13aug84  0:01:54 #4 (SBEMIS) RUN (GAMES)ZORK
13aug84  0:01:54 #4 (SBEMIS) RUNLIC 171212,,171212
13aug84  0:02:32 #4 (SBEMIS) RUN (SYS)LOGOUT
13aug84  0:02:32 #4 (SBEMIS) RUNLIC 577212,,171212
13aug84  0:02:32 #4 (SBEMIS) LOGOUT TRUs = 41.7
13aug84  0:02:50 #4 (SBEMIS) LOGIN 2434:0 TID=A
13aug84  0:02:50 #4 (SBEMIS) NEXIT (SYS)LOGINN
13aug84  0:02:54 #4 (SBEMIS) RUN (SYS)OPER
13aug84  0:02:54 #4 (SBEMIS) RUNLIC 775617,,0
13aug84  0:03:01 #4 (SBEMIS) SETLIC (SYS)OPER LIC=775617,,171212
13aug84  0:03:01 #4 (SBEMIS) TATTLE OPER WARNERS 775612 (171212) okay
13aug84  0:03:01 #4 (SBEMIS) NEXIT (SYS)OPER
13aug84  0:03:07 #4 (SBEMIS) RUN (SYS)SYSTAT
13aug84  0:03:07 #4 (SBEMIS) RUNLIC 573212,,171212
13aug84  0:03:28 #4 (SBEMIS) NEXIT (SYS)SYSTAT
13aug84  0:04:44 #4 (SBEMIS) RUN (SYS)TAKEIT
13aug84  0:04:44 #4 (SBEMIS) RUNLIC 771212,,171212
13aug84  0:05:17 #4 (SBEMIS) NEXIT (SYS)TAKEIT
13aug84  0:05:50 #4 (SBEMIS) RUN (SYS)SYSTAT
13aug84  0:05:50 #4 (SBEMIS) RUNLIC 573212,,171212
13aug84  0:06:10 #4 (SBEMIS) NEXIT (SYS)SYSTAT
13aug84  0:06:53 #4 (SBEMIS) RUN (SYS)GFD
13aug84  0:06:53 #4 (SBEMIS) RUNLIC 175212,,171212
13aug84  0:06:53 #4 (SBEMIS) NEXIT (SYS)GFD
13aug84  0:07:01 #4 (SBEMIS) RUN (GAMES)ZORK
13aug84  0:07:01 #4 (SBEMIS) RUNLIC 171212,,171212
13aug84  0:07:45 #4 (SBEMIS) EXIT (GAMES)ZORK
13aug84  0:07:53 #4 (SBEMIS) RUN (SYS)TAKEIT
13aug84  0:07:53 #4 (SBEMIS) RUNLIC 771212,,171212
13aug84  0:07:58 #4 (SBEMIS) NEXIT (SYS)TAKEIT
13aug84  0:09:12 #4 (SBEMIS) RUN (SYS)TAKEIT
13aug84  0:09:12 #4 (SBEMIS) RUNLIC 771212,,171212
13aug84  0:11:06 #4 (SBEMIS) NEXIT (SYS)TAKEIT
13aug84  0:11:10 #4 (SBEMIS) RUN (SYS)SYSTAT
13aug84  0:11:10 #4 (SBEMIS) RUNLIC 573212,,171212
13aug84  0:11:17 #4 (SBEMIS) NEXIT (SYS)SYSTAT
13aug84  0:11:42 #4 (SBEMIS) RUN (SYS)LOGOUT
13aug84  0:11:42 #4 (SBEMIS) RUNLIC 577212,,171212
13aug84  0:11:42 #4 (SBEMIS) LOGOUT TRUs = 86.5
13aug84  0:12:04 #4 (SBEMIS) LOGIN 2434:165 TID=A
13aug84  0:12:04 #4 (SBEMIS) NEXIT (SYS)LOGINN
13aug84  0:12:08 #4 (SBEMIS) RUN (SYS)TAKEIT
13aug84  0:12:08 #4 (SBEMIS) RUNLIC 741012,,0
13aug84  0:12:26 #4 (SBEMIS) NEXIT (SYS)TAKEIT
13aug84  0:12:34 #4 (SBEMIS) RUN (SYS)TAKEIT
13aug84  0:12:34 #4 (SBEMIS) RUNLIC 741012,,0
13aug84  0:14:43 #4 (SBEMIS) NEXIT (SYS)TAKEIT
13aug84  0:14:45 #4 (SBEMIS) RUN (SYS)LOGOUT
13aug84  0:14:45 #4 (SBEMIS) RUNLIC 547000,,0
13aug84  0:14:45 #4 (SBEMIS) LOGOUT TRUs = 26.8
13aug84  0:15:31 #4 (SBEMIS) LOGIN 2434:163 TID=A
13aug84  0:15:31 #4 (SBEMIS) PJC PJC=', VFY=0
13aug84  0:15:31 #4 (SBEMIS) NEXIT (SYS)LOGINN
13aug84  0:15:35 #4 (SBEMIS) RUN (SYS)SYSTAT
13aug84  0:15:35 #4 (SBEMIS) RUNLIC 402000,,0
13aug84  0:15:36 #4 (SBEMIS) NEXIT (SYS)SYSTAT
13aug84  0:15:46 #4 (SBEMIS) RUN (SYS)OPER
13aug84  0:15:46 #4 (SBEMIS) RUNLIC 775617,,0
13aug84  0:15:56 #4 (SBEMIS) SETLIC (SYS)OPER LIC=775617,,171212
13aug84  0:15:56 #4 (SBEMIS) TATTLE OPER WARNERS 775612 (171212) okay
13aug84  0:15:56 #4 (SBEMIS) NEXIT (SYS)OPER
13aug84  0:15:59 #4 (SBEMIS) RUN (SYS)SYSTAT
13aug84  0:15:59 #4 (SBEMIS) RUNLIC 573212,,171212
13aug84  0:16:18 #4 (SBEMIS) NEXIT (SYS)SYSTAT
13aug84  0:16:54 #4 (SBEMIS) RUN (SYS)LOGOUT
13aug84  0:16:54 #4 (SBEMIS) RUNLIC 577212,,171212
13aug84  0:16:54 #4 (SBEMIS) LOGOUT TRUs = 15.9
13aug84  0:17:08 #4 (SBEMIS) LOGIN 2434:161 TID=A
13aug84  0:17:08 #4 (SBEMIS) NEXIT (SYS)LOGINN
13aug84  0:17:17 #4 (SBEMIS) RUN (SYS)OPER
13aug84  0:17:17 #4 (SBEMIS) RUNLIC 775617,,0
13aug84  0:17:23 #4 (SBEMIS) SETLIC (SYS)OPER LIC=775617,,171012
13aug84  0:17:23 #4 (SBEMIS) TATTLE OPER WARNERS 371412 (171012) okay
13aug84  0:17:23 #4 (SBEMIS) NEXIT (SYS)OPER
13aug84  0:17:31 #4 (SBEMIS) RUN (SYS)OPER
13aug84  0:17:31 #4 (SBEMIS) RUNLIC 775617,,171012
13aug84  0:17:36 #4 (SBEMIS) SETLIC (SYS)OPER LIC=775617,,0
13aug84  0:17:36 #4 (SBEMIS) TATTLE OPER WARNERS 200000 (0) okay
13aug84  0:17:36 #4 (SBEMIS) NEXIT (SYS)OPER
13aug84  0:17:55 #4 (SBEMIS) RUN (SYS)TAKEIT
13aug84  0:17:55 #4 (SBEMIS) RUNLIC 741012,,0
13aug84  0:18:40 #4 (SBEMIS) NEXIT (SYS)TAKEIT
13aug84  0:18:43 #4 (SBEMIS) RUN (SYS)LOGOUT
13aug84  0:18:43 #4 (SBEMIS) RUNLIC 547000,,0
13aug84  0:18:43 #4 (SBEMIS) LOGOUT TRUs = 21.9
    