

MAIL


From: PERPOPER, FEB 11, 1982    7:00

YOUR JOB "PERP.MUR" SUBMITTED TO "PERP"
-GFD MURRPT

-DEL CSL.RPT

NO FILES SATISFYING REQUEST

-GFD MUR

-MAGNUM
12-FEB-1982   5:05:24

=:SCHEMA MUR
0.38/16.25(0)
NOTE ** USE THE COMMAND 'DO UPDATER' INSTEAD OF 'RUN UPDATER' **

:RUN CRASH.SUMMARY
THIS MONTH (T),LAST MONTH (L),OR A DATE RANGE (R): L
INCLUDE NON-APPLICABLE SYSTEMS? Y
PRINT OUT ADJUSTED FIGURES? Y
SITE: ALL
CLASS: ALL
OUTPUT TO: CSL.RPT-A
REPORT WILL BE ON FILE (MURRPT      )CSL.RPT-A       

:Q

EXIT

-GFD MURRPT

-DEC ALL ALL ALL CSL.RPT


-DEL CS.RPT

NO FILES SATISFYING REQUEST

-GFD MUR

-MAGNUM
12-FEB-1982   5:18:37

=:SCHEMA MUR
0.36/16.19(0)
NOTE ** USE THE COMMAND 'DO UPDATER' INSTEAD OF 'RUN UPDATER' **

:RUN CRASH.SUMMARY
THIS MONTH (T),LAST MONTH (L),OR A DATE RANGE (R): T
INCLUDE NON-APPLICABLE SYSTEMS? Y
PRINT OUT ADJUSTED FIGURES? Y
SITE: ALL
CLASS: ALL
OUTPUT TO: CS.RPT-A
REPORT WILL BE ON FILE (MURRPT      )CS.RPT-A        

:Q

EXIT

-GFD MURRPT

-DEC ALL ALL ALL CS.RPT


-GFD MUR

-MAGNUM
12-FEB-1982   5:24:15

=:SCHEMA MUR
0.34/16.03(0)
NOTE ** USE THE COMMAND 'DO UPDATER' INSTEAD OF 'RUN UPDATER' **

:RUN MAINTAIN.HW.TIME

:Q

EXIT

-Q
?Q?

-
-LOG

Same to you
13053.72 tru
terminal time: 0:19:52
