BNLIB        
BNR1         
BNR10        
BNR11        
BNR12        
BNR13        
BNR14        
BNR15        
BNR16        
BNR17        
BNR18        
BNR19        
BNR2         
BNR20        
BNR21        
BNR22        
BNR23        
BNR24        
BNR25        
BNR26        
BNR27        
BNR28        
BNR29        
BNR3         
BNR30        
BNR31        
BNR32        
BNR33        
BNR34        
BNR35        
BNR4         
BNR5         
BNR6         
BNR7         
BNR8         
BNR9         
BNSALES      
BNSRPT       
