     :==========================================================================================================================:
     :SYS:NODE:K.H.: MON  :MEMORY:LOGICAL:  PHY  :PAKCOP:DSKCLN:          MEMOREX DISK DRIVES          :PAGES :  CONTR  : SA-10 :
     :   :    :    : TYPE :      : UNITS : UNITS :      :FULL  :3673:3675:3650:3652:3653:3654:3655:3656: PER  :3672:3674:UPGRADE:
     :   :    :    :      :      :       :       :      :  FAST:    :    :    :    :    :    :    :    : UNIT :    :    :       :
     :==========================================================================================================================:
     :   :    :    :      :      :       :       :      :      :    :    :    :    :    :    :    :    :      :    :    :       :
     :   :    :    :      :      :       :       :      :      :    :    :    :    :    :    :    :    :      :    :    :       :
     :==========================================================================================================================:
     :   :    :    :      :      :       :       :      :      :    :    :    :    :    :    :    :    :      :    :    :       :
     :   :    :    :      :      :       :       :      :      :    :    :    :    :    :    :    :    :      :    :    :       :
     :==========================================================================================================================:
     :   :    :    :      :      :       :       :      :      :    :    :    :    :    :    :    :    :      :    :    :       :
     :   :    :    :      :      :       :       :      :      :    :    :    :    :    :    :    :    :      :    :    :       :
     :==========================================================================================================================:
     :   :    :    :      :      :       :       :      :      :    :    :    :    :    :    :    :    :      :    :    :       :
     :   :    :    :      :      :       :       :      :      :    :    :    :    :    :    :    :    :      :    :    :       :
     :==========================================================================================================================:
     :   :    :    :      :      :       :       :      :      :    :    :    :    :    :    :    :    :      :    :    :       :
     :   :    :    :      :      :       :       :      :      :    :    :    :    :    :    :    :    :      :    :    :       :
     :==========================================================================================================================:
     :   :    :    :      :      :       :       :      :      :    :    :    :    :    :    :    :    :      :    :    :       :
     :   :    :    :      :      :       :       :      :      :    :    :    :    :    :    :    :    :      :    :    :       :
     :==========================================================================================================================:
     :   :    :    :      :      :       :       :      :      :    :    :    :    :    :    :    :    :      :    :    :       :
     :   :    :    :      :      :       :       :      :      :    :    :    :    :    :    :    :    :      :    :    :       :
     :==========================================================================================================================:
     :   :    :    :      :      :       :       :      :      :    :    :    :    :    :    :    :    :      :    :    :       :
     :   :    :    :      :      :       :       :      :      :    :    :    :    :    :    :    :    :      :    :    :       :
     :==========================================================================================================================:
     :   :    :    :      :      :       :       :      :      :    :    :    :    :    :    :    :    :      :    :    :       :
     :   :    :    :      :      :       :       :      :      :    :    :    :    :    :    :    :    :      :    :    :       :
     :==========================================================================================================================:
     :   :    :    :      :      :       :       :      :      :    :    :    :    :    :    :    :    :      :    :    :       :
     :   :    :    :      :      :       :       :      :      :    :    :    :    :    :    :    :    :      :    :    :       :
     :==========================================================================================================================:
