(SYS         :  33) 1022.BWR      15 20-Apr-79 05:53 -- extra not on master
(SYS         :  30) 1022.ERR      16 11-Sep-81 09:47 -- bad license    200 
(SYS         :  14) 1022.ERR                         -- missing on slave   
(SYS         :  32) 1022.NEW      14 30-Dec-87 12:26 -- extra not on master
(SYS         :  33) 1022.OLD       6 27-Apr-79 08:37 -- extra not on master
(SYS         :  14) 1022.SHR       7 26-Sep-86 15:19 -- bad checksum HOXRUL
(SYS         :  32) 1022.SHR       7 26-Sep-86 15:19 -- bad checksum HOXRUL
(SYS         :  33) 1022.SHR       7 09-Jun-89 08:49 -- bad license    200 
(SYS         :  58) 102286.DAT    18 22-Oct-86 23:59 -- extra not on master
(SYS         :  74) 102286.DAT    28 22-Oct-86 23:49 -- extra not on master
(SYS         :  58) 102287.DAT    21 22-Oct-87 23:50 -- extra not on master
(SYS         :  74) 102287.DAT    32 22-Oct-87 23:52 -- extra not on master
(SYS         :  23) 102288.DAT    46 22-Oct-88 21:57 -- extra not on master
(SYS         :  32) 102288.DAT    12 22-Oct-88 13:56 -- extra not on master
(SYS         :  58) 102288.DAT    72 22-Oct-88 23:57 -- extra not on master
(SYS         :  74) 102288.DAT    66 22-Oct-88 23:57 -- extra not on master
(SYS         :  33) 1022AC.SHR     4 09-Jun-89 08:49 -- bad license    200 
(SYS         :  56) 1022C0.REL     2 01-Aug-84 10:15 -- extra not on master
(SYS         :  14) 1022C0.SHR    57 26-Sep-86 15:19 -- bad checksum KORKUV
(SYS         :  32) 1022C0.SHR    57 26-Sep-86 15:19 -- bad checksum KORKUV
(SYS         :  74) 1022C0.SHR    57 09-Jun-89 09:07 -- bad checksum WINLAC
(SYS         :  14) 1022C1.SHR    89 26-Sep-86 15:19 -- bad checksum ROBHOX
(SYS         :  32) 1022C1.SHR    89 26-Sep-86 15:19 -- bad checksum MIXXUM
(SYS         :  33) 1022C1.SHR    89 09-Jun-89 08:49 -- bad license    200 
(SYS         :  14) 1022C2.V10    78 26-Sep-86 15:19 -- bad checksum YAPXEL
(SYS         :  30) 1022C2.V10    78 08-Jun-89 16:51 -- bad checksum ZOBGEV
(SYS         :  32) 1022C2.V10    78 26-Sep-86 15:19 -- bad checksum JUPKIH
(SYS         :  33) 1022C2.V10    78 09-Jun-89 08:49 -- bad checksum ZOBGEV
(SYS         :  54) 1022C2.V10    78 09-Jun-89 08:59 -- bad checksum ZOBGEV
(SYS         :  56) 1022C2.V10    78 09-Jun-89 09:02 -- bad checksum ZOBGEV
(SYS         :  58) 1022C2.V10    78 09-Jun-89 09:05 -- bad checksum ZOBGEV
(SYS         :  74) 1022C2.V10    78 09-Jun-89 09:07 -- bad checksum ZOBGEV
(SYS         :  14) 1022C2.V20    41 26-Sep-86 15:19 -- bad checksum HELLUX
(SYS         :  32) 1022C2.V20    41 26-Sep-86 15:19 -- bad checksum HELLUX
(SYS         :  33) 1022C2.V20    41 09-Jun-89 08:49 -- bad license    200 
(SYS         :  14) 1022F.SHR     45 26-Sep-86 15:19 -- bad checksum RUGMEK
(SYS         :  32) 1022F.SHR     45 26-Sep-86 15:19 -- bad checksum RUGMEK
(SYS         :  33) 1022F.SHR     45 09-Jun-89 08:50 -- bad license    200 
(SYS         :  14) 1022F1                           -- missing on slave   
(SYS         :  23) 1022F1                           -- missing on slave   
(SYS         :  31) 1022F1                           -- missing on slave   
(SYS         :  32) 1022F1                           -- missing on slave   
(SYS         :  34) 1022F1                           -- missing on slave   
(SYS         :  37) 1022F1                           -- missing on slave   
(SYS         :  25) 1022F1         2 30-Dec-84 21:11 -- protection ALL  RD  RD  
(SYS         :  56) 1022F1         2 30-Dec-84 21:11 -- protection ALL  RD  RD  
(SYS         :  58) 1022F1         2 31-Dec-84 12:12 -- protection ALL  RD  RD  
(SYS         :  74) 1022F1.REL     2 16-Oct-84 11:52 -- extra not on master
(SYS         :  14) 1022FX                           -- missing on slave   
(SYS         :  23) 1022FX                           -- missing on slave   
(SYS         :  31) 1022FX                           -- missing on slave   
(SYS         :  32) 1022FX                           -- missing on slave   
(SYS         :  34) 1022FX                           -- missing on slave   
(SYS         :  37) 1022FX                           -- missing on slave   
(SYS         :  25) 1022FX         2 30-Dec-84 21:10 -- protection ALL  RD  RD  
(SYS         :  56) 1022FX         2 30-Dec-84 21:10 -- protection ALL  RD  RD  
(SYS         :  58) 1022FX         2 31-Dec-84 12:11 -- protection ALL  RD  RD  
(SYS         :  14) 1022M.SHR     35 26-Sep-86 15:19 -- bad checksum KUGHAH
(SYS         :  32) 1022M.SHR     35 26-Sep-86 15:19 -- bad checksum KUGHAH
(SYS         :  33) 1022M.SHR     35 09-Jun-89 08:50 -- bad license    200 
(SYS         :  14) 1022R.SHR     33 26-Sep-86 15:19 -- bad checksum BOMJAW
(SYS         :  32) 1022R.SHR     33 26-Sep-86 15:19 -- bad checksum BOMJAW
(SYS         :  33) 1022R.SHR     33 09-Jun-89 08:49 -- bad license    200 
(SYS         :  25) 1022SA.SAV    35 30-Jul-84 11:53 -- bad license    200 
(SYS         :  32) 1022SA.SAV    30 16-Oct-79 13:53 -- bad checksum MIZVOF
(SYS         :  33) 1022SA.SAV    35 30-Jul-84 11:41 -- bad license    200 
(SYS         :  14) 1022SA.SAV                       -- missing on slave   
(SYS         :  14) 1022T.SHR     50 26-Sep-86 15:19 -- bad checksum COLNOL
(SYS         :  32) 1022T.SHR     50 26-Sep-86 15:19 -- bad checksum COLNOL
(SYS         :  33) 1022T.SHR     50 09-Jun-89 08:50 -- bad license    200 
