!gfd spsub

!pcom (jms)tar.ctl fta2:/log
!set tty lc

!run (xexec)minit

!tar cvfxxxxx fta2: *.BND *.NI# *.N0# *.N1# *.TMP *.*
excludefile: *.BND
excludefile: *.NI#
excludefile: *.N0#
excludefile: *.N1#
excludefile: *.TMP
 tarfile: fta2:
file: *.*
c ./spsub/afdaux.sav, 10046 (23476), 640, 77656, 47256, 3454757710
c ./spsub/spiscs.t01, 369 (561), 640, 77656, 47256, 3767233600
c ./spsub/sp3006.t01, 1636 (3144), 640, 77656, 47256, 4021175240
c ./spsub/sp3015.mer, 45 (55), 640, 77656, 47256, 4023742560
c ./spsub/sp3060.mer, 45 (55), 640, 77656, 47256, 4043457610
c ./spsub/sp3006.mer, 56 (70), 640, 77656, 47256, 4034103634
c ./spsub/sp3015.ass, 70 (106), 640, 77656, 47256, 4641624564
c ./spsub/sp3006.ass, 192 (300), 640, 77656, 47256, 4130261754
c ./spsub/sp3060.ass, 151 (227), 640, 77656, 47256, 4130216064
c ./spsub/spayle.top, 1368 (2530), 640, 77656, 47256, 4125515014
c ./spsub/hourly.ass, 135 (207), 640, 77656, 47256, 4154775440
c ./spsub/exampl.c00, 265 (411), 640, 77656, 47256, 4226664450
c ./spsub/exampl.cmd, 232 (350), 640, 77656, 47256, 4226671570
c ./spsub/sp3150.mer, 44 (54), 640, 77656, 47256, 4245013424
c ./spsub/sp3150.ass, 158 (236), 640, 77656, 47256, 4245013520
c ./spsub/sp3150.cmd, 244 (364), 640, 77656, 47256, 5161351514
c ./spsub/sp3015.c01, 261 (405), 640, 77656, 47256, 4254311724
c ./spsub/sp3015.t01, 1649 (3161), 640, 77656, 47256, 4254312210
c ./spsub/sp3024.mer, 44 (54), 640, 77656, 47256, 4272707314
c ./spsub/sp3024.ass, 158 (236), 640, 77656, 47256, 4272707410
c ./spsub/sp3024.t01, 625 (1161), 640, 77656, 47256, 5141512160
c ./spsub/sp3067.mer, 44 (54), 640, 77656, 47256, 4276077564
c ./spsub/sp3067.ass, 158 (236), 640, 77656, 47256, 4276077660
c ./spsub/sp3024.c01, 266 (412), 640, 77656, 47256, 4751535530
c ./spsub/sp3060.t01, 625 (1161), 640, 77656, 47256, 5141513214
c ./spsub/sp3006.cmd, 315 (473), 640, 77656, 47256, 4625206740
c ./spsub/sp3067.c00, 301 (455), 640, 77656, 47256, 4401255744
c ./spsub/sp3067.cmd, 244 (364), 640, 77656, 47256, 5162410450
c ./spsub/sp3067.c01, 266 (412), 640, 77656, 47256, 4401256230
c ./spsub/sp3024.cmd, 244 (364), 640, 77656, 47256, 5161347044
c ./spsub/sp3067.t01, 621 (1155), 640, 77656, 47256, 4617313044
c ./spsub/sp3076.c00, 301 (455), 640, 77656, 47256, 4403230200
c ./spsub/sp3076.mer, 44 (54), 640, 77656, 47256, 4403230200
c ./spsub/sp3076.ass, 158 (236), 640, 77656, 47256, 4403230274
c ./spsub/sp3076.cmd, 244 (364), 640, 77656, 47256, 5162411030
c ./spsub/sp3076.c01, 266 (412), 640, 77656, 47256, 4403230370
c ./spsub/sp3076.t01, 625 (1161), 640, 77656, 47256, 5141514060
c ./spsub/feb.rel, 1430 (2626), 644, 77656, 47256, 4403466160
c ./spsub/sp3006.c00, 293 (445), 640, 77656, 47256, 4414017520
c ./spsub/sp3024.c00, 301 (455), 640, 77656, 47256, 4751535150
c ./spsub/sp3015.c00, 293 (445), 640, 77656, 47256, 4414020004
c ./spsub/sp3006.rel, 367 (557), 640, 77656, 47256, 4414020004
c ./spsub/wt3140.rel, 3580 (6774), 640, 77656, 47256, 4414270224
c ./spsub/sp3060.cmd, 244 (364), 640, 77656, 47256, 5162410164
c ./spsub/sp3060.c01, 266 (412), 640, 77656, 47256, 4414641660
c ./spsub/g33122.cmd, 296 (450), 640, 77656, 47256, 4420331520
c ./spsub/gn3033.cmd, 420 (644), 640, 77656, 47256, 4751517014
c ./spsub/g23033.cmd, 605 (1135), 640, 77656, 47256, 4751517110
c ./spsub/sp3033.c00, 301 (455), 640, 77656, 47256, 4751517204
c ./spsub/sp3033.mer, 44 (54), 640, 77656, 47256, 4420365714
c ./spsub/sp3033.ass, 158 (236), 640, 77656, 47256, 4420365714
c ./spsub/sp3033.cmd, 244 (364), 640, 77656, 47256, 5161347330
c ./spsub/sp3033.c01, 266 (412), 640, 77656, 47256, 4751517564
c ./spsub/sp3033.t01, 625 (1161), 640, 77656, 47256, 5141512350
c ./spsub/g33032.cmd, 341 (525), 640, 77656, 47256, 4422574514
c ./spsub/sp3006.t02, 545 (1041), 640, 77656, 47256, 4425024214
c ./spsub/sp3150.c01, 248 (370), 640, 77656, 47256, 4706047030
c ./spsub/sp3150.c00, 293 (445), 640, 77656, 47256, 4443772754
c ./spsub/sp3006.c02, 247 (367), 640, 77656, 47256, 4453257204
c ./spsub/sp3067.dd1, 5337 (12331), 640, 77656, 47256, 4457117274
c ./spsub/access.lis, 10 (12), 644, 77656, 47256, 5162353600
c ./spsub/sp3024.bak, 1562 (3032), 640, 77656, 47256, 5065401624
c ./spsub/g33041.cmd, 249 (371), 640, 77656, 47256, 4751525550
c ./spsub/sp3015.cmd, 315 (473), 640, 77656, 47256, 4641624564
c ./spsub/sp3060.tym, 1678 (3216), 640, 77656, 47256, 5012542730
c ./spsub/sp3150.t01, 625 (1161), 640, 77656, 47256, 5141516054
c ./spsub/sp3150.dd1, 5322 (12312), 640, 77656, 47256, 4517336244
c ./spsub/bilbo.rel, 859 (1533), 640, 77656, 47256, 4413646044
c ./spsub/te3072.rel, 1904 (3560), 640, 77656, 47256, 4551233244
c ./spsub/bk3160.t01, 1969 (3661), 640, 77656, 47256, 4552747330
c ./spsub/access.ont, 22 (26), 640, 77656, 47256, 4553065074
c ./spsub/bilbo.mer, 78 (116), 640, 77656, 47256, 4560043210
c ./spsub/afdr31.214, 243 (363), 640, 77656, 47256, 4566371530
c ./spsub/afdr31.215, 135 (207), 640, 77656, 47256, 4566642140
c ./spsub/afdr31.216, 405 (625), 640, 77656, 47256, 4567112644
c ./spsub/afdr31.217, 243 (363), 640, 77656, 47256, 4567363730
c ./spsub/afdr31.218, 54 (66), 640, 77656, 47256, 4567634244
c ./spsub/afdr31.219, 27 (33), 640, 77656, 47256, 4570104750
c ./spsub/afdr31.220, 297 (451), 640, 77656, 47256, 4570355644
c ./spsub/afdr31.221, 243 (363), 640, 77656, 47256, 4570626540
c ./spsub/afdr31.222, 486 (746), 640, 77656, 47256, 4571077434
c ./spsub/afdr31.223, 297 (451), 640, 77656, 47256, 4571350140
c ./spsub/sp3123.c00, 301 (455), 640, 77656, 47256, 4403772500
c ./spsub/sp3123.mer, 44 (54), 640, 77656, 47256, 4403772574
c ./spsub/sp3123.ass, 158 (236), 640, 77656, 47256, 4403772574
c ./spsub/sp3123.cmd, 244 (364), 640, 77656, 47256, 5162411220
c ./spsub/sp3123.c01, 266 (412), 640, 77656, 47256, 4403772764
c ./spsub/sp3123.t01, 625 (1161), 640, 77656, 47256, 5141514440
c ./spsub/sp3123.bak, 1682 (3222), 640, 77656, 47256, 5106226714
c ./spsub/sp3141.bak, 1593 (3071), 640, 77656, 47256, 5106244660
c ./spsub/sp3141.mer, 43 (53), 640, 77656, 47256, 5106261020
c ./spsub/sp3166.bak, 330 (512), 640, 77656, 47256, 5217325204
c ./spsub/sp3006.bak, 1389 (2555), 640, 77656, 47256, 5145723040
c ./spsub/sp3006.tym, 1465 (2671), 640, 77656, 47256, 5145723420
c ./spsub/sp3015.tym, 1387 (2553), 640, 77656, 47256, 5150717700
c ./spsub/bk3043.tym, 1403 (2573), 640, 77656, 47256, 5153717570
c ./spsub/bk3043.t01, 1633 (3141), 640, 77656, 47256, 5153717570
c ./spsub/sp3105.bak, 330 (512), 640, 77656, 47256, 5212713310
c ./spsub/sp3076.doc, 18971 (45033), 640, 77656, 47256, 5171262214
c ./spsub/sp3150.bak, 1303 (2427), 640, 77656, 47256, 5172520360
c ./spsub/sp3175.t02, 1602 (3102), 640, 77656, 47256, 5206731750
c ./spsub/sp3150.tym, 1303 (2427), 640, 77656, 47256, 5207173720
c ./spsub/afdmas.spc, 3 (3), 640, 77656, 47256, 3502030574
c ./spsub/afdncp.spc, 44 (54), 640, 77656, 47256, 3456500630
c ./spsub/sp3016.mer, 44 (54), 640, 77656, 47256, 4747332530
c ./spsub/sp3016.ass, 70 (106), 640, 77656, 47256, 4747332720
c ./spsub/sptown.all, 33582 (101456), 640, 77656, 47256, 4141604650
c ./spsub/sptown.cmd, 807 (1447), 640, 77656, 47256, 4066514724
c ./spsub/sptown.fix, 1518 (2756), 640, 77656, 47256, 4066514724
c ./spsub/sptown.tfc, 5056 (11700), 640, 77656, 47256, 4141412464
c ./spsub/sptown.top, 2520 (4730), 640, 77656, 47256, 4141604650
c ./spsub/allnod.rel, 809 (1451), 640, 77656, 47256, 4314260264
c ./spsub/sptown.crd, 3726 (7216), 640, 77656, 47256, 4177107750
c ./spsub/sp3025.mer, 44 (54), 640, 77656, 47256, 4741636044
c ./spsub/sp3025.ass, 158 (236), 640, 77656, 47256, 4741636044
c ./spsub/sp3061.mer, 44 (54), 640, 77656, 47256, 4303054074
c ./spsub/sp3061.ass, 158 (236), 640, 77656, 47256, 4303054074
c ./spsub/sp3016.cmd, 315 (473), 640, 77656, 47256, 4747333300
c ./spsub/sp3070.mer, 44 (54), 640, 77656, 47256, 4313477724
c ./spsub/sp3070.ass, 158 (236), 640, 77656, 47256, 4313500020
c ./spsub/sp3070.cmd, 244 (364), 640, 77656, 47256, 5162410450
c ./spsub/sp3070.c01, 248 (370), 640, 77656, 47256, 4313500114
c ./spsub/sp3007.cmd, 315 (473), 640, 77656, 47256, 4625207510
c ./spsub/sp3007.c01, 261 (405), 640, 77656, 47256, 4351515024
c ./spsub/sp3007.ass, 158 (236), 640, 77656, 47256, 4351515500
c ./spsub/sp3007.mer, 45 (55), 640, 77656, 47256, 4351515500
c ./spsub/sp3007.t01, 2167 (4167), 640, 77656, 47256, 4351515500
c ./spsub/sp3070.t01, 625 (1161), 640, 77656, 47256, 5141513500
c ./spsub/sp3077.c00, 301 (455), 640, 77656, 47256, 4403026774
c ./spsub/sp3077.mer, 44 (54), 640, 77656, 47256, 4403027070
c ./spsub/sp3077.ass, 158 (236), 640, 77656, 47256, 4403027070
c ./spsub/sp3077.cmd, 244 (364), 640, 77656, 47256, 5162411030
c ./spsub/sp3077.c01, 266 (412), 640, 77656, 47256, 4403027260
c ./spsub/sp3077.t01, 625 (1161), 640, 77656, 47256, 5141514154
c ./spsub/sp3025.cmd, 244 (364), 640, 77656, 47256, 5161346200
c ./spsub/sp3016.c00, 293 (445), 640, 77656, 47256, 4414025410
c ./spsub/sp3025.c00, 293 (445), 640, 77656, 47256, 5025114124
c ./spsub/sp3007.c00, 293 (445), 640, 77656, 47256, 4414025504
c ./spsub/node.rel, 368 (560), 600, 77656, 47256, 4413645274
c ./spsub/g33033.cmd, 249 (371), 640, 77656, 47256, 4751517660
c ./spsub/gn3034.cmd, 448 (700), 640, 77656, 47256, 4440447544
c ./spsub/g23034.cmd, 604 (1134), 640, 77656, 47256, 4440447544
c ./spsub/sp3034.c00, 301 (455), 640, 77656, 47256, 4436537110
c ./spsub/sp3034.mer, 44 (54), 640, 77656, 47256, 4436537204
c ./spsub/sp3034.ass, 158 (236), 640, 77656, 47256, 4436537300
c ./spsub/sp3034.bak, 625 (1161), 640, 77656, 47256, 5163572460
c ./spsub/sp3070.c00, 293 (445), 640, 77656, 47256, 4443772660
c ./spsub/sp3151.cmd, 244 (364), 640, 77656, 47256, 5161351324
c ./spsub/sp3151.ass, 159 (237), 640, 77656, 47256, 4747330630
c ./spsub/sp3016.bak, 1031 (2007), 640, 77656, 47256, 5041530620
c ./spsub/sp3007.bak, 1218 (2302), 640, 77656, 47256, 4627510124
c ./spsub/sp3025.bak, 1423 (2617), 640, 77656, 47256, 5025114504
c ./spsub/sp3077.bak, 1530 (2772), 640, 77656, 47256, 4707533100
c ./spsub/sp3000.cmd, 316 (474), 640, 77656, 47256, 4660775014
c ./spsub/sp3000.ass, 40 (50), 640, 77656, 47256, 4660776524
c ./spsub/sp3061.c00, 301 (455), 640, 77656, 47256, 4515154144
c ./spsub/sp3061.cmd, 244 (364), 640, 77656, 47256, 5161354070
c ./spsub/sp3061.t01, 625 (1161), 640, 77656, 47256, 5141513310
c ./spsub/sp3160.cmd, 245 (365), 640, 77656, 47256, 5161353774
c ./spsub/te3021.rel, 1874 (3522), 640, 77656, 47256, 4530375330
c ./spsub/sp3061.tym, 1651 (3163), 640, 77656, 47256, 4724744464
c ./spsub/sp3160.c04, 221 (335), 640, 77656, 47256, 4543736064
c ./spsub/slot.cmd, 110 (156), 640, 77656, 47256, 4550622364
c ./spsub/sp3160.c01, 242 (362), 640, 77656, 47256, 4647037340
c ./spsub/gn3160.cmd, 344 (530), 640, 77656, 47256, 4552747330
c ./spsub/afdl31.214, 15967 (37137), 640, 77656, 47256, 4566371054
c ./spsub/afde31.214, 105 (151), 640, 77656, 47256, 4566371434
c ./spsub/afdl31.215, 16111 (37357), 640, 77656, 47256, 4566641560
c ./spsub/afde31.215, 105 (151), 640, 77656, 47256, 4566642140
c ./spsub/afdl31.216, 16057 (37271), 640, 77656, 47256, 4567112360
c ./spsub/afde31.216, 105 (151), 640, 77656, 47256, 4567112644
c ./spsub/sp3160.t02, 2235 (4273), 640, 77656, 47256, 5035310720
c ./spsub/afdl31.217, 16126 (37376), 640, 77656, 47256, 4567363254
c ./spsub/afde31.217, 105 (151), 640, 77656, 47256, 4567363634
c ./spsub/afdl31.218, 16111 (37357), 640, 77656, 47256, 4567633664
c ./spsub/afde31.218, 105 (151), 640, 77656, 47256, 4567634150
c ./spsub/afdl31.219, 16093 (37335), 640, 77656, 47256, 4570104464
c ./spsub/afde31.219, 105 (151), 640, 77656, 47256, 4570104750
c ./spsub/afdl31.220, 16116 (37364), 640, 77656, 47256, 4570355360
c ./spsub/afde31.220, 105 (151), 640, 77656, 47256, 4570355644
c ./spsub/sp3160.ass, 192 (300), 640, 77656, 47256, 4746070660
c ./spsub/sp3160.tym, 1517 (2755), 640, 77656, 47256, 4746070564
c ./spsub/afdl31.221, 16579 (40303), 640, 77656, 47256, 4570626160
c ./spsub/afde31.221, 105 (151), 640, 77656, 47256, 4570626444
c ./spsub/afdl31.222, 16435 (40063), 640, 77656, 47256, 4571076760
c ./spsub/afde31.222, 105 (151), 640, 77656, 47256, 4571077434
c ./spsub/rel.cmd, 280 (430), 640, 77656, 47256, 4631741620
c ./spsub/afdl31.223, 16559 (40257), 640, 77656, 47256, 4571347560
c ./spsub/afde31.223, 105 (151), 640, 77656, 47256, 4571350140
c ./spsub/sp3167.bak, 330 (512), 640, 77656, 47256, 5217325300
c ./spsub/sp3007.tym, 1477 (2705), 640, 77656, 47256, 5145762360
c ./spsub/sp3016.tym, 1416 (2610), 640, 77656, 47256, 5150720640
c ./spsub/sp3043.tym, 1422 (2616), 640, 77656, 47256, 5153717664
c ./spsub/sp3043.cmd, 244 (364), 640, 77656, 47256, 5161345334
c ./spsub/sp3043.c00, 293 (445), 640, 77656, 47256, 5153717664
c ./spsub/sp3043.bak, 614 (1146), 640, 77656, 47256, 5153717760
c ./spsub/sp3043.c01, 266 (412), 640, 77656, 47256, 5153717760
c ./spsub/sp3043.t01, 625 (1161), 640, 77656, 47256, 5153720720
c ./spsub/sp3000.tym, 1673 (3211), 640, 77656, 47256, 5160347050
c ./spsub/sp3034.tym, 1538 (3002), 640, 77656, 47256, 5161376500
c ./spsub/sp3034.cmd, 244 (364), 640, 77656, 47256, 5162404174
c ./spsub/sp3034.c01, 266 (412), 640, 77656, 47256, 5163572460
c ./spsub/sp3034.t01, 625 (1161), 640, 77656, 47256, 5163572460
c ./spsub/sp3176.c01, 330 (512), 640, 77656, 47256, 5206407274
c ./spsub/afdage.spc, 84 (124), 640, 77656, 47256, 3456500724
c ./spsub/afdgt2.sav, 10674 (24662), 640, 77656, 47256, 3454757614
c ./spsub/sp3010.mer, 45 (55), 640, 77656, 47256, 4023746454
c ./spsub/sp3010.ass, 70 (106), 640, 77656, 47256, 4615071044
c ./spsub/aug.rel, 1020 (1774), 644, 77656, 47256, 4130721424
c ./spsub/spsub.crd, 1794 (3402), 640, 77656, 47256, 4125515014
c ./spsub/spsub.tfc, 64 (100), 640, 77656, 47256, 4125515110
c ./spsub/spsub.top, 1368 (2530), 640, 77656, 47256, 4125515014
c ./spsub/zz3140.all, 0 (0), 640, 77656, 47256, 4177701704
c ./spsub/sp3071.mer, 44 (54), 640, 77656, 47256, 4266620740
c ./spsub/sp3071.ass, 158 (236), 640, 77656, 47256, 4266620740
c ./spsub/sp3017.mer, 44 (54), 640, 77656, 47256, 4272672500
c ./spsub/sp3017.ass, 158 (236), 640, 77656, 47256, 4272672574
c ./spsub/sp3017.t01, 1651 (3163), 640, 77656, 47256, 4272673060
c ./spsub/sp3062.mer, 44 (54), 640, 77656, 47256, 4314206314
c ./spsub/sp3062.ass, 158 (236), 640, 77656, 47256, 4314206410
c ./spsub/sp3170.mer, 55 (67), 640, 77656, 47256, 4725250044
c ./spsub/sp3170.ass, 192 (300), 640, 77656, 47256, 4725245754
c ./spsub/sp3170.cmd, 244 (364), 640, 77656, 47256, 5162411504
c ./spsub/sp3170.c01, 266 (412), 640, 77656, 47256, 4325063270
c ./spsub/sp3170.t01, 625 (1161), 640, 77656, 47256, 5141516530
c ./spsub/sp3010.bak, 315 (473), 640, 77656, 47256, 4615071234
c ./spsub/sp3017.cmd, 244 (364), 640, 77656, 47256, 5162407700
c ./spsub/sp3017.c01, 261 (405), 640, 77656, 47256, 4363356120
c ./spsub/sp3026.mer, 44 (54), 640, 77656, 47256, 4401265060
c ./spsub/sp3026.ass, 158 (236), 640, 77656, 47256, 4401265060
c ./spsub/sp3026.cmd, 244 (364), 640, 77656, 47256, 5162407774
c ./spsub/sp3026.bak, 266 (412), 640, 77656, 47256, 5107753244
c ./spsub/sp3071.t01, 625 (1161), 640, 77656, 47256, 5141513574
c ./spsub/sp3062.c00, 301 (455), 640, 77656, 47256, 4403455524
c ./spsub/sp3062.cmd, 244 (364), 640, 77656, 47256, 5162410164
c ./spsub/softid.sp, 2132 (4124), 640, 77656, 47256, 4403467120
c ./spsub/sp3071.c01, 266 (412), 640, 77656, 47256, 4403772404
c ./spsub/sp3071.cmd, 244 (364), 640, 77656, 47256, 5162410544
c ./spsub/sp3010.c00, 293 (445), 640, 77656, 47256, 4414033660
c ./spsub/sp3017.c00, 293 (445), 640, 77656, 47256, 4413645104
c ./spsub/sp3026.c00, 293 (445), 640, 77656, 47256, 4413645104
c ./spsub/sp3010.rel, 367 (557), 640, 77656, 47256, 4414034240
c ./spsub/sp3017.rel, 367 (557), 640, 77656, 47256, 4414034240
c ./spsub/sp3026.rel, 367 (557), 640, 77656, 47256, 4414034240
c ./spsub/g33034.cmd, 469 (725), 640, 77656, 47256, 4440452120
c ./spsub/april.rel, 2679 (5167), 644, 77656, 47256, 4441017374
c ./spsub/sp3170.c00, 293 (445), 640, 77656, 47256, 4443772754
c ./spsub/gn3035.cmd, 476 (734), 640, 77656, 47256, 4445142524
c ./spsub/g23035.cmd, 604 (1134), 640, 77656, 47256, 4445155440
c ./spsub/sp3035.c00, 301 (455), 640, 77656, 47256, 4443340520
c ./spsub/sp3062.c01, 266 (412), 640, 77656, 47256, 4471040704
c ./spsub/sp3062.t01, 625 (1161), 640, 77656, 47256, 5141513310
c ./spsub/sp3017.tym, 1403 (2573), 640, 77656, 47256, 4475254044
c ./spsub/sept.rel, 2717 (5235), 644, 77656, 47256, 4512073264
c ./spsub/sp3001.cmd, 316 (474), 640, 77656, 47256, 4661000614
c ./spsub/sp3010.c01, 243 (363), 640, 77656, 47256, 4530127560
c ./spsub/sp3010.t01, 1649 (3161), 640, 77656, 47256, 4530127560
c ./spsub/sp3071.c00, 302 (456), 640, 77656, 47256, 4527754470
c ./spsub/sp3001.ass, 70 (106), 640, 77656, 47256, 4527754564
c ./spsub/gn3010.cmd, 344 (530), 640, 77656, 47256, 4530130140
c ./spsub/sp3071.bak, 1593 (3071), 640, 77656, 47256, 4724747134
c ./spsub/te3013.rel, 1874 (3522), 640, 77656, 47256, 4530375710
c ./spsub/te3103.rel, 1872 (3520), 640, 77656, 47256, 4530375710
c ./spsub/te3065.rel, 1912 (3570), 640, 77656, 47256, 4535611234
c ./spsub/te3121.rel, 1870 (3516), 640, 77656, 47256, 4542033224
c ./spsub/te3004.rel, 1888 (3540), 640, 77656, 47256, 4551233340
c ./spsub/g33160.cmd, 426 (652), 640, 77656, 47256, 4552747330
c ./spsub/029pea.001, 2021 (3745), 640, 77656, 47256, 4552747330
c ./spsub/056pea.001, 9898 (23252), 640, 77656, 47256, 4564660210
c ./spsub/sp3161.c01, 243 (363), 640, 77656, 47256, 5012264240
c ./spsub/sp3161.c03, 324 (504), 640, 77656, 47256, 4741627214
c ./spsub/clean.up, 61 (75), 640, 77656, 47256, 4714205540
c ./spsub/wt3000.rel, 3517 (6675), 640, 77656, 47256, 4414042320
c ./spsub/sp3161.t02, 1248 (2340), 640, 77656, 47256, 4741630344
c ./spsub/sp3161.c02, 273 (421), 640, 77656, 47256, 4741630534
c ./spsub/sp3161.bak, 1559 (3027), 640, 77656, 47256, 5043521020
c ./spsub/wt3007.rel, 3418 (6532), 640, 77656, 47256, 4414101164
c ./spsub/wt3016.rel, 3463 (6607), 640, 77656, 47256, 4414270320
c ./spsub/sp3026.tym, 1422 (2616), 640, 77656, 47256, 5106235734
c ./spsub/sp3026.t01, 614 (1146), 640, 77656, 47256, 5107744510
c ./spsub/sp3026.doc, 18896 (44720), 640, 77656, 47256, 5107754374
c ./spsu026.c01, 266 (412), 640, 77656, 47256, 5107753434
c ./spsub/puppy2.dc2, 112085 (332725), 640, 77656, 47256, 5141537144
c ./spsub/puppy2.bak, 528 (1020), 640, 77656, 47256, 5141742440
c ./spsub/puppy2.cmd, 240 (360), 640, 77656, 47256, 5141753454
c ./spsub/puppy2.doc, 48519 (136607), 640, 77656, 47256, 5141754414
c ./spsub/sp3161.tym, 1446 (2646), 640, 77656, 47256, 5142033314
c ./spsub/sp3010.tym, 1449 (2651), 640, 77656, 47256, 5145765030
c ./spsub/sp3010.cmd, 315 (473), 640, 77656, 47256, 5145765124
c ./spsub/sp3161.t01, 1558 (3026), 640, 77656, 47256, 5151216424
c ./spsub/tp2.bak, 2294 (4366), 640, 77656, 47256, 5161344110
c ./spsub/sp3071.tym, 1579 (3053), 640, 77656, 47256, 5161357574
c ./spsub/sp3035.c01, 266 (412), 640, 77656, 47256, 5162107540
c ./spsub/sp3035.t01, 1101 (2115), 640, 77656, 47256, 5214114774
c ./spsub/sp3001.bak, 1570 (3042), 640, 77656, 47256, 5163342654
c ./spsub/sp3001.tym, 1543 (3007), 640, 77656, 47256, 5163575130
c ./spsub/sp3116.tym, 1468 (2674), 640, 77656, 47256, 5166563140
c ./spsub/640.bak, 188 (274), 640, 77656, 47256, 5171034764
c ./spsub/640.cmd, 188 (274), 640, 77656, 47256, 5171040470
c ./spsub/sp3125.doc, 18878 (44676), 640, 77656, 47256, 5171270464
c ./spsub/sp3134.ass, 158 (236), 640, 77656, 47256, 5172516460
c ./spsub/sp3107.c01, 330 (512), 640, 77656, 47256, 5212714154
c ./spsub/sp3177.c01, 330 (512), 640, 77656, 47256, 5206407750
c ./spsub/wt3025.rel, 3231 (6237), 640, 77656, 47256, 4414270224
c ./spsub/sp3035.tym, 1454 (2656), 640, 77656, 47256, 5220563540
c ./spsub/sp3035.cmd, 243 (363), 640, 77656, 47256, 5220567624
c ./spsub/c.sav, 357 (545), 640, 77656, 47256, 3765576604
c ./spsub/sp3002.mer, 45 (55), 640, 77656, 47256, 4014237540
c ./spsub/sp3011.mer, 45 (55), 640, 77656, 47256, 4023747774
c ./spsub/sp3110.ass, 158 (236), 640, 77656, 47256, 4710073520
c ./spsub/sp3011.ass, 70 (106), 640, 77656, 47256, 4641070534
c ./spsub/sp3002.ass, 70 (106), 640, 77656, 47256, 4576226264
c ./spsub/sp3110.cmd, 248 (370), 640, 77656, 47256, 5161350460
c ./spsub/sp3171.mer, 44 (54), 640, 77656, 47256, 4237565260
c ./spsub/sp3171.ass, 158 (236), 640, 77656, 47256, 4237565354
c ./spsub/sp3020.mer, 44 (54), 640, 77656, 47256, 4741636044
c ./spsub/sp3020.ass, 40 (50), 640, 77656, 47256, 5034363064
c ./spsub/sp3020.t01, 1651 (3163), 640, 77656, 47256, 4741636044
c ./spsub/sp3063.mer, 44 (54), 640, 77656, 47256, 4276547500
c ./spsub/sp3063.ass, 158 (236), 640, 77656, 47256, 4276547574
c ./spsub/sp3002.cmd, 315 (473), 640, 77656, 47256, 4576226360
c ./spsub/sp3020.c01, 261 (405), 640, 77656, 47256, 4741635750
c ./spsub/sp3020.cmd, 315 (473), 640, 77656, 47256, 5034362770
c ./spsub/sp3171.cmd, 244 (364), 640, 77656, 47256, 5162411504
c ./spsub/sp3171.c01, 266 (412), 640, 77656, 47256, 4367354200
c ./spsub/sp3171.t01, 625 (1161), 640, 77656, 47256, 5141516624
c ./spsub/sp3171.c00, 301 (455), 640, 77656, 47256, 4367641234
c ./spsub/sp3063.c00, 301 (455), 640, 77656, 47256, 4403457234
c ./spsub/sp3063.cmd, 244 (364), 640, 77656, 47256, 5162410260
c ./spsub/sp3063.c01, 266 (412), 640, 77656, 47256, 4403457614
c ./spsub/sp3063.t01, 625 (1161), 640, 77656, 47256, 5141513404
c ./spsub/alnod2.rel, 299 (453), 640, 77656, 47256, 4403465770
c ./spsub/sp3027.mer, 44 (54), 640, 77656, 47256, 4741635464
c ./spsub/sp3027.ass, 158 (236), 640, 77656, 47256, 4741635464
c ./spsub/sp3027.cmd, 244 (364), 640, 77656, 47256, 5161346104
c ./spsub/sp3027.c01, 266 (412), 640, 77656, 47256, 5025116214
c ./spsub/sp3027.t01, 625 (1161), 640, 77656, 47256, 5141512254
c ./spsub/sp3011.c00, 293 (445), 640, 77656, 47256, 4414042320
c ./spsub/sp3020.c00, 293 (445), 640, 77656, 47256, 4741635464
c ./spsub/sp3002.c00, 293 (445), 640, 77656, 47256, 4414042604
c ./spsub/sp3027.c00, 293 (445), 640, 77656, 47256, 5025115444
c ./spsub/wtnode.rel, 367 (557), 640, 77656, 47256, 4414042774
c ./spsub/sp3002.rel, 367 (557), 640, 77656, 47256, 4414042774
c ./spsub/sp3011.rel, 367 (557), 640, 77656, 47256, 4414042774
c ./spsub/sp3020.rel, 367 (557), 640, 77656, 47256, 4414042774
c ./spsub/sp3027.rel, 150 (226), 640, 77656, 47256, 4414042774
c ./spsub/wt3001.rel, 3515 (6673), 640, 77656, 47256, 4414052660
c ./spsub/wt3010.rel, 3337 (6411), 640, 77656, 47256, 4414101260
c ./spsub/wt3026.rel, 13774 (32716), 640, 77656, 47256, 4414270774
c ./spsub/wt3017.rel, 3266 (6302), 640, 77656, 47256, 4414270774
c ./spsub/g35105.cmd, 296 (450), 640, 77656, 47256, 4415012300
c ./spsub/march.rel, 6452 (14464), 644, 77656, 47256, 4416124620
c ./spsub/xray.acc, 8744 (21050), 640, 77656, 47256, 4422663470
c ./spsub/g33035.cmd, 339 (523), 640, 77656, 47256, 4445143010
c ./spsub/gn3036.cmd, 476 (734), 640, 77656, 47256, 4445143010
c ./spsub/g23036.cmd, 604 (1134), 640, 77656, 47256, 4445143010
c ./spsub/sp3036.c00, 301 (455), 640, 77656, 47256, 4443341100
c ./spsub/sp3036.mer, 44 (54), 640, 77656, 47256, 4443341174
c ./spsub/sp3036.ass, 158 (236), 640, 77656, 47256, 4443341270
c ./spsub/sp3036.cmd, 244 (364), 640, 77656, 47256, 5162410070
c ./spsub/july.rel, 1919 (3577), 644, 77656, 47256, 4465526414
c ./spsub/sp3002.tym, 1951 (3637), 640, 77656, 47256, 5041523574
c ./spsub/sp3020.bak, 1507 (2743), 640, 77656, 47256, 5034561334
c ./spsub/sp3110.tym, 1447 (2647), 640, 77656, 47256, 5030655164
c ./spsub/sp3027.bak, 1421 (2615), 640, 77656, 47256, 5025115730
c ./spsub/sp3002.c01, 243 (363), 640, 77656, 47256, 4530135544
c ./spsub/sp3011.c01, 243 (363), 640, 77656, 47256, 4530135544
c ./spsub/sp3002.t01, 1651 (3163), 640, 77656, 47256, 4530135544
c ./spsub/sp3011.t01, 1633 (3141), 640, 77656, 47256, 4530135544
c ./spsub/te3066.rel, 1880 (3530), 640, 77656, 47256, 4531117500
c ./spsub/sp3011.cmd, 315 (473), 640, 77656, 47256, 4641070724
c ./spsub/te3122.rel, 1872 (3520), 640, 77656, 47256, 4533624540
c ./spsub/nov.rel, 2422 (4566), 644, 77656, 47256, 4535723104
c ./spsub/te3050.rel, 1856 (3500), 640, 77656, 47256, 4537054330
c ./spsub/te3131.rel, 1870 (3516), 640, 77656, 47256, 4542303730
c ./spsub/gn3072.cmd, 420 (644), 640, 77656, 47256, 4550762540
c ./spsub/g23072.cmd, 605 (1135), 640, 77656, 47256, 4550762540
c ./spsub/sp3072.c00, 301 (455), 640, 77656, 47256, 4550621710
c ./spsub/sp3072.mer, 44 (54), 640, 77656, 47256, 4550621710
c ./spsub/sp3072.ass, 158 (236), 640, 77656, 47256, 4550622004
c ./spsub/sp3072.cmd, 244 (364), 640, 77656, 47256, 5161353604
c ./spsub/sp3072.c01, 266 (412), 640, 77656, 47256, 4550622004
c ./spsub/sp3072.t01, 621 (1155), 640, 77656, 47256, 4617313234
c ./spsub/spsoft.all, 20404 (47664), 640, 77656, 47256, 5102003764
c ./spsub/sp3036.c01, 243 (363), 640, 77656, 47256, 4443341364
c ./spsub/sp3036.t01, 1646 (3156), 640, 77656, 47256, 4443341554
c ./spsub/g33062.cmd, 296 (450), 640, 77656, 47256, 4471137640
c ./spsub/temp.mjw, 1314 (2442), 640, 77656, 47256, 4471137640
c ./spsub/sp3135.tym, 1497 (2731), 640, 77656, 47256, 5136765064
c ./spsub/sp3135.doc, 18875 (44673), 640, 77656, 47256, 5172516554
c ./spsub/sp3135.bak, 625 (1161), 640, 77656, 47256, 5162110500
c ./spsub/puppy3.bak, 3161 (6131), 640, 77656, 47256, 5141765714
c ./spsub/puppy3.cmd, 3181 (6155), 640, 77656, 47256, 5141771324
c ./spsub/puppy3.doc, 26845 (64335), 640, 77656, 47256, 5141771514
c ./spsub/sp3020.tym, 1507 (2743), 640, 77656, 47256, 5142502364
c ./spsub/sp3011.bak, 1163 (2213), 640, 77656, 47256, 5150707244
c ./spsub/sp3011.tym, 1342 (2476), 640, 77656, 47256, 5150707720
c ./spsub/sp3027.tym, 1419 (2613), 640, 77656, 47256, 5161372510
c ./spsub/sp3135.t01, 625 (1161), 640, 77656, 47256, 5162110500
c ./spsub/bk2022.bak, 1173 (2225), 640, 77656, 47256, 5171046074
c ./spsub/bk2022.t01, 1174 (2226), 640, 77656, 47256, 5171047604
c ./spsub/sp3101.doc, 18903 (44727), 640, 77656, 47256, 5171262214
c ./spsub/sp3126.tym, 1432 (2630), 640, 77656, 47256, 5171270560
c ./spsub/sp3126.ass, 158 (236), 640, 77656, 47256, 5171270560
c ./spsub/sp3126.doc, 18919 (44747), 640, 77656, 47256, 5171270654
c ./spsub/sp3144.doc, 19072 (45200), 640, 77656, 47256, 5172533654
c ./spsub/sp3117.c01, 330 (512), 640, 77656, 47256, 5212706000
c ./spsub/sp3110.c01, 330 (512), 640, 77656, 47256, 5211122414
c ./spsub/afdcln.spc, 75 (113), 640, 77656, 47256, 3456500724
c ./spsub/afdgt4.sav, 9894 (23246), 640, 77656, 47256, 3454757424
c ./spsub/sp3012.t01, 1636 (3144), 640, 77656, 47256, 4741636330
c ./spsub/sp3012.mer, 45 (55), 640, 77656, 47256, 4741636330
c ./spsub/sp3111.ass, 158 (236), 640, 77656, 47256, 4710072200
c ./spsub/sp3012.ass, 70 (106), 640, 77656, 47256, 4763155270
c ./spsub/softvn.cmd, 94 (136), 640, 77656, 47256, 4170200110
c ./spsub/sp3030.mer, 55 (67), 640, 77656, 47256, 4772650330
c ./spsub/sp3030.ass, 146 (222), 640, 77656, 47256, 4772650140
c ./spsub/sp3120.mer, 44 (54), 640, 77656, 47256, 4211301314
c ./spsub/sp3120.ass, 158 (236), 640, 77656, 47256, 4211301314
c ./spsub/sp3012.cmd, 315 (473), 640, 77656, 47256, 4763155364
c ./spsub/sp3012.c01, 254 (376), 640, 77656, 47256, 4741636140
c ./spsub/sp3120.cmd, 244 (364), 640, 77656, 47256, 5162411124
c ./spsub/sp3021.mer, 44 (54), 640, 77656, 47256, 4272700010
c ./spsub/sp3021.ass, 40 (50), 640, 77656, 47256, 5034363160
c ./spsub/sp3154.mer, 44 (54), 640, 77656, 47256, 4276101010
c ./spsub/sp3154.ass, 158 (236), 640, 77656, 47256, 4276101104
c ./spsub/rr3333.rel, 412 (634), 640, 77656, 47256, 4314164550
c ./spsub/sp3003.cmd, 315 (473), 640, 77656, 47256, 4610356220
c ./spsub/sp.rel, 1345 (2501), 640, 77656, 47256, 4362334550
c ./spsub/sp3021.cmd, 315 (473), 640, 77656, 47256, 5034367244
c ./spsub/sp3154.c01, 266 (412), 640, 77656, 47256, 4401321254
c ./spsub/sp3073.c00, 301 (455), 640, 77656, 47256, 4403227620
c ./spsub/sp3073.mer, 44 (54), 640, 77656, 47256, 4403227714
c ./spsub/sp3073.ass, 158 (236), 640, 77656, 47256, 4403230010
c ./spsub/sp3073.cmd, 244 (364), 640, 77656, 47256, 5162410640
c ./spsub/sp3073.c01, 266 (412), 640, 77656, 47256, 4403230104
c ./spsub/sp3003.c00, 293 (445), 640, 77656, 47256, 4414052660
c ./spsub/sp3021.c00, 293 (445), 640, 77656, 47256, 4413645104
c ./spsub/sp3012.c00, 293 (445), 640, 77656, 47256, 4741635464
c ./spsub/sp3003.rel, 367 (557), 640, 77656, 47256, 4414053050
c ./spsub/sp3012.rel, 367 (557), 640, 77656, 47256, 4414053050
c ./spsub/sp3021.rel, 367 (557), 640, 77656, 47256, 4414053050
c ./spsub/sp3111.cmd, 248 (370), 640, 77656, 47256, 5161350460
c ./spsub/wt3027.rel, 3316 (6364), 640, 77656, 47256, 4414273634
c ./spsub/wt3020.rel, 3379 (6463), 640, 77656, 47256, 4414273634
c ./spsub/sp3030.c00, 465 (721), 640, 77656, 47256, 4774636534
c ./spsub/sp3030.cmd, 242 (362), 640, 77656, 47256, 5161347614
c ./spsub/sp3030.c01, 179 (263), 640, 77656, 47256, 4772725140
c ./spsub/gn3030.cmd, 344 (530), 640, 77656, 47256, 4422571370
c ./spsub/g23030.cmd, 604 (1134), 640, 77656, 47256, 4422571370
c ./spsub/inform.sp, 4992 (11600), 640, 77656, 47256, 4434514700
c ./spsub/sp3120.c00, 301 (455), 640, 77656, 47256, 4443420550
c ./spsub/sp3120.c01, 266 (412), 640, 77656, 47256, 4443421224
c ./spsub/g33036.cmd, 339 (523), 640, 77656, 47256, 4445143104
c ./spsub/gn3037.cmd, 420 (644), 640, 77656, 47256, 4751521104
c ./spsub/tmcs.tym, 1537 (3001), 640, 77656, 47256, 4664745244
c ./spsub/sp3003.mer, 45 (55), 640, 77656, 47256, 4466430320
c ./spsub/sp3003.ass, 70 (106), 640, 77656, 47256, 4610356030
c ./spsub/sp3021.bak, 1507 (2743), 640, 77656, 47256, 5040541544
c ./spsub/sp3012.bak, 1199 (2257), 640, 77656, 47256, 5041525570
c ./spsub/sp3111.tym, 1446 (2646), 640, 77656, 47256, 5030655354
c ./spsub/sp3120.tym, 1555 (3023), 640, 77656, 47256, 4625215474
c ./spsub/sp3003.tym, 1903 (3557), 640, 77656, 47256, 5041525114
c ./spsub/sp3064.tym, 1451 (2653), 640, 77656, 47256, 4707533174
c ./spsub/august.rel, 1671 (3207), 640, 77656, 47256, 4477706100
c ./spsub/gn3046.cmd, 418 (642), 640, 77656, 47256, 4500066024
c ./spsub/sp3030.t01, 9607 (22607), 640, 77656, 47256, 5003331030
c ./spsub/sp3154.bak, 621 (1155), 640, 77656, 47256, 4617314270
c ./spsub/oct.rel, 2059 (4013), 644, 77656, 47256, 4523635044
c ./spsub/sp3003.t01, 1649 (3161), 640, 77656, 47256, 4530141344
c ./spsub/sp3003.c01, 243 (363), 640, 77656, 47256, 4530141344
c ./spsub/sp3021.c01, 273 (421), 640, 77656, 47256, 4776637010
c ./spsub/sp3021.t01, 3523 (6703), 640, 77656, 47256, 4776636620
c ./spsub/g33011.cmd, 286 (436), 640, 77656, 47256, 4530141440
c ./spsub/te3141.rel, 706 (1302), 640, 77656, 47256, 4550512320
c ./spsub/g33072.cmd, 296 (450), 640, 77656, 47256, 4550762634
c ./spsub/afd000.214, 288 (440), 640, 77656, 47256, 4566371530
c ./spsub/afd000.216, 881 (1561), 640, 77656, 47256, 4567112644
c ./spsub/afd000.217, 285 (435), 640, 77656, 47256, 4567363730
c ./spsub/afd000.220, 2014 (3736), 640, 77656, 47256, 4570355644
c ./spsub/afd000.222, 281 (431), 640, 77656, 47256, 4571077434
c ./spsub/sp3073.t01, 625 (1161), 640, 77656, 47256, 5141513670
c ./spsub/sp3111.rel, 367 (557), 640, 77656, 47256, 4414056004
c ./spsub/wt3002.rel, 3418 (6532), 640, 77656, 47256, 4414074234
c ./spsub/g23037.cmd, 605 (1135), 640, 77656, 47256, 4751521104
c ./spsub/sp3037.c00, 301 (455), 640, 77656, 47256, 4751521200
c ./spsub/sp3037.mer, 44 (54), 640, 77656, 47256, 4443341460
c ./spsub/sp3037.ass, 158 (236), 640, 77656, 47256, 4443341554
c ./spsub/sp3037.cmd, 244 (364), 640, 77656, 47256, 5161347234
c ./spsub/sp3037.c01, 266 (412), 640, 77656, 47256, 4751521654
c ./spsub/sp3037.t01, 625 (1161), 640, 77656, 47256, 5141512444
c ./spsub/gn3064.cmd, 434 (662), 640, 77656, 47256, 4445151260
c ./spsub/sp3154.cmd, 244 (364), 640, 77656, 47256, 5162411314
c ./spsub/g23064.cmd, 605 (1135), 640, 77656, 47256, 4445151260
c ./spsub/sp3154.t01, 629 (1165), 640, 77656, 47256, 5141516340
c ./spsub/sp3145.t01, 610 (1142), 640, 77656, 47256, 5141264540
c ./spsub/sp3145.c01, 265 (411), 640, 77656, 47256, 5141264730
c ./spsub/sp3172.t01, 672 (1240), 640, 77656, 47256, 5141266344
c ./spsub/sp3163.bak, 699 (1273), 640, 77656, 47256, 5141523650
c ./spsub/sp3163.t01, 707 (1303), 640, 77656, 47256, 5141525000
c ./spsub/puppy4.doc, 723 (1323), 640, 77656, 47256, 5141764110
c ./spsub/sp3021.tym, 1507 (2743), 640, 77656, 47256, 5142504074
c ./spsub/sp3012.tym, 1444 (2644), 640, 77656, 47256, 5150711334
c ./spsub/sp3046.bak, 1541 (3005), 640, 77656, 47256, 5161355600
c ./spsub/sp3046.tym, 1541 (3005), 640, 77656, 47256, 5161356160
c ./spsub/sp3102.tym, 1508 (2744), 640, 77656, 47256, 5161360344
c ./spsub/mbas02.lst, 656911 (2403017), 640, 77656, 47256, 5205207130
c ./spsub/sp3073.tym, 1573 (3045), 640, 77656, 47256, 5171253460
c ./spsub/mbas02.crf, 654861 (2377015), 640, 77656, 47256, 5217330234
c ./spsub/sp3111.c01, 330 (512), 640, 77656, 47256, 5211123164
c ./spsub/header.slt, 282 (432), 640, 77656, 47256, 3767233600
c ./spsub/sp3004.mer, 45 (55), 640, 77656, 47256, 4014245714
c ./spsub/sp3040.mer, 45 (55), 640, 77656, 47256, 4070166534
c ./spsub/sp3130.mer, 45 (55), 640, 77656, 47256, 4073221204
c ./spsub/sp3004.ass, 70 (106), 640, 77656, 47256, 4625201620
c ./spsub/sp3040.ass, 151 (227), 640, 77656, 47256, 4130215674
c ./spsub/sp3130.ass, 151 (227), 640, 77656, 47256, 4130216064
c ./spsub/sp3022.mer, 44 (54), 640, 77656, 47256, 4774133100
c ./spsub/sp3022.ass, 158 (236), 640, 77656, 47256, 4774132710
c ./spsub/sp3103.mer, 44 (54), 640, 77656, 47256, 5033062444
c ./spsub/sp3103.ass, 118 (166), 640, 77656, 47256, 5033062444
c ./spsub/sp3112.mer, 46 (56), 640, 77656, 47256, 4710071714
c ./spsub/sp3112.ass, 158 (236), 640, 77656, 47256, 4710071714
c ./spsub/sp3155.mer, 44 (54), 640, 77656, 47256, 4275357504
c ./spsub/sp3155.ass, 158 (236), 640, 77656, 47256, 4275357504
c ./spsub/sp3022.cmd, 244 (364), 640, 77656, 47256, 5161346464
c ./spsub/sp3022.c01, 266 (412), 640, 77656, 47256, 4774133174
c ./spsub/sp3130.t01, 625 (1161), 640, 77656, 47256, 5141514724
c ./spsub/sp3112.cmd, 248 (370), 640, 77656, 47256, 5161350554
c ./spsub/sp3013.cmd, 315 (473), 640, 77656, 47256, 4641625050
c ./spsub/sp3004.cmd, 315 (473), 640, 77656, 47256, 4625201714
c ./spsub/sp3155.cmd, 244 (364), 640, 77656, 47256, 5162411410
c ./spsub/sp3155.c01, 266 (412), 640, 77656, 47256, 4342061570
c ./spsub/sp3013.dd2, 3611 (7033), 640, 77656, 47256, 4400214624
c ./spsub/jan.rel, 2001 (3721), 644, 77656, 47256, 4377326764
c ./spsub/sp3074.c00, 301 (455), 640, 77656, 47256, 4401000500
c ./spsub/sp3074.mer, 44 (54), 640, 77656, 47256, 4401000574
c ./spsub/sp3074.ass, 158 (236), 640, 77656, 47256, 4401000574
c ./spsub/sp3074.cmd, 244 (364), 640, 77656, 47256, 5162410640
c ./spsub/sp3074.c01, 266 (412), 640, 77656, 47256, 4401000764
c ./spsub/sp3130.c01, 266 (412), 640, 77656, 47256, 4405206044
c ./spsub/sp3130.c00, 301 (455), 640, 77656, 47256, 4405205464
c ./spsub/sp3112.c00, 296 (450), 640, 77656, 47256, 4710071620
c ./spsub/gn3112.cmd, 476 (734), 640, 77656, 47256, 4412554520
c ./spsub/g23112.cmd, 454 (706), 640, 77656, 47256, 4412554520
c ./spsub/sp3013.c00, 293 (445), 640, 77656, 47256, 4414056004
c ./spsub/sp3004.c00, 293 (445), 640, 77656, 47256, 4414056004
c ./spsub/sp3022.c00, 301 (455), 640, 77656, 47256, 4774133004
c ./spsub/wt3021.rel, 3465 (6611), 640, 77656, 47256, 4414273634
c ./spsub/g33030.cmd, 294 (446), 640, 77656, 47256, 4422571370
c ./spsub/gn3031.cmd, 476 (734), 640, 77656, 47256, 4422573004
c ./spsub/g23031.cmd, 604 (1134), 640, 77656, 47256, 4422573004
c ./spsub/may.rel, 1134 (2156), 644, 77656, 47256, 4441455714
c ./spsub/sp3031.dd1, 3527 (6707), 640, 77656, 47256, 4741634620
c ./spsub/sp3103.c00, 293 (445), 640, 77656, 47256, 5025111074
c ./spsub/sp3103.dd1, 5322 (12312), 640, 77656, 47256, 4457231144
c ./spsub/sp3013.ass, 70 (106), 640, 77656, 47256, 4641625144
c ./spsub/sp3013.mer, 45 (55), 640, 77656, 47256, 4466430320
c ./spsub/sp3004.bak, 1152 (2200), 640, 77656, 47256, 4700144664
c ./spsub/sp3022.bak, 1448 (2650), 640, 77656, 47256, 4774143534
c ./spsub/sp3155.tym, 1676 (3214), 640, 77656, 47256, 4725233420
c ./spsub/sp3040.c01, 266 (412), 640, 77656, 47256, 4752250300
c ./spsub/sp3040.t01, 625 (1161), 640, 77656, 47256, 5141512444
c ./spsub/gn3040.cmd, 420 (644), 640, 77656, 47256, 4752247530
c ./spsub/sp3040.cmd, 244 (364), 640, 77656, 47256, 5161346750
c ./spsub/sp3040.c00, 301 (455), 640, 77656, 47256, 4752247720
c ./spsub/g33046.cmd, 294 (446), 640, 77656, 47256, 4500067630
c ./spsub/sp3040.tym, 1419 (2613), 640, 77656, 47256, 4761222320
c ./spsub/sp3155.t01, 625 (1161), 640, 77656, 47256, 5141516434
c ./spsub/sp3155.dd1, 5337 (12331), 640, 77656, 47256, 4517344134
c ./spsub/sp3013.c01, 261 (405), 640, 77656, 47256, 4527745544
c ./spsub/sp3004.c01, 243 (363), 640, 77656, 47256, 4530144660
c ./spsub/te3061.rel, 1900 (3554), 640, 77656, 47256, 4533354224
c ./spsub/sp3065.ass, 70 (106), 640, 77656, 47256, 4535211560
c ./spsub/sp3065.cmd, 315 (473), 640, 77656, 47256, 4535211654
c ./spsub/sp3065.tym, 940 (1654), 640, 77656, 47256, 4635136060
c ./spsub/waitin.ass, 54 (66), 640, 77656, 47256, 4627177140
c ./spsub/sp3004.t01, 2043 (3773), 640, 77656, 47256, 4551233530
c ./spsub/afd001.216, 285 (435), 640, 77656, 47256, 4567112644
c ./spsub/afd001.220, 314 (472), 640, 77656, 47256, 4570355644
c ./spsub/te3160.rel, 1868 (3514), 640, 77656, 47256, 4571100754
c ./spsub/te3000.rel, 1872 (3520), 640, 77656, 47256, 4571100754
c ./spsub/sp3074.t01, 625 (1161), 640, 77656, 47256, 5141513764
c ./spsub/sp3155.c00, 302 (456), 640, 77656, 47256, 4401001534
c ./spsub/sp3004.rel, 367 (557), 640, 77656, 47256, 4414056744
c ./spsub/sp3013.rel, 367 (557), 640, 77656, 47256, 4414056744
c ./spsub/sp3022.rel, 367 (557), 640, 77656, 47256, 4414056744
c ./spsub/sp3173.ass, 62 (76), 640, 77656, 47256, 5105470404
c ./spsub/sp3121.bak, 1502 (2736), 640, 77656, 47256, 5107003550
c ./spsub/sp3173.bak, 948 (1664), 640, 77656, 47256, 5113457720
c ./spsub/sp3173.tym, 949 (1665), 640, 77656, 47256, 5113500620
c ./spsub/sp3004.tym, 1412 (2604), 640, 77656, 47256, 5141237270
c ./spsub/puppy.bak, 2294 (4366), 640, 77656, 47256, 5141511770
c ./spsub/puppy.cmd, 2294 (4366), 640, 77656, 47256, 5141511770
c ./spsub/puppy.doc, 5884 (13374), 640, 77656, 47256, 5141512064
c ./spsub/sp3022.t01, 617 (1151), 640, 77656, 47256, 5141512160
c ./spsub/sp3121.t01, 617 (1151), 640, 77656, 47256, 5150676230
c ./spsub/sp3013.tym, 1577 (3051), 640, 77656, 47256, 5150715230
c ./spsub/sp3022.tym, 1426 (2622), 640, 77656, 47256, 5161373734
c ./spsub/sp3112.d01, 1763 (3343), 640, 77656, 47256, 5162150304
c ./spsub/tp.bak, 1397 (2565), 640, 77656, 47256, 5162407224
c ./spsub/tp.cmd, 5461 (12525), 640, 77656, 47256, 5162407700
c ./spsub/tp.doc, 10300 (24074), 640, 77656, 47256, 5162407700
c ./spsub/sp3103.bak, 242 (362), 640, 77656, 47256, 5213642200
c ./spsub/sp3074.bak, 1398 (2566), 640, 77656, 47256, 5171255644
c ./spsub/sp3074.tym, 1399 (2567), 640, 77656, 47256, 5171255644
c ./spsub/sp3130.doc, 15526 (36246), 640, 77656, 47256, 5171324014
c ./spsub/sp3130.cmd, 244 (364), 640, 77656, 47256, 5172512754
c ./spsub/sp3112.c01, 330 (512), 640, 77656, 47256, 5211124314
c ./spsub/sp3103.cmd, 355 (543), 640, 77656, 47256, 5211376530
c ./spsub/sp3103.t01, 2022 (3746), 640, 77656, 47256, 5213642104
c ./spsub/sp3103.c01, 242 (362), 640, 77656, 47256, 5213642274
c ./spsub/afdcom.sav, 230 (346), 640, 77656, 47256, 3454461354
c ./spsub/afdgt6.sav, 20447 (47737), 640, 77656, 47256, 3454757234
c ./spsub/sp3005.mer, 45 (55), 640, 77656, 47256, 4023760334
c ./spsub/sp3014.mer, 56 (70), 640, 77656, 47256, 4023761560
c ./spsub/sp3014.t02, 544 (1040), 640, 77656, 47256, 4023761560
c ./spsub/sp3005.ass, 158 (236), 640, 77656, 47256, 4130265174
c ./spsub/sp3014.ass, 70 (106), 640, 77656, 47256, 4631740300
c ./spsub/sp3005.t01, 1650 (3162), 640, 77656, 47256, 4253614350
c ./spsub/sp3140.mer, 44 (54), 640, 77656, 47256, 4265367240
c ./spsub/sp3140.ass, 158 (236), 640, 77656, 47256, 4265367334
c ./spsub/sp3023.mer, 44 (54), 640, 77656, 47256, 4272705604
c ./spsub/sp3023.ass, 158 (236), 640, 77656, 47256, 4272705700
c ./spsub/sp3023.t01, 623 (1157), 640, 77656, 47256, 5141512064
c ./spsub/sp3023.cmd, 244 (364), 640, 77656, 47256, 5162407774
c ./spsub/sp3023.c01, 248 (370), 640, 77656, 47256, 4773074240
c ./spsub/sp3014.t01, 2101 (4065), 640, 77656, 47256, 4331040450
c ./spsub/sp3014.cmd, 315 (473), 640, 77656, 47256, 4631740110
c ./spsub/sp3005.cmd, 315 (473), 640, 77656, 47256, 4625206264
c ./spsub/sp3005.c01, 261 (405), 640, 77656, 47256, 4342243774
c ./spsub/sp3014.c01, 261 (405), 640, 77656, 47256, 4342243774
c ./spsub/sp3075.c00, 301 (455), 640, 77656, 47256, 4401001060
c ./spsub/sp3075.mer, 44 (54), 640, 77656, 47256, 4401001154
c ./spsub/sp3075.ass, 158 (236), 640, 77656, 47256, 4401001250
c ./spsub/sp3075.cmd, 244 (364), 640, 77656, 47256, 5162410734
c ./spsub/sp3075.c01, 266 (412), 640, 77656, 47256, 4401001344
c ./spsub/sp3075.t01, 625 (1161), 640, 77656, 47256, 5141513764
c ./spsub/sp3014.c00, 293 (445), 640, 77656, 47256, 4414057704
c ./spsub/sp3005.c00, 293 (445), 640, 77656, 47256, 4414057704
c ./spsub/sp3023.c00, 293 (445), 640, 77656, 47256, 4413645104
c ./spsub/dirit.ini, 3 (3), 640, 77656, 47256, 4413651074
c ./spsub/sp3005.rel, 367 (557), 640, 77656, 47256, 4414060170
c ./spsub/sp3014.rel, 367 (557), 640, 77656, 47256, 4414060170
c ./spsub/sp3023.rel, 367 (557), 640, 77656, 47256, 4414060170
c ./spsub/wt3112.rel, 3327 (6377), 640, 77656, 47256, 4414273730
c ./spsub/sp3122.mer, 44 (54), 640, 77656, 47256, 4416345214
c ./spsub/sp3122.ass, 158 (236), 640, 77656, 47256, 4416345310
c ./spsub/sp3122.t01, 625 (1161), 640, 77656, 47256, 5141514344
c ./spsub/g33031.cmd, 341 (525), 640, 77656, 47256, 4422571370
c ./spsub/gn3032.cmd, 476 (734), 640, 77656, 47256, 4422571370
c ./spsub/g23032.cmd, 604 (1134), 640, 77656, 47256, 4422571464
c ./spsub/sp3032.c00, 301 (455), 640, 77656, 47256, 4420366464
c ./spsub/sp3032.mer, 44 (54), 640, 77656, 47256, 4420366560
c ./spsub/sp3032.ass, 158 (236), 640, 77656, 47256, 4420366560
c ./spsub/sp3014.dd2, 2104 (4070), 640, 77656, 47256, 4427265670
c ./spsub/sp3032.dd1, 3285 (6325), 640, 77656, 47256, 4441022140
c ./spsub/sp3014.c02, 247 (367), 640, 77656, 47256, 4453263270
c ./spsub/sp3140.cmd, 244 (364), 640, 77656, 47256, 5161354354
c ./spsub/sp3140.c01, 266 (412), 640, 77656, 47256, 4464103660
c ./spsub/sp3005.bak, 1140 (2164), 640, 77656, 47256, 4627510600
c ./spsub/sp3023.bak, 1526 (2766), 640, 77656, 47256, 5012542064
c ./spsub/sp3075.bak, 1437 (2635), 640, 77656, 47256, 4475256134
c ./spsub/g33040.cmd, 249 (371), 640, 77656, 47256, 4752250374
c ./spsub/gn3041.cmd, 420 (644), 640, 77656, 47256, 4751524704
c ./spsub/sp3050.ass, 158 (236), 640, 77656, 47256, 4510430114
c ./spsub/sp3066.cmd, 244 (364), 640, 77656, 47256, 5161353700
c ./spsub/sp3066.c01, 266 (412), 640, 77656, 47256, 4527026064
c ./spsub/sp3066.t01, 625 (1161), 640, 77656, 47256, 5141513500
c ./spsub/gn3066.cmd, 434 (662), 640, 77656, 47256, 4527132330
c ./spsub/g23066.cmd, 605 (1135), 640, 77656, 47256, 4527132330
c ./spsub/gn3122.cmd, 504 (770), 640, 77656, 47256, 4533624634
c ./spsub/g23122.cmd, 634 (1172), 640, 77656, 47256, 4533624634
c ./spsub/sp3122.bak, 1635 (3143), 640, 77656, 47256, 4645315174
c ./spsub/sp3122.c00, 301 (455), 640, 77656, 47256, 4533542420
c ./spsub/sp3122.cmd, 244 (364), 640, 77656, 47256, 5161353700
c ./spsub/sp3122.c01, 266 (412), 640, 77656, 47256, 4533542704
c ./spsub/dec.rel, 727 (1327), 644, 77656, 47256, 4550337134
c ./spsub/sp3050.tym, 1459 (2663), 640, 77656, 47256, 4625226774
c ./spsub/afdm26.214, 15760 (36620), 640, 77656, 47256, 4566371340
c ./spsub/afdc31.214, 576 (1100), 640, 77656, 47256, 4566371434
c ./spsub/te3071.rel, 1892 (3544), 640, 77656, 47256, 4566373334
c ./spsub/afdm26.215, 15706 (36532), 640, 77656, 47256, 4566642044
c ./spsub/afdc31.215, 96 (140), 640, 77656, 47256, 4566642140
c ./spsub/afdm26.216, 15742 (36576), 640, 77656, 47256, 4567112550
c ./spsub/afdc31.216, 576 (1100), 640, 77656, 47256, 4567112644
c ./spsub/afdm26.217, 15706 (36532), 640, 77656, 47256, 4567363634
c ./spsub/afdc31.217, 288 (440), 640, 77656, 47256, 4567363730
c ./spsub/afdm26.218, 15688 (36510), 640, 77656, 47256, 4567634150
c ./spsub/afdc31.218, 96 (140), 640, 77656, 47256, 4567634244
c ./spsub/afdm26.219, 15688 (36510), 640, 77656, 47256, 4570104750
c ./spsub/afdc31.219, 96 (140), 640, 77656, 47256, 4570104750
c ./spsub/afdm26.220, 16138 (37412), 640, 77656, 47256, 4570355550
c ./spsub/afdm26.221, 15994 (37172), 640, 77656, 47256, 4570626444
c ./spsub/afdc31.221, 96 (140), 640, 77656, 47256, 4570626540
c ./spsub/afdc31.222, 832 (1500), 640, 77656, 47256, 4571077434
c ./spsub/afdm26.223, 16048 (37260), 640, 77656, 47256, 4571350044
c ./spsub/025tel.com, 306 (462), 640, 77656, 47256, 4571350140
c ./spsub/afdc31.223, 288 (440), 640, 77656, 47256, 4571350140
c ./spsub/sp3140.rel, 367 (557), 640, 77656, 47256, 4414063220
c ./spsub/wt3004.rel, 3520 (6700), 640, 77656, 47256, 4414070624
c ./spsub/wt3022.rel, 3313 (6361), 640, 77656, 47256, 4414273730
c ./spsub/sp3005.tym, 1620 (3124), 640, 77656, 47256, 5141241074
c ./spsub/test.doc, 94956 (271354), 640, 77656, 47256, 5141543420
c ./spsub/sp3147.c01, 266 (412), 640, 77656, 47256, 5141543514
c ./spsub/sp3165.bak, 2343 (4447), 640, 77656, 47256, 5144526020
c ./spsub/sp3014.bak, 1029 (2005), 640, 77656, 47256, 5150715610
c ./spsub/sp3014.tym, 1443 (2643), 640, 77656, 47256, 5150716360
c ./spsub/sp3032.tym, 1423 (2617), 640, 77656, 47256, 5160406010
c ./spsub/sp3032.c01, 498 (762), 640, 77656, 47256, 5160407614
c ./spsub/sp3023.tym, 1507 (2743), 640, 77656, 47256, 5161361114
c ./spsub/sp3113.c01, 330 (512), 640, 77656, 47256, 5211130474
c ./spsub/sp3032.bak, 1365 (2525), 640, 77656, 47256, 5211722620
c ./spsub/sp3032.t01, 1366 (2526), 640, 77656, 47256, 5215346760
c ./spsub/wt3003.rel, 3349 (6425), 640, 77656, 47256, 4414101164
c ./spsub/wt3111.rel, 3288 (6330), 640, 77656, 47256, 4414101164
c ./spsub/wt3012.rel, 3418 (6532), 640, 77656, 47256, 4414273730
c ./spsub/sp3031.c00, 465 (721), 640, 77656, 47256, 4774636534
c ./spsub/sp3031.mer, 55 (67), 640, 77656, 47256, 4772650424
c ./spsub/sp3031.ass, 146 (222), 640, 77656, 47256, 4772650140
c ./spsub/sp3031.cmd, 242 (362), 640, 77656, 47256, 5161346560
c ./spsub/sp3031.c01, 179 (263), 640, 77656, 47256, 4772712774
c ./spsub/sp3031.t01, 10829 (25115), 640, 77656, 47256, 5003331124
c ./spsub/g33064.cmd, 296 (450), 640, 77656, 47256, 4445144424
c ./spsub/g33037.cmd, 249 (371), 640, 77656, 47256, 4751521654
c ./spsub/gn3065.cmd, 353 (541), 640, 77656, 47256, 4453260620
c ./spsub/opsmsv.tym, 4992 (11600), 640, 77656, 47256, 4452420040
c ./spsub/sp3112.t01, 2282 (4352), 640, 77656, 47256, 4710071714
c ./spsub/sp3013.bak, 1101 (2115), 640, 77656, 47256, 5014011720
c ./spsub/sp3031.tym, 1845 (3465), 640, 77656, 47256, 4776655334
c ./spsub/sp3112.tym, 1446 (2646), 640, 77656, 47256, 5030655450
c ./spsub/sp2050.dd1, 1204 (2264), 640, 77656, 47256, 4515065264
c ./spsub/sp3013.t01, 1649 (3161), 640, 77656, 47256, 4530144660
c ./spsub/gn3004.cmd, 344 (530), 640, 77656, 47256, 4530144660
c ./spsub/te3016.rel, 1874 (3522), 640, 77656, 47256, 4530400074
c ./spsub/te3025.rel, 1876 (3524), 640, 77656, 47256, 4530407474
c ./spsub/spicl.c01, 268 (414), 640, 77656, 47256, 4667730034
c ./spsub/spicl.t01, 909 (1615), 640, 77656, 47256, 4667715574
c ./spsub/076tel.com, 67 (103), 640, 77656, 47256, 4676425170
c ./spsub/sp3047.tym, 1416 (2610), 640, 77656, 47256, 4751533440
c ./spsub/sp3146.tym, 1398 (2566), 640, 77656, 47256, 4716751350
c ./spsub/bk3131.tym, 1541 (3005), 640, 77656, 47256, 4741630250
c ./spsub/sp3164.tym, 1541 (3005), 640, 77656, 47256, 4705625474
c ./spsub/060tel.com, 70 (106), 640, 77656, 47256, 4752324150
c ./spsub/060tel.out, 113 (161), 640, 77656, 47256, 4752324150
c ./spsub/049tel.com, 70 (106), 640, 77656, 47256, 4752340574
c ./spsub/049tel.out, 54 (66), 640, 77656, 47256, 4752340574
c ./spsub/sp3164.c01, 243 (363), 640, 77656, 47256, 4602450444
c ./spsub/sp3164.c02, 230 (346), 640, 77656, 47256, 4660035660
c ./spsub/tomst.301, 869 (1545), 644, 77656, 47256, 4611360020
c ./spsub/sp3137.cmd, 244 (364), 640, 77656, 47256, 5161352170
c ./spsub/sp3137.c00, 301 (455), 640, 77656, 47256, 4700122350
c ./spsub/sp3137.t01, 617 (1151), 640, 77656, 47256, 5141515400
c ./spsub/sp3137.c01, 266 (412), 640, 77656, 47256, 4704636230
c ./spsub/sp3164.cmd, 244 (364), 640, 77656, 47256, 5161351610
c ./spsub/sp3164.t01, 1939 (3623), 640, 77656, 47256, 4711332434
c ./spsub/sp3146.cmd, 244 (364), 640, 77656, 47256, 5161350100
c ./spsub/sp3146.c01, 288 (440), 640, 77656, 47256, 4716752574
c ./spsub/sp3146.c00, 300 (454), 640, 77656, 47256, 4716753154
c ./spsub/sp3146.t01, 609 (1141), 640, 77656, 47256, 5141515760
c ./spsub/sp3146.mer, 44 (54), 640, 77656, 47256, 4716756300
c ./spsub/gn3047.cmd, 420 (644), 640, 77656, 47256, 4751530504
c ./spsub/loader.t02, 1972 (3664), 640, 77656, 47256, 4743303400
c ./spsub/loader.c02, 324 (504), 640, 77656, 47256, 4743303210
c ./spsub/sp3031.c02, 273 (421), 640, 77656, 47256, 4772655640
c ./spsub/sp3031.t02, 3523 (6703), 640, 77656, 47256, 4776340170
c ./spsub/sp3164.ass, 192 (300), 640, 77656, 47256, 4602450160
c ./spsub/sp3164.mer, 55 (67), 640, 77656, 47256, 4602450350
c ./spsub/sp3164.a02, 363 (553), 640, 77656, 47256, 4606631120
c ./spsub/sp3164.t02, 442 (672), 640, 77656, 47256, 4660035754
c ./spsub/sp3047.cmd, 244 (364), 640, 77656, 47256, 5161347140
c ./spsub/sp3047.c00, 301 (455), 640, 77656, 47256, 4751530600
c ./spsub/sp3047.c01, 266 (412), 640, 77656, 47256, 4751531064
c ./spsub/sp3047.t01, 625 (1161), 640, 77656, 47256, 5141512730
c ./spsub/sp3164.c00, 302 (456), 640, 77656, 47256, 4705622634
c ./spsub/sp3146.ass, 158 (236), 640, 77656, 47256, 4716756374
c ./spsub/sp3047.ass, 158 (236), 640, 77656, 47256, 4725237030
c ./spsub/sp3047.mer, 44 (54), 640, 77656, 47256, 4725417714
c ./spsub/g23047.cmd, 605 (1135), 640, 77656, 47256, 4751530504
c ./spsub/g33102.cmd, 249 (371), 640, 77656, 47256, 4751537240
c ./spsub/g23040.cmd, 605 (1135), 640, 77656, 47256, 4752247624
c ./spsub/zz3053.mer, 44 (54), 640, 77656, 47256, 4752254004
c ./spsub/zz3053.ass, 158 (236), 640, 77656, 47256, 4752254100
c ./spsub/muxcon.401, 25080 (60770), 640, 77656, 47256, 5004061544
c ./spsub/sp3121.cmd, 244 (364), 640, 77656, 47256, 5161345430
c ./spsub/sp3121.c01, 266 (412), 640, 77656, 47256, 5104527540
c ./spsub/sp3121.ass, 159 (237), 640, 77656, 47256, 5104530310
c ./spsub/sp3121.mer, 44 (54), 640, 77656, 47256, 5104530404
c ./spsub/sp3121.c00, 301 (455), 640, 77656, 47256, 5104533244
c ./spsub/sp3173.c01, 261 (405), 640, 77656, 47256, 5104551664
c ./spsub/sp3173.mer, 35 (43), 640, 77656, 47256, 5104555010
c ./spsub/sp3103.tym, 1460 (2664), 640, 77656, 47256, 5170606764
c ./spsub/sp3074.doc, 18848 (44640), 640, 77656, 47256, 5171255644
c ./spsub/sp3121.tym, 1454 (2656), 640, 77656, 47256, 5171262310
c ./spsub/sp3121.doc, 18862 (44656), 640, 77656, 47256, 5171262404
c ./spsub/sp3130.tym, 1443 (2643), 640, 77656, 47256, 5171323624
c ./spsub/sp3130.bak, 244 (364), 640, 77656, 47256, 5172512660
c ./spsub/sp3137.tym, 1567 (3037), 640, 77656, 47256, 5172516650
c ./spsub/sp3137.ass, 158 (236), 640, 77656, 47256, 5172516744
c ./spsub/sp3137.bak, 44 (54), 640, 77656, 47256, 5172517040
c ./spsub/sp3137.mer, 44 (54), 640, 77656, 47256, 5172517040
c ./spsub/sp3137.doc, 18941 (44775), 640, 77656, 47256, 5172517040
c ./spsub/sp3146.doc, 19041 (45141), 640, 77656, 47256, 5172533750
c ./spsub/sp3056.cmd, 244 (364), 640, 77656, 47256, 5173014054
c ./spsub/sp3056.c00, 293 (445), 640, 77656, 47256, 5173014150
c ./spsub/sp3056.c01, 498 (762), 640, 77656, 47256, 5173014530
c ./spsub/sp3112.bak, 330 (512), 640, 77656, 47256, 5211124314
c ./spsub/sp3056.bak, 2045 (3775), 640, 77656, 47256, 5202502164
c ./spsub/sp3056.t01, 2055 (4007), 640, 77656, 47256, 5204707634
c ./spsub/sp3056.tym, 1736 (3310), 640, 77656, 47256, 5177231570
c ./spsub/tar.log, 51655 (144707), 640, 77656, 47256, 5231120224
c ./spsub/sp3015.rel, 367 (557), 640, 77656, 47256, 4414020004
c ./spsub/sp3024.rel, 367 (557), 640, 77656, 47256, 4414020004
c ./spsub/sp3006.c01, 261 (405), 640, 77656, 47256, 4414020100
c ./spsub/wt3005.rel, 3321 (6371), 640, 77656, 47256, 4414101164
c ./spsub/wt3023.rel, 3471 (6617), 640, 77656, 47256, 4414270224
c ./spsub/sp3060.c00, 301 (455), 640, 77656, 47256, 4414641374
c ./spsub/gn3060.cmd, 448 (700), 640, 77656, 47256, 4415012110
c ./spsub/g23060.cmd, 634 (1172), 640, 77656, 47256, 4415012110
c ./spsub/sp3006.dd2, 2104 (4070), 640, 77656, 47256, 4427261700
c ./spsub/sp3141.cmd, 244 (364), 640, 77656, 47256, 5161352074
c ./spsub/g33140.cmd, 323 (503), 640, 77656, 47256, 4464172634
c ./spsub/gn3042.cmd, 344 (530), 640, 77656, 47256, 4627211210
c ./spsub/g23042.cmd, 601 (1131), 640, 77656, 47256, 4500065634
c ./spsub/sp3042.tym, 1366 (2526), 640, 77656, 47256, 4627511730
c ./spsub/sp3015.bak, 990 (1736), 640, 77656, 47256, 4752317770
c ./spsub/sp3042.c00, 300 (454), 640, 77656, 47256, 4477722524
c ./spsub/sp3042.mer, 44 (54), 640, 77656, 47256, 4477722524
c ./spsub/sp3042.ass, 158 (236), 640, 77656, 47256, 4477722620
c ./spsub/sp3042.cmd, 243 (363), 640, 77656, 47256, 5161354260
c ./spsub/sp3042.c01, 242 (362), 640, 77656, 47256, 4477722714
c ./spsub/sp3067.tym, 1474 (2702), 640, 77656, 47256, 4724750360
c ./spsub/sp3076.tym, 1569 (3041), 640, 77656, 47256, 4724746100
c ./spsub/g33066.cmd, 249 (371), 640, 77656, 47256, 4527132234
c ./spsub/sp3051.tym, 1555 (3023), 640, 77656, 47256, 4527754374
c ./spsub/sp3051.t01, 1640 (3150), 640, 77656, 47256, 4527754374
c ./spsub/sp3051.t03, 906 (1612), 640, 77656, 47256, 4527754470
c ./spsub/sp3051.t02, 1359 (2517), 640, 77656, 47256, 4527754470
c ./spsub/sp3051.cmd, 244 (364), 640, 77656, 47256, 5161353700
c ./spsub/sp3051.ass, 226 (342), 640, 77656, 47256, 4527754470
c ./spsub/sp3033.tym, 1416 (2610), 640, 77656, 47256, 4751520714
c ./spsub/sp3051.c03, 249 (371), 640, 77656, 47256, 4527754470
c ./spsub/sp3051.c02, 227 (343), 640, 77656, 47256, 4527754470
c ./spsub/sp3051.c01, 254 (376), 640, 77656, 47256, 4527754470
c ./spsub/sp3051.mer, 67 (103), 640, 77656, 47256, 4527754470
c ./spsub/sp3051.c00, 293 (445), 640, 77656, 47256, 4527754470
c ./spsub/te3002.rel, 1874 (3522), 640, 77656, 47256, 4530150174
c ./spsub/bilbo.cmd, 1066 (2052), 640, 77656, 47256, 4617312560
c ./spsub/te3011.rel, 1874 (3522), 640, 77656, 47256, 4531116730
c ./spsub/te3171.rel, 1856 (3500), 640, 77656, 47256, 4542303634
c ./spsub/g33165.cmd, 296 (450), 640, 77656, 47256, 4627176654
c ./spsub/sp3042.t01, 2878 (5476), 640, 77656, 47256, 4627214050
c ./spsub/069tel.com, 67 (103), 640, 77656, 47256, 4676425264
c ./spsub/008tel.com, 67 (103), 640, 77656, 47256, 4700614504
c ./spsub/sp3175.tym, 1371 (2533), 640, 77656, 47256, 4733675320
c ./spsub/sp3157.tym, 1478 (2706), 640, 77656, 47256, 4745614260
c ./spsub/sp3105.tym, 1445 (2645), 640, 77656, 47256, 5030656314
c ./spsub/bk3151.tym, 1419 (2613), 640, 77656, 47256, 4741630250
c ./spsub/sp3132.tym, 1395 (2563), 640, 77656, 47256, 4706316404
c ./spsub/sp3175.t01, 2282 (4352), 640, 77656, 47256, 4615346404
c ./spsub/sp3175.lod, 57 (71), 640, 77656, 47256, 4615325124
c ./spsub/sp3141.c00, 301 (455), 640, 77656, 47256, 4700132044
c ./spsub/sp3141.c01, 289 (441), 640, 77656, 47256, 4700132044
c ./spsub/sp3141.t01, 617 (1151), 640, 77656, 47256, 5141515474
c ./spsub/sp3132.cmd, 244 (364), 640, 77656, 47256, 5161351420
c ./spsub/sp3132.c00, 301 (455), 640, 77656, 47256, 4706316574
c ./spsub/sp3132.c01, 266 (412), 640, 77656, 47256, 4706316670
c ./spsub/sp3132.t01, 617 (1151), 640, 77656, 47256, 5141515020
c ./spsub/ncc.cmd, 944 (1660), 640, 77656, 47256, 4710057074
c ./spsub/sp3105.cmd, 248 (370), 640, 77656, 47256, 5161350744
c ./spsub/sp3105.c00, 296 (450), 640, 77656, 47256, 4710062504
c ./spsub/sp3105.t01, 2282 (4352), 640, 77656, 47256, 4710062674
c ./spsub/sp3175.mer, 57 (71), 640, 77656, 47256, 4731646350
c ./spsub/sp3175.c02, 221 (335), 640, 77656, 47256, 4751304574
c ./spsub/broadc.ast, 24398 (57516), 640, 77656, 47256, 5004004164
c ./spsub/022pco.log, 20904 (50650), 640, 77656, 47256, 5012266330
c ./spsub/sp3166.cmd, 248 (370), 640, 77656, 47256, 5161346104
c ./spsub/sp3166.c00, 296 (450), 640, 77656, 47256, 5032375524
c ./spsub/sp3166.t01, 2282 (4352), 640, 77656, 47256, 5032375620
c ./spsub/sp3166.tym, 1431 (2627), 640, 77656, 47256, 5032376010
c ./spsub/sp3105.ass, 158 (236), 640, 77656, 47256, 5032612604
c ./spsub/sp3114.c00, 293 (445), 640, 77656, 47256, 5034071004
c ./spsub/sp3114.ass, 118 (166), 640, 77656, 47256, 5034071100
c ./spsub/sp3114.mer, 44 (54), 640, 77656, 47256, 5034071100
c ./spsub/sp3166.mer, 46 (56), 640, 77656, 47256, 5070111334
c ./spsub/sp3175.cmd, 248 (370), 640, 77656, 47256, 5161352644
c ./spsub/sp3175.c00, 296 (450), 640, 77656, 47256, 4615346214
c ./spsub/sp3141.ass, 138 (212), 640, 77656, 47256, 5106254070
c ./spsub/sp3114.cmd, 248 (370), 640, 77656, 47256, 5164316530
c ./spsub/sp3114.t01, 2282 (4352), 640, 77656, 47256, 5166542334
c ./spsub/sp3114.tym, 1447 (2647), 640, 77656, 47256, 5166543104
c ./spsub/sp3123.tym, 1608 (3110), 640, 77656, 47256, 5171270200
c ./spsub/sp3123.doc, 18917 (44745), 640, 77656, 47256, 5171270274
c ./spsub/sp3132.ass, 151 (227), 640, 77656, 47256, 5171324300
c ./spsub/sp3132.bak, 45 (55), 640, 77656, 47256, 5171324300
c ./spsub/sp3132.mer, 45 (55), 640, 77656, 47256, 5171324300
c ./spsub/sp3132.doc, 18844 (44634), 640, 77656, 47256, 5171324374
c ./spsub/sp3141.tym, 1558 (3026), 640, 77656, 47256, 5172520074
c ./spsub/sp3141.doc, 18580 (44224), 640, 77656, 47256, 5172523314

I-O device error, channel 4 status 100017   FTA2:   
Called from 31075  Last SAIL call at 1403
^LReply [CR] to continue,
[LF] to continue automatically,
"D" for DDT, "E" to edit, "B" for BAIL,
"X" to exit, "S" to restart
O^
[Job (JMS)TAR.CTL completed]
[Output recorded in file (SPSUB)TAR.LOG]
!gfd tasub

!pcom (jms)tar.ctl fta2:/log
!set tty lc

!run (xexec)minit

!tar cvfxxxxx fta2: *.BND *.NI# *.N0# *.N1# *.TMP *.*
excludefile: *.BND
excludefile: *.NI#
excludefile: *.N0#
excludefile: *.N1#
excludefile: *.TMP
 tarfile: fta2:
OPEN: DEVICE NOT AVAILABLE
TYPE "R" TO RETRY, "X" TO GO ON WITHOUT
?Lfile: *.*
c ./tasub/endoff.ile, 51 (63), 640, 52301, 47256, 3456500724
c ./tasub/access.sav, 10485 (24365), 640, 52301, 47256, 1364563340
ARRYOUT
: CHANNEL OR FILE NOT OPEN 4
Called from 31250  Last SAIL call at 1403
O? 3f,