!rdist (jms)*.*/master:930/host:95/check
Master host: 930
504 files on master system.
Slave hosts: 95
Checking host 95
(JMS         :  95) 3650P.MAI      9 10-Mar-86 14:33 -- missing on master
(JMS         :  95) KA10.MAI       5 20-Mar-86 23:19 -- missing on master
(JMS         :  95) DATE.FOR       2 14-Apr-86 11:58 -- missing on master
(JMS         :  95) NODLOD.DIR     3 23-Apr-86 17:04 -- missing on master
(JMS         :  95) UPDLUD.WHR     8 09-Jun-86 11:47 -- missing on master
(JMS         :  95) JUSERS.SAI     4 12-Jun-86 17:55 -- missing on master
(JMS         :  95) ACCESS.MSG     2 25-Nov-86 20:58 -- bad protection
(JMS         :  95) MPL.WHR      185 30-Jul-87 08:58 -- missing on master
(JMS         :  95) SED.LOW       12 16-Sep-85 19:12 -- bad protection
(JMS         :  95) SED.SHR       19 16-Sep-85 19:12 -- bad protection
(JMS         :  95) BADLH.MAC      2 16-May-85 11:32 -- missing on master
(JMS         :  95) TUMS.ARC      56 09-May-86 19:53 -- missing on master
(JMS         :  95) UUOSYM.DIR     8 05-May-86 00:45 -- missing on master
(JMS         :  95) TELECT         2 31-Oct-86 13:47 -- missing on master
(JMS         :  95) SA10.CKS       5 07-Nov-86 21:40 -- missing on master
(JMS         :  95) EMACS.VMS     18 17-Sep-84 14:52 -- missing on master
(JMS         :  95) SYS.DIR        2 30-Oct-86 13:16 -- missing on master
(JMS         :  95) EMACS.DOC    268 29-May-87 15:44 -- missing on master
(JMS         :  95) KSMACR.SCM     8 03-Jun-87 10:35 -- missing on master
(JMS         :  95) HOME2.CTL      3 18-Dec-86 18:22 -- missing on master
(JMS         :  95) RIGHT.DAT      2 15-Aug-87 00:06 -- missing on master
(JMS         :  95) HOW2.MUX       2 01-Sep-85 16:09 -- bad protection
(JMS         :  95) UUO.DIF        2 09-Sep-85 20:13 -- missing on master
(JMS         :  95) COMET.MAI      2 22-Mar-86 13:13 -- missing on master
(JMS         :  95) UUOTYM.DIR     3 05-May-86 00:46 -- missing on master
(JMS         :  95) MAKJOB.WHR     3 23-Jul-86 14:28 -- missing on master
(JMS         :  95) FILEX.SHR     13 08-Feb-79 09:37 -- missing on master
(JMS         :  95) TYPER.WHR     11 01-Jan-87 20:52 -- missing on master
(JMS         :  95) 93062.DIR     28 23-May-86 09:53 -- missing on master
(JMS         :  95) UNIQUE.DAT   437 15-Aug-87 11:39 -- bad checksum
(JMS         :  95) DUPS.DAT     106 15-Aug-87 11:39 -- missing on master
(JMS         :  95) LINK.WHR       5 04-Jun-87 17:12 -- missing on master
(JMS         :  95) LOAD.WHR       3 04-Jun-87 17:12 -- missing on master
(JMS         :  95) FNDBAD.LOG     2 16-Aug-87 07:30 -- bad checksum
(JMS         :  95) FILEX.HLP      3 10-Jul-75 17:00 -- missing on master
(JMS         :  95) SLEEP.SAV      2 22-Jun-86 06:56 -- missing on master
(JMS         :  95) MACRO.TXT      3 20-Aug-85 09:00 -- missing on master
(JMS         :  95) WIDTH.132      2 03-Oct-85 16:34 -- missing on master
(JMS         :  95) OLDGRY.TXT     2 14-Feb-86 00:32 -- missing on master
(JMS         :  95) NODES.WHR      3 14-Nov-86 14:54 -- missing on master
(JMS         :  95) MACSYM.T20    40 05-May-86 00:31 -- missing on master
(JMS         :  95) MACSYM.T2X    15 05-May-86 00:33 -- missing on master
(JMS         :  95) MACSYM.UNV    19 05-May-86 00:34 -- missing on master
(JMS         :  95) EBUS.WHR      22 26-Jun-86 12:04 -- bad checksum
(JMS         :  95) NODES.MEM      3 26-Jun-86 12:52 -- missing on master
(JMS         :  95) MAPLIB.WHR     6 30-Jun-86 17:26 -- missing on master
(JMS         :  95) KSDUP.CTL      2 24-Oct-86 19:34 -- missing on master
(JMS         :  95) TXSNET.39      5 28-May-87 11:40 -- missing on master
(JMS         :  95) TXSNET.WHR     9 29-May-87 16:22 -- missing on master
(JMS         :  95) TXSNET.SRT     9 29-May-87 16:24 -- missing on master
(JMS         :  95) TXSNET.BND     3 29-May-87 16:28 -- missing on master
(JMS         :  95) MID95.CTL      2 17-Oct-86 12:54 -- missing on master
(JMS         :  95) SZRPT.LOG      3 16-Aug-87 00:45 -- bad checksum
(JMS         :  95) SZRPT.95       2 14-Aug-87 23:57 -- missing on master
(JMS         :  95) SZRPT.930      2 14-Aug-87 23:57 -- missing on master
(JMS         :  95) SZRPT.SCM      3 14-Aug-87 23:58 -- missing on master
(JMS         :  95) SZRPT.2        3 14-Aug-87 23:54 -- missing on master
(JMS         :  95) 2FILE.REL      2 15-Aug-87 00:01 -- missing on master
(JMS         :  95) TEMP.CTL       2 15-Aug-87 11:39 -- missing on master
(JMS         :  95) TEMP.LOG       2 15-Aug-87 11:39 -- missing on master
(JMS         :  95) MARKET.MAI     5 15-Dec-85 01:25 -- bad protection
(JMS         :  95) FOROPS.MAC     2 27-May-86 20:08 -- bad checksum
(JMS         :  95) TXSNOD.39A     3 25-Mar-86 20:19 -- missing on master
(JMS         :  95) TXSNOD.ALL     2 25-Mar-86 20:29 -- missing on master
(JMS         :  95) MICRO.NOD     24 12-May-86 16:10 -- missing on master
(JMS         :  95) TUMS85.2QT     2 30-May-86 12:05 -- missing on master
(JMS         :  95) TUMS85.3QT     2 26-Jun-86 19:43 -- missing on master
(JMS         :  95) TUMS85.4QT     4 26-Jun-86 19:43 -- missing on master
(JMS         :  95) ROE.MEM        2 30-Jul-86 12:18 -- missing on master
(JMS         :  95) TXSNOD.WHR     8 12-Jan-87 00:33 -- missing on master
(JMS         :  95) TXSNOD.SRT     8 12-Jan-87 00:35 -- missing on master
(JMS         :  95) TXSNOD.MHX     3 12-Jan-87 18:43 -- missing on master
(JMS         :  95) TXSNOD.CMD     2 14-Apr-86 17:20 -- missing on master
(JMS         :  95) SWITCH.999     2 01-Jun-87 12:16 -- missing on master
(JMS         :  95) CHECK.LOG     15 14-Aug-87 17:33 -- bad checksum
(JMS         :  95) FILLUP.SAV     2 27-Jan-87 14:03 -- bad protection
(JMS         :  95) TTYINI.SAV     2 18-Sep-86 13:37 -- bad protection
(JMS         :  95) SED9.SHR      19 12-May-86 21:18 -- bad protection
(JMS         :  95) SED9.LOW      12 12-May-86 21:18 -- bad protection
(JMS         :  95) MAIL.BOX       3 12-Aug-87 20:16 -- bad checksum
(JMS         :  95) LA50.12        2 03-Oct-85 17:32 -- missing on master
(JMS         :  95) KERMIT.WHO     2 30-Dec-85 12:23 -- missing on master
(JMS         :  95) TYMNET.10      2 21-Jan-86 14:27 -- missing on master
(JMS         :  95) 1DOWN.MSG      4 07-Mar-86 10:52 -- missing on master
(JMS         :  95) FINDIT.V2      2 24-Mar-86 23:12 -- missing on master
(JMS         :  95) WRS.DOC       42 03-Apr-86 10:06 -- missing on master
(JMS         :  95) TYMNET.TXS     2 07-Apr-86 17:34 -- missing on master
(JMS         :  95) SOFT1.DIR     48 22-Apr-86 17:37 -- missing on master
(JMS         :  95) TUMS86.2QT    14 26-Jun-86 19:46 -- missing on master
(JMS         :  95) SMILEY.FAC     3 17-Jun-86 23:08 -- missing on master
(JMS         :  95) TUMS86.1QT     4 26-Jun-86 19:45 -- missing on master
(JMS         :  95) REGCHG.DMS    27 26-Sep-85 07:50 -- missing on master
(JMS         :  95) SYS95.DIR      5 30-Oct-86 12:50 -- missing on master
(JMS         :  95) MIDNIT.FRI     2 14-Aug-87 12:16 -- bad checksum
(JMS         :  95) MIDNIT.SAT     2 15-Aug-87 00:16 -- bad checksum
(JMS         :  95) MIDNIT.SUN     2 16-Aug-87 00:16 -- bad checksum
(JMS         :  95) MAIL           7 15-Aug-87 11:00 -- bad checksum
(JMS         :  95) INPUT.DAT    492 15-Aug-87 11:33 -- bad checksum
(JMS         :  95) SYSTAT.LOG    25 15-Jun-87 19:19 -- missing on master
(JMS         :  95) MIDNIT.LOG     2 16-Aug-87 00:13 -- bad checksum
(JMS         :  95) TECO.INI       2 05-Dec-86 14:02 -- bad protection
(JMS         :  95) TECO.SHR      15 13-Aug-85 17:52 -- bad protection
(JMS         :  95) SETPDT.SAV     2 04-Feb-87 22:50 -- bad protection
(JMS         :  95) TYMSAT.FOR     2 02-Apr-86 13:24 -- missing on master
(JMS         :  95) TXSSUP.MAI    17 13-Apr-86 01:31 -- missing on master
(JMS         :  95) SOFT2.DIR     30 22-Apr-86 17:40 -- missing on master
(JMS         :  95) MACTEN.DIR     4 05-May-86 00:45 -- missing on master
(JMS         :  95) SPL.MUD        3 06-May-86 22:56 -- missing on master
(JMS         :  95) TRMTYP.MAC    13 12-Nov-84 06:43 -- missing on master
(JMS         :  95) TRMTYP.702     9 10-Feb-83 18:01 -- missing on master
(JMS         :  95) SYS26.DIR     17 01-Dec-86 18:51 -- missing on master
(JMS         :  95) 861205.JQL     3 05-Dec-86 13:19 -- missing on master
(JMS         :  95) FNDALL.SAT     3 15-Aug-87 09:04 -- bad checksum
(JMS         :  95) FNDALL.SUN     3 16-Aug-87 09:04 -- bad checksum
(JMS         :  95) FNDALL.FRI     3 14-Aug-87 12:16 -- bad checksum
(JMS         :  95) TUMS87.1QT     4 12-Jan-87 14:27 -- bad checksum
(JMS         :  95) SAISGA.SHR    43 25-Feb-87 19:15 -- missing on master
(JMS         :  95) TUMS87.2QT     5 14-Apr-87 13:33 -- bad checksum
(JMS         :  95) TXSNEW.WHR     9 23-Apr-87 13:47 -- missing on master
(JMS         :  95) CKSUM.CTL      2 14-Aug-87 19:02 -- bad checksum
(JMS         :  95) CKSUM.LOG    473 15-Aug-87 11:03 -- missing on master
(JMS         :  95) LEFT.DAT       2 15-Aug-87 00:06 -- missing on master
(JMS         :  95) KSLINK.SCM     8 02-Jun-87 19:27 -- missing on master
(JMS         :  95) USERDB.G3      6 05-Jun-87 19:14 -- missing on master
(JMS         :  95) NODE95.CTL     2 25-Nov-86 15:44 -- missing on master
(JMS         :  95) SYSDSK.LOG     3 01-Feb-87 15:35 -- missing on master
(JMS         :  95) SYSG.LOG      19 03-Aug-87 21:34 -- missing on master
(JMS         :  95) OUTPUT.DAT     4 15-Aug-87 00:08 -- bad checksum
(JMS         :  95) MPLSPL.CTL     2 29-Jul-87 14:07 -- missing on master
(JMS         :  95) SZRPT.LST      4 16-Aug-87 00:45 -- bad checksum
(JMS         :  95) FNDALL.LOG     3 16-Aug-87 09:00 -- bad checksum
(JMS         :  95) TEST.CTL       2 29-Jun-87 17:02 -- missing on master
(JMS         :  95) TEST.LOG       3 29-Jun-87 17:02 -- missing on master
(JMS         :  95) NODE62.LOG     2 02-Mar-87 04:17 -- bad protection
(JMS         :  95) 014S03.TMP                       -- missing on slave
(JMS         :  95) 012RPG.TMP                       -- missing on slave
(JMS         :  95) KS.WHR                           -- missing on slave
(JMS         :  95) UFDBIG.LOG                       -- missing on slave
(JMS         :  95) 014SOR.TMP                       -- missing on slave
(JMS         :  95) 009RPG.TMP                       -- missing on slave
(JMS         :  95) 011RPG.TMP                       -- missing on slave
(JMS         :  95) JMS930.ROL                       -- missing on slave
(JMS         :  95) JMS930.RCF                       -- missing on slave
(JMS         :  95) JMS930.BAK                       -- missing on slave
(JMS         :  95) JMS95.DIR                        -- missing on slave
(JMS         :  95) JMS930.DIR                       -- missing on slave
(JMS         :  95) FINDIT.WHR                       -- missing on slave
(JMS         :  95) 2X40.REL                         -- missing on slave
(JMS         :  95) VER.LOG                          -- missing on slave
(JMS         :  95) RUTGER.LOG                       -- missing on slave
(JMS         :  95) FIDO.LOG                         -- missing on slave
(JMS         :  95) BADSAT.LOG                       -- missing on slave
(JMS         :  95) UFD.LOG                          -- missing on slave
(JMS         :  95) SYSNO.LOG                        -- missing on slave
(JMS         :  95) PCOM.LOG                         -- missing on slave
(JMS         :  95) MID930.LOG                       -- missing on slave
(JMS         :  95) DIAL.LOG                         -- missing on slave
(JMS         :  95) MAP.LOG                          -- missing on slave
(JMS         :  95) CHECK3.LOG                       -- missing on slave
(JMS         :  95) CHECK3.CTL                       -- missing on slave
(JMS         :  95) NAD1.LOG                         -- missing on slave
(JMS         :  95) MONMAC.LOG                       -- missing on slave
(JMS         :  95) SAXBUF.LOG                       -- missing on slave
(JMS         :  95) JOBS.CTL                         -- missing on slave
(JMS         :  95) JMS.SCM                          -- missing on slave
(JMS         :  95) FIXSAT.LOG                       -- missing on slave
(JMS         :  95) SA10.REN                         -- missing on slave
(JMS         :  95) NAD0.LOG                         -- missing on slave
(JMS         :  95) 200TTY.LOG                       -- missing on slave
(JMS         :  95) 925.LOG                          -- missing on slave
(JMS         :  95) WHR.X                            -- missing on slave
(JMS         :  95) 008TEL.COM                       -- missing on slave
(JMS         :  95) UFDSIZ.LOG                       -- missing on slave
(JMS         :  95) USERS.LOG                        -- missing on slave
(JMS         :  95) DIAL70.LOG                       -- missing on slave
(JMS         :  95) F22.LOG                          -- missing on slave

End of SAIL execution
!SEND JMS
TYPE LETTER:
; PCOM v1.63 - processed: (JMS)CHECK.LOG = (JMS)CHECK.CTL
; Options: DETACH  LOG NOAPPEND SUPERSEDE LICENSE 
; Limits: TIME:300 TRULIMIT:0 
; Status: completed.
; Output recorded in file (JMS)CHECK.LOG.

mail waiting
!LOGOUT
94.94 tru
terminal time: 0:22:11
    