!RDIST (DOCAIL)/MASTER:33/HOST:29,32/CHECK
Master host: 33
127 files on master system.
Slave hosts: 29,32
Checking host 29
(DOCAIL      :  29) ACCESS.LIS     2 24-Jul-80 18:30 -- bad checksum XAPFUV
                           should be 12-May-81 14:39 COMGAW  ALL  RD  RD
(DOCAIL      :  29) NEWSAI.DOC     9 01-Dec-80 14:32 -- bad checksum XUFKOK
                           should be 29-Jun-80 03:09 DEZXAK  ALL  RD  RD
(DOCAIL      :  29) XTENDY.PUB     4 12-May-81 15:45 -- bad checksum XOCYEW
                           should be 12-May-81 14:28 VOVCEJ  ALL  RD  RD
(DOCAIL      :  29) LIES           3 12-May-81 14:53 -- bad checksum PIYFIQ
                           should be 23-Sep-77 17:47 BUSPIG  ALL  RD  RD
(DOCAIL      :  29) SAIL.NEW       4 04-May-81 17:43 -- bad checksum MUQBEF
                           should be 13-May-81 16:42 PUDPOM  ALL  RD  RD
(DOCAIL      :  29) TUT3.PUB      14 16-Jul-81 15:44 -- bad checksum WOBVUX
                           should be 14-Aug-80 21:30 NAXBIC  ALL  RD  RD
(DOCAIL      :  29) TUT3.DOC      16 16-Jul-81 15:45 -- bad checksum FAKSUZ
                           should be 14-Aug-80 20:30 TIZTIM  ALL  RD  RD
(DOCAIL      :  29) TUTOR.PUB     18 31-Jul-80 16:38 -- bad checksum ZERXUC
                           should be 31-Jul-80 16:47 TIJGIF  ALL  RD  RD
(DOCAIL      :  29) PRUNE.DAT      3 01-May-81 15:59 -- bad checksum POXYUW
                           should be 29-Jun-80 02:58 JAJLAW  ALL  RD  RD
(DOCAIL      :  29) PUBMAC         5 12-May-81 14:25 -- bad checksum DECTED
                           should be 23-Sep-77 17:47 BALLAJ  ALL  RD  RD
Checking host 32
(DOCAIL      :  32) ABBREV         2 23-Sep-77 17:47 -- protection ALL  RD  NO
                           should be 23-Sep-77 17:47 TIKXIM  ALL  RD  RD
(DOCAIL      :  32) NEWSAI.DOC     5 29-Jun-80 03:09 -- protection ALL  RD  NO
                           should be 29-Jun-80 03:09 DEZXAK  ALL  RD  RD
(DOCAIL      :  32) CHARS3.SAI     3 31-Jul-80 19:46 -- protection ALL  RD  NO
                           should be 31-Jul-80 19:46 SIWVED  ALL  RD  RD
(DOCAIL      :  32) CHARS3.SAV    17 31-Jul-80 19:48 -- protection ALL  RD  NO
                           should be 31-Jul-80 19:48 BERPUT  ALL  RD  RD
(DOCAIL      :  32) ACCESS.MSG     2 08-Feb-88 13:44 -- missing on master
(DOCAIL      :  32) LIES           2 23-Sep-77 17:47 -- protection ALL  RD  NO
                           should be 23-Sep-77 17:47 BUSPIG  ALL  RD  RD
(DOCAIL      :  32) INTRO.LEP      4 23-Sep-77 17:47 -- protection ALL  RD  NO
                           should be 23-Sep-77 17:47 DODDAS  ALL  RD  RD
(DOCAIL      :  32) BAIL.APP       5 23-Sep-77 17:48 -- protection ALL  RD  NO
                           should be 23-Sep-77 17:48 JUDRUD  ALL  RD  RD
(DOCAIL      :  32) WRTON.JFR      6 23-Sep-77 17:48 -- protection ALL  RD  NO
                           should be 23-Sep-77 17:48 LABXIR  ALL  RD  RD
(DOCAIL      :  32) BAIL.DOC      24 23-Sep-77 17:48 -- protection ALL  RD  NO
                           should be 23-Sep-77 17:48 FURWUS  ALL  RD  RD
(DOCAIL      :  32) SAIIRP.DOC     2 20-May-80 21:12 -- protection ALL  RD  NO
                           should be 20-May-80 21:12 JESBUY  ALL  RD  RD
(DOCAIL      :  32) SHIP.LIS       2 29-Jun-80 03:22 -- protection ALL  RD  NO
                           should be 29-Jun-80 03:22 GUMKEH  ALL  RD  RD
(DOCAIL      :  32) MAN.1         16 31-Jul-80 19:51 -- protection ALL  RD  NO
                           should be 31-Jul-80 19:51 ZIYHUR  ALL  RD  RD
(DOCAIL      :  32) SALMTG         2 23-Sep-77 17:48 -- protection ALL  RD  NO
                           should be 23-Sep-77 17:48 HICWOM  ALL  RD  RD
(DOCAIL      :  32) DOCAIL.DIR     2 05-Feb-88 20:44 -- missing on master
(DOCAIL      :  32) CHARS.SAI      2 28-Jun-80 00:16 -- protection ALL  RD  NO
                           should be 28-Jun-80 00:16 TUPFOZ  ALL  RD  RD
(DOCAIL      :  32) CHARS.SAV     12 28-Jun-80 00:13 -- protection ALL  RD  NO
                           should be 28-Jun-80 00:13 YABJIN  ALL  RD  RD
(DOCAIL      :  32) COVER.3        2 21-Jul-80 15:42 -- protection ALL  RD  NO
                           should be 21-Jul-80 15:42 KAYDED  ALL  RD  RD
(DOCAIL      :  32) NEWS.LEP       6 23-Sep-77 17:47 -- protection ALL  RD  NO
                           should be 23-Sep-77 17:47 HAFDOC  ALL  RD  RD
(DOCAIL      :  32) TELLEM        34 23-Sep-77 17:48 -- protection ALL  RD  NO
                           should be 23-Sep-77 17:48 WURMOP  ALL  RD  RD
(DOCAIL      :  32) GRIPES         2 23-Sep-77 17:48 -- protection ALL  RD  NO
                           should be 23-Sep-77 17:48 MURWUZ  ALL  RD  RD
(DOCAIL      :  32) TITL.PUB       2 23-Sep-77 17:48 -- protection ALL  RD  NO
                           should be 23-Sep-77 17:48 NOJJAL  ALL  RD  RD
(DOCAIL      :  32) TITL.DOC       2 23-Sep-77 17:48 -- protection ALL  RD  NO
                           should be 23-Sep-77 17:48 FUCBUY  ALL  RD  RD
(DOCAIL      :  32) TELLEM.TYM    30 28-Jun-80 00:21 -- protection ALL  RD  NO
                           should be 28-Jun-80 00:21 DELTUK  ALL  RD  RD
(DOCAIL      :  32) TELLEM.NEW    29 14-Jul-80 09:46 -- protection ALL  RD  NO
                           should be 14-Jul-80 09:46 VEZZOG  ALL  RD  RD
(DOCAIL      :  32) LEAP.TXT      22 23-Sep-77 17:47 -- protection ALL  RD  NO
                           should be 23-Sep-77 17:47 MAPDEB  ALL  RD  RD
(DOCAIL      :  32) LEAP.WRU      19 23-Sep-77 17:47 -- protection ALL  RD  NO
                           should be 23-Sep-77 17:47 SAMZOP  ALL  RD  RD
(DOCAIL      :  32) NEWLEP.TXT     2 23-Sep-77 17:47 -- protection ALL  RD  NO
                           should be 23-Sep-77 17:47 JOFTAC  ALL  RD  RD
(DOCAIL      :  32) SAIL.PUB       5 23-Sep-77 17:48 -- protection ALL  RD  NO
                           should be 23-Sep-77 17:48 SOGDUT  ALL  RD  RD
(DOCAIL      :  32) MINUTE        14 23-Sep-77 17:48 -- protection ALL  RD  NO
                           should be 23-Sep-77 17:48 HAXFAC  ALL  RD  RD
(DOCAIL      :  32) TRANS          2 23-Sep-77 17:48 -- protection ALL  RD  NO
                           should be 23-Sep-77 17:48 FONLAB  ALL  RD  RD
(DOCAIL      :  32) CAT.SAV       14 29-Jun-80 04:28 -- protection ALL  RD  NO
                           should be 29-Jun-80 04:28 PAMGUR  ALL  RD  RD
(DOCAIL      :  32) CAT.SAI        2 29-Jun-80 04:26 -- protection ALL  RD  NO
                           should be 29-Jun-80 04:26 HOPPIS  ALL  RD  RD
(DOCAIL      :  32) TUT3.DOC      16 14-Aug-80 20:30 -- protection ALL  RD  NO
                           should be 14-Aug-80 20:30 TIZTIM  ALL  RD  RD
(DOCAIL      :  32) TUT3.PUB      14 14-Aug-80 21:30 -- protection ALL  RD  NO
                           should be 14-Aug-80 21:30 NAXBIC  ALL  RD  RD
(DOCAIL      :  32) TUTOR.DOC     16 23-Sep-77 17:47 -- protection ALL  RD  NO
                           should be 23-Sep-77 17:47 MASLOR  ALL  RD  RD
(DOCAIL      :  32) TUTOR.PUB     14 31-Jul-80 16:47 -- protection ALL  RD  NO
                           should be 31-Jul-80 16:47 TIJGIF  ALL  RD  RD
(DOCAIL      :  32) MLIST          3 23-Sep-77 17:48 -- protection ALL  RD  NO
                           should be 23-Sep-77 17:48 KEPBUP  ALL  RD  RD
(DOCAIL      :  32) LEPPRB.WRU     2 23-Sep-77 17:48 -- protection ALL  RD  NO
                           should be 23-Sep-77 17:48 REYQAR  ALL  RD  RD
(DOCAIL      :  32) GOLDHI.LET     3 23-Sep-77 17:48 -- protection ALL  RD  NO
                           should be 23-Sep-77 17:48 MIGZIC  ALL  RD  RD
(DOCAIL      :  32) SEMBLK        20 20-May-80 20:12 -- protection ALL  RD  NO
                           should be 20-May-80 20:12 TIJNOY  ALL  RD  RD
(DOCAIL      :  32) IFOO2.SAI      6 28-Jun-80 00:37 -- protection ALL  RD  NO
                           should be 28-Jun-80 00:37 TEXCEK  ALL  RD  RD
(DOCAIL      :  32) TUTOR.FIX      4 31-Jul-80 18:41 -- protection ALL  RD  NO
                           should be 31-Jul-80 18:41 KETVEQ  ALL  RD  RD
(DOCAIL      :  32) MAGNUM.DIR     2 14-Apr-82 20:22 -- protection  CP  NO  NO
                           should be 14-Apr-82 20:22 YEKNOS  ALL  RD  RD
(DOCAIL      :  32) DART.SAI       5 23-Sep-77 17:30 -- protection ALL  RD  NO
                           should be 23-Sep-77 17:30 MOVKEZ  ALL  RD  RD
(DOCAIL      :  32) NTFIXD.WRU     6 23-Sep-77 17:47 -- protection ALL  RD  NO
                           should be 23-Sep-77 17:47 ZIRVEG  ALL  RD  RD
(DOCAIL      :  32) PUBMAC         6 23-Sep-77 17:47 -- protection ALL  RD  NO
                           should be 23-Sep-77 17:47 BALLAJ  ALL  RD  RD
(DOCAIL      :  32) ERROR.LET      3 23-Sep-77 17:48 -- protection ALL  RD  NO
                           should be 23-Sep-77 17:48 XOGDOG  ALL  RD  RD
(DOCAIL      :  32) PRUNE.DAT      2 29-Jun-80 02:58 -- protection ALL  RD  NO
                           should be 29-Jun-80 02:58 JAJLAW  ALL  RD  RD
(DOCAIL      :  32) NTFIXD.WRV     4 14-Jul-80 10:03 -- protection ALL  RD  NO
                           should be 14-Jul-80 10:03 RUCHAY  ALL  RD  RD
(DOCAIL      :  32) CHARS2.SAV    16 31-Jul-80 20:02 -- protection ALL  RD  NO
                           should be 31-Jul-80 20:02 FUNQUH  ALL  RD  RD
(DOCAIL      :  32) CHARS2.SAI     3 31-Jul-80 20:01 -- protection ALL  RD  NO
                           should be 31-Jul-80 20:01 XIDNAY  ALL  RD  RD
(DOCAIL      :  32) TUT.PUB       14 14-Aug-80 18:54 -- protection ALL  RD  NO
                           should be 14-Aug-80 18:54 LACBEL  ALL  RD  RD
(DOCAIL      :  32) SUAI.ASC                         -- missing on slave
(DOCAIL      :  32) IFOO3.SAV                        -- missing on slave
(DOCAIL      :  32) IFOO3.SAI                        -- missing on slave
(DOCAIL      :  32) CKS.DOC                          -- missing on slave
(DOCAIL      :  32) TUTX.PUB                         -- missing on slave
(DOCAIL      :  32) TEST.PUB                         -- missing on slave
(DOCAIL      :  32) DEBUG.PUB                        -- missing on slave
(DOCAIL      :  32) TC.PUB                           -- missing on slave
(DOCAIL      :  32) RECORD.PUB                       -- missing on slave
(DOCAIL      :  32) APPEND.PUB                       -- missing on slave
(DOCAIL      :  32) KOUNT.PUB                        -- missing on slave
(DOCAIL      :  32) OPEN.PUB                         -- missing on slave
(DOCAIL      :  32) CH4BNF.PUB                       -- missing on slave
(DOCAIL      :  32) XTENDX.PUB                       -- missing on slave
(DOCAIL      :  32) FAIL.INS                         -- missing on slave
(DOCAIL      :  32) FAIL.MAN                         -- missing on slave
(DOCAIL      :  32) FAIL.DOC                         -- missing on slave
(DOCAIL      :  32) SEMBLK.DOC                       -- missing on slave
(DOCAIL      :  32) IOSER.PUB                        -- missing on slave
(DOCAIL      :  32) EX.PUB                           -- missing on slave
(DOCAIL      :  32) ALEXPR.PUB                       -- missing on slave
(DOCAIL      :  32) REFER.PUB                        -- missing on slave
(DOCAIL      :  32) BACKTR.PUB                       -- missing on slave
(DOCAIL      :  32) PROVAR.PUB                       -- missing on slave
(DOCAIL      :  32) INTINX.PUB                       -- missing on slave
(DOCAIL      :  32) C15BNF.PUB                       -- missing on slave
(DOCAIL      :  32) CH3BNF.PUB                       -- missing on slave
(DOCAIL      :  32) PROCAP.PUB                       -- missing on slave
(DOCAIL      :  32) TITLE.PUB                        -- missing on slave
(DOCAIL      :  32) PROCES.PUB                       -- missing on slave
(DOCAIL      :  32) SAIL.INF                         -- missing on slave
(DOCAIL      :  32) APPNDX.DOC                       -- missing on slave
(DOCAIL      :  32) SAIL.N2                          -- missing on slave
(DOCAIL      :  32) LEAP.PUB                         -- missing on slave
(DOCAIL      :  32) C14BNF.PUB                       -- missing on slave
(DOCAIL      :  32) CH9BNF.PUB                       -- missing on slave
(DOCAIL      :  32) CH2BNF.PUB                       -- missing on slave
(DOCAIL      :  32) INTERP.PUB                       -- missing on slave
(DOCAIL      :  32) SAIL.NEW                         -- missing on slave
(DOCAIL      :  32) RUNTIM.DOC                       -- missing on slave
(DOCAIL      :  32) SAIL20.DOC                       -- missing on slave
(DOCAIL      :  32) MACRO.PUB                        -- missing on slave
(DOCAIL      :  32) BAILEX.PUB                       -- missing on slave
(DOCAIL      :  32) BNFTST.PUB                       -- missing on slave
(DOCAIL      :  32) C13BNF.PUB                       -- missing on slave
(DOCAIL      :  32) CH1BNF.PUB                       -- missing on slave
(DOCAIL      :  32) CHARIT.SAI                       -- missing on slave
(DOCAIL      :  32) GOGTAB.OCT                       -- missing on slave
(DOCAIL      :  32) GOGTAB.DEC                       -- missing on slave
(DOCAIL      :  32) LINK.FIX                         -- missing on slave
(DOCAIL      :  32) COVER                            -- missing on slave
(DOCAIL      :  32) GOGTAB.SAI                       -- missing on slave
(DOCAIL      :  32) GOGTAB.DOC                       -- missing on slave
(DOCAIL      :  32) CHANGE.DOC                       -- missing on slave
(DOCAIL      :  32) DOC.PUB                          -- missing on slave
(DOCAIL      :  32) PRINT.PUB                        -- missing on slave
(DOCAIL      :  32) COVER.PUB                        -- missing on slave
(DOCAIL      :  32) ASSTAT.PUB                       -- missing on slave
(DOCAIL      :  32) ALSTAT.PUB                       -- missing on slave
(DOCAIL      :  32) LPRUNT.PUB                       -- missing on slave
(DOCAIL      :  32) PRGBLK.PUB                       -- missing on slave
(DOCAIL      :  32) C12BNF.PUB                       -- missing on slave
(DOCAIL      :  32) TRIPLE.PUB                       -- missing on slave
(DOCAIL      :  32) BASIC.PUB                        -- missing on slave
(DOCAIL      :  32) ALDECL.PUB                       -- missing on slave
(DOCAIL      :  32) CH6BNF.PUB                       -- missing on slave
(DOCAIL      :  32) C11BNF.PUB                       -- missing on slave
(DOCAIL      :  32) PREF.PUB                         -- missing on slave
(DOCAIL      :  32) IO.PUB                           -- missing on slave
(DOCAIL      :  32) TENEX.PUB                        -- missing on slave
(DOCAIL      :  32) CH5BNF.PUB                       -- missing on slave
(DOCAIL      :  32) C10BNF.PUB                       -- missing on slave
(DOCAIL      :  32) EVENTS.PUB                       -- missing on slave
(DOCAIL      :  32) ACCESS.LIS                       -- missing on slave
(DOCAIL      :  32) XTENDY.DOC                       -- missing on slave
(DOCAIL      :  32) XTENDY.PUB                       -- missing on slave

End of SAIL execution
!LOGOUT
232.89 tru
terminal time: 0:02:54
 