!R DSKCLN

     D-S-K-C-L-N   version 37(111)

SYSTEM IS NOT IN AUTO-RESTART.
ONLY CHECKING FUNCTION WILL BE PERFORMED.
DSKB MODE CODE: 6

F74-P035/E01
DSKB.  MODE: VERBOS.     ANALYSIS BEGUN AT  21:00:42  05-JUN-1991 GMT     UPTIME = 1021 MINUTES

[1,42313].UFD[1,1] unit 1 page 12  USED COUNT INCORRECT

(ACTRTY)RTA031.JUN[4,134612] unit 22 page 14567  WRONG UFD TIME
(ACTRTY)RTA031.JUN[4,134612] unit 22 page 14567  WRONG UFD BITS1

(ACTRTY)RTA032.JUN[4,134612] unit 22 page 17456  WRONG UFD TIME

(ACTRTY)RTA006.JUN[4,134612] unit 17 page 131750  WRONG UFD TIME
(ACTRTY)RTA006.JUN[4,134612] unit 17 page 131750  UFD ALLOCATION MISMATCH

(ACTRTY)RTA033.JUN[4,134612] unit 3 page 261365  WRONG UFD TIME

(ACTRTY)RTA026.JUN[4,134612] unit 22 page 11607  WRONG UFD TIME

(ACTRTY)RTA027.JUN[4,134612] unit 3 page 223067  WRONG UFD TIME

[4,134612].UFD[1,1] unit 4 page 12  USED COUNT INCORRECT
[4,134612].UFD[1,1] unit 4 page 12  MAXIMUM USED COUNT INCORRECT

(USEVAL)7027.CON[6,144222] unit 22 page 3172  NOT MARKED IN SAT

(USEVAL)7029.CON[6,144222] unit 22 page 23633  NOT MARKED IN SAT

(USEVAL)7031.CON[6,144222] unit 22 page 4363  NOT MARKED IN SAT

(USEVAL)7028.REQ[6,144222] unit 22 page 4364  NOT MARKED IN SAT

(USEVAL)7028.CON[6,144222] unit 22 page 41325  NOT MARKED IN SAT

(USEVAL)7030.CON[6,144222] unit 22 page 24541  NOT MARKED IN SAT

(USEVAL)7026.REQ[6,144222] unit 22 page 41625  NOT MARKED IN SAT

(USEVAL)7026.CON[6,144222] unit 7 page 36023  NOT MARKED IN SAT

(USEVAL)7025.CON[6,144222] unit 22 page 36333  NOT MARKED IN SAT

(USEVAL)7025.REQ[6,144222] unit 7 page 34343  NOT MARKED IN SAT

(USEVAL)7024.REQ[6,144222] unit 7 page 25652  NOT MARKED IN SAT

(USEVAL)7024.CON[6,144222] unit 7 page 26416  NOT MARKED IN SAT

[6,144222].UFD[1,1] unit 12 page 12  USED COUNT INCORRECT

[1,30773].UFD[1,1] unit 13 page 12  USED COUNT INCORRECT
[1,30773].UFD[1,1] unit 13 page 12  MAXIMUM USED COUNT INCORRECT

[21477,215544].UFD[1,1] unit 7 page 154  USED COUNT INCORRECT

[1,320663].UFD[1,1] unit 21 page 154  MAXIMUM USED COUNT INCORRECT

[10056,160405].UFD[1,1] unit 12 page 11177  USED COUNT INCORRECT

(UN1)060591.SAT[6,270] unit 7 page 303732  NOT MARKED IN SAT
(UN1)060591.SAT[6,270] unit 22 page 76061  WRONG UFD TIME

(DANIELSR)NTVREC.MEM[1,142734] unit 22 page 10555  RIB ERROR

(DANIELSR)NTVREC [1,142734] unit 7 page 37206  NOT MARKED IN SAT

[1,142734].UFD[1,1] unit 11 page 2024  USED COUNT INCORRECT

(MKTGINFO)XSDQ3J.MP0[10056,167145] unit 1 page 112444  Normal hole (CAT)
Unit DSKB1 page 112444 index 53, value 0,434164  reason  HOLE

[10056,602646].UFD[1,1] unit 11 page 10637  USED COUNT INCORRECT
[10056,602646].UFD[1,1] unit 11 page 10637  MAXIMUM USED COUNT INCORRECT

[10056,670606].UFD[1,1] unit 21 page 4270  USED COUNT INCORRECT
[10056,670606].UFD[1,1] unit 21 page 4270  MAXIMUM USED COUNT INCORRECT

(UTIL)STATUS.RAM[1,36] unit 24 page 323431  NOT MARKED IN SAT

(OPER)MAIL [1,21] unit 15 page 261140  NOT MARKED IN SAT

[1,21].UFD[1,1] unit 17 page 5654  USED COUNT INCORRECT
[1,21].UFD[1,1] unit 17 page 5654  MAXIMUM USED COUNT INCORRECT

(MAIL)LOG [3,167357] unit 7 page 222256  NOT MARKED IN SAT

(MAIL)WV%  !.LOG[3,167357] unit 22 page 15063  WRONG UFD TIME

(MAIL)  !1JL.MAI[3,167357] unit 7 page 26555  NOT MARKED IN SAT
[3,167357].UFD[1,1] unit 17 page 6360  USED COUNT INCORRECT
[3,167357].UFD[1,1] unit 17 page 6360  MAXIMUM USED COUNT INCORRECT

(SYS)DRWSPR.EPO[1,4] unit 22 page 125271  NOT MARKED IN SAT

(SYS)060591.DAT[1,4] unit 3 page 2433  NOT MARKED IN SAT

[1,4].UFD[1,1] unit 0 page 20712  USED COUNT INCORRECT
[1,4].UFD[1,1] unit 0 page 20712  MAXIMUM USED COUNT INCORRECT

(JMS)DSKCLN.LOG[3,431116] unit 7 page 5756  WRONG UFD TIME

[3,431116].UFD[1,1] unit 12 page 7570  USED COUNT INCORRECT

[1,215254].UFD[1,1] unit 2 page 11000  USED COUNT INCORRECT
[1,215254].UFD[1,1] unit 2 page 11000  MAXIMUM USED COUNT INCORRECT

[21477,434036].UFD[1,1] unit 4 page 162526  USED COUNT INCORRECT

(INTLACCTG)REJECT.051[21477,307207] unit 12 page 43512  UFD ALLOCATION MISMATCH
(INTLACCTG)REJECT.051[21477,307207] unit 12 page 43512  ALLOCATION WRONG

[21477,307207].UFD[1,1] unit 4 page 174251  USED COUNT INCORRECT

(NISACCTG)JF8JU7.MP1[21477,602262] unit 11 page 16416  Normal hole (CAT)
Unit DSKB11 page 16416 index 53, value 0,434164  reason  HOLE

[21477,506416].UFD[1,1] unit 22 page 4114  USED COUNT INCORRECT



F74-P035/E01
DSKB.  MODE: VERBOS.     ANALYSIS BEGUN AT  21:56:52  05-JUN-1991 GMT     UPTIME = 1077 MINUTES


THE FOLLOWING PAGES ARE LOST (MARKED IN USE, BUT IN NO FILE):
106554  107004  107345  107346  107347  107350  107351  741232  1271346  1320201  1320601  1321007  1321010  1327000  1327001  
1327002  1327003  1327004  1327005  1327006  1327007  1327010  1327011  1327012  1327013  1327014  1327015  1327016  1327017  1327020  
1327021  1327022  1327023  1327024  1327025  1327026  1327027  1327030  1327031  2405673  2406076  2406077  2406712  2406713  2406714  
2407144  2407312  2407313  2407314  2407315  2407316  2407317  2407320  2407321  2407322  2407323  2407324  2407325  2407326  2407327  
2407330  2407331  2407332  2407333  2407334  2407335  2407336  2407337  2407340  2407341  2407342  2410175  2410176  2410177  2410200  
2410201  2410202  2410203  2410204  2410205  2410206  2410207  2410210  2410211  2410212  2410213  2410214  2410215  2410216  2410217  
2410220  2410221  2410222  2410223  2410224  2410521  2410674  2410675  2410676  2410677  2410700  2410701  2410702  2410703  2410704  
2410705  2410706  2410707  2410710  2410711  2410712  2410713  2410714  2410715  2410716  2410717  2411051  2411225  2411226  2411227  
2411230  2411231  2411232  2411233  2411234  2411235  2411236  2411237  2411240  2411241  2411242  2411243  2411244  2411245  2411246  
2411247  2411250  2411251  2411252  2411253  2411254  2411255  2411256  2411257  2411260  2411261  2411262  2411263  2411264  2411265  
2412652  2412653  2412654  2412655  2412656  2412657  2412660  2412661  2412662  2412663  2412664  2412665  2412666  2412667  2412670  
2412671  2412672  2412673  2412674  2412675  2412676  2412677  2412700  2412701  2412702  2412703  2412704  2412705  2412706  2412707  
2412710  2412711  2412712  2412713  2412714  2412715  2414422  2414572  2414573  2414574  2414575  2414576  2414577  2414600  2414601  
2414602  2414603  2414604  2414605  2414606  2414607  2414610  2414611  2414612  2414613  2414614  2414615  2416242  2416243  2416244  
2416245  2416246  2416247  2416250  2416251  2416252  2416253  2416254  2416255  2416256  2416257  2416260  2416261  2416373  2416374  
2416546  2416547  2416550  2416551  2416552  2416553  2416554  2416555  2416556  2416557  2416560  2416561  2416562  2416563  2416564  
2416565  2416566  2416567  2416570  2416571  2416572  2416573  2416574  2416575  2416576  2416577  2416600  2416601  2416602  2416603  
2416604  2420070  2420245  2420423  2420424  2446217  2446220  2446221  2446222  2446230  2446231  2446232  2446233  2446236  2446260  
2446261  2446262  2446263  2446264  2446265  2446266  2446267  2446270  2446271  2446272  2446273  2446274  2446275  2446276  2446277  
2446300  2446301  2446302  2446303  2446304  2446305  2446306  2446307  2446310  2446311  2446522  2446523  2446524  2446525  2446526  
2446527  2446530  2446531  2446542  2446543  2446544  2446545  2446546  2446547  2446550  2446551  2446552  2446553  2446554  2446555  
2446556  2446557  2446560  2446561  2446562  2446563  2446564  2446565  2446566  2446567  2446570  2446571  2446572  2446573  2446574  
2446575  2446576  2446577  2446600  2446601  2446602  2446607  2446610  2446611  2446612  2446613  2446614  2446615  2446616  2446617  
2446620  2446621  2446622  2446623  2446624  2446625  2446626  2446627  2446630  2446631  2446632  2446633  2446634  2446635  2446636  
2446637  2446640  2446641  2447142  2447143  2447201  2447202  2447203  2447204  2447205  2447206  2447207  2447210  2447211  2447212  
2447213  2447214  2450272  2450273  2450447  2450450  2450451  2450452  2450453  2450454  2450455  2450456  2450457  2450460  2450461  
2450462  2450463  2450464  2450465  2450466  2450467  2450470  2450471  2450472  2450473  2450474  2450475  2450476  2450477  2450547  
2450550  2450551  2450552  2450553  2450554  2450555  2450556  2450557  2450560  2450561  2450562  2450634  2450635  2450636  2450637  
2450640  2450641  2450664  2450665  2451446  2451447  2451450  2451451  2451452  2451453  2451454  2451455  2451456  2451457  2451460  
2451461  2451462  2451463  2451464  2451465  2451466  2451467  2451470  2451471  2451472  2451473  2451474  2451475  2451476  2451477  
2451500  2451501  2453210  2453211  2453212  2453213  2453214  2453215  2453216  2453217  2453220  2453221  2453222  2453223  2453224  
2453225  2453226  2453227  2453230  2453231  2453232  2453233  2453234  2453235  2453236  2453237  2453240  2453241  2454000  2454001  
2454002  2455323  2455325  2455326  2455327  2455330  2455331  2457015  2457016  2457017  2457020  2457021  2457022  2457023  2457024  
2457630  2457631  2457632  2457633  2457634  2457635  2457636  2457637  2457640  2457641  2457727  2461264  2461435  2461436  2461437  
2461440  2461441  2461442  2461443  2461444  2461445  2461467  2461557  2461560  2461561  2461562  2461563  2461564  2461565  2461566  
2461567  2461570  2461571  2461572  2461573  2461574  2461575  2461576  2461577  2461600  2461601  2461602  2461603  2461604  2461605  
2461606  2461607  2461610  2461611  2461612  2461613  2461614  2461615  2461616  2461617  2461620  2461621  2461622  2462065  2462152  
2462220  2462221  2462222  2462223  2462445  2462446  2462447  2462450  2462451  2462452  2462453  2462454  2462455  2462456  2462457  
2462460  2462461  2462462  2462463  2462464  2462465  2462466  2462467  2462470  2462471  2462472  2462473  2462474  2462475  2462476  
2462477  2462500  2462501  2462715  2462716  2462717  2462720  2462721  2465417  2465420  2465421  2465422  2465423  2465424  2465425  
2465426  2465427  2465430  2465431  2465432  2465433  2465434  2465435  2465436  2465437  2465440  2465441  2465442  2465443  2465444  
2465445  2465446  2465447  2465450  2465451  2466150  2466151  2466152  2466153  2466154  2466155  2467110  2467137  2467140  2467141  
2467142  2467143  2467144  2467145  2467146  2467147  2467150  2467151  2467152  2467153  2467154  2467155  2467156  2467157  2467160  
2467161  2467162  2467163  2467164  2467165  2467166  2467167  2467170  2467171  2467172  2467173  2467174  2467175  2467176  2467177  
2467200  2467201  2467202  2467203  2467204  2467205  2467206  2467207  2467210  2467211  2467440  2467441  2467442  2467443  2467444  
2467445  2467446  2467447  2467450  2467451  2467452  2467453  2467454  2467455  2467456  2467457  2467460  2467461  2467462  2467463  
2467464  2467465  2467466  2467467  2467470  2467471  2467472  2467473  2467474  2467475  2467476  2467477  2467500  2467501  2467502  
2467503  2467504  2467505  2467506  2467507  2467510  2467511  2467512  2467513  2467514  2467515  2467516  2467517  2467520  2467521  
2467522  2467523  2467524  2467525  2467526  2467527  2467530  2467531  2467532  2467533  2467534  2467535  2467536  2467537  2467540  
2467541  2467567  2467570  2467571  2467572  2467573  2467574  2467575  2467576  2467577  2467600  2467601  2467602  2467603  2467604  
2467605  2467620  2467621  2467754  2467755  2467756  2467757  2467760  2467761  2470111  2470112  2470113  2470114  2470115  2470116  
2470117  2470120  2470121  2470122  2470123  2470124  2470125  2470126  2470127  2470130  2470131  2470132  2470133  2470134  2470135  
3074167  3075525  3075741  3076512  3077753  3101217  3101401  3102517  3102520  3102524  3103504  3103774  3105132  3106105  3106200  
3106617  3106620  3107203  3110302  3112523  3112604  3112605  3113032  3113263  3202164  3202352  3332232  3340316  3340605  3351215  
3351216  3351217  3351220  3351221  3351222  3351223  3351224  3351225  3351226  3351227  3351230  3351231  3351232  3351233  3351234  
3351235  3351431  3351432  3351433  3351434  3351435  3351436  3351437  3351633  3351634  3352012  3352167  3352170  3352171  3352172  
3352173  3352174  3352403  3352607  3352610  3352611  3352612  3356055  3356062  3356063  3356064  3356065  3356066  3356067  3356070  
3356071  3356072  3356073  3356074  3356075  3356076  3356077  3356100  3356101  3356102  3356103  3356104  3356105  3356106  3356107  
3356110  3356111  3356112  3356113  3356114  3356115  3356116  3356117  3364427  3364430  3364431  3364432  3364433  3364434  3364435  
3364621  3364622  3364623  3364624  3364625  3364626  3364627  3364630  3364631  3364632  3364633  3364634  3364635  3364636  3364637  
3364640  3364641  3364642  3364643  3364644  3364645  3364646  3364647  3364650  3364651  3366474  3366475  3370025  3370026  3370027  
3374260  3374261  3376752  3376753  3376754  3376755  3376756  3765564  3765565  3765566  3765567  3765740  3765741  3765742  3765743  
3765744  3765745  3765746  3766224  3766225  3766226  3766227  3766230  3766231  3766402  3766403  3766404  3766405  3766742  3766743  
3766744  3771015  3771016  3771017  4026220  4132627  4132630  4132631  4132640  4132650  4132651  4132652  4132653  4132656  4132657  
4132660  4132661  4132662  4132663  4132664  4132665  4132666  4132667  4132670  4132671  4132672  4132673  4132674  4132675  4132676  
4132677  4132700  4132701  4132702  4133432  4133433  4133434  4133435  4133436  4133437  4133440  4133441  4133442  4133443  4133444  
4133445  4133534  4133535  4133536  4133537  4133540  4133541  4133542  4133543  4133544  4133676  4133677  4133700  4133701  4133702  
4133703  4133704  4133705  4133706  4133707  4133710  4133711  4133712  4133713  4133714  4133715  4133716  4133717  4133720  4133721  
4133722  4133723  4133724  4133725  4133726  4133727  4133730  4133731  4133762  4133763  4133764  4133765  4133766  4133767  4133770  
4133771  4133772  4133773  4133774  4133775  4134201  4134202  4134203  4134204  4134205  4134515  4134631  4134636  4134637  4134640  
4134641  4134642  4134643  4134644  4134645  4134646  4134647  4134665  4134735  4134736  4135014  4135016  4135017  4135020  4135134  
4135140  4135141  4135142  4135153  4135154  4135156  4135213  4135214  4135215  4135216  4135217  4135220  4135221  4135222  4135223  
4135224  4135225  4135226  4135227  4135230  4135231  4135276  4135277  4135300  4135301  4135302  4135303  4135304  4135305  4135306  
4135307  4135310  4135311  4135312  4135313  4135314  4135315  4135316  4135317  4135320  4135537  4135540  4135541  4135542  4135571  
4135572  4135717  4135720  4135721  4135736  4135757  4136000  4136001  4136002  4136003  4136004  4136005  4136006  4136007  4136010  
4136011  4136012  4136013  4136014  4136015  4136016  4136017  4136020  4136021  4136110  4136111  4136112  4136113  4136114  4136115  
4136116  4136117  4136120  4136121  4136122  4136123  4136124  4136125  4136126  4136127  4136130  4136131  4136255  4136256  4136257  
4136260  4136264  4136265  4136266  4136267  4136270  4136271  4136272  4136273  4136274  4136275  4136276  4136277  4136300  4136301  
4136302  4136303  4136304  4136305  4136434  4136443  4136456  4136477  4136500  4136501  4136502  4136503  4136504  4136505  4136506  
4136507  4136577  4136703  4136706  4136710  4136711  4136712  4136713  4136714  4136715  4136716  4136717  4136720  4136721  4136722  
4136723  4136724  4136725  4136726  4136727  4136730  4136731  4136732  4136733  4136734  4136735  4136736  4136737  4136740  4136741  
4136742  4136743  4136744  4136745  4136746  4136747  4136775  4136777  4137000  4137001  4137002  4137004  4137005  4137006  4137007  
4137010  4137011  4137056  4137064  4137065  4137103  4137104  4137105  4137131  4137133  4137137  4137140  4137141  4137142  4137143  
4137144  4137147  4137150  4137151  4137233  4137302  4137303  4137304  4137305  4137306  4137307  4137310  4137312  4137400  4137401  
4137402  4137403  4137404  4137405  4137406  4137407  4137410  4137411  4137412  4137413  4137414  4137415  4137416  4137417  4137420  
4137424  4137455  4137460  4137471  4137523  4137545  4137546  4137547  4137550  4137551  4137552  4137553  4137554  4137555  4137556  
4137557  4137560  4137561  4137562  4137563  4137572  4137616  4137636  4137751  4140037  4140040  4140041  4140042  4140050  4140117  
4140120  4140121  4140122  4140123  4140124  4140125  4140126  4140162  4140317  4140330  4140567  4140575  4141104  4141117  4141120  
4141134  4141136  4141137  4141140  4141141  4141142  4141143  4141144  4141145  4141146  4141147  4141155  4141255  4141271  4141272  
4141322  4141323  4141324  4141350  4141351  4141352  4141353  4141354  4141355  4141356  4141357  4141360  4141361  4141424  4141612  
4141613  4141614  4141615  4141616  4141617  4141620  4141621  4141622  4141623  4141624  4141625  4141626  4141627  4141630  4141631  
4141632  4141633  4141634  4141635  4141636  4141637  4141641  4142171  4142172  4142174  4142175  4142341  4142342  4142562  4142563  
4142564  4142603  4142753  4143011  4143032  4143034  4143035  4143036  4143037  4143042  4143071  4143275  4143276  4143303  4143305  
4143311  4143312  4143313  4143314  4143315  4143316  4143504  4143505  4143506  4143507  4143510  4143511  4143512  4143514  4143515  
4143516  4143517  4143520  4143521  4143542  4143543  4143557  4143560  4143561  4143562  4143563  4143564  4143565  4143622  4143650  
4143674  4143675  4143706  4143707  4143710  4143711  4143716  4143717  4144046  4144047  4144060  4144062  4144063  4144064  4144065  
4144066  4144067  4144070  4144071  4144072  4144073  4144074  4144075  4144076  4144077  4144100  4144101  4144102  4144103  4144104  
4144105  4144106  4144107  4144110  4144111  4144112  4144113  4144114  4144456  4144457  4144460  4144461  4144462  4144463  4144464  
4144465  4144466  4144467  4144470  4144471  4144472  4144473  4144474  4144475  4144476  4144477  4144500  4144501  4144502  4144503  
4144504  4144505  4144506  4144507  4144510  4144511  4144602  4144603  4144604  4144605  4144700  4144725  4144726  4144727  4145004145062  4145063  4145064  4145065  4145066  4145067  4145070  4145071  4145072  4145073  4145074  4145075  4145076  4145077  4145100  
4145101  4145102  4145103  4145104  4145105  4145373  4145410  4145411  4145412  4145413  4145414  4145461  4145467  4145475  4145561  
4145562  4145567  4145570  4145571  4145572  4145573  4145574  4145575  4145666  4145675  4145677  4145706  4145707  4145710  4145711  
4145712  4145725  4145726  4145727  4145730  4145731  4145732  4145733  4145734  4145735  4145736  4145737  4145740  4145741  4145742  
4145743  4145744  4145745  4145750  4145751  4145752  4145753  4145757  4145760  4145761  4145764  4146032  4146065  4146067  4146070  
4146071  4146100  4146264  4146265  4146266  4146267  4146270  4146271  4146272  4146273  4146302  4146303  4146310  4146311  4146421  
4146505  4146506  4146507  4146510  4146511  4146512  4146513  4146514  4146515  4146516  4146517  4146520  4146521  4146522  4146523  
4146524  4146525  4146526  4146527  4146530  4146531  4146532  4146533  4146534  4146535  4146573  4146574  4146575  4146576  4146650  
4146771  4146772  4146773  4146774  4146775  4146776  4146777  4147000  4147001  4147002  4147003  4147004  4147005  4147006  4147007  
4147010  4147016  4147017  4147020  4147021  4147024  4147177  4147203  4147302  4147303  4147304  4147305  4147310  4147353  4147374  
4147444  4147533  4147534  4147535  4147536  4147537  4147540  4147541  4147542  4147543  4147544  4147545  4147546  4147547  4147550  
4147551  4147552  4147553  4147554  4147555  4147556  4147557  4147560  4147561  4147562  4147563  4147571  4147703  4147705  4147706  
4147707  4147710  4147711  4147712  4147713  4147714  4147715  4147716  4147717  4147720  4147721  4147722  4147723  4147724  4147725  
4147726  4147727  4147730  4147731  4147732  4147733  4147734  4147735  4147736  4147737  4147740  4147741  4150004  4150015  4150016  
4150017  4150020  4150021  4150022  4150023  4150034  4150035  4150036  4150037  4150040  4150041  4150057  4150065  4150072  4150073  
4150074  4150075  4150076  4150077  4150100  4150101  4150102  4150103  4150104  4150105  4150106  4150107  4150110  4150111  4150112  
4150113  4150114  4150115  4150116  4150201  4150277  4150300  4150301  4150302  4150303  4150304  4150305  4150306  4150307  4150310  
4150311  4150312  4150313  4150314  4150315  4150316  4150317  4150320  4150321  4150322  4150323  4150324  4150325  4150326  4150327  
4150330  4150331  4150332  4150333  4150334  4150335  4150336  4150337  4150340  4150341  4150345  4150346  4150347  4150350  4150351  
4150352  4150353  4150354  4150355  4150356  4150357  4150360  4150361  4150364  4150407  4150420  4150427  4150430  4150431  4150521  
4150522  4150523  4150524  4150525  4150526  4150527  4150530  4150531  4150532  4150533  4150534  4150535  4150536  4150537  4150540  
4150541  4150542  4150543  4150544  4150545  4150546  4150547  4150550  4150551  4150552  4150553  4150554  4150555  4150556  4150557  
4150560  4150561  4150624  4150625  4150631  4150636  4150637  4150640  4150641  4150642  4150643  4150644  4150645  4150646  4150647  
4150650  4150651  4150652  4150653  4150654  4150655  4150656  4150657  4150660  4150661  4150662  4150663  4150664  4150665  4150666  
4150667  4150670  4150671  4150673  4150674  4150675  4150676  4150677  4150700  4150701  4150702  4150703  4150704  4150705  4150706  
4150707  4150710  4150711  4150712  4150713  4150714  4150715  4150716  4150717  4150720  4150721  4150743  4151013  4151014  4151051  
4151052  4151054  4151055  4151056  4151057  4151060  4151061  4151062  4151063  4151064  4151065  4151066  4151067  4151070  4151071  
4151072  4151073  4151074  4151075  4151076  4151077  4151100  4151101  4151102  4151103  4151104  4151105  4151106  4151107  4151110  
4151111  4151156  4151267  4151272  4151273  4151274  4151275  4151276  4151277  4151300  4151301  4151302  4151303  4151304  4151305  
4151306  4151312  4151313  4151314  4151315  4151316  4151317  4151320  4151321  4151322  4151323  4151324  4151325  4151326  4151327  
4151330  4151331  4151456  4151457  4151460  4151461  4151462  4151463  4151464  4151472  4151473  4151474  4151476  4151477  4151561  
4151625  4151647  4151662  4151712  4151713  4151714  4151715  4151716  4151732  4151756  4151757  4152036  4152042  4152043  4152044  
4152050  4152051  4152052  4152053  4152054  4152055  4152072  4152073  4152200  4152231  4152232  4152233  4152234  4152235  4152236  
4152237  4152240  4152241  4152242  4152243  4152244  4152245  4152246  4152247  4152250  4152251  4152252  4152253  4152254  4152255  
4152256  4152257  4152260  4152261  4152262  4152263  4152264  4152265  4152362  4152401  4152402  4152403  4152404  4152405  4152406  
4152411  4152415  4152416  4152510  4152545  4152546  4152547  4152550  4152551  4152552  4152553  4152554  4152555  4152556  4152557  
4152560  4152561  4152562  4152563  4152564  4152565  4152566  4152622  4152623  4152624  4152627  4152630  4152631  4152632  4152633  
4152634  4152736  4152737  4152740  4152741  4152742  4152743  4152746  4152750  4152751  4152752  4152757  4153002  4153152  4153207  
4153210  4153217  4153325  4153371  4153372  4153437  4153603  4153606  4153612  4153637  4153755  4153756  4153761  4153762  4154137  
4154175  4154245  4154253  4154302  4154416  4154417  4154420  4154422  4154423  4154424  4154427  4154430  4154435  4154447  4154450  
4154456  4710123  4712013  5267723  5267724  5270072  5270234  5270235  5270236  5270424  5270606  5270607  5271002  5271157  5271160  
5271161  5271335  5271553  5271726  5272107  5272260  5272261  5272432  5272433  5272434  5272607  5272775  5273163  5273164  5273165  
5273315  5273504  5273703  5274045  5274046  5274047  5440633  5440634  5440635  5440636  5440637  5440640  5440641  5440642  5440643  
5440644  5440645  5440646  5636162  6214101  6214433  6214767  6215207  6222535  6223065  6251570  6251571  6251572  6251573  6253405  
6261045  6261241  6261242  6262013  6262014  6262164  6263031  6263032  6263033  6263260  6263261  6263262  6263263  6263264  6263265  
6263266  6263267  6264305  6266162  6266530  6266663  6267210  6267211  6267452  6267453  6267702  6270031  6270565  6270566  6271041  
6271042  6271276  6271305  6272352  6272353  6272354  6272535  6272641  6272642  6533265  6537446  6537624  6540023  6540024  6540243  
6540717  6541327  6541330  6541562  6541717  6542116  6542301  6542471  6542713  6563371  6563372  6563373  6563550  6654614  7500116  
7570354  7570355  7570356  7570530  7570531  7570532  7570533  7570534  7570535  7570536  7570730  7570731  7571135  7571305  7571464  
7571465  7571466  7571645  7571646  7610616  7610617  7610620  7610621  7610622  7610623  7610624  7610625  7610626  7610627  7610630  
7610631  7610632  7610633  7610634  7610635  7610636  7610637  7610640  7610641  7610642  7610643  10000164  10000165  10000642  10000643  
10000644  10000645  10000646  10003737  10004151  10004260  10005564  10006155  10006527  10007203  10014221  10014346  10015173  10015255  10015520  
10016043  10016451  10016674  10022513  10023362  10023400  10023525  10023554  10023705  10023706  10023707  10023727  10024006  10024077  10024101  
10024111  10024201  10024245  10024246  10024247  10024250  10024400  10024413  10024414  10024415  10024630  10024635  10025020  10025046  10025210  
10025211  10025212  10025263  10025264  10025337  10025362  10025422  10025423  10025424  10026001  10026011  10026171  10026242  10026350  10027314  
10027315  10027320  10030200  10030265  10030450  10030511  10030700  10031054  10031232  10031407  10031410  10031411  10031421  10031436  10031561  
10031577  10032061  10032152  10032400  10032401  10032402  10032412  10032723  10032757  10033050  10033525  10033773  10033774  10034330  10034513  
10034514  10034662  10034761  10034762  10035050  10035140  10035141  10035142  10035247  10035355  10035356  10035357  10035360  10035537  10035575  
10035576  10035577  10035600  10035760  10036404  10036405  10036406  10036702  10040214  10041301  10041437  10041765  10042164  10042524  10044764  
10045133  10045202  10045266  10060351  10314744  10315120  10315366  10315367  10315370  10315371  10315372  10315373  10315374  10315375  10315376  
10315377  10315400  10315401  10315402  10315403  10315514  10315515  10315516  10315670  10316045  10316046  10316254  10316255  10316256  10316257  
10316260  10316261  10316262  10316263  10320307  10320760  10320761  10320762  10320763  10320764  10320765  10320766  10320767  10320770  10320771  
10320772  10320773  10320774  10321166  10321167  10321170  10321171  10321172  10321173  10321174  10321175  10321176  10321177  10321200  10321201  
10321202  10321203  10321204  10321205  10321536  10321537  10321540  10321541  10321542  10321543  10321544  10321545  10321546  10321547  10321550  
10321551  10321552  10321553  10321554  10321736  10321737  10321740  10321741  10321742  10321743  10321744  10321745  10321746  10321747  10321750  
10321751  10321752  10321753  10321754  10321755  10321756  10321757  10321760  10321761  10321762  10321763  10321764  10321765  10321766  10321767  
10321770  10321771  10321772  10321773  10322052  10322053  10322054  10322055  10322056  10322057  10322060  10322061  10353220  10366301  10636567  
10636570  10636571  10636572  10636573  10636574  10636575  10636576  10636577  10636600  10636601  10636602  10636603  10636604  10636605  10636606  
10636607  10636610  10636611  10636612  10637110  10637111  10637112  10637113  10637114  10637115  10637116  10637117  10637120  10637121  10637122  
10637123  10637124  10637125  10637126  10637127  10637130  10637131  10637132  10637133  10640260  10640261  10640262  10640263  10640264  10640265  
10640266  10640267  10640270  10640271  10640272  10640273  10640274  10640275  10640276  10640277  10640300  10640301  10640302  10640303  10640304  
10640305  10640306  10640307  10640310  10640311  10640312  10640313  10640314  10640315  11300775  11330720  11330721  11330722  11330723  11330724  
11330725  11332024  11332551  11332772  11333322  11333577  11334473  11334564  11346035  11346542  11346742  
TOTAL NUMBER OF LOST PAGES = 2591.



THE FOLLOWING PAGES ARE FREE (NOT MARKED IN USE, BUT IN SOME FILE):
1255355  1256100  3117224  3117536  3117770  3120127  3120130  3125715  3127375  3127567  3130560  3131073  3131255  3131430  3131604  
3131754  3131755  3132125  3132126  3132127  3132130  3132131  3132277  3132300  3132452  3132453  3132454  3132644  3133006  3133167  
3133170  3133347  3133350  3133351  3133352  3313630  3343206  3375304  3375305  3375306  3375307  3375310  3375311  3375312  6100356  
10004546  10005575  10005737  10005740  10010020  10025207  10026115  10027317  10037510  10037707  10040063  10040215  10042701  10043201  10044066  
10044326  10044327  10044554  10044730  10045132  10126645  10130153  10130154  10130155  10130156  10130157  11234221  
TOTAL NUMBER OF FREE PAGES = 72.



THERE ARE NO MULTIPLY USED PAGES (BELONG TO MORE THAN ONE FILE).

ERRORS DETECTED WHICH MAY CAUSE SEVERE DISK GARBAGING.  DO NOT
    BRING SYSTEM UP FOR USERS UNTIL ERRORS ARE FIXED.

DSKCLN DONE AT  21:58:02  05-JUN-1991 GMT     UPTIME = 1078 MINUTES


EXIT

[mail waiting]
!
!
!psp
DSKB:	139965
BPA7(DSKB7:740007):  RETRIES:1 SDATAI(CTRL:0 DRV:?CONDITION HAS NO MESSAGE)
 SCONI( Count error Equipment check) SLBN(CYL:97 HEAD:13 RECORD:3) SDAT:1 SDEV:1
BPB4(DSKB23:740019):  THUNG:1
BPB6(DSKB25:740021):  THUNG:1

!SEND JMS
Type letter:
; PCOM v1.63 - processed: (JMS)DSKCLN.LOG = (JMS)DSKCLN.CTL
; Options: DETACH  LOG NOAPPEND SUPERSEDE LICENSE 
; Limits: TIME:60 TRULIMIT:0 
; Status: completed.
; Output recorded in file (JMS)DSKCLN.LOG.

End of SAIL execution
!LOGOUT
64669.54 tru
terminal time: 0:57:50
  @s–