detach? 14: cannot build circuit
17: cannot build circuit
23:
.o$
!rolaid ebus/r
26:
.o$
!rolaid ebus/r
filename                        pages
DSK:BK2333.BND[21477,175251]    67
DSK:BK2333.LOG[21477,175251]    7
DSK:BK2333.TYM[21477,175251]    3
DSK:BK2333.T01[21477,175251]    2
DSK:BK2333.C00[21477,175251]    2
DSK:BK2333.CMD[21477,175251]    2
DSK:BK2333.C01[21477,175251]    2
DSK:ND2333.TYM[21477,175251]    3
DSK:ND2333.N03[21477,175251]    120
DSK:ND2333.T03[21477,175251]    2
DSK:ND2333.C03[21477,175251]    2
DSK:ND2333.BND[21477,175251]    75
DSK:ND2333.N01[21477,175251]    7
DSK:ND2333.NIB[21477,175251]    42
DSK:ND2333.N00[21477,175251]    128
DSK:ND2333.C00[21477,175251]    2
DSK:ND2333.CMD[21477,175251]    2
DSK:ND2333.C01[21477,175251]    2
DSK:ND2333.T01[21477,175251]    2
DSK:ND3374.LOG[21477,175251]    8
DSK:ND3374.C01[21477,175251]    2
DSK:ND3374.CMD[21477,175251]    2
DSK:ND3374.C00[21477,175251]    2
DSK:ND3374.TYM[21477,175251]    3
DSK:ND3374.BND[21477,175251]    70
DSK:ND3374.T01[21477,175251]    2
DSK:ND6415.LOG[21477,175251]    8
DSK:ND6415.C01[21477,175251]    2
DSK:ND6415.CMD[21477,175251]    2
DSK:ND6415.C00[21477,175251]    2
DSK:ND6415.TYM[21477,175251]    3
DSK:ND6415.BND[21477,175251]    70
DSK:ND6415.T01[21477,175251]    2
DSK:ND6720.LOG[21477,175251]    8
DSK:ND6720.C01[21477,175251]    2
DSK:ND6720.CMD[21477,175251]    2
DSK:ND6720.C00[21477,175251]    2
DSK:ND6720.TYM[21477,175251]    3
DSK:ND6720.BND[21477,175251]    70
DSK:ND6720.T01[21477,175251]    2
DSK:ND6721.LOG[21477,175251]    8
DSK:ND6721.C01[21477,175251]    2
DSK:ND6721.CMD[21477,175251]    2
DSK:ND6721.C00[21477,175251]    2
DSK:ND6721.TYM[21477,175251]    3
DSK:ND6721.T01[21477,175251]    2
DSK:ND6721.BND[21477,175251]    70
DSK:ND6722.LOG[21477,175251]    8
DSK:ND6722.C01[21477,175251]    2
DSK:ND6722.CMD[21477,175251]    2
DSK:ND6722.C00[21477,175251]    2
DSK:ND6722.TYM[21477,175251]    3
DSK:ND6722.T01[21477,175251]    2
DSK:ND6722.BND[21477,175251]    70
DSK:ND7004.C01[21477,175251]    2
DSK:ND7004.CMD[21477,175251]    2
DSK:ND7004.C00[21477,175251]    2
DSK:ND7004.TYM[21477,175251]    3
DSK:ND7004.LOG[21477,175251]    8
DSK:ND7004.T01[21477,175251]    2
DSK:ND7004.BND[21477,175251]    70
DSK:ND7021.LOG[21477,175251]    8
DSK:ND7021.C01[21477,175251]    2
DSK:ND7021.CMD[21477,175251]    2
DSK:ND7021.C00[21477,175251]    2
DSK:ND7021.TYM[21477,175251]    3
DSK:ND7021.T01[21477,175251]    2
DSK:ND7021.BND[21477,175251]    70
DSK:N10350.CMD[21477,175251]    2
DSK:N10350.C00[21477,175251]    2
DSK:N10350.NIB[21477,175251]    42
DSK:N10350.N00[21477,175251]    130
DSK:N10350.N01[21477,175251]    7
DSK:N10350.T03[21477,175251]    2
DSK:N10350.C03[21477,175251]    2
DSK:N10350.N03[21477,175251]    122
DSK:N10350.TYM[21477,175251]    3
DSK:N10350.BND[21477,175251]    119
DSK:N10350.C01[21477,175251]    2
DSK:N10350.T01[21477,175251]    2
DSK:BK0350.BND[21477,175251]    70
DSK:BK0350.LOG[21477,175251]    8
DSK:BK0350.T01[21477,175251]    2
DSK:BK0350.TYM[21477,175251]    3
DSK:BK0350.C01[21477,175251]    2
DSK:BK0350.C00[21477,175251]    2
DSK:BK0350.CMD[21477,175251]    2
End of SAIL execution
!
30:
.o$
!rolaid ebus/r
filename                        pages
DSK:BK2333.BND[21477,175251]    67
DSK:BK2333.LOG[21477,175251]    7
DSK:BK2333.TYM[21477,175251]    3
DSK:BK2333.T01[21477,175251]    2
DSK:BK2333.C00[21477,175251]    2
DSK:BK2333.CMD[21477,175251]    2
DSK:BK2333.C01[21477,175251]    2
DSK:ND2333.TYM[21477,175251]    3
DSK:ND2333.N03[21477,175251]    120
DSK:ND2333.T03[21477,175251]    2
DSK:ND2333.C03[21477,175251]    2
DSK:ND2333.BND[21477,175251]    75
DSK:ND2333.N01[21477,175251]    7
DSK:ND2333.NIB[21477,175251]    42
DSK:ND2333.N00[21477,175251]    128
DSK:ND2333.C00[21477,175251]    2
DSK:ND2333.CMD[21477,175251]    2
DSK:ND2333.C01[21477,175251]    2
DSK:ND2333.T01[21477,175251]    2
DSK:ND3374.LOG[21477,175251]    8
DSK:ND3374.C01[21477,175251]    2
DSK:ND3374.CMD[21477,175251]    2
DSK:ND3374.C00[21477,175251]    2
DSK:ND3374.TYM[21477,175251]    3
DSK:ND3374.BND[21477,175251]    70
DSK:ND3374.T01[21477,175251]    2
DSK:ND6415.LOG[21477,175251]    8
DSK:ND6415.C01[21477,175251]    2
DSK:ND6415.CMD[21477,175251]    2
DSK:ND6415.C00[21477,175251]    2
DSK:ND6415.TYM[21477,175251]    3
DSK:ND6415.BND[21477,175251]    70
DSK:ND6415.T01[21477,175251]    2
DSK:ND6720.LOG[21477,175251]    8
DSK:ND6720.C01[21477,175251]    2
DSK:ND6720.CMD[21477,175251]    2
DSK:ND6720.C00[21477,175251]    2
DSK:ND6720.TYM[21477,175251]    3
DSK:ND6720.BND[21477,175251]    70
DSK:ND6720.T01[21477,175251]    2
DSK:ND6721.LOG[21477,175251]    8
DSK:ND6721.C01[21477,175251]    2
DSK:ND6721.CMD[21477,175251]    2
DSK:ND6721.C00[21477,175251]    2
DSK:ND6721.TYM[21477,175251]    3
DSK:ND6721.T01[21477,175251]    2
DSK:ND6721.BND[21477,175251]    70
DSK:ND6722.LOG[21477,175251]    8
DSK:ND6722.C01[21477,175251]    2
DSK:ND6722.CMD[21477,175251]    2
DSK:ND6722.C00[21477,175251]    2
DSK:ND6722.TYM[21477,175251]    3
DSK:ND6722.T01[21477,175251]    2
DSK:ND6722.BND[21477,175251]    70
DSK:ND7004.C01[21477,175251]    2
DSK:ND7004.CMD[21477,175251]    2
DSK:ND7004.C00[21477,175251]    2
DSK:ND7004.TYM[21477,175251]    3
DSK:ND7004.LOG[21477,175251]    8
DSK:ND7004.T01[21477,175251]    2
DSK:ND7004.BND[21477,175251]    70
DSK:ND7021.LOG[21477,175251]    8
DSK:ND7021.C01[21477,175251]    2
DSK:ND7021.CMD[21477,175251]    2
DSK:ND7021.C00[21477,175251]    2
DSK:ND7021.TYM[21477,175251]    3
DSK:ND7021.T01[21477,175251]    2
DSK:ND7021.BND[21477,175251]    70
DSK:N10350.CMD[21477,175251]    2
DSK:N10350.C00[21477,175251]    2
DSK:N10350.NIB[21477,175251]    42
DSK:N10350.N00[21477,175251]    130
DSK:N10350.N01[21477,175251]    7
DSK:N10350.T03[21477,175251]    2
DSK:N10350.C03[21477,175251]    2
DSK:N10350.N03[21477,175251]    122
DSK:N10350.TYM[21477,175251]    3
DSK:N10350.BND[21477,175251]    119
DSK:N10350.C01[21477,175251]    2
DSK:N10350.T01[21477,175251]    2
DSK:BK0350.BND[21477,175251]    70
DSK:BK0350.LOG[21477,175251]    8
DSK:BK0350.T01[21477,175251]    2
DSK:BK0350.TYM[21477,175251]    3
DSK:BK0350.C01[21477,175251]    2
DSK:BK0350.C00[21477,175251]    2
DSK:BK0350.CMD[21477,175251]    2
End of SAIL execution
!
33:
.o$
!rolaid ebus/r
filename                        pages
DSK:BK2333.BND[21477,175251]    67
DSK:BK2333.LOG[21477,175251]    7
DSK:BK2333.TYM[21477,175251]    3
DSK:BK2333.T01[21477,175251]    2
DSK:BK2333.C00[21477,175251]    2
DSK:BK2333.CMD[21477,175251]    2
DSK:BK2333.C01[21477,175251]    2
DSK:ND2333.TYM[21477,175251]    3
DSK:ND2333.N03[21477,175251]    120
DSK:ND2333.T03[21477,175251]    2
DSK:ND2333.C03[21477,175251]    2
DSK:ND2333.BND[21477,175251]    75
DSK:ND2333.N01[21477,175251]    7
DSK:ND2333.NIB[21477,175251]    42
DSK:ND2333.N00[21477,175251]    128
DSK:ND2333.C00[21477,175251]    2
DSK:ND2333.CMD[21477,175251]    2
DSK:ND2333.C01[21477,175251]    2
DSK:ND2333.T01[21477,175251]    2
DSK:ND3374.LOG[21477,175251]    8
DSK:ND3374.C01[21477,175251]    2
DSK:ND3374.CMD[21477,175251]    2
DSK:ND3374.C00[21477,175251]    2
DSK:ND3374.TYM[21477,175251]    3
DSK:ND3374.BND[21477,175251]    70
DSK:ND3374.T01[21477,175251]    2
DSK:ND6415.LOG[21477,175251]    8
DSK:ND6415.C01[21477,175251]    2
DSK:ND6415.CMD[21477,175251]    2
DSK:ND6415.C00[21477,175251]    2
DSK:ND6415.TYM[21477,175251]    3
DSK:ND6415.BND[21477,175251]    70
DSK:ND6415.T01[21477,175251]    2
DSK:ND6720.LOG[21477,175251]    8
DSK:ND6720.C01[21477,175251]    2
DSK:ND6720.CMD[21477,175251]    2
DSK:ND6720.C00[21477,175251]    2
DSK:ND6720.TYM[21477,175251]    3
DSK:ND6720.BND[21477,175251]    70
DSK:ND6720.T01[21477,175251]    2
DSK:ND6721.LOG[21477,175251]    8
DSK:ND6721.C01[21477,175251]    2
DSK:ND6721.CMD[21477,175251]    2
DSK:ND6721.C00[21477,175251]    2
DSK:ND6721.TYM[21477,175251]    3
DSK:ND6721.T01[21477,175251]    2
DSK:ND6721.BND[21477,175251]    70
DSK:ND6722.LOG[21477,175251]    8
DSK:ND6722.C01[21477,175251]    2
DSK:ND6722.CMD[21477,175251]    2
DSK:ND6722.C00[21477,175251]    2
DSK:ND6722.TYM[21477,175251]    3
DSK:ND6722.T01[21477,175251]    2
DSK:ND6722.BND[21477,175251]    70
DSK:ND7004.C01[21477,175251]    2
DSK:ND7004.CMD[21477,175251]    2
DSK:ND7004.C00[21477,175251]    2
DSK:ND7004.TYM[21477,175251]    3
DSK:ND7004.LOG[21477,175251]    8
DSK:ND7004.T01[21477,175251]    2
DSK:ND7004.BND[21477,175251]    70
DSK:ND7021.LOG[21477,175251]    8
DSK:ND7021.C01[21477,175251]    2
DSK:ND7021.CMD[21477,175251]    2
DSK:ND7021.C00[21477,175251]    2
DSK:ND7021.TYM[21477,175251]    3
DSK:ND7021.T01[21477,175251]    2
DSK:ND7021.BND[21477,175251]    70
DSK:N10350.CMD[21477,175251]    2
DSK:N10350.C00[21477,175251]    2
DSK:N10350.NIB[21477,175251]    42
DSK:N10350.N00[21477,175251]    130
DSK:N10350.N01[21477,175251]    7
DSK:N10350.T03[21477,175251]    2
DSK:N10350.C03[21477,175251]    2
DSK:N10350.N03[21477,175251]    122
DSK:N10350.TYM[21477,175251]    3
DSK:N10350.BND[21477,175251]    119
DSK:N10350.C01[21477,175251]    2
DSK:N10350.T01[21477,175251]    2
DSK:BK0350.BND[21477,175251]    70
DSK:BK0350.LOG[21477,175251]    8
DSK:BK0350.T01[21477,175251]    2
DSK:BK0350.TYM[21477,175251]    3
DSK:BK0350.C01[21477,175251]    2
DSK:BK0350.C00[21477,175251]    2
DSK:BK0350.CMD[21477,175251]    2
End of SAIL execution
!
34:
.o$
!rolaid ebus/r
?fError: file "DSK:EBUS.ROL", mode "rob14M4E:.ROL"
File not found.
Called from 402164  Last SAIL call at 2600
EXIT
!
37:
.o$
!rolaid ebus/r
filename                        pages
DSK:BK2333.BND[21477,175251]    67
DSK:BK2333.LOG[21477,175251]    7
DSK:BK2333.TYM[21477,175251]    3
DSK:BK2333.T01[21477,175251]    2
DSK:BK2333.C00[21477,175251]    2
DSK:BK2333.CMD[21477,175251]    2
DSK:BK2333.C01[21477,175251]    2
DSK:ND2333.TYM[21477,175251]    3
DSK:ND2333.N03[21477,175251]    120
DSK:ND2333.T03[21477,175251]    2
DSK:ND2333.C03[21477,175251]    2
DSK:ND2333.BND[21477,175251]    75
DSK:ND2333.N01[21477,175251]    7
DSK:ND2333.NIB[21477,175251]    42
DSK:ND2333.N00[21477,175251]    128
DSK:ND2333.C00[21477,175251]    2
DSK:ND2333.CMD[21477,175251]    2
DSK:ND2333.C01[21477,175251]    2
DSK:ND2333.T01[21477,175251]    2
DSK:ND3374.LOG[21477,175251]    8
DSK:ND3374.C01[21477,175251]    2
DSK:ND3374.CMD[21477,175251]    2
DSK:ND3374.C00[21477,175251]    2
DSK:ND3374.TYM[21477,175251]    3
DSK:ND3374.BND[21477,175251]    70
DSK:ND3374.T01[21477,175251]    2
DSK:ND6415.LOG[21477,175251]    8
DSK:ND6415.C01[21477,175251]    2
DSK:ND6415.CMD[21477,175251]    2
DSK:ND6415.C00[21477,175251]    2
DSK:ND6415.TYM[21477,175251]    3
DSK:ND6415.BND[21477,175251]    70
DSK:ND6415.T01[21477,175251]    2
DSK:ND6720.LOG[21477,175251]    8
DSK:ND6720.C01[21477,175251]    2
DSK:ND6720.CMD[21477,175251]    2
DSK:ND6720.C00[21477,175251]    2
DSK:ND6720.TYM[21477,175251]    3
DSK:ND6720.BND[21477,175251]    70
DSK:ND6720.T01[21477,175251]    2
DSK:ND6721.LOG[21477,175251]    8
DSK:ND6721.C01[21477,175251]    2
DSK:ND6721.CMD[21477,175251]    2
DSK:ND6721.C00[21477,175251]    2
DSK:ND6721.TYM[21477,175251]    3
DSK:ND6721.T01[21477,175251]    2
DSK:ND6721.BND[21477,175251]    70
DSK:ND6722.LOG[21477,175251]    8
DSK:ND6722.C01[21477,175251]    2
DSK:ND6722.CMD[21477,175251]    2
DSK:ND6722.C00[21477,175251]    2
DSK:ND6722.TYM[21477,175251]    3
DSK:ND6722.T01[21477,175251]    2
DSK:ND6722.BND[21477,175251]    70
DSK:ND7004.C01[21477,175251]    2
DSK:ND7004.CMD[21477,175251]    2
DSK:ND7004.C00[21477,175251]    2
DSK:ND7004.TYM[21477,175251]    3
DSK:ND7004.LOG[21477,175251]    8
DSK:ND7004.T01[21477,175251]    2
DSK:ND7004.BND[21477,175251]    70
DSK:ND7021.LOG[21477,175251]    8
DSK:ND7021.C01[21477,175251]    2
DSK:ND7021.CMD[21477,175251]    2
DSK:ND7021.C00[21477,175251]    2
DSK:ND7021.TYM[21477,175251]    3
DSK:ND7021.T01[21477,175251]    2
DSK:ND7021.BND[21477,175251]    70
DSK:N10350.CMD[21477,175251]    2
DSK:N10350.C00[21477,175251]    2
DSK:N10350.NIB[21477,175251]    42
DSK:N10350.N00[21477,175251]    130
DSK:N10350.N01[21477,175251]    7
DSK:N10350.T03[21477,175251]    2
DSK:N10350.C03[21477,175251]    2
DSK:N10350.N03[21477,175251]    122
DSK:N10350.TYM[21477,175251]    3
DSK:N10350.BND[21477,175251]    119
DSK:N10350.C01[21477,175251]    2
DSK:N10350.T01[21477,175251]    2
DSK:BK0350.BND[21477,175251]    70
DSK:BK0350.LOG[21477,175251]    8
DSK:BK0350.T01[21477,175251]    2
DSK:BK0350.TYM[21477,175251]    3
DSK:BK0350.C01[21477,175251]    2
DSK:BK0350.C00[21477,175251]    2
DSK:BK0350.CMD[21477,175251]    2
End of SAIL execution
!
38:
.o$
!rolaid ebus/r
?fError: file "DSK:EBUS.ROL", mode "rob14M4E:.ROL"
File not found.
Called from 402164  Last SAIL call at 2600
EXIT
!
56:
.o$
!rolaid ebus/r
filename                        pages
DSK:BK2333.BND[21477,175251]    67
DSK:BK2333.LOG[21477,175251]    7
DSK:BK2333.TYM[21477,175251]    3
DSK:BK2333.T01[21477,175251]    2
DSK:BK2333.C00[21477,175251]    2
DSK:BK2333.CMD[21477,175251]    2
DSK:BK2333.C01[21477,175251]    2
DSK:ND2333.TYM[21477,175251]    3
DSK:ND2333.N03[21477,175251]    120
DSK:ND2333.T03[21477,175251]    2
DSK:ND2333.C03[21477,175251]    2
DSK:ND2333.BND[21477,175251]    75
DSK:ND2333.N01[21477,175251]    7
DSK:ND2333.NIB[21477,175251]    42
DSK:ND2333.N00[21477,175251]    128
DSK:ND2333.C00[21477,175251]    2
DSK:ND2333.CMD[21477,175251]    2
DSK:ND2333.C01[21477,175251]    2
DSK:ND2333.T01[21477,175251]    2
DSK:ND3374.LOG[21477,175251]    8
DSK:ND3374.C01[21477,175251]    2
DSK:ND3374.CMD[21477,175251]    2
DSK:ND3374.C00[21477,175251]    2
DSK:ND3374.TYM[21477,175251]    3
DSK:ND3374.BND[21477,175251]    70
DSK:ND3374.T01[21477,175251]    2
DSK:ND6415.LOG[21477,175251]    8
DSK:ND6415.C01[21477,175251]    2
DSK:ND6415.CMD[21477,175251]    2
DSK:ND6415.C00[21477,175251]    2
DSK:ND6415.TYM[21477,175251]    3
DSK:ND6415.BND[21477,175251]    70
DSK:ND6415.T01[21477,175251]    2
DSK:ND6720.LOG[21477,175251]    8
DSK:ND6720.C01[21477,175251]    2
DSK:ND6720.CMD[21477,175251]    2
DSK:ND6720.C00[21477,175251]    2
DSK:ND6720.TYM[21477,175251]    3
DSK:ND6720.BND[21477,175251]    70
DSK:ND6720.T01[21477,175251]    2
DSK:ND6721.LOG[21477,175251]    8
DSK:ND6721.C01[21477,175251]    2
DSK:ND6721.CMD[21477,175251]    2
DSK:ND6721.C00[21477,175251]    2
DSK:ND6721.TYM[21477,175251]    3
DSK:ND6721.T01[21477,175251]    2
DSK:ND6721.BND[21477,175251]    70
DSK:ND6722.LOG[21477,175251]    8
DSK:ND6722.C01[21477,175251]    2
DSK:ND6722.CMD[21477,175251]    2
DSK:ND6722.C00[21477,175251]    2
DSK:ND6722.TYM[21477,175251]    3
DSK:ND6722.T01[21477,175251]    2
DSK:ND6722.BND[21477,175251]    70
DSK:ND7004.C01[21477,175251]    2
DSK:ND7004.CMD[21477,175251]    2
DSK:ND7004.C00[21477,175251]    2
DSK:ND7004.TYM[21477,175251]    3
DSK:ND7004.LOG[21477,175251]    8
DSK:ND7004.T01[21477,175251]    2
DSK:ND7004.BND[21477,175251]    70
DSK:ND7021.LOG[21477,175251]    8
DSK:ND7021.C01[21477,175251]    2
DSK:ND7021.CMD[21477,175251]    2
DSK:ND7021.C00[21477,175251]    2
DSK:ND7021.TYM[21477,175251]    3
DSK:ND7021.T01[21477,175251]    2
DSK:ND7021.BND[21477,175251]    70
DSK:N10350.CMD[21477,175251]    2
DSK:N10350.C00[21477,175251]    2
DSK:N10350.NIB[21477,175251]    42
DSK:N10350.N00[21477,175251]    130
DSK:N10350.N01[21477,175251]    7
DSK:N10350.T03[21477,175251]    2
DSK:N10350.C03[21477,175251]    2
DSK:N10350.N03[21477,175251]    122
DSK:N10350.TYM[21477,175251]    3
DSK:N10350.BND[21477,175251]    119
DSK:N10350.C01[21477,175251]    2
DSK:N10350.T01[21477,175251]    2
DSK:BK0350.BND[21477,175251]    70
DSK:BK0350.LOG[21477,175251]    8
DSK:BK0350.T01[21477,175251]    2
DSK:BK0350.TYM[21477,175251]    3
DSK:BK0350.C01[21477,175251]    2
DSK:BK0350.C00[21477,175251]    2
DSK:BK0350.CMD[21477,175251]    2
End of SAIL execution
!
74:
.o$
!rolaid ebus/r
?fError: file "DSK:EBUS.ROL", mode "rob14M4E:.ROL"
File not found.
Called from 402164  Last SAIL call at 2600
EXIT
!
 