Master host: 33
26 files on master system.
Slave hosts: 14,17,23,26,30,33,34,37,38,56,74
Checking host 14
(SOURCE      :  14) ELF04.T03                        -- missing on slave
(SOURCE      :  14) ELF04.R03                        -- missing on slave
(SOURCE      :  14) ELF04.P03                        -- missing on slave
(SOURCE      :  14) ELF04.I03                        -- missing on slave
(SOURCE      :  14) ELF04.C03                        -- missing on slave
(SOURCE      :  14) ELF04.A03                        -- missing on slave
(SOURCE      :  14) ELF04.P04                        -- missing on slave
(SOURCE      :  14) ELF04.T04                        -- missing on slave
(SOURCE      :  14) ELF04.R04                        -- missing on slave
(SOURCE      :  14) ELF04.I04                        -- missing on slave
(SOURCE      :  14) ELF04.A04                        -- missing on slave
(SOURCE      :  14) ELF04.C04                        -- missing on slave
(SOURCE      :  14) ELFSLV.6                         -- missing on slave
(SOURCE      :  14) ELFSLV.SAV                       -- missing on slave
(SOURCE      :  14) ELF04.T02                        -- missing on slave
(SOURCE      :  14) ELF04.R02                        -- missing on slave
(SOURCE      :  14) ELF04.P02                        -- missing on slave
(SOURCE      :  14) ELF04.I02                        -- missing on slave
(SOURCE      :  14) ELF04.C02                        -- missing on slave
(SOURCE      :  14) ELF04.A02                        -- missing on slave
(SOURCE      :  14) ELF04.A00                        -- missing on slave
(SOURCE      :  14) ELF04.C00                        -- missing on slave
(SOURCE      :  14) ELF04.I00                        -- missing on slave
(SOURCE      :  14) ELF04.P00                        -- missing on slave
(SOURCE      :  14) ELF04.R00                        -- missing on slave
(SOURCE      :  14) ELF04.T00                        -- missing on slave
Checking host 17
(SOURCE      :  17) ELF04.T03                        -- missing on slave
(SOURCE      :  17) ELF04.R03                        -- missing on slave
(SOURCE      :  17) ELF04.P03                        -- missing on slave
(SOURCE      :  17) ELF04.I03                        -- missing on slave
(SOURCE      :  17) ELF04.C03                        -- missing on slave
(SOURCE      :  17) ELF04.A03                        -- missing on slave
(SOURCE      :  17) ELF04.P04                        -- missing on slave
(SOURCE      :  17) ELF04.T04                        -- missing on slave
(SOURCE      :  17) ELF04.R04                        -- missing on slave
(SOURCE      :  17) ELF04.I04                        -- missing on slave
(SOURCE      :  17) ELF04.A04                        -- missing on slave
(SOURCE      :  17) ELF04.C04                        -- missing on slave
(SOURCE      :  17) ELFSLV.6                         -- missing on slave
(SOURCE      :  17) ELFSLV.SAV                       -- missing on slave
(SOURCE      :  17) ELF04.T02                        -- missing on slave
(SOURCE      :  17) ELF04.R02                        -- missing on slave
(SOURCE      :  17) ELF04.P02                        -- missing on slave
(SOURCE      :  17) ELF04.I02                        -- missing on slave
(SOURCE      :  17) ELF04.C02                        -- missing on slave
(SOURCE      :  17) ELF04.A02                        -- missing on slave
(SOURCE      :  17) ELF04.A00                        -- missing on slave
(SOURCE      :  17) ELF04.C00                        -- missing on slave
(SOURCE      :  17) ELF04.I00                        -- missing on slave
(SOURCE      :  17) ELF04.P00                        -- missing on slave
(SOURCE      :  17) ELF04.R00                        -- missing on slave
(SOURCE      :  17) ELF04.T00                        -- missing on slave
Checking host 23
(SOURCE      :  23) ELFSLV.SAV     3 19-Sep-82 17:23 -- protection ALL RUN RUN
                           should be 19-Sep-82 17:23 SIQJOY  ALL  RD RUN
Checking host 26
(SOURCE      :  26) ELFSLV.SAV     3 29-Aug-90 03:53 -- protection ALL RUN RUN
                           should be 19-Sep-82 17:23 SIQJOY  ALL  RD RUN
Checking host 30
(SOURCE      :  30) ELF04.T03                        -- missing on slave
(SOURCE      :  30) ELF04.R03                        -- missing on slave
(SOURCE      :  30) ELF04.P03                        -- missing on slave
(SOURCE      :  30) ELF04.I03                        -- missing on slave
(SOURCE      :  30) ELF04.C03                        -- missing on slave
(SOURCE      :  30) ELF04.A03                        -- missing on slave
(SOURCE      :  30) ELF04.P04                        -- missing on slave
(SOURCE      :  30) ELF04.T04                        -- missing on slave
(SOURCE      :  30) ELF04.R04                        -- missing on slave
(SOURCE      :  30) ELF04.I04                        -- missing on slave
(SOURCE      :  30) ELF04.A04                        -- missing on slave
(SOURCE      :  30) ELF04.C04                        -- missing on slave
(SOURCE      :  30) ELFSLV.6                         -- missing on slave
(SOURCE      :  30) ELFSLV.SAV                       -- missing on slave
(SOURCE      :  30) ELF04.T02                        -- missing on slave
(SOURCE      :  30) ELF04.R02                        -- missing on slave
(SOURCE      :  30) ELF04.P02                        -- missing on slave
(SOURCE      :  30) ELF04.I02                        -- missing on slave
(SOURCE      :  30) ELF04.C02                        -- missing on slave
(SOURCE      :  30) ELF04.A02                        -- missing on slave
(SOURCE      :  30) ELF04.A00                        -- missing on slave
(SOURCE      :  30) ELF04.C00                        -- missing on slave
(SOURCE      :  30) ELF04.I00                        -- missing on slave
(SOURCE      :  30) ELF04.P00                        -- missing on slave
(SOURCE      :  30) ELF04.R00                        -- missing on slave
(SOURCE      :  30) ELF04.T00                        -- missing on slave
Checking host 33
Checking host 34
(SOURCE      :  34) ELF04.T03                        -- missing on slave
(SOURCE      :  34) ELF04.R03                        -- missing on slave
(SOURCE      :  34) ELF04.P03                        -- missing on slave
(SOURCE      :  34) ELF04.I03                        -- missing on slave
(SOURCE      :  34) ELF04.C03                        -- missing on slave
(SOURCE      :  34) ELF04.A03                        -- missing on slave
(SOURCE      :  34) ELF04.P04                        -- missing on slave
(SOURCE      :  34) ELF04.T04                        -- missing on slave
(SOURCE      :  34) ELF04.R04                        -- missing on slave
(SOURCE      :  34) ELF04.I04                        -- missing on slave
(SOURCE      :  34) ELF04.A04                        -- missing on slave
(SOURCE      :  34) ELF04.C04                        -- missing on slave
(SOURCE      :  34) ELFSLV.6                         -- missing on slave
(SOURCE      :  34) ELFSLV.SAV                       -- missing on slave
(SOURCE      :  34) ELF04.T02                        -- missing on slave
(SOURCE      :  34) ELF04.R02                        -- missing on slave
(SOURCE      :  34) ELF04.P02                        -- missing on slave
(SOURCE      :  34) ELF04.I02                        -- missing on slave
(SOURCE      :  34) ELF04.C02                        -- missing on slave
(SOURCE      :  34) ELF04.A02                        -- missing on slave
(SOURCE      :  34) ELF04.A00                        -- missing on slave
(SOURCE      :  34) ELF04.C00                        -- missing on slave
(SOURCE      :  34) ELF04.I00                        -- missing on slave
(SOURCE      :  34) ELF04.P00                        -- missing on slave
(SOURCE      :  34) ELF04.R00                        -- missing on slave
(SOURCE      :  34) ELF04.T00                        -- missing on slave
Checking host 37
(SOURCE      :  37) ELFSLV.SAV     3 19-Sep-82 17:23 -- protection ALL RUN RUN
                           should be 19-Sep-82 17:23 SIQJOY  ALL  RD RUN
(SOURCE      :  37) ELFSLV.SAV     3 19-Sep-82 17:23 -- bad license  42405
                           should be 19-Sep-82 17:23 SIQJOY  ALL  RD RUN
Checking host 38
(SOURCE      :  38) ELF04.T03                        -- missing on slave
(SOURCE      :  38) ELF04.R03                        -- missing on slave
(SOURCE      :  38) ELF04.P03                        -- missing on slave
(SOURCE      :  38) ELF04.I03                        -- missing on slave
(SOURCE      :  38) ELF04.C03                        -- missing on slave
(SOURCE      :  38) ELF04.A03                        -- missing on slave
(SOURCE      :  38) ELF04.P04                        -- missing on slave
(SOURCE      :  38) ELF04.T04                        -- missing on slave
(SOURCE      :  38) ELF04.R04                        -- missing on slave
(SOURCE      :  38) ELF04.I04                        -- missing on slave
(SOURCE      :  38) ELF04.A04                        -- missing on slave
(SOURCE      :  38) ELF04.C04                        -- missing on slave
(SOURCE      :  38) ELFSLV.6                         -- missing on slave
(SOURCE      :  38) ELFSLV.SAV                       -- missing on slave
(SOURCE      :  38) ELF04.T02                        -- missing on slave
(SOURCE      :  38) ELF04.R02                        -- missing on slave
(SOURCE      :  38) ELF04.P02                        -- missing on slave
(SOURCE      :  38) ELF04.I02                        -- missing on slave
(SOURCE      :  38) ELF04.C02                        -- missing on slave
(SOURCE      :  38) ELF04.A02                        -- missing on slave
(SOURCE      :  38) ELF04.A00                        -- missing on slave
(SOURCE      :  38) ELF04.C00                        -- missing on slave
(SOURCE      :  38) ELF04.I00                        -- missing on slave
(SOURCE      :  38) ELF04.P00                        -- missing on slave
(SOURCE      :  38) ELF04.R00                        -- missing on slave
(SOURCE      :  38) ELF04.T00                        -- missing on slave
Checking host 56
(SOURCE      :  56) ELF04.T03                        -- missing on slave
(SOURCE      :  56) ELF04.R03                        -- missing on slave
(SOURCE      :  56) ELF04.P03                        -- missing on slave
(SOURCE      :  56) ELF04.I03                        -- missing on slave
(SOURCE      :  56) ELF04.C03                        -- missing on slave
(SOURCE      :  56) ELF04.A03                        -- missing on slave
(SOURCE      :  56) ELF04.P04                        -- missing on slave
(SOURCE      :  56) ELF04.T04                        -- missing on slave
(SOURCE      :  56) ELF04.R04                        -- missing on slave
(SOURCE      :  56) ELF04.I04                        -- missing on slave
(SOURCE      :  56) ELF04.A04                        -- missing on slave
(SOURCE      :  56) ELF04.C04                        -- missing on slave
(SOURCE      :  56) ELFSLV.6                         -- missing on slave
(SOURCE      :  56) ELFSLV.SAV                       -- missing on slave
(SOURCE      :  56) ELF04.T02                        -- missing on slave
(SOURCE      :  56) ELF04.R02                        -- missing on slave
(SOURCE      :  56) ELF04.P02                        -- missing on slave
(SOURCE      :  56) ELF04.I02                        -- missing on slave
(SOURCE      :  56) ELF04.C02                        -- missing on slave
(SOURCE      :  56) ELF04.A02                        -- missing on slave
(SOURCE      :  56) ELF04.A00                        -- missing on slave
(SOURCE      :  56) ELF04.C00                        -- missing on slave
(SOURCE      :  56) ELF04.I00                        -- missing on slave
(SOURCE      :  56) ELF04.P00                        -- missing on slave
(SOURCE      :  56) ELF04.R00                        -- missing on slave
(SOURCE      :  56) ELF04.T00                        -- missing on slave
Checking host 74
(SOURCE      :  74) ELF04.T03                        -- missing on slave
(SOURCE      :  74) ELF04.R03                        -- missing on slave
(SOURCE      :  74) ELF04.P03                        -- missing on slave
(SOURCE      :  74) ELF04.I03                        -- missing on slave
(SOURCE      :  74) ELF04.C03                        -- missing on slave
(SOURCE      :  74) ELF04.A03                        -- missing on slave
(SOURCE      :  74) ELF04.P04                        -- missing on slave
(SOURCE      :  74) ELF04.T04                        -- missing on slave
(SOURCE      :  74) ELF04.R04                        -- missing on slave
(SOURCE      :  74) ELF04.I04                        -- missing on slave
(SOURCE      :  74) ELF04.A04                        -- missing on slave
(SOURCE      :  74) ELF04.C04                        -- missing on slave
(SOURCE      :  74) ELFSLV.6                         -- missing on slave
(SOURCE      :  74) ELFSLV.SAV                       -- missing on slave
(SOURCE      :  74) ELF04.T02                        -- missing on slave
(SOURCE      :  74) ELF04.R02                        -- missing on slave
(SOURCE      :  74) ELF04.P02                        -- missing on slave
(SOURCE      :  74) ELF04.I02                        -- missing on slave
(SOURCE      :  74) ELF04.C02                        -- missing on slave
(SOURCE      :  74) ELF04.A02                        -- missing on slave
(SOURCE      :  74) ELF04.A00                        -- missing on slave
(SOURCE      :  74) ELF04.C00                        -- missing on slave
(SOURCE      :  74) ELF04.I00                        -- missing on slave
(SOURCE      :  74) ELF04.P00                        -- missing on slave
(SOURCE      :  74) ELF04.R00                        -- missing on slave
(SOURCE      :  74) ELF04.T00                        -- missing on slave
