!R QUOLST
Disk quotas (number of pages available) for [3,431116]
Str	 FCFS	LOGOUT	 used	left:(in) (out)	 (sys)
-----	------	------	------	------	------	------
DSKB:	 50000	 50000	   278	 49722	 49722	119734    (JMS)

!RUN (JMS)FILLUP
	FILLUP version 4
This program fills up the disk until there are only 2000 pages free.
It creates XXX001.XXX, XXX002.XXX, etc.
Creating XXX000.XXX  OK
Creating XXX001.XXX  OK
Creating XXX002.XXX  OK
Creating XXX003.XXX  OK
Creating XXX004.XXX  OK
Creating XXX005.XXX  OK
Creating XXX006.XXX  OK
Creating XXX007.XXX  OK
Creating XXX010.XXX  OK
Creating XXX011.XXX  OK
Creating XXX012.XXX  OK
Creating XXX013.XXX  OK
Creating XXX014.XXX  OK
Creating XXX015.XXX  OK
Creating XXX016.XXX  OK
Creating XXX017.XXX  OK
Creating XXX020.XXX  OK
Creating XXX021.XXX  OK
Creating XXX022.XXX  OK
Creating XXX023.XXX  OK
Creating XXX024.XXX  OK
Creating XXX025.XXX  OK
Creating XXX026.XXX  OK
Creating XXX027.XXX  OK
Creating XXX030.XXX  OK
Creating XXX031.XXX  OK
Creating XXX032.XXX  OK
Creating XXX033.XXX  OK
Creating XXX034.XXX  OK
Creating XXX035.XXX  OK
Creating XXX036.XXX  OK
Creating XXX037.XXX  OK
Creating XXX040.XXX  OK
Creating XXX041.XXX  OK
Creating XXX042.XXX  OK
Creating XXX043.XXX  OK
Creating XXX044.XXX  OK
Creating XXX045.XXX  OK
Creating XXX046.XXX  OK
Creating XXX047.XXX  OK
Creating XXX050.XXX  OK
Creating XXX051.XXX  OK
Creating XXX052.XXX  OK
Creating XXX053.XXX  OK
Creating XXX054.XXX  OK
Creating XXX055.XXX  OK
Creating XXX056.XXX  OK
Creating XXX057.XXX  OK
Creating XXX060.XXX  disk full!  File deleted.
Terminating because of disk full or other error
XXX057.XXX deleted (1000 pages freed)
XXX000.XXX deleted (1000 pages freed)

EXIT

!R QUOLST
Disk quotas (number of pages available) for [3,431116]
Str	 FCFS	LOGOUT	 used	left:(in) (out)	 (sys)
-----	------	------	------	------	------	------
DSKB:	 50000	 50000	 47410	  2590	  2590	 72690    (JMS)

!RUN (SPL)FINDIT
Find file: (JMS)*.*
(JMS         :  70) RPG.INI        2 18-Apr-87 02:41 ZAMREF  ALL  RD  NO
(JMS         :  70) VUE.INI        2 18-Apr-87 02:42 QOQROB  ALL  RD  NO
(JMS         :  70) ACCESS.MSG     2 25-Nov-86 20:47 CARMOL  ALL  RD  RD
(JMS         :  70) PPNS.TEC       2 18-Apr-87 02:41 NUXVIJ  ALL  RD  NO
(JMS         :  70) XXX005.XXX  1000 30-May-87 00:26 VAXMUQ  ALL  RD  NO
(JMS         :  70) XXX014.XXX  1000 30-May-87 00:35 VIRNOS  ALL  RD  NO
(JMS         :  70) XXX023.XXX  1000 30-May-87 00:46 ZAQGUP  ALL  RD  NO
(JMS         :  70) XXX032.XXX  1000 30-May-87 00:56 KONZAC  ALL  RD  NO
(JMS         :  70) XXX041.XXX  1000 30-May-87 01:03 BICLIK  ALL  RD  NO
(JMS         :  70) XXX050.XXX  1000 30-May-87 01:13 GEVLOR  ALL  RD  NO
(JMS         :  70) TUMS.INI       3 18-Apr-87 02:42 PEMTIV  ALL  RD  NO
(JMS         :  70) SED.SHR       19 16-Sep-85 19:12 GIJZUN  ALL  RD  RD
(JMS         :  70) SED.LOW       12 16-Sep-85 19:12 VUJJIV  ALL  RD  RD
(JMS         :  70) 023RPG.TMP     2 30-May-87 00:15 ZAMREF  ALL  RD  NO
(JMS         :  70) XXX006.XXX  1000 30-May-87 00:28 RISDOY  ALL  RD  NO
(JMS         :  70) XXX015.XXX  1000 30-May-87 00:36 CAWTUW  ALL  RD  NO
(JMS         :  70) SYS.TMP      131 30-May-87 00:45 JUCZAP  ALL  RD  NO
(JMS         :  70) XXX024.XXX  1000 30-May-87 00:48 VEDZUC  ALL  RD  NO
(JMS         :  70) XXX033.XXX  1000 30-May-87 00:57 DIBKUR  ALL  RD  NO
(JMS         :  70) XXX042.XXX  1000 30-May-87 01:04 XENMAG  ALL  RD  NO
(JMS         :  70) XXX051.XXX  1000 30-May-87 01:14 WASQEV  ALL  RD  NO
(JMS         :  70) FNDBAD.CTL     2 28-Jan-87 01:14 LUJVAX  ALL  RD  NO
(JMS         :  70) FNDBAD.RPT     1 29-May-87 07:30 VAVVAV  ALL  RD  RD
(JMS         :  70) FNDBAD.LOG     2 29-May-87 07:30 VIZJAH  ALL  RD  NO
(JMS         :  70) XXX007.XXX  1000 30-May-87 00:29 ZAYXEQ  ALL  RD  NO
(JMS         :  70) XXX016.XXX  1000 30-May-87 00:38 SILFOD  ALL  RD  NO
(JMS         :  70) 033RPG.TMP     2 30-May-87 00:45 ZAMREF  ALL  RD  NO
(JMS         :  70) XXX025.XXX  1000 30-May-87 00:50 SEVDER  ALL  RD  NO
(JMS         :  70) XXX034.XXX  1000 30-May-87 00:58 MEVSUB  ALL  RD  NO
(JMS         :  70) XXX043.XXX  1000 30-May-87 01:06 GENJED  ALL  RD  NO
(JMS         :  70) XXX052.XXX  1000 30-May-87 01:15 QEBWOP  ALL  RD  NO
(JMS         :  70) PEAK.INI       2 18-Apr-87 02:41 MONJAM  ALL  RD  NO
(JMS         :  70) SZRPT.CTL      2 20-May-87 15:21 WADKAH  ALL  RD  NO
(JMS         :  70) SZRPT.LOG      3 30-May-87 00:45 PAZDIB  ALL  RD  NO
(JMS         :  70) SZRPT.GAN      6 21-Jan-87 19:10 BENWOY  ALL  RD  NO
(JMS         :  70) HOLE.70        2 17-Feb-87 22:01 QUYKUB  ALL  RD  NO
(JMS         :  70) XXX001.XXX  1000 30-May-87 00:20 CEKQID  ALL  RD  NO
(JMS         :  70) XXX001.TMP   999 30-May-87 00:20 NOYBOJ  ALL  RD  NO
(JMS         :  70) XXX010.XXX  1000 30-May-87 00:30 WUJKOK  ALL  RD  NO
(JMS         :  70) XXX017.XXX  1000 30-May-87 00:39 ROZSOB  ALL  RD  NO
(JMS         :  70) XXX026.XXX  1000 30-May-87 00:52 REKKOD  ALL  RD  NO
(JMS         :  70) XXX035.XXX  1000 30-May-87 00:59 DAYNUX  ALL  RD  NO
(JMS         :  70) XXX044.XXX  1000 30-May-87 01:07 KERJOS  ALL  RD  NO
(JMS         :  70) XXX053.XXX  1000 30-May-87 01:16 QOJCAX  ALL  RD  NO
(JMS         :  70) SWITCH.INI     2 29-May-87 17:57 FAPMOH  ALL  RD  NO
(JMS         :  70) TURNUP.SAV    17 05-Feb-87 14:53 NOYHIY  ALL  RD  NO
(JMS         :  70) CRSHID.LOG     2 23-Mar-87 14:52 QACKIB  ALL  RD  NO
(JMS         :  70) XXX002.XXX  1000 30-May-87 00:22 PIZMET  ALL  RD  NO
(JMS         :  70) XXX011.XXX  1000 30-May-87 00:31 XIDDUV  ALL  RD  NO
(JMS         :  70) XXX020.XXX  1000 30-May-87 00:41 BOMNOJ  ALL  RD  NO
(JMS         :  70) XXX027.XXX  1000 30-May-87 00:53 XIBHUR  ALL  RD  NO
(JMS         :  70) XXX036.XXX  1000 30-May-87 01:00 MIDYUG  ALL  RD  NO
(JMS         :  70) XXX045.XXX  1000 30-May-87 01:08 CUQDAF  ALL  RD  NO
(JMS         :  70) XXX054.XXX  1000 30-May-87 01:17 KIHFIK  ALL  RD  NO
(JMS         :  70) MAIL.FWD       2 23-Apr-87 13:39 GOTXUT  ALL  RD  NO
(JMS         :  70) MAIL.BOX      63 27-Nov-85 17:28 YIVCAX  ALL  RD  NO
(JMS         :  70) SEDONL.HLP    11 22-May-85 06:23 WIJZIT  ALL  RD  RD
(JMS         :  70) SED9.SHR      19 12-May-86 21:18 PEGWIC  ALL  RD  RD
(JMS         :  70) SED9.LOW      12 12-May-86 21:18 SIBJER  ALL  RD  RD
(JMS         :  70) FILLUP.MAC     3 27-Jan-87 14:00 HICHAJ  ALL  RD  NO
(JMS         :  70) FILLUP.SAV     2 27-Jan-87 14:02 VIRWAL  ALL  RD  NO
(JMS         :  70) TTYINI.SAV     2 18-Sep-86 13:09 JIGDEP  ALL  RD  NO
(JMS         :  70) FILLUP.BAK     2 05-Dec-86 21:57 RIBBOK  ALL  RD  NO
(JMS         :  70) MAIL           1 14-May-87 14:56 VAVVAV  ALL  RD  NO
(JMS         :  70) FINDIT.TEC     2 18-Apr-87 02:41 NIKGIC  ALL  RD  NO
(JMS         :  70) FILLUP.CTL     2 30-May-87 00:18 FILPUB  ALL  RD  NO
(JMS         :  70) FILLUP.LOG     1 30-May-87 00:18 QIPGUW  ALL  RD  NO
(JMS         :  70) XXX003.XXX  1000 30-May-87 00:23 XEZRIJ  ALL  RD  NO
(JMS         :  70) XXX012.XXX  1000 30-May-87 00:32 HUQHOS  ALL  RD  NO
(JMS         :  70) XXX021.XXX  1000 30-May-87 00:43 JIZVIS  ALL  RD  NO
(JMS         :  70) XXX030.XXX  1000 30-May-87 00:54 ZITTUK  ALL  RD  NO
(JMS         :  70) XXX037.XXX  1000 30-May-87 01:01 VETFAD  ALL  RD  NO
(JMS         :  70) XXX046.XXX  1000 30-May-87 01:10 MUFXAJ  ALL  RD  NO
(JMS         :  70) XXX055.XXX  1000 30-May-87 01:19 DALQED  ALL  RD  NO
(JMS         :  70) TECO.INI       2 18-Apr-87 02:42 YAGZUM  ALL  RD  NO
(JMS         :  70) TECO.SHR      15 13-Aug-85 17:52 FARRIR  ALL  RD  RD
(JMS         :  70) TECO.ERR      15 13-Aug-85 17:34 BACMEX  ALL  RD  RD
(JMS         :  70) DIRIT.INI      2 18-Apr-87 02:41 ZAKKIH  ALL  RD  NO
(JMS         :  70) DSKCLN.CTL     2 04-Mar-87 23:27 BIWZIQ  ALL  RD  NO
(JMS         :  70) DSKCLN.OLD    10 07-Feb-87 12:44 PALSIW  ALL  RD  NO
(JMS         :  70) CKSUM.CTL      2 05-Dec-86 21:12 QOXFOM  ALL  RD  NO
(JMS         :  70) SETPDT.SAV     2 04-Feb-87 22:55 LOZZIS  ALL  RD  NO
(JMS         :  70) DSKCLN.LOG     6 28-Mar-87 00:01 TIVMEL  ALL  RD  NO
(JMS         :  70) DSKCLN.SAV    11 05-Mar-87 17:08 SIGQUQ  ALL  RD  NO
(JMS         :  70) XXX004.XXX  1000 30-May-87 00:25 ZAJPAM  ALL  RD  NO
(JMS         :  70) XXX013.XXX  1000 30-May-87 00:34 QIFGAX  ALL  RD  NO
(JMS         :  70) XXX022.XXX  1000 30-May-87 00:44 BAJLEV  ALL  RD  NO
(JMS         :  70) XXX031.XXX  1000 30-May-87 00:55 QAXTEC  ALL  RD  NO
(JMS         :  70) XXX040.XXX  1000 30-May-87 01:02 CEKYUT  ALL  RD  NO
(JMS         :  70) XXX047.XXX  1000 30-May-87 01:11 KUCGIF  ALL  RD  NO
(JMS         :  70) XXX056.XXX  1000 30-May-87 01:20 ZALSAN  ALL  RD  NO
Find file: 

End of SAIL execution
!CORE
32:32+0/512 pages
Vir. core left=72628

!SEND JMS
TYPE LETTER:
; PCOM v1.63 - processed: (JMS)FILLUP.LOG = (JMS)FILLUP.CTL
; Options: DETACH  LOG NOAPPEND SUPERSEDE LICENSE 
; Limits: TIME:60 TRULIMIT:0 
; Status: completed.
; Output recorded in file (JMS)FILLUP.LOG.

mail waiting
!LOGOUT
6971.24 tru
terminal time: 1:41:22
   