!rdist PEAK.RDI=(PEAK)/check/nomissing
Master host: 32
56 files on master system.
Slave hosts: 14,17,22,23,25,26,30,31,32,33,34,35,37,38,54,56,58,74
Checking host 14

?unable to build circuit to JMS:14
?host unavailable

?unable to build circuit to JMS:14
?host unavailable

?unable to build circuit to JMS:14
?host unavailable

?unable to build circuit to JMS:14
?host unavailable

?unable to build circuit to JMS:14
?host unavailable
Creaux failed to JMS:14
Checking host 17

?unable to build circuit to JMS:17
?host unavailable

?unable to build circuit to JMS:17
?host unavailable

?unable to build circuit to JMS:17
?host unavailable

?unable to build circuit to JMS:17
?host unavailable

?unable to build circuit to JMS:17
?host unavailable
Creaux failed to JMS:17
Checking host 22
(PEAK        :  22) ACCESS.MSG     2 05-Jun-84 07:05 -- bad checksum HIMHIS
                           should be 09-Feb-88 12:46 MAKDUG  ALL  RD  NO
(PEAK        :  22) SETRPG.CTL     2 07-Apr-86 05:19 -- bad checksum FUSFAL
                           should be 10-Oct-85 14:10 TICFEG  ALL  RD  NO
(PEAK        :  22) RPG.INI        2 10-Apr-86 12:56 -- bad checksum CAJJAK
                           should be 10-Oct-85 14:10 FOVTIL  ALL  RD  NO
(PEAK        :  22) DG.SAV        36 11-Aug-86 12:41 -- bad checksum MOLXIC
                           should be 26-Jun-86 18:53 JOHTAS  ALL  RD  NO
(PEAK        :  22) PEAK.SAV      69 22-Sep-87 13:24 -- bad checksum WUWMEV
                           should be 22-Jan-86 18:52 JUPNEJ  ALL  RD  NO
(PEAK        :  22) TURNUP.MSG     2 14-Oct-85 17:53 -- bad checksum ROHQAY
                           should be 12-Mar-86 15:17 HERQEV  ALL  RD  NO
(PEAK        :  22) TURNUP.CTL     2 16-Jan-86 13:52 -- bad checksum NASWOS
                           should be 07-Mar-86 18:57 WOYSOW  ALL  RD  NO
(PEAK        :  22) MAIL.FWD       2 24-Aug-87 21:14 -- bad checksum DUPHEH
                           should be 16-Jan-86 13:31 GIDSEY  ALL  RD  NO
(PEAK        :  22) MP.SAV        26 16-Apr-86 17:51 -- extra not on master
(PEAK        :  22) PHONES         2 06-May-86 12:06 -- bad checksum TEZDAM
                           should be 15-Feb-86 12:02 TAJRAF  ALL  RD  NO
Checking host 23
(PEAK        :  23) ACCESS.MSG     2 05-Jun-84 07:05 -- bad checksum HIMHIS
                           should be 09-Feb-88 12:46 MAKDUG  ALL  RD  NO
(PEAK        :  23) SETRPG.CTL     2 07-Apr-86 05:20 -- bad checksum FUSFAL
                           should be 10-Oct-85 14:10 TICFEG  ALL  RD  NO
(PEAK        :  23) RPG.INI        2 07-Apr-86 13:57 -- bad checksum CAJJAK
                           should be 10-Oct-85 14:10 FOVTIL  ALL  RD  NO
(PEAK        :  23) INIT.SAV      25 25-Jun-86 16:41 -- bad license 541412
                           should be 25-Jun-86 17:38 XUZSUT  ALL  RD  NO 741412
(PEAK        :  23) MSC.DAT        2 14-Nov-85 00:40 -- extra not on master
(PEAK        :  23) DG.SAV        36 11-Aug-86 12:45 -- bad checksum MOLXIC
                           should be 26-Jun-86 18:53 JOHTAS  ALL  RD  NO
(PEAK        :  23) PUT.SAV       33 27-Jun-86 11:12 -- bad checksum XOBYEW
                           should be 30-Jun-86 01:04 VUCYUR  ALL  RD  NO
(PEAK        :  23) PEAK.SAV      69 22-Sep-87 14:26 -- bad checksum WUWMEV
                           should be 22-Jan-86 18:52 JUPNEJ  ALL  RD  NO
(PEAK        :  23) SWITCH.INI     2 07-Jul-86 13:48 -- bad checksum RAVBEW
                           should be 07-Jul-86 13:53 XIQLIH  ALL  RD  NO
(PEAK        :  23) TURNUP.MSG     2 14-Oct-85 18:09 -- bad checksum ROHQAY
                           should be 12-Mar-86 15:17 HERQEV  ALL  RD  NO
(PEAK        :  23) TURNUP.CTL     2 16-Jan-86 13:52 -- bad checksum NASWOS
                           should be 07-Mar-86 18:57 WOYSOW  ALL  RD  NO
(PEAK        :  23) MAIL.FWD       2 24-Aug-87 21:15 -- bad checksum DUPHEH
                           should be 16-Jan-86 13:31 GIDSEY  ALL  RD  NO
(PEAK        :  23) MP.SAV        26 16-Apr-86 17:57 -- extra not on master
(PEAK        :  23) PHONES         2 06-May-86 12:07 -- bad checksum TEZDAM
                           should be 15-Feb-86 12:02 TAJRAF  ALL  RD  NO
Checking host 25
(PEAK        :  25) SETRPG.CTL     2 07-Apr-86 05:20 -- bad checksum FUSFAL
                           should be 10-Oct-85 14:10 TICFEG  ALL  RD  NO
(PEAK        :  25) RPG.INI        2 07-Apr-86 13:58 -- bad checksum CAJJAK
                           should be 10-Oct-85 14:10 FOVTIL  ALL  RD  NO
(PEAK        :  25) MSC.DAT        2 14-Nov-85 00:40 -- extra not on master
(PEAK        :  25) DG.SAV        36 11-Aug-86 12:50 -- bad checksum MOLXIC
                           should be 26-Jun-86 18:53 JOHTAS  ALL  RD  NO
(PEAK        :  25) PEAK.KEY       2 31-Jul-83 21:01 -- extra not on master
(PEAK        :  25) PEAK.SAV      69 22-Sep-87 14:32 -- bad checksum WUWMEV
                           should be 22-Jan-86 18:52 JUPNEJ  ALL  RD  NO
(PEAK        :  25) TURNUP.MSG     2 14-Oct-85 18:10 -- bad checksum ROHQAY
                           should be 12-Mar-86 15:17 HERQEV  ALL  RD  NO
(PEAK        :  25) MAIL.FWD       2 24-Aug-87 21:15 -- bad checksum DUPHEH
                           should be 16-Jan-86 13:31 GIDSEY  ALL  RD  NO
(PEAK        :  25) MP.SAV        26 16-Apr-86 18:05 -- extra not on master
(PEAK        :  25) PHONES         2 06-May-86 12:08 -- bad checksum TEZDAM
                           should be 15-Feb-86 12:02 TAJRAF  ALL  RD  NO
Checking host 26
(PEAK        :  26) ACCESS.BAK     2 05-Jun-84 07:05 -- extra not on master
(PEAK        :  26) ACCESS.MSG     2 28-Oct-85 22:56 -- bad checksum ZEPNEP
                           should be 09-Feb-88 12:46 MAKDUG  ALL  RD  NO
(PEAK        :  26) SETRPG.CTL     2 07-Apr-86 05:20 -- bad checksum FUSFAL
                           should be 10-Oct-85 14:10 TICFEG  ALL  RD  NO
(PEAK        :  26) RPG.INI        2 07-Apr-86 13:58 -- bad checksum CAJJAK
                           should be 10-Oct-85 14:10 FOVTIL  ALL  RD  NO
(PEAK        :  26) MSC.DAT        2 14-Nov-85 00:40 -- extra not on master
(PEAK        :  26) PERM.BAK       2 08-Apr-86 21:46 -- extra not on master
(PEAK        :  26) PERM.PAS       2 08-Apr-86 21:48 -- extra not on master
(PEAK        :  26) DG.SAV        36 11-Aug-86 12:56 -- bad checksum MOLXIC
                           should be 26-Jun-86 18:53 JOHTAS  ALL  RD  NO
(PEAK        :  26) PEAK.KEY       2 31-Jul-83 21:01 -- extra not on master
(PEAK        :  26) PEAK.SAV      69 22-Sep-87 13:30 -- bad checksum WUWMEV
                           should be 22-Jan-86 18:52 JUPNEJ  ALL  RD  NO
(PEAK        :  26) TURNUP.MSG     2 14-Oct-85 18:09 -- bad checksum ROHQAY
                           should be 12-Mar-86 15:17 HERQEV  ALL  RD  NO
(PEAK        :  26) TURNUP.CTL     2 16-Jan-86 13:53 -- bad checksum NASWOS
                           should be 07-Mar-86 18:57 WOYSOW  ALL  RD  NO
(PEAK        :  26) MAIL.FWD       2 24-Aug-87 21:14 -- bad checksum DUPHEH
                           should be 16-Jan-86 13:31 GIDSEY  ALL  RD  NO
(PEAK        :  26) MP.SAV        26 16-Apr-86 18:11 -- extra not on master
Checking host 30
(PEAK        :  30) ACCESS.MSG     2 05-Jun-84 07:06 -- bad checksum HIMHIS
                           should be 09-Feb-88 12:46 MAKDUG  ALL  RD  NO
(PEAK        :  30) SETRPG.CTL     2 07-Apr-86 05:18 -- bad checksum FUSFAL
                           should be 10-Oct-85 14:10 TICFEG  ALL  RD  NO
(PEAK        :  30) RPG.INI        2 07-Apr-86 13:51 -- bad checksum NOBLEM
                           should be 10-Oct-85 14:10 FOVTIL  ALL  RD  NO
(PEAK        :  30) MSC.DAT        2 14-Nov-85 00:41 -- extra not on master
(PEAK        :  30) DG.SAV        36 26-Jun-86 17:49 -- bad checksum XUPRAT
                           should be 26-Jun-86 18:53 JOHTAS  ALL  RD  NO
(PEAK        :  30) PEAK.KEY       2 31-Jul-83 21:04 -- extra not on master
(PEAK        :  30) PEAK.SAV      69 22-Sep-87 13:44 -- bad checksum WUWMEV
                           should be 22-Jan-86 18:52 JUPNEJ  ALL  RD  NO
(PEAK        :  30) TURNUP.MSG     2 14-Oct-85 18:08 -- bad checksum ROHQAY
                           should be 12-Mar-86 15:17 HERQEV  ALL  RD  NO
(PEAK        :  30) TURNUP.CTL     2 16-Jan-86 13:53 -- bad checksum NASWOS
                           should be 07-Mar-86 18:57 WOYSOW  ALL  RD  NO
(PEAK        :  30) MAIL.FWD       2 24-Aug-87 21:14 -- bad checksum DUPHEH
                           should be 16-Jan-86 13:31 GIDSEY  ALL  RD  NO
(PEAK        :  30) MP.SAV        26 16-Apr-86 18:36 -- extra not on master
Checking host 31
(PEAK        :  31) SETRPG.CTL     2 07-Apr-86 05:21 -- bad checksum FUSFAL
                           should be 10-Oct-85 14:10 TICFEG  ALL  RD  NO
(PEAK        :  31) RPG.INI        2 07-Apr-86 14:00 -- bad checksum CAJJAK
                           should be 10-Oct-85 14:10 FOVTIL  ALL  RD  NO
(PEAK        :  31) MSC.DAT        2 14-Nov-85 00:41 -- extra not on master
(PEAK        :  31) PEAK.SAV      69 22-Sep-87 14:46 -- bad checksum WUWMEV
                           should be 22-Jan-86 18:52 JUPNEJ  ALL  RD  NO
(PEAK        :  31) TURNUP.MSG     2 14-Oct-85 18:07 -- bad checksum ROHQAY
                           should be 12-Mar-86 15:17 HERQEV  ALL  RD  NO
(PEAK        :  31) TURNUP.CTL     2 16-Jan-86 13:54 -- bad checksum NASWOS
                           should be 07-Mar-86 18:57 WOYSOW  ALL  RD  NO
(PEAK        :  31) MAIL.FWD       2 24-Aug-87 21:16 -- bad checksum DUPHEH
                           should be 16-Jan-86 13:31 GIDSEY  ALL  RD  NO
(PEAK        :  31) MP.SAV        26 16-Apr-86 18:40 -- extra not on master
Checking host 32
Checking host 33
(PEAK        :  33) ACCESS.MSG     2 02-Jul-86 01:59 -- bad checksum MODRUK
                           should be 09-Feb-88 12:46 MAKDUG  ALL  RD  NO
(PEAK        :  33) SETRPG.CTL     2 15-Jul-86 21:59 -- bad checksum KIRHIS
                           should be 10-Oct-85 14:10 TICFEG  ALL  RD  NO
(PEAK        :  33) ACCESS.BAK     2 05-Jun-84 07:09 -- extra not on master
(PEAK        :  33) VUE.INI        2 06-Jan-83 16:35 -- extra not on master
(PEAK        :  33) RPG.INI        2 15-Jul-86 22:00 -- bad checksum GOZCIP
                           should be 10-Oct-85 14:10 FOVTIL  ALL  RD  NO
(PEAK        :  33) RDMAIL.INI     2 06-Jan-83 16:34 -- extra not on master
(PEAK        :  33) ONTYME.MAI     5 07-Nov-85 07:49 -- extra not on master
(PEAK        :  33) DUSAGE.RPT     6 27-Jun-86 15:13 -- bad checksum YUBQAL
                           should be 02-Jul-84 08:31 LOBLOK  ALL  RD  NO
(PEAK        :  33) DUSAGE.DAT     2 27-Jun-86 15:13 -- bad checksum GUSTAJ
                           should be 02-Jul-84 08:31 CIHRID  ALL  RD  NO
(PEAK        :  33) UNAME.SAV     21 24-Jul-86 11:53 -- extra not on master
(PEAK        :  33) UNAME.SAI      2 24-Jul-86 11:52 -- extra not on master
(PEAK        :  33) 008TEL.COM     2 23-Sep-86 15:57 -- extra not on master
(PEAK        :  33) 008TEL.OUT     2 23-Sep-86 15:57 -- extra not on master
(PEAK        :  33) UNAME.REL      2 24-Jul-86 11:52 -- extra not on master
(PEAK        :  33) DG.SAV        36 11-Aug-86 13:08 -- bad checksum MOLXIC
                           should be 26-Jun-86 18:53 JOHTAS  ALL  RD  NO
(PEAK        :  33) SLAM.SAV      33 02-Jul-86 15:06 -- bad checksum FAVSIH
                           should be 01-Jul-86 18:47 GETWIM  ALL  RD  NO
(PEAK        :  33) MSC.DAT        2 14-Nov-85 00:44 -- extra not on master
(PEAK        :  33) BOOKS.DAT      2 30-Sep-83 11:23 -- extra not on master
(PEAK        :  33) COPY.CTL       2 05-Jun-84 07:35 -- extra not on master
(PEAK        :  33) PERM.MSG       2 19-Jun-84 08:03 -- extra not on master
(PEAK        :  33) INIT.DAT       2 16-Aug-85 14:43 -- extra not on master
(PEAK        :  33) NEWMAI.SAV    28 28-Jan-86 16:20 -- extra not on master
(PEAK        :  33) NEWMAI.SAI     3 24-Mar-86 13:47 -- extra not on master
(PEAK        :  33) TMP.DAT        3 05-Feb-86 21:32 -- extra not on master
(PEAK        :  33) SLAM.SAI      11 01-Jul-86 17:20 -- extra not on master
(PEAK        :  33) TUMS.MSG      15 26-Jun-86 15:46 -- bad checksum YIQZUK
                           should be 10-Oct-85 14:13 VAVVAV  ALL  RD  NO
(PEAK        :  33) TUMS.TIX       4 19-Oct-86 17:49 -- bad checksum BABXAL
                           should be 18-Oct-85 22:14 WURPIS  ALL  RD  NO
(PEAK        :  33) TUMS.MAI       2 24-Mar-86 13:46 -- extra not on master
(PEAK        :  33) TUMS.ARC       5 24-Jun-86 10:37 -- extra not on master
(PEAK        :  33) CORP.MAI      20 21-Mar-86 10:48 -- extra not on master
(PEAK        :  33) BB.RES         2 26-Mar-86 20:36 -- extra not on master
(PEAK        :  33) TMP.CTL        2 18-Jul-86 16:18 -- bad checksum COJWEK
                           should be 25-Oct-85 15:15 WOBQUD  ALL  RD  NO
(PEAK        :  33) ZEE.SAV       26 15-Oct-85 02:13 -- bad checksum MOXFUM
                           should be 15-Oct-85 01:55 DOSXER  ALL  RD  NO
(PEAK        :  33) PUT.SAV       33 07-Jul-86 11:19 -- bad checksum MIVMOY
                           should be 30-Jun-86 01:04 VUCYUR  ALL  RD  NO
(PEAK        :  33) DA.SAV        18 01-Mar-83 11:43 -- extra not on master
(PEAK        :  33) DIRECT.MAP     2 05-Jun-84 09:59 -- extra not on master
(PEAK        :  33) 6BIT           2 27-Aug-85 12:22 -- extra not on master
(PEAK        :  33) MDL            2 18-Feb-83 22:25 -- extra not on master
(PEAK        :  33) LTR.LTR        4 27-Dec-85 09:24 -- extra not on master
(PEAK        :  33) PUT.SAI       10 07-Jul-86 11:14 -- extra not on master
(PEAK        :  33) 003TEL.COM     2 17-Jul-86 17:29 -- extra not on master
(PEAK        :  33) 003TEL.OUT     2 17-Jul-86 17:29 -- extra not on master
(PEAK        :  33) SYSTEM.MAI    13 21-Mar-86 10:56 -- extra not on master
(PEAK        :  33) DIFGEN.SAI    13 11-Aug-86 11:31 -- extra not on master
(PEAK        :  33) DIFGEN.REL     9 11-Aug-86 11:31 -- extra not on master
(PEAK        :  33) PEAK.SAV      69 22-Sep-87 13:51 -- bad checksum WUWMEV
                           should be 22-Jan-86 18:52 JUPNEJ  ALL  RD  NO
(PEAK        :  33) PEAK.KEY       2 31-Jul-83 21:08 -- extra not on master
(PEAK        :  33) C.SAV         11 05-May-82 11:22 -- extra not on master
(PEAK        :  33) WRDMSK         3 07-Mar-83 16:17 -- extra not on master
(PEAK        :  33) CAL            3 05-Jun-83 11:15 -- extra not on master
(PEAK        :  33) MOVDIR.CTL     2 03-May-84 01:05 -- extra not on master
(PEAK        :  33) MAI.CTL        2 25-Jul-82 18:29 -- extra not on master
(PEAK        :  33) FDM.SAV       38 13-Jul-84 23:33 -- bad checksum HIKHIM
                           should be 19-Jun-84 16:25 XUPNIR  ALL  RD  NO
(PEAK        :  33) PEAK.MAI       4 21-Mar-86 10:56 -- extra not on master
(PEAK        :  33) C.PEA          2 25-Mar-86 11:49 -- extra not on master
(PEAK        :  33) RESUME         2 01-May-86 21:50 -- extra not on master
(PEAK        :  33) TURNUP.CTL     2 25-Aug-86 12:38 -- bad checksum MOCCUN
                           should be 07-Mar-86 18:57 WOYSOW  ALL  RD  NO
(PEAK        :  33) TURNUP.MSG     2 29-Sep-86 17:06 -- bad checksum ZEVYEJ
                           should be 12-Mar-86 15:17 HERQEV  ALL  RD  NO
(PEAK        :  33) SWITCH.INI     2 10-Sep-86 17:36 -- bad checksum YONSOM
                           should be 07-Jul-86 13:53 XIQLIH  ALL  RD  NO
(PEAK        :  33) DIR.CTL        2 04-Jun-84 10:15 -- extra not on master
(PEAK        :  33) RTN            2 04-Dec-82 14:21 -- extra not on master
(PEAK        :  33) D.SAI          6 24-Mar-86 13:47 -- extra not on master
(PEAK        :  33) SWITCH.BAK     2 17-Jul-86 17:29 -- bad checksum WAXWOL
                           should be 29-Apr-86 16:50 RAVBEW  ALL  RD  NO
(PEAK        :  33) TST.SAV       20 02-Jul-86 16:09 -- extra not on master
(PEAK        :  33) TST.SAI        2 04-Jul-86 10:59 -- extra not on master
(PEAK        :  33) CRTN           2 25-Mar-86 11:49 -- extra not on master
(PEAK        :  33) KLIB.FDM     183 25-Jun-86 16:27 -- extra not on master
(PEAK        :  33) STUFF.FDM     39 26-Jun-86 17:17 -- extra not on master
(PEAK        :  33) TURNUP.LOG     2 02-Sep-86 16:03 -- extra not on master
(PEAK        :  33) SAIL.FDM      55 17-Aug-86 17:25 -- extra not on master
(PEAK        :  33) TURNUP.BAK     2 02-Sep-86 16:02 -- extra not on master
(PEAK        :  33) PROC1.TYM      2 06-Oct-86 22:21 -- extra not on master
(PEAK        :  33) Y            111 18-Jul-86 17:22 -- extra not on master
(PEAK        :  33) MP.SAV        26 16-Apr-86 19:42 -- extra not on master
(PEAK        :  33) LISP.INI       2 06-Jan-83 16:34 -- extra not on master
(PEAK        :  33) MAIL.FWD       2 24-Aug-87 21:15 -- bad checksum DUPHEH
                           should be 16-Jan-86 13:31 GIDSEY  ALL  RD  NO
(PEAK        :  33) LISP.LSP       4 01-Apr-82 12:04 -- extra not on master
(PEAK        :  33) MAIL.BOX      23 31-Mar-86 22:05 -- bad checksum FIRVUR
                           should be 25-Oct-85 13:49 MIVBEF  ALL  RD  NO
(PEAK        :  33) VAXMSK         3 02-Feb-84 12:30 -- extra not on master
(PEAK        :  33) ONTYM.MAI     89 21-Mar-86 10:50 -- extra not on master
(PEAK        :  33) DAT            3 17-Mar-86 23:06 -- extra not on master
(PEAK        :  33) KEEPME.MAI   141 14-Mar-86 22:40 -- extra not on master
(PEAK        :  33) LOAN.SAI       2 04-Apr-86 12:38 -- extra not on master
(PEAK        :  33) S.SAI          2 18-Jun-86 16:05 -- extra not on master
(PEAK        :  33) KD.BAK         2 11-May-86 00:40 -- extra not on master
(PEAK        :  33) PRT            3 21-May-86 15:05 -- extra not on master
(PEAK        :  33) PHONES         2 09-Sep-86 12:23 -- bad checksum BOGSUG
                           should be 15-Feb-86 12:02 TAJRAF  ALL  RD  NO
(PEAK        :  33) RULER          2 19-Jan-84 17:00 -- extra not on master
(PEAK        :  33) PHONES.MEM     2 17-Feb-84 15:14 -- extra not on master
(PEAK        :  33) PRT.CTL        2 18-Jul-84 12:43 -- extra not on master
(PEAK        :  33) PRT.IRS        3 25-Mar-86 11:53 -- extra not oner
(PEAK        :  33) FILTER.BAK     2 10-Sep-86 12:14 -- extra not on master
(PEAK        :  33) PHONES.BAK     2 25-Aug-86 12:30 -- extra not on master
(PEAK        :  33) ESI.TXT        2 25-Mar-86 11:54 -- extra not on master
Checking host 34
(PEAK        :  34) SETRPG.CTL     2 07-Apr-86 05:21 -- bad checksum FUSFAL
                           should be 10-Oct-85 14:10 TICFEG  ALL  RD  NO
(PEAK        :  34) RPG.INI        2 07-Apr-86 14:00 -- bad checksum NOBLEM
                           should be 10-Oct-85 14:10 FOVTIL  ALL  RD  NO
(PEAK        :  34) ACCESS.BAK     2 14-Aug-85 16:33 -- extra not on master
(PEAK        :  34) ACCESS.MSG     2 19-Jan-86 17:59 -- bad checksum DUCGER
                           should be 09-Feb-88 12:46 MAKDUG  ALL  RD  NO
(PEAK        :  34) DUSAGE.DAT     3 19-Jan-86 15:51 -- bad checksum SIMKAP
                           should be 02-Jul-84 08:31 CIHRID  ALL  RD  NO
(PEAK        :  34) NFDM.FDM     122 19-Jan-86 17:18 -- extra not on master
(PEAK        :  34) GREG.GRP       2 19-Jan-86 17:54 -- extra not on master
(PEAK        :  34) ONTYME.MAI     9 19-Jan-86 17:56 -- extra not on master
(PEAK        :  34) DUSAGE.RPT     9 19-Jan-86 17:59 -- bad checksum JOJFIX
                           should be 02-Jul-84 08:31 LOBLOK  ALL  RD  NO
(PEAK        :  34) DUSAGE.TXT     2 19-Jan-86 18:28 -- extra not on master
(PEAK        :  34) MSC.DAT        2 19-Jan-86 15:51 -- extra not on master
(PEAK        :  34) TUMS.ARC      77 19-Jan-86 15:45 -- extra not on master
(PEAK        :  34) BOOKS.DAT      2 19-Jan-86 15:50 -- extra not on master
(PEAK        :  34) INIT.DAT       2 19-Jan-86 15:51 -- extra not on master
(PEAK        :  34) SAV.FDM      184 19-Jan-86 17:33 -- extra not on master
(PEAK        :  34) CORP.MAI      11 19-Jan-86 17:55 -- extra not on master
(PEAK        :  34) SYS.MAI        7 19-Jan-86 17:58 -- extra not on master
(PEAK        :  34) TUMS.MAI       4 19-Jan-86 17:58 -- extra not on master
(PEAK        :  34) PERM.MSG       2 19-Jan-86 17:59 -- extra not on master
(PEAK        :  34) TUMS.MSG       3 19-Jan-86 17:59 -- bad checksum QULKAG
                           should be 10-Oct-85 14:13 VAVVAV  ALL  RD  NO
(PEAK        :  34) NEWMAI.SAV    28 19-Jan-86 18:15 -- extra not on master
(PEAK        :  34) TUMS.TIX       2 19-Jan-86 18:28 -- bad checksum PUVLUJ
                           should be 18-Oct-85 22:14 WURPIS  ALL  RD  NO
(PEAK        :  34) TMP            2 07-Mar-86 18:51 -- extra not on master
(PEAK        :  34) AUXIO.FDM     31 19-Jan-86 16:49 -- extra not on master
(PEAK        :  34) LTR.LTR        4 19-Jan-86 17:55 -- extra not on master
(PEAK        :  34) DIRECT.MAP     2 19-Jan-86 17:58 -- extra not on master
(PEAK        :  34) DA.SAV        18 19-Jan-86 18:03 -- extra not on master
(PEAK        :  34) DA             2 19-Jan-86 18:29 -- extra not on master
(PEAK        :  34) MDL            2 19-Jan-86 18:29 -- extra not on master
(PEAK        :  34) SUBRTN         2 19-Jan-86 18:29 -- extra not on master
(PEAK        :  34) 003TEL.COM     2 22-Jan-86 12:00 -- extra not on master
(PEAK        :  34) 003TEL.OUT     2 22-Jan-86 12:00 -- extra not on master
(PEAK        :  34) DIFGEN.SAI    12 16-Apr-86 14:04 -- extra not on master
(PEAK        :  34) PEAK.KEY       2 19-Jan-86 17:55 -- extra not on master
(PEAK        :  34) MAI.CTL        2 19-Jan-86 15:50 -- extra not on master
(PEAK        :  34) C.FDM        306 19-Jan-86 16:51 -- extra not on master
(PEAK        :  34) OLDSAI.FDM    34 19-Jan-86 17:29 -- extra not on master
(PEAK        :  34) PEAK.MAI      13 19-Jan-86 17:57 -- extra not on master
(PEAK        :  34) C.SAV         11 19-Jan-86 17:59 -- extra not on master
(PEAK        :  34) PREPAY.SAV    19 19-Jan-86 18:18 -- extra not on master
(PEAK        :  34) NODES.TXT     22 19-Jan-86 18:28 -- extra not on master
(PEAK        :  34) C              2 19-Jan-86 18:29 -- extra not on master
(PEAK        :  34) CAL            3 19-Jan-86 18:29 -- extra not on master
(PEAK        :  34) HDR            2 19-Jan-86 18:29 -- extra not on master
(PEAK        :  34) WRDMSK         3 19-Jan-86 18:29 -- extra not on master
(PEAK        :  34) PEAK.SAV      69 22-Sep-87 14:53 -- bad checksum WUWMEV
                           should be 22-Jan-86 18:52 JUPNEJ  ALL  RD  NO
(PEAK        :  34) PEAK.BAK       2 28-Jul-86 12:18 -- extra not on master
(PEAK        :  34) TURNUP.MSG     2 29-Sep-86 17:05 -- bad checksum ZEVYEJ
                           should be 12-Mar-86 15:17 HERQEV  ALL  RD  NO
(PEAK        :  34) TURNUP.CTL     2 25-Aug-86 12:37 -- bad checksum MOCCUN
                           should be 07-Mar-86 18:57 WOYSOW  ALL  RD  NO
(PEAK        :  34) TO.DO          2 19-Jan-86 15:52 -- extra not on master
(PEAK        :  34) HELP.FDM       2 19-Jan-86 17:13 -- extra not on master
(PEAK        :  34) KLIB.FDM     202 16-Apr-86 14:18 -- extra not on master
(PEAK        :  34) SAIL.FDM      54 19-Jan-86 17:30 -- extra not on master
(PEAK        :  34) XNU.FDM       14 19-Jan-86 17:53 -- extra not on master
(PEAK        :  34) SAIL.HDR       3 19-Jan-86 17:54 -- extra not on master
(PEAK        :  34) D.SAV         23 19-Jan-86 18:00 -- extra not on master
(PEAK        :  34) HOME.SAV      17 19-Jan-86 18:09 -- extra not on master
(PEAK        :  34) RTN            2 19-Jan-86 18:29 -- extra not on master
(PEAK        :  34) STUFF.FDM     12 16-Apr-86 14:44 -- extra not on master
(PEAK        :  34) REMINI.BAK     4 28-Jul-86 12:27 -- extra not on master
(PEAK        :  34) REMINI.ASM     4 28-Jul-86 20:48 -- extra not on master
(PEAK        :  34) MAIL.FWD       2 24-Aug-87 21:16 -- bad checksum DUPHEH
                           should be 16-Jan-86 13:31 GIDSEY  ALL  RD  NO
(PEAK        :  34) MAIL.BOX       4 19-Jan-86 15:50 -- bad checksum QUDCIQ
                           should be 25-Oct-85 13:49 MIVBEF  ALL  RD  NO
(PEAK        :  34) AMIGA.FDM    845 19-Jan-86 15:52 -- extra not on master
(PEAK        :  34) LISP.INI       2 19-Jan-86 17:54 -- extra not on master
(PEAK        :  34) LISP.LSP       4 19-Jan-86 17:55 -- extra not on master
(PEAK        :  34) KEEPME.MAI     6 19-Jan-86 17:56 -- extra not on master
(PEAK        :  34) ONTYM.MAI      2 19-Jan-86 17:56 -- extra not on master
(PEAK        :  34) 850726.MIN     2 19-Jan-86 17:59 -- extra not on master
(PEAK        :  34) FIXMAI.SAV    25 19-Jan-86 18:07 -- extra not on master
(PEAK        :  34) LOAN.SAV      18 19-Jan-86 18:11 -- extra not on master
(PEAK        :  34) MP.SAV        26 19-Jan-86 18:13 -- extra not on master
(PEAK        :  34) YEAR.SAV      19 19-Jan-86 18:23 -- extra not on master
(PEAK        :  34) STG            2 19-Jan-86 18:29 -- extra not on master
(PEAK        :  34) VAXMSK         3 19-Jan-86 18:29 -- extra not on master
(PEAK        :  34) S.SAV         18 18-Jun-86 16:28 -- protection ALL RUN RUN
                           should be 18-Jun-86 17:03 KUHXAC  ALL  RD  NO
(PEAK        :  34) DIRIT.BAK      2 14-Aug-85 14:37 -- extra not on master
(PEAK        :  34) PHONES         2 06-May-86 12:08 -- bad checksum TEZDAM
                           should be 15-Feb-86 12:02 TAJRAF  ALL  RD  NO
(PEAK        :  34) PRUNE.DAT      2 19-Jan-86 15:52 -- extra not on master
(PEAK        :  34) PRT.IRS        3 19-Jan-86 17:55 -- extra not on master
(PEAK        :  34) PHONES.MEM     2 19-Jan-86 17:59 -- extra not on master
(PEAK        :  34) RULER          2 19-Jan-86 18:29 -- extra not on master
Checking host 35
(PEAK        :  35) RPG.INI        2 08-Apr-86 21:26 -- bad checksum KOTTAC
                           should be 10-Oct-85 14:10 FOVTIL  ALL  RD  NO
(PEAK        :  35) COPYPC.FDM   199 21-Mar-86 02:39 -- extra not on master
(PEAK        :  35) NFDM.FDM     122 21-Mar-86 03:03 -- extra not on master
(PEAK        :  35) SETRPG.CTL     2 08-Apr-86 21:26 -- bad checksum RIBJIT
                           should be 10-Oct-85 14:10 TICFEG  ALL  RD  NO
(PEAK        :  35) BBPAS.FDM      9 26-May-86 21:37 -- extra not on master
(PEAK        :  35) GREG.FDM       5 27-Aug-86 14:55 -- extra not on master
(PEAK        :  35) MSC.DAT        2 21-Mar-86 00:56 -- extra not on master
(PEAK        :  35) BOOKS.DAT      2 05-Nov-87 12:05 -- extra not on master
(PEAK        :  35) SAV.FDM      184 03-Jun-86 14:44 -- extra not on master
(PEAK        :  35) NEWMAI.SAV    28 21-Mar-86 04:02 -- extra not on master
(PEAK        :  35) COPY.FDM      37 26-Mar-86 12:25 -- extra not on master
(PEAK        :  35) DG.SAV        36 11-Aug-86 11:34 -- bad checksum MOLXIC
                           should be 26-Jun-86 18:53 JOHTAS  ALL  RD  NO
(PEAK        :  35) BOOKS.FDM      1 05-Nov-87 12:04 -- extra not on master
(PEAK        :  35) AUXIO.FDM     31 21-Mar-86 02:06 -- extra not on master
(PEAK        :  35) DA.SAV        18 21-Mar-86 03:52 -- extra not on master
(PEAK        :  35) DA             2 21-Mar-86 04:33 -- extra not on master
(PEAK        :  35) MDL            2 21-Mar-86 04:35 -- extra not on master
(PEAK        :  35) SUBRTN         2 21-Mar-86 04:35 -- extra not on master
(PEAK        :  35) DBPAS.FDM     13 12-Jun-86 14:30 -- extra not on master
(PEAK        :  35) PEAK.KEY       2 21-Mar-86 03:43 -- extra not on master
(PEAK        :  35) MAI.CTL        2 21-Mar-86 00:56 -- extra not on master
(PEAK        :  35) OLDSAI.FDM    34 04-Apr-86 10:27 -- extra not on master
(PEAK        :  35) C.PEA          2 23-Sep-86 10:21 -- extra not on master
(PEAK        :  35) C.SAV         11 21-Mar-86 03:49 -- extra not on master
(PEAK        :  35) PREPAY.SAV    19 21-Mar-86 04:08 -- extra not on master
(PEAK        :  35) CAL            3 21-Mar-86 04:33 -- extra not on master
(PEAK        :  35) HDR            2 21-Mar-86 04:35 -- extra not on master
(PEAK        :  35) WRDMSK         3 21-Mar-86 04:35 -- extra not on master
(PEAK        :  35) PEAK.SAV      69 22-Sep-87 15:00 -- bad checksum WUWMEV
                           should be 22-Jan-86 18:52 JUPNEJ  ALL  RD  NO
(PEAK        :  35) C.010        163 06-May-86 13:15 -- extra not on master
(PEAK        :  35) HELP.FDM       2 21-Mar-86 02:57 -- extra not on master
(PEAK        :  35) KLIB.FDM     183 25-Jun-86 16:35 -- extra not on master
(PEAK        :  35) SAIL.FDM      55 17-Aug-86 17:17 -- extra not on master
(PEAK        :  35) XNU.FDM       14 21-Mar-86 03:42 -- extra not on master
(PEAK        :  35) D.SAV         23 21-Mar-86 03:50 -- extra not on master
(PEAK        :  35) HOME.SAV      17 21-Mar-86 03:57 -- extra not on master
(PEAK        :  35) OLDMAI.SAV    28 21-Mar-86 04:05 -- extra not on master
(PEAK        :  35) TST.SAV       14 21-Mar-86 04:17 -- extra not on master
(PEAK        :  35) RTN            2 21-Mar-86 04:35 -- extra not on master
(PEAK        :  35) CRTN           2 25-Mar-86 11:49 -- extra not on master
(PEAK        :  35) STUFF.FDM     39 26-Jun-86 17:18 -- extra not on master
(PEAK        :  35) RTIME.C        2 25-Jul-86 22:57 -- extra not on master
(PEAK        :  35) TURNUP.CTL     2 25-Aug-86 12:35 -- bad checksum MOCCUN
                           should be 07-Mar-86 18:57 WOYSOW  ALL  RD  NO
(PEAK        :  35) TURNUP.LOG     2 23-Sep-86 15:51 -- extra not on master
(PEAK        :  35) MAIL.FWD       2 24-Aug-87 21:16 -- bad checksum DUPHEH
                           should be 16-Jan-86 13:31 GIDSEY  ALL  RD  NO
(PEAK        :  35) MAIL.BOX       6 21-Mar-86 00:55 -- bad checksum NAFPAN
                           should be 25-Oct-85 13:49 MIVBEF  ALL  RD  NO
(PEAK        :  35) LISP.INI       2 21-Mar-86 03:42 -- extra not on master
(PEAK        :  35) LISP.LSP       4 21-Mar-86 03:44 -- extra not on master
(PEAK        :  35) LOAN.SAV      18 21-Mar-86 03:58 -- extra not on master
(PEAK        :  35) MP.SAV        26 21-Mar-86 04:00 -- extra not on master
(PEAK        :  35) YEAR.SAV      19 21-Mar-86 04:18 -- extra not on master
(PEAK        :  35) STG            2 21-Mar-86 04:35 -- extra not on master
(PEAK        :  35) VAXMSK         3 21-Mar-86 04:35 -- extra not on master
(PEAK        :  35) S.SAV         18 18-Jun-86 16:30 -- protection ALL RUN RUN
                           should be 18-Jun-86 17:03 KUHXAC  ALL  RD  NO
(PEAK        :  35) KD.H           2 29-Sep-86 17:14 -- extra not on master
(PEAK        :  35) PRUNE.DAT      2 05-Nov-87 12:07 -- extra not on master
(PEAK        :  35) PRT.IRS        3 21-Mar-86 03:43 -- extra not on master
(PEAK        :  35) RULER          2 21-Mar-86 04:35 -- extra not on master
(PEAK        :  35) PRT.FDM        1 04-Apr-86 10:27 -- extra not on master
(PEAK        :  35) PHONES         2 25-Aug-86 12:30 -- bad checksum KESJOY
                           should be 15-Feb-86 12:02 TAJRAF  ALL  RD  NO
(PEAK        :  35) FILTER         2 29-Sep-86 11:42 -- extra not on master
(PEAK        :  35) FILTER.C       3 02-Oct-86 10:19 -- extra not on master
Checking host 37
(PEAK        :  37) ACCESS.MSG     2 05-Jun-84 07:07 -- bad checksum HIMHIS
                           should be 09-Feb-88 12:46 MAKDUG  ALL  RD  NO
(PEAK        :  37) SETRPG.CTL     2 07-Apr-86 05:23 -- bad checksum FUSFAL
                           should be 10-Oct-85 14:10 TICFEG  ALL  RD  NO
(PEAK        :  37) RPG.INI        2 07-Apr-86 14:03 -- bad checksum NOBLEM
                           should be 10-Oct-85 14:10 FOVTIL  ALL  RD  NO
(PEAK        :  37) MSC.DAT        2 14-Nov-85 00:42 -- extra not on master
(PEAK        :  37) ZEE.SAV       26 09-Oct-85 01:20 -- bad checksum SUVNOQ
                           should be 15-Oct-85 01:55 DOSXER  ALL  RD  NO
(PEAK        :  37) PEAK.KEY       2 30-Jul-83 01:22 -- extra not on master
(PEAK        :  37) PEAK.SAV      69 22-Sep-87 15:06 -- bad checksum WUWMEV
                           should be 22-Jan-86 18:52 JUPNEJ  ALL  RD  NO
(PEAK        :  37) TURNUP.MSG     2 14-Oct-85 18:08 -- bad checksum ROHQAY
                           should be 12-Mar-86 15:17 HERQEV  ALL  RD  NO
(PEAK        :  37) TURNUP.CTL     2 16-Jan-86 13:55 -- bad checksum NASWOS
                           should be 07-Mar-86 18:57 WOYSOW  ALL  RD  NO
(PEAK        :  37) MAIL.FWD       2 24-Aug-87 21:16 -- bad checksum DUPHEH
                           should be 16-Jan-86 13:31 GIDSEY  ALL  RD  NO
(PEAK        :  37) MP.SAV        26 16-Apr-86 18:51 -- extra not on master
Checking host 38
(PEAK        :  38) ACCESS.MSG     2 05-Jun-84 07:07 -- bad checksum HIMHIS
                           should be 09-Feb-88 12:46 MAKDUG  ALL  RD  NO
(PEAK        :  38) SETRPG.CTL     2 07-Apr-86 05:21 -- bad checksum FUSFAL
                           should be 10-Oct-85 14:10 TICFEG  ALL  RD  NO
(PEAK        :  38) RPG.INI        2 07-Apr-86 14:01 -- bad checksum NOBLEM
                           should be 10-Oct-85 14:10 FOVTIL  ALL  RD  NO
(PEAK        :  38) MSC.DAT        2 14-Nov-85 00:43 -- extra not on master
(PEAK        :  38) PEAK.KEY       2 31-Jul-83 21:06 -- extra not on master
(PEAK        :  38) PEAK.SAV      69 22-Sep-87 13:58 -- bad checksum WUWMEV
                           should be 22-Jan-86 18:52 JUPNEJ  ALL  RD  NO
(PEAK        :  38) TURNUP.MSG     2 14-Oct-85 18:07 -- bad checksum ROHQAY
                           should be 12-Mar-86 15:17 HERQEV  ALL  RD  NO
(PEAK        :  38) MAIL.FWD       2 24-Aug-87 21:15 -- bad checksum DUPHEH
                           should be 16-Jan-86 13:31 GIDSEY  ALL  RD  NO
(PEAK        :  38) MP.SAV        26 16-Apr-86 18:57 -- extra not on master
Checking host 54
(PEAK        :  54) ACCESS.BAK     2 05-Jun-84 07:07 -- extra not on master
(PEAK        :  54) SETRPG.CTL     2 07-Apr-86 05:22 -- bad checksum FUSFAL
                           should be 10-Oct-85 14:10 TICFEG  ALL  RD  NO
(PEAK        :  54) RPG.INI        2 07-Apr-86 14:02 -- bad checksum NOBLEM
                           should be 10-Oct-85 14:10 FOVTIL  ALL  RD  NO
(PEAK        :  54) ACCESS.MSG     2 21-May-86 14:42 -- bad checksum GUGXUD
                           should be 09-Feb-88 12:46 MAKDUG  ALL  RD  NO
(PEAK        :  54) MSC.DAT        2 14-Nov-85 00:43 -- extra not on master
(PEAK        :  54) PEAK.KEY       2 31-Jul-83 21:06 -- extra not on master
(PEAK        :  54) PEAK.SAV      69 22-Sep-87 15:13 -- bad checksum WUWMEV
                           should be 22-Jan-86 18:52 JUPNEJ  ALL  RD  NO
(PEAK        :  54) TURNUP.MSG     2 14-Oct-85 18:09 -- bad checksum ROHQAY
                           should be 12-Mar-86 15:17 HERQEV  ALL  RD  NO
(PEAK        :  54) TURNUP.CTL     2 16-Jan-86 13:54 -- bad checksum NASWOS
                           should be 07-Mar-86 18:57 WOYSOW  ALL  RD  NO
(PEAK        :  54) MAIL.FWD       2 24-Aug-87 21:16 -- bad checksum DUPHEH
                           should be 16-Jan-86 13:31 GIDSEY  ALL  RD  NO
(PEAK        :  54) MP.SAV        26 16-Apr-86 19:03 -- extra not on master
(PEAK        :  54) PHONES         2 06-May-86 12:08 -- bad checksum TEZDAM
                           should be 15-Feb-86 12:02 TAJRAF  ALL  RD  NO
Checking host 56
(PEAK        :  56) ACCESS.MSG     2 05-Jun-84 07:08 -- bad checksum HIMHIS
                           should be 09-Feb-88 12:46 MAKDUG  ALL  RD  NO
(PEAK        :  56) SETRPG.CTL     2 07-Apr-86 05:22 -- bad checksum FUSFAL
                           should be 10-Oct-85 14:10 TICFEG  ALL  RD  NO
(PEAK        :  56) RPG.INI        2 07-Apr-86 14:04 -- bad checksum CAJJAK
                           should be 10-Oct-85 14:10 FOVTIL  ALL  RD  NO
(PEAK        :  56) MSC.DAT        2 14-Nov-85 00:44 -- extra not on master
(PEAK        :  56) PEAK.SAV      69 22-Sep-87 15:33 -- bad checksum WUWMEV
                           should be 22-Jan-86 18:52 JUPNEJ  ALL  RD  NO
(PEAK        :  56) TURNUP.MSG     2 14-Oct-85 18:10 -- bad checksum ROHQAY
                           should be 12-Mar-86 15:17 HERQEV  ALL  RD  NO
(PEAK        :  56) TURNUP.CTL     2 16-Jan-86 13:57 -- bad checksum NASWOS
                           should be 07-Mar-86 18:57 WOYSOW  ALL  RD  NO
(PEAK        :  56) MAIL.FWD       2 24-Aug-87 21:17 -- bad checksum DUPHEH
                           should be 16-Jan-86 13:31 GIDSEY  ALL  RD  NO
(PEAK        :  56) MP.SAV        26 16-Apr-86 19:23 -- extra not on master
Checking host 58
(PEAK        :  58) PEAK.SAV      69 22-Sep-87 14:05 -- bad checksum WUWMEV
                           should be 22-Jan-86 18:52 JUPNEJ  ALL  RD  NO
Checking host 74
(PEAK        :  74) RPG.INI        2 08-Mar-84 07:44 -- bad checksum XUBSOL
                           should be 10-Oct-85 14:10 FOVTIL  ALL  RD  NO
(PEAK        :  74) VUE.INI        2 16-Mar-83 21:34 -- extra not on master
(PEAK        :  74) HOUSE          2 14-Sep-83 22:17 -- extra not on master
(PEAK        :  74) COOK           2 02-Nov-83 18:03 -- extra not on master
(PEAK        :  74) SETRPG.CTL     2 08-Mar-84 07:43 -- bad checksum BAXYAR
                           should be 10-Oct-85 14:10 TICFEG  ALL  RD  NO
(PEAK        :  74) SEDUCE         2 02-Jul-84 21:25 -- extra not on master
(PEAK        :  74) ACCESS.MSG     2 05-Jun-84 07:06 -- bad checksum HIMHIS
                           should be 09-Feb-88 12:46 MAKDUG  ALL  RD  NO
(PEAK        :  74) A              2 20-May-83 15:56 -- extra not on master
(PEAK        :  74) MSC.DAT        2 14-Nov-85 00:45 -- extra not on master
(PEAK        :  74) JEN.20         2 21-Oct-83 16:12 -- extra not on master
(PEAK        :  74) JEN.10        12 21-Oct-83 16:12 -- extra not on master
(PEAK        :  74) INDEX.S        3 06-Nov-83 22:35 -- extra not on master
(PEAK        :  74) CHANGE         2 02-Dec-83 15:56 -- extra not on master
(PEAK        :  74) LOGON.SHR     13 06-Apr-84 15:26 -- extra not on master
(PEAK        :  74) PUT.SAV       33 27-Jun-86 12:25 -- bad checksum XOBYEW
                           should be 30-Jun-86 01:04 VUCYUR  ALL  RD  NO
(PEAK        :  74) C.SAV         11 14-Apr-83 16:44 -- extra not on master
(PEAK        :  74) PEAK.KEY       2 31-Jul-83 21:07 -- extra not on master
(PEAK        :  74) SUZANN         2 15-Aug-83 14:53 -- extra not on master
(PEAK        :  74) CAL            3 06-Oct-83 13:20 -- extra not on master
(PEAK        :  74) PEAK.SAV      69 22-Sep-87 14:19 -- bad checksum WUWMEV
                           should be 22-Jan-86 18:52 JUPNEJ  ALL  RD  NO
(PEAK        :  74) BAT.LOG        2 30-Apr-84 16:23 -- extra not on master
(PEAK        :  74) REQNUM.DAT     2 05-Mar-84 10:44 -- extra not on master
(PEAK        :  74) BAT.CTL        2 30-Apr-84 16:23 -- extra not on master
(PEAK        :  74) TURNUP.MSG     2 29-Sep-86 17:05 -- bad checksum ZEVYEJ
                           should be 12-Mar-86 15:17 HERQEV  ALL  RD  NO
(PEAK        :  74) TV.LTR         2 17-Nov-83 16:08 -- extra not on master
(PEAK        :  74) PLANET.LTR     2 17-Nov-83 16:08 -- extra not on master
(PEAK        :  74) STATE.LTR      2 21-Nov-83 11:00 -- extra not on master
(PEAK        :  74) TURNUP.CTL     2 25-Aug-86 12:37 -- bad checksum MOCCUN
                           should be 07-Mar-86 18:57 WOYSOW  ALL  RD  NO
(PEAK        :  74) TST21.BAK      2 23-Sep-86 15:41 -- extra not on master
(PEAK        :  74) TST21          2 23-Sep-86 15:48 -- extra not on master
(PEAK        :  74) SWITCH.BAK     2 11-Apr-84 13:39 -- bad checksum COFSUY
                           should be 29-Apr-86 16:50 RAVBEW  ALL  RD  NO
(PEAK        :  74) MAIL.BOX       8 08-Jan-83 18:55 -- bad checksum PANKOQ
                           should be 25-Oct-85 13:49 MIVBEF  ALL  RD  NO
(PEAK        :  74) ROMEO          2 07-Sep-83 09:53 -- extra not on master
(PEAK        :  74) PUFF           2 09-Oct-83 21:09 -- extra not on master
(PEAK        :  74) NUNU.S         2 02-Nov-83 22:45 -- extra not on master
(PEAK        :  74) B1.CTL         2 17-Feb-84 15:32 -- extra not on master
(PEAK        :  74) MAIL.FWD       2 24-Aug-87 21:15 -- bad checksum DUPHEH
                           should be 16-Jan-86 13:31 GIDSEY  ALL  RD  NO
(PEAK        :  74) MP.SAV        26 16-Apr-86 19:55 -- extra not on master
(PEAK        :  74) MAIL.BAK       2 16-Jan-86 13:36 -- extra not on master
(PEAK        :  74) MARIE.10       9 30-Sep-83 11:26 -- extra not on master
(PEAK        :  74) LENS.LTR       2 18-Nov-83 13:15 -- extra not on master
(PEAK        :  74) DAN.LTR        3 18-Nov-83 15:15 -- extra not on master

End of SAIL execution
!rdist PUB.RDI=(PUB)/check/nomissing
Master host: 32
39 files on master system.
Slave hosts: 14,17,22,23,25,26,30,31,32,33,34,35,37,38,54,56,58,74
Checking host 14

?unable to build circuit to JMS:14
?host unavailable

?unable to build circuit to JMS:14
?host unavailable

?unable to build circuit to JMS:14
?host unavailable

?unable to build circuit to JMS:14
?host unavailable

?unable to build circuit to JMS:14
?host unavailable
Creaux failed to JMS:14
Checking host 17

?unable to build circuit to JMS:17
?host unavailable

?unable to build circuit to JMS:17
?host unavailable

?unable to build circuit to JMS:17
?host unavailable

?unable to build circuit to JMS:17
?host unavailable

?unable to build circuit to JMS:17
?host unavailable
Creaux failed to JMS:17
Checking host 22
Checking host 23
(PUB         :  23) UNDER.SAV     14 15-Feb-82 23:14 -- protection ALL  RD  NO
                           should be 15-Feb-82 22:59 YEXSUW  ALL RUN RUN
Checking host 25
Checking host 26
(PUB         :  26) UNDER.SAV     14 15-Feb-82 23:17 -- protection ALL  RD  NO
                           should be 15-Feb-82 22:59 YEXSUW  ALL RUN RUN
Checking host 30
Checking host 31
Checking host 32
Checking host 33
(PUB         :  33) PUI1.PUI       3 13-Mar-89 13:31 -- extra not on master
(PUB         :  33) PUI1S.PUI      5 13-Mar-89 13:31 -- extra not on master
Checking host 34
(PUB         :  34) UNDER.SAV     14 15-Feb-82 23:02 -- protection ALL  RD  NO
                           should be 15-Feb-82 22:59 YEXSUW  ALL RUN RUN
(PUB         :  34) XXX.OLD        2 04-Feb-79 17:09 -- extra not on master
Checking host 35
(PUB         :  35) UNDER.SAV     14 15-Feb-82 23:04 -- protection ALL  RD  NO
                           should be 15-Feb-82 22:59 YEXSUW  ALL RUN RUN
(PUB         :  35) XXX.OLD        2 04-Feb-79 17:10 -- extra not on master
Checking host 37
(PUB         :  37) BIB.DFS        3 28-Jan-81 17:46 -- protection ALL  RD  NO
                           should be 30-Oct-79 15:06 GAVJAB  ALL  RD  RD
(PUB         :  37) STDBAK.DFS     5 28-Jan-81 17:47 -- protection ALL  RD  NO
                           should be 08-Nov-79 23:39 QEGQEJ  ALL  RD  RD
(PUB         :  37) UNDER.SAV     14 15-Feb-82 23:07 -- protection ALL  RD  NO
                           should be 15-Feb-82 22:59 YEXSUW  ALL RUN RUN
(PUB         :  37) JOURNA        12 28-Jan-81 17:46 -- protection ALL  RD  NO
                           should be 08-Nov-79 23:38 JOTFUH  ALL  RD  RD
(PUB         :  37) PUB.CMD        2 28-Jan-81 16:39 -- extra not on master
Checking host 38
(PUB         :  38) UNDER.SAV     14 15-Feb-82 23:08 -- protection ALL  RD  NO
                           should be 15-Feb-82 22:59 YEXSUW  ALL RUN RUN
(PUB         :  38) XXX.OLD        2 04-Feb-79 17:10 -- extra not on master
Checking host 54
Checking host 56
(PUB         :  56) UNDER.SAV     14 15-Feb-82 23:26 -- protection ALL  RD  NO
                           should be 15-Feb-82 22:59 YEXSUW  ALL RUN RUN
Checking host 58
(PUB         :  58) UNDER.SAV     14 15-Feb-82 23:11 -- protection ALL  RD  NO
                           should be 15-Feb-82 22:59 YEXSUW  ALL RUN RUN
(PUB         :  58) XXX.OLD        2 28-Feb-80 19:33 -- extra not on master
Checking host 74
(PUB         :  74) UNDER.SAV     14 15-Feb-82 23:13 -- protection ALL  RD  NO
                           should be 15-Feb-82 22:59 YEXSUW  ALL RUN RUN
(PUB         :  74) XXX.OLD        2 04-Feb-79 17:08 -- extra not on master
(PUB         :  74) PUB.CMD        2 29-Jun-80 14:23 -- extra not on master

End of SAIL execution
!rdist RCMTES.RDI=(RCMTEST)/check/nomissing
Master host: 32
0 files on master system.
Slave hosts: 14,17,22,23,25,26,30,31,32,33,34,35,37,38,54,56,58,74
Checking host 14

?unable to build circuit to JMS:14
?host unavailable

?unable to build circuit to JMS:14
?host unavailable

?unable to build circuit to JMS:14
?host unavailable

?unable to build circuit to JMS:14
?host unavailable

?unable to build circuit to JMS:14
?host unavailable
Creaux failed to JMS:14
Checking host 17

?unable to build circuit to JMS:17
?host unavailable

?unable to build circuit to JMS:17
?host unavailable

?unable to build circuit to JMS:17
?host unavailable

?unable to build circuit to JMS:17
?host unavailable

?unable to build circuit to JMS:17
?host unavailable
Creaux failed to JMS:17
Checking host 22
Checking host 23
Checking host 25
Checking host 26
Checking host 30
Checking host 31
Checking host 32
Checking host 33
Checking host 34
Checking host 35
Checking host 37
Checking host 38
Checking host 54
Checking host 56
Checking host 58
Checking host 74

End of SAIL execution
!rdist SAIL.RDI=(SAIL)/check/nomissing
Master host: 32
2 files on master system.
Slave hosts: 14,17,22,23,25,26,30,31,32,33,34,35,37,38,54,56,58,74
Checking host 14

?unable to build circuit to JMS:14
?host unavailable

?unable to build circuit to JMS:14
?host unavailable

?unable to build circuit to JMS:14
?host unavailable

?unable to build circuit to JMS:14
?host unavailable

?unable to build circuit to JMS:14
?host unavailable
Creaux failed to JMS:14
Checking host 17

?unable to build circuit to JMS:17
?host unavailable

?unable to build circuit to JMS:17
?host unavailable

?unable to build circuit to JMS:17
?host unavailable

?unable to build circuit to JMS:17
?host unavailable

?unable to build circuit to JMS:17
?host unavailable
Creaux failed to JMS:17
Checking host 22
Checking host 23
Checking host 25
Checking host 26
Checking host 30
Checking host 31
Checking host 32
Checking host 33
(SAIL        :  33) LOG            9 23-Sep-77 19:14 -- extra not on master
(SAIL        :  33) LODREQ.FAI     6 23-Sep-77 19:16 -- extra not on master
(SAIL        :  33) EXTRAC.SAI     3 23-Sep-77 19:16 -- extra not on master
(SAIL        :  33) STRSER.KL      8 23-Sep-77 19:17 -- extra not on master
(SAIL        :  33) SYMSER.SAI     3 23-Sep-77 19:19 -- extra not on master
(SAIL        :  33) SPARES.OLD     2 23-Sep-77 19:19 -- extra not on master
(SAIL        :  33) 2OPS2.OPS      2 13-Feb-78 18:58 -- extra not on master
(SAIL        :  33) AI.E           2 05-Oct-77 23:59 -- extra not on master
(SAIL        :  33) FTSBAI.CMD     2 22-Oct-77 05:34 -- extra not on master
(SAIL        :  33) FTBAIL.SAI    86 26-Oct-77 21:54 -- extra not on master
(SAIL        :  33) SPARES         3 09-Jan-78 15:56 -- extra not on master
(SAIL        :  33) STRSER        39 11-Jan-78 22:10 -- extra not on master
(SAIL        :  33) HELL          27 13-Jan-78 21:24 -- extra not on master
(SAIL        :  33) TOTAL         68 11-Feb-78 01:36 -- extra not on master
(SAIL        :  33) EXPRS         41 08-Apr-78 03:27 -- extra not on master
(SAIL        :  33) LABELS.SAI     2 23-Sep-77 19:13 -- extra not on master
(SAIL        :  33) ARYSER        13 23-Sep-77 19:13 -- extra not on master
(SAIL        :  33) WNTSLS.SAI     2 23-Sep-77 19:14 -- extra not on master
(SAIL        :  33) TSGMNT         2 23-Sep-77 19:14 -- extra not on master
(SAIL        :  33) COPY.MAC       3 23-Sep-77 19:14 -- extra not on master
(SAIL        :  33) FILSPC         5 23-Sep-77 19:15 -- extra not on master
(SAIL        :  33) MESPRO        15 23-Sep-77 19:16 -- extra not on master
(SAIL        :  33) GLB            2 23-Sep-77 19:16 -- extra not on master
(SAIL        :  33) SAISGC.KL     15 23-Sep-77 19:17 -- extra not on master
(SAIL        :  33) PTRAN.SAI     14 23-Sep-77 19:19 -- extra not on master
(SAIL        :  33) LEPRUN        86 15-Oct-77 04:55 -- extra not on master
(SAIL        :  33) STEST.SAI     11 21-Oct-77 19:11 -- extra not on master
(SAIL        :  33) SCISS.V14     13 29-Nov-77 20:41 -- extra not on master
(SAIL        :  33) SCISS.V13     14 29-Nov-77 22:40 -- extra not on master
(SAIL        :  33) SCISS.SAI     14 30-Nov-77 18:42 -- extra not on master
(SAIL        :  33) DTSAIL.HED     2 04-Nov-77 18:06 -- extra not on master
(SAIL        :  33) DFSAIL.OHD     2 11-Jan-78 22:22 -- extra not on master
(SAIL        :  33) DFSAIL.DBS     2 11-Jan-78 22:51 -- extra not on master
(SAIL        :  33) DFSAIL.HED     2 12-Jan-78 13:24 -- extra not on master
(SAIL        :  33) DFSAIL.CMD     2 27-Feb-78 16:46 -- extra not on master
(SAIL        :  33) NWORLD        38 28-Mar-78 12:29 -- extra not on master
(SAIL        :  33) DFSAIL.FSH     3 20-Apr-78 14:40 -- extra not on master
(SAIL        :  33) TMP            4 27-Sep-79 19:30 -- extra not on master
(SAIL        :  33) NWORLD.NEW    38 28-Mar-78 12:29 -- extra not on master
(SAIL        :  33) MSGLOG.MSG     6 23-Sep-77 19:13 -- extra not on master
(SAIL        :  33) SALGRP         2 23-Sep-77 19:13 -- extra not on master
(SAIL        :  33) BAIPD8.FAI     2 23-Sep-77 19:14 -- extra not on master
(SAIL        :  33) LOW            2 23-Sep-77 19:14 -- extra not on master
(SAIL        :  33) GSGMNT         2 23-Sep-77 19:14 -- extra not on master
(SAIL        :  33) IFN.SAI        5 23-Sep-77 19:14 -- extra not on master
(SAIL        :  33) AIL.MSG       34 23-Sep-77 19:14 -- extra not on master
(SAIL        :  33) XREF.SAI       7 23-Sep-77 19:14 -- extra not on master
(SAIL        :  33) BSM1HD.FAI     2 23-Sep-77 19:14 -- extra not on master
(SAIL        :  33) SYM           57 23-Sep-77 19:16 -- extra not on master
(SAIL        :  33) ARRAY         20 23-Sep-77 19:17 -- extra not on master
(SAIL        :  33) COMSER        12 23-Sep-77 19:17 -- extra not on master
(SAIL        :  33) ADBSEG.CMD     2 15-Oct-77 03:18 -- extra not on master
(SAIL        :  33) ADBUSE.CMD     2 15-Oct-77 03:12 -- extra not on master
(SAIL        :  33) BAIPDT.FAI     2 22-Oct-77 04:22 -- extra not on master
(SAIL        :  33) GOGOL         98 09-Jan-78 15:49 -- extra not on master
(SAIL        :  33) HEAD          30 13-Feb-78 01:36 -- extra not on master
(SAIL        :  33) FTCHDR.FAI     2 13-Feb-78 19:25 -- extra not on master
(SAIL        :  33) SYM.NEW       75 02-Oct-78 19:24 -- extra not on master
(SAIL        :  33) WHATIS.SAI     2 27-Sep-79 19:15 -- extra not on master
(SAIL        :  33) PSEG.SAI       2 23-Sep-77 19:13 -- extra not on master
(SAIL        :  33) GETSAV.MAC     2 23-Sep-77 19:13 -- extra not on master
(SAIL        :  33) FUNCT.FAI      2 23-Sep-77 19:14 -- extra not on master
(SAIL        :  33) L8RUN          5 23-Sep-77 19:15 -- extra not on master
(SAIL        :  33) SAICAT.KL      3 23-Sep-77 19:16 -- extra not on master
(SAIL        :  33) BAILDD.FAI     2 23-Sep-77 19:17 -- extra not on master
(SAIL        :  33) STDBRK.SAI     2 23-Sep-77 19:17 -- extra not on master
(SAIL        :  33) DATA           2 23-Sep-77 19:18 -- extra not on master
(SAIL        :  33) RECGC          6 23-Sep-77 19:18 -- extra not on master
(SAIL        :  33) DB             2 23-Sep-77 19:18 -- extra not on master
(SAIL        :  33) SMERGE.MAC    24 23-Sep-77 19:18 -- extra not on master
(SAIL        :  33) RTRAN.OSA     13 22-Oct-77 05:01 -- extra not on master
(SAIL        :  33) RTRAN.SAI     13 22-Oct-77 05:24 -- extra not on master
(SAIL        :  33) SAISEG.CMD     2 30-Nov-77 23:18 -- extra not on master
(SAIL        :  33) FTSAIL.INS     2 14-Feb-78 03:04 -- extra not on master
(SAIL        :  33) FTSAIL.FIL     2 14-Feb-78 03:07 -- extra not on master
(SAIL        :  33) FTSAIL.CKS     2 14-Feb-78 03:42 -- extra not on master
(SAIL        :  33) RUNTIM.FLS     2 18-Apr-78 22:26 -- extra not on master
(SAIL        :  33) FTSAIL.HED     2 29-Jun-79 16:53 -- extra not on master
(SAIL        :  33) SAIL.OPR      11 23-Sep-77 19:13 -- extra not on master
(SAIL        :  33) TAILOR         2 23-Sep-77 19:13 -- extra not on master
(SAIL        :  33) OPTION.TXT     2 23-Sep-77 19:13 -- extra not on master
(SAIL        :  33) FEATS         10 23-Sep-77 19:13 -- extra not on master
(SAIL        :  33) DIR.DRD        5 23-Sep-77 19:14 -- extra not on master
(SAIL        :  33) DOCS.UPD       5 23-Sep-77 19:15 -- extra not on master
(SAIL        :  33) LIBHED.SAI     2 23-Sep-77 19:16 -- extra not on master
(SAIL        :  33) SAIL.DO        4 23-Sep-77 19:17 -- extra not on master
(SAIL        :  33) DATALI.SAI    10 23-Sep-77 19:18 -- extra not on master
(SAIL        :  33) RENCSW         2 23-Sep-77 19:18 -- extra not on master
(SAIL        :  33) LEAP          41 23-Sep-77 19:18 -- extra not on master
(SAIL        :  33) RECSER        20 23-Sep-77 19:19 -- extra not on master
(SAIL        :  33) DIR.DIR        7 10-Nov-77 18:39 -- extra not on master
(SAIL        :  33) SAIL          65 03-Jan-78 18:27 -- extra not on master
(SAIL        :  33) STATS.CUR     69 27-Feb-78 19:58 -- extra not on master
(SAIL        :  33) SAIL.FIL       2 07-Apr-78 14:52 -- extra not on master
(SAIL        :  33) SAIL.CMD       2 07-Apr-78 15:57 -- extra not on master
(SAIL        :  33) SAIL.INS       2 07-Apr-78 16:02 -- extra not on master
(SAIL        :  33) SAIL.CKS       2 07-Apr-78 16:31 -- extra not on master
(SAIL        :  33) SAIL.NEW      65 18-May-78 13:15 -- extra not on master
(SAIL        :  33) BACKUP.LOG     6 23-May-78 13:13 -- extra not on master
(SAIL        :  33) STATS.NEW     53 22-Jun-79 22:55 -- extra not on master
(SAIL        :  33) STATS         53 30-Jun-79 05:46 -- extra not on master
(SAIL        :  33) SEGFND.SAI     4 23-Sep-77 19:13 -- extra not on master
(SAIL        :  33) BUGS          29 23-Sep-77 19:13 -- extra not on master
(SAIL        :  33) COMVER.FAI     2 23-Sep-77 19:14 -- extra not on master
(SAIL        :  33) TRIGS.OLD     16 23-Sep-77 19:14 -- extra not on master
(SAIL        :  33) TRIGS         16 23-Sep-77 19:14 -- extra not on master
(SAIL        :  33) SEMBLK        30 23-Sep-77 19:15 -- extra not on master
(SAIL        :  33) THAT           2 23-Sep-77 19:16 -- extra not on master
(SAIL        :  33) FAILSA.SAI     4 23-Sep-77 19:16 -- extra not on master
(SAIL        :  33) ITRENC         2 23-Sep-77 19:16 -- extra not on master
(SAIL        :  33) PARSE         20 23-Sep-77 19:17 -- extra not on master
(SAIL        :  33) SGMNT          2 23-Sep-77 19:17 -- extra not on master
(SAIL        :  33) XTHAT.CMD      2 23-Sep-77 19:18 -- extra not on master
(SAIL        :  33) PROCSS         5 23-Sep-77 19:18 -- extra not on master
(SAIL        :  33) RUN            2 23-Sep-77 19:18 -- extra not on master
(SAIL        :  33) ENDDAT         2 23-Sep-77 19:18 -- extra not on master
(SAIL        :  33) HEL.CUR       24 23-Sep-77 19:18 -- extra not on master
(SAIL        :  33) TSTSEG.CMD     2 29-Sep-77 17:52 -- extra not on master
(SAIL        :  33) TSTUSE.CMD     2 29-Sep-77 18:19 -- extra not on master
(SAIL        :  33) MAKTAB.SAI     4 23-Sep-77 18:17 -- extra not on master
(SAIL        :  33) IOSER         52 17-Oct-77 18:06 -- extra not on master
(SAIL        :  33) XIT            2 20-Oct-77 13:24 -- extra not on master
(SAIL        :  33) IT             2 20-Oct-77 13:24 -- extra not on master
(SAIL        :  33) FTSSEG.CMD     2 13-Feb-78 19:17 -- extra not on master
(SAIL        :  33) FKBAIL.FAI     2 13-Apr-78 17:52 -- extra not on master
(SAIL        :  33) JUNK           3 29-Jun-79 15:29 -- extra not on master
(SAIL        :  33) HEL           22 30-Jun-79 05:39 -- extra not on master
(SAIL        :  33) KILLEM         2 27-Sep-79 19:18 -- extra not on master
(SAIL        :  33) ALL.CMD        3 29-Jun-80 04:31 -- extra not on master
(SAIL        :  33) INPUT.SPL      2 14-Oct-80 19:54 -- extra not on master
(SAIL        :  33) PRUNE.DAT      3 23-Sep-77 19:14 -- extra not on master
(SAIL        :  33) ORDER          2 23-Sep-77 19:14 -- extra not on master
(SAIL        :  33) SPACES         2 23-Sep-77 19:16 -- extra not on master
(SAIL        :  33) TEST.FAI       2 23-Sep-77 19:16 -- extra not on master
(SAIL        :  33) WRDGET        15 23-Sep-77 19:16 -- extra not on master
(SAIL        :  33) SEGFIX.DO      2 23-Sep-77 19:16 -- extra not on master
(SAIL        :  33) RSGMNT         2 23-Sep-77 19:16 -- extra not on master
(SAIL        :  33) TEST.AI       11 23-Sep-77 19:16 -- extra not on master
(SAIL        :  33) BAIFLS.CMD     2 23-Sep-77 19:17 -- extra not on master
(SAIL        :  33) SAIGRP.DIS     2 23-Sep-77 19:17 -- extra not on master
(SAIL        :  33) EXAM.FAI       2 23-Sep-77 19:17 -- extra not on master
(SAIL        :  33) XTCHDR.FAI     2 23-Sep-77 19:18 -- extra not on master
(SAIL        :  33) SCNCMD.SAI     6 23-Sep-77 19:19 -- extra not on master
(SAIL        :  33) FOO2.OLD      12 23-Sep-77 19:19 -- extra not on master
(SAIL        :  33) UP             4 23-Sep-77 19:19 -- extra not on master
(SAIL        :  33) FOO2.AGE      15 27-Sep-77 21:01 -- extra not on master
(SAIL        :  33) XTHATR.CMD     2 30-Sep-77 17:12 -- extra not on master
(SAIL        :  33) TEST.SAI      11 05-Oct-77 23:57 -- extra not on master
(SAIL        :  33) BPDAHD.OFA     2 22-Oct-77 05:11 -- extra not on master
(SAIL        :  33) BPDAHD.FAI     2 22-Oct-77 05:11 -- extra not on master
(SAIL        :  33) FTBPDA.FAI     2 22-Oct-77 05:50 -- extra not on master
(SAIL        :  33) WFSAIL.CMD     2 10-Nov-77 17:50 -- extra not on master
(SAIL        :  33) CKSUM.SRC      2 30-Nov-77 16:58 -- extra not on master
(SAIL        :  33) FOO2          15 11-Jan-78 22:03 -- extra not on master
(SAIL        :  33) GEN           85 30-Jun-79 02:16 -- extra not on master
Checking host 34
Checking host 35
Checking host 37
Checking host 38
Checking host 54
Checking host 56
Checking host 58
Checking host 74
(SAIL        :  74) FOO3          12 07-Jul-80 15:19 -- extra not on master
(SAIL        :  74) EXPRS         33 01-Jul-80 21:56 -- extra not on master
(SAIL        :  74) STRSER        30 27-Jun-80 21:23 -- extra not on master
(SAIL        :  74) SPARES         2 04-Feb-80 09:08 -- extra not on master
(SAIL        :  74) ACCESS.LIS     2 28-Jul-80 10:45 -- extra not on master
(SAIL        :  74) TOTAL         53 01-Aug-80 17:35 -- extra not on master
(SAIL        :  74) ARYSER        12 05-Feb-80 21:48 -- extra not on master
(SAIL        :  74) LEPRUN        65 05-Feb-80 21:37 -- extra not on master
(SAIL        :  74) NWORLD        32 24-Jan-80 02:19 -- extra not on master
(SAIL        :  74) PTRAN.SAI     13 30-Jun-80 06:30 -- extra not on master
(SAIL        :  74) SCISS.SAI     11 20-Nov-79 18:25 -- extra not on master
(SAIL        :  74) BAIL.SAI      67 03-Jul-80 16:07 -- extra not on master
(SAIL        :  74) MAKBKT.SAI     2 29-May-80 06:25 -- extra not on master
(SAIL        :  74) GOGOL         77 03-Jul-80 15:02 -- extra not on master
(SAIL        :  74) HEAD          23 02-Jul-80 17:30 -- extra not on master
(SAIL        :  74) ARRAY         19 01-Jul-80 21:54 -- extra not on master
(SAIL        :  74) SYM           60 01-Jul-80 21:18 -- extra not on master
(SAIL        :  74) COMSER        13 30-Jun-80 11:41 -- extra not on master
(SAIL        :  74) LOW            2 19-Jan-80 00:05 -- extra not on master
(SAIL        :  74) WNTEND         2 03-Oct-79 02:23 -- extra not on master
(SAIL        :  74) MISS.DAT       3 24-Jul-80 14:35 -- extra not on master
(SAIL        :  74) PROD.QQQ       3 24-Jul-80 17:10 -- extra not on master
(SAIL        :  74) PROD          69 24-Jul-80 17:10 -- extra not on master
(SAIL        :  74) BSM1HD.FAI     2 11-Mar-80 22:35 -- extra not on master
(SAIL        :  74) DB             2 24-Jan-80 01:28 -- extra not on master
(SAIL        :  74) WNTHED         2 03-Oct-79 02:23 -- extra not on master
(SAIL        :  74) DATA           2 31-Aug-79 01:48 -- extra not on master
(SAIL        :  74) RTRAN.SAI      9 13-Mar-80 19:43 -- extra not on master
(SAIL        :  74) BAILDD.FAI     2 21-Mar-78 23:21 -- extra not on master
(SAIL        :  74) BAIPD9.FAI     2 27-Jun-80 22:27 -- extra not on master
(SAIL        :  74) SAIL          50 09-Jul-80 17:57 -- extra not on master
(SAIL        :  74) STATS         54 30-Jun-80 11:28 -- extra not on master
(SAIL        :  74) RECSER        18 02-May-80 17:56 -- extra not on master
(SAIL        :  74) LEAP          37 11-Mar-80 23:15 -- extra not on master
(SAIL        :  74) RENCSW         2 23-Sep-77 19:16 -- extra not on master
(SAIL        :  74) LDBAIL.SAI     2 03-Jul-80 16:09 -- extra not on master
(SAIL        :  74) PARSE         21 09-Jul-80 17:46 -- extra not on master
(SAIL        :  74) IOSER         46 29-May-80 02:52 -- extra not on master
(SAIL        :  74) HEL           21 11-Mar-80 22:23 -- extra not on master
(SAIL        :  74) TRIGS         14 24-Jan-80 03:23 -- extra not on master
(SAIL        :  74) ENDDAT         2 31-Aug-79 01:48 -- extra not on master
(SAIL        :  74) PROCSS         4 31-Aug-79 01:48 -- extra not on master
(SAIL        :  74) MAKTAB.SAI     4 23-Sep-77 18:15 -- extra not on master
(SAIL        :  74) PROCES.DEF     3 29-Apr-77 16:02 -- extra not on master
(SAIL        :  74) PROFIL.SAI    21 31-Aug-79 01:48 -- extra not on master
(SAIL        :  74) FAIL.FAI     139 03-Mar-80 15:25 -- extra not on master
(SAIL        :  74) ORDER          2 14-Jul-80 12:50 -- extra not on master
(SAIL        :  74) UP             5 09-Jul-80 19:08 -- extra not on master
(SAIL        :  74) GEN           87 09-Jul-80 02:55 -- extra not on master
(SAIL        :  74) WRDGET        14 03-Oct-79 16:00 -- extra not on master
(SAIL        :  74) RECORD.DEF     2 29-Apr-77 16:02 -- extra not on master
(SAIL        :  74) SCNCMD.SAI     6 23-Sep-77 19:17 -- extra not on master
(SAIL        :  74) NOTDDT.FAI     2 09-Jul-80 19:20 -- extra not on master
(SAIL        :  74) XTCHDR.FAI     2 14-Jul-80 14:54 -- extra not on master
(SAIL        :  74) BPDAHD.FAI     2 11-Mar-80 22:35 -- extra not on master
(SAIL        :  74) CKS.SAI        4 30-Jun-80 04:20 -- extra not on master
(SAIL        :  74) PRUNE.DAT      3 01-May-81 15:17 -- extra not on master

End of SAIL execution
!rdist SAILIB.RDI=(SAILIB)/check/nomissing
Master host: 32

EXIT

!SEND JMS
   $ *U