!rdist PASBLD.RDI=(PASBLD)/check/nomissing
Master host: 32
0 files on master system.
Slave hosts: 14,17,22,23,25,26,30,31,32,33,34,35,37,38,54,56,58,74
Checking host 14

?unable to build circuit to JMS:14
?host unavailable

?unable to build circuit to JMS:14
?host unavailable

?unable to build circuit to JMS:14
?host unavailable

?unable to build circuit to JMS:14
?host unavailable

?unable to build circuit to JMS:14
?host unavailable
Creaux failed to JMS:14
Checking host 17

?unable to build circuit to JMS:17
?host unavailable

?unable to build circuit to JMS:17
?host unavailable

?unable to build circuit to JMS:17
?host unavailable

?unable to build circuit to JMS:17
?host unavailable

?unable to build circuit to JMS:17
?host unavailable
Creaux failed to JMS:17
Checking host 22
Checking host 23
Checking host 25
Checking host 26
Checking host 30
Checking host 31
Checking host 32
Checking host 33
Checking host 34
Checking host 35
Checking host 37
Checking host 38
Checking host 54
Checking host 56
Checking host 58
Checking host 74

End of SAIL execution
!rdist PASCDO.RDI=(PASCALDOC)/check/nomissing
Master host: 32
0 files on master system.
Slave hosts: 14,17,22,23,25,26,30,31,32,33,34,35,37,38,54,56,58,74
Checking host 14

?unable to build circuit to JMS:14
?host unavailable

?unable to build circuit to JMS:14
?host unavailable

?unable to build circuit to JMS:14
?host unavailable

?unable to build circuit to JMS:14
?host unavailable

?unable to build circuit to JMS:14
?host unavailable
Creaux failed to JMS:14
Checking host 17

?unable to build circuit to JMS:17
?host unavailable

?unable to build circuit to JMS:17
?host unavailable

?unable to build circuit to JMS:17
?host unavailable

?unable to build circuit to JMS:17
?host unavailable

?unable to build circuit to JMS:17
?host unavailable
Creaux failed to JMS:17
Checking host 22
Checking host 23
Checking host 25
Checking host 26
Checking host 30
Checking host 31
Checking host 32
Checking host 33
Checking host 34
Checking host 35
Checking host 37
Checking host 38
Checking host 54
Checking host 56
Checking host 58
Checking host 74

End of SAIL execution
!rdist PASCLI.RDI=(PASCALIB)/check/nomissing
Master host: 32
0 files on master system.
Slave hosts: 14,17,22,23,25,26,30,31,32,33,34,35,37,38,54,56,58,74
Checking host 14

?unable to build circuit to JMS:14
?host unavailable

?unable to build circuit to JMS:14
?host unavailable

?unable to build circuit to JMS:14
?host unavailable

?unable to build circuit to JMS:14
?host unavailable

?unable to build circuit to JMS:14
?host unavailable
Creaux failed to JMS:14
Checking host 17

?unable to build circuit to JMS:17
?host unavailable

?unable to build circuit to JMS:17
?host unavailable

?unable to build circuit to JMS:17
?host unavailable

?unable to build circuit to JMS:17
?host unavailable

?unable to build circuit to JMS:17
?host unavailable
Creaux failed to JMS:17
Checking host 22
Checking host 23
Checking host 25
Checking host 26
Checking host 30
Checking host 31
Checking host 32
Checking host 33
Checking host 34
Checking host 35
Checking host 37
Checking host 38
Checking host 54
Checking host 56
Checking host 58
Checking host 74

End of SAIL execution
!rdist PASCOO.RDI=(PASCOOR)/check/nomissing
Master host: 32
0 files on master system.
Slave hosts: 14,17,22,23,25,26,30,31,32,33,34,35,37,38,54,56,58,74
Checking host 14

?unable to build circuit to JMS:14
?host unavailable

?unable to build circuit to JMS:14
?host unavailable

?unable to build circuit to JMS:14
?host unavailable

?unable to build circuit to JMS:14
?host unavailable

?unable to build circuit to JMS:14
?host unavailable
Creaux failed to JMS:14
Checking host 17

?unable to build circuit to JMS:17
?host unavailable

?unable to build circuit to JMS:17
?host unavailable

?unable to build circuit to JMS:17
?host unavailable

?unable to build circuit to JMS:17
?host unavailable

?unable to build circuit to JMS:17
?host unavailable
Creaux failed to JMS:17
Checking host 22
Checking host 23
Checking host 25
Checking host 26
Checking host 30
Checking host 31
Checking host 32
Checking host 33
Checking host 34
Checking host 35
Checking host 37
Checking host 38
Checking host 54
Checking host 56
Checking host 58
Checking host 74

End of SAIL execution
!rdist PASCQA.RDI=(PASCALQA)/check/nomissing
Master host: 32
0 files on master system.
Slave hosts: 14,17,22,23,25,26,30,31,32,33,34,35,37,38,54,56,58,74
Checking host 14

?unable to build circuit to JMS:14
?host unavailable

?unable to build circuit to JMS:14
?host unavailable

?unable to build circuit to JMS:14
?host unavailable

?unable to build circuit to JMS:14
?host unavailable

?unable to build circuit to JMS:14
?host unavailable
Creaux failed to JMS:14
Checking host 17

?unable to build circuit to JMS:17
?host unavailable

?unable to build circuit to JMS:17
?host unavailable

?unable to build circuit to JMS:17
?host unavailable

?unable to build circuit to JMS:17
?host unavailable

?unable to build circuit to JMS:17
?host unavailable
Creaux failed to JMS:17
Checking host 22
Checking host 23
Checking host 25
Checking host 26
Checking host 30
Checking host 31
Checking host 32
Checking host 33
Checking host 34
Checking host 35
Checking host 37
Checking host 38
Checking host 54
Checking host 56
Checking host 58
Checking host 74

End of SAIL execution
!rdist PASDOC.RDI=(PASDOC)/check/nomissing
Master host: 32
0 files on master system.
Slave hosts: 14,17,22,23,25,26,30,31,32,33,34,35,37,38,54,56,58,74
Checking host 14

?unable to build circuit to JMS:14
?host unavailable

?unable to build circuit to JMS:14
?host unavailable

?unable to build circuit to JMS:14
?host unavailable

?unable to build circuit to JMS:14
?host unavailable

?unable to build circuit to JMS:14
?host unavailable
Creaux failed to JMS:14
Checking host 17

?unable to build circuit to JMS:17
?host unavailable

?unable to build circuit to JMS:17
?host unavailable

?unable to build circuit to JMS:17
?host unavailable

?unable to build circuit to JMS:17
?host unavailable

?unable to build circuit to JMS:17
?host unavailable
Creaux failed to JMS:17
Checking host 22
Checking host 23
Checking host 25
Checking host 26
(PASDOC      :  26) PASDOC.DIR    12 05-Jan-89 15:17 -- extra not on master
Checking host 30
Checking host 31
Checking host 32
Checking host 33
Checking host 34
Checking host 35
Checking host 37
Checking host 38
Checking host 54
Checking host 56
Checking host 58
Checking host 74

End of SAIL execution
!rdist PASGDO.RDI=(PASGDOC)/check/nomissing
Master host: 32
0 files on master system.
Slave hosts: 14,17,22,23,25,26,30,31,32,33,34,35,37,38,54,56,58,74
Checking host 14

?unable to build circuit to JMS:14
?host unavailable

?unable to build circuit to JMS:14
?host unavailable

?unable to build circuit to JMS:14
?host unavailable

?unable to build circuit to JMS:14
?host unavailable

?unable to build circuit to JMS:14
?host unavailable
Creaux failed to JMS:14
Checking host 17

?unable to build circuit to JMS:17
?host unavailable

?unable to build circuit to JMS:17
?host unavailable

?unable to build circuit to JMS:17
?host unavailable

?unable to build circuit to JMS:17
?host unavailable

?unable to build circuit to JMS:17
?host unavailable
Creaux failed to JMS:17
Checking host 22
Checking host 23
Checking host 25
Checking host 26
Checking host 30
Checking host 31
Checking host 32
Checking host 33
Checking host 34
Checking host 35
Checking host 37
Checking host 38
Checking host 54
Checking host 56
Checking host 58
Checking host 74

End of SAIL execution
!rdist PASGQA.RDI=(PASGQA)/check/nomissing
Master host: 32
0 files on master system.
Slave hosts: 14,17,22,23,25,26,30,31,32,33,34,35,37,38,54,56,58,74
Checking host 14

?unable to build circuit to JMS:14
?host unavailable

?unable to build circuit to JMS:14
?host unavailable

?unable to build circuit to JMS:14
?host unavailable

?unable to build circuit to JMS:14
?host unavailable

?unable to build circuit to JMS:14
?host unavailable
Creaux failed to JMS:14
Checking host 17

?unable to build circuit to JMS:17
?host unavailable

?unable to build circuit to JMS:17
?host unavailable

?unable to build circuit to JMS:17
?host unavailable

?unable to build circuit to JMS:17
?host unavailable

?unable to build circuit to JMS:17
?host unavailable
Creaux failed to JMS:17
Checking host 22
Checking host 23
Checking host 25
Checking host 26
Checking host 30
Checking host 31
Checking host 32
Checking host 33
Checking host 34
Checking host 35
Checking host 37
Checking host 38
Checking host 54
Checking host 56
Checking host 58
Checking host 74

End of SAIL execution
!rdist PASGSR.RDI=(PASGSRC)/check/nomissing
Master host: 32
0 files on master system.
Slave hosts: 14,17,22,23,25,26,30,31,32,33,34,35,37,38,54,56,58,74
Checking host 14

?unable to build circuit to JMS:14
?host unavailable

?unable to build circuit to JMS:14
?host unavailable

?unable to build circuit to JMS:14
?host unavailable

?unable to build circuit to JMS:14
?host unavailable

?unable to build circuit to JMS:14
?host unavailable
Creaux failed to JMS:14
Checking host 17

?unable to build circuit to JMS:17
?host unavailable

?unable to build circuit to JMS:17
?host unavailable

?unable to build circuit to JMS:17
?host unavailable

?unable to build circuit to JMS:17
?host unavailable

?unable to build circuit to JMS:17
?host unavailable
Creaux failed to JMS:17
Checking host 22
Checking host 23
Checking host 25
Checking host 26
Checking host 30
Checking host 31
Checking host 32
Checking host 33
Checking host 34
Checking host 35
Checking host 37
Checking host 38
Checking host 54
Checking host 56
Checking host 58
Checking host 74

End of SAIL execution
!rdist PASHOW.RDI=(PASHOW)/check/nomissing
Master host: 32
214 files on master system.
Slave hosts: 14,17,22,23,25,26,30,31,32,33,34,35,37,38,54,56,58,74
Checking host 14

?unable to build circuit to JMS:14
?host unavailable

?unable to build circuit to JMS:14
?host unavailable

?unable to build circuit to JMS:14
?host unavailable

?unable to build circuit to JMS:14
?host unavailable

?unable to build circuit to JMS:14
?host unavailable
Creaux failed to JMS:14
Checking host 17

?unable to build circuit to JMS:17
?host unavailable

?unable to build circuit to JMS:17
?host unavailable

?unable to build circuit to JMS:17
?host unavailable

?unable to build circuit to JMS:17
?host unavailable

?unable to build circuit to JMS:17
?host unavailable
Creaux failed to JMS:17
Checking host 22
Checking host 23

EXIT

!SEND JMS
  