!rdist 10UPDA.RDI=(10UPDATE)/check/nomissing
Master host: 32
0 files on master system.
Slave hosts: 14,17,22,23,25,26,30,31,32,33,34,35,37,38,54,56,58,74
Checking host 14

?unable to build circuit to JMS:14
?host unavailable

?unable to build circuit to JMS:14
?host unavailable

?unable to build circuit to JMS:14
?host unavailable

?unable to build circuit to JMS:14
?host unavailable

?unable to build circuit to JMS:14
?host unavailable
Creaux failed to JMS:14
Checking host 17

?unable to build circuit to JMS:17
?host unavailable

?unable to build circuit to JMS:17
?host unavailable

?unable to build circuit to JMS:17
?host unavailable

?unable to build circuit to JMS:17
?host unavailable

?unable to build circuit to JMS:17
?host unavailable
Creaux failed to JMS:17
Checking host 22
Checking host 23
Checking host 25
Checking host 26
Checking host 30
Checking host 31
Checking host 32
Checking host 33
Checking host 34
Checking host 35
Checking host 37
Checking host 38
Checking host 54
Checking host 56
Checking host 58
Checking host 74

End of SAIL execution
!rdist 11CURR.RDI=(11CURR)/check/nomissing
Master host: 32
95 files on master system.
Slave hosts: 14,17,22,23,25,26,30,31,32,33,34,35,37,38,54,56,58,74
Checking host 14

?unable to build circuit to JMS:14
?host unavailable

?unable to build circuit to JMS:14
?host unavailable

?unable to build circuit to JMS:14
?host unavailable

?unable to build circuit to JMS:14
?host unavailable

?unable to build circuit to JMS:14
?host unavailable
Creaux failed to JMS:14
Checking host 17

?unable to build circuit to JMS:17
?host unavailable

?unable to build circuit to JMS:17
?host unavailable

?unable to build circuit to JMS:17
?host unavailable

?unable to build circuit to JMS:17
?host unavailable

?unable to build circuit to JMS:17
?host unavailable
Creaux failed to JMS:17
Checking host 22
Checking host 23
Checking host 25
Checking host 26
Checking host 30
Checking host 31
Checking host 32
Checking host 33
Checking host 34
Checking host 35
Checking host 37
Checking host 38
Checking host 54
Checking host 56
Checking host 58
Checking host 74

End of SAIL execution
!rdist AUGMEN.RDI=(AUGMENT)/check/nomissing
Master host: 32
0 files on master system.
Slave hosts: 14,17,22,23,25,26,30,31,32,33,34,35,37,38,54,56,58,74
Checking host 14

?unable to build circuit to JMS:14
?host unavailable

?unable to build circuit to JMS:14
?host unavailable

?unable to build circuit to JMS:14
?host unavailable

?unable to build circuit to JMS:14
?host unavailable

?unable to build circuit to JMS:14
?host unavailable
Creaux failed to JMS:14
Checking host 17

?unable to build circuit to JMS:17
?host unavailable

?unable to build circuit to JMS:17
?host unavailable

?unable to build circuit to JMS:17
?host unavailable

?unable to build circuit to JMS:17
?host unavailable

?unable to build circuit to JMS:17
?host unavailable
Creaux failed to JMS:17
Checking host 22
Checking host 23
Checking host 25
Checking host 26
Checking host 30
Checking host 31
Checking host 32
Checking host 33
Checking host 34
Checking host 35
Checking host 37
Checking host 38
Checking host 54
Checking host 56
Checking host 58
Checking host 74

End of SAIL execution
!rdist CMUAIL.RDI=(CMUAIL)/check/nomissing
Master host: 32
12 files on master system.
Slave hosts: 14,17,22,23,25,26,30,31,32,33,34,35,37,38,54,56,58,74
Checking host 14

?unable to build circuit to JMS:14
?host unavailable

?unable to build circuit to JMS:14
?host unavailable

?unable to build circuit to JMS:14
?host unavailable

?unable to build circuit to JMS:14
?host unavailable

?unable to build circuit to JMS:14
?host unavailable
Creaux failed to JMS:14
Checking host 17

?unable to build circuit to JMS:17
?host unavailable

?unable to build circuit to JMS:17
?host unavailable

?unable to build circuit to JMS:17
?host unavailable

?unable to build circuit to JMS:17
?host unavailable

?unable to build circuit to JMS:17
?host unavailable
Creaux failed to JMS:17
Checking host 22
Checking host 23
Checking host 25
Checking host 26
Checking host 30
Checking host 31
Checking host 32
Checking host 33
Checking host 34
Checking host 35
Checking host 37
Checking host 38
Checking host 54
Checking host 56
Checking host 58
Checking host 74

End of SAIL execution
!rdist COBOL1.RDI=(COBOL10)/check/nomissing
Master host: 32
0 files on master system.
Slave hosts: 14,17,22,23,25,26,30,31,32,33,34,35,37,38,54,56,58,74
Checking host 14

?unable to build circuit to JMS:14
?host unavailable

?unable to build circuit to JMS:14
?host unavailable

?unable to build circuit to JMS:14
?host unavailable

?unable to build circuit to JMS:14
?host unavailable

?unable to build circuit to JMS:14
?host unavailable
Creaux failed to JMS:14
Checking host 17

?unable to build circuit to JMS:17
?host unavailable

?unable to build circuit to JMS:17
?host unavailable

?unable to build circuit to JMS:17
?host unavailable

?unable to build circuit to JMS:17
?host unavailable

?unable to build circuit to JMS:17
?host unavailable
Creaux failed to JMS:17
Checking host 22
Checking host 23
Checking host 25
Checking host 26
Checking host 30
Checking host 31
Checking host 32
Checking host 33
Checking host 34
Checking host 35
Checking host 37
Checking host 38
(COBOL10     :  38) ACCESS.LIS     2 09-Jan-79 10:20 -- extra not on master
(COBOL10     :  38) ACCESS.MAC     2 09-Jan-79 10:20 -- extra not on master
(COBOL10     :  38) POSITN        23 29-Aug-77 09:48 -- extra not on master
(COBOL10     :  38) ZONK.MAC       2 29-Aug-77 09:24 -- extra not on master
(COBOL10     :  38) SPOC.BIG       2 09-Feb-78 13:09 -- extra not on master
(COBOL10     :  38) SPOC.TTY       2 09-Feb-78 13:11 -- extra not on master
(COBOL10     :  38) SPOR.BIG       2 09-Feb-78 13:08 -- extra not on master
(COBOL10     :  38) SPOR.TTY       2 09-Feb-78 13:11 -- extra not on master
(COBOL10     :  38) SORTER.CBL     4 29-Aug-77 09:42 -- extra not on master
(COBOL10     :  38) COM.SAV        2 28-Oct-77 09:56 -- extra not on master
(COBOL10     :  38) 024TEL.COM     2 11-Apr-84 16:21 -- extra not on master
(COBOL10     :  38) 024TEL.OUT     2 11-Apr-84 16:21 -- extra not on master
Checking host 54
Checking host 56
Checking host 58
Checking host 74

End of SAIL execution
!rdist COBOLQ.RDI=(COBOLQA)/check/nomissing
Master host: 32
1 files on master system.
Slave hosts: 14,17,22,23,25,26,30,31,32,33,34,35,37,38,54,56,58,74
Checking host 14

?unable to build circuit to JMS:14
?host unavailable

?unable to build circuit to JMS:14
?host unavailable

?unable to build circuit to JMS:14
?host unavailable

?unable to build circuit to JMS:14
?host unavailable

?unable to build circuit to JMS:14
?host unavailable
Creaux failed to JMS:14
Checking host 17

?unable to build circuit to JMS:17
?host unavailable

?unable to build circuit to JMS:17
?host unavailable

?unable to build circuit to JMS:17
?host unavailable

?unable to build circuit to JMS:17
?host unavailable

?unable to build circuit to JMS:17
?host unavailable
Creaux failed to JMS:17
Checking host 22
Checking host 23
Checking host 25
Checking host 26
Checking host 30
Checking host 31
Checking host 32
Checking host 33
(COBOLQA     :  33) SPOR.BIG       2 14-Nov-77 16:06 -- extra not on master
(COBOLQA     :  33) SPOR.TTY       2 14-Nov-77 16:05 -- extra not on master
(COBOLQA     :  33) FORMS.LST      5 22-Aug-78 21:35 -- extra not on master
(COBOLQA     :  33) FORMS.REL      4 22-Aug-78 21:35 -- extra not on master
(COBOLQA     :  33) FORMS.CBL      4 22-Aug-78 21:35 -- extra not on master
(COBOLQA     :  33) FORMS.SAV      3 22-Aug-78 21:18 -- extra not on master
(COBOLQA     :  33) FORMS.BUG      4 22-Aug-78 21:13 -- extra not on master
(COBOLQA     :  33) FORMS.DMP      5 20-Aug-78 19:00 -- extra not on master
(COBOLQA     :  33) TYM10S.IDA   253 11-May-77 13:37 -- extra not on master
(COBOLQA     :  33) TYM10S.IDX    26 11-May-77 13:37 -- extra not on master
(COBOLQA     :  33) TYM10S.CMD     2 02-Dec-76 12:42 -- extra not on master
(COBOLQA     :  33) RDO.CMD        2 16-May-77 12:46 -- extra not on master
(COBOLQA     :  33) COBOL1.DOC    22 26-Aug-77 09:42 -- extra not on master
(COBOLQA     :  33) COBOL1.HLP     3 16-May-73 09:05 -- extra not on master
(COBOLQA     :  33) MAP.MAP        3 20-Sep-77 16:40 -- extra not on master
(COBOLQA     :  33) T58410.LST     7 09-Feb-78 12:27 -- extra not on master
(COBOLQA     :  33) BUG1ZO.REL     2 16-Feb-78 13:39 -- extra not on master
(COBOLQA     :  33) TYM10H.IDA    78 10-May-77 16:52 -- extra not on master
(COBOLQA     :  33) TYM10H.IDX     9 10-May-77 16:52 -- extra not on master
(COBOLQA     :  33) MASTYM.SAV     9 11-May-77 14:42 -- extra not on master
(COBOLQA     :  33) RECTYM.SAV    13 11-May-77 14:42 -- extra not on master
(COBOLQA     :  33) LISTYM.SAV    14 11-May-77 14:42 -- extra not on master
(COBOLQA     :  33) MASTYM.CBL    15 21-Jan-77 14:20 -- extra not on master
(COBOLQA     :  33) RECTYM.CBL    16 20-Dec-76 14:14 -- extra not on master
(COBOLQA     :  33) LISTYM.CBL    18 17-Feb-77 10:29 -- extra not on master
(COBOLQA     :  33) TYM10H.CMD     2 27-Sep-76 15:12 -- extra not on master
(COBOLQA     :  33) MASTYM.REL    11 11-May-77 14:26 -- extra not on master
(COBOLQA     :  33) MASTYM.LST    23 11-May-77 14:26 -- extra not on master
(COBOLQA     :  33) LISTYM.REL    14 11-May-77 14:29 -- extra not on master
(COBOLQA     :  33) LISTYM.LST    28 11-May-77 14:29 -- extra not on master
(COBOLQA     :  33) RECTYM.REL    13 11-May-77 14:38 -- extra not on master
(COBOLQA     :  33) RECTYM.LST    26 11-May-77 14:38 -- extra not on master
(COBOLQA     :  33) BUG1ZO.MAC     2 11-Aug-77 16:26 -- extra not on master
(COBOLQA     :  33) COBOL4.HLP     3 09-Aug-77 22:32 -- extra not on master
(COBOLQA     :  33) T58410.REL     3 09-Feb-78 12:27 -- extra not on master
(COBOLQA     :  33) T58410.SAV    18 09-Feb-78 12:36 -- extra not on master
(COBOLQA     :  33) T58410.CBL     2 09-Feb-78 12:23 -- extra not on master
(COBOLQA     :  33) BUG1ZO.LST     2 16-Feb-78 13:41 -- extra not on master
(COBOLQA     :  33) BORD00.LST    26 10-May-77 16:06 -- extra not on master
Checking host 34
Checking host 35
Checking host 37
Checking host 38
Checking host 54
Checking host 56
Checking host 58
Checking host 74

End of SAIL execution
!rdist DENCOF.RDI=(DENCOFF)/check/nomissing
Master host: 32
32 files on master system.
Slave hosts: 14,17,22,23,25,26,30,31,32,33,34,35,37,38,54,56,58,74
Checking host 14

?unable to build circuit to JMS:14
?host unavailable

?unable to build circuit to JMS:14
?host unavailable

?unable to build circuit to JMS:14
?host unavailable

?unable to build circuit to JMS:14
?host unavailable

?unable to build circuit to JMS:14
?host unavailable
Creaux failed to JMS:14
Checking host 17

?unable to build circuit to JMS:17
?host unavailable

?unable to build circuit to JMS:17
?host unavailable

?unable to build circuit to JMS:17
?host unavailable

?unable to build circuit to JMS:17
?host unavailable

?unable to build circuit to JMS:17
?host unavailable
Creaux failed to JMS:17
Checking host 22
Checking host 23
Checking host 25
(DENCOFF     :  25) CLS.SAV        2 15-Dec-87 14:52 -- extra not on master
(DENCOFF     :  25) ACCESS.MSG     2 15-Dec-87 15:03 -- extra not on master
(DENCOFF     :  25) TUMS.INI       2 28-Dec-87 13:25 -- extra not on master
(DENCOFF     :  25) MAIL.FWD       2 13-Apr-88 09:17 -- bad checksum YINQOQ
                           should be 10-Jan-89 10:08 CEQNET  ALL  RD  NO
Checking host 26
Checking host 30
Checking host 31
Checking host 32
Checking host 33
(DENCOFF     :  33) ACCESS.MSG     2 11-Jan-89 10:11 -- extra not on master
(DENCOFF     :  33) CLS.SAV        2 11-Jan-89 12:42 -- extra not on master
(DENCOFF     :  33) MAPUPD.DOC     6 11-Jan-89 13:42 -- extra not on master
(DENCOFF     :  33) DAVGRL.PIC     5 11-Jan-89 14:02 -- extra not on master
(DENCOFF     :  33) SAICOD.INI     2 11-Jan-89 13:40 -- extra not on master
(DENCOFF     :  33) ME.WHR         2 08-Feb-89 11:31 -- extra not on master
(DENCOFF     :  33) ATFOVW.RND     2 29-Nov-88 12:04 -- extra not on master
(DENCOFF     :  33) TXSUTL.MSG     2 11-Jan-89 11:14 -- extra not on master
(DENCOFF     :  33) REVRS1.MAC     2 11-Jan-89 13:43 -- extra not on master
(DENCOFF     :  33) PEAK.PUB       3 11-Jan-89 13:44 -- extra not on master
(DENCOFF     :  33) REVRS1.LST     4 11-Jan-89 13:45 -- extra not on master
(DENCOFF     :  33) GRLSTL.PIC     5 11-Jan-89 13:49 -- extra not on master
(DENCOFF     :  33) DENCOF.REL     2 11-Jan-89 19:54 -- extra not on master
(DENCOFF     :  33) DENCOF.SAI     2 11-Jan-89 19:54 -- extra not on master
(DENCOFF     :  33) MAIL.FWD       2 11-Jan-89 12:41 -- bad checksum YINQOQ
                           should be 10-Jan-89 10:08 CEQNET  ALL  RD  NO
(DENCOFF     :  33) DIRIT.INI      2 03-Jan-89 14:33 -- bad checksum LIWBIH
                           should be 09-Jun-88 12:49 ZAKKIH  ALL  RD  NO
Checking host 34
(DENCOFF     :  34) CLS.SAV        2 16-Mar-85 07:16 -- extra not on master
(DENCOFF     :  34) ACCESS.MSG     2 16-Dec-87 16:42 -- extra not on master
(DENCOFF     :  34) TUMS.INI       2 28-Dec-87 13:25 -- extra not on master
(DENCOFF     :  34) ME.WHR         2 08-Feb-89 11:35 -- extra not on master
(DENCOFF     :  34) MAIL.FWD       2 13-Apr-88 09:12 -- bad checksum YINQOQ
                           should be 10-Jan-89 10:08 CEQNET  ALL  RD  NO
(DENCOFF     :  34) DIRIT.INI      2 03-Jan-89 14:36 -- bad checksum LIWBIH
                           should be 09-Jun-88 12:49 ZAKKIH  ALL  RD  NO
Checking host 35
Checking host 37
Checking host 38
Checking host 54
(DENCOFF     :  54) CLS.SAV        2 15-Dec-87 14:53 -- extra not on master
(DENCOFF     :  54) RPG.INI        2 05-Jan-89 10:39 -- bad checksum GOTKUR
                           should be 09-Jun-88 12:51 NAKTIP  ALL  RD  NO
(DENCOFF     :  54) ACCESS.MSG     2 15-Dec-87 15:05 -- extra not on master
(DENCOFF     :  54) TUMS.INI       2 28-Dec-87 13:26 -- extra not on master
(DENCOFF     :  54) RPGINI.CTL     2 05-Jan-89 10:26 -- extra not on master
(DENCOFF     :  54) DIRIT.INI      2 03-Jan-89 14:34 -- bad checksum LIWBIH
                           should be 09-Jun-88 12:49 ZAKKIH  ALL  RD  NO
Checking host 56
Checking host 58
Checking host 74

End of SAIL execution
!rdist DOC2.RDI=(DOC2)/check/nomissing
Master host: 32
1 files on master system.
Slave hosts: 14,17,22,23,25,26,30,31,32,33,34,35,37,38,54,56,58,74
Checking host 14

?unable to build circuit to JMS:14
?host unavailable

?unable to build circuit to JMS:14
?host unavailable

?unable to build circuit to JMS:14
?host unavailable

?unable to build circuit to JMS:14
?host unavailable

?unable to build circuit to JMS:14
?host unavailable
Creaux failed to JMS:14
Checking host 17

?unable to build circuit to JMS:17
?host unavailable

?unable to build circuit to JMS:17
?host unavailable

?unable to build circuit to JMS:17
?host unavailable

?unable to build circuit to JMS:17
?host unavailable

?unable to build circuit to JMS:17
?host unavailable
Creaux failed to JMS:17
Checking host 22
Checking host 23
Checking host 25
Checking host 26
Checking host 30
Checking host 31
Checking host 32
Checking host 33
Checking host 34
Checking host 35
Checking host 37
Checking host 38
Checking host 54
Checking host 56
Checking host 58
Checking host 74

End of SAIL execution
!rdist DOCAIL.RDI=(DOCAIL)/check/nomissing
Master host: 32
1 files on master system.
Slave hosts: 14,17,22,23,25,26,30,31,32,33,34,35,37,38,54,56,58,74
Checking host 14

?unable to build circuit to JMS:14
?host unavailable

?unable to build circuit to JMS:14
?host unavailable

?unable to build circuit to JMS:14
?host unavailable

?unable to build circuit to JMS:14
?host unavailable

?unable to build circuit to JMS:14
?host unavailable
Creaux failed to JMS:14
Checking host 17

?unable to build circuit to JMS:17
?host unavailable

?unable to build circuit to JMS:17
?host unavailable

?unable to build circuit to JMS:17
?host unavailable

?unable to build circuit to JMS:17
?host unavailable

?unable to build circuit to JMS:17
?host unavailable
Creaux failed to JMS:17
Checking host 22
Checking host 23
Checking host 25
Checking host 26
Checking host 30
Checking host 31
Checking host 32
Checking host 33
(DOCAIL      :  33) XTENDY.PUB     4 12-May-81 14:28 -- extra not on master
(DOCAIL      :  33) XTENDY.DOC     7 12-May-81 14:35 -- extra not on master
(DOCAIL      :  33) ACCESS.LIS     2 12-May-81 14:39 -- extra not on master
(DOCAIL      :  33) EVENTS.PUB     8 15-May-81 14:57 -- extra not on master
(DOCAIL      :  33) C10BNF.PUB     3 15-May-81 15:02 -- extra not on master
(DOCAIL      :  33) CH5BNF.PUB     2 15-May-81 15:03 -- extra not on master
(DOCAIL      :  33) TENEX.PUB     22 15-May-81 15:16 -- extra not on master
(DOCAIL      :  33) IO.PUB        19 15-May-81 15:23 -- extra not on master
(DOCAIL      :  33) ABBREV         2 23-Sep-77 17:47 -- extra not on master
(DOCAIL      :  33) NEWSAI.DOC     5 29-Jun-80 03:09 -- extra not on master
(DOCAIL      :  33) CHARS3.SAI     3 31-Jul-80 19:46 -- extra not on master
(DOCAIL      :  33) CHARS3.SAV    17 31-Jul-80 19:48 -- extra not on master
(DOCAIL      :  33) ACCESS.MSG     2 08-Dec-88 14:02 -- bad checksum ROCSAL
                           should be 08-Feb-88 13:44 SILQEQ  ALL  RD  NO
(DOCAIL      :  33) LIES           2 23-Sep-77 17:47 -- extra not on master
(DOCAIL      :  33) PREF.PUB       4 15-May-81 14:55 -- extra not on master
(DOCAIL      :  33) C11BNF.PUB     3 15-May-81 15:04 -- extra not on master
(DOCAIL      :  33) CH6BNF.PUB     2 15-May-81 15:05 -- extra not on master
(DOCAIL      :  33) ALDECL.PUB    18 15-May-81 15:18 -- extra not on master
(DOCAIL      :  33) BASIC.PUB     15 15-1 15:28 -- extra not on master
(DOCAIL      :  33) INTRO.LEP      4 23-Sep-77 17:47 -- extra not on master
(DOCAIL      :  33) BAIL.APP       5 23-Sep-77 17:48 -- extra not on master
(DOCAIL      :  33) WRTON.JFR      6 23-Sep-77 17:48 -- extra not on master
(DOCAIL      :  33) BAIL.DOC      24 23-Sep-77 17:48 -- extra not on master
(DOCAIL      :  33) SAIIRP.DOC     2 20-May-80 21:12 -- extra not on master
(DOCAIL      :  33) SHIP.LIS       2 29-Jun-80 03:22 -- extra not on master
(DOCAIL      :  33) MAN.1         16 31-Jul-80 19:51 -- extra not on master
(DOCAIL      :  33) SALMTG         2 23-Sep-77 17:48 -- extra not on master
(DOCAIL      :  33) TRIPLE.PUB     2 15-May-81 15:09 -- extra not on master
(DOCAIL      :  33) C12BNF.PUB     2 15-May-81 15:11 -- extra not on master
(DOCAIL      :  33) PRGBLK.PUB     3 15-May-81 15:14 -- extra not on master
(DOCAIL      :  33) LPRUNT.PUB     8 15-May-81 15:14 -- extra not on master
(DOCAIL      :  33) ALSTAT.PUB    12 15-May-81 15:15 -- extra not on master
(DOCAIL      :  33) ASSTAT.PUB     6 15-May-81 15:16 -- extra not on master
(DOCAIL      :  33) COVER.PUB      3 15-May-81 15:20 -- extra not on master
(DOCAIL      :  33) PRINT.PUB      5 15-May-81 15:20 -- extra not on master
(DOCAIL      :  33) DOC.PUB        5 15-May-81 15:22 -- extra not on master
(DOCAIL      :  33) CHARS.SAI      2 28-Jun-80 00:16 -- extra not on master
(DOCAIL      :  33) CHARS.SAV     12 28-Jun-80 00:13 -- extra not on master
(DOCAIL      :  33) COVER.3        2 21-Jul-80 15:42 -- extra not on master
(DOCAIL      :  33) CHANGE.DOC    10 16-Jul-80 03:27 -- extra not on master
(DOCAIL      :  33) GOGTAB.DOC     4 20-Jun-79 12:25 -- extra not on master
(DOCAIL      :  33) GOGTAB.SAI     4 16-Jul-80 18:51 -- extra not on master
(DOCAIL      :  33) COVER          2 21-Jul-80 15:22 -- extra not on master
(DOCAIL      :  33) LINK.FIX       3 16-Jul-80 04:21 -- extra not on master
(DOCAIL      :  33) GOGTAB.DEC     4 30-Jul-80 13:00 -- extra not on master
(DOCAIL      :  33) GOGTAB.OCT     4 30-Jul-80 13:01 -- extra not on master
(DOCAIL      :  33) CHARIT.SAI     2 04-Nov-80 17:31 -- extra not on master
(DOCAIL      :  33) CH1BNF.PUB     2 15-May-81 15:01 -- extra not on master
(DOCAIL      :  33) C13BNF.PUB     2 15-May-81 15:04 -- extra not on master
(DOCAIL      :  33) BNFTST.PUB     2 15-May-81 15:18 -- extra not on master
(DOCAIL      :  33) BAILEX.PUB     3 15-May-81 15:18 -- extra not on master
(DOCAIL      :  33) MACRO.PUB     13 15-May-81 15:21 -- extra not on master
(DOCAIL      :  33) TITL.PUB       2 23-Sep-77 17:48 -- extra not on master
(DOCAIL      :  33) NEWS.LEP       6 23-Sep-77 17:47 -- extra not on master
(DOCAIL      :  33) TELLEM        34 23-Sep-77 17:48 -- extra not on master
(DOCAIL      :  33) GRIPES         2 23-Sep-77 17:48 -- extra not on master
(DOCAIL      :  33) TITL.DOC       2 23-Sep-77 17:48 -- extra not on master
(DOCAIL      :  33) TELLEM.TYM    30 28-Jun-80 00:21 -- extra not on master
(DOCAIL      :  33) TELLEM.NEW    29 14-Jul-80 09:46 -- extra not on master
(DOCAIL      :  33) SAIL20.DOC    12 16-Jul-80 19:04 -- extra not on master
(DOCAIL      :  33) RUNTIM.DOC     6 30-Jul-80 13:03 -- extra not on master
(DOCAIL      :  33) SAIL.NEW       5 13-May-81 16:42 -- extra not on master
(DOCAIL      :  33) INTERP.PUB    10 15-May-81 14:59 -- extra not on master
(DOCAIL      :  33) CH2BNF.PUB     3 15-May-81 15:00 -- extra not on master
(DOCAIL      :  33) CH9BNF.PUB     3 15-May-81 15:03 -- extra not on master
(DOCAIL      :  33) C14BNF.PUB     2 15-May-81 15:04 -- extra not on master
(DOCAIL      :  33) LEAP.PUB      27 15-May-81 15:05 -- extra not on master
(DOCAIL      :  33) SAIL.PUB       5 23-Sep-77 17:48 -- extra not on master
(DOCAIL      :  33) SAIL.N2        5 15-Jun-81 16:19 -- extra not on master
(DOCAIL      :  33) LEAP.TXT      22 23-Sep-77 17:47 -- extra not on master
(DOCAIL      :  33) LEAP.WRU      19 23-Sep-77 17:47 -- extra not on master
(DOCAIL      :  33) NEWLEP.TXT     2 23-Sep-77 17:47 -- extra not on master
(DOCAIL      :  33) MINUTE        14 23-Sep-77 17:48 -- extra not on master
(DOCAIL      :  33) TRANS          2 23-Sep-77 17:48 -- extra not on master
(DOCAIL      :  33) CAT.SAV       14 29-Jun-80 04:28 -- extra not on master
(DOCAIL      :  33) CAT.SAI        2 29-Jun-80 04:26 -- extra not on master
(DOCAIL      :  33) TUT3.DOC      16 14-Aug-80 20:30 -- extra not on master
(DOCAIL      :  33) TUT3.PUB      14 14-Aug-80 21:30 -- extra not on master
(DOCAIL      :  33) APPNDX.DOC     8 31-Jul-80 13:18 -- extra not on master
(DOCAIL      :  33) SAIL.INF       8 31-Jul-80 13:28 -- extra not on master
(DOCAIL      :  33) PROCES.PUB    11 15-May-81 14:55 -- extra not on master
(DOCAIL      :  33) TITLE.PUB      3 15-May-81 14:58 -- extra not on master
(DOCAIL      :  33) PROCAP.PUB     6 15-May-81 15:01 -- extra not on master
(DOCAIL      :  33) CH3BNF.PUB     3 15-May-81 15:02 -- extra not on master
(DOCAIL      :  33) C15BNF.PUB     2 15-May-81 15:05 -- extra not on master
(DOCAIL      :  33) INTINX.PUB     3 15-May-81 15:10 -- extra not on master
(DOCAIL      :  33) PROVAR.PUB     6 15-May-81 15:10 -- extra not on master
(DOCAIL      :  33) BACKTR.PUB     5 15-May-81 15:14 -- extra not on master
(DOCAIL      :  33) REFER.PUB      3 15-May-81 15:14 -- extra not on master
(DOCAIL      :  33) ALEXPR.PUB    12 15-May-81 15:22 -- extra not on master
(DOCAIL      :  33) EX.PUB        11 15-May-81 15:26 -- extra not on master
(DOCAIL      :  33) TUTOR.PUB     14 31-Jul-80 16:47 -- extra not on master
(DOCAIL      :  33) IOSER.PUB     11 15-May-81 15:37 -- extra not on master
(DOCAIL      :  33) TUTOR.DOC     16 23-Sep-77 17:47 -- extra not on master
(DOCAIL      :  33) MLIST          3 23-Sep-77 17:48 -- extra not on master
(DOCAIL      :  33) LEPPRB.WRU     2 23-Sep-77 17:48 -- extra not on master
(DOCAIL      :  33) GOLDHI.LET     3 23-Sep-77 17:48 -- extra not on master
(DOCAIL      :  33) SEMBLK        20 20-May-80 20:12 -- extra not on master
(DOCAIL      :  33) IFOO2.SAI      6 28-Jun-80 00:37 -- extra not on master
(DOCAIL      :  33) TUTOR.FIX      4 31-Jul-80 18:41 -- extra not on master
(DOCAIL      :  33) MAGNUM.DIR     2 14-Apr-82 20:22 -- extra not on master
(DOCAIL      :  33) SEMBLK.DOC    20 08-May-80 15:23 -- extra not on master
(DOCAIL      :  33) FAIL.DOC      74 25-Jan-80 23:19 -- extra not on master
(DOCAIL      :  33) FAIL.MAN      74 19-Dec-79 04:14 -- extra not on master
(DOCAIL      :  33) FAIL.INS       2 08-Jul-80 17:40 -- extra not on master
(DOCAIL      :  33) XTENDX.PUB     4 12-May-81 13:58 -- extra not on master
(DOCAIL      :  33) PUBMAC         6 23-Sep-77 17:47 -- extra not on master
(DOCAIL      :  33) CH4BNF.PUB     3 15-May-81 15:02 -- extra not on master
(DOCAIL      :  33) OPEN.PUB       3 15-May-81 15:03 -- extra not on master
(DOCAIL      :  33) KOUNT.PUB      4 15-May-81 15:03 -- extra not on master
(DOCAIL      :  33) APPEND.PUB    15 15-May-81 15:11 -- extra not on master
(DOCAIL      :  33) RECORD.PUB     9 15-May-81 15:13 -- extra not on master
(DOCAIL      :  33) TC.PUB         3 15-May-81 15:20 -- extra not on master
(DOCAIL      :  33) DEBUG.PUB     20 15-May-81 15:30 -- extra not on master
(DOCAIL      :  33) TEST.PUB       3 15-May-81 15:33 -- extra not on master
(DOCAIL      :  33) TUTX.PUB      14 15-May-81 15:33 -- extra not on master
(DOCAIL      :  33) DART.SAI       5 23-Sep-77 17:30 -- extra not on master
(DOCAIL      :  33) NTFIXD.WRU     6 23-Sep-77 17:47 -- extra not on master
(DOCAIL      :  33) ERROR.LET      3 23-Sep-77 17:48 -- extra not on master
(DOCAIL      :  33) PRUNE.DAT      2 29-Jun-80 02:58 -- extra not on master
(DOCAIL      :  33) NTFIXD.WRV     4 14-Jul-80 10:03 -- extra not on master
(DOCAIL      :  33) CHARS2.SAV    16 31-Jul-80 20:02 -- extra not on master
(DOCAIL      :  33) CHARS2.SAI     3 31-Jul-80 20:01 -- extra not on master
(DOCAIL      :  33) TUT.PUB       14 14-Aug-80 18:54 -- extra not on master
(DOCAIL      :  33) CKS.DOC        5 18-Jul-80 23:11 -- extra not on master
(DOCAIL      :  33) IFOO3.SAI      7 08-Jul-80 20:24 -- extra not on master
(DOCAIL      :  33) IFOO3.SAV     21 24-Jul-80 18:28 -- extra not on master
(DOCAIL      :  33) SUAI.ASC       2 04-Nov-80 16:22 -- extra not on master
Checking host 34
Checking host 35
Checking host 37
Checking host 38
Checking host 54

EXIT

!SEND JMS
    bIN5<