!rdist FRENCH.RDI=(FRENCH)/check/nomissing
Master host: 32
0 files on master system.
Slave hosts: 14,17,22,23,25,26,30,31,32,33,34,35,37,38,54,56,58,74
Checking host 14

?unable to build circuit to JMS:14
?host unavailable

?unable to build circuit to JMS:14
?host unavailable

?unable to build circuit to JMS:14
?host unavailable

?unable to build circuit to JMS:14
?host unavailable

?unable to build circuit to JMS:14
?host unavailable
Creaux failed to JMS:14
Checking host 17

?unable to build circuit to JMS:17
?host unavailable

?unable to build circuit to JMS:17
?host unavailable

?unable to build circuit to JMS:17
?host unavailable

?unable to build circuit to JMS:17
?host unavailable

?unable to build circuit to JMS:17
?host unavailable
Creaux failed to JMS:17
Checking host 22
Checking host 23
Checking host 25
Checking host 26
Checking host 30
Checking host 31
Checking host 32
Checking host 33
Checking host 34
Checking host 35
Checking host 37
Checking host 38
Checking host 54
Checking host 56
Checking host 58
Checking host 74

End of SAIL execution
!rdist IMPORT.RDI=(IMPORT)/check/nomissing
Master host: 32
93 files on master system.
Slave hosts: 14,17,22,23,25,26,30,31,32,33,34,35,37,38,54,56,58,74
Checking host 14

?unable to build circuit to JMS:14
?host unavailable

?unable to build circuit to JMS:14
?host unavailable

?unable to build circuit to JMS:14
?host unavailable

?unable to build circuit to JMS:14
?host unavailable

?unable to build circuit to JMS:14
?host unavailable
Creaux failed to JMS:14
Checking host 17

?unable to build circuit to JMS:17
?host unavailable

?unable to build circuit to JMS:17
?host unavailable

?unable to build circuit to JMS:17
?host unavailable

?unable to build circuit to JMS:17
?host unavailable

?unable to build circuit to JMS:17
?host unavailable
Creaux failed to JMS:17
Checking host 22
Checking host 23
Checking host 25
Checking host 26
Checking host 30
Checking host 31
Checking host 32
Checking host 33
Checking host 34
Checking host 35
Checking host 37
Checking host 38
Checking host 54
Checking host 56
Checking host 58
Checking host 74
(IMPORT      :  74) ACCESS.MSG     2 06-Dec-88 17:05 -- extra not on master
(IMPORT      :  74) NARC.DMS      48 22-May-82 18:43 -- extra not on master
(IMPORT      :  74) NARC.DMD       2 22-May-82 18:43 -- extra not on master
(IMPORT      :  74) NARC.MST       2 22-May-82 18:07 -- extra not on master
(IMPORT      :  74) NARC.DAT      13 31-May-82 19:51 -- extra not on master
(IMPORT      :  74) NARC.OUT      17 31-May-82 19:58 -- extra not on master

End of SAIL execution
!rdist INFO.RDI=(INFO)/check/nomissing
Master host: 32
115 files on master system.
Slave hosts: 14,17,22,23,25,26,30,31,32,33,34,35,37,38,54,56,58,74
Checking host 14

?unable to build circuit to JMS:14
?host unavailable

?unable to build circuit to JMS:14
?host unavailable

?unable to build circuit to JMS:14
?host unavailable

?unable to build circuit to JMS:14
?host unavailable

?unable to build circuit to JMS:14
?host unavailable
Creaux failed to JMS:14
Checking host 17

?unable to build circuit to JMS:17
?host unavailable

?unable to build circuit to JMS:17
?host unavailable

?unable to build circuit to JMS:17
?host unavailable

?unable to build circuit to JMS:17
?host unavailable

?unable to build circuit to JMS:17
?host unavailable
Creaux failed to JMS:17
Checking host 22
(INFO        :  22) SYSNO.NFO      9 21-Jun-88 17:12 -- bad checksum VOGQAK
                           should be 29-Nov-88 14:43 SAHYIL  ALL  RD  NO
(INFO        :  22) MAIL.FWD       2 01-Dec-87 14:42 -- protection ALL  RD  NO
                           should be 01-Dec-87 14:42 FOQCOL  ALL  RD  RD
Checking host 23
(INFO        :  23) SYSNO.NFO      9 21-Jun-88 17:18 -- bad checksum VOGQAK
                           should be 29-Nov-88 14:43 SAHYIL  ALL  RD  NO
(INFO        :  23) MAIL.FWD       2 01-Dec-87 14:43 -- protection ALL  RD  NO
                           should be 01-Dec-87 14:42 FOQCOL  ALL  RD  RD
Checking host 25
(INFO        :  25) SYSNO.NFO      9 21-Jun-88 17:18 -- bad checksum VOGQAK
                           should be 29-Nov-88 14:43 SAHYIL  ALL  RD  NO
(INFO        :  25) MAIL.FWD       2 01-Dec-87 14:43 -- protection ALL  RD  NO
                           should be 01-Dec-87 14:42 FOQCOL  ALL  RD  RD
Checking host 26
(INFO        :  26) SYSNO.NFO      9 21-Jun-88 17:13 -- bad checksum VOGQAK
                           should be 29-Nov-88 14:43 SAHYIL  ALL  RD  NO
(INFO        :  26) MAIL.FWD       2 01-Dec-87 14:42 -- protection ALL  RD  NO
                           should be 01-Dec-87 14:42 FOQCOL  ALL  RD  RD
Checking host 30
(INFO        :  30) SYSNO.NFO      9 21-Jun-88 17:14 -- bad checksum VOGQAK
                           should be 29-Nov-88 14:43 SAHYIL  ALL  RD  NO
(INFO        :  30) MAIL.FWD       2 01-Dec-87 14:43 -- protection ALL  RD  NO
                           should be 01-Dec-87 14:42 FOQCOL  ALL  RD  RD
Checking host 31
(INFO        :  31) SYSNO.NFO      9 21-Jun-88 17:19 -- bad checksum VOGQAK
                           should be 29-Nov-88 14:43 SAHYIL  ALL  RD  NO
(INFO        :  31) MAIL.FWD       2 01-Dec-87 14:44 -- protection ALL  RD  NO
                           should be 01-Dec-87 14:42 FOQCOL  ALL  RD  RD
Checking host 32
Checking host 33
(INFO        :  33) INFO.DAT      22 26-Sep-88 11:25 -- bad checksum LEGSIW
                           should be 15-Feb-88 19:23 YECMEL  ALL  RD  RD
(INFO        :  33) INFO.NFO       2 18-Aug-88 15:53 -- bad checksum DERFUZ
                           should be 13-Apr-87 18:05 WAHWIQ  ALL  RD  RD
(INFO        :  33) INFOX.SAV     42 18-Aug-88 13:54 -- bad checksum VEDZON
                           should be 12-Jul-82 16:25 GULMIG  ALL  RD  NO
(INFO        :  33) GAN3.MUD       7 25-Oct-88 17:37 -- protection ALL  RD  RD
                           should be 26-Oct-88 14:40 GACJOG  ALL  RD  NO
(INFO        :  33) ACCESS.LIS     2 13-Mar-89 13:11 -- extra not on master
(INFO        :  33) 054TEL.COM     2 26-Oct-88 14:27 -- extra not on master
(INFO        :  33) 054TEL.OUT     2 26-Oct-88 14:27 -- extra not on master
(INFO        :  33) INFO32.NFO     2 18-Aug-88 15:32 -- extra not on master
(INFO        :  33) 021TEL.COM     2 29-Nov-88 14:06 -- extra not on master
(INFO        :  33) 021TEL.OUT     2 29-Nov-88 14:06 -- extra not on master
(INFO        :  33) DATA.BKP      22 26-Sep-88 11:02 -- extra not on master
(INFO        :  33) SYSNO.BAK      9 29-Nov-88 14:42 -- bad checksum SAHYIL
                           should be 21-Jun-88 17:12 VOGQAK  ALL  RD  NO
(INFO        :  33) SYSNO.NFO      9 02-Feb-89 14:02 -- bad checksum LIMSOR
                           should be 29-Nov-88 14:43 SAHYIL  ALL  RD  NO
(INFO        :  33) 043TEL.COM     2 29-Nov-88 14:43 -- extra not on master
(INFO        :  33) 043TEL.OUT     2 29-Nov-88 14:43 -- extra not on master
Checking host 34
(INFO        :  34) SYSNO.NFO      9 21-Jun-88 17:20 -- bad checksum VOGQAK
                           should be 29-Nov-88 14:43 SAHYIL  ALL  RD  NO
(INFO        :  34) MAIL.FWD       2 01-Dec-87 14:44 -- protection ALL  RD  NO
                           should be 01-Dec-87 14:42 FOQCOL  ALL  RD  RD
Checking host 35
(INFO        :  35) SYSNO.NFO      9 21-Jun-88 17:20 -- bad checksum VOGQAK
                           should be 29-Nov-88 14:43 SAHYIL  ALL  RD  NO
(INFO        :  35) MAIL.FWD       2 01-Dec-87 14:44 -- protection ALL  RD  NO
                           should be 01-Dec-87 14:42 FOQCOL  ALL  RD  RD
Checking host 37
(INFO        :  37) SYSNO.NFO      9 21-Jun-88 17:21 -- bad checksum VOGQAK
                           should be 29-Nov-88 14:43 SAHYIL  ALL  RD  NO
(INFO        :  37) MAIL.FWD       2 01-Dec-87 14:44 -- protection ALL  RD  NO
                           should be 01-Dec-87 14:42 FOQCOL  ALL  RD  RD
Checking host 38
(INFO        :  38) SYSNO.NFO      9 21-Jun-88 17:16 -- bad checksum VOGQAK
                           should be 29-Nov-88 14:43 SAHYIL  ALL  RD  NO
(INFO        :  38) MAIL.FWD       2 01-Dec-87 14:43 -- protection ALL  RD  NO
                           should be 01-Dec-87 14:42 FOQCOL  ALL  RD  RD
(INFO        :  38) MAGNUM.DIR     2 08-Aug-88 08:41 -- extra not on master
Checking host 54
(INFO        :  54) SYSNO.NFO      9 21-Jun-88 17:22 -- bad checksum VOGQAK
                           should be 29-Nov-88 14:43 SAHYIL  ALL  RD  NO
(INFO        :  54) MAIL.FWD       2 01-Dec-87 14:44 -- protection ALL  RD  NO
                           should be 01-Dec-87 14:42 FOQCOL  ALL  RD  RD
Checking host 56
(INFO        :  56) SYSNO.NFO      9 21-Jun-88 17:23 -- bad checksum VOGQAK
                           should be 29-Nov-88 14:43 SAHYIL  ALL  RD  NO
(INFO        :  56) MAIL.FWD       2 01-Dec-87 14:44 -- protection ALL  RD  NO
                           should be 01-Dec-87 14:42 FOQCOL  ALL  RD  RD
Checking host 58
(INFO        :  58) SYSNO.NFO      9 21-Jun-88 17:16 -- bad checksum VOGQAK
                           should be 29-Nov-88 14:43 SAHYIL  ALL  RD  NO
(INFO        :  58) MAIL.FWD       2 01-Dec-87 14:43 -- protection ALL  RD  NO
                           should be 01-Dec-87 14:42 FOQCOL  ALL  RD  RD
Checking host 74
(INFO        :  74) INFO.DAT      17 07-Oct-87 16:33 -- bad checksum YOSTAB
                           should be 15-Feb-88 19:23 YECMEL  ALL  RD  RD
(INFO        :  74) INFO.DFS       2 22-Jan-86 14:20 -- protection ALL  RD  NO
                           should be 10-Sep-78 14:21 JIVHOV  ALL  RD  RD
(INFO        :  74) INFO.WHR       5 23-Jan-86 19:16 -- extra not on master
(INFO        :  74) INFO.SRT       5 23-Jan-86 19:16 -- extra not on master
(INFO        :  74) GAN3.MUD       7 09-Jun-87 10:50 -- bad checksum YUKXIV
                           should be 26-Oct-88 14:40 GACJOG  ALL  RD  NO
(INFO        :  74) SYSNO.NFO      9 21-Jun-88 17:17 -- bad checksum VOGQAK
                           should be 29-Nov-88 14:43 SAHYIL  ALL  RD  NO
(INFO        :  74) INFO33.DAT     8 29-Dec-80 17:54 -- extra not on master
(INFO        :  74) INFO33.SAV    42 30-Dec-80 17:54 -- extra not on master
(INFO        :  74) INFO33.NFO     2 17-Jan-80 20:02 -- extra not on master
(INFO        :  74) INFO33.DOC     2 17-Jan-80 20:02 -- extra not on master
(INFO        :  74) MAIL.FWD       2 01-Dec-87 14:43 -- protection ALL  RD  NO
                           should be 01-Dec-87 14:42 FOQCOL  ALL  RD  RD

End of SAIL execution
!rdist JAIL.RDI=(JAIL)/check/nomissing
Master host: 32
2 files on master system.
Slave hosts: 14,17,22,23,25,26,30,31,32,33,34,35,37,38,54,56,58,74
Checking host 14

?unable to build circuit to JMS:14
?host unavailable

?unable to build circuit to JMS:14
?host unavailable

?unable to build circuit to JMS:14
?host unavailable

?unable to build circuit to JMS:14
?host unavailable

?unable to build circuit to JMS:14
?host unavailable
Creaux failed to JMS:14
Checking host 17

?unable to build circuit to JMS:17
?host unavailable

?unable to build circuit to JMS:17
?host unavailable

?unable to build circuit to JMS:17
?host unavailable

?unable to build circuit to JMS:17
?host unavailable

?unable to build circuit to JMS:17
?host unavailable
Creaux failed to JMS:17
Checking host 22
Checking host 23
Checking host 25
Checking host 26
Checking host 30
Checking host 31
Checking host 32
Checking host 33
(JAIL        :  33) ACCESS.LIS     2 04-May-81 17:48 -- extra not on master
(JAIL        :  33) LIBSA9.REL    55 05-Jun-80 09:18 -- extra not on master
(JAIL        :  33) BAIIO2.REL     4 05-Jun-80 09:19 -- extra not on master
(JAIL        :  33) BAIIO2.SM1     2 05-Jun-80 09:19 -- extra not on master
(JAIL        :  33) HLBSAA.REL    60 23-Sep-81 06:36 -- extra not on master
(JAIL        :  33) BAIL.SAI      67 29-Apr-81 19:06 -- extra not on master
(JAIL        :  33) BAIL.HED       2 29-Apr-81 19:17 -- extra not on master
(JAIL        :  33) BAICLC.REL     2 05-Jun-80 09:19 -- extra not on master
(JAIL        :  33) BAICLC.SM1     2 05-Jun-80 09:19 -- extra not on master
(JAIL        :  33) BAIL.REL      37 09-Jul-80 21:53 -- extra not on master
(JAIL        :  33) LIBSAA.REL    60 23-Sep-81 06:34 -- extra not on master
(JAIL        :  33) SAILOW.REL    18 23-Sep-81 06:33 -- extra not on master
(JAIL        :  33) FILCOT.MAC    20 08-Feb-82 14:05 -- extra not on master
(JAIL        :  33) GOGTAB.DEF     2 05-Jun-80 09:19 -- extra not on master
(JAIL        :  33) FOO            2 25-Sep-81 13:28 -- extra not on master
(JAIL        :  33) JAIL.WHR       8 08-Feb-88 13:58 -- extra not on master
(JAIL        :  33) FLS            2 01-Sep-81 21:15 -- extra not on master
(JAIL        :  33) BAIPD9.REL     2 05-Jun-80 09:19 -- extra not on master
(JAIL        :  33) SAIL.NEW       5 05-May-81 14:23 -- extra not on master
(JAIL        :  33) BAIMSC.REL     5 05-Jun-80 09:19 -- extra not on master
(JAIL        :  33) BAIMSC.SM1     2 05-Jun-80 09:19 -- extra not on master
(JAIL        :  33) SAIL.SHR      69 23-Sep-81 06:27 -- extra not on master
(JAIL        :  33) SAIL.LOW       9 23-Sep-81 06:25 -- extra not on master
(JAIL        :  33) SAISG9.SHR    41 05-Jun-80 09:19 -- extra not on master
(JAIL        :  33) SWAPFL.SAV    15 01-Sep-81 21:15 -- extra not on master
(JAIL        :  33) SWAPFL.SAI     2 01-Sep-81 21:13 -- extra not on master
(JAIL        :  33) BAIIO1.REL     4 05-Jun-80 09:19 -- extra not on master
(JAIL        :  33) BAIPRC.REL     3 05-Jun-80 09:20 -- extra not on master
(JAIL        :  33) BAIPRC.SM1     2 05-Jun-80 09:19 -- extra not on master
(JAIL        :  33) BAIIO1.SM1     2 05-Jun-80 09:19 -- extra not on master
(JAIL        :  33) SAISGA.SHR    43 23-Sep-81 06:30 -- extra not on master
(JAIL        :  33) HLBSA9.REL    55 05-Jun-80 09:19 -- extra not on master
Checking host 34
Checking host 35
Checking host 37
Checking host 38
Checking host 54
Checking host 56
Checking host 58
Checking host 74
(JAIL        :  74) FOO3.TYM       2 07-Jul-80 15:25 -- extra not on master
(JAIL        :  74) BAIIO2.FAI     5 01-Oct-81 05:07 -- extra not on master
(JAIL        :  74) BAISM1.FAI     8 01-Oct-81 05:07 -- extra not on master
(JAIL        :  74) 2OPS2.OPS      2 01-Oct-81 05:08 -- extra not on master
(JAIL        :  74) ACCESS.LIS     2 24-Dec-80 20:31 -- extra not on master
(JAIL        :  74) FOO3          12 24-Apr-81 12:20 -- extra not on master
(JAIL        :  74) EXPRS         35 18-Jun-81 19:36 -- extra not on master
(JAIL        :  74) TOTAL         54 22-Jun-81 14:06 -- extra not on master
(JAIL        :  74) SPARES         2 28-Aug-81 12:25 -- extra not on master
(JAIL        :  74) FTSBAI.SAI     2 31-Aug-81 17:32 -- extra not on master
(JAIL        :  74) XTCLOR.REL     6 05-Jan-82 15:10 -- extra not on master
(JAIL        :  74) BAIIO2.REL     5 01-Oct-81 05:08 -- extra not on master
(JAIL        :  74) BAISM1.REL     5 01-Oct-81 05:08 -- extra not on master
(JAIL        :  74) BAIIO2.SM1     2 01-Oct-81 05:08 -- extra not on master
(JAIL        :  74) STRSER        39 24-Sep-81 07:47 -- extra not on master
(JAIL        :  74) SAIL1.COM      2 24-Sep-81 17:06 -- extra not on master
(JAIL        :  74) HDRFIL        16 01-Oct-81 19:33 -- extra not on master
(JAIL        :  74) HDRFIL.REL     4 01-Oct-81 19:34 -- extra not on master
(JAIL        :  74) HDRFIL.FUN    13 01-Oct-81 19:34 -- extra not on master
(JAIL        :  74) HLBSAA.REL    60 01-Oct-81 19:41 -- extra not on master
(JAIL        :  74) SAILKL.REL    18 12-Oct-81 15:00 -- extra not on master
(JAIL        :  74) ARYSER        12 05-Feb-80 21:48 -- extra not on master
(JAIL        :  74) PTRAN.SAI     13 30-Jun-80 06:30 -- extra not on master
(JAIL        :  74) SCISS.SAI     11 20-Nov-79 18:25 -- extra not on master
(JAIL        :  74) BAIL.SAI      67 03-Jul-80 16:07 -- extra not on master
(JAIL        :  74) BAICLC.FAI     3 01-Oct-81 05:07 -- extra not on master
(JAIL        :  74) RESTAB.TYM    22 01-Oct-81 05:07 -- extra not on master
(JAIL        :  74) LEPRUN        65 29-Jan-81 15:27 -- extra not on master
(JAIL        :  74) BRKTBL.DOC     2 09-Mar-81 19:04 -- extra not on master
(JAIL        :  74) INPT.ACS       2 01-Apr-81 05:02 -- extra not on master
(JAIL        :  74) NWORLD        32 21-Apr-81 17:40 -- extra not on master
(JAIL        :  74) BAICLC.REL     3 01-Oct-81 05:08 -- extra not on master
(JAIL        :  74) BAICLC.SM1     2 01-Oct-81 05:08 -- extra not on master
(JAIL        :  74) BAIL.REL      37 01-Oct-81 05:08 -- extra not on master
(JAIL        :  74) MAKBKT.SAI     2 24-Apr-81 17:58 -- extra not on master
(JAIL        :  74) SAIL2.COM      2 24-Sep-81 15:33 -- extra not on master
(JAIL        :  74) LIBSAA.REL    60 01-Oct-81 19:41 -- extra not on master
(JAIL        :  74) XXSGMT.CMD     2 05-Oct-81 18:34 -- extra not on master
(JAIL        :  74) STEST.SAI     13 07-Oct-81 15:51 -- extra not on master
(JAIL        :  74) SAILOW.REL    18 12-Oct-81 14:52 -- extra not on master
(JAIL        :  74) LOW            2 19-Jan-80 00:05 -- extra not on master
(JAIL        :  74) WNTEND         2 03-Oct-79 02:23 -- extra not on master
(JAIL        :  74) BSM1HD.FAI     2 11-Mar-80 22:35 -- extra not on master
(JAIL        :  74) PROD.QQQ       3 01-Oct-81 05:06 -- extra not on master
(JAIL        :  74) COMSER        13 29-Jan-81 14:50 -- extra not on master
(JAIL        :  74) GOGTAB.DEF     2 01-Oct-81 19:37 -- extra not on master
(JAIL        :  74) SYM           61 23-Jun-81 17:45 -- extra not on master
(JAIL        :  74) XSG.CMD        2 29-Jun-81 10:37 -- extra not on master
(JAIL        :  74) SAMPLE.LOG     2 28-Aug-81 17:41 -- extra not on master
(JAIL        :  74) HEAD          24 31-Aug-81 13:43 -- extra not on master
(JAIL        :  74) BKTBLS.BKT     2 31-Aug-81 19:43 -- extra not on master
(JAIL        :  74) PROD          69 01-Oct-81 05:06 -- extra not on master
(JAIL        :  74) GOGOL         90 24-Sep-81 11:01 -- extra not on master
(JAIL        :  74) ARRAY    19 01-Oct-81 03:29 -- extra not on master
(JAIL        :  74) FTSGSW         2 05-Oct-81 19:06 -- extra not on master
(JAIL        :  74) OSAIL.PUB     11 24-Sep-81 14:47 -- extra not on master
(JAIL        :  74) SAHLOR.REL     5 05-Jan-82 15:10 -- extra not on master
(JAIL        :  74) DB             2 24-Jan-80 01:28 -- extra not on master
(JAIL        :  74) WNTHED         2 03-Oct-79 02:23 -- extra not on master
(JAIL        :  74) DATA           2 31-Aug-79 01:48 -- extra not on master
(JAIL        :  74) RTRAN.SAI      9 13-Mar-80 19:43 -- extra not on master
(JAIL        :  74) BAILDD.FAI     2 21-Mar-78 23:21 -- extra not on master
(JAIL        :  74) TOPS10.FAI     2 29-Jan-81 15:52 -- extra not on master
(JAIL        :  74) RUNTIM.CMD     2 26-Feb-81 17:08 -- extra not on master
(JAIL        :  74) NEWRUN.CMD     2 18-Apr-81 00:37 -- extra not on master
(JAIL        :  74) FTSASW         2 31-Aug-81 16:33 -- extra not on master
(JAIL        :  74) XTCOHD.FAI     2 31-Aug-81 16:59 -- extra not on master
(JAIL        :  74) RESULT.DIS     2 01-Sep-81 13:50 -- extra not on master
(JAIL        :  74) SOURCE.FLS     2 24-Sep-81 15:20 -- extra not on master
(JAIL        :  74) RESULT.FLS     2 24-Sep-81 15:25 -- extra not on master
(JAIL        :  74) RESULT.CKS     2 07-Oct-81 15:21 -- extra not on master
(JAIL        :  74) ATTACH.DOC     2 07-Oct-81 16:35 -- extra not on master
(JAIL        :  74) SOURCE.CKS     2 07-Oct-81 16:37 -- extra not on master
(JAIL        :  74) SAIKLA.SHR    43 12-Oct-81 15:00 -- extra not on master
(JAIL        :  74) SAILOR.FAI     9 05-Jan-82 15:09 -- extra not on master
(JAIL        :  74) SAILOR.REL     5 05-Jan-82 15:10 -- extra not on master
(JAIL        :  74) LEAP          37 11-Mar-80 23:15 -- extra not on master
(JAIL        :  74) RENCSW         2 23-Sep-77 19:16 -- extra not on master
(JAIL        :  74) BAIMSC.FAI     5 01-Oct-81 05:07 -- extra not on master
(JAIL        :  74) R5NM           2 21-Apr-81 18:37 -- extra not on master
(JAIL        :  74) RECSER        19 16-Jun-81 15:40 -- extra not on master
(JAIL        :  74) BAIMSC.REL     5 01-Oct-81 05:08 -- extra not on master
(JAIL        :  74) BAIPDA.REL     2 31-Aug-81 19:50 -- extra not on master
(JAIL        :  74) BAIMSC.SM1     2 01-Oct-81 05:08 -- extra not on master
(JAIL        :  74) BAIPDA.FAI     2 31-Aug-81 19:49 -- extra not on master
(JAIL        :  74) SAILX.COM      2 03-Sep-81 17:06 -- extra not on master
(JAIL        :  74) SAIL.SHR      69 01-Oct-81 05:08 -- extra not on master
(JAIL        :  74) SAIL.LOW       9 01-Oct-81 05:08 -- extra not on master
(JAIL        :  74) SAIL          51 23-Sep-81 06:03 -- extra not on master
(JAIL        :  74) SAIL.DOC      14 07-Oct-81 15:16 -- extra not on master
(JAIL        :  74) DX.REL         2 01-Oct-81 00:46 -- extra not on master
(JAIL        :  74) STATS         56 01-Oct-81 03:46 -- extra not on master
(JAIL        :  74) DX.CMD         2 01-Oct-81 05:00 -- extra not on master
(JAIL        :  74) GGOL          90 05-Oct-81 19:01 -- extra not on master
(JAIL        :  74) SAIL.PUB      12 07-Oct-81 15:12 -- extra not on master
(JAIL        :  74) ENDDAT         2 31-Aug-79 01:48 -- extra not on master
(JAIL        :  74) PROCSS         4 31-Aug-79 01:48 -- extra not on master
(JAIL        :  74) PROFIL.SAI    21 31-Aug-79 01:48 -- extra not on master
(JAIL        :  74) SGMNT.CMD      2 28-Jul-80 18:19 -- extra not on master
(JAIL        :  74) TRIGS         14 27-Feb-81 11:42 -- extra not on master
(JAIL        :  74) IOSER         49 30-Apr-81 07:37 -- extra not on master
(JAIL        :  74) XSGMNT.CMD     2 31-Aug-81 16:51 -- extra not on master
(JAIL        :  74) XRSAIL.CMD     2 31-Aug-81 17:11 -- extra not on master
(JAIL        :  74) DRYDOC.SAV    14 01-Oct-81 05:09 -- extra not on master
(JAIL        :  74) RESCOP         2 31-Aug-81 19:21 -- extra not on master
(JAIL        :  74) MAKTAB.SAI     3 31-Aug-81 19:43 -- extra not on master
(JAIL        :  74) HEL           21 02-Sep-81 01:24 -- extra not on master
(JAIL        :  74) PARSE         21 01-Oct-81 00:27 -- extra not on master
(JAIL        :  74) KLSEGA.CMD     2 12-Oct-81 14:54 -- extra not on master
(JAIL        :  74) KLJAIL         2 12-Oct-81 14:55 -- extra not on master
(JAIL        :  74) RSAIL.REL    116 05-Jan-82 15:10 -- extra not on master
(JAIL        :  74) DSAIL.HGH     69 05-Jan-82 15:18 -- extra not on master
(JAIL        :  74) DSAIL.LOW     44 05-Jan-82 15:18 -- extra not on master
(JAIL        :  74) WRDGET        14 03-Oct-79 16:00 -- extra not on master
(JAIL        :  74) SCNCMD.SAI     6 23-Sep-77 19:17 -- extra not on master
(JAIL        :  74) BPDAHD.FAI     2 11-Mar-80 22:35 -- extra not on master
(JAIL        :  74) BAIIO1.FAI     4 01-Oct-81 05:07 -- extra not on master
(JAIL        :  74) BAIPRC.FAI     4 01-Oct-81 05:07 -- extra not on master
(JAIL        :  74) ORDER.T10      2 27-Jan-81 18:59 -- extra not on master
(JAIL        :  74) UP             6 30-Jun-81 13:53 -- extra not on master
(JAIL        :  74) NOTDDT.FAI     2 30-Jun-81 14:38 -- extra not on master
(JAIL        :  74) ORDER          2 31-Aug-81 16:35 -- extra not on master
(JAIL        :  74) RSAILD.CMD     2 31-Aug-81 17:03 -- extra not on master
(JAIL        :  74) XTCHDR.FAI     2 31-Aug-81 17:13 -- extra not on master
(JAIL        :  74) BAIIO1.REL     4 01-Oct-81 05:08 -- extra not on master
(JAIL        :  74) BAIPRC.REL     3 01-Oct-81 05:08 -- extra not on master
(JAIL        :  74) BAIIO1.SM1     2 01-Oct-81 05:08 -- extra not on master
(JAIL        :  74) BAIPRC.SM1     2 01-Oct-81 05:08 -- extra not on master
(JAIL        :  74) BAIFLS.CMD     2 01-Sep-81 14:38 -- extra not on master
(JAIL        :  74) SAIL0.COM      2 23-Sep-81 06:05 -- extra not on master
(JAIL        :  74) TEST.DAT       4 07-Oct-81 16:35 -- extra not on master
(JAIL        :  74) PUBMAC         5 24-Sep-81 14:48 -- extra not on master
(JAIL        :  74) GEN           88 01-Oct-81 03:22 -- extra not on master
(JAIL        :  74) SAISGA.SHR    43 12-Oct-81 14:52 -- extra not on master

End of SAIL execution
!rdist KL10.RDI=(KL10)/check/nomissing
Master host: 32
107 files on master system.
Slave hosts: 14,17,22,23,25,26,30,31,32,33,34,35,37,38,54,56,58,74
Checking host 14

?unable to build circuit to JMS:14
?host unavailable

?unable to build circuit to JMS:14
?host unavailable

?unable to build circuit to JMS:14
?host unavailable

?unable to build circuit to JMS:14
?host unavailable

?unable to build circuit to JMS:14
?host unavailable
Creaux failed to JMS:14
Checking host 17

?unable to build circuit to JMS:17
?host unavailable

?unable to build circuit to JMS:17
?host unavailable

?unable to build circuit to JMS:17
?host unavailable

?unable to build circuit to JMS:17
?host unavailable

?unable to build circuit to JMS:17
?host unavailable
Creaux failed to JMS:17
Checking host 22
Checking host 23
Checking host 25
Checking host 26
Checking host 30
(KL10        :  30) MONED1.SAV     2 26-Oct-77 07:33 -- extra not on master
(KL10        :  30) MONMK1.SAV     2 26-Oct-77 07:41 -- extra not on master
(KL10        :  30) SYMLOK.SAV     3 28-Mar-78 11:26 -- extra not on master
(KL10        :  30) BOTLOD.SAV     2 18-May-78 14:08 -- protection  NO  NO  NO
                           should be 18-May-78 14:08 YIYBIN  ALL  RD  NO
Checking host 31
Checking host 32
Checking host 33
(KL10        :  33) RDIST.WED      2 01-Mar-89 12:17 -- bad checksum GOTYUH
                           should be 15-Feb-89 18:09 VOQDOQ  ALL  RD  NO
(KL10        :  33) RDIST.LOG      3 01-Mar-89 12:17 -- bad checksum TUXCAK
                           should be 21-Feb-89 18:06 GULPAK  ALL  RD  NO
(KL10        :  33) RDIST.OUT      2 01-Mar-89 12:17 -- bad checksum JERCAB
                           should be 21-Feb-89 18:06 WIXNOL  ALL  RD  NO
(KL10        :  33) FINDIT.TEC     2 10-Jan-89 13:05 -- extra not on master
Checking host 34
Checking host 35

EXIT

!SEND JMS
Type letter:
; PCOM v1.63 - processed: (JMS)GAN3B.LOG = (JMS)GAN3B.CTL
; Options: DETACH  LOG NOAPPEND SUPERSEDE LICENSE 
   l@QÌ