.RDIST (NDT)*.*/HOST:33,930/CHECK
Master host: 29
613 files on master system.
Slave hosts: 33,930
Checking host 33
(NDT         :  33) RELOK.SAI      4 30-Sep-77 13:53 -- missing on master
(NDT         :  33) AI.ASC         2 07-Oct-77 22:21 -- missing on master
(NDT         :  33) AI.SOS         2 19-Oct-83 14:17 -- missing on master
(NDT         :  33) AI.AI          2 07-Oct-77 22:22 -- missing on master
(NDT         :  33) AI.V           2 19-Oct-83 14:17 -- missing on master
(NDT         :  33) PFL37.BAK     17 23-Dec-77 21:29 -- missing on master
(NDT         :  33) PFL37         17 24-Dec-77 00:37 -- missing on master
(NDT         :  33) STAKPR.SAI     6 17-Jan-78 20:27 -- missing on master
(NDT         :  33) FJSAIL.HAD     3 28-Feb-78 16:37 -- missing on master
(NDT         :  33) FJSAIL.NOW     2 01-Mar-78 11:19 -- missing on master
(NDT         :  33) TSB.SAI       87 21-Mar-78 21:52 -- missing on master
(NDT         :  33) TSB.ORL       37 21-Mar-78 21:55 -- missing on master
(NDT         :  33) OPTAB.RES      4 25-Aug-78 11:43 -- missing on master
(NDT         :  33) PUBFIX.MEM     2 31-Mar-79 03:57 -- missing on master
(NDT         :  33) PCVOS          2 27-Jun-79 18:40 -- missing on master
(NDT         :  33) STABS.SAV     12 08-Oct-79 11:20 -- missing on master
(NDT         :  33) KLEXP.CMP      8 13-Jul-79 10:12 -- missing on master
(NDT         :  33) ST4.SAI       29 09-Aug-79 22:32 -- missing on master
(NDT         :  33) STABS.SAI      2 04-Oct-79 02:03 -- missing on master
(NDT         :  33) CTOLD.FAI      2 15-Feb-80 14:19 -- missing on master
(NDT         :  33) HAMMIT.SAI     3 09-May-80 21:33 -- missing on master
(NDT         :  33) UPDBUG.SAI     2 21-May-80 23:29 -- missing on master
(NDT         :  33) RPG.INI        2 08-Sep-81 15:23 -- bad checksum
(NDT         :  33) DT.SAI         2 03-Aug-80 13:27 -- missing on master
(NDT         :  33) ADJBP.FAI      5 24-Sep-80 22:10 -- bad checksum
(NDT         :  33) GALX.SAI      34 20-Nov-80 18:08 -- missing on master
(NDT         :  33) NEWSAI.DOC     9 24-Nov-80 16:23 -- missing on master
(NDT         :  33) FC29.FAI       4 10-Dec-80 10:36 -- missing on master
(NDT         :  33) MAPCOP.SAI     4 11-Dec-80 03:42 -- missing on master
(NDT         :  33) MAGIC.SAI      2 13-Dec-80 15:48 -- missing on master
(NDT         :  33) PROBAL.SAI     2 22-Dec-80 00:11 -- missing on master
(NDT         :  33) STRSER.OLD    30 23-Dec-80 05:33 -- missing on master
(NDT         :  33) STRSER.WID    29 23-Dec-80 06:18 -- missing on master
(NDT         :  33) INSTRS.SAI     2 08-Jan-81 07:11 -- missing on master
(NDT         :  33) CMDLST         4 15-Jan-81 20:13 -- missing on master
(NDT         :  33) PO             6 20-Jan-81 18:37 -- missing on master
(NDT         :  33) MISC.FAI       2 20-Jan-81 21:54 -- missing on master
(NDT         :  33) SORT.FAI       2 20-Jan-81 21:44 -- missing on master
(NDT         :  33) SCAN.FAI       2 20-Jan-81 20:48 -- missing on master
(NDT         :  33) MAIN.RAI       4 21-Jan-81 04:53 -- missing on master
(NDT         :  33) SORT.RAI       6 21-Jan-81 04:33 -- missing on master
(NDT         :  33) SCAN.RAI      11 19-Jan-81 01:06 -- missing on master
(NDT         :  33) RAIDV.RAI      3 23-Jan-81 17:40 -- missing on master
(NDT         :  33) RAIDV.FAI      2 30-Jan-81 15:35 -- missing on master
(NDT         :  33) X2.DAT         6 31-Jan-81 21:23 -- missing on master
(NDT         :  33) SCAN.HDR       2 06-Feb-81 20:42 -- missing on master
(NDT         :  33) SCANLO.FAI     2 06-Feb-81 23:07 -- missing on master
(NDT         :  33) SCAN.SAI       4 07-Feb-81 00:12 -- missing on master
(NDT         :  33) 33SCAN.SAI    14 07-Feb-81 08:26 -- missing on master
(NDT         :  33) EXPRS         31 07-Mar-81 20:45 -- missing on master
(NDT         :  33) DATE.FOR       2 11-Mar-81 10:29 -- missing on master
(NDT         :  33) RDHPST.SAI     2 14-Mar-81 15:51 -- missing on master
(NDT         :  33) SL.DOC         2 13-Apr-81 14:15 -- missing on master
(NDT         :  33) UNOMIT.SAI     2 10-Sep-81 19:09 -- missing on master
(NDT         :  33) SPNTRE.SAI     4 29-Sep-81 18:05 -- missing on master
(NDT         :  33) PUZZLE.PAS     3 13-Oct-81 16:42 -- missing on master
(NDT         :  33) PUZZLE.SAI     3 13-Oct-81 20:25 -- missing on master
(NDT         :  33) DRAN.SAI       2 18-Nov-81 11:51 -- missing on master
(NDT         :  33) SUMS.AI        2 24-Nov-81 13:40 -- missing on master
(NDT         :  33) PIECES.FAI     3 30-Nov-81 15:23 -- missing on master
(NDT         :  33) CURCHK.SAI     2 30-Nov-81 18:46 -- missing on master
(NDT         :  33) SQUASH.SAV    14 25-Jan-83 16:50 -- missing on master
(NDT         :  33) BLTX.DCL       2 28-Dec-81 13:16 -- missing on master
(NDT         :  33) TRESHO.SAI     3 29-Dec-81 20:33 -- missing on master
(NDT         :  33) TRESHO.SAV     4 29-Dec-81 21:19 -- missing on master
(NDT         :  33) HASTRE.SAI     2 01-Jan-82 01:45 -- missing on master
(NDT         :  33) BLTX.FAI       3 02-Jan-82 02:59 -- missing on master
(NDT         :  33) PRITRY.SAV    17 07-Jan-82 15:10 -- missing on master
(NDT         :  33) PRITRY.SAI     4 07-Jan-82 15:08 -- missing on master
(NDT         :  33) BLOAT2.SAI     4 11-Jan-82 13:41 -- missing on master
(NDT         :  33) SRCCOM.OLD     3 18-Jan-82 16:27 -- missing on master
(NDT         :  33) SRCCOM.SAI     4 18-Jan-82 17:37 -- missing on master
(NDT         :  33) TRYOPL.SAI     2 10-Feb-82 01:26 -- missing on master
(NDT         :  33) SLOE.GRP       2 10-Feb-82 13:20 -- missing on master
(NDT         :  33) CFINST.OLD    57 13-Apr-82 22:19 -- missing on master
(NDT         :  33) KLINST.SLO     6 14-Apr-82 15:59 -- missing on master
(NDT         :  33) LPRISK.SAI     2 15-May-82 10:45 -- missing on master
(NDT         :  33) OPTAB.RLS      4 25-Aug-78 11:54 -- missing on master
(NDT         :  33) NODLOD.SAI     8 15-Jun-82 15:47 -- missing on master
(NDT         :  33) INTSHO.SAI     2 14-Jul-82 23:05 -- missing on master
(NDT         :  33) IBPXXX.SLO     6 10-Aug-82 13:47 -- missing on master
(NDT         :  33) LOG.C          2 01-Dec-82 15:27 -- missing on master
(NDT         :  33) BOX.SAI        2 14-Jan-83 15:16 -- missing on master
(NDT         :  33) VERPRT.REL     2 21-Jan-83 06:02 -- missing on master
(NDT         :  33) VERPRT.FAI     2 21-Jan-83 05:53 -- missing on master
(NDT         :  33) RDMAIL.SAI    12 24-Jan-83 17:20 -- missing on master
(NDT         :  33) SQUASH.REL    10 25-Jan-83 16:37 -- missing on master
(NDT         :  33) SQUASH.SAI     6 25-Jan-83 16:25 -- missing on master
(NDT         :  33) BLTX.REL       2 25-Jan-83 16:40 -- missing on master
(NDT         :  33) SQUASH.DOC     2 25-Jan-83 17:08 -- missing on master
(NDT         :  33) OUTCOD.SAI     5 20-Aug-83 12:12 -- bad checksum
(NDT         :  33) OUTCOD.DCL     2 20-Aug-83 12:13 -- bad checksum
(NDT         :  33) TYMOP.SAI      4 17-Oct-83 12:28 -- missing on master
(NDT         :  33) U.SCM          2 29-Feb-84 11:58 -- missing on master
(NDT         :  33) CFINST.DIF     3 28-May-82 15:48 -- missing on master
(NDT         :  33) OPTAB.OUT      7 21-Oct-78 20:13 -- missing on master
(NDT         :  33) HEXIO.SAI      2 21-Jul-82 18:24 -- bad checksum
(NDT         :  33) STACK.SLO      3 12-Aug-82 14:18 -- missing on master
(NDT         :  33) SL             3 10-Sep-82 17:32 -- missing on master
(NDT         :  33) ACCESS.MSG     2 11-Jan-87 20:26 -- missing on master
(NDT         :  33) ANSIRD.SAI     2 07-Sep-77 15:20 -- missing on master
(NDT         :  33) DARTRD.SAI     5 14-Sep-77 17:37 -- missing on master
(NDT         :  33) DOCAIL.DIR     2 27-Sep-77 19:04 -- missing on master
(NDT         :  33) BAIL.USE       2 30-Sep-77 12:41 -- missing on master
(NDT         :  33) OPNFIL         3 27-Oct-77 19:18 -- missing on master
(NDT         :  33) RPREL.SAI      2 18-Jan-78 21:59 -- missing on master
(NDT         :  33) HALFIO.SAI     2 24-Jan-78 13:23 -- missing on master
(NDT         :  33) RICANT.LTR     5 24-Jan-78 18:15 -- missing on master
(NDT         :  33) PRTYPE.SAI     5 21-Mar-78 21:38 -- missing on master
(NDT         :  33) HX.SAI         6 25-Aug-78 20:53 -- missing on master
(NDT         :  33) NEW.OUT        4 21-Oct-78 20:12 -- missing on master
(NDT         :  33) BLINK.SAI      3 20-Nov-78 11:34 -- missing on master
(NDT         :  33) WRSSTA.SAI     2 26-Jul-79 15:18 -- missing on master
(NDT         :  33) OCTIO.SAI      3 28-Aug-79 15:50 -- bad checksum
(NDT         :  33) COMMUN.DOC     2 24-Sep-79 14:28 -- missing on master
(NDT         :  33) CH.SAI         2 02-Oct-79 19:40 -- missing on master
(NDT         :  33) UUOSYM.FAI    18 23-Jan-80 03:02 -- missing on master
(NDT         :  33) 3DIM.FAI       3 28-Mar-80 23:10 -- missing on master
(NDT         :  33) RELLST.SAI     4 31-Mar-80 16:55 -- missing on master
(NDT         :  33) BAIL.CHG       3 30-Apr-80 09:45 -- missing on master
(NDT         :  33) WRTON.SAI      2 21-May-80 12:23 -- missing on master
(NDT         :  33) FIND10.DOC     3 23-May-80 18:59 -- missing on master
(NDT         :  33) DTRIG2.SAI     3 18-Jun-80 19:22 -- missing on master
(NDT         :  33) C3.SAI         2 19-Jun-80 15:36 -- missing on master
(NDT         :  33) PORTIA.FAI     3 02-Oct-80 15:29 -- bad checksum
(NDT         :  33) INIT.SAI       2 12-Nov-80 16:08 -- bad checksum
(NDT         :  33) INIT.MAC       2 12-Nov-80 16:31 -- bad checksum
(NDT         :  33) SPECL.GAL      4 15-Nov-80 03:54 -- missing on master
(NDT         :  33) A.SAI          7 18-Nov-80 14:05 -- missing on master
(NDT         :  33) SCISS.SAI     11 26-Nov-80 12:26 -- missing on master
(NDT         :  33) FOOCHK.FAI     3 08-Dec-80 19:47 -- bad checksum
(NDT         :  33) NEWTAB.DOC     4 23-Dec-80 06:09 -- missing on master
(NDT         :  33) INIT.SAV       2 08-Mar-82 14:46 -- bad checksum
(NDT         :  33) PTYS.LST       4 04-Jan-81 13:19 -- missing on master
(NDT         :  33) GLUE.SAI       4 04-Jan-81 22:14 -- bad checksum
(NDT         :  33) SYSLIB.SAI     3 08-Jan-81 07:07 -- missing on master
(NDT         :  33) HXMAP.SAI      3 20-Jan-81 18:06 -- missing on master
(NDT         :  33) SYMBOL.SAI     4 26-Feb-81 14:49 -- missing on master
(NDT         :  33) PTRAN.SAI     12 07-Mar-81 20:56 -- bad checksum
(NDT         :  33) STATUS.SAI     3 14-Mar-81 16:03 -- missing on master
(NDT         :  33) EXTEND.SLB     7 18-Mar-81 21:31 -- missing on master
(NDT         :  33) BAIL.DOC       4 03-May-81 06:48 -- missing on master
(NDT         :  33) DSORT.SAI      2 03-May-81 07:36 -- missing on master
(NDT         :  33) BAIL.SAI      67 03-May-81 07:54 -- bad checksum
(NDT         :  33) INTRO.TXT     32 21-Jul-81 21:36 -- missing on master
(NDT         :  33) PROCAL.FAI     2 23-Jul-81 17:14 -- missing on master
(NDT         :  33) NAMTAB.SAI     4 08-Aug-81 10:28 -- missing on master
(NDT         :  33) DSORT.DIR      5 17-Sep-81 15:49 -- missing on master
(NDT         :  33) HAKMEM.XAI     3 23-Sep-81 04:43 -- missing on master
(NDT         :  33) STEST.SAI     13 24-Sep-81 19:51 -- missing on master
(NDT         :  33) MERPQ.FAI      2 30-Sep-81 01:43 -- missing on master
(NDT         :  33) RVS2.SAI       5 04-Nov-81 11:57 -- missing on master
(NDT         :  33) MAKSLB.SAI     7 17-Nov-81 15:09 -- missing on master
(NDT         :  33) SYSWAT.SAI     2 20-Nov-81 15:31 -- missing on master
(NDT         :  33) BUILD.SAI      6 20-Nov-81 19:05 -- missing on master
(NDT         :  33) SLBMAK.SAI     5 22-Nov-81 14:42 -- missing on master
(NDT         :  33) DCL39.FDM      6 19-Mar-75 17:00 -- missing on master
(NDT         :  33) UNQ2.SAI       4 04-Dec-81 17:11 -- missing on master
(NDT         :  33) UUOSYM.UNV     6 15-Dec-81 21:09 -- missing on master
(NDT         :  33) SQUISH.SAI     3 28-Dec-81 13:38 -- missing on master
(NDT         :  33) SQUISH.DCL     3 28-Dec-81 13:38 -- missing on master
(NDT         :  33) SQUISH.MAC    13 28-Dec-81 13:38 -- missing on master
(NDT         :  33) SQUISH.OLD     5 01-Jan-82 02:05 -- missing on master
(NDT         :  33) SQUISH.FAI     6 01-Jan-82 21:28 -- missing on master
(NDT         :  33) BLTY.DCL       2 07-Jan-82 18:06 -- missing on master
(NDT         :  33) BLTY.FAI       3 07-Jan-82 18:07 -- missing on master
(NDT         :  33) PRIQUE.FAI     3 12-Jan-82 13:03 -- missing on master
(NDT         :  33) PRIQUE.DCL     2 06-Jan-82 19:54 -- missing on master
(NDT         :  33) CST.SAI        2 29-Jan-82 15:33 -- missing on master
(NDT         :  33) UPL.MDD        2 06-Feb-82 14:51 -- missing on master
(NDT         :  33) RAIDSG.TXT     2 12-Feb-82 13:03 -- missing on master
(NDT         :  33) RAIDSG.REL     2 13-Feb-82 02:36 -- missing on master
(NDT         :  33) RAIDSG.660    15 13-Feb-82 03:00 -- missing on master
(NDT         :  33) BSPLIN.SAI     4 28-Feb-82 23:51 -- missing on master
(NDT         :  33) QUIRK.SAI      7 06-Mar-82 15:47 -- missing on master
(NDT         :  33) EMACS.CHR      2 21-Apr-82 12:45 -- missing on master
(NDT         :  33) FIXER.SLO      2 23-Apr-82 14:33 -- missing on master
(NDT         :  33) INIT.FAI       3 29-May-82 04:52 -- bad checksum
(NDT         :  33) FORM.SLO       2 13-Jul-82 17:50 -- missing on master
(NDT         :  33) SQUISH.REL     3 25-Jan-83 16:44 -- missing on master
(NDT         :  33) FTP.SAV       18 28-Jul-83 14:41 -- missing on master
(NDT         :  33) EM.REL         5 09-Aug-83 07:43 -- missing on master
(NDT         :  33) CT7.SAI       17 19-Aug-83 22:12 -- bad checksum
(NDT         :  33) CURVE.OLD      4 07-Mar-82 16:48 -- missing on master
(NDT         :  33) XIMM.SAI       8 12-Mar-82 12:35 -- missing on master
(NDT         :  33) XIMM.PSE       3 10-Mar-82 21:59 -- missing on master
(NDT         :  33) XIMM.SA1       8 10-Mar-82 16:49 -- missing on master
(NDT         :  33) XIMM.PS1       3 10-Mar-82 21:59 -- missing on master
(NDT         :  33) XIMM.PS2       3 11-Mar-82 15:15 -- missing on master
(NDT         :  33) XIMM.PS3       3 11-Mar-82 15:58 -- missing on master
(NDT         :  33) DIV.SAI        5 12-Mar-82 17:38 -- bad checksum
(NDT         :  33) CURVE.BAS      4 14-Mar-82 16:57 -- missing on master
(NDT         :  33) CURVE.MDD      2 14-Mar-82 17:26 -- missing on master
(NDT         :  33) GETFIL.SAI     3 23-Sep-77 08:41 -- missing on master
(NDT         :  33) XAIL.DIR       2 27-Sep-77 19:03 -- missing on master
(NDT         :  33) TNXAIL.DIR     2 27-Sep-77 19:03 -- missing on master
(NDT         :  33) SAILIB.DIR     2 27-Sep-77 19:05 -- missing on master
(NDT         :  33) DANIEL.DIR     2 27-Sep-77 19:06 -- missing on master
(NDT         :  33) SAHEAD.DEF     2 04-Oct-77 22:36 -- missing on master
(NDT         :  33) MT.SAI         7 12-Oct-77 01:07 -- missing on master
(NDT         :  33) GOGTAB.FTS     2 30-Nov-77 23:40 -- missing on master
(NDT         :  33) GOGTAB.SAI     4 01-Dec-77 03:35 -- missing on master
(NDT         :  33) GOGTAB.SRT     3 17-Jan-78 17:34 -- missing on master
(NDT         :  33) UPAGEI.SAI     2 31-Jan-78 14:52 -- missing on master
(NDT         :  33) UPAGEI.CMD     2 01-Feb-78 08:39 -- missing on master
(NDT         :  33) GOGTAB.FDC     3 28-Feb-78 15:33 -- missing on master
(NDT         :  33) MAPCHK.SAI     3 27-Mar-78 10:49 -- missing on master
(NDT         :  33) NXS.SAI        5 08-Apr-78 00:03 -- missing on master
(NDT         :  33) CHKCVL.SAI     3 17-Aug-78 21:25 -- missing on master
(NDT         :  33) SCOTT.EXP      3 30-Dec-78 06:03 -- missing on master
(NDT         :  33) Z2.SAI         3 13-Apr-79 15:27 -- missing on master
(NDT         :  33) ZZZ.SAI        2 13-Apr-79 16:23 -- missing on master
(NDT         :  33) DIFDIF.SAI     5 08-May-79 20:29 -- missing on master
(NDT         :  33) DIFDIF.SAV    24 09-May-79 14:50 -- missing on master
(NDT         :  33) FTYP.SAI       2 30-Jun-79 01:02 -- missing on master
(NDT         :  33) BIGNUM.CMP    10 12-Jul-79 19:38 -- missing on master
(NDT         :  33) BIGN37.CMP     9 12-Jul-79 19:51 -- missing on master
(NDT         :  33) FULLDR.SAV     5 14-Jan-82 06:47 -- missing on master
(NDT         :  33) FSHSPL.DOC     2 16-Aug-79 20:14 -- missing on master
(NDT         :  33) BLOCKP.SAI     4 29-Aug-79 18:49 -- missing on master
(NDT         :  33) MATHOP.HDR     2 13-Sep-79 14:04 -- bad checksum
(NDT         :  33) MATHOP.SAI     2 14-Sep-79 14:21 -- bad checksum
(NDT         :  33) STORE.MEM      3 01-Oct-79 10:58 -- missing on master
(NDT         :  33) XPFIND.SAI    11 14-Jan-80 20:01 -- missing on master
(NDT         :  33) SPOOL.DEF      2 23-Jan-80 00:37 -- bad checksum
(NDT         :  33) TSR            2 04-Apr-80 16:27 -- missing on master
(NDT         :  33) SWAPD.SAI      2 21-Apr-80 15:45 -- bad checksum
(NDT         :  33) EXIST.MEM      2 20-May-80 16:01 -- missing on master
(NDT         :  33) SNDB.FAI       2 04-Jun-80 18:05 -- missing on master
(NDT         :  33) DTRIG3.SAI     2 18-Jun-80 19:26 -- missing on master
(NDT         :  33) STORE.CCL      2 14-Jul-80 07:48 -- missing on master
(NDT         :  33) STORE.LST      3 14-Jul-80 07:48 -- missing on master
(NDT         :  33) STORE.DIR      2 14-Jul-80 09:11 -- missing on master
(NDT         :  33) LOADAL.SAI     2 10-Aug-80 23:49 -- missing on master
(NDT         :  33) STKPR.SAI      5 07-Oct-80 15:55 -- missing on master
(NDT         :  33) HPS            2 14-Nov-80 19:51 -- missing on master
(NDT         :  33) COMMON.GAL     3 15-Nov-80 05:03 -- missing on master
(NDT         :  33) I.MAC          2 24-Nov-80 17:13 -- missing on master
(NDT         :  33) GOGOL.OLD     78 25-Nov-80 14:52 -- missing on master
(NDT         :  33) GOGOL.930     79 26-Nov-80 15:02 -- missing on master
(NDT         :  33) FOONLY.BUG     2 05-Dec-80 23:43 -- bad checksum
(NDT         :  33) HEAD          23 11-Dec-80 11:06 -- missing on master
(NDT         :  33) GOGOL.BAK     81 13-Dec-80 20:15 -- missing on master
(NDT         :  33) PSEUDO.SAI     2 13-Dec-80 13:48 -- missing on master
(NDT         :  33) PSEUDO.FAI     3 13-Dec-80 14:24 -- missn master
(NDT         :  33) OTSTRB.FAI     2 22-Dec-80 15:07 -- missing on master
(NDT         :  33) GOGOL         81 23-Dec-80 05:12 -- missing on master
(NDT         :  33) RAID.FND       6 14-Jan-81 12:34 -- missing on master
(NDT         :  33) RAID.NDX       2 14-Jan-81 12:31 -- missing on master
(NDT         :  33) RAID.FAI      80 19-Jan-81 00:14 -- missing on master
(NDT         :  33) RA.FAI         8 19-Jan-81 01:52 -- missing on master
(NDT         :  33) RAID.SUB       2 11-Jan-81 01:24 -- missing on master
(NDT         :  33) MAP36.SAI     13 24-Jan-81 23:57 -- missing on master
(NDT         :  33) SYM           54 07-Feb-81 04:53 -- missing on master
(NDT         :  33) ADDPOS.FAI     2 20-Feb-81 23:16 -- missing on master
(NDT         :  33) SHOWIT.SAI     2 22-May-81 02:42 -- missing on master
(NDT         :  33) CT1.FAI        2 02-Jun-81 16:24 -- missing on master
(NDT         :  33) AREA.SAI       3 01-Jul-81 16:53 -- bad checksum
(NDT         :  33) SPOOL.SAI      4 01-Jul-81 19:24 -- missing on master
(NDT         :  33) RUNPRG.SAI     2 07-Jul-81 20:34 -- bad checksum
(NDT         :  33) CODOPT.SAI     3 13-Aug-81 07:26 -- missing on master
(NDT         :  33) PQ.SAI         5 29-Sep-81 17:21 -- missing on master
(NDT         :  33) CLEAN.SAI      6 30-Sep-81 16:52 -- bad checksum
(NDT         :  33) CLEAN.SAV      5 30-Sep-81 16:53 -- missing on master
(NDT         :  33) REFMAP.BLI    10 02-Nov-81 16:07 -- missing on master
(NDT         :  33) REFMAP.SAI    10 02-Nov-81 16:57 -- missing on master
(NDT         :  33) SYMTAB.SAI     2 02-Nov-81 19:38 -- missing on master
(NDT         :  33) BYTDIF.SAI     3 19-Nov-81 17:49 -- missing on master
(NDT         :  33) MAKS39.SAI     6 22-Nov-81 14:46 -- missing on master
(NDT         :  33) CURSOR.FAI     2 30-Nov-81 18:26 -- missing on master
(NDT         :  33) UNIQUE.SAI     4 04-Dec-81 16:22 -- missing on master
(NDT         :  33) UNQ3.SAI       5 04-Dec-81 22:38 -- missing on master
(NDT         :  33) PUZZL2.PAS     3 14-Dec-81 11:56 -- missing on master
(NDT         :  33) EMPIRE.AID     4 06-Sep-81 12:18 -- missing on master
(NDT         :  33) PRODX.SAI      4 05-Jan-82 12:25 -- bad checksum
(NDT         :  33) FULLDR.SAI     5 14-Jan-82 06:46 -- bad checksum
(NDT         :  33) BLTZ.FAI       5 15-Jan-82 18:23 -- missing on master
(NDT         :  33) TVSTRI.NGS     2 29-Feb-84 12:03 -- bad checksum
(NDT         :  33) FOO.SAI        2 07-Mar-81 20:03 -- missing on master
(NDT         :  33) RAID.REL       3 11-Feb-82 06:59 -- bad checksum
(NDT         :  33) DELTA.SCM      2 14-Feb-83 16:36 -- missing on master
(NDT         :  33) USEBAD.BAK     2 14-Feb-83 16:25 -- missing on master
(NDT         :  33) USEBAD.SAI     2 14-Feb-83 16:25 -- missing on master
(NDT         :  33) USEBAD.REL     2 14-Feb-83 18:03 -- missing on master
(NDT         :  33) USEBAD.SM1     2 14-Feb-83 18:03 -- missing on master
(NDT         :  33) SQSH2.FAI      6 01-Jan-82 18:44 -- missing on master
(NDT         :  33) BLTZ.DCL       2 11-Jan-82 13:31 -- missing on master
(NDT         :  33) CABNET.DOC     4 14-Jan-82 06:56 -- missing on master
(NDT         :  33) CABNET.SAI     3 14-Jan-82 08:07 -- bad checksum
(NDT         :  33) PIPE.SAI       2 28-Jan-82 03:35 -- missing on master
(NDT         :  33) CPIPE.SAI      3 28-Jan-82 20:11 -- missing on master
(NDT         :  33) RUMP.HGH      21 12-Oct-77 15:20 -- missing on master
(NDT         :  33) RUMP.LOW      12 12-Oct-77 15:22 -- missing on master
(NDT         :  33) SAISEG.CMD     2 30-Nov-77 23:18 -- missing on master
(NDT         :  33) DSQRT.SAI      3 14-Dec-77 02:08 -- missing on master
(NDT         :  33) PAGEIO.DOC     3 30-Dec-77 17:34 -- missing on master
(NDT         :  33) UBIO.SAI       2 24-Jan-78 13:24 -- missing on master
(NDT         :  33) PAGEIO.DC2     3 01-Feb-78 12:18 -- missing on master
(NDT         :  33) CASBUG         2 23-Feb-78 17:29 -- missing on master
(NDT         :  33) READFL.SAI     2 04-May-78 07:47 -- missing on master
(NDT         :  33) 33X.SAI        3 22-Jun-78 11:14 -- missing on master
(NDT         :  33) TXTFND.SAI     6 06-Jul-78 09:10 -- missing on master
(NDT         :  33) USECOD.SAI     5 17-Aug-78 21:25 -- missing on master
(NDT         :  33) USECOD.REQ     3 17-Aug-78 21:25 -- missing on master
(NDT         :  33) WIZARD.SAI     3 13-Oct-78 16:44 -- missing on master
(NDT         :  33) TC2.BLI        7 13-Nov-78 11:25 -- missing on master
(NDT         :  33) CVDBL.SAI      3 16-May-79 15:37 -- missing on master
(NDT         :  33) TVSTR.TV       2 28-Jun-79 18:06 -- missing on master
(NDT         :  33) BTST.SAI       2 11-Jul-79 14:28 -- missing on master
(NDT         :  33) QMAP.LOC       3 18-Jul-79 10:42 -- missing on master
(NDT         :  33) F2.SAI         5 14-Aug-79 15:57 -- missing on master
(NDT         :  33) BLOCK.SAI      4 27-Aug-79 20:49 -- missing on master
(NDT         :  33) SCNMAC.UNV     3 25-Jan-80 20:54 -- missing on master
(NDT         :  33) MAP.SAV        9 03-Dec-81 09:05 -- missing on master
(NDT         :  33) MAP.SAI        8 10-Feb-80 18:28 -- missing on master
(NDT         :  33) RTRAN.DOC      2 28-Feb-80 15:00 -- missing on master
(NDT         :  33) MDF.NOT        2 02-Jun-80 14:21 -- missing on master
(NDT         :  33) CT9.HST        2 29-Jun-80 08:41 -- bad checksum
(NDT         :  33) CT9.SAV       25 25-Jun-80 21:29 -- missing on master
(NDT         :  33) CT9.TSR        2 25-Jun-80 21:48 -- bad checksum
(NDT         :  33) SC3.SAI       12 10-Jul-80 19:54 -- missing on master
(NDT         :  33) TYMCAL.DEF     2 14-Aug-80 12:58 -- missing on master
(NDT         :  33) SAILOR.FUN    14 12-Dec-80 14:12 -- missing on master
(NDT         :  33) TESTGC        16 24-Dec-80 01:21 -- missing on master
(NDT         :  33) PSPC.SAI       2 31-Dec-80 13:44 -- bad checksum
(NDT         :  33) RAIDSB.FAI     4 14-Jan-81 10:23 -- missing on master
(NDT         :  33) RAIDUN.FAI     6 20-Jan-81 20:22 -- missing on master
(NDT         :  33) DRAID.FAI      2 18-Jan-81 22:31 -- missing on master
(NDT         :  33) RAIDUN.RAI     6 23-Jan-81 16:58 -- missing on master
(NDT         :  33) SUBS.NRA      41 23-Jan-81 23:48 -- missing on master
(NDT         :  33) MAPX.SAI      10 30-Jan-81 16:46 -- missing on master
(NDT         :  33) MAP12.SAI     14 03-Feb-81 12:09 -- missing on master
(NDT         :  33) SCNTST.SAI     2 06-Feb-81 23:14 -- missing on master
(NDT         :  33) QX.FAI         4 06-Mar-81 16:18 -- missing on master
(NDT         :  33) STRTST.CRF     2 09-Mar-81 13:26 -- missing on master
(NDT         :  33) QUEENS.SAI     4 24-Mar-81 20:05 -- missing on master
(NDT         :  33) BAIFIL.SAI     2 13-Apr-81 15:54 -- missing on master
(NDT         :  33) SAMFIL.SAI     5 27-Aug-81 03:16 -- missing on master
(NDT         :  33) XXXBUG.SAI     2 27-Aug-81 13:13 -- missing on master
(NDT         :  33) XX.SAI         3 04-Sep-81 17:11 -- missing on master
(NDT         :  33) SAIL20.BUG     2 04-Sep-81 18:27 -- missing on master
(NDT         :  33) LOOPDE.SAI     3 23-Sep-81 05:17 -- missing on master
(NDT         :  33) WRSDFR.SAI     2 06-Oct-81 21:29 -- missing on master
(NDT         :  33) DCL930.FDM     5 19-Mar-75 17:00 -- missing on master
(NDT         :  33) DCLRED.SAI     3 22-Nov-81 18:00 -- missing on master
(NDT         :  33) CMPLUP.SAI     2 05-Dec-81 05:08 -- missing on master
(NDT         :  33) SQ3.SAV       28 18-Dec-81 20:12 -- missing on master
(NDT         :  33) X.SAI         12 30-Jan-81 18:03 -- bad checksum
(NDT         :  33) CMPRES.SAV    66 02-Jan-82 16:48 -- missing on master
(NDT         :  33) CMPRES.CCL     2 01-Jan-82 21:30 -- missing on master
(NDT         :  33) BLOAT.CCL      2 02-Jan-82 01:25 -- missing on master
(NDT         :  33) BLOAT.SAV      4 07-Jan-82 19:13 -- missing on master
(NDT         :  33) CMPRES.SAI     6 02-Jan-82 16:42 -- missing on master
(NDT         :  33) BLOAT.CMD      2 07-Jan-82 18:40 -- missing on master
(NDT         :  33) BLOAT.SAI      4 08-Jan-82 18:41 -- missing on master
(NDT         :  33) HUFMAK.DCL     2 12-Jan-82 12:56 -- missing on master
(NDT         :  33) HUFMAK.FAI     4 12-Jan-82 13:41 -- missing on master
(NDT         :  33) BUGX.SAI       3 15-Jan-82 16:01 -- missing on master
(NDT         :  33) FEDCOM.SAI     6 23-Jan-82 22:37 -- bad checksum
(NDT         :  33) IBMPC          3 03-Feb-82 16:18 -- missing on master
(NDT         :  33) TTY.MDD        2 06-Feb-82 16:40 -- missing on master
(NDT         :  33) README.MDD     2 06-Feb-82 16:44 -- missing on master
(NDT         :  33) SUBS.FAI       2 13-Feb-82 04:36 -- missing on master
(NDT         :  33) SUBS.RAI      41 13-Feb-82 05:18 -- missing on master
(NDT         :  33) CFIO.OLD      65 13-Apr-82 21:47 -- missing on master
(NDT         :  33) MU.V0          3 14-Apr-82 22:39 -- missing on master
(NDT         :  33) MU.SAI         3 21-Apr-82 18:54 -- bad checksum
(NDT         :  33) RAIDSB.REL     2 14-Jan-81 10:30 -- missing on master
(NDT         :  33) STRTST.REL     3 12-Nov-82 14:42 -- missing on master
(NDT         :  33) STRTST.SAI     2 12-Nov-82 14:38 -- missing on master
(NDT         :  33) GLOM.SAI       5 07-Jan-83 15:18 -- missing on master
(NDT         :  33) USEOK.SAI      2 14-Feb-83 16:26 -- missing on master
(NDT         :  33) USECHK.SAI     2 14-Feb-83 17:41 -- missing on master
(NDT         :  33) NOD2.SAI       9 19-Oct-83 15:52 -- missing on master
(NDT         :  33) UPDATE         2 29-Feb-84 11:53 -- missing on master
(NDT         :  33) 3CURVE.SAI     4 07-Mar-82 20:05 -- missing on master
(NDT         :  33) C.BAS          3 13-Mar-82 18:27 -- missing on master
(NDT         :  33) KI.KL          5 06-Apr-82 14:26 -- missing on master
(NDT         :  33) MU.SAV         4 21-Apr-82 18:55 -- missing on master
(NDT         :  33) MUX.SAI        2 23-Apr-82 12:28 -- missing on master
(NDT         :  33) ECC3.SAI       4 26-Apr-82 16:51 -- missing on master
(NDT         :  33) CFIO.DIF       5 28-May-82 15:44 -- missing on master
(NDT         :  33) TRYSLO.SAI     4 07-Jun-82 16:38 -- bad checksum
(NDT         :  33) TRYDBL.SAI     3 21-Jun-82 11:00 -- bad checksum
(NDT         :  33) SETTRM.SAI    10 24-Mar-80 14:30 -- missing on master
(NDT         :  33) QEND.SLO       2 03-Aug-82 15:25 -- missing on master
(NDT         :  33) IMULI.SLO      2 03-Aug-82 16:48 -- missing on master
(NDT         :  33) DMOVNM.SLO     2 10-Aug-82 11:33 -- missing on master
(NDT         :  33) PUSHES.SLO     2 14-Aug-82 12:51 -- missing on master
(NDT         :  33) MUX.NOT        3 17-Aug-82 20:16 -- missing on master
(NDT         :  33) T12472.DIR    17 27-Sep-77 14:04 -- missing on master
(NDT         :  33) SAIL.DIR       4 27-Sep-77 19:02 -- missing on master
(NDT         :  33) SPACE.SAI      3 18-Nov-77 00:05 -- missing on master
(NDT         :  33) CORDAT         3 18-Nov-77 16:45 -- missing on master
(NDT         :  33) FILES.SRC      2 30-Nov-77 20:23 -- missing on master
(NDT         :  33) DCONST.SAI     2 27-Dec-77 21:45 -- missing on master
(NDT         :  33) BITMAP.SAI     3 29-Dec-77 16:23 -- missing on master
(NDT         :  33) SIMERR.SAI     2 10-Jan-78 16:40 -- missing on master
(NDT         :  33) TRIREL.SAI     2 16-Jan-78 12:31 -- missing on master
(NDT         :  33) MAPPAG.DOC     6 23-Mar-78 19:24 -- missing on master
(NDT         :  33) INTERP.FAI     2 20-Apr-78 17:02 -- missing on master
(NDT         :  33) TBAIL.CMD      2 21-Apr-78 17:49 -- missing on master
(NDT         :  33) TBAIL          2 21-Apr-78 18:42 -- missing on master
(NDT         :  33) WFWLIB.REQ     2 29-Apr-78 01:01 -- missing on master
(NDT         :  33) ZOOM.SAI       8 01-May-78 11:46 -- missing on master
(NDT         :  33) ZOOM.REQ       2 04-May-78 06:08 -- missing on master
(NDT         :  33) SM1.OLD        6 12-Jul-78 09:51 -- missing on master
(NDT         :  33) SHMUCK.SAI     2 12-Jul-78 17:55 -- missing on master
(NDT         :  33) ASSERT.SAI     2 13-Nov-78 12:42 -- missing on master
(NDT         :  33) X22.SAI        3 07-Dec-78 17:04 -- missing on master
(NDT         :  33) SAIL.REQ       2 28-Feb-79 21:27 -- missing on master
(NDT         :  33) G2.OLD         3 27-Mar-79 21:57 -- missing on master
(NDT         :  33) ZZZZ.SAI       2 13-Apr-79 17:30 -- missing on master
(NDT         :  33) RECCTL.SAI     2 22-Jun-79 18:54 -- missing on master
(NDT         :  33) FILES          2 05-Jul-79 12:52 -- missing on master
(NDT         :  33) SAIL.BUG       2 10-Jul-79 21:26 -- missing on master
(NDT         :  33) SAIL.LUK       2 15-Aug-79 13:49 -- missing on master
(NDT         :  33) F3.SAI         2 15-Aug-79 17:51 -- missing on master
(NDT         :  33) UNFICH.SAI     3 16-Aug-79 19:18 -- missing on master
(NDT         :  33) SRCH.SWT       2 01-Oct-79 15:08 -- missing on master
(NDT         :  33) SWITCH.FND     9 01-Oct-79 15:16 -- missing on master
(NDT         :  33) MHX.SAI        4 17-Nov-79 16:08 -- missing on master
(NDT         :  33) WORDIT.SAI     2 14-Jan-80 12:34 -- missing on master
(NDT         :  33) BACKRS.FIX     2 29-Jan-79 01:15 -- missing on master
(NDT         :  33) SAIL.SIZ       2 06-Feb-80 12:03 -- missing on master
(NDT         :  33) MA.SAI         8 27-Feb-80 16:02 -- missing on master
(NDT         :  33) PAUX.SAI       4 18-Apr-80 14:18 -- missing on master
(NDT         :  33) GETHAM.OUT     2 12-May-80 19:03 -- missing on master
(NDT         :  33) GETHAM.IN      2 12-May-80 19:37 -- missing on master
(NDT         :  33) GETHAM.SAI     3 12-May-80 19:37 -- missing on master
(NDT         :  33) DTRIG.SAI      2 18-Jun-80 19:17 -- bad checksum
(NDT         :  33) WILD.SAI       4 27-Jun-80 17:29 -- missing on master
(NDT         :  33) CT3.SAI        4 30-Jun-80 00:51 -- missing on master
(NDT         :  33) MAP6.SAI      10 06-Jul-80 20:51 -- missing on master
(NDT         :  33) STUB.SAI       2 23-Jan-80 10:01 -- missing on master
(NDT         :  33) MAPPAG.SAI     8 04-Aug-80 15:33 -- missing on master
(NDT         :  33) XFND.SAI      10 03-Sep-80 18:29 -- missing on master
(NDT         :  33) SLINK.SAI      2 13-Aug-80 12:54 -- missing on master
(NDT         :  33) SDEF.SAI       2 21-Aug-80 15:37 -- missing on master
(NDT         :  33) SDEF.DOC       2 27-Aug-80 15:25 -- missing on master
(NDT         :  33) ILLINS.FAI     2 15-Nov-80 11:48 -- missing on master
(NDT         :  33) BAILMX.DOC     4 26-Oct-77 17:11 -- missing on master
(NDT         :  33) GOGXL         81 24-Dec-80 01:43 -- missing on master
(NDT         :  33) DSAVE.D0       8 14-Jan-81 21:45 -- missing on master
(NDT         :  33) ZEN.FAI        2 23-Jan-81 12:24 -- bad checksum
(NDT         :  33) ZEN.SHR        3 23-Jan-81 12:26 -- missing on master
(NDT         :  33) ROUTS.RAI     18 21-Jan-81 02:19 -- missing on master
(NDT         :  33) DSAVE.DAT      8 31-Jan-81 22:46 -- missing on master
(NDT         :  33) MAP13.SAI     12 06-Feb-81 13:59 -- missing on master
(NDT         :  33) SWITCH.INI     2 07-Feb-81 06:11 -- missing on master
(NDT         :  33) MILSTB.PUB     2 25-Feb-81 19:02 -- missing on master
(NDT         :  33) DX.CMD         2 25-Feb-81 22:59 -- missing on master
(NDT         :  33) FILES.NOT      3 03-Mar-81 16:20 -- bad checksum
(NDT         :  33) FILES.X        3 11-Mar-81 18:21 -- missing on master
(NDT         :  33) SEARCH.V01    12 19-Mar-75 17:00 -- missing on master
(NDT         :  33) ZP             2 15-Mar-81 23:02 -- missing on master
(NDT         :  33) PAUX.MAC       5 30-Mar-81 18:27 -- missing on master
(NDT         :  33) CDBVER.SAI     3 07-Apr-81 23:30 -- bad checksum
(NDT         :  33) SAIL.NEW       5 08-May-81 13:05 -- missing on master
(NDT         :  33) G2             4 04-Sep-79 22:24 -- missing on master
(NDT         :  33) SCOPE.SAI      2 06-Jul-81 11:55 -- missing on master
(NDT         :  33) TUT3.DOC      16 16-Jul-81 15:17 -- missing on master
(NDT         :  33) AUXCOD.SAI     3 21-Jul-81 19:08 -- missing on master
(NDT         :  33) PROCBU.SAI     3 23-Jul-81 17:08 -- missing on master
(NDT         :  33) HELBNF        21 07-Aug-81 23:06 -- missing on master
(NDT         :  33) HELINT.SAI     3 07-Aug-81 23:43 -- missing on master
(NDT         :  33) CLUMP.SUM      3 09-Sep-81 12:07 -- missing on master
(NDT         :  33) CLUMP.SAI      8 15-Sep-81 18:21 -- bad checksum
(NDT         :  33) CLUMP.PIC      4 16-Sep-81 13:40 -- missing on master
(NDT         :  33) RDB.SAI        3 17-Sep-81 11:46 -- missing on master
(NDT         :  33) RVS.SAI        6 17-Sep-81 13:18 -- missing on master
(NDT         :  33) RX.SAI         2 17-Sep-81 17:58 -- missing on master
(NDT         :  33) LP.SAI         3 23-Sep-81 04:42 -- missing on master
(NDT         :  33) BUGFTS.SAI     3 30-Sep-81 19:51 -- missing on master
(NDT         :  33) BUG6.SAI       2 30-Sep-81 22:18 -- missing on master
(NDT         :  33) PROF.SAI      19 05-Oct-81 14:59 -- bad checksum
(NDT         :  33) FILTOT.SAI     2 04-Dec-81 21:08 -- missing on master
(NDT         :  33) CORREP.FAI     2 31-Dec-81 20:54 -- missing on master
(NDT         :  33) TREE.FAI       4 08-Jan-82 18:17 -- missing on master
(NDT         :  33) LANG.NOT       3 28-Jul-82 14:45 -- missing on master
(NDT         :  33) XPORT          2 10-Dec-82 11:26 -- missing on master
(NDT         :  33) D              3 19-Jan-83 09:56 -- missing on master
(NDT         :  33) XPORT.SAI      3 27-Jan-83 19:40 -- missing on master
(NDT         :  33) SAIL.DEF       3 31-Jan-83 11:57 -- missing on master
(NDT         :  33) DULTST.REQ     2 14-Feb-83 00:46 -- missing on master
(NDT         :  33) DULTST.SAI     2 14-Feb-83 18:09 -- missing on master
(NDT         :  33) NOD3.SAI       7 19-Oct-83 18:25 -- missing on master
(NDT         :  33) MUCODE.LOG     2 28-Feb-84 15:39 -- missing on master
(NDT         :  33) FILTOT.OUT     2 04-Dec-81 21:24 -- missing on master
(NDT         :  33) TREE.DCL       2 08-Jan-82 18:41 -- missing on master
(NDT         :  33) SRCMAN.V01     2 05-Feb-82 00:58 -- missing on master
(NDT         :  33) UORAIL.DIR     2 27-Sep-77 19:04 -- missing on master
(NDT         :  33) MAKTAB.OLD     4 15-Oct-77 07:45 -- missing on master
(NDT         :  33) PROFIL.SAI    26 12-Dec-77 19:47 -- missing on master
(NDT         :  33) PROFIL        18 24-Dec-77 01:24 -- missing on master
(NDT         :  33) PTYP.SAI       3 25-Jan-78 13:19 -- missing on master
(NDT         :  33) FSHDOC         2 12-Apr-78 06:12 -- missing on master
(NDT         :  33) SAIDMP.SAI     3 13-Apr-78 11:51 -- missing on master
(NDT         :  33) TFILL.SAI      4 01-May-78 13:39 -- missing on master
(NDT         :  33) XZ.SAI         8 04-May-78 06:03 -- missing on master
(NDT         :  33) TAPEID.LST     2 23-May-78 13:24 -- missing on master
(NDT         :  33) P1.SAI         5 19-Jul-78 17:21 -- missing on master
(NDT         :  33) BAISYM.DOC     2 23-Aug-78 18:02 -- missing on master
(NDT         :  33) MAIL.BOX     244 11-May-82 18:25 -- bad checksum
(NDT         :  33) DRYDOC.SAI    28 08-Dec-78 19:34 -- missing on master
(NDT         :  33) Z.BAK          2 13-Apr-79 17:28 -- missing on master
(NDT         :  33) Z.SAI          2 13-Apr-79 18:31 -- missing on master
(NDT         :  33) CASE.SAI       2 02-Jul-79 15:39 -- missing on master
(NDT         :  33) STONE          4 16-Jul-79 18:53 -- missing on master
(NDT         :  33) BINASC.SAI     3 09-Aug-79 19:05 -- missing on master
(NDT         :  33) FICHE.SAI      3 14-Aug-79 13:44 -- missing on master
(NDT         :  33) USER.IN        5 08-Sep-79 19:25 -- missing on master
(NDT         :  33) USER.SAI       3 08-Sep-79 19:26 -- missing on master
(NDT         :  33) DIRCOM.CMD     2 10-Sep-79 18:28 -- missing on master
(NDT         :  33) SCISS2.SAI    12 02-Oct-79 21:29 -- missing on master
(NDT         :  33) WRSBUG.2      29 17-Oct-79 12:33 -- missing on master
(NDT         :  33) WRSBUG.1      29 17-Oct-79 12:34 -- missing on master
(NDT         :  33) PROCES.DOC     2 02-Nov-79 10:18 -- missing on master
(NDT         :  33) CASE.BNF       2 13-Nov-79 16:33 -- missing on master
(NDT         :  33) UNVPRT.SAI     3 23-Apr-80 18:37 -- missing on master
(NDT         :  33) RPLACE.SAI     2 21-May-80 16:57 -- missing on master
(NDT         :  33) TSTLRV.SAI     2 04-Jun-80 01:01 -- missing on master
(NDT         :  33) MAP7.SAI      11 07-Jul-80 00:14 -- missing on master
(NDT         :  33) SHIT.SAI       2 07-Aug-80 22:17 -- bad checksum
(NDT         :  33) SEMBLK        21 25-Aug-80 19:04 -- missing on master
(NDT         :  33) UINIT.FAI      2 27-Aug-80 17:20 -- missing on master
(NDT         :  33) LXBUG.SAI      2 28-Aug-80 14:36 -- bad checksum
(NDT         :  33) PROCSS.SAI     2 01-Oct-80 23:11 -- missing on master
(NDT         :  33) UI02.OLD       7 01-Oct-80 23:23 -- missing on master
(NDT         :  33) UI02.SAI       7 02-Oct-80 01:58 -- missing on master
(NDT         :  33) LCNT.SAI      10 06-Oct-80 15:42 -- missing on master
(NDT         :  33) LISTER.MEM     2 24-Nov-80 15:43 -- missing on master
(NDT         :  33) TRAPPE.FAI     2 06-Dec-80 00:32 -- missing on master
(NDT         :  33) HDRFI.FAI      2 12-Dec-80 14:11 -- missing on master
(NDT         :  33) IOSER         46 23-Dec-80 05:54 -- missing on master
(NDT         :  33) MAKTAB.SAI     3 23-Dec-80 22:03 -- missing on master
(NDT         :  33) IF.CCL         2 02-Jan-81 13:26 -- bad checksum
(NDT         :  33) IOSER.NEW     46 08-Jan-81 05:59 -- missing on master
(NDT         :  33) FRAID.PER      2 18-Jan-81 21:59 -- missing on master
(NDT         :  33) FRAID.SAV     27 28-Nov-81 02:14 -- bad checksum
(NDT         :  33) FRAID.FAI      2 18-Jan-81 21:58 -- missing on master
(NDT         :  33) DFDSIM.SAI     3 06-Feb-81 13:54 -- bad checksum
(NDT         :  33) REPCNT.MEM     4 17-Feb-81 17:06 -- missing on master
(NDT         :  33) LINKER.SAI     4 20-Feb-81 21:08 -- missing on master
(NDT         :  33) MILSTC.PUB     2 25-Feb-81 19:05 -- missing on master
(NDT         :  33) HEL           22 07-Mar-81 20:54 -- missing on master
(NDT         :  33) LNTEST.SAI     2 14-Mar-81 16:39 -- missing on master
(NDT         :  33) INVOKE.SAI     2 23-Jul-81 19:35 -- missing on master
(NDT         :  33) OTHER.TID      2 12-Aug-81 17:44 -- missing on master
(NDT         :  33) SIGNMU.SAI     2 26-Aug-81 21:11 -- bad checksum
(NDT         :  33) BKFNS.SAI      8 03-Sep-81 02:30 -- missing on master
(NDT         :  33) FUNNY.SAI      2 10-Sep-81 17:54 -- missing on master
(NDT         :  33) DISTAB.SAI     2 02-Oct-81 23:11 -- missing on master
(NDT         :  33) GRABPR.SAI     4 03-Oct-81 04:29 -- missing on master
(NDT         :  33) PUZ2.SAI       6 14-Oct-81 04:48 -- missing on master
(NDT         :  33) MAKLIB.SAI     3 22-Nov-81 14:47 -- missing on master
(NDT         :  33) HELASC.SAI     2 24-Nov-81 13:42 -- missing on master
(NDT         :  33) HEL.A2        22 24-Nov-81 13:48 -- missing on master
(NDT         :  33) SUM.AI         2 24-Nov-81 13:50 -- missing on master
(NDT         :  33) TSTRDB.SAI     2 25-Nov-81 12:13 -- missing on master
(NDT         :  33) MPX.SAI        3 04-Dec-81 14:43 -- missing on master
(NDT         :  33) NAMFIL.SAI     5 15-Dec-81 15:34 -- missing on master
(NDT         :  33) NAMFIL.SAV    38 15-Dec-81 15:40 -- missing on master
(NDT         :  33) SQX.DCL        2 23-Dec-81 18:52 -- missing on master
(NDT         :  33) SQX.FAI        5 28-Dec-81 13:41 -- missing on master
(NDT         :  33) CMPRE2.SAI     6 11-Jan-82 13:50 -- missing on master
(NDT         :  33) SRCFED.SAI     6 27-Jan-82 01:56 -- bad checksum
(NDT         :  33) GAMES.MDD      2 06-Feb-82 14:58 -- missing on master
(NDT         :  33) HELLO.MDD      2 06-Feb-82 16:43 -- missing on master
(NDT         :  33) RAID42        15 11-Feb-82 10:14 -- missing on master
(NDT         :  33) RAIDIN.SAI     7 12-Feb-82 19:27 -- missing on master
(NDT         :  33) RAIDIN.SAV     7 12-Feb-82 19:29 -- missing on master
(NDT         :  33) CHSTOR.NOT     2 09-Jun-82 11:04 -- missing on master
(NDT         :  33) CHSTOR.SAI     4 09-Jun-82 14:33 -- missing on master
(NDT         :  33) F4.DO          2 17-Dec-82 18:43 -- missing on master
(NDT         :  33) CUTE.MDD       2 17-Jan-83 18:00 -- missing on master
(NDT         :  33) SOUNDX.NOT     3 20-Jan-83 14:01 -- missing on master
(NDT         :  33) GRABPR.REL     6 25-Jan-83 14:42 -- missing on master
(NDT         :  33) SQX.REL        3 25-Jan-83 16:40 -- missing on master
(NDT         :  33) NONAME.TXT     2 14-Feb-83 16:12 -- missing on master
(NDT         :  33) WOMAN.TXT      3 19-Feb-83 16:18 -- missing on master
(NDT         :  33) WOMAN.SAI      6 19-Feb-83 16:28 -- missing on master
(NDT         :  33) NOD4.SAI       9 19-Oct-83 21:31 -- missing on master
(NDT         :  33) MAIL.FWD       2 13-Jul-84 03:41 -- missing on master
(NDT         :  33) PLOT.OLD       3 16-Feb-82 20:16 -- missing on master
(NDT         :  33) PLOT.SAI       4 17-Feb-82 02:45 -- missing on master
(NDT         :  33) FUN3.TXT       5 21-Feb-82 18:05 -- missing on master
(NDT         :  33) FUN3.SAI       2 21-Feb-82 19:43 -- missing on master
(NDT         :  33) TAPE.SLO      12 20-Apr-81 11:04 -- missing on master
(NDT         :  33) EXAM.SAI       3 23-Sep-77 08:38 -- missing on master
(NDT         :  33) DART.OLD       5 23-Sep-77 08:18 -- missing on master
(NDT         :  33) IMPORT.DIR     7 27-Sep-77 19:05 -- missing on master
(NDT         :  33) RSQ.SAV       14 12-Jan-78 18:02 -- missing on master
(NDT         :  33) MACS           7 26-Oct-77 17:10 -- missing on master
(NDT         :  33) XTHATR.CMD     2 30-Nov-77 23:18 -- missing on master
(NDT         :  33) EDIT10.AI      2 12-Dec-77 19:28 -- missing on master
(NDT         :  33) PFLSCN.OSA    11 23-Dec-77 12:09 -- missing on master
(NDT         :  33) PFLSCN.SAI    11 23-Dec-77 20:42 -- missing on master
(NDT         :  33) PFLSCN.REQ     2 23-Dec-77 20:45 -- missing on master
(NDT         :  33) PFLSCN.COM     2 23-Dec-77 21:51 -- missing on master
(NDT         :  33) FYSCMD.CMD     3 31-Mar-77 11:02 -- missing on master
(NDT         :  33) RSQ.SAI        3 12-Jan-78 17:51 -- missing on master
(NDT         :  33) BIO.SAI        4 23-Jan-78 18:08 -- missing on master
(NDT         :  33) PRTYP.SAI      3 28-Jan-78 04:26 -- missing on master
(NDT         :  33) DEBUG.REQ      2 04-Feb-78 14:50 -- missing on master
(NDT         :  33) SWAPTS.SAI     2 11-Feb-78 00:50 -- missing on master
(NDT         :  33) FRPBUG.SAI     2 22-Feb-78 23:05 -- missing on master
(NDT         :  33) REMIND.DTA     2 07-Apr-78 16:57 -- missing on master
(NDT         :  33) EDIT10.CRB     4 14-Apr-78 15:41 -- missing on master
(NDT         :  33) ASSGN.SAI      2 16-May-78 06:40 -- missing on master
(NDT         :  33) NUMCOD.SAI     5 14-Aug-78 10:39 -- missing on master
(NDT         :  33) SUAI.OLD       5 25-Aug-78 23:14 -- missing on master
(NDT         :  33) SUAI.SAI       8 28-Aug-78 23:04 -- missing on master
(NDT         :  33) XDART.SAI     11 05-Sep-78 19:53 -- missing on master
(NDT         :  33) DART.SAI      12 06-Sep-78 17:52 -- missing on master
(NDT         :  33) TEMKIL.SAI     2 30-Oct-78 17:09 -- missing on master
(NDT         :  33) TSTASS.SAI     2 13-Nov-78 13:26 -- missing on master
(NDT         :  33) GALAXY.SAI     4 09-Dec-78 01:00 -- missing on master
(NDT         :  33) SIMSYM.SAI     2 09-Jul-79 18:36 -- missing on master
(NDT         :  33) ST3.SAI       30 08-Aug-79 21:31 -- missing on master
(NDT         :  33) TEST.FSH       2 16-Aug-79 18:01 -- missing on master
(NDT         :  33) MATHCK.SAI     2 14-Sep-79 14:54 -- bad checksum
(NDT         :  33) DIRALL.DOC     2 24-Sep-79 14:09 -- missing on master
(NDT         :  33) STKOP.INS      2 04-Oct-79 16:02 -- missing on master
(NDT         :  33) PRUNE.MOD      2 18-Oct-79 19:55 -- missing on master
(NDT         :  33) STO.FLS        2 14-Jul-80 09:09 -- missing on master
(NDT         :  33) STO.GO         2 14-Jul-80 09:12 -- missing on master
(NDT         :  33) CKSUM.SAI      4 21-Jul-80 14:48 -- missing on master
(NDT         :  33) DMATH.HDR      2 03-Aug-80 13:39 -- bad checksum
(NDT         :  33) F.SAI         11 05-Aug-80 14:52 -- missing on master
(NDT         :  33) MX.SAI         2 22-Oct-80 15:31 -- missing on master
(NDT         :  33) QUAD.SAI       9 16-Nov-80 20:02 -- bad checksum
(NDT         :  33) TREDF.SAI      2 20-Nov-80 17:44 -- missing on master
(NDT         :  33) INSET.NEW      2 04-Dec-80 17:10 -- bad checksum
(NDT         :  33) CKMATH.SAI     2 05-Dec-80 22:04 -- missing on master
(NDT         :  33) FC.FAI         3 09-Dec-80 17:20 -- bad checksum
(NDT         :  33) FCX.FAI        4 10-Dec-80 11:09 -- missing on master
(NDT         :  33) CTXX.FAI       2 10-Dec-80 23:13 -- missing on master
(NDT         :  33) ORDER.NEW      2 12-Dec-80 13:31 -- missing on master
(NDT         :  33) ORDER.SGC      2 22-Dec-80 01:18 -- missing on master
(NDT         :  33) ORDER.TYM      2 22-Dec-80 01:19 -- missing on master
(NDT         :  33) ORDER.TST      2 23-Dec-80 06:53 -- missing on master
(NDT         :  33) NRAID.FAI     80 15-Jan-81 18:22 -- missing on master
(NDT         :  33) PRUNE.DAT      8 26-Jan-83 11:45 -- bad checksum
(NDT         :  33) RAIDVB.FAI     3 20-Jan-81 20:21 -- missing on master
(NDT         :  33) PRUNE.RAI      2 21-Jan-81 05:52 -- missing on master
(NDT         :  33) MAPPRT.SAI     3 30-Jan-81 16:48 -- missing on master
(NDT         :  33) DSAVE0.DAT     8 31-Jan-81 22:21 -- missing on master
(NDT         :  33) OINIT.FAI      3 02-Dec-80 19:02 -- missing on master
(NDT         :  33) HPSTAT.SAI     3 09-Mar-81 17:10 -- bad checksum
(NDT         :  33) ERROR.SAI      2 21-May-81 03:10 -- missing on master
(NDT         :  33) CROSE.SAI      3 20-Aug-81 13:30 -- missing on master
(NDT         :  33) PHOTO.SAI      6 18-Sep-81 19:49 -- missing on master
(NDT         :  33) PQ2.SAI        4 30-Sep-81 04:01 -- missing on master
(NDT         :  33) TRYDFR.SAI     2 06-Oct-81 15:56 -- missing on master
(NDT         :  33) T.SAI          4 06-Oct-81 22:45 -- missing on master
(NDT         :  33) CKS.SAV       17 17-Nov-81 10:22 -- missing on master
(NDT         :  33) CKS.SAI        5 21-Nov-81 01:25 -- missing on master
(NDT         :  33) SLB            2 22-Nov-81 14:14 -- missing on master
(NDT         :  33) LNSORT.SAI     2 03-Dec-81 19:07 -- missing on master
(NDT         :  33) TMSORT.SAI     3 05-Dec-81 04:50 -- missing on master
(NDT         :  33) X1.DAT         5 30-Jan-81 18:35 -- missing on master
(NDT         :  33) COMPRS.SAI     2 31-Dec-81 15:36 -- missing on master
(NDT         :  33) SAISGA.DMP     5 01-Jan-82 02:19 -- missing on master
(NDT         :  33) HUFTRY.CMD     2 12-Jan-82 15:25 -- missing on master
(NDT         :  33) HUFTRY.SAI     2 12-Jan-82 17:42 -- missing on master
(NDT         :  33) TWALK.SAI      3 12-Jan-82 23:57 -- missing on master
(NDT         :  33) DMATH.SAI      6 18-Feb-82 19:39 -- missing on master
(NDT         :  33) FIXR.SAI       3 26-Apr-82 18:54 -- missing on master
(NDT         :  33) AST.DOC        2 02-Dec-82 15:49 -- missing on master
(NDT         :  33) BUG1.REL       2 25-Jan-83 13:39 -- missing on master
(NDT         :  33) CT5.SAI        9 05-Aug-83 13:47 -- bad checksum
(NDT         :  33) NOD.SAI        8 07-Oct-83 11:51 -- missing on master
(NDT         :  33) NOD5.SAI       9 21-Oct-83 12:03 -- missing on master
(NDT         :  33) HUFTRY.SAV     4 13-Jan-82 00:06 -- missing on master
(NDT         :  33) 10K.FAI        2 11-Feb-82 06:22 -- missing on master
(NDT         :  33) RAID70.TXT     2 11-Feb-82 08:05 -- missing on master
(NDT         :  33) P2.FAI         3 13-Feb-82 04:56 -- missing on master
(NDT         :  33) CURV.BAS       5 14-Mar-82 16:53 -- missing on master
(NDT         :  33) CURV.BAD       5 14-Mar-82 13:03 -- missing on master
(NDT         :  33) CAST           2 04-Apr-82 00:24 -- missing on master
(NDT         :  33) DIRIT.MAC     18 20-Apr-82 15:30 -- missing on master
(NDT         :  33) DIRIT.HGH      5 20-Apr-82 15:57 -- missing on master
(NDT         :  33) DIRIT.LOW     15 20-Apr-82 15:57 -- missing on master
(NDT         :  33) GALAXY.MDD     2 08-May-82 14:21 -- missing on master
(NDT         :  33) SPLINE.C       4 16-Feb-82 20:25 -- missing on master
(NDT         :  33) MU324.SAI      3 17-Feb-82 07:57 -- missing on master
(NDT         :  33) SPLINE.COD     5 18-Feb-82 01:01 -- missing on master
(NDT         :  33) SPLINE.SAI     4 18-Feb-82 03:37 -- missing on master
(NDT         :  33) SP             3 18-Feb-82 03:41 -- missing on master
(NDT         :  33) LIGHTS.TXT     2 24-Feb-82 17:02 -- missing on master
(NDT         :  33) LIGHTS.F3      2 24-Feb-82 18:07 -- missing on master
(NDT         :  33) LIGHTS.F3B     2 24-Feb-82 18:42 -- missing on master
(NDT         :  33) LIGHTS.F3C     2 24-Feb-82 18:57 -- missing on master
(NDT         :  33) MUCODE.SAI     4 26-Feb-82 14:51 -- missing on master
(NDT         :  33) FOOMAK.SLO     2 27-Jan-81 12:53 -- missing on master
(NDT         :  33) PL.SAI         5 01-Mar-82 01:35 -- missing on master
(NDT         :  33) CONTRL.SAI    11 09-Mar-82 21:52 -- missing on master
(NDT         :  33) CONTRL.TXT     2 03-Mar-82 15:22 -- missing on master
(NDT         :  33) PERP.CMD       2 05-Mar-82 14:27 -- missing on master
(NDT         :  33) PERP.SAI       7 05-Mar-82 16:22 -- bad checksum
(NDT         :  33) PERP.NOT       3 09-Mar-82 20:07 -- missing on master
(NDT         :  33) TOPS20.SAI     4 23-Mar-82 22:12 -- missing on master
(NDT         :  33) MUCODE.CTL     2 27-Feb-82 16:24 -- missing on master
(NDT         :  33) CARRY.SLO      2 08-Apr-82 18:52 -- missing on master
(NDT         :  33) TOPS20.PRB     2 13-Apr-82 14:27 -- missing on master
(NDT         :  33) OLDMU.LOG      2 28-May-82 13:45 -- missing on master
(NDT         :  33) 2.SCM          3 27-May-82 19:14 -- missing on master
(NDT         :  33) NODELD.SAI     8 15-Jun-82 12:13 -- missing on master
(NDT         :  33) LANG.NAM       2 28-Jul-82 14:25 -- missing on master
(NDT         :  33) SAY.SAI        2 15-Aug-82 12:29 -- missing on master
(NDT         :  33) REMNUM.SAI     3 08-May-82 13:44 -- missing on master
(NDT         :  33) XSRC.END      13 11-May-82 15:03 -- missing on master
(NDT         :  33) FURRY.MDD      3 17-May-82 19:39 -- missing on master
(NDT         :  33) SAILOG.T20     2 26-May-82 21:50 -- missing on master
(NDT         :  33) 003PCO.LOG     2 28-May-82 15:44 -- missing on master
(NDT         :  33) [MAIL]        20 30-Dec-83 15:25 -- missing on master
(NDT         :  33) GLOMM.SAI      2 02-Aug-82 16:13 -- missing on master
(NDT         :  33) EXPL.ASM       6 11-Aug-82 00:03 -- missing on master
(NDT         :  33) DFTRAN         2 03-Dec-82 17:45 -- missing on master
(NDT         :  33) AST            3 09-Dec-82 10:46 -- missing on master
(NDT         :  33) MOVSLJ         3 13-Dec-82 16:30 -- missing on master
(NDT         :  33) SYSTEM.MDD     3 06-Feb-82 17:05 -- missing on master
(NDT         :  33) RAID.SAI       2 11-Feb-82 06:58 -- missing on master
(NDT         :  33) RAID.DOC       2 12-Feb-82 23:48 -- missing on master
(NDT         :  33) TELCHK.SAV     8 17-Jul-82 21:59 -- missing on master
(NDT         :  33) TELCHK.V2      6 02-Mar-82 16:15 -- missing on master
(NDT         :  33) UTAPE.MAC      3 11-Mar-81 18:37 -- missing on master
(NDT         :  33) NUMBER.SAI     2 24-Feb-82 23:04 -- missing on master
(NDT         :  33) F3BOOT.MAC    15 25-Feb-82 18:04 -- missing on master
(NDT         :  33) SWINIT.SLO     2 24-Feb-82 20:27 -- missing on master
(NDT         :  33) TELCHK.V1      6 24-Feb-82 15:12 -- missing on master
(NDT         :  33) DATIME.SAI     3 26-Mar-82 19:20 -- missing on master
(NDT         :  33) PTIME.SAI      4 26-Mar-82 19:23 -- missing on master
(NDT         :  33) FILGET.SAI     2 04-Apr-82 11:56 -- missing on master
(NDT         :  33) KIOPS.SLO     15 07-Apr-82 19:40 -- missing on master
(NDT         :  33) RENUMB.SAI     2 11-Apr-82 17:53 -- missing on master
(NDT         :  33) NOTICE.MDD     2 26-Apr-82 11:34 -- missing on master
(NDT         :  33) LIST.SAI       2 17-Mar-82 18:15 -- missing on master
(NDT         :  33) PLOTN.SAI      2 21-May-82 17:55 -- missing on master
(NDT         :  33) F33KLN.SLO     2 28-May-82 16:05 -- missing on master
(NDT         :  33) MU327E.DOC     2 29-May-82 06:13 -- missing on master
(NDT         :  33) HIBER.SAI      3 11-Jun-82 14:39 -- missing on master
(NDT         :  33) NL.SAI         8 15-Jun-82 15:59 -- missing on master
(NDT         :  33) SAMPLE.SAI     2 19-Jun-82 02:13 -- missing on master
(NDT         :  33) TELCHK.SAI     6 17-Jul-82 21:43 -- missing on master
(NDT         :  33) TELCHK.DOC     2 17-Jul-82 22:50 -- missing on master
(NDT         :  33) STORAG.TYM     3 28-Jul-82 19:28 -- missing on master
(NDT         :  33) TAPMAK.SLO     3 07-Apr-81 11:50 -- missing on master
(NDT         :  33) IDEAL.TXT      4 21-Mar-82 18:40 -- missing on master
(NDT         :  33) IDEAL.SAI      6 03-Apr-82 15:52 -- missing on master
(NDT         :  33) CMPBUG.MAR     2 04-Apr-82 11:17 -- missing on master
(NDT         :  33) F4.NOT         2 06-Apr-82 16:57 -- bad checksum
(NDT         :  33) ECC.SAI        3 26-Apr-82 14:31 -- missing on master
(NDT         :  33) PATMAK.F3     57 27-Apr-82 15:21 -- missing on master
(NDT         :  33) PATMAK.KL     57 27-Apr-82 15:23 -- missing on master
(NDT         :  33) PATMAK.SAI     3 27-Apr-82 20:27 -- missing on master
(NDT         :  33) 3.SCM          5 27-May-82 19:14 -- missing on master
(NDT         :  33) DBLXXX.MAC     5 23-Jun-82 11:15 -- missing on master
(NDT         :  33) DBL.MAC        8 01-Jul-82 10:41 -- missing on master
(NDT         :  33) OPTRY.SAI      2 02-Jul-82 14:17 -- bad checksum
(NDT         :  33) DIS.SAI        8 22-Jul-82 17:36 -- missing on master
(NDT         :  33) CIRCUT.SAI    11 04-Sep-82 19:55 -- missing on master
(NDT         :  33) CPR.SAI        2 15-Sep-82 16:28 -- missing on master
(NDT         :  33) STRNG.REL      5 12-Nov-82 15:25 -- missing on master
(NDT         :  33) HASHES.SAI     2 07-Jan-83 15:19 -- missing on master
(NDT         :  33) C              2 09-Jan-83 17:26 -- missing on master
(NDT         :  33) CUR.BAS        4 14-Mar-82 17:44 -- missing on master
(NDT         :  33) DAYTIM.SAI     5 25-Mar-82 16:34 -- missing on master
(NDT         :  33) FOO4.SLO       2 06-Apr-82 14:05 -- missing on master
(NDT         :  33) FILTRN.SAI     5 09-May-82 09:57 -- missing on master
(NDT         :  33) RECENT.SAI     3 10-May-82 14:58 -- bad checksum
(NDT         :  33) BUFINT.SAI     5 15-Jul-82 01:32 -- missing on master
(NDT         :  33) CVHEX.DCL      2 22-Jul-82 17:32 -- missing on master
(NDT         :  33) CVHEX.SAI      2 22-Jul-82 17:35 -- missing on master
(NDT         :  33) TRY.SLO        2 27-Jul-82 15:02 -- missing on master
(NDT         :  33) HPCOM.DOC      2 16-Aug-82 16:18 -- missing on master
(NDT         :  33) DRYROT.SAI     2 27-Aug-82 17:55 -- bad checksum
(NDT         :  33) BAIL.BAD      54 03-May-81 07:54 -- missing on master
(NDT         :  33) TLGETF.SM1                       -- missing on slave
(NDT         :  33) SCR.SAI                          -- missing on slave
(NDT         :  33) TLGETF.SAI                       -- missing on slave
(NDT         :  33) TLGETF.REL                       -- missing on slave
(NDT         :  33) NUMB.SAI                         -- missing on slave
(NDT         :  33) TLGETF.DCL                       -- missing on slave
(NDT         :  33) CT5.SAV                          -- missing on slave
(NDT         :  33) RIPOFF.DIR                       -- missing on slave
(NDT         :  33) GOPS.BLI                         -- missing on slave
(NDT         :  33) DIVINS.NOT                       -- missing on slave
(NDT         :  33) SNIO.SAI                         -- missing on slave
(NDT         :  33) TEST.DAT                         -- missing on slave
(NDT         :  33) TEST.TV                          -- missing on slave
(NDT         :  33) TEST.SOS                         -- missing on slave
(NDT         :  33) FREES.FND                        -- missing on slave
(NDT         :  33) PUBMAC.DFS                       -- missing on slave
(NDT         :  33) CALARG.ACS                       -- missing on slave
(NDT         :  33) SG2X.CCL                         -- missing on slave
(NDT         :  33) CT5.CMD                          -- missing on slave
(NDT         :  33) DRY.SAI                          -- missing on slave
(NDT         :  33) BG.SAI                           -- missing on slave
(NDT         :  33) TEST.F40                         -- missing on slave
(NDT         :  33) TEST.FOR                         -- missing on slave
(NDT         :  33) READCR.SAI                       -- missing on slave
(NDT         :  33) TRAPS.OUT                        -- missing on slave
(NDT         :  33) TRAPS.SAI                        -- missing on slave
(NDT         :  33) Q1.SAI                           -- missing on slave
(NDT         :  33) NADJ.FAI                         -- missing on slave
(NDT         :  33) QUAD.MEM                         -- missing on slave
(NDT         :  33) LIST2                            -- missing on slave
(NDT         :  33) LRBUG.SAI                        -- missing on slave
(NDT         :  33) PRUNE.ODT                        -- missing on slave
(NDT         :  33) PRUNE.EXC                        -- missing on slave
(NDT         :  33) ORDER.OLD                        -- missing on slave
(NDT         :  33) KNUTH.CST                        -- missing on slave
(NDT         :  33) LOGIC.BUG                        -- missing on slave
(NDT         :  33) CHKNUM.SAI                       -- missing on slave
(NDT         :  33) UB                               -- missing on slave
(NDT         :  33) COMALL.CMD                       -- missing on slave
(NDT         :  33) DISCOM.MAC                       -- missing on slave
(NDT         :  33) COMALL.216                       -- missing on slave
(NDT         :  33) STANF.SAI                        -- missing on slave
(NDT         :  33) CASEXR.SAI                       -- missing on slave
(NDT         :  33) CASECK.SAI                       -- missing on slave
(NDT         :  33) SOLVED.SAI                       -- missing on slave
(NDT         :  33) CMPSW.SAI                        -- missing on slave
(NDT         :  33) SUAI.CKS                         -- missing on slave
(NDT         :  33) 36985.TID                        -- missing on slave
(NDT         :  33) TC.3                             -- missing on slave
(NDT         :  33) TC.1                             -- missing on slave
(NDT         :  33) TC.MPL                           -- missing on slave
(NDT         :  33) FTPDBG.SAI                       -- missing on slave
(NDT         :  33) FTPDBG.DCL                       -- missing on slave
(NDT         :  33) INCOD.SAI                        -- missing on slave
(NDT         :  33) AUXLIB.DCL                       -- missing on slave
(NDT         :  33) AUXLIB.SAI                       -- missing on slave
(NDT         :  33) AUXLIB.REL                       -- missing on slave
(NDT         :  33) FTPDBG.REL                       -- missing on slave
(NDT         :  33) AUXLIB.REQ                       -- missing on slave
(NDT         :  33) TAUX2.MAC                        -- missing on slave
(NDT         :  33) FTPDBG.SM1                       -- missing on slave
(NDT         :  33) FTPDBG.SAF                       -- missing on slave
(NDT         :  33) SPY.MAC                          -- missing on slave
(NDT         :  33) COMCOM.HDR                       -- missing on slave
(NDT         :  33) NFTP.SAI                         -- missing on slave
(NDT         :  33) TTYINI.BLI                       -- missing on slave
(NDT         :  33) SIMFTP.SAI                       -- missing on slave
(NDT         :  33) BUG827.SAI                       -- missing on slave
(NDT         :  33) INP.FAI                          -- missing on slave
(NDT         :  33) AUXLIB.SM1                       -- missing on slave
(NDT         :  33) LINES.XXX                        -- missing on slave
(NDT         :  33) JOVIAL.QES                       -- missing on slave
(NDT         :  33) CRYPTO.SAI                       -- missing on slave
(NDT         :  33) BF.SAI                           -- missing on slave
(NDT         :  33) MACDUM.SAI                       -- missing on slave
(NDT         :  33) MAPIT.SAI                        -- missing on slave
(NDT         :  33) TSTFLT.SAI                       -- missing on slave
(NDT         :  33) FORPRC.SAI                       -- missing on slave
(NDT         :  33) IOSER.INS                        -- missing on slave
(NDT         :  33) INPUT.COD                        -- missing on slave
(NDT         :  33) SCOMP.FAI                        -- missing on slave
(NDT         :  33) CASCMP.FAI                       -- missing on slave
(NDT         :  33) CASCMP.SAI                       -- missing on slave
(NDT         :  33) XSGMNT.CMD                       -- missing on slave
(NDT         :  33) SYFILE.DOC                       -- missing on slave
(NDT         :  33) SYFILE.SAI                       -- missing on slave
(NDT         :  33) SCANAX.SAI                       -- missing on slave
(NDT         :  33) GRAB5.SAI                        -- missing on slave
(NDT         :  33) RCR.TIM                          -- missing on slave
(NDT         :  33) RCR.SAI                          -- missing on slave
(NDT         :  33) JUNK.MAC                         -- missing on slave
(NDT         :  33) TEST4.SAI                        -- missing on slave
(NDT         :  33) LOAN.SAI                         -- missing on slave
(NDT         :  33) FAIL.MAN                         -- missing on slave
(NDT         :  33) FAIL.FLS                         -- missing on slave
(NDT         :  33) FAIL.FAI                         -- missing on slave
(NDT         :  33) DCAM.FAI                         -- missing on slave
(NDT         :  33) COMCAT.FAI                       -- missing on slave
(NDT         :  33) GCEXER.SAI                       -- missing on slave
(NDT         :  33) GCEXER.CCL                       -- missing on slave
(NDT         :  33) JS.DIF                           -- missing on slave
(NDT         :  33) GGD.FAI                          -- missing on slave
(NDT         :  33) NEWOPC.SAI                       -- missing on slave
(NDT         :  33) JUNK.SAI                         -- missing on slave
(NDT         :  33) GRAB.SAI                         -- missing on slave
(NDT         :  33) PRCL5.SAI                        -- missing on slave
(NDT         :  33) PRCL5.IN                         -- missing on slave
(NDT         :  33) CLEANM.SAI                       -- missing on slave
(NDT         :  33) HIST.SAI                         -- missing on slave
(NDT         :  33) TAPE.CCL                         -- missing on slave
(NDT         :  33) ALL.CKS                          -- missing on slave
(NDT         :  33) FAIL.INS                         -- missing on slave
(NDT         :  33) FAIL.CKS                         -- missing on slave
(NDT         :  33) FAIL.HST                         -- missing on slave
(NDT         :  33) CH2.SAI                          -- missing on slave
(NDT         :  33) IFOO2.SAI                        -- missing on slave
(NDT         :  33) CASEC.BUG                        -- missing on slave
(NDT         :  33) SEMBLK.DAT                       -- missing on slave
(NDT         :  33) ATOM.SAI                         -- missing on slave
(NDT         :  33) LOPSTA.SAI                       -- missing on slave
(NDT         :  33) SGMNT.CMD                        -- missing on slave
(NDT         :  33) Z.SRT                            -- missing on slave
(NDT         :  33) Z.1                              -- missing on slave
(NDT         :  33) Z.Z                              -- missing on slave
(NDT         :  33) AUGMNT.FAI                       -- missing on slave
(NDT         :  33) THAT.TNX                         -- missing on slave
(NDT         :  33) SGMNT.TNX                        -- missing on slave
(NDT         :  33) TAPE.IMG                         -- missing on slave
(NDT         :  33) CASE.DOC                         -- missing on slave
(NDT         :  33) DFC3.SAI                         -- missing on slave
(NDT         :  33) DFR1CK.SAI                       -- missing on slave
(NDT         :  33) RECCHK.SAI                       -- missing on slave
(NDT         :  33) ALLBUG.SAI                       -- missing on slave
(NDT         :  33) HEAVEN.HEL                       -- missing on slave
(NDT         :  33) BASE.FTP                         -- missing on slave
(NDT         :  33) FMS.SAI                          -- missing on slave
(NDT         :  33) XEROX.SAI                        -- missing on slave
(NDT         :  33) DOIT.COM                         -- missing on slave
(NDT         :  33) R.C                              -- missing on slave
(NDT         :  33) SIMFXR.SAI                       -- missing on slave
(NDT         :  33) TOPS20.FAI                       -- missing on slave
(NDT         :  33) DMITRY.NOT                       -- missing on slave
(NDT         :  33) LISTIT.SAI                       -- missing on slave
(NDT         :  33) TST.SAI                          -- missing on slave
(NDT         :  33) LEAP                             -- missing on slave
(NDT         :  33) APPNDX.TXT                       -- missing on slave
(NDT         :  33) JAILS.SAI                        -- missing on slave
(NDT         :  33) MAKESS.NFA                       -- missing on slave
(NDT         :  33) PROCED.SAI                       -- missing on slave
(NDT         :  33) EXB.SAI                          -- missing on slave
(NDT         :  33) DIV1.SAI                         -- missing on slave
(NDT         :  33) TSTLA.SAI                        -- missing on slave
(NDT         :  33) PT4.SAI                          -- missing on slave
(NDT         :  33) STRCMP                           -- missing on slave
(NDT         :  33) MAKESS.FAI                       -- missing on slave
(NDT         :  33) COMBUG.SAI                       -- missing on slave
(NDT         :  33) TYMSHR.FAI                       -- missing on slave
(NDT         :  33) DCAMUS.SAI                       -- missing on slave
(NDT         :  33) COMPIL.H                         -- missing on slave
(NDT         :  33) COMPIL.HER                       -- missing on slave
(NDT         :  33) WCRSPC.SAI                       -- missing on slave
(NDT         :  33) D.OUT                            -- missing on slave
(NDT         :  33) TMERGE.MEM                       -- missing on slave
(NDT         :  33) FROGS.TBA                        -- missing on slave
(NDT         :  33) CMPBYP.SAI                       -- missing on slave
(NDT         :  33) PRCL4.G                          -- missing on slave
(NDT         :  33) PRCL4.SAI                        -- missing on slave
(NDT         :  33) PRCL4.L5                         -- missing on slave
(NDT         :  33) PRCL4.F                          -- missing on slave
(NDT         :  33) PRCL4.IN                         -- missing on slave
(NDT         :  33) LOADIT.SAI                       -- missing on slave
(NDT         :  33) PROCED.INS                       -- missing on slave
(NDT         :  33) CT3.SAV                          -- missing on slave
(NDT         :  33) FIDDLE.DOC                       -- missing on slave
(NDT         :  33) BACKUP.CCL                       -- missing on slave
(NDT         :  33) COMPIL.RCD                       -- missing on slave
(NDT         :  33) TRYAPP.BUG                       -- missing on slave
(NDT         :  33) FIXCHK.SAI                       -- missing on slave
(NDT         :  33) ADJUBP.SAI                       -- missing on slave
(NDT         :  33) TYMCOM.SYS                       -- missing on slave
(NDT         :  33) PMATCH.SAI                       -- missing on slave
(NDT         :  33) SWITCH.PRT                       -- missing on slave
(NDT         :  33) DFC2.SAI                         -- missing on slave
(NDT         :  33) DOCUME.CKS                       -- missing on slave
(NDT         :  33) COMPIL.CKS                       -- missing on slave
(NDT         :  33) RUTGER.L2                        -- missing on slave
(NDT         :  33) RUTGER.LET                       -- missing on slave
(NDT         :  33) FILES.5                          -- missing on slave
(NDT         :  33) FILES.4                          -- missing on slave
(NDT         :  33) FILES.3                          -- missing on slave
(NDT         :  33) SHIPF                            -- missing on slave
(NDT         :  33) BYTES.HEX                        -- missing on slave
(NDT         :  33) TRANSP.REL                       -- missing on slave
(NDT         :  33) FTPCNV.DCL                       -- missing on slave
(NDT         :  33) FTPCNV.SAI                       -- missing on slave
(NDT         :  33) TRANSP.V1                        -- missing on slave
(NDT         :  33) TRANSP.DCL                       -- missing on slave
(NDT         :  33) TIME.SAI                         -- missing on slave
(NDT         :  33) UNITAP.SAI                       -- missing on slave
(NDT         :  33) TRANSP.SM1                       -- missing on slave
(NDT         :  33) FTPCNV.SM1                       -- missing on slave
(NDT         :  33) UNITAP.CMD                       -- missing on slave
(NDT         :  33) UNITAP.V8A                       -- missing on slave
(NDT         :  33) UNITAP.SAV                       -- missing on slave
(NDT         :  33) NF.SAI                           -- missing on slave
(NDT         :  33) TRANSP.SAI                       -- missing on slave
(NDT         :  33) FTPCNV.REL                       -- missing on slave
(NDT         :  33) TRANSP.V2                        -- missing on slave
(NDT         :  33) RAIDAT.SAI                       -- missing on slave
(NDT         :  33) ATTACH.DOC                       -- missing on slave
(NDT         :  33) RUNTIM.CMD                       -- missing on slave
(NDT         :  33) FTSAIL.RUN                       -- missing on slave
(NDT         :  33) SNARL.SAI                        -- missing on slave
(NDT         :  33) RESULT.FND                       -- missing on slave
(NDT         :  33) SNCLI.SAI                        -- missing on slave
(NDT         :  33) HP0952.OUT                       -- missing on slave
(NDT         :  33) HP0952.SAI                       -- missing on slave
(NDT         :  33) HP0952.HEX                       -- missing on slave
(NDT         :  33) CONTEX.BUG                       -- missing on slave
(NDT         :  33) HPT.SAI                          -- missing on slave
(NDT         :  33) FTSASW.FAI                       -- missing on slave
(NDT         :  33) PROFIX.SAI                       -- missing on slave
(NDT         :  33) HEXC.SAI                         -- missing on slave
(NDT         :  33) EXA.SAI                          -- missing on slave
(NDT         :  33) TALKER.SAI                       -- missing on slave
(NDT         :  33) CCBUG.SAI                        -- missing on slave
(NDT         :  33) TSTSCN.SAI                       -- missing on slave
(NDT         :  33) SYFIL.SAI                        -- missing on slave
(NDT         :  33) BUGXXX.SAI                       -- missing on slave
(NDT         :  33) FAILA.CKS                        -- missing on slave
(NDT         :  33) TOPS10.FAI                       -- missing on slave
(NDT         :  33) BCAM.FAI                         -- missing on slave
(NDT         :  33) WIDTH.SAI                        -- missing on slave
(NDT         :  33) DYNAMC.SAI                       -- missing on slave
(NDT         :  33) WIDTH.DCL                        -- missing on slave
(NDT         :  33) WIDTH.CCL                        -- missing on slave
(NDT         :  33) ZORKCO.LOG                       -- missing on slave
(NDT         :  33) MAPCUT.SAI                       -- missing on slave
(NDT         :  33) MAP5.SAI                         -- missing on slave
(NDT         :  33) MAP5.DAT                         -- missing on slave
(NDT         :  33) FC2.FAI                          -- missing on slave
(NDT         :  33) OPNCHK.SAI                       -- missing on slave
(NDT         :  33) CVRDX.SAX                        -- missing on slave
(NDT         :  33) DUMB.SAI                         -- missing on slave
(NDT         :  33) GRAB3.SAI                        -- missing on slave
(NDT         :  33) MATH3.FAI                        -- missing on slave
(NDT         :  33) DUMP.CCL                         -- missing on slave
(NDT         :  33) LUK.STD                          -- missing on slave
(NDT         :  33) FTSAIL.COM                       -- missing on slave
(NDT         :  33) FTSAIL.DOC                       -- missing on slave
(NDT         :  33) LST.DIR                          -- missing on slave
(NDT         :  33) XXX.TNX                          -- missing on slave
(NDT         :  33) XXX.T10                          -- missing on slave
(NDT         :  33) MRKDBL.BUG                       -- missing on slave
(NDT         :  33) DIRAIL.RCD                       -- missing on slave
(NDT         :  33) BYC.SAI                          -- missing on slave
(NDT         :  33) BY.SAI                           -- missing on slave
(NDT         :  33) RB                               -- missing on slave
(NDT         :  33) RTRAN.MID                        -- missing on slave
(NDT         :  33) DISREL.MAC                       -- missing on slave
(NDT         :  33) TSORT.SAI                        -- missing on slave
(NDT         :  33) TSORT                            -- missing on slave
(NDT         :  33) Z3.3                             -- missing on slave
(NDT         :  33) BUG.SAI                          -- missing on slave
(NDT         :  33) TELLEM.WRD                       -- missing on slave
(NDT         :  33) FIND.XMT                         -- missing on slave
(NDT         :  33) STANF2.SAI                       -- missing on slave
(NDT         :  33) LIB.TNX                          -- missing on slave
(NDT         :  33) RTRAN.OSA                        -- missing on slave
(NDT         :  33) TEMCHK.SAI                       -- missing on slave
(NDT         :  33) RTRAN.OSV                        -- missing on slave
(NDT         :  33) T35428.TID                       -- missing on slave
(NDT         :  33) SDANIE.PPN                       -- missing on slave
(NDT         :  33) 102116.TID                       -- missing on slave
(NDT         :  33) TLPORT.DCX                       -- missing on slave
(NDT         :  33) TLPORT.FIL                       -- missing on slave
(NDT         :  33) TLPORT.COM                       -- missing on slave
(NDT         :  33) TLPORT.22                        -- missing on slave
(NDT         :  33) TLPORT.XFR                       -- missing on slave
(NDT         :  33) TLPORT.BAI                       -- missing on slave
(NDT         :  33) TLPORT.REL                       -- missing on slave
(NDT         :  33) FTPBIT.DEF                       -- missing on slave
(NDT         :  33) TLPORT.SAV                       -- missing on slave
(NDT         :  33) CODETS.SAI                       -- missing on slave
(NDT         :  33) TLPORT.MSG                       -- missing on slave
(NDT         :  33) TLPORT.FDM                       -- missing on slave
(NDT         :  33) TXT.NEW                          -- missing on slave
(NDT         :  33) TNXAIL.RUN                       -- missing on slave
(NDT         :  33) DOUBLE.SAI                       -- missing on slave
(NDT         :  33) RUNFIL.SCR                       -- missing on slave
(NDT         :  33) TLPORT.INI                       -- missing on slave
(NDT         :  33) TLPORT.SAI                       -- missing on slave
(NDT         :  33) TLPORT.SM1                       -- missing on slave
(NDT         :  33) TLPORT.NOT                       -- missing on slave
(NDT         :  33) SAILIB.FDM                       -- missing on slave
(NDT         :  33) LIST.LST                         -- missing on slave
(NDT         :  33) GOGTAB.DEF                       -- missing on slave
(NDT         :  33) B.DIF                            -- missing on slave
(NDT         :  33) LIST.123                         -- missing on slave
(NDT         :  33) KLUGE.FAI                        -- missing on slave
(NDT         :  33) HEAD.FAI                         -- missing on slave
(NDT         :  33) BUGCOD.SAI                       -- missing on slave
(NDT         :  33) RDU.SAI                          -- missing on slave
(NDT         :  33) ARRAY.OCT                        -- missing on slave
(NDT         :  33) STOLD.SAI                        -- missing on slave
(NDT         :  33) GOGTAB.DEC                       -- missing on slave
(NDT         :  33) MAKSS.FAI                        -- missing on slave
(NDT         :  33) PENNEL.SAI                       -- missing on slave
(NDT         :  33) PENNEL.PAS                       -- missing on slave
(NDT         :  33) STRUCT.SAI                       -- missing on slave
(NDT         :  33) UUO.TXT                          -- missing on slave
(NDT         :  33) SG.SAI                           -- missing on slave
(NDT         :  33) BX.SAI                           -- missing on slave
(NDT         :  33) SETXB.SAI                        -- missing on slave
(NDT         :  33) B.SAI                            -- missing on slave
(NDT         :  33) B.HED                            -- missing on slave
(NDT         :  33) NON.SAI                          -- missing on slave
(NDT         :  33) FORMAT.SAI                       -- missing on slave
(NDT         :  33) HPS.SAI                          -- missing on slave
(NDT         :  33) KATIO.SAI                        -- missing on slave
(NDT         :  33) SCN.FAI                          -- missing on slave
(NDT         :  33) GANLST                           -- missing on slave
(NDT         :  33) GCE.CCL                          -- missing on slave
(NDT         :  33) GCE.SAI                          -- missing on slave
(NDT         :  33) BYPXXX.SAI                       -- missing on slave
(NDT         :  33) KIUUO.FAI                        -- missing on slave
(NDT         :  33) SC4A.SAI                         -- missing on slave
(NDT         :  33) FEOF.SAI                         -- missing on slave
(NDT         :  33) LXBUG2.SAI                       -- missing on slave
(NDT         :  33) QW.HST                           -- missing on slave
(NDT         :  33) MATH2.SAI                        -- missing on slave
(NDT         :  33) PROTST.SAI                       -- missing on slave
(NDT         :  33) XMT.CCL                          -- missing on slave
(NDT         :  33) BRAK.SAI                         -- missing on slave
(NDT         :  33) DOC.HST                          -- missing on slave
(NDT         :  33) RAID.MEM                         -- missing on slave
(NDT         :  33) CHARS.SAI                        -- missing on slave
(NDT         :  33) XMITTA.SRC                       -- missing on slave
(NDT         :  33) CEILIN.BUG                       -- missing on slave
(NDT         :  33) STRIPL.SAI                       -- missing on slave
(NDT         :  33) DOCFDM                           -- missing on slave
(NDT         :  33) JOBDAT.MAC                       -- missing on slave
(NDT         :  33) JOBDAT.UNV                       -- missing on slave
(NDT         :  33) CHNIOX.FAI                       -- missing on slave
(NDT         :  33) SCAN0.BLI                        -- missing on slave
(NDT         :  33) Z2.OUT                           -- missing on slave
(NDT         :  33) DISEXE.MAC                       -- missing on slave
(NDT         :  33) OVFL3.FAI                        -- missing on slave
(NDT         :  33) COMMON.SAI                       -- missing on slave
(NDT         :  33) PROCSP.SAI                       -- missing on slave
(NDT         :  33) CT1.MAC                          -- missing on slave
(NDT         :  33) CL2.SAI                          -- missing on slave
(NDT         :  33) TESTF.FAI                        -- missing on slave
(NDT         :  33) TAPCOD.SAI                       -- missing on slave
(NDT         :  33) COMND                            -- missing on slave
(NDT         :  33) WRTSCR.444                       -- missing on slave
(NDT         :  33) SYM.MID                          -- missing on slave
(NDT         :  33) TAUX.MAC                         -- missing on slave
(NDT         :  33) O.S                              -- missing on slave
(NDT         :  33) FTPX.SAI                         -- missing on slave
(NDT         :  33) INIT.BLI                         -- missing on slave
(NDT         :  33) TRY.MAC                          -- missing on slave
(NDT         :  33) TDBL.SAI                         -- missing on slave
(NDT         :  33) FRACT.SAI                        -- missing on slave
(NDT         :  33) FILCOM.MAC                       -- missing on slave
(NDT         :  33) TRYCNT.SAI                       -- missing on slave
(NDT         :  33) CRC16.SAI                        -- missing on slave
(NDT         :  33) STDDFS.PUB                       -- missing on slave
(NDT         :  33) DECL                             -- missing on slave
(NDT         :  33) PORTIA.REQ                       -- missing on slave
(NDT         :  33) OPCODE.LST                       -- missing on slave
(NDT         :  33) HPOLD.DCL                        -- missing on slave
(NDT         :  33) CT7.COM                          -- missing on slave
(NDT         :  33) CT7.SAV                          -- missing on slave
(NDT         :  33) REDUFD.SAI                       -- missing on slave
(NDT         :  33) REDUFD.DOC                       -- missing on slave
(NDT         :  33) REDUFD.CMD                       -- missing on slave
(NDT         :  33) STEST.OCT                        -- missing on slave
(NDT         :  33) OUT                              -- missing on slave
(NDT         :  33) ANNOUN.DOC                       -- missing on slave
(NDT         :  33) ST.COM                           -- missing on slave
(NDT         :  33) ST.SAI                           -- missing on slave
(NDT         :  33) ABK.FAI                          -- missing on slave
(NDT         :  33) MAKBKT.OLD                       -- missing on slave
(NDT         :  33) JAILS2.SAI                       -- missing on slave
(NDT         :  33) PROXXX.SAI                       -- missing on slave
(NDT         :  33) DECL.LST                         -- missing on slave
(NDT         :  33) CTL.X                            -- missing on slave
(NDT         :  33) SEG2.FAI                         -- missing on slave
(NDT         :  33) SEG2                             -- missing on slave
(NDT         :  33) TMP.SAI                          -- missing on slave
(NDT         :  33) SAHTTY.FAI                       -- missing on slave
(NDT         :  33) RCLASS.BUG                       -- missing on slave
(NDT         :  33) SYFIL3.SAI                       -- missing on slave
(NDT         :  33) BRKTBL.SAI                       -- missing on slave
(NDT         :  33) RAIDB.CRF                        -- missing on slave
(NDT         :  33) RAIDB.FAI                        -- missing on slave
(NDT         :  33) STRCHK.SAI                       -- missing on slave
(NDT         :  33) DSIM.SAI                         -- missing on slave
(NDT         :  33) GLUE                             -- missing on slave
(NDT         :  33) GOGADJ                           -- missing on slave
(NDT         :  33) INIT.OMA                         -- missing on slave
(NDT         :  33) INTERF.PUB                       -- missing on slave
(NDT         :  33) PORTIA.SAI                       -- missing on slave
(NDT         :  33) GADJIT.SAI                       -- missing on slave
(NDT         :  33) PI.SAI                           -- missing on slave
(NDT         :  33) PI.PAS                           -- missing on slave
(NDT         :  33) MON37.CMD                        -- missing on slave
(NDT         :  33) BUILD.INS                        -- missing on slave
(NDT         :  33) FILSPC.DOC                       -- missing on slave
(NDT         :  33) TIMBOM.SAI                       -- missing on slave
(NDT         :  33) LOALNK.SAI                       -- missing on slave
(NDT         :  33) ONEWRD.SAI                       -- missing on slave
(NDT         :  33) ADB.SAI                          -- missing on slave
(NDT         :  33) PTRAN.OSA                        -- missing on slave
(NDT         :  33) BAIL.37                          -- missing on slave
(NDT         :  33) LODEXE.SAI                       -- missing on slave
(NDT         :  33) NR.SAI                           -- missing on slave
(NDT         :  33) MAP3.DAT                         -- missing on slave
(NDT         :  33) O.OUT                            -- missing on slave
(NDT         :  33) PLVI.SAI                         -- missing on slave
(NDT         :  33) OVFL2.FAI                        -- missing on slave
(NDT         :  33) OPCODE.NUM                       -- missing on slave
(NDT         :  33) OPCODE.ALF                       -- missing on slave
(NDT         :  33) OPCODE.CRF                       -- missing on slave
(NDT         :  33) CHKFT.SAI                        -- missing on slave
(NDT         :  33) RESTAB.TNX                       -- missing on slave
(NDT         :  33) SUMF.CKS                         -- missing on slave
(NDT         :  33) CTL.CKS                          -- missing on slave
(NDT         :  33) CTL.CK1                          -- missing on slave
(NDT         :  33) PKFORM.SAI                       -- missing on slave
(NDT         :  33) CASELR.SAI                       -- missing on slave
(NDT         :  33) SDEBUG.DOC                       -- missing on slave
(NDT         :  33) DFSAIL.CMD                       -- missing on slave
(NDT         :  33) WNTSLS.SAI                       -- missing on slave
(NDT         :  33) BAIL.RUT                         -- missing on slave
(NDT         :  33) 4THC64.CH1                       -- missing on slave
(NDT         :  33) 4THC64.TTL                       -- missing on slave
(NDT         :  33) 4THC64.PUB                       -- missing on slave
(NDT         :  33) 4THC64.CH0                       -- missing on slave
(NDT         :  33) HEXIO.REL                        -- missing on slave
(NDT         :  33) OUTCOD.REL                       -- missing on slave
(NDT         :  33) FORMSG.SAI                       -- missing on slave
(NDT         :  33) HEXIO.SM1                        -- missing on slave
(NDT         :  33) OUTCOD.SM1                       -- missing on slave
(NDT         :  33) HEXIO.DCL                        -- missing on slave
(NDT         :  33) TLP.SAI                          -- missing on slave
(NDT         :  33) CPROGS                           -- missing on slave
(NDT         :  33) DATE.NFT                         -- missing on slave
(NDT         :  33) BOX                              -- missing on slave
(NDT         :  33) LSAILD.CMD                       -- missing on slave
(NDT         :  33) PCFTP.SAI                        -- missing on slave
(NDT         :  33) OPTAB.SAI                        -- missing on slave
(NDT         :  33) DV3.SAI                          -- missing on slave
(NDT         :  33) PL1.SAI                          -- missing on slave
(NDT         :  33) CTXTST.SAI                       -- missing on slave
(NDT         :  33) RECJUN.SAI                       -- missing on slave
(NDT         :  33) RESTRE.CLN                       -- missing on slave
(NDT         :  33) HP.DCL                           -- missing on slave
(NDT         :  33) HP.SAI                           -- missing on slave
(NDT         :  33) BLT.FND                          -- missing on slave
(NDT         :  33) DIABLO.DOC                       -- missing on slave
(NDT         :  33) DIABLO.PUB                       -- missing on slave
(NDT         :  33) OFFSET.SAI                       -- missing on slave
(NDT         :  33) ADJBP.DOC                        -- missing on slave
(NDT         :  33) HDRFIL.FAI                       -- missing on slave
(NDT         :  33) MACDMP.SAI                       -- missing on slave
(NDT         :  33) STRSER.NEW                       -- missing on slave
(NDT         :  33) NEWDOC                           -- missing on slave
(NDT         :  33) CONTRO.SAI                       -- missing on slave
(NDT         :  33) PDSHOW.SAI                       -- missing on slave
(NDT         :  33) LONGRL.SAI                       -- missing on slave
(NDT         :  33) UCX.SAI                          -- missing on slave
(NDT         :  33) CLOOP.BUG                        -- missing on slave
(NDT         :  33) HDRFIL.FUN                       -- missing on slave
(NDT         :  33) SYFIL2.SAI                       -- missing on slave
(NDT         :  33) BREAKT.FND                       -- missing on slave
(NDT         :  33) TENEX.FAI                        -- missing on slave
(NDT         :  33) DFADD.FAI                        -- missing on slave
(NDT         :  33) READIT.SAI                       -- missing on slave
(NDT         :  33) NEWUUO.FAI                       -- missing on slave
(NDT         :  33) INFO.SAI                         -- missing on slave
(NDT         :  33) INFO.DAT                         -- missing on slave
(NDT         :  33) MAPCOP.LOG                       -- missing on slave
(NDT         :  33) MOBILF.RNO                       -- missing on slave
(NDT         :  33) LIST3                            -- missing on slave
(NDT         :  33) DFC.SAI                          -- missing on slave
(NDT         :  33) MTH.SAI                          -- missing on slave
(NDT         :  33) ACCESS.LIS                       -- missing on slave
(NDT         :  33) TOTAL.XMT                        -- missing on slave
(NDT         :  33) LINK10.TYP                       -- missing on slave
(NDT         :  33) PTRTST.SAI                       -- missing on slave
(NDT         :  33) BY2.SAI                          -- missing on slave
(NDT         :  33) LSTFIL                           -- missing on slave
(NDT         :  33) BAICOM.CMD                       -- missing on slave
(NDT         :  33) FRMEXE.SAI                       -- missing on slave
(NDT         :  33) XFR.FLS                          -- missing on slave
(NDT         :  33) SORT.216                         -- missing on slave
(NDT         :  33) TRIPL.SAI                        -- missing on slave
(NDT         :  33) XFR.CKS                          -- missing on slave
(NDT         :  33) P034TT.FAI                       -- missing on slave
(NDT         :  33) DECSW.FND                        -- missing on slave
(NDT         :  33) COLUMN.SAI                       -- missing on slave
(NDT         :  33) TAPXFR.LOG                       -- missing on slave
(NDT         :  33) XFR.ICK                          -- missing on slave
(NDT         :  33) TAPEIT.CKS                       -- missing on slave
(NDT         :  33) TAPEIT.FLS                       -- missing on slave
(NDT         :  33) LSTFIL.NEW                       -- missing on slave
(NDT         :  33) 2OPS2.OPS                        -- missing on slave
(NDT         :  33) EDTINS.SAI                       -- missing on slave
(NDT         :  33) TAPX2.SAI                        -- missing on slave
(NDT         :  33) TAPXFR.SAI                       -- missing on slave
(NDT         :  33) ABBREV.DOC                       -- missing on slave
(NDT         :  33) WRITEQ.SAI                       -- missing on slave
(NDT         :  33) MCK.SAI                          -- missing on slave
(NDT         :  33) TYMGRI.CMP                       -- missing on slave
(NDT         :  33) COMAND.CKS                       -- missing on slave
(NDT         :  33) STABS.MEM                        -- missing on slave
(NDT         :  33) REPORT                           -- missing on slave
Checking host 930

?unable to build circuit to JMS:930
?host unavailable

?unable to build circuit to JMS:930
?host unavailable

?unable to build circuit to JMS:930
?host unavailable

?unable to build circuit to JMS:930
?host unavailable

?unable to build circuit to JMS:930
?host unavailable
Creaux failed to JMS:930

End of SAIL execution
.SEND JMS
TYPE LETTER:
; PCOM v1.63 - processed: (JMS)NDT.LOG = (JMS)NDT.CTL
; Options: DETACH  LOG NOAPPEND SUPERSEDE LICENSE 
; Limits: TIME:60 TRULIMIT:0 
; Status: completed.
; Output recorded in file (JMS)NDT.LOG.

mail waiting
.LOGOUT
1470.78 tru
terminal time: 0:08:04
 4)`On