!GFD NETDB

!MAGNUM
10-NOV-1987  19:28:53

=:SCHEMA NETWORK.PROFILE
C

Attn Net. Engineering:
        The Site Status installation is complete.
        The OPEN field for sites has been replaced by the RESOURCE fields.
                                                Wade Smithson 11-10

A new checking relations system has been installed into NETWORK PROFILE.
It should be much faster.
If you notice anything unusual about it please contact Wade Smithson *7440.

        To report system problems, contact
                Wade Smithson           at (408)922-7440 or
                Roy Roskilly            at (408)922-7439
        For questions or problems regarding Profile data, contact
                Addie Davis             at (408)922-7385 or
                Jeannette Weisinger     at (408)922-7424

Enter Database userid: JSMITH

Checking relations...   Relations OK...
Version 4-8

Network is TYMNET


NETWORK PROFILE DATABASE  (TYMNET      )

COMMANDS:

1.  Print
2.  List
3.  Report
4.  Search
5.  Orders
6.  Old nodes
7.  Mail to DBA
8.  Set environment
9.  Instructions
10. News
11. Validation
12. Tables

Enter selection (RETURN, Q, L): 12

List Tables
-----------

 1. Busy-out codes
 2. Cities
 3. Contact types (desc)
 4. Countries(desc)
 5. FE districts (region,district name)
 6. Interface descriptions (types)
 7. Interface types
 8. Networks (desc)
 9. Node Hardware
10. Node-host codes
11. Node software
12. Node types (desc)
13. Port codes
14. Regions
15. Sales districts (area)
16. Site classes (desc)
17. Site types (desc)
18. States (desc)
19. Subnets (desc)
20. Valid modems
Enter selection (RETURN, M, Q, or L): 1


Code/description



List Tables
-----------

 1. Busy-out codes
 2. Cities
 3. Contact types (desc)
 4. Countries(desc)
 5. FE districts (region,district name)
 6. Interface descriptions (types)
 7. Interface types
 8. Networks (desc)
 9. Node Hardware
10. Node-host codes
11. Node software
12. Node types (desc)
13. Port codes
14. Regions
15. Sales districts (area)
16. Site classes (desc)
17. Site types (desc)
18. States (desc)
19. Subnets (desc)
20. Valid modems
Enter selection (RETURN, M, Q, or L): 2


Cty St City

       BERIUT
       CUSTOMER SITES
       DUSSELDORF
       ROME
    MD COLLEGE PARK
    TX HOUSTON
AUS    AUSTRALIA
  ...
^O
3


Contact type/description

1 OFFICE
2 NFE
3 TECH SUPT
4 CUST TECH



List Tables
-----------

 1. Busy-out codes
 2. Cities
 3. Contact types (desc)
 4. Countries(desc)
 5. FE districts (region,district name)
 6. Interface descriptions (types)
 7. Interface types
 8. Networks (desc)
 9. Node Hardware
10. Node-host codes
11. Node software
12. Node types (desc)
13. Port codes
14. Regions
15. Sales districts (area)
16. Site classes (desc)
17. Site types (desc)
18. States (desc)
19. Subnets (desc)
20. Valid modems
Enter selection (RETURN, M, Q, or L): 4


Cty Description

A   AUSTRIA
AND ANDORRA
AUS AUSTRALIA
B   BELGIUM
BA  BERMUDA
BD  BANGLADESH
BDS BARBADOS
BG  BULGARIA
BH  BELIZE(BR.HONDURAS)
BOL BOLIVIA
BR  BRAZIL
BRN BAHRAIN
BRU BRUNEI
BS  BAHAMA ISLANDS
BUR BURMA
C   CUBA
CDN CANADA
CH  SWITZERLAND
CI  CAYMAN ISLANDS
CL  SRI LANKA(CEYLON)
CO  COLUMBIA
CR  COSTA RICA
CS  CZECHOLOVAKIA
D   WEST GERMANY
DDR EAST GERMANY
DK  DENMARK
DOM DOMINICAN REPUBLIC
E   SPAIN
EC  ECUADOR
ES  EL SALVADOR
ET  EGYPT
F   FRANCE
FJI FIJI
FL  LIECHTENSTEIN
FR  FAEROE ISLANDS
GB  UNITED KINGDOM
GBZ GILBRALTER
GR  GREECE(HELLAS)
GUY GUYANA
H   HUNGARY
HK  HONG KONG
I   ITALY
IL  ISRAEL
IND INDIA
IR  IRAN
IRL IRELAND (EIRE)
IS  ICELAND
J   JAPAN
JA  JAMAICA
JOR JORDAN
K   KAMPUCHEA
KWT KUWAIT
L   LUXEMBOURG
LAR LIBYA
LB  LIBERIA
M   MALTA
MA  MOROCCO
MAL MALAYSIA
MC  MONACO
MEX MEXICO
MS  MAURITIUS
MW  MALAWI
N   NORWAY
NA  CURACAO
NIC NICARAGUA
NL  NETHERLANDS
NZ  NEW ZEALAND
P   PORTUGAL
PA  PANAMA
PE  PERU
PI  PHILIPPINES
PL  POLAND
PY  PARAGUAY
Q   QATAR
R   ROMANIA
RA  ARGENTINA
RB  BOTSWANA
RC  TAIWAN(REP OF CHINA)
RCA CENTRAL AFRICAN REP
RCB CONGO(PEOPLE'S REP)
RCH CHILE
RDM MADAGASCAR
RFC CAMEROUN
RH  HAITI
RI  INDONESIA
RIM MAURITANIA
RL  LEBANON
ROK SOUTH KOREA
RSM SAN MARINO
S   SWEDEN
SA  SAUDI ARABIA
SCV VATICAN
SF  FINLAND(SUOMI)
SGP SINGAPORE
SN  SENEGAL
SNE SURINAME
SP  SOMALIA
SU  SOVIET UNION
SUN USSR
SY  SEYCHELLES
SYR SYRIA
T   THAILAND
TJ  CHINA(PEOPLE'S REP)
TN  TUNESIA
TR  TURKEY
TT  TRINIDAD/TOBAGO
U   URUGUAY
UAE DUBAI
USA UNITED STATES
VN  VIETNAM
WAG GAMBIA
WAL SIERRA LEONE
WAN NIGERIA
WD  DOMINICA
WG  GRENADA
WL  SANTA LUCIA
WS  SAMOA
WV  SAINT VINCENT
Y   YEMAN
YU  YUGOSLAVIA
YV  VENEZUELA
Z   ZAMBIA
ZA  SOUTH AFRICA
ZR  ZAIRE



List Tables
-----------

 1. Busy-out codes
 2. Cities
 3. Contact types (desc)
 4. Countries(desc)
 5. FE districts (region,district name)
 6. Interface descriptions (types)
 7. Interface types
 8. Networks (desc)
 9. Node Hardware
10. Node-host codes
11. Node software
12. Node types (desc)
13. Port codes
14. Regions
15. Sales districts (area)
16. Site classes (desc)
17. Site types (desc)
18. States (desc)
19. Subnets (desc)
20. Valid modems
Enter selection (RETURN, M, Q, or L): 5


FE district/region/district name
AT  CNFE  NORCROSS AREA
AU  CNFE  AUSTIN AREA
BR  CNFE  BROOKFIELD AREA
C   CNFE  Chicago area
CH  CNFE  CHICAGO AREA
CI  CNFE  CINCINNATI AREA
D   CNFE  Dallas area
DA  CNFE  DALLAS AREA
DM  CNFE  WEST DES MOINES AREA
H   CNFE  Houston area
HO  CNFE  HOUSTON AREA
M   CNFE  Minneapolis area
ME  CNFE  MEMPHIS AREA
MI  CNFE  MIAMI AREA
MP  CNFE  MINNEAPOLIS AREA
NO  CNFE  NEW ORLEANS AREA
OK  CNFE  OKLAHOMA CITY AREA
OR  CNFE  ORLANDO AREA
PL  CNFE  PLYMOUTH AREA
SL  CNFE  ST. LOUIS AREA
SM  CNFE  SHAWNEE MISSION AREA
TA  CNFE  TALLAHASSEE AREA
CAN ECAN  EASTERN CANADA
B   ENFE  Boston area
BO  ENFE  BOSTON AREA
CA  ENFE  CAROLINA AREA
KP  ENFE  KING OF PRUSSIA AREA
LI  ENFE  LONG ISLAND AREA
MN  ENFE  MANHATTAN AREA
N   ENFE  New York area
NE  ENFE  NEW ENGLAND AREA
NY  ENFE  NEW YORK AREA
P   ENFE  Philadelphia area
PA  ENFE  PHILADELPHIA AREA
VA  ENFE  VIRGINIA AREA
W   ENFE  Washington area
CAN WCAN  WESTERN CANADA
C   WNFE  Bay area
DE  WNFE  DENVER AREA
EB  WNFE  EAST BAY AREA
LA  WNFE  LOS ANGELES AREA
N   WNFE  Northwest area
NB  WNFE  NORTH BAY AREA
OC  WNFE  ORANGE COUNTY AREA
PH  WNFE  PHOENIX AREA
PL  WNFE  OREGON
S   WNFE  Southwest area
SB  WNFE  SOUTH BAY AREA
SE  WNFE  SEATTLE AREA
TR  WNFE  TORONTO
VN  WNFE  VANCOUVER



List Tables
-----------

 1. Busy-out codes
 2. Cities
 3. Contact types (desc)
 4. Countries(desc)
 5. FE districts (region,district name)
 6. Interface descriptions (types)
 7. Interface types
 8. Networks (desc)
 9. Node Hardware
10. Node-host codes
11. Node software
12. Node types (desc)
13. Port codes
14. Regions
15. Sales districts (area)
16. Site classes (desc)
17. Site types (desc)
18. States (desc)
19. Subnets (desc)
20. Valid modems
Enter selection (RETURN, M, Q, or L): 6


Interface desc       Type
AHI-112              ACOM
AHI-12               ACOM
AHI-128              ACOM
AHI-16               ACOM
AHI-32               ACOM
AHI-48               ACOM
AHI-64               ACOM
AHI-8                ACOM
AHI-80               ACOM
AHI-94               ACOM
AHI-96               ACOM
AOS-H1               ACOM
AOS-HA               ACOM
AOS-M1               ACOM
AOS-MA               ACOM
APT-HA               TNTT
APT-HF               TNTT
APT-MA               TNTT
APT-MF               TNTT
ATC-12               ISCS
ATC-16               ISCS
ATC-4                ATC
ATC-8                ATC
ATI-112              ISCS
ATI-128              ISCS
ATI-16               ISCS
ATI-16/OUTDIAL       ISCS
ATI-24               ISCS
ATI-2946             X.25
ATI-32               ISCS
ATI-32/OUTDIAL       ISCS
ATI-4                ISCS
ATI-48               ISCS
ATI-64               ISCS
ATI-8                ISCS
ATI-80               ISCS
ATI-96               ISCS
BISYNC VIRTUAL MODE  BBXS
CMT SLOT             CMTI
DIAL-UP X.25         XCOM
DIALUP ATC
FTSMUXDG
HPMUX
HSA SERVER           IHSA
LEMCOM SLOT          LEM
MENU SERVER          MSRV
MULTIPLEXOR          MUX
NET MESSAGE
ONTYME               ONTM
PDP10 BASE           EBUS
PRINT COMPRESSION
PSC CATBASE
PSC PROTOCOL CONV.
PSC TINET H.I.       TNTH
PSC TINET T.I.       TNTT
PSC-3270             PBH
SGI-T201             I2G1
SGI-X25B             XCOM
SGI-X25H             XCOM
SGI-X75B             XCOM
SGI-X75H             XCOM
SHI-2946             XCOM
SHI-3270B            PBH
SHI-3270S            SNAH
SHI-RJEB             BBXS
SHI-SDLC             SDLC
SHI-X.25B            XCOM
SHI-X.25H            XCOM
STI-2946             XCOM
STI-3270B            PBT
STI-3270S            SNAT
STI-RJEB             BBXS
STI-SDLC             SDLC
STI-X.25H            XCOM
SYNC POLLED H.I.     PBH
SYNC POLLED T.I.     PBT
T-II GATEWAY         T2G2
T201 GATEWAY         I2G1
TEST HOST
TOM HOST/AOS SLOT    TOM
TRANSACTION SWITCH   TRSW
VAL/NETVAL           VAL
X.75 GATEWAY         XCOM
X.PC SERVER          XPC



List Tables
-----------

 1. Busy-out codes
 2. Cities
 3. Contact types (desc)
 4. Countries(desc)
 5. FE districts (region,district name)
 6. Interface descriptions (types)
 7. Interface types
 8. Networks (desc)
 9. Node Hardware
10. Node-host codes
11. Node software
12. Node types (desc)
13. Port codes
14. Regions
15. Sales districts (area)
16. Site classes (desc)
17. Site types (desc)
18. States (desc)
19. Subnets (desc)
20. Valid modems
Enter selection (RETURN, M, Q, or L): 7


Interface types

ACCT
ACOM
ASAT
BBXS
BOOT
CMTI
CMTU
DBOT
DCOR
DCPU
DIN
DISK
DMAC
DMSC
DSYA
DSYN
DTAP
DZTL
EBUS
ELF
ELSV
ERLG
EWS
I2G1
I2IS
I2T1
IHSA
ISCS
ITI
KER
LDII
LEM
MDTH
MDTT
MRLN
MSAT
MSRV
MUX
NAD
NEM
NTCN
NTR
NVAL
ONTM
OUT
PBH
PBT
PNUC
PRB
RAM
SAT4
SDLC
SKER
SMAR
SNAH
SUP
SYSM
T2G2
TDI
TII
TLXG
TMCS
TNET
TNTH
TNTT
TOM
TRSW
UN2
UTIL
UTS
UTSH
VAC
VAL
VBC
VBS
VM
VRM
X.75
XCOM
XOM
XPC



List Tables
-----------

 1. Busy-out codes
 2. Cities
 3. Contact types (desc)
 4. Countries(desc)
 5. FE districts (region,district name)
 6. Interface descriptions (types)
 7. Interface types
 8. Networks (desc)
 9. Node Hardware
10. Node-host codes
11. Node software
12. Node types (desc)
13. Port codes
14. Regions
15. Sales districts (area)
16. Site classes (desc)
17. Site types (desc)
18. States (desc)
19. Subnets (desc)
20. Valid modems
Enter selection (RETURN, M, Q, or L): 8


Network no/description
 1 TYMNET
 2 BUBBNET
 3 TRWNET
 4 DECNET
 5 ITALNET
 6 SWEDNET
 7 NETHERNET
 8 SUNNET
 9 SWISNET
10 UCCPAC
11 XEROXNET
12 BOFANET
13 VANET
14 CHASENET
15 CODAN
16 BPNET
17 DUNET
18 LENET
19 AVISO
20 DIALNET
21 MGTNET
22 STAGENET
23 GEONET
24 ALASCOM
25 CASNET
26 EXXON
27 INSNET
28 SAHONGKONG
29 FIRNNET
30 DOLNET
31 CTS
32 SWBNET
33 BRITPETROL
34 ITALCABLE
35 CABLEWIRLESS
36 TELEVERNET
37 PHILIPS
38 UKLAB
39 EASTNETLAB
40 DATAPAC
41 TRAINING
42 LENG
43 SLIGOUS
44 WESTREGNLAB
45 REPAIRDEPOT
46 WESTPUB
47 WYNET
48 HGNET
49 MDISINET
50 NISNET
51 SWBELL-LAB
52 BABYLON
53 ANZNET
54 FTS2000
55 CONNNET
56 NTSNET
99 TESTNET



List Tables
-----------

 1. Busy-out codes
 2. Cities
 3. Contact types (desc)
 4. Countries(desc)
 5. FE districts (region,district name)
 6. Interface descriptions (types)
 7. Interface types
 8. Networks (desc)
 9. Node Hardware
10. Node-host codes
11. Node software
12. Node types (desc)
13. Port codes
14. Regions
15. Sales districts (area)
16. Site classes (desc)
17. Site types (desc)
18. States (desc)
19. Subnets (desc)
20. Valid modems
Enter selection (RETURN, M, Q, or L): 9


Node hardware

1103
620I
620L
ATC
DUAL-MINI
ENGINE
INTERDATA
L100
LEMCOM
LSI11
MICRO-ENGINE
MINI-ENGINE
PSEUDO-NODE
QUAD-MICRO
TXR-2100
V72
V73
V77
XDLC-MICRO



List Tables
-----------

 1. Busy-out codes
 2. Cities
 3. Contact types (desc)
 4. Countries(desc)
 5. FE districts (region,district name)
 6. Interface descriptions (types)
 7. Interface types
 8. Networks (desc)
 9. Node Hardware
10. Node-host codes
11. Node software
12. Node types (desc)
13. Port codes
14. Regions
15. Sales districts (area)
16. Site classes (desc)
17. Site types (desc)
18. States (desc)
19. Subnets (desc)
20. Valid modems
Enter selection (RETURN, M, Q, or L): 10


Code/description

12 ASYNC LOW DENSITY
14 ASYNC MED DENSITY
15 RCA/GUAM access
16 ASYNC HIGH DENSITY
17 X.75 Gateway Low Density
18 X.75 Gateway Med Density
19 X.75 Gateway High Density
20 AHI-#/ASYNC HOST INTERFACE (TYMCOM)
21 DIALUP X.25 HIGH DENSITY
22 DIALUP X.25 MED DENSITY
23 DIALUP X.25 LOW DENSITY
24 DIALUP X.25 WATS
25 ATI-#/ASYNC TERMINAL INTERFACE (TYMSAT) (DTI) (ATC-#)
26 CANADA PUBLIC ACCESS LOW DENSITY
27 CANADA PUBLIC ACCESS MEDIUM DENSITY
28 CANADA PUBLIC ACCESS HIGH DENSITY
29 CANADA DEDICATED
3  CANADA, VIA DATAPAC
30 ASYNC, IN-WATS
31 JAPAN-REVERSE CHARGE
32 ASYNC, OUT-WATS
33 OUTDIAL WATS NODE
34 INTERNATIONAL SUSPENSE
35 MERCURY T201
36 INTL, VIA FOREIGN
37 INTL, VIA TYMNET DOMESTIC
38 INTL, VIA TYMSHARE
39 INTL RPOA 1 (CSC-INFONET)
40 MEXICO, ORIGINATION
41 MEXICO, TERMINATION
42 MEXICO, X.75
43 EPA-DEDICATED NODES
44 SHI-3270B/3270 BISYNC HOST INTERFACE
45 SHI-RJEB/RJE-HASP HOST INTERFACE
46 SHI-SDLC/SNA-SDLC HOST INTERFACE
47 SC JOHNSON-DEDICATED NODES
48 VARIAN BISYNC (NODE NAME WILL BE BTM)
49 1ST NATL BANK CHICAGO-DEDICATED NODES
5  INTL-HOST-SPECIFIC-ISRAEL/FRANCE
54 STI-3270B/3270 BISYNC TERMINAL INTERFACE, HIGH D
55 STI-3270B/3270 BISYNC TERMINAL INTERFACE, MED D
56 STI-RJEB/RJE-HASP TERMINAL INTERFACE, HIGH D
57 STI-RJEB/RJE-HASP TERMINAL INTERFACE, MED D
58 STI-SDLC/SNA-SDLC TERMINAL, HIGH D
59 STI-SDLC/SNA-SDLC TERMINAL, MED D
60 TINET ASYNC POLLED/HIGH (DATATROL)
61 TINET ASYNC POLLED/MED (DATATROL)
63 ALASKA
64 ALASKA X.75
66 TYMSTAR - HOST INTERFACES
67 SHI-X25H/X.25 HDLC (ASCII/EBCDIC)
68 SHI-X25B/X.25 BISYNC (BSC)
69 PUERTO RICO, ORIGINATION
7  X.PC PRIVATE DEDICATED
70 PUERTO RICO, TERMINATION
71 HAWAII, TERMINATION
72 HAWAII MED DENSITY
73 HAWAII DEDICATED INTERFACE
74 GUAM PUBLIC ACCESS
75 X.75, DOMESTIC ONLY
76 CHARACTER MODE TERM. VIRTUAL
78 GUAM DEDICATED INTERFACE
79 TYMSTAR - REMOTE MICRO EARTH STATIONS
8  X.PC PUBLICALLY SHARED
80 TYMNET INTERNAL



List Tables
-----------

 1. Busy-out codes
 2. Cities
 3. Contact types (desc)
 4. Countries(desc)
 5. FE districts (region,district name)
 6. Interface descriptions (types)
 7. Interface types
 8. Networks (desc)
 9. Node Hardware
10. Node-host codes
11. Node software
12. Node types (desc)
13. Port codes
14. Regions
15. Sales districts (area)
16. Site classes (desc)
17. Site types (desc)
18. States (desc)
19. Subnets (desc)
20. Valid modems
Enter selection (RETURN, M, Q, or L): 11


Node software

ASYNC TYMCOM
ATC
BASE
BISYNC TYMCOM
CONSAT
ISIS
MICRO TYMBASE
SUPERVISOR
SWITCHER
T-II GATEWAY
TYMSAT
VARIAN TYMSAT



List Tables
-----------

 1. Busy-out codes
 2. Cities
 3. Contact types (desc)
 4. Countries(desc)
 5. FE districts (region,district name)
 6. Interface descriptions (types)
 7. Interface types
 8. Networks (desc)
 9. Node Hardware
10. Node-host codes
11. Node software
12. Node types (desc)
13. Port codes
14. Regions
15. Sales districts (area)
16. Site classes (desc)
17. Site types (desc)
18. States (desc)
19. Subnets (desc)
20. Valid modems
Enter selection (RETURN, M, Q, or L): 12


Node type/description
 1 SUPERVISOR (SWITCHER)
 2 LVL-II SWITCHER (56KB ONLY)
 3 LVL-III NETWORK SWITCHER
 4 CUSTOMER INTERFACE SWITCHER
 5 ISIS SWITCHER
 6 BASE SWITCHER
 7 CONSAT/TYMSAT (NO CUST. CONN.)
 8 CONSAT/TYMSAT (CUST. CONN. OK)
 9 PUBLIC ISIS ENGINE (SIO)
10 PUBLIC ISIS ENGINE (NON-SIO)
11 VARIAN BASE
12 LEMCOM BASE
13 PUBLIC BISYNC
14 VARIAN TYMSAT
15 MARS PLUS ISIS
16 NETPATROL ISIS
17 CUSTOMER MACHINE
18 MACHINE FOR OTHER MDC DIVISION
19 ONTYME ENGINE
20 VITALINK SWITCHER
21 GATEWAYS
22 LAB MACHINE
23 PAYMENT SYSTEMS MACHINE



List Tables
-----------

 1. Busy-out codes
 2. Cities
 3. Contact types (desc)
 4. Countries(desc)
 5. FE districts (region,district name)
 6. Interface descriptions (types)
 7. Interface types
 8. Networks (desc)
 9. Node Hardware
10. Node-host codes
11. Node software
12. Node types (desc)
13. Port codes
14. Regions
15. Sales districts (area)
16. Site classes (desc)
17. Site types (desc)
18. States (desc)
19. Subnets (desc)
20. Valid modems
Enter selection (RETURN, M, Q, or L): 13


Port code/description

1  PRIVATE ACCESS PORT
10 MEDIUM DENSITY FX
11 HIGH DENSITY FX
12 PUERTO RICO
2  LOW DENSITY FX
21 TYMNET PAP
3  800 SERVICE
4  PUBLIC ACCESS PORT
5  OUT-DIAL (OUT-WATS)
6  DEDICATED PRIVATE PORT



List Tables
-----------

 1. Busy-out codes
 2. Cities
 3. Contact types (desc)
 4. Countries(desc)
 5. FE districts (region,district name)
 6. Interface descriptions (types)
 7. Interface types
 8. Networks (desc)
 9. Node Hardware
10. Node-host codes
11. Node software
12. Node types (desc)
13. Port codes
14. Regions
15. Sales districts (area)
16. Site classes (desc)
17. Site types (desc)
18. States (desc)
19. Subnets (desc)
20. Valid modems
Enter selection (RETURN, M, Q, or L): 14


Region
CNFE
ENFE
INTL
TNSC
WNFE



List Tables
-----------

 1. Busy-out codes
 2. Cities
 3. Contact types (desc)
 4. Countries(desc)
 5. FE districts (region,district name)
 6. Interface descriptions (types)
 7. Interface types
 8. Networks (desc)
 9. Node Hardware
10. Node-host codes
11. Node software
12. Node types (desc)
13. Port codes
14. Regions
15. Sales districts (area)
16. Site classes (desc)
17. Site types (de18. States (desc)
19. Subnets (desc)
20. Valid modems
Enter selection (RETURN, M, Q, or L): 15


Dist no/Area
111
130 WTSSJ
131 WTSSF
132 WTSIR
135 CTSCH
136 CTSSL
137 CTSHO
138 CTSCH
211 ETSVI
212 ETSBO
213 CTSDE
214 ETSNY
215 ETSBO
216 ETSNJ
217 CTSDE
221 ETSVI
222 ETSVI
223 ETSAT
224 WTSSF
225 ETSVI
227 IPNS
228 EXTL
229



List Tables
-----------

 1. Busy-out codes
 2. Cities
 3. Contact types (desc)
 4. Countries(desc)
 5. FE districts (region,district name)
 6. Interface descriptions (types)
 7. Interface types
 8. Networks (desc)
 9. Node Hardware
10. Node-host codes
11. Node software
12. Node types (desc)
13. Port codes
14. Regions
15. Sales districts (area)
16. Site classes (desc)
17. Site types (desc)
18. States (desc)
19. Subnets (desc)
20. Valid modems
Enter selection (RETURN, M, Q, or L): 16


Class/Description
 1 56 KBPS
 2 14.4 KBPS
 3 9.6 KBPS
 4 4.8 KBPS
 5 PUBLIC ASYNC ONLY
 8 TYMNET INTERNAL
 9 CUSTOMER SITE
11
12
13
14
15
18
19
21 VACATED
22 VACATED
23 VACATED
24 VACATED
25 VACATED
26 VACATED
27 VACATED
28 VACATED
29 VACATED



List Tables
-----------

 1. Busy-out codes
 2. Cities
 3. Contact types (desc)
 4. Countries(desc)
 5. FE districts (region,district name)
 6. Interface descriptions (types)
 7. Interface types
 8. Networks (desc)
 9. Node Hardware
10. Node-host codes
11. Node software
12. Node types (desc)
13. Port codes
14. Regions
15. Sales districts (area)
16. Site classes (desc)
17. Site types (desc)
18. States (desc)
19. Subnets (desc)
20. Valid modems
Enter selection (RETURN, M, Q, or L): 17


Type/Description
A BACKBONE-PRIM
B BACKBONE-SEC
C PERIPH-LARGE
D PERIPH-SMALL
E 2-4 FOOT PRINTS
F FX REP-FULL CAB
G FX REP-1/2 HT



List Tables
-----------

 1. Busy-out codes
 2. Cities
 3. Contact types (desc)
 4. Countries(desc)
 5. FE districts (region,district name)
 6. Interface descriptions (types)
 7. Interface types
 8. Networks (desc)
 9. Node Hardware
10. Node-host codes
11. Node software
12. Node types (desc)
13. Port codes
14. Regions
15. Sales districts (area)
16. Site classes (desc)
17. Site types (desc)
18. States (desc)
19. Subnets (desc)
20. Valid modems
Enter selection (RETURN, M, Q, or L): 18


State code/description
AB Alberta
AK Alaska
AL Alabama
AR Arkansas
AS American Samoa
AZ Arizona
BC British Columbia
CA California
CM No. Mariana Islands
CO Colorado
CT Connecticut
DC District of Columbia
DE Delaware
FL Florida
GA Georgia
GU Guam
HI Hawaii
IA Iowa
ID Idaho
IL Illinois
IN Indiana
KS Kansas
KY Kentucky
LA Louisiana
LB Labrador
MA Massachusetts
MB Manitoba
MD Maryland
ME Maine
MI Michigan
MN Minnesota
MO Missouri
MS Mississippi
MT Montana
NB New Brunswick
NC North Carolina
ND North Dakota
NE Nebraska
NF Newfoundland
NH New Hampshire
NJ New Jersey
NM New Mexico
NS Nova Scotia
NT Northwest Terr.
NV Nevada
NY New York
OH Ohio
OK Oklahoma
ON Ontario
OR Oregon
PA Pennsylvania
PE Prince Edward Island
PQ Quebec
PR Puerto Rico
RI Rhode Island
SC South Carolina
SD South Dakota
SK Saskachewan
TN Tennessee
TT Trust Territory
TX Texas
UT Utah
VA Virginia
VI Virgin Islands
VT Vermont
WA Washington
WI Wisconsin
WV West Virginia
WY Wyoming
YT Yukon



List Tables
-----------

 1. Busy-out codes
 2. Cities
 3. Contact types (desc)
 4. Countries(desc)
 5. FE districts (region,district name)
 6. Interface descriptions (types)
 7. Interface types
 8. Networks (desc)
 9. Node Hardware
10. Node-host codes
11. Node software
12. Node types (desc)
13. Port codes
14. Regions
15. Sales districts (area)
16. Site classes (desc)
17. Site types (desc)
18. States (desc)
19. Subnets (desc)
20. Valid modems
Enter selection (RETURN, M, Q, or L): 19


Subnet no/description

 1 WEST PUB
 2 DPT OF LABOR
 3 USGS
 4 1ST NAT BANK
 5 EPA
 6 FAA



List Tables
-----------

 1. Busy-out codes
 2. Cities
 3. Contact types (desc)
 4. Countries(desc)
 5. FE districts (region,district name)
 6. Interface descriptions (types)
 7. Interface types
 8. Networks (desc)
 9. Node Hardware
10. Node-host codes
11. Node software
12. Node types (desc)
13. Port codes
14. Regions
15. Sales districts (area)
16. Site classes (desc)
17. Site types (desc)
18. States (desc)
19. Subnets (desc)
20. Valid modems
Enter selection (RETURN, M, Q, or L): 20


Make        Model
BELL      212A
CNCRD     3ROC
CNCRD     3SPD
STAT MUX
VADIC     3467



List Tables
-----------

 1. Busy-out codes
 2. Cities
 3. Contact types (desc)
 4. Countries(desc)
 5. FE districts (region,district name)
 6. Interface descriptions (types)
 7. Interface types
 8. Networks (desc)
 9. Node Hardware
10. Node-host codes
11. Node software
12. Node types (desc)
13. Port codes
14. Regions
15. Sales districts (area)
16. Site classes (desc)
17. Site types (desc)
18. States (desc)
19. Subnets (desc)
20. Valid modems
Enter selection (RETURN, M, Q, or L):


NETWORK PROFILE DATABASE  (TYMNET      )

COMMANDS:

1.  Print
2.  List
3.  Report
4.  Search
5.  Orders
6.  Old nodes
7.  Mail to DBA
8.  Set environment
9.  Instructions
10. News
11. Validation
12. Tables

Enter selection (RETURN, Q, L): 11

VALIDATION OPTIONS AVAILABLE:
----------------------------

  1. List user info
  2. Change password
  3. Change user info
* 4. Add license(validate new USERID)
* 5. Remove license
* 6. De-validate user
* 7. List license codes
* 8. List validated users
* 9. Validation report
Enter selection (RETURN, M, Q, L): 1

Enter USERID: JSMITH

Name: JOE SMITH
Phone:
Cost code: 4011

You have the following licenses:


Enter USERID:

VALIDATION OPTIONS AVAILABLE:
----------------------------

  1. List user info
  2. Change password
  3. Change user info
* 4. Add license(validate new USERID)
* 5. Remove license
* 6. De-validate user
* 7. List license codes
* 8. List validated users
* 9. Validation report
Enter selection (RETURN, M, Q, L): 3

Name: JOE SMITH
Phone:
Cost code: 4011

Change:
1. Last name
2. First name
3. Phone
4. Cost code
Enter selection: 3

Phone:
Enter phone (AAA/NNN-NNNN): 408/922-6220

Name: JOE SMITH
Phone: 408/922-6220
Cost code: 4011

Change:
1. Last name
2. First name
3. Phone
4. Cost code
Enter selection: 4

Cost code: 4011
Enter cost code: 90843
Size of Input excessive for picture for "COST.CODE"
COST.CODE: 4011

Name: JOE SMITH
Phone: 408/922-6220
Cost code: 4011

Change:
1. Last name
2. First name
3. Phone
4. Cost code
Enter selection:

VALIDATION OPTIONS AVAILABLE:
----------------------------

  1. List user info
  2. Change password
  3. Change user info
* 4. Add license(validate new USERID)
* 5. Remove license
* 6. De-validate user
* 7. List license codes
* 8. List validated users
* 9. Validation report
Enter selection (RETURN, M, Q, L):


NETWORK PROFILE DATABASE  (TYMNET      )

COMMANDS:

1.  Print
2.  List
3.  Report
4.  Search
5.  Orders
6.  Old nodes
7.  Mail to DBA
8.  Set environment
9.  Instructions
10. News
11. Validation
12. Tables

Enter selection (RETURN, Q, L): 8

SET ENVIRONMENT OPTIONS AVAILABLE
---------------------------------

1. Set terminal type
2. Set default network
3. Change network (current session only)

Enter selection (RETURN, M, Q, L): 1
Terminal type:
0.  Prompt for terminal type
1.  Tymshare 425 CRT screen
2.  Any terminal mode
Terminal type: 2

Enter new TERMINAL TYPE or RETURN: 2


NETWORK PROFILE DATABASE  (TYMNET      )

COMMANDS:

1.  Print
2.  List
3.  Report
4.  Search
5.  Orders
6.  Old nodes
7.  Mail to DBA
8.  Set environment
9.  Instructions
10. News
11. Validation
12. Tables

Enter selection (RETURN, Q, L): 9
    [ For more complete instructions see document (NETDB)PROFIL.DOC ].

The Network Profile Database contains information about public and private
networks, including the following:

   * Nodes in the network
   * Hosts connected to nodes in the network
   * Sites where nodes and hosts are located
   * Async ports, rotaries, and leased-line circuits associated with nodes
   * Sync circuits between nodes, and between nodes and hosts, in the network

The Network Profile Database is accessed by using a  basic  set  of  COMMANDS,
each of which may have several OPTIONS.  Below is a list of commands available
for non-screen (non-425/426) terminals.

   * PRINT - Prints individual site, node, or hosts records on a printer
   * LIST - Lists hosts attached to a node, nodes and hosts at a site,
        sync node or host connections, or async ports on a node or rotary
   * REPORT - Produces brief or detailed reports to external files
   * SEARCH - Lists site, node, or host records based on matching values
   * ORDERS - Lists order numbers associated with sites, nodes, or hosts
   * OLD NODES - Lists node number changes for nodes (upgrades)
   * MAIL TO DBA - Sends message to database group
   * SET ENVIRONMENT - Sets default terminal type and default network
   * INSTRUCTIONS - Displays this information
   * NEWS - Displays information about changes to database
   * VALIDATION - Allows adding or changing userid information
   * TABLES - Lists internal tables of valid values for certain fields

Other commands are available which provide additional update capability,
but these require the user to have a 425 or 426 screen terminal, and to be
in the screen mode.

Data is transmitted to the system by typing a command number or option followed
by the RETURN key.  In many cases, the user will be able to also respond with
an M, Q, or L, which will return the user to the main menu, the executive dash
prompt, or log the user off respectively.  Responding with only a return will
generally return the user to the previous menu.


NETWORK PROFILE DATABASE  (TYMNET      )

COMMANDS:

1.  Print
2.  List
3.  Report
4.  Search
5.  Orders
6.  Old nodes
7.  Mail to DBA
8.  Set environment
9.  Instructions
10. News
11. Validation
12. Tables

Enter selection (RETURN, Q, L): 10
Updated documentation (Version 4-1) is available in the file PROFIL.DOC.

*** Version 4-8 contains UPDATE ASYNC PORT RANGE and RANGE UPDATE PORT MAP.
These procedures will allow you to update certain port attributes on a
range basis.  The port map allows you to see all of your changes on one
report.  The expert commands are...
        UPDATE ASYNC PORT RANGE                 13.31
        RANGE UPDATE PORT MAP                    3.12


*** Version 4-7 adds a new command on the SEARCH menu--"Search for CUSTOMER
Sites within a given radius".  This command will print all customer sites
within a search radius, based on an area code and prefix, and a specified
search radius.  It also adds another command on the SEARCH menu--"Search for
Sites by Salesrep".  This command will list all sites for a specified
salesrep number.  (A portion of the salesrep no may be entered to do searches
based on multiple salesreps).

This version also adds an additional SPECIAL report to the REPORT menu--
"All sites (counts of nodes and hosts)".  This report prints totals of
number of nodes and hosts at each public network site.  The "host" count
excludes terminal interfaces and monitors.

*** Version 4-6 of Network Profile allows us to maintain SYNC circuit
connections by network.  A small number of circuits have been converted
from the public network to their proper network numbers.

*** Version 4-5 replaces the UPDATE SYNC CONNECTIONS command on the
CONNECTIONS menu (screen mode only) with 4 new commands:

                ADD SYNC CONNECTIONS
                CHANGE SYNC CONNECTIONS
                DELETE SYNC CONNECTIONS
                COPY SYNC CONNECTIONS

The reason for this change is that the old UPDATE SYNC CONNECTIONS command
was too large a command to run properly as a single command.

The ADD SYNC CONNECTIONS command allows the user to add a brand new circuit.
The CHANGE SYNC CONNECTIONS command allows the user to change any infor-
mation for an existing circuit, including the points themselves.  The
DELETE SYNC CONNECTIONS allows the user to delete any existing circuit.
The COPY SYNC CONNECTIONS is a new feature which allows the user to add
a new circuit which is similar to an existing circuit, by displaying an
existing circuit and then allowing the user to make appropriate changes on the
screen, including (unless not necessary) the points.

All screens allow the user to process all circuits on a multi-link line,
by displaying them one at a time.

Other minor improvements have been made to the screens to make them easier
to use and faster.

Also, the CONNECTIONS menu (screen mode only) has been updated with a sub-menu
of options for the 4 commands described above.

Finally, the MAIN SCREEN (screen mode only) has been modified to allow
the calling of each of the above 4 commands directly in expert mode.


*** Version 4-4 of the Profile brings into use the Expert Mode.
Expert Mode is an optional way of running programs, eliminating the need
to go through the menus.

Users of the data base are still permitted to enter through the regular
entry points.

Expert Commands are available for the Main Screen options labeled with 'x'.

Expert Commands take the form NN.nn (NN refers to the Main Screen Option).

For example: Expert Command [3.4]  The 3 indicates the option on the main
screen. List.  The 4 indicates the program to be run.  In this case it is
List Sync Node Connections.

For a detailed listing of the Expert Commands enter HELP in the
Expert Command option.

Enter Hnn to see all the Expert Commands for that menu option.

If ?nn.nn is entered, the Expert Command Description will be displayed
on the screen.

*** Release 4.2 of Network Profile contains features related to the Connections
Module.  New fields include: STATUS, TELCO REQ NO., MUNCH FLAG, TBILL FLAG,
EFFECTIVE DATE, NETWORK FLAG and ORDER NO.

  An Update procedure has been created to allow updating of the Sync data,
replacing the 1022 file Line.Tek. UPDATE SYNC CKTS is executed through
the Connections option on the Main Menu.  License is required to run this
program.  For validation contact Joe Doolittle, DQA.

  The UPDATE SYNC CKTS program will allow Adding, Changing, Deleting or
reconfiguring of a Sync Network Connection.

  Sync circuit displays and all Circuit reports have been reformatted
to include the new circuit fields.  A new status value of "A" has been
added to the circuit relation indicating connections that are Active.
Other values of Status remain the same:
P=pending ckt   M=ckt moving to another node  U=upgrade of line speed planned
D=ckt scheduled to be deleted   C=ckt currently up but scheduled to be canceled

*** Version 4-1 makes the LIST TABLES option available to all users.  In the
"screen" mode, the TABLES command is now unrestricted, and the UPDATE TABLES
option is now restricted, while the LIST TABLES option is not restricted.
In the "non-screen" mode,  the LIST TABLES option appears as the TABLES
command on the main screen.  This option allows the user to list the values
stored in any of the database internal tables, which are used for checking
the validity of values entered into various fields on the update screens.

                        *****  Version 4-0  *****

Version 4 alters the LIST command to include 3 new options:

        *  LIST ASYNC PORTS ON A NODE
        *  LIST ASYNC PORTS CONNECTED TO A ROTARY
        *  LIST ASYNC PORTS AT A SITE

These 3 lists are associated with a new module of asynchronous port information
contained within the database, as of this version.  (Note, these options are
currently unavailable, but should be made available shortly).

This version provides a new command, CONNECTIONS.  This command, which re-
quires license for this command, allows the user to obtain information about
connections, both asynchronous and synchronous, to nodes and hosts.  These
so-called connections include the ports on a node, the rotaries associated with
the ports, and the leased-line circuits and hardwires between nodes, and be-
tween nodes and hosts.  This command also allows the user to update the asynch-
ronous connection information.  At a later date, the user will be able to up-
date synchronous connection information.  This command also allows the user to
access and update Tymlink Express information.  Finally, this command allows
the user to update port codes and node/host codes, and to produce a report of
sync and async connections to a file.  (Note, this command is currently un-
available, but should be made available soon.)

The site displays now have a second COMPANY name line and a second address
line.  Also, the USERNAME, MAILNAME, and CONNections fields have been removed
from the site displays.  The TYPE and CLASS fields now check for valid values.

The node displays now have fields for ASYNC (daughter) CARDS and SYNC
(daughter) cards.

The INTERFACE DESCription field in the host displays now checks for valid
values.  Also, the NO of PORTS field has been removed from the host displays.

Some of the options in the VALIDATION command have been consolidated so
that there are fewer options.

The status of pending synchronous lines has been changed.  The BPS field
shows the baud and a one character description of status.  U represents
a pending upgrade in line speed. C represents a line which is currently
up but is being cancelled.  P represents a pending line.  M represents
a line which is up but one or both end points are moving.  Hence, if a
line is moving only one end point, at the stable end a line will show
twice: once with M for the line that is up and will move, and with P
for the line where it will be.


NETWORK PROFILE DATABASE  (TYMNET      )

COMMANDS:

1.  Print
2.  List
3.  Report
4.  Search
5.  Orders
6.  Old nodes
7.  Mail to DBA
8.  Set environment
9.  Instructions
10. News
11. Validation
12. Tables

Enter selection (RETURN, Q, L): L
334.99 tru
terminal time: 0:11:07
  }~-