!RUN (MAIL)RDIST;(EBUS)/MASTER:33/HOST:25,54,39/CHECK
Master host: 33
338 files on master system.
Slave hosts: 25,54,39
Checking host 25
(EBUS        :  25) ACCESS.MSG     2 03-May-88 13:59 -- protection ALL  RD  NO
                           should be 03-May-88 11:58 FIRXEX  ALL  RD  RD
(EBUS        :  25) EBUS2.CTL      2 02-May-88 18:20 -- missing on master
(EBUS        :  25) TBASE.PUB      2 21-Jun-85 16:22 -- bad checksum XAVHOH
                           should be 03-May-88 17:13 ROPXOT  ALL  RD  NO
(EBUS        :  25) BND.CTL        2 19-May-88 15:48 -- bad checksum ZIFCUL
                           should be 19-May-88 16:44 TEQTIG  ALL  RD  NO
(EBUS        :  25) EBUS02.000     2 10-Apr-86 12:43 -- missing on master
(EBUS        :  25) EBUS20.NIB     7 15-Apr-88 19:33 -- missing on master
(EBUS        :  25) GOODGY.NQA     2 26-Mar-86 08:52 -- bad checksum XESFAW
                           should be 10-Dec-87 13:02 KAKMAF  ALL  RD  NO
(EBUS        :  25) EBUS.CTL       2 12-May-88 13:17 -- bad checksum TOCPIC
                           should be 12-May-88 11:22 ZEKXOW  ALL  RD  NO
(EBUS        :  25) EBUS21.NIB     7 08-Oct-87 15:16 -- missing on master
(EBUS        :  25) EBUSXX.ASM    39 19-Oct-87 17:01 -- missing on master
(EBUS        :  25) EBUSXX.CTL     2 15-Apr-88 20:24 -- missing on master
(EBUS        :  25) EBUSXX.LIS   106 15-Apr-88 20:15 -- missing on master
(EBUS        :  25) EBUSXX.LOG     2 15-Apr-88 20:06 -- missing on master
(EBUS        :  25) EBUS.SCM      14 08-Oct-87 13:18 -- missing on master
(EBUS        :  25) 2EBUS.GN       2 18-May-88 19:48 -- protection ALL  RD  NO
                           should be 18-May-88 17:45 FEDMOM  ALL  RD  RD
(EBUS        :  25) 2EBUS.MOD      2 18-May-88 19:48 -- protection ALL  RD  NO
                           should be 18-May-88 17:43 NAHDUT  ALL  RD  RD
(EBUS        :  25) EBUS22.SCM     4 19-Apr-88 16:25 -- missing on master
(EBUS        :  25) CKBASE.CTL     2 17-Jun-88 00:43 -- bad checksum HOZXOK
                           should be 17-Jun-88 12:26 KODBER  ALL  RD  NO
(EBUS        :  25) CKBASE.LOG     3 17-Jun-88 00:43 -- bad checksum BOZCUL
                           should be 12-Jul-88 15:56 WADLIS  ALL  RD  NO
(EBUS        :  25) NW4200.D01     1 20-May-88 17:49 -- protection ALL  RD  NO
                           should be 04-Dec-85 02:39 VAVVAV  ALL  RD  RD
(EBUS        :  25) NW4200.DM1    46 20-May-88 17:49 -- protection ALL  RD  NO
                           should be 04-Dec-85 10:47 PIFQIW  ALL  RD  RD
(EBUS        :  25) NW4200.S01     2 20-May-88 17:49 -- protection ALL  RD  NO
                           should be 04-Dec-85 11:28 QERDUW  ALL  RD  RD
(EBUS        :  25) 007TEL.COM     2 17-Jun-88 00:53 -- missing on master
(EBUS        :  25) NW6716.LOG                       -- missing on slave
(EBUS        :  25) NW4200.OLD                       -- missing on slave
(EBUS        :  25) EBUSJS.BND                       -- missing on slave
(EBUS        :  25) EBUSJS.CTL                       -- missing on slave
(EBUS        :  25) EBUSJS.LST                       -- missing on slave
(EBUS        :  25) EBUSJS.LIS                       -- missing on slave
(EBUS        :  25) EBUSJS.SRE                       -- missing on slave
(EBUS        :  25) EBUSJS.LOG                       -- missing on slave
(EBUS        :  25) NW7165.LOG                       -- missing on slave
(EBUS        :  25) NW7165.S27                       -- missing on slave
(EBUS        :  25) TBAS.PDP                         -- missing on slave
(EBUS        :  25) NW7004.LOG                       -- missing on slave
(EBUS        :  25) NW6714.LOG                       -- missing on slave
(EBUS        :  25) NW7021.LOG                       -- missing on slave
(EBUS        :  25) NW6722.LOG                       -- missing on slave
(EBUS        :  25) EBUSPK.ASM                       -- missing on slave
(EBUS        :  25) EBUSPK.SRE                       -- missing on slave
(EBUS        :  25) TYM.TEC                          -- missing on slave
(EBUS        :  25) TYM.CTL                          -- missing on slave
(EBUS        :  25) EBUS.LOG                         -- missing on slave
(EBUS        :  25) EBUS.WHR                         -- missing on slave
(EBUS        :  25) EBUS.XLD                         -- missing on slave
(EBUS        :  25) EBUS.BND                         -- missing on slave
(EBUS        :  25) EBUS.XC                          -- missing on slave
(EBUS        :  25) EBUS02.JPK                       -- missing on slave
(EBUS        :  25) EBUS02.DIR                       -- missing on slave
(EBUS        :  25) RDIST.CTL                        -- missing on slave
(EBUS        :  25) NW6721.LOG                       -- missing on slave
(EBUS        :  25) RDIST.LOG                        -- missing on slave
(EBUS        :  25) EBUS02.002                       -- missing on slave
(EBUS        :  25) C01.TEC                          -- missing on slave
(EBUS        :  25) C01.CTL                          -- missing on slave
(EBUS        :  25) NW0350.LOG                       -- missing on slave
(EBUS        :  25) BADBAS.LOG                       -- missing on slave
(EBUS        :  25) CMD.CTL                          -- missing on slave
(EBUS        :  25) BND.LOG                          -- missing on slave
(EBUS        :  25) C00.TEC                          -- missing on slave
(EBUS        :  25) C00.CTL                          -- missing on slave
(EBUS        :  25) CMD.TEC                          -- missing on slave
(EBUS        :  25) XX2100.CTL                       -- missing on slave
(EBUS        :  25) XX2100.BND                       -- missing on slave
(EBUS        :  25) XX2100.OLD                       -- missing on slave
Checking host 54
(EBUS        :  54) ACCESS.MSG     2 03-May-88 14:00 -- protection ALL  RD  NO
                           should be 03-May-88 11:58 FIRXEX  ALL  RD  RD
(EBUS        :  54) EBUS2.CTL      2 02-May-88 18:20 -- missing on master
(EBUS        :  54) TBASE.PUB      2 21-Jun-85 16:22 -- bad checksum XAVHOH
                           should be 03-May-88 17:13 ROPXOT  ALL  RD  NO
(EBUS        :  54) BND.CTL        2 19-May-88 15:48 -- bad checksum ZIFCUL
                           should be 19-May-88 16:44 TEQTIG  ALL  RD  NO
(EBUS        :  54) NW6720.LOG     6 14-Jun-88 21:01 -- bad checksum WECRAL
                           should be 14-Jun-88 18:04 DOTHED  ALL  RD  NO
(EBUS        :  54) EBUS02.000     2 10-Apr-86 12:43 -- missing on master
(EBUS        :  54) EBUS20.NIB     7 15-Apr-88 19:33 -- missing on master
(EBUS        :  54) GOODGY.NQA     2 26-Mar-86 08:52 -- bad checksum XESFAW
                           should be 10-Dec-87 13:02 KAKMAF  ALL  RD  NO
(EBUS        :  54) EBUS.CTL       2 12-May-88 13:17 -- bad checksum TOCPIC
                           should be 12-May-88 11:22 ZEKXOW  ALL  RD  NO
(EBUS        :  54) EBUS.SCM      14 08-Oct-87 13:18 -- missing on master
(EBUS        :  54) EBUS21.NIB     7 08-Oct-87 15:16 -- missing on master
(EBUS        :  54) EBUSXX.ASM    39 19-Oct-87 17:01 -- missing on master
(EBUS        :  54) EBUSXX.CTL     2 15-Apr-88 20:24 -- missing on master
(EBUS        :  54) EBUSXX.LIS   106 15-Apr-88 20:15 -- missing on master
(EBUS        :  54) EBUSXX.LOG     2 15-Apr-88 20:06 -- missing on master
(EBUS        :  54) EBUS22.SCM     4 19-Apr-88 16:25 -- missing on master
(EBUS        :  54) 2EBUS.GN       2 18-May-88 19:48 -- protection ALL  RD  NO
                           should be 18-May-88 17:45 FEDMOM  ALL  RD  RD
(EBUS        :  54) 2EBUS.MOD      2 18-May-88 19:48 -- protection ALL  RD  NO
                           should be 18-May-88 17:43 NAHDUT  ALL  RD  RD
(EBUS        :  54) NW7165.S27     1 20-May-88 16:49 -- protection ALL  RD  NO
                           should be 16-Dec-85 11:02 VAVVAV  ALL  RD  RD
(EBUS        :  54) CKBASE.CTL     2 17-Jun-88 00:43 -- bad checksum HOZXOK
                           should be 17-Jun-88 12:26 KODBER  ALL  RD  NO
(EBUS        :  54) CKBASE.LOG     3 17-Jun-88 00:43 -- bad checksum BOZCUL
                           should be 12-Jul-88 15:56 WADLIS  ALL  RD  NO
(EBUS        :  54) NW4200.LOG                       -- missing on slave
(EBUS        :  54) NW4200.D01                       -- missing on slave
(EBUS        :  54) NW4200.DM1                       -- missing on slave
(EBUS        :  54) NW4200.OLD                       -- missing on slave
(EBUS        :  54) NW4200.S01                       -- missing on slave
(EBUS        :  54) EBUSJS.BND                       -- missing on slave
(EBUS        :  54) EBUSJS.CTL                       -- missing on slave
(EBUS        :  54) EBUSJS.LST                       -- missing on slave
(EBUS        :  54) EBUSJS.LIS                       -- missing on slave
(EBUS        :  54) EBUSJS.SRE                       -- missing on slave
(EBUS        :  54) EBUSJS.LOG                       -- missing on slave
(EBUS        :  54) TBAS.PDP                         -- missing on slave
(EBUS        :  54) NW4725.LOG                       -- missing on slave
(EBUS        :  54) NW2333.LOG                       -- missing on slave
(EBUS        :  54) NW4274.LOG                       -- missing on slave
(EBUS        :  54) NW3374.LOG                       -- missing on slave
(EBUS        :  54) NW3115.LOG                       -- missing on slave
(EBUS        :  54) NW2332.LOG                       -- missing on slave
(EBUS        :  54) EBUSPK.ASM                       -- missing on slave
(EBUS        :  54) EBUSPK.SRE                       -- missing on slave
(EBUS        :  54) TYM.TEC                          -- missing on slave
(EBUS        :  54) TYM.CTL                          -- missing on slave
(EBUS        :  54) EBUS.LOG                         -- missing on slave
(EBUS        :  54) EBUS.WHR                         -- missing on slave
(EBUS        :  54) NW2100.LOG                       -- missing on slave
(EBUS        :  54) EBUS.XLD                         -- missing on slave
(EBUS        :  54) EBUS.BND                         -- missing on slave
(EBUS        :  54) EBUS.XC                          -- missing on slave
(EBUS        :  54) EBUS02.DIR                       -- missing on slave
(EBUS        :  54) RDIST.CTL                        -- missing on slave
(EBUS        :  54) RDIST.LOG                        -- missing on slave
(EBUS        :  54) EBUS02.002                       -- missing on slave
(EBUS        :  54) C01.TEC                          -- missing on slave
(EBUS        :  54) C01.CTL                          -- missing on slave
(EBUS        :  54) BADBAS.LOG                       -- missing on slave
(EBUS        :  54) CMD.CTL                          -- missing on slave
(EBUS        :  54) NW4613.LOG                       -- missing on slave
(EBUS        :  54) BND.LOG                          -- missing on slave
(EBUS        :  54) C00.TEC                          -- missing on slave
(EBUS        :  54) C00.CTL                          -- missing on slave
(EBUS        :  54) CMD.TEC                          -- missing on slave
(EBUS        :  54) XX2100.CTL                       -- missing on slave
(EBUS        :  54) XX2100.BND                       -- missing on slave
(EBUS        :  54) XX2100.OLD                       -- missing on slave
Checking host 39
(EBUS        :  39) EBUS02.C01     2 14-Mar-86 13:25 -- bad checksum DOKCOR
                           should be 25-Aug-87 22:35 FABYEJ  ALL  RD  NO
(EBUS        :  39) EBUS02.CMD     2 10-Apr-86 11:28 -- bad checksum JUBLOH
                           should be 25-Aug-87 22:39 VALGAB  ALL  RD  NO
(EBUS        :  39) EBUS02.J01    41 02-Jul-86 09:59 -- bad checksum CEXZEW
                           should be 02-Jul-86 09:59 VESCIQ  ALL  RD  NO
(EBUS        :  39) EBUS02.T01     2 18-Jun-86 15:07 -- bad checksum NOFYED
                           should be 25-Aug-87 22:54 XEMQOL  ALL  RD  NO
(EBUS        :  39) EBUS02.BAK     3 14-Apr-86 16:47 -- missing on master
(EBUS        :  39) EBUS02.000     2 10-Apr-86 10:43 -- missing on master
(EBUS        :  39) EBUS02.002     2 19-Jul-88 14:55 -- bad checksum DIKGIH
                           should be 10-Apr-86 10:43 NUYZAW  ALL  RD  NO
(EBUS        :  39) EBUS02.X00     3 19-Jul-88 15:02 -- bad checksum NABXIZ
                           should be 14-Apr-86 16:47 QUJYUF  ALL  RD  RD
(EBUS        :  39) EBUS           2 10-Apr-86 11:27 -- missing on master
(EBUS        :  39) EBUS.CMD       2 10-Apr-86 11:27 -- bad checksum LAPGIL
                           should be 25-Aug-87 21:12 ZIDGEG  ALL  RD  NO
(EBUS        :  39) EBUS24.N02     7 18-Jun-86 15:08 -- bad checksum TIFBAF
                           should be 18-Jun-86 15:08 VEWMEW  ALL  RD  NO
(EBUS        :  39) EBUS1.SCM                        -- missing on slave
(EBUS        :  39) BK6415.TYM                       -- missing on slave
(EBUS        :  39) NW6716.BND                       -- missing on slave
(EBUS        :  39) NW4200.BND                       -- missing on slave
(EBUS        :  39) NW6716.TYM                       -- missing on slave
(EBUS        :  39) NW4200.TYM                       -- missing on slave
(EBUS        :  39) NW6716.C01                       -- missing on slave
(EBUS        :  39) NW4200.C01                       -- missing on slave
(EBUS        :  39) NW6716.LOG                       -- missing on slave
(EBUS        :  39) NW4200.LOG                       -- missing on slave
(EBUS        :  39) NW6716.C00                       -- missing on slave
(EBUS        :  39) NW4200.C00                       -- missing on slave
(EBUS        :  39) NW6716.CMD                       -- missing on slave
(EBUS        :  39) NW4200.CMD                       -- missing on slave
(EBUS        :  39) NW6716.T01                       -- missing on slave
(EBUS        :  39) NW4200.D01                       -- missing on slave
(EBUS        :  39) NW4200.DM1                       -- missing on slave
(EBUS        :  39) NW4200.OLD                       -- missing on slave
(EBUS        :  39) NW4200.S01                       -- missing on slave
(EBUS        :  39) NW4200.TIM                       -- missing on slave
(EBUS        :  39) NW4200.T01                       -- missing on slave
(EBUS        :  39) EBDIAG.N02                       -- missing on slave
(EBUS        :  39) EBDIAG.INF                       -- missing on slave
(EBUS        :  39) EBDIAG.OLD                       -- missing on slave
(EBUS        :  39) EBDIAG.SIL                       -- missing on slave
(EBUS        :  39) EBDIAG.V01                       -- missing on slave
(EBUS        :  39) EBUS1.MAP                        -- missing on slave
(EBUS        :  39) EBUS1.LNK                        -- missing on slave
(EBUS        :  39) BASES.TXT                        -- missing on slave
(EBUS        :  39) EBDIAG.00J                       -- missing on slave
(EBUS        :  39) EBDIAG.DIA                       -- missing on slave
(EBUS        :  39) EBDIAG.AID                       -- missing on slave
(EBUS        :  39) EBDIAG.BND                       -- missing on slave
(EBUS        :  39) EBDIAG.NXT                       -- missing on slave
(EBUS        :  39) EBDIAG.J00                       -- missing on slave
(EBUS        :  39) EBDIAG.SRE                       -- missing on slave
(EBUS        :  39) EBDIAG.LIS                       -- missing on slave
(EBUS        :  39) EBUS0.SCM                        -- missing on slave
(EBUS        :  39) CKBASE.CTL                       -- missing on slave
(EBUS        :  39) CKBASE.LOG                       -- missing on slave
(EBUS        :  39) BK6720.TYM                       -- missing on slave
(EBUS        :  39) EBUSJS.BND                       -- missing on slave
(EBUS        :  39) EBUSJS.CTL                       -- missing on slave
(EBUS        :  39) EBUSJS.LST                       -- missing on slave
(EBUS        :  39) EBUSJS.LIS                       -- missing on slave
(EBUS        :  39) EBUSJS.SRE                       -- missing on slave
(EBUS        :  39) EBUSJS.LOG                       -- missing on slave
(EBUS        :  39) NW7165.BND                       -- missing on slave
(EBUS        :  39) NW7165.TYM                       -- missing on slave
(EBUS        :  39) NW7165.C01                       -- missing on slave
(EBUS        :  39) NW7165.LOG                       -- missing on slave
(EBUS        :  39) NW7165.C00                       -- missing on slave
(EBUS        :  39) NW7165.CMD                       -- missing on slave
(EBUS        :  39) NW7165.S27                       -- missing on slave
(EBUS        :  39) NW7165.T01                       -- missing on slave
(EBUS        :  39) TBAS.PDP                         -- missing on slave
(EBUS        :  39) V2EBUS.DOC                       -- missing on slave
(EBUS        :  39) V2EBUS.MEM                       -- missing on slave
(EBUS        :  39) BN2674.TYM                       -- missing on slave
(EBUS        :  39) BN2674.C00                       -- missing on slave
(EBUS        :  39) BN2674.C01                       -- missing on slave
(EBUS        :  39) BN2674.CMD                       -- missing on slave
(EBUS        :  39) NW7004.BND                       -- missing on slave
(EBUS        :  39) NW6714.BND                       -- missing on slave
(EBUS        :  39) NW4725.BND                       -- missing on slave
(EBUS        :  39) NW2333.BND                       -- missing on slave
(EBUS        :  39) NW7004.TYM                       -- missing on slave
(EBUS        :  39) NW6714.TYM                       -- missing on slave
(EBUS        :  39) NW4725.TYM                       -- missing on slave
(EBUS        :  39) NW2333.TYM                       -- missing on slave
(EBUS        :  39) NW7004.C01                       -- missing on slave
(EBUS        :  39) NW6714.C01                       -- missinglave
(EBUS        :  39) NW4725.C01                       -- missing on slave
(EBUS        :  39) NW2333.C01                       -- missing on slave
(EBUS        :  39) NW7004.LOG                       -- missing on slave
(EBUS        :  39) NW6714.LOG                       -- missing on slave
(EBUS        :  39) NW4725.LOG                       -- missing on slave
(EBUS        :  39) NW2333.LOG                       -- missing on slave
(EBUS        :  39) NW7004.C00                       -- missing on slave
(EBUS        :  39) NW6714.C00                       -- missing on slave
(EBUS        :  39) NW4725.C00                       -- missing on slave
(EBUS        :  39) NW2333.C00                       -- missing on slave
(EBUS        :  39) NW7004.CMD                       -- missing on slave
(EBUS        :  39) NW6714.CMD                       -- missing on slave
(EBUS        :  39) NW4725.CMD                       -- missing on slave
(EBUS        :  39) NW2333.CMD                       -- missing on slave
(EBUS        :  39) 2EBUS.GN                         -- missing on slave
(EBUS        :  39) 2EBUS.MOD                        -- missing on slave
(EBUS        :  39) 2EBUS.C01                        -- missing on slave
(EBUS        :  39) 2EBUS.TYM                        -- missing on slave
(EBUS        :  39) 2EBUS.DOC                        -- missing on slave
(EBUS        :  39) 2EBUS.T01                        -- missing on slave
(EBUS        :  39) 2EBUS.CMD                        -- missing on slave
(EBUS        :  39) 2EBUS.C00                        -- missing on slave
(EBUS        :  39) NW6714.T01                       -- missing on slave
(EBUS        :  39) NW7004.T01                       -- missing on slave
(EBUS        :  39) NW4725.T01                       -- missing on slave
(EBUS        :  39) NW2333.T01                       -- missing on slave
(EBUS        :  39) LEMCOM.DOC                       -- missing on slave
(EBUS        :  39) ISXRAY.GGY                       -- missing on slave
(EBUS        :  39) NW5577.BND                       -- missing on slave
(EBUS        :  39) NW5577.TYM                       -- missing on slave
(EBUS        :  39) NW7021.LOG                       -- missing on slave
(EBUS        :  39) NW6722.LOG                       -- missing on slave
(EBUS        :  39) NW5577.LOG                       -- missing on slave
(EBUS        :  39) NW4274.LOG                       -- missing on slave
(EBUS        :  39) NW3374.LOG                       -- missing on slave
(EBUS        :  39) NW3115.LOG                       -- missing on slave
(EBUS        :  39) NW2332.LOG                       -- missing on slave
(EBUS        :  39) NW7021.T01                       -- missing on slave
(EBUS        :  39) EBUSPK.ASM                       -- missing on slave
(EBUS        :  39) EBUSPK.SRE                       -- missing on slave
(EBUS        :  39) DELNIB.CTL                       -- missing on slave
(EBUS        :  39) NW2107.BND                       -- missing on slave
(EBUS        :  39) NW2107.LOG                       -- missing on slave
(EBUS        :  39) NW2107.TYM                       -- missing on slave
(EBUS        :  39) NW7021.BND                       -- missing on slave
(EBUS        :  39) NW6722.BND                       -- missing on slave
(EBUS        :  39) NW4274.BND                       -- missing on slave
(EBUS        :  39) NW3374.BND                       -- missing on slave
(EBUS        :  39) NW3115.BND                       -- missing on slave
(EBUS        :  39) NW2332.BND                       -- missing on slave
(EBUS        :  39) NW2100.BND                       -- missing on slave
(EBUS        :  39) NW6722.TYM                       -- missing on slave
(EBUS        :  39) NW7021.TYM                       -- missing on slave
(EBUS        :  39) NW4274.TYM                       -- missing on slave
(EBUS        :  39) NW3374.TYM                       -- missing on slave
(EBUS        :  39) NW3115.TYM                       -- missing on slave
(EBUS        :  39) NW2332.TYM                       -- missing on slave
(EBUS        :  39) NW2100.TYM                       -- missing on slave
(EBUS        :  39) TYM.TEC                          -- missing on slave
(EBUS        :  39) TYM.CTL                          -- missing on slave
(EBUS        :  39) NW7021.C01                       -- missing on slave
(EBUS        :  39) NW6722.C01                       -- missing on slave
(EBUS        :  39) NW5577.C01                       -- missing on slave
(EBUS        :  39) NW4274.C01                       -- missing on slave
(EBUS        :  39) NW3374.C01                       -- missing on slave
(EBUS        :  39) NW3115.C01                       -- missing on slave
(EBUS        :  39) NW2332.C01                       -- missing on slave
(EBUS        :  39) NW2107.C01                       -- missing on slave
(EBUS        :  39) NW2100.C01                       -- missing on slave
(EBUS        :  39) NW7021.C00                       -- missing on slave
(EBUS        :  39) NW6722.C00                       -- missing on slave
(EBUS        :  39) NW5577.C00                       -- missing on slave
(EBUS        :  39) NW4274.C00                       -- missing on slave
(EBUS        :  39) NW3374.C00                       -- missing on slave
(EBUS        :  39) NW3115.C00                       -- missing on slave
(EBUS        :  39) NW2332.C00                       -- missing on slave
(EBUS        :  39) NW2107.C00                       -- missing on slave
(EBUS        :  39) NW2100.C00                       -- missing on slave
(EBUS        :  39) NW7021.CMD                       -- missing on slave
(EBUS        :  39) NW6722.CMD                       -- missing on slave
(EBUS        :  39) NW5577.CMD                       -- missing on slave
(EBUS        :  39) NW4274.CMD                       -- missing on slave
(EBUS        :  39) NW3374.CMD                       -- missing on slave
(EBUS        :  39) NW3115.CMD                       -- missing on slave
(EBUS        :  39) NW2332.CMD                       -- missing on slave
(EBUS        :  39) NW2107.CMD                       -- missing on slave
(EBUS        :  39) NW2100.CMD                       -- missing on slave
(EBUS        :  39) NW6722.T01                       -- missing on slave
(EBUS        :  39) NW5577.T01                       -- missing on slave
(EBUS        :  39) NW3374.T01                       -- missing on slave
(EBUS        :  39) NW2332.T01                       -- missing on slave
(EBUS        :  39) NW4274.T01                       -- missing on slave
(EBUS        :  39) NW3115.T01                       -- missing on slave
(EBUS        :  39) NW2107.T01                       -- missing on slave
(EBUS        :  39) EBUS.LOG                         -- missing on slave
(EBUS        :  39) EBUS.WHR                         -- missing on slave
(EBUS        :  39) EBUS.OUT                         -- missing on slave
(EBUS        :  39) EBUS21.CTL                       -- missing on slave
(EBUS        :  39) NW2100.T01                       -- missing on slave
(EBUS        :  39) NW2100.LOG                       -- missing on slave
(EBUS        :  39) EBUS.MAI                         -- missing on slave
(EBUS        :  39) EBUS21.LOG                       -- missing on slave
(EBUS        :  39) MERCOM                           -- missing on slave
(EBUS        :  39) EBUS.DO                          -- missing on slave
(EBUS        :  39) EBUS.DOC                         -- missing on slave
(EBUS        :  39) EBUS.FIL                         -- missing on slave
(EBUS        :  39) EBUS21.SRE                       -- missing on slave
(EBUS        :  39) EBUS21.LIS                       -- missing on slave
(EBUS        :  39) EBUS21.LST                       -- missing on slave
(EBUS        :  39) EBUS21.BND                       -- missing on slave
(EBUS        :  39) EBUS02.JMS                       -- missing on slave
(EBUS        :  39) EBUS02.JPK                       -- missing on slave
(EBUS        :  39) EBUS02.DIR                       -- missing on slave
(EBUS        :  39) RDIST.CTL                        -- missing on slave
(EBUS        :  39) NW6415.BND                       -- missing on slave
(EBUS        :  39) NW6415.TYM                       -- missing on slave
(EBUS        :  39) NW6721.BND                       -- missing on slave
(EBUS        :  39) NW6721.TYM                       -- missing on slave
(EBUS        :  39) NW6721.C01                       -- missing on slave
(EBUS        :  39) NW6415.C01                       -- missing on slave
(EBUS        :  39) NW6721.LOG                       -- missing on slave
(EBUS        :  39) NW6415.LOG                       -- missing on slave
(EBUS        :  39) NW6721.C00                       -- missing on slave
(EBUS        :  39) NW6415.C00                       -- missing on slave
(EBUS        :  39) NW6721.CMD                       -- missing on slave
(EBUS        :  39) NW6415.CMD                       -- missing on slave
(EBUS        :  39) NW6721.T01                       -- missing on slave
(EBUS        :  39) NW6415.T01                       -- missing on slave
(EBUS        :  39) RDIST.LOG                        -- missing on slave
(EBUS        :  39) EBUS20.BND                       -- missing on slave
(EBUS        :  39) EBUS20.CTL                       -- missing on slave
(EBUS        :  39) EBUS02.LST                       -- missing on slave
(EBUS        :  39) LOACOM.CMD                       -- missing on slave
(EBUS        :  39) GOODGY.NQA                       -- missing on slave
(EBUS        :  39) EBUS20.SRE                       -- missing on slave
(EBUS        :  39) EBUS20.LIS                       -- missing on slave
(EBUS        :  39) EBUS20.LST                       -- missing on slave
(EBUS        :  39) EBUS20.LOG                       -- missing on slave
(EBUS        :  39) NW6720.BND                       -- missing on slave
(EBUS        :  39) NW6720.TYM                       -- missing on slave
(EBUS        :  39) NW0350.BND                       -- missing on slave
(EBUS        :  39) NW0350.TYM                       -- missing on slave
(EBUS        :  39) NW0350.C01                       -- missing on slave
(EBUS        :  39) NW6720.C01                       -- missing on slave
(EBUS        :  39) C01.TEC                          -- missing on slave
(EBUS        :  39) C01.CTL                          -- missing on slave
(EBUS        :  39) NW0350.CMD                       -- missing on slave
(EBUS        :  39) NW0350.C00                       -- missing on slave
(EBUS        :  39) NW0350.LOG                       -- missing on slave
(EBUS        :  39) NW6720.LOG                       -- missing on slave
(EBUS        :  39) NW6720.C00                       -- missing on slave
(EBUS        :  39) NW6720.CMD                       -- missing on slave
(EBUS        :  39) NW0350.T01                       -- missing on slave
(EBUS        :  39) NW6720.T01                       -- missing on slave
(EBUS        :  39) BK2333.BND                       -- missing on slave
(EBUS        :  39) EBUS01.LOG                       -- missing on slave
(EBUS        :  39) BADBAS.LOG                       -- missing on slave
(EBUS        :  39) NW4613.BND                       -- missing on slave
(EBUS        :  39) NW4613.C00                       -- missing on slave
(EBUS        :  39) BND.CTL                          -- missing on slave
(EBUS        :  39) NW4613.TYM                       -- missing on slave
(EBUS        :  39) CMD.CTL                          -- missing on slave
(EBUS        :  39) NW4613.CMD                       -- missing on slave
(EBUS        :  39) NW4613.C01                       -- missing on slave
(EBUS        :  39) NW4613.LOG                       -- missing on slave
(EBUS        :  39) BND.LOG                          -- missing on slave
(EBUS        :  39) C00.TEC                          -- missing on slave
(EBUS        :  39) C00.CTL                          -- missing on slave
(EBUS        :  39) CMD.TEC                          -- missing on slave
(EBUS        :  39) NW4613.T01                       -- missing on slave
(EBUS        :  39) XX2100.CTL                       -- missing on slave
(EBUS        :  39) XX2100.BND                       -- missing on slave
(EBUS        :  39) TBASE.PDP                        -- missing on slave
(EBUS        :  39) TBASE.PUB                        -- missing on slave
(EBUS        :  39) ACCESS.MSG                       -- missing on slave
(EBUS        :  39) XX2100.OLD                       -- missing on slave
(EBUS        :  39) TBASE                            -- missing on slave
(EBUS        :  39) TBASE.TC                         -- missing on slave
(EBUS        :  39) TBASE.TID                        -- missing on slave
(EBUS        :  39) TBASE.MSG                        -- missing on slave
(EBUS        :  39) TBASE.370                        -- missing on slave
(EBUS        :  39) TBASE.TTL                        -- missing on slave
(EBUS        :  39) TBASE.BHM                        -- missing on slave
(EBUS        :  39) TBASE.HBM                        -- missing on slave
(EBUS        :  39) TBASE.DOC                        -- missing on slave
(EBUS        :  39) BB2674.S01                       -- missing on slave
(EBUS        :  39) BB2674.C01                       -- missing on slave
(EBUS        :  39) BB2674.CKS                       -- missing on slave
(EBUS        :  39) BB2674.T01                       -- missing on slave
(EBUS        :  39) BB2674.MER                       -- missing on slave
(EBUS        :  39) BB2674.C00                       -- missing on slave
(EBUS        :  39) BB2674.CMD                       -- missing on slave
(EBUS        :  39) BB2674.LM1                       -- missing on slave
(EBUS        :  39) BB2674.LM2                       -- missing on slave
(EBUS        :  39) BB2674.COG                       -- missing on slave
(EBUS        :  39) BB2674.LOG                       -- missing on slave
(EBUS        :  39) BB2674.BND                       -- missing on slave
(EBUS        :  39) BB2674.TYM                       -- missing on slave

End of SAIL execution
!SEND JMS
Type letter:
; PCOM v1.63 - processed: (JMS)RDIST.LOG = (JMS)RDIST.CTL
; Options: DETACH  LOG NOAPPEND SUPERSEDE LICENSE 
; Limits: TIME:60 TRULIMIT:0 
; Status: completed.
; Output recorded in file (JMS)RDIST.LOG.

End of SAIL execution
!LOGOUT
856.53 tru
terminal time: 0:14:16
@+€