.DAYTIME
29-OCT-1987 02:00:09 PST

.RUN (CARL)DIRECT
*[*,*]/SUMMARY/EXIT
  Total of 328 pages in 53 files on DSKB: [3,700202]
  Total of 2851 pages in 116 files on DSKB: [3,700004]
  Total of 2 pages in 1 file on DSKB: [3,700220]
  Total of 836 pages in 120 files on DSKB: [1,75305]
  Total of 1235 pages in 80 files on DSKB: [3,163564]
  Total of 30 pages in 3 files on DSKB: [11334,354155]
  Total of 2374 pages in 138 files on DSKB: [3,156346]
  Total of 717 pages in 111 files on DSKB: [1,77445]
  Total of 16 pages in 4 files on DSKB: [3,777704]
  Total of 18 pages in 9 files on DSKB: [3,777004]
  Total of 54 pages in 13 files on DSKB: [2,5]
  Total of 2069 pages in 109 files on DSKB: [3,704007]
  Total of 824 pages in 63 files on DSKB: [3,700121]
  Total of 227 pages in 35 files on DSKB: [3,704000]
  Total of 7109 pages in 321 files on DSKB: [3,145107]
  Total of 1189 pages in 40 files on DSKB: [3,234002]
  Total of 740 pages in 158 files on DSKB: [3,252045]
  Total of 407 pages in 46 files on DSKB: [1,154217]
  Total of 170 pages in 29 files on DSKB: [1,133677]
  Total of 181 pages in 15 files on DSKB: [1,42313]
  Total of 766 pages in 47 files on DSKB: [21477,175251]
  Total of 34 pages in 10 files on DSKB: [11447,125460]
  Total of 3 pages in 1 file on DSKB: [1,320663]
  Total of 2550 pages in 241 files on DSKB: [3,214400]
  Total of 824 pages in 283 files on DSKB: [11020,136151]
  Total of 596 pages in 20 files on DSKB: [3,160031]
  Total of 2 pages in 1 file on DSKB: [1,25105]
  Total of 148 pages in 22 files on DSKB: [21477,263665]
  Total of 10 pages in 5 files on DSKB: [4,134612]
  Total of 434 pages in 52 files on DSKB: [3,746701]
  Total of 355 pages in 37 files on DSKB: [3,700400]
  Total of 78 pages in 12 files on DSKB: [3,700301]
  Total of 147 pages in 25 files on DSKB: [3,700040]
  Total of 286 pages in 30 files on DSKB: [11447,236070]
  Total of 4 pages in 1 file on DSKB: [22013,231331]
  Total of 20 pages in 9 files on DSKB: [3,377771]
  Total of 12 pages in 6 files on DSKB: [3,700477]
  Total of 2 pages in 1 file on DSKB: [11020,445774]
  Total of 5251 pages in 187 files on DSKB: [3,700310]
  Total of 22 pages in 7 files on DSKB: [7676,354704]
  Total of 204 pages in 9 files on DSKB: [21477,550560]
  Total of 200 pages in 7 files on DSKB: [1,44355]
  Total of 1715 pages in 33 files on DSKB: [11447,133410]
  Total of 5213 pages in 314 files on DSKB: [11,562]
  Total of 1763 pages in 348 files on DSKB: [3,167354]
  Total of 683 pages in 26 files on DSKB: [11447,216613]
  Total of 148 pages in 12 files on DSKB: [3,212142]
  Total of 85 pages in 5 files on DSKB: [1,77340]
  Total of 185 pages in 12 files on DSKB: [26132,240027]
  Total of 112 pages in 8 files on DSKB: [1,260123]
  Total of 34 pages in 5 files on DSKB: [11447,260004]
  Total of 2 pages in 1 file on DSKB: [11447,254654]
  Total of 1736 pages in 99 files on DSKB: [1,315372]
  Total of 381 pages in 37 files on DSKB: [1,142734]
  Total of 20 pages in 4 files on DSKB: [25400,234270]
  Total of 1336 pages in 75 files on DSKB: [3,50527]
  Total of 755 pages in 77 files on DSKB: [11334,50023]
  Total of 2 pages in 1 file on DSKB: [11447,225012]
  Total of 32 pages in 1 file on DSKB: [11447,74305]
  Total of 88 pages in 13 files on DSKB: [3,377772]
  Total of 1726 pages in 115 files on DSKB: [3,112233]
  Total of 2 pages in 1 file on DSKB: [43511,304627]
  Total of 396 pages in 23 files on DSKB: [3,700302]
  Total of 68 pages in 5 files on DSKB: [1,101723]
  Total of 815 pages in 65 files on DSKB: [3,377763]
  Total of 13 pages in 5 files on DSKB: [3,377754]
  Total of 2 pages in 1 file on DSKB: [3,777005]
  Total of 1858 pages in 45 files on DSKB: [6,270]
  Total of 626 pages in 28 files on DSKB: [3,700050]
  Total of 1139 pages in 179 files on DSKB: [3,700140]
  Total of 709 pages in 111 files on DSKB: [3,300745]
  Total of 162 pages in 22 files on DSKB: [3,704001]
  Total of 75 pages in 5 files on DSKB: [3,704010]
  Total of 7 pages in 4 files on DSKB: [3,10765]
  Total of 2 pages in 1 file on DSKB: [3,31116]
  Total of 14 pages in 1 file on DSKB: [11447,142660]
  Total of 488 pages in 23 files on DSKB: [11447,225424]
  Total of 46 pages in 8 files on DSKB: [3,633]
  Total of 35 pages in 10 files on DSKB: [11447,157776]
  Total of 78 pages in 14 files on DSKB: [3,700401]
  Total of 37 pages in 4 files on DSKB: [3,274033]
  Total of 10 pages in 2 files on DSKB: [42133,136373]
  Total of 2823 pages in 48 files on DSKB: [1,777777]
  Total of 1709 pages in 105 files on DSKB: [3,704100]
  Total of 2339 pages in 287 files on DSKB: [1,1]
  Total of 385 pages in 35 files on DSKB: [11447,142661]
  Total of 31 pages in 4 files on DSKB: [1,611]
  Total of 58 pages in 2 files on DSKB: [3,211135]
  Total of 450 pages in 51 files on DSKB: [3,212143]
  Total of 2 pages in 1 file on DSKB: [3,222635]
  Total of 1624 pages in 295 files on DSKB: [3,225443]
  Total of 675 pages in 49 files on DSKB: [11447,121324]
  Total of 166 pages in 11 files on DSKB: [1,221541]
  Total of 2694 pages in 29 files on DSKB: [11447,216605]
  Total of 38 pages in 4 files on DSKB: [1,173236]
  Total of 7358 pages in 594 files on DSKB: [11334,57510]
  Total of 96 pages in 11 files on DSKB: [16436,117735]
  Total of 73 pages in 9 files on DSKB: [3,136773]
  Total of 34 pages in 11 files on DSKB: [3,700240]
  Total of 81 pages in 16 files on DSKB: [1,22155]
  Total of 14 pages in 7 files on DSKB: [3,377755]
  Total of 801 pages in 48 files on DSKB: [3,704002]
  Total of 273 pages in 11 files on DSKB: [3,700303]
  Total of 2 pages in 1 file on DSKB: [3,777776]
  Total of 4 pages in 2 files on DSKB: [3,777006]
  Total of 172 pages in 37 files on DSKB: [50527,402041]
  Total of 154 pages in 29 files on DSKB: [3,704011]
  Total of 168 pages in 33 files on DSKB: [3,700402]
  Total of 272 pages in 20 files on DSKB: [3,6]
  Total of 475 pages in 39 files on DSKB: [3,705001]
  Total of 1184 pages in 84 files on DSKB: [11346,124422]
  Total of 461 pages in 7 files on DSKB: [3,700600]
  Total of 706 pages in 7 files on DSKB: [11346,217757]
  Total of 74 pages in 27 files on DSKB: [3,700141]
  Total of 727 pages in 82 files on DSKB: [1,36]
  Total of 479 pages in 8 files on DSKB: [4,125552]
  Total of 95 pages in 43 files on DSKB: [1,2]
  Total of 257 pages in 59 files on DSKB: [3,212144]
  Total of 1884 pages in 72 files on DSKB: [3,234372]
  Total of 2108 pages in 117 files on DSKB: [3,242733]
  Total of 544 pages in 45 files on DSKB: [11447,256260]
  Total of 261 pages in 22 files on DSKB: [1,305267]
  Total of 2192 pages in 254 files on DSKB: [3,324525]
  Total of 10 pages in 5 files on DSKB: [11447,216516]
  Total of 592 pages in 71 files on DSKB: [26007,244321]
  Total of 14538 pages in 799 files on DSKB: [3,352477]
  Total of 28 pages in 1 file on DSKB: [3,367714]
  Total of 240 pages in 68 files on DSKB: [3,6366]
  Total of 180 pages in 39 files on DSKB: [14717,216522]
  Total of 54 pages in 10 files on DSKB: [3,377765]
  Total of 281 pages in 41 files on DSKB: [35676,376630]
  Total of 293 pages in 53 files on DSKB: [3,700241]
  Total of 768 pages in 66 files on DSKB: [3,251616]
  Total of 31 pages in 8 files on DSKB: [3,777700]
  Total of 286 pages in 20 files on DSKB: [14717,30107]
  Total of 96 pages in 31 files on DSKB: [3,700070]
  Total of 1231 pages in 58 files on DSKB: [3,704003]
  Total of 7094 pages in 438 files on DSKB: [3,330611]
  Total of 18 pages in 7 files on DSKB: [3,777777]
  Total of 2 pages in 1 file on DSKB: [1,235767]
  Total of 66 pages in 11 files on DSKB: [50527,402042]
  Total of 2 pages in 1 file on DSKB: [11,10]
  Total of 632 pages in 4 files on DSKB: [3,700124]
  Total of 4 pages in 2 files on DSKB: [3,704012]
  Total of 1794 pages in 151 files on DSKB: [3,416154]
  Total of 369 pages in 89 files on DSKB: [11447,113414]
  Total of 239 pages in 17 files on DSKB: [11334,241624]
  Total of 2 pages in 1 file on DSKB: [3,346701]
  Total of 43 pages in 12 files on DSKB: [1,214216]
  Total of 222 pages in 20 files on DSKB: [26132,240031]
  Total of 109 pages in 24 files on DSKB: [3,700000]
  Total of 534 pages in 88 files on DSKB: [3,700403]
  Total of 276 pages in 20 files on DSKB: [3,700340]
  Total of 25 pages in 9 files on DSKB: [3,700142]
  Total of 74 pages in 14 files on DSKB: [3,343301]
  Total of 7 pages in 4 files on DSKB: [3,377477]
  Total of 230 pages in 8 files on DSKB: [4,35174]
  Total of 19 pages in 1 file on DSKB: [11334,667]
  Total of 30 pages in 10 files on DSKB: [1,21]
  Total of 223 pages in 19 files on DSKB: [1,3]
  Total of 1608 pages in 253 files on DSKB: [3,123054]
  Total of 551 pages in 24 files on DSKB: [1,150344]
  Total of 13 pages in 2 files on DSKB: [7,136224]
  Total of 2015 pages in 214 files on DSKB: [3,140674]
  Total of 1892 pages in 93 files on DSKB: [6,237]
  Total of 1497 pages in 306 files on DSKB: [3,212145]
  Total of 27018 pages in 1658 files on DSKB: [3,42754]
  Total of 11 pages in 1 file on DSKB: [1,257377]
  Total of 193 pages in 9 files on DSKB: [11447,260007]
  Total of 39 pages in 5 files on DSKB: [11334,316647]
  Total of 596 pages in 31 files on DSKB: [3,326740]
  Total of 366 pages in 13 files on DSKB: [3,100]
  Total of 6071 pages in 1198 files on DSKB: [11334,50017]
  Total of 2 pages in 1 file on DSKB: [11334,54407]
  Total of 2844 pages in 70 files on DSKB: [3,377766]
  Total of 1446 pages in 70 files on DSKB: [3,700100]
  Total of 227 pages in 31 files on DSKB: [3,700001]
  Total of 137 pages in 25 files on DSKB: [3,700242]
  Total of 44 pages in 12 files on DSKB: [3,377757]
  Total of 3 pages in 1 file on DSKB: [3,777001]
  Total of 20 pages in 7 files on DSKB: [3,777701]
  Total of 683 pages in 86 files on DSKB: [3,700071]
  Total of 701 pages in 20 files on DSKB: [3,167357]
  Total of 2 pages in 1 file on DSKB: [3,163651]
  Total of 4 pages in 2 files on DSKB: [3,700701]
  Total of 102 pages in 14 files on DSKB: [11334,431676]
  Total of 10 pages in 5 files on DSKB: [11447,113415]
  Total of 18 pages in 8 files on DSKB: [47505,251217]
  Total of 1451 pages in 76 files on DSKB: [3,704103]
  Total of 1294 pages in 83 files on DSKB: [3,776655]
  Total of 111 pages in 22 files on DSKB: [3,123450]
  Total of 394 pages in 44 files on DSKB: [3,700404]
  Total of 538 pages in 109 files on DSKB: [3,700143]
  Total of 9 pages in 1 file on DSKB: [11447,220740]
  Total of 38 pages in 5 files on DSKB: [11447,143725]
  Total of 95 pages in 3 files on DSKB: [1,355614]
  Total of 2 pages in 1 file on DSKB: [3,346702]
  Total of 24722 pages in 1027 files on DSKB: [1,4]
  Total of 56 pages in 15 files on DSKB: [3,117]
  Total of 860 pages in 93 files on DSKB: [3,152602]
  Total of 203 pages in 34 files on DSKB: [11447,143726]
  Total of 319 pages in 50 files on DSKB: [3,212137]
  Total of 2 pages in 1 file on DSKB: [3,230623]
  Total of 30 pages in 7 files on DSKB: [3,235436]
  Total of 9 pages in 4 files on DSKB: [3,253600]
  Total of 885 pages in 61 files on DSKB: [11447,254651]
  Total of 2503 pages in 227 files on DSKB: [3,377411]
  Total of 25 pages in 8 files on DSKB: [3,377767]
  Total of 28 pages in 14 files on DSKB: [3,700101]
  Total of 416 pages in 60 files on DSKB: [3,700243]
  Total of 338 pages in 25 files on DSKB: [3,771001]
  Total of 17 pages in 3 files on DSKB: [3,377760]
  Total of 12 pages in 6 files on DSKB: [3,777702]
  Total of 504 pages in 26 files on DSKB: [3,777002]
  Total of 3003 pages in 126 files on DSKB: [3,704005]
  Total of 12618 pages in 805 files on DSKB: [3,431116]
  Total of 78 pages in 28 files on DSKB: [3,700702]
  Total of 35 pages in 2 files on DSKB: [11447,113407]
  Total of 2060 pages in 307 files on DSKB: [3,410765]
  Total of 64 pages in 10 files on DSKB: [3,700200]
  Total of 2879 pages in 75 files on DSKB: [3,700072]
  Total of 143 pages in 32 files on DSKB: [3,700144]
  Total of 572 pages in 49 files on DSKB: [3,700020]
  Total of 2 pages in 1 file on DSKB: [5,132546]
  Total of 4 pages in 1 file on DSKB: [3,16622]
  Total of 152 pages in 34 files on DSKB: [6,214]
  Total of 11 pages in 2 files on DSKB: [7,146117]
  Total of 1968 pages in 155 files on DSKB: [3,212140]
  Total of 7472 pages in 760 files on DSKB: [3,213211]
  Total of 96 pages in 12 files on DSKB: [3,213567]
  Total of 8 pages in 4 files on DSKB: [3,231227]
  Total of 1174 pages in 142 files on DSKB: [3,234620]
  Total of 149 pages in 26 files on DSKB: [1,215254]
  Total of 1186 pages in 214 files on DSKB: [3,275244]
  Total of 386 pages in 56 files on DSKB: [3,232154]
  Total of 1401 pages in 70 files on DSKB: [11,357210]
  Total of 2 pages in 1 file on DSKB: [3,230624]
  Total of 1128 pages in 138 files on DSKB: [3,377412]
  Total of 1339 pages in 99 files on DSKB: [3,35556]
  Total of 550 pages in 39 files on DSKB: [3,270100]
  Total of 18 pages in 1 file on DSKB: [1,364312]
  Total of 3413 pages in 485 files on DSKB: [11334,50021]
  Total of 183 pages in 15 files on DSKB: [16436,152445]
  Total of 294 pages in 45 files on DSKB: [3,377777]
  Total of 131 pages in 22 files on DSKB: [3,377770]
  Total of 136 pages in 31 files on DSKB: [3,700300]
  Total of 342 pages in 66 files on DSKB: [3,700201]
  Total of 453 pages in 19 files on DSKB: [3,700210]
  Total of 100 pages in 11 files on DSKB: [3,377761]
  Total of 70 pages in 9 files on DSKB: [3,771002]
  Total of 966 pages in 61 files on DSKB: [3,346551]
  Total of 375 pages in 21 files on DSKB: [14717,34160]
  Total of 4 pages in 2 files on DSKB: [3,777703]
  Total of 361 pages in 22 files on DSKB: [3,777003]
  Total of 301 pages in 4 files on DSKB: [11011,264245]
  Total of 164 pages in 27 files on DSKB: [3,700244]
  Total of 347 pages in 15 files on DSKB: [14717,357427]
  Total of 572 pages in 47 files on DSKB: [3,700120]
  Total of 107 pages in 24 files on DSKB: [11334,473100]
  Total of 395 pages in 56 files on DSKB: [3,250244]
  Total of 57 pages in 17 files on DSKB: [1,25104]
  Total of 25 pages in 1 file on DSKB: [11334,230737]
  Total of 325 pages in 37 files on DSKB: [3,704006]
  Total of 18 pages in 9 files on DSKB: [3,147525]
  Total of 191 pages in 26 files on DSKB: [7,6]
  Total of 2 pages in 1 file on DSKB: [14717,27766]
  Total of 29 pages in 2 files on DSKB: [16316,252100]
  Total of 585 pages in 74 files on DSKB: [3,16154]
  Total of 1416 pages in 49 files on DSKB: [3,700703]
  Grand total of 253342 pages in 19609 files

EXIT

.DAYTIME
29-OCT-1987 02:12:32 PST

.LOGOUT
1897.68 tru
terminal time: 0:12:29

; Req #12550 completed
 