.INITIA
[Frame: 104 User: JMS on TTY144 (3170-0) program PCOM ^C]
[Frame: 92 User: JMS on DETTTY program PCOM SL]
[Frame: 67 User: JMS on DET42 program FINDIT ^C]
[Frame: 17 User: CARL on TTY162 (3345-0) program CPY ^C]
[Frame: 98 User: WNFE on TTY34 (2734-0) program 1022F4 ^C]
[Frame: 88 User: ENFE on TTY102 (6615-0) program TUMS TI]
[Frame: 86 User: PKRUMV on TTY55 (2021-0) program FINDIT SW]
[Frame: 82 User: TECHTRAIN on TTY64 (7356-0) program PEAK ^C]
[Frame: 74 User: TECHTRAIN on TTY50 (7356-0) program SYSNO ^C]
[Frame: 72 User: TECHTRAIN on TTY65 (7356-0) program 1022F4 ^C]
[Frame: 69 User: NTS(UPTGROVE) on TTY105 (2021-0) program 1022F4 ^C]
[Frame: 53 User: TECHTRAIN on TTY111 (7356-0) program 1022F4 ^C]
[Frame: 43 User: NTS(UPTGROVE) on TTY172 (2021-0) program ZAP ^C]
[Frame: 28 User: SRICHARDS on TTY176 (2021-0) program SYSTAT ^C]
[Frame: 26 User: RVIVIER on TTY166 (2021-0) program SYSTAT ^C]
[Frame: 23 User: TECHTRAIN on TTY134 (7356-0) program VUE ^C]
[Frame: 13 User: TECHTRAIN(JHALL) on TTY147 (7356-0) program 1022F4 ^C]
[Frame: 11 User: NTS(UPTGROVE) on TTY155 (2021-0) program 1022F4 ^C]
[Frame: 3 User: TECHTRAIN on TTY157 (7356-0) program 1022F4 ^C]
[LONMSG VT100 MUX]
[LONSTD  7-Feb-89 11:28:34 Frame: 108 on TTY205 Network: 3170-0]
[LONCNF F33-P035/D10 M02553 KL-10 #1427 4096 pages 117 frames 200 ports]
[LONSTS 100% 34ms.  Uptime 55:33:24 110 users]

.RDIST (SAILIB)/MASTER:33/CHECK
Master host: 33
358 files on master system.
Slave hosts: 14,17,22,23,25,26,30,31,32,33,34,35,37,38,54,56,58,74
Checking host 14
(SAILIB      :  14) SAVLOW.REL     3 29-Dec-78 22:31 -- bad checksum CAZLAX
                           should be 04-Aug-80 19:07 GOKLAZ  ALL  RD  RD
(SAILIB      :  14) SAVLOW.DOC     3 02-Jan-79 11:30 -- bad checksum ROCQIL
                           should be 04-Aug-80 19:08 KOBPUH  ALL  RD  RD
(SAILIB      :  14) ACCESS.SAV    18 22-Jan-79 15:44 -- bad checksum QETCOR
                           should be 30-Nov-81 19:05 FEVPIK  ALL  RD  RD
(SAILIB      :  14) EXTEND.DCL     2 05-Jul-78 16:32 -- bad checksum SEGFAC
                           should be 31-Jul-80 15:23 QIMZAP  ALL  RD  RD
(SAILIB      :  14) SAILIB.REQ     2 27-Jun-78 19:14 -- bad checksum KAJMOY
                           should be 06-Jul-82 13:30 LOTDUD  ALL  RD  RD
(SAILIB      :  14) 003TEL.DIR     3 26-Nov-85 20:20 -- extra not on master
(SAILIB      :  14) FILDAT.REQ     2 11-Dec-82 02:52 -- bad checksum MIBGEL
                           should be 18-Feb-87 15:20 YIVBOB  ALL  RD  RD
(SAILIB      :  14) REMIND.DAT                       -- missing on slave
(SAILIB      :  14) FILSCN.REQ                       -- missing on slave
(SAILIB      :  14) FILSCN.SAI                       -- missing on slave
(SAILIB      :  14) FILSCN.REL                       -- missing on slave
(SAILIB      :  14) LLUNV.FAI                        -- missing on slave
(SAILIB      :  14) UORBUG.FIX                       -- missing on slave
(SAILIB      :  14) XTEND.ODC                        -- missing on slave
(SAILIB      :  14) DMATH.V01                        -- missing on slave
(SAILIB      :  14) DMATH.SAI                        -- missing on slave
(SAILIB      :  14) OPFILE.FAI                       -- missing on slave
(SAILIB      :  14) DMATH.HDR                        -- missing on slave
(SAILIB      :  14) DMATH.TST                        -- missing on slave
(SAILIB      :  14) DMATH.OSA                        -- missing on slave
(SAILIB      :  14) DMATH.ORL                        -- missing on slave
(SAILIB      :  14) PROTEC.RCD                       -- missing on slave
(SAILIB      :  14) RNDIO.SAI                        -- missing on slave
(SAILIB      :  14) BYPTR.SAI                        -- missing on slave
(SAILIB      :  14) BUG1.SAI                         -- missing on slave
(SAILIB      :  14) LPREAD.SAI                       -- missing on slave
(SAILIB      :  14) MUNGE.SAI                        -- missing on slave
(SAILIB      :  14) DMATH.REQ                        -- missing on slave
(SAILIB      :  14) BRKFNS.DCL                       -- missing on slave
(SAILIB      :  14) BYPTR.REL                        -- missing on slave
(SAILIB      :  14) LPREAD.REL                       -- missing on slave
(SAILIB      :  14) MODULE.DEF                       -- missing on slave
(SAILIB      :  14) XTEND.REL                        -- missing on slave
(SAILIB      :  14) XTEND.DCO                        -- missing on slave
(SAILIB      :  14) XTEND.DCL                        -- missing on slave
(SAILIB      :  14) SERCH.DCL                        -- missing on slave
(SAILIB      :  14) RNDIO.DCL                        -- missing on slave
(SAILIB      :  14) DMATH.DCL                        -- missing on slave
(SAILIB      :  14) LBALL.DCL                        -- missing on slave
(SAILIB      :  14) LBALL.INF                        -- missing on slave
(SAILIB      :  14) LBALL.DEF                        -- missing on slave
(SAILIB      :  14) HLIBA.REL                        -- missing on slave
(SAILIB      :  14) DMATH.DOC                        -- missing on slave
(SAILIB      :  14) APPEND.REQ                       -- missing on slave
(SAILIB      :  14) SERCH.REL                        -- missing on slave
(SAILIB      :  14) DMATH.REL                        -- missing on slave
(SAILIB      :  14) APPEND.DCL                       -- missing on slave
(SAILIB      :  14) PRUNE.DAT                        -- missing on slave
(SAILIB      :  14) RNDIO.REL                        -- missing on slave
(SAILIB      :  14) APPEND.SAI                       -- missing on slave
(SAILIB      :  14) APPEND.REL                       -- missing on slave
(SAILIB      :  14) APPEND.HDR                       -- missing on slave
(SAILIB      :  14) SOSFSM.SAI                       -- missing on slave
(SAILIB      :  14) SOSFSM.OLD                       -- missing on slave
(SAILIB      :  14) SOSFSM.REQ                       -- missing on slave
(SAILIB      :  14) SOSFSM.REL                       -- missing on slave
(SAILIB      :  14) BRKFNS.REQ                       -- missing on slave
(SAILIB      :  14) BRKFNS.DOC                       -- missing on slave
(SAILIB      :  14) BRKFNS.HDR                       -- missing on slave
(SAILIB      :  14) BRKFNS.REL                       -- missing on slave
(SAILIB      :  14) BRKFNS.SAI                       -- missing on slave
(SAILIB      :  14) FRMRUN.OLD                       -- missing on slave
(SAILIB      :  14) FRMRUN.SAI                       -- missing on slave
(SAILIB      :  14) LUDWLD.SAI                       -- missing on slave
(SAILIB      :  14) FRMRUN.DOC                       -- missing on slave
(SAILIB      :  14) LUDWLD.REL                       -- missing on slave
(SAILIB      :  14) LUDWLD.REQ                       -- missing on slave
(SAILIB      :  14) DULWLD.SAI                       -- missing on slave
(SAILIB      :  14) READBR.SAI                       -- missing on slave
(SAILIB      :  14) DULWLD.REQ                       -- missing on slave
(SAILIB      :  14) DULWLD.REL                       -- missing on slave
(SAILIB      :  14) MAPRD.SAI                        -- missing on slave
(SAILIB      :  14) MAPRD.MEM                        -- missing on slave
(SAILIB      :  14) MAPRD.REL                        -- missing on slave
(SAILIB      :  14) MAPRD.REQ                        -- missing on slave
(SAILIB      :  14) ALL.DCL                          -- missing on slave
(SAILIB      :  14) BKFNS.SAI                        -- missing on slave
(SAILIB      :  14) IOSER.PUB                        -- missing on slave
(SAILIB      :  14) ZZ10X.LOG                        -- missing on slave
(SAILIB      :  14) BKFNS.REL                        -- missing on slave
(SAILIB      :  14) SPNTRX.REL                       -- missing on slave
(SAILIB      :  14) OEXTEN.DCL                       -- missing on slave
(SAILIB      :  14) FRMRUN.REL                       -- missing on slave
(SAILIB      :  14) FRMRUN.REQ                       -- missing on slave
(SAILIB      :  14) FRMRNN.REL                       -- missing on slave
(SAILIB      :  14) MPLIB.DCL                        -- missing on slave
(SAILIB      :  14) BKFNS.DCL                        -- missing on slave
(SAILIB      :  14) MPLIB.REL                        -- missing on slave
(SAILIB      :  14) FIND7.SAI                        -- missing on slave
(SAILIB      :  14) STRNGS.NFO                       -- missing on slave
(SAILIB      :  14) STRNGS.REQ                       -- missing on slave
(SAILIB      :  14) STRNGS.DCL                       -- missing on slave
(SAILIB      :  14) IFOO2.NFO                        -- missing on slave
(SAILIB      :  14) SOUNDX.SAI                       -- missing on slave
(SAILIB      :  14) SOUNDX.REL                       -- missing on slave
(SAILIB      :  14) SOUNDX.REQ                       -- missing on slave
(SAILIB      :  14) SOUNDX.DOC                       -- missing on slave
(SAILIB      :  14) STRNGS.HDR                       -- missing on slave
(SAILIB      :  14) STRNGS.SAI                       -- missing on slave
(SAILIB      :  14) STRNGS.DOC                       -- missing on slave
(SAILIB      :  14) STRNGS.REL                       -- missing on slave
(SAILIB      :  14) TYMGET.DEF                       -- missing on slave
(SAILIB      :  14) BITARY.REL                       -- missing on slave
(SAILIB      :  14) BITARY.SAI                       -- missing on slave
(SAILIB      :  14) BITARY.REQ                       -- missing on slave
(SAILIB      :  14) VMCHAN.REL                       -- missing on slave
(SAILIB      :  14) VMCHAN.REQ                       -- missing on slave
(SAILIB      :  14) VMCHAN.SAI                       -- missing on slave
(SAILIB      :  14) ARGPAR.SAI                       -- missing on slave
(SAILIB      :  14) ARGPAR.DEF                       -- missing on slave
(SAILIB      :  14) SWITCH.SAI                       -- missing on slave
(SAILIB      :  14) SWITCH.REQ                       -- missing on slave
(SAILIB      :  14) SWITCH.REL                       -- missing on slave
(SAILIB      :  14) ARGPAR.2                         -- missing on slave
(SAILIB      :  14) ARGPAR.WRS                       -- missing on slave
(SAILIB      :  14) ARGPAR.REL                       -- missing on slave
(SAILIB      :  14) PRTSUB.SAI                       -- missing on slave
(SAILIB      :  14) PRTSUB.REL                       -- missing on slave
(SAILIB      :  14) PRTSUB.REQ                       -- missing on slave
(SAILIB      :  14) ASK.REL                          -- missing on slave
(SAILIB      :  14) ASK.SAI                          -- missing on slave
(SAILIB      :  14) ASK.REQ                          -- missing on slave
(SAILIB      :  14) ASK.DOC                          -- missing on slave
(SAILIB      :  14) SAIL.ODF                         -- missing on slave
(SAILIB      :  14) SEARCH.V01                       -- missing on slave
(SAILIB      :  14) MAPPAG.SAI                       -- missing on slave
(SAILIB      :  14) ADJUBP.SAI                       -- missing on slave
(SAILIB      :  14) BUGWFW.SAI                       -- missing on slave
(SAILIB      :  14) SAIL.MSG                         -- missing on slave
(SAILIB      :  14) LPDUMP.SAI                       -- missing on slave
(SAILIB      :  14) PORT.DCL                         -- missing on slave
(SAILIB      :  14) SAIL.DEF                         -- missing on slave
(SAILIB      :  14) SAIL.DOC                         -- missing on slave
(SAILIB      :  14) PORT.SAI                         -- missing on slave
(SAILIB      :  14) PORT.REL                         -- missing on slave
(SAILIB      :  14) ASSERT.DEF                       -- missing on slave
(SAILIB      :  14) IOMODS.HDR                       -- missing on slave
(SAILIB      :  14) SPACE.REL                        -- missing on slave
(SAILIB      :  14) SPACE.FAI                        -- missing on slave
(SAILIB      :  14) SPACE.DOC                        -- missing on slave
(SAILIB      :  14) SPACE.HDR                        -- missing on slave
(SAILIB      :  14) SEARCH.NFO                       -- missing on slave
(SAILIB      :  14) SAIL.NFO                         -- missing on slave
(SAILIB      :  14) SAIL.OFO                         -- missing on slave
(SAILIB      :  14) RANDIO.REL                       -- missing on slave
(SAILIB      :  14) RANDIO.DOC                       -- missing on slave
(SAILIB      :  14) RANDIO.REQ                       -- missing on slave
(SAILIB      :  14) RANDIO.SAI                       -- missing on slave
(SAILIB      :  14) STRCMP.SAI                       -- missing on slave
(SAILIB      :  14) ASSERT.DOC                       -- missing on slave
(SAILIB      :  14) ASSERT.SAI                       -- missing on slave
(SAILIB      :  14) SEARCH.REQ                       -- missing on slave
(SAILIB      :  14) SEARCH.DCL                       -- missing on slave
(SAILIB      :  14) FSMSET.SAI                       -- missing on slave
(SAILIB      :  14) SEARCH.REL                       -- missing on slave
(SAILIB      :  14) FSMSET.DCL                       -- missing on slave
(SAILIB      :  14) VMFILE.SAI                       -- missing on slave
(SAILIB      :  14) VMFILE.BAK                       -- missing on slave
(SAILIB      :  14) MAIN15.VUE                       -- missing on slave
(SAILIB      :  14) VERSN.SAI                        -- missing on slave
(SAILIB      :  14) VERSN.REQ                        -- missing on slave
(SAILIB      :  14) VERSN.REL                        -- missing on slave
(SAILIB      :  14) VMFILE.REL                       -- missing on slave
(SAILIB      :  14) VMFILE.REQ                       -- missing on slave
(SAILIB      :  14) VMFILE.DEF                       -- missing on slave
(SAILIB      :  14) FIND.SAV                         -- missing on slave
(SAILIB      :  14) FIND.SAI                         -- missing on slave
(SAILIB      :  14) FIND.71                          -- missing on slave
(SAILIB      :  14) FIND.V11                         -- missing on slave
(SAILIB      :  14) FIND.V12                         -- missing on slave
(SAILIB      :  14) WARPLD.CMD                       -- missing on slave
(SAILIB      :  14) WARPLD.MAC                       -- missing on slave
(SAILIB      :  14) WARPLD.REL                       -- missing on slave
(SAILIB      :  14) WARPT.SAI                        -- missing on slave
(SAILIB      :  14) WARPT.CTL                        -- missing on slave
(SAILIB      :  14) WARPT.SAV                        -- missing on slave
(SAILIB      :  14) WARPT.REL                        -- missing on slave
(SAILIB      :  14) WARPT.WRP                        -- missing on slave
(SAILIB      :  14) WARPLD.SAV                       -- missing on slave
(SAILIB      :  14) CVPPN.REQ                        -- missing on slave
(SAILIB      :  14) CVPPN.SAI                        -- missing on slave
(SAILIB      :  14) CVPPN.REL                        -- missing on slave
(SAILIB      :  14) DUL.REQ                          -- missing on slave
(SAILIB      :  14) BLOCK.REQ                        -- missing on slave
(SAILIB      :  14) BLOCK.SAI                        -- missing on slave
(SAILIB      :  14) BLOCK.REL                        -- missing on slave
(SAILIB      :  14) ATFILE.REQ                       -- missing on slave
(SAILIB      :  14) ATFILE.DOC                       -- missing on slave
(SAILIB      :  14) ATFILE.SAI                       -- missing on slave
(SAILIB      :  14) ATFILE.REL                       -- missing on slave
(SAILIB      :  14) DUL.SAI                          -- missing on slave
(SAILIB      :  14) DUL.REL                          -- missing on slave
(SAILIB      :  14) BITOPS.SAI                       -- missing on slave
(SAILIB      :  14) BITOPS.REL                       -- missing on slave
(SAILIB      :  14) BITOPS.REQ                       -- missing on slave
(SAILIB      :  14) FIND.V13                         -- missing on slave
(SAILIB      :  14) STRNG.SAI                        -- missing on slave
(SAILIB      :  14) SOURCE                           -- missing on slave
(SAILIB      :  14) FTSAIL.DOC                       -- missing on slave
(SAILIB      :  14) REISER.MSG                       -- missing on slave
(SAILIB      :  14) FIND.PFM                         -- missing on slave
(SAILIB      :  14) FIND.DOC                         -- missing on slave
(SAILIB      :  14) HLIBA2.REL                       -- missing on slave
(SAILIB      :  14) LLIBA.REL                        -- missing on slave
(SAILIB      :  14) STRNG.DCL                        -- missing on slave
(SAILIB      :  14) STRNG.REL                        -- missing on slave
(SAILIB      :  14) X.LIB                            -- missing on slave
(SAILIB      :  14) X.DAT                            -- missing on slave
(SAILIB      :  14) X.IDX                            -- missing on slave
(SAILIB      :  14) FIND.SHR                         -- missing on slave
(SAILIB      :  14) FIND.LOW                         -- missing on slave
(SAILIB      :  14) SETTRM.SAI                       -- missing on slave
(SAILIB      :  14) LIBRAR.NFO                       -- missing on slave
(SAILIB      :  14) MAPLIB.NFO                       -- missing on slave
(SAILIB      :  14) QUIRKS.NFO                       -- missing on slave
(SAILIB      :  14) NEWS.NFO                         -- missing on slave
(SAILIB      :  14) MAPLIB.DOC                       -- missing on slave
(SAILIB      :  14) MAPLIB.DCL                       -- missing on slave
(SAILIB      :  14) FILDAT.1                         -- missing on slave
(SAILIB      :  14) HALTST.SAI                       -- missing on slave
(SAILIB      :  14) HALTST.REL                  -- missing on slave
(SAILIB      :  14) TYMINT.OLD                       -- missing on slave
(SAILIB      :  14) SAILIB.COM                       -- missing on slave
(SAILIB      :  14) LICSUB.SAI                       -- missing on slave
(SAILIB      :  14) LICSUB.REL                       -- missing on slave
(SAILIB      :  14) FILDAT.OLD                       -- missing on slave
(SAILIB      :  14) HLUNV.FAI                        -- missing on slave
(SAILIB      :  14) SAILIB.SUM                       -- missing on slave
(SAILIB      :  14) SAILIB.CML                       -- missing on slave
(SAILIB      :  14) SAILIB.CMD                       -- missing on slave
(SAILIB      :  14) SAILIB.FDM                       -- missing on slave
(SAILIB      :  14) COMMON.BAI                       -- missing on slave
(SAILIB      :  14) IOMOD.SAI                        -- missing on slave
(SAILIB      :  14) AIL.DIR                          -- missing on slave
(SAILIB      :  14) SVLOW.REL                        -- missing on slave
(SAILIB      :  14) GMIX.REL                         -- missing on slave
(SAILIB      :  14) MFDSCN.REL                       -- missing on slave
(SAILIB      :  14) MFDSCN.DOC                       -- missing on slave
(SAILIB      :  14) MFDSCN.SAI                       -- missing on slave
(SAILIB      :  14) SVLOW.DCL                        -- missing on slave
(SAILIB      :  14) SAILIB.ACS                       -- missing on slave
(SAILIB      :  14) IOMOD.REL                        -- missing on slave
(SAILIB      :  14) TYMINT.DOC                       -- missing on slave
(SAILIB      :  14) MYTEXT.REQ                       -- missing on slave
(SAILIB      :  14) MYTEXT.SAI                       -- missing on slave
(SAILIB      :  14) MYTEXT.REL                       -- missing on slave
(SAILIB      :  14) RHFILE.1                         -- missing on slave
(SAILIB      :  14) ARGS.CAB                         -- missing on slave
(SAILIB      :  14) RHFILE.SAI                       -- missing on slave
(SAILIB      :  14) FNDKEY.SAI                       -- missing on slave
(SAILIB      :  14) RHFILE.REL                       -- missing on slave
(SAILIB      :  14) CVNAME.SAI                       -- missing on slave
(SAILIB      :  14) CVNAME.REL                       -- missing on slave
(SAILIB      :  14) ARGS.WRS                         -- missing on slave
(SAILIB      :  14) ARGS.SAI                         -- missing on slave
(SAILIB      :  14) ARGS.REL                         -- missing on slave
(SAILIB      :  14) FNDKEY.REL                       -- missing on slave
(SAILIB      :  14) MAKDCL.PUB                       -- missing on slave
(SAILIB      :  14) MAKDCL.SAI                       -- missing on slave
(SAILIB      :  14) OCVPPN.SAI                       -- missing on slave
(SAILIB      :  14) OCVPPN.REL                       -- missing on slave
(SAILIB      :  14) PRICHK.SAI                       -- missing on slave
(SAILIB      :  14) PRICHK.REL                       -- missing on slave
(SAILIB      :  14) O.FAI                            -- missing on slave
(SAILIB      :  14) MAKSLB.SAI                       -- missing on slave
(SAILIB      :  14) REDUFD.REL                       -- missing on slave
(SAILIB      :  14) REDUFD.DOC                       -- missing on slave
(SAILIB      :  14) PRIQUE.SAI                       -- missing on slave
(SAILIB      :  14) LEPFMT.SAI                       -- missing on slave
(SAILIB      :  14) EXTEND.DC2                       -- missing on slave
(SAILIB      :  14) DISTRI.LIS                       -- missing on slave
(SAILIB      :  14) OSTRNG.DOC                       -- missing on slave
(SAILIB      :  14) OSTRNG.HDR                       -- missing on slave
(SAILIB      :  14) OSTRNG.SAI                       -- missing on slave
(SAILIB      :  14) UORFIX.FIL                       -- missing on slave
(SAILIB      :  14) ZZREST.LOG                       -- missing on slave
(SAILIB      :  14) TMSG                             -- missing on slave
(SAILIB      :  14) UORFIX.BUG                       -- missing on slave
(SAILIB      :  14) LEPRUN.GLB                       -- missing on slave
(SAILIB      :  14) ZZSAIL.LOG                       -- missing on slave
(SAILIB      :  14) OSTRNG.REL                       -- missing on slave
(SAILIB      :  14) MAKDCL.SAV                       -- missing on slave
(SAILIB      :  14) MAKDCL.DOC                       -- missing on slave
(SAILIB      :  14) SOUDX.REL                        -- missing on slave
(SAILIB      :  14) SOUDX.DCL                        -- missing on slave
(SAILIB      :  14) EXTEND.NFO                       -- missing on slave
(SAILIB      :  14) OFIND.SAV                        -- missing on slave
(SAILIB      :  14) OFIND.SAI                        -- missing on slave
(SAILIB      :  14) EXTEND.HLD                       -- missing on slave
(SAILIB      :  14) VMSPEC.DEF                       -- missing on slave
(SAILIB      :  14) VMSPEC.REL                       -- missing on slave
(SAILIB      :  14) VMSPEC.REQ                       -- missing on slave
(SAILIB      :  14) VMSPEC.SAI                       -- missing on slave
(SAILIB      :  14) WARP.SAI                         -- missing on slave
(SAILIB      :  14) WARP.REL                         -- missing on slave
(SAILIB      :  14) WARP.DCL                         -- missing on slave
(SAILIB      :  14) WARP.DOC                         -- missing on slave
(SAILIB      :  14) MATCHS.REL                       -- missing on slave
(SAILIB      :  14) MATCHS.SAI                       -- missing on slave
(SAILIB      :  14) TXTSUB.SAI                       -- missing on slave
(SAILIB      :  14) TXTSUB.REL                       -- missing on slave
(SAILIB      :  14) SPNTRE.SAI                       -- missing on slave
(SAILIB      :  14) SPNTRE.SAV                       -- missing on slave
(SAILIB      :  14) APEND.SAI                        -- missing on slave
(SAILIB      :  14) FRMOP.SAI                        -- missing on slave
(SAILIB      :  14) LP4MAT.SAI                       -- missing on slave
(SAILIB      :  14) ZZCMU.LOG                        -- missing on slave
(SAILIB      :  14) SPNTRE.REL                       -- missing on slave
(SAILIB      :  14) STRIP.REL                        -- missing on slave
(SAILIB      :  14) LLIBA2.REL                       -- missing on slave
(SAILIB      :  14) FRMOP.REL                        -- missing on slave
(SAILIB      :  14) APEND.DCL                        -- missing on slave
(SAILIB      :  14) FRMOP.HDR                        -- missing on slave
(SAILIB      :  14) APEND.REL                        -- missing on slave
(SAILIB      :  14) IOMODO.REL                       -- missing on slave
(SAILIB      :  14) NEWINF.IDX                       -- missing on slave
(SAILIB      :  14) NEWINF.LIB                       -- missing on slave
(SAILIB      :  14) NEWINF.DAT                       -- missing on slave
(SAILIB      :  14) ADJBP.SAI                        -- missing on slave
(SAILIB      :  14) ADJBP.REL                        -- missing on slave
(SAILIB      :  14) NDI                              -- missing on slave
Checking host 17

?unable to build circuit to JMS:17
?host unavailable

?unable to build circuit to JMS:17
?host unavailable

?unable to build circuit to JMS:17
?host unavailable

?unable to build circuit to JMS:17
?host unavailable

?unable to build circuit to JMS:17
?host unavailable
Creaux failed to JMS:17
Checking host 22
(SAILIB      :  22) APEND.REL      3 15-May-84 11:01 -- bad checksum SELYOX
                           should be 25-Oct-84 16:24 NUTZEF  ALL  RD  RD
(SAILIB      :  22) MAIN.VUE      11 17-May-84 10:41 -- extra not on master
(SAILIB      :  22) FILDAT.REL     3 15-May-84 10:38 -- bad checksum GOYGON
                           should be 18-Aug-87 20:28 TECWUX  ALL  RD  RD
(SAILIB      :  22) FILDAT.REQ     2 15-May-84 10:39 -- bad checksum MIBGEL
                           should be 18-Feb-87 15:20 YIVBOB  ALL  RD  RD
(SAILIB      :  22) FILDAT.SAI     3 15-May-84 10:39 -- bad checksum WAQPOQ
                           should be 18-Aug-87 20:28 DAMVEN  ALL  RD  RD
(SAILIB      :  22) STRNG.REL      5 15-May-84 11:02 -- bad checksum JAJWON
                           should be 12-Nov-82 17:24 RIJRAN  ALL  RD  RD
(SAILIB      :  22) SETTRM.BAK    11 17-May-84 10:38 -- extra not on master
    31#ER