 3nov91  0:45:09 #13 (JMS) LOGIN 0:0 TID=AUX
 3nov91  0:45:10 #13 (JMS) RUN (XEXEC)MINIT
 3nov91  0:45:10 #13 (JMS) RUNLIC 40010,,40010
 3nov91  0:45:10 #13 (JMS) NEXIT (XEXEC)MINIT
 3nov91  0:45:10 #13 (JMS) RUN (SYS)SYSTAT
 3nov91  0:45:10 #13 (JMS) RUNLIC 442010,,40010
 3nov91  0:45:12 #13 (JMS) NEXIT (SYS)SYSTAT
 3nov91  0:45:12 #13 (JMS) RUN (SYS)SZRPT
 3nov91  0:45:12 #13 (JMS) RUNLIC 40010,,40010
 3nov91  0:45:21 #13 (JMS) NEXIT (SYS)SZRPT
 3nov91  0:45:22 #13 (JMS) RUN (SYS)SZRPT
 3nov91  0:45:22 #13 (JMS) RUNLIC 40010,,40010
 3nov91  0:46:53 #13 (JMS) NEXIT (SYS)SZRPT
 3nov91  0:46:58 #13 (JMS) RUN (SYS)QUOLST
 3nov91  0:46:58 #13 (JMS) RUNLIC 40010,,40010
 3nov91  0:46:58 #13 (JMS) NEXIT (SYS)QUOLST
 3nov91  0:47:21 #13 (JMS) RUN (SYS)RPG
 3nov91  0:47:21 #13 (JMS) RUNLIC 42010,,40010
 3nov91  0:47:22 #13 (JMS) RUN (MPL)TYPER
 3nov91  0:47:22 #13 (JMS) RUNLIC 40010,,40010
 3nov91  0:47:22 #13 (JMS) RUN (SYS)TYPE
 3nov91  0:47:22 #13 (JMS) RUNLIC 40010,,40010
 3nov91  0:48:03 #13 (JMS) EXIT (SYS)TYPE
 3nov91  0:48:03 #13 (JMS) RUN (SYS)RPG
 3nov91  0:48:03 #13 (JMS) RUNLIC 42010,,40010
 3nov91  0:48:04 #13 (JMS) RUN (SYS)PIP
 3nov91  0:48:04 #13 (JMS) RUNLIC 40010,,40010
 3nov91  0:48:04 #13 (JMS) NEXIT (SYS)PIP
 3nov91  0:48:04 #13 (JMS) RUN (SYS)RPG
 3nov91  0:48:04 #13 (JMS) RUNLIC 42010,,40010
 3nov91  0:48:05 #13 (JMS) RUN (SYS)DIRIT
 3nov91  0:48:05 #13 (JMS) RUNLIC 40010,,40010
 3nov91  0:48:05 #13 (JMS) NEXIT (SYS)DIRIT
 3nov91  0:48:45 #13 (JMS) RUN (SYS)SENDMA
 3nov91  0:48:45 #13 (JMS) RUNLIC 40010,,40010
 3nov91  0:48:45 #13 (JMS) RUN (MAIL)SENDMA
 3nov91  0:48:45 #13 (JMS) RUNLIC 140012,,40010
 3nov91  0:48:47 #17 (JMS) LOGIN F26-base  :0 TID=AUX
 3nov91  0:48:47 #13 (JMS) NEXIT (MAIL)SENDMA
 3nov91  0:48:47 #17 (JMS) RUN (MAIL)MAILER
 3nov91  0:48:47 #17 (JMS) RUNLIC 541012,,0
 3nov91  0:48:50 #17 (JMS) RUN (SYS)LOGOUT
 3nov91  0:48:50 #17 (JMS) RUNLIC 547000,,0
 3nov91  0:48:50 #17 (JMS) LOGOUT TRUs = 16.0
 3nov91  0:49:28 #13 (JMS) RUN (XEXEC)MEXEC
 3nov91  0:49:28 #13 (JMS) RUNLIC 42010,,40010
 3nov91  0:49:28 #13 (JMS) RUN (SPL)FINDIT
 3nov91  0:49:28 #13 (JMS) RUNLIC 40010,,40010
 3nov91  0:52:42 #13 (JMS) NEXIT (SPL)FINDIT
 3nov91  0:52:47 #13 (JMS) RUN (SYS)LOGOUT
 3nov91  0:52:47 #13 (JMS) RUNLIC 547010,,40010
 3nov91  0:52:48 #13 (JMS) LOGOUT TRUs = 285.0
 3nov91  7:30:11 #9 (JMS) LOGIN 0:0 TID=AUX
 3nov91  7:30:12 #9 (JMS) RUN (SYS)RPG
 3nov91  7:30:12 #9 (JMS) RUNLIC 42012,,40012
 3nov91  7:30:13 #9 (JMS) RUN (SYS)PIP
 3nov91  7:30:13 #9 (JMS) RUNLIC 40012,,40012
 3nov91  7:30:16 #9 (JMS) NEXIT (SYS)PIP
 3nov91  7:30:17 #9 (JMS) RUN (MPL)FNDBAD
 3nov91  7:30:17 #9 (JMS) RUNLIC 40012,,40012
 3nov91  7:31:39 #9 (JMS) EXIT (MPL)FNDBAD
 3nov91  7:31:40 #9 (JMS) RUN (SYS)RPG
 3nov91  7:31:40 #9 (JMS) RUNLIC 42012,,40012
 3nov91  7:31:40 #9 (JMS) RUN (SYS)DIRIT
 3nov91  7:31:40 #9 (JMS) RUNLIC 40012,,40012
 3nov91  7:31:41 #9 (JMS) NEXIT (SYS)DIRIT
 3nov91  7:31:41 #9 (JMS) RUN (SYS)RPG
 3nov91  7:31:41 #9 (JMS) RUNLIC 42012,,40012
 3nov91  7:31:41 #9 (JMS) RUN (JMS)TECO
 3nov91  7:31:41 #9 (JMS) RUNLIC 40012,,40012
 3nov91  7:31:42 #9 (JMS) NEXIT (JMS)TECO
 3nov91  7:31:42 #9 (JMS) RUN (SYS)RPG
 3nov91  7:31:42 #9 (JMS) RUNLIC 42012,,40012
 3nov91  7:31:42 #9 (JMS) RUN (SYS)DIRIT
 3nov91  7:31:42 #9 (JMS) RUNLIC 40012,,40012
 3nov91  7:31:42 #9 (JMS) PUTLSA (SYS)OPER LIC=0,,0
 3nov91  7:31:43 #9 (JMS) NEXIT (SYS)DIRIT
 3nov91  7:31:43 #9 (JMS) RUN (SYS)RPG
 3nov91  7:31:43 #9 (JMS) RUNLIC 42012,,40012
 3nov91  7:31:44 #9 (JMS) RUN (MPL)TYPER
 3nov91  7:31:44 #9 (JMS) RUNLIC 40012,,40012
 3nov91  7:31:44 #9 (JMS) RUN (SYS)TYPE
 3nov91  7:31:44 #9 (JMS) RUNLIC 40012,,40012
 3nov91  7:31:44 #9 (JMS) EXIT (SYS)TYPE
 3nov91  7:31:50 #9 (JMS) RUN (SYS)LOGOUT
 3nov91  7:31:50 #9 (JMS) RUNLIC 547012,,40012
 3nov91  7:31:51 #9 (JMS) LOGOUT TRUs = 50.1
 3nov91  9:00:27 #8 (JMS) LOGIN F33-base  :0 TID=AUX
 3nov91  9:00:28 #8 (JMS) RUN (SYS)LOGON
 3nov91  9:00:28 #8 (JMS) RUNLIC 42012,,0
 3nov91  9:00:33 #8 (JMS) EXIT (SYS)LOGON
 3nov91  9:00:59 #8 (JMS) RUN (SYS)RPG
 3nov91  9:00:59 #8 (JMS) RUNLIC 2000,,0
 3nov91  9:01:01 #8 (JMS) RUN (SYS)DIRIT
 3nov91  9:01:01 #8 (JMS) NEXIT (SYS)DIRIT
 3nov91  9:01:01 #8 (JMS) RUN (SYS)RPG
 3nov91  9:01:01 #8 (JMS) RUNLIC 2000,,0
 3nov91  9:01:02 #8 (JMS) RUN (MPL)TYPER
 3nov91  9:01:03 #8 (JMS) RUN (SYS)TYPE
 3nov91  9:01:03 #8 (JMS) EXIT (SYS)TYPE
 3nov91  9:01:04 #8 (JMS) RUN (SYS)LOGOUT
 3nov91  9:01:04 #8 (JMS) RUNLIC 547000,,0
 3nov91  9:01:04 #8 (JMS) RUN (MPL)ZEN
 3nov91  9:01:04 #8 (JMS) RUN (SYS)LOGOUT
 3nov91  9:01:04 #8 (JMS) RUNLIC 547000,,0
 3nov91  9:01:04 #8 (JMS) LOGOUT TRUs = 11.3
 3nov91 12:23:28 #18 (JMS) LOGIN FremontSun:0 TID='24
 3nov91 12:23:29 #18 (JMS) RUN (SYS)LOGON
 3nov91 12:23:29 #18 (JMS) RUNLIC 42012,,0
 3nov91 12:23:33 #18 (JMS) RUN (SPL)TURNUP
 3nov91 12:23:33 #18 (JMS) NEXIT (SPL)TURNUP
 3nov91 12:23:35 #18 (JMS) RUN (SYS)OPER
 3nov91 12:23:35 #18 (JMS) RUNLIC 775717,,0
 3nov91 12:23:38 #18 (JMS) SETLIC (SYS)OPER LIC=775717,,775717
 3nov91 12:23:38 #18 (JMS) TATTLE OPER JMS 775717 okay
 3nov91 12:23:38 #18 (JMS) NEXIT (SYS)OPER
 3nov91 12:23:40 #18 (JMS) RUN (SYS)GFD
 3nov91 12:23:40 #18 (JMS) RUNLIC 775717,,775717
 3nov91 12:23:41 #18 (JMS) NEXIT (SYS)GFD
 3nov91 12:23:43 #18 (JMS) RUN (SYS)MAGNUM
 3nov91 12:23:43 #18 (JMS) RUNLIC 775717,,775717
 3nov91 12:23:43 #18 (JMS) RUN (MAGNUM)MAGNUM
 3nov91 12:23:43 #18 (JMS) RUNLIC 775717,,775717
 3nov91 12:23:47 #18 (JMS) XCHARGE (MAGNUM)MAGNUM
 3nov91 12:23:47 #18 (JMS) RUN (MAGNUM)MAGNRN
 3nov91 12:23:47 #18 (JMS) RUNLIC 775717,,775717
 3nov91 12:25:04 #18 (JMS) XCHARGE (MAGNUM)MAGNRN
 3nov91 12:25:05 #18 (JMS) RUN (MAGNUM)MAGNUM
 3nov91 12:25:05 #18 (JMS) RUNLIC 775717,,775717
 3nov91 12:25:09 #18 (JMS) XCHARGE (MAGNUM)MAGNUM
 3nov91 12:25:10 #18 (JMS) RUN (SYS)GFD
 3nov91 12:25:10 #18 (JMS) RUNLIC 775717,,775717
 3nov91 12:25:10 #18 (JMS) NEXIT (SYS)GFD
 3nov91 12:25:14 #18 (JMS) RUN (SYS)GFD
 3nov91 12:25:14 #18 (JMS) RUNLIC 775717,,775717
 3nov91 12:25:14 #18 (JMS) NEXIT (SYS)GFD
 3nov91 12:25:20 #18 (JMS) SETLIC (SYS)GFD LIC=775717,,0
 3nov91 12:25:21 #18 (JMS) RUN (SYS)MAGNUM
 3nov91 12:25:21 #18 (JMS) RUN (MAGNUM)MAGNUM
 3nov91 12:25:21 #18 (JMS) RUNLIC 200,,0
 3nov91 12:25:48 #18 (JMS) XCHARGE (MAGNUM)MAGNUM
 3nov91 12:25:48 #18 (JMS) EXIT (MAGNUM)MAGNUM
 3nov91 12:26:00 #18 (JMS) SETLIC (MAGNUM)MAGNUM LIC=200,,10
 3nov91 12:26:03 #18 (JMS) RUN (SYS)SYSTAT
 3nov91 12:26:03 #18 (JMS) RUNLIC 402010,,10
 3nov91 12:26:05 #18 (JMS) NEXIT (SYS)SYSTAT
 3nov91 12:26:09 #18 (JMS) RUN (SYS)MAGNUM
 3nov91 12:26:09 #18 (JMS) RUNLIC 10,,10
 3nov91 12:26:10 #18 (JMS) RUN (MAGNUM)MAGNUM
 3nov91 12:26:10 #18 (JMS) RUNLIC 210,,10
 3nov91 12:26:19 #18 (JMS) XCHARGE (MAGNUM)MAGNUM
 3nov91 12:26:20 #18 (JMS) EXIT (MAGNUM)MAGNUM
 3nov91 12:26:26 #18 (JMS) SETLIC (MAGNUM)MAGNUM LIC=210,,12
 3nov91 12:26:29 #18 (JMS) RUN (SYS)SYSTAT
 3nov91 12:26:29 #18 (JMS) RUNLIC 402012,,12
 3nov91 12:26:30 #18 (JMS) NEXIT (SYS)SYSTAT
 3nov91 12:26:32 #18 (JMS) RUN (SYS)RPG
 3nov91 12:26:32 #18 (JMS) RUNLIC 2012,,12
 3nov91 12:26:33 #18 (JMS) NEXIT (SYS)RPG
 3nov91 12:26:35 #18 (JMS) RUN (SYS)MAGNUM
 3nov91 12:26:35 #18 (JMS) RUNLIC 12,,12
 3nov91 12:26:35 #18 (JMS) RUN (MAGNUM)MAGNUM
 3nov91 12:26:35 #18 (JMS) RUNLIC 212,,12
 3nov91 12:26:44 #18 (JMS) XCHARGE (MAGNUM)MAGNUM
 3nov91 12:26:44 #18 (JMS) EXIT (MAGNUM)MAGNUM
 3nov91 12:27:12 #18 (JMS) SETLIC (MAGNUM)MAGNUM LIC=212,,100012
 3nov91 12:27:15 #18 (JMS) RUN (SYS)SYSTAT
 3nov91 12:27:15 #18 (JMS) RUNLIC 502012,,100012
 3nov91 12:27:16 #18 (JMS) NEXIT (SYS)SYSTAT
 3nov91 12:27:20 #18 (JMS) RUN (SYS)MAGNUM
 3nov91 12:27:20 #18 (JMS) RUNLIC 100012,,100012
 3nov91 12:27:21 #18 (JMS) RUN (MAGNUM)MAGNUM
 3nov91 12:27:21 #18 (JMS) RUNLIC 100212,,100012
 3nov91 12:27:24 #18 (JMS) XCHARGE (MAGNUM)MAGNUM
 3nov91 12:27:24 #18 (JMS) EXIT (MAGNUM)MAGNUM
 3nov91 12:27:33 #18 (JMS) SETLIC (MAGNUM)MAGNUM LIC=100212,,100212
 3nov91 12:27:37 #18 (JMS) RUN (SYS)SYSTAT
 3nov91 12:27:37 #18 (JMS) RUNLIC 502212,,100212
 3nov91 12:27:37 #18 (JMS) NEXIT (SYS)SYSTAT
 3nov91 12:27:40 #18 (JMS) RUN (SYS)MAGNUM
 3nov91 12:27:40 #18 (JMS) RUNLIC 100212,,100212
 3nov91 12:27:41 #18 (JMS) RUN (MAGNUM)MAGNUM
 3nov91 12:27:41 #18 (JMS) RUNLIC 100212,,100212
 3nov91 12:27:43 #18 (JMS) XCHARGE (MAGNUM)MAGNUM
 3nov91 12:27:43 #18 (JMS) RUN (MAGNUM)MAGNRN
 3nov91 12:27:43 #18 (JMS) RUNLIC 100212,,100212
 3nov91 12:28:15 #18 (JMS) XCHARGE (MAGNUM)MAGNRN
 3nov91 12:28:15 #18 (JMS) RUN (MAGNUM)MAGNUM
 3nov91 12:28:15 #18 (JMS) RUNLIC 100212,,100212
 3nov91 12:28:16 #18 (JMS) XCHARGE (MAGNUM)MAGNUM
 3nov91 12:28:17 #18 (JMS) RUN (SYS)GFD
 3nov91 12:28:17 #18 (JMS) RUNLIC 105212,,100212
 3nov91 12:28:18 #18 (JMS) NEXIT (SYS)GFD
 3nov91 12:28:28 #18 (JMS) SETLIC (SYS)GFD LIC=105212,,212
 3nov91 12:28:31 #18 (JMS) RUN (SYS)SYSTAT
 3nov91 12:28:31 #18 (JMS) RUNLIC 402212,,212
 3nov91 12:28:32 #18 (JMS) NEXIT (SYS)SYSTAT
 3nov91 12:28:36 #18 (JMS) RUN (SYS)GFD
 3nov91 12:28:36 #18 (JMS) RUNLIC 5212,,212
 3nov91 12:28:36 #18 (JMS) NEXIT (SYS)GFD
 3nov91 12:28:40 #18 (JMS) RUN (SYS)GFD
 3nov91 12:28:40 #18 (JMS) RUNLIC 5212,,212
 3nov91 12:28:41 #18 (JMS) NEXIT (SYS)GFD
 3nov91 12:28:42 #18 (JMS) RUN (SYS)MAGNUM
 3nov91 12:28:42 #18 (JMS) RUNLIC 212,,212
 3nov91 12:28:42 #18 (JMS) RUN (MAGNUM)MAGNUM
 3nov91 12:28:42 #18 (JMS) RUNLIC 212,,212
 3nov91 12:28:45 #18 (JMS) XCHARGE (MAGNUM)MAGNUM
 3nov91 12:28:45 #18 (JMS) RUN (MAGNUM)MAGNRN
 3nov91 12:28:45 #18 (JMS) RUNLIC 212,,212
 3nov91 12:29:01 #18 (JMS) XCHARGE (MAGNUM)MAGNRN
 3nov91 12:29:01 #18 (JMS) RUN (MAGNUM)MAGNUM
 3nov91 12:29:01 #18 (JMS) RUNLIC 212,,212
 3nov91 12:29:02 #18 (JMS) XCHARGE (MAGNUM)MAGNUM
 3nov91 12:29:03 #18 (JMS) RUN (SYS)GFD
 3nov91 12:29:03 #18 (JMS) RUNLIC 5212,,212
 3nov91 12:29:05 #18 (JMS) NEXIT (SYS)GFD
 3nov91 12:29:06 #18 (JMS) RUN (SYS)LOGOUT
 3nov91 12:29:06 #18 (JMS) RUNLIC 547212,,212
 3nov91 12:29:06 #18 (JMS) RUN (MPL)ZEN
 3nov91 12:29:06 #18 (JMS) RUNLIC 212,,212
 3nov91 12:29:07 #18 (JMS) RUN (SYS)LOGOUT
 3nov91 12:29:07 #18 (JMS) RUNLIC 547212,,212
 3nov91 12:29:07 #18 (JMS) LOGOUT TRUs = 431.6
 3nov91 12:37:08 #17 (JMS) LOGIN FremontSun:0 TID='24
 3nov91 12:37:09 #17 (JMS) RUN (SYS)LOGON
 3nov91 12:37:09 #17 (JMS) RUNLIC 42012,,0
 3nov91 12:37:11 #17 (JMS) RUN (SPL)TURNUP
 3nov91 12:37:11 #17 (JMS) NEXIT (SPL)TURNUP
 3nov91 12:37:18 #17 (JMS) RUN (SYS)OPER
 3nov91 12:37:18 #17 (JMS) RUNLIC 775717,,0
 3nov91 12:37:21 #17 (JMS) SETLIC (SYS)OPER LIC=775717,,775717
 3nov91 12:37:21 #17 (JMS) TATTLE OPER JMS 775717 okay
 3nov91 12:37:21 #17 (JMS) NEXIT (SYS)OPER
 3nov91 12:39:41 #17 (JMS) RUN (SYS)RPG
 3nov91 12:39:41 #17 (JMS) RUNLIC 777717,,775717
 3nov91 12:39:42 #17 (JMS) NEXIT (SYS)RPG
 3nov91 12:39:46 #17 (JMS) RUN (SYS)RPG
 3nov91 12:39:46 #17 (JMS) RUNLIC 777717,,775717
 3nov91 12:39:46 #17 (JMS) RUN (SYS)DIRIT
 3nov91 12:39:46 #17 (JMS) RUNLIC 775717,,775717
 3nov91 12:39:46 #17 (JMS) PUTLSA (SYS)SYS LIC=0,,0
 3nov91 12:39:48 #17 (JMS) NEXIT (SYS)DIRIT
 3nov91 12:40:12 #17 (JMS) RUN (SYS)GFD
 3nov91 12:40:12 #17 (JMS) RUNLIC 775717,,775717
 3nov91 12:40:13 #17 (JMS) NEXIT (SYS)GFD
 3nov91 12:40:15 #17 (JMS) SETLIC (SYS)GFD LIC=775717,,0
 3nov91 12:40:16 #17 (JMS) RUN (SYS)MAGNUM
 3nov91 12:40:16 #17 (JMS) RUN (MAGNUM)MAGNUM
 3nov91 12:40:16 #17 (JMS) RUNLIC 200,,0
 3nov91 12:40:26 #17 (JMS) XCHARGE (MAGNUM)MAGNUM
 3nov91 12:40:27 #17 (JMS) EXIT (MAGNUM)MAGNUM
 3nov91 12:40:45 #17 (JMS) SETLIC (MAGNUM)MAGNUM LIC=200,,775717
 3nov91 12:40:57 #17 (JMS) RUN (SYS)RPG
 3nov91 12:40:57 #17 (JMS) RUNLIC 777717,,775717
 3nov91 12:40:57 #17 (JMS) RUN (SYS)DIRIT
 3nov91 12:40:57 #17 (JMS) RUNLIC 775717,,775717
 3nov91 12:40:57 #17 (JMS) PUTLSA (SYS)MAGNUM LIC=0,,3720
 3nov91 12:41:00 #17 (JMS) NEXIT (SYS)DIRIT
 3nov91 12:41:19 #17 (JMS) RUN (SYS)RPG
 3nov91 12:41:19 #17 (JMS) RUNLIC 777717,,775717
 3nov91 12:41:19 #17 (JMS) RUN (SYS)DIRIT
 3nov91 12:41:19 #17 (JMS) RUNLIC 775717,,775717
 3nov91 12:41:19 #17 (JMS) PUTLSA (SYS)MAGNUM LIC=0,,3720
 3nov91 12:41:20 #17 (JMS) NEXIT (SYS)DIRIT
 3nov91 12:41:38 #17 (JMS) RUN (SYS)RPG
 3nov91 12:41:38 #17 (JMS) RUNLIC 777717,,775717
 3nov91 12:41:38 #17 (JMS) NEXIT (SYS)RPG
 3nov91 12:41:42 #17 (JMS) RUN (SYS)RPG
 3nov91 12:41:42 #17 (JMS) RUNLIC 777717,,775717
 3nov91 12:41:46 #17 (JMS) RUN (SPL)WHO
 3nov91 12:41:46 #17 (JMS) RUNLIC 775717,,775717
 3nov91 12:41:49 #17 (JMS) NEXIT (SPL)WHO
 3nov91 12:42:04 #17 (JMS) RUN (SYS)RPG
 3nov91 12:42:04 #17 (JMS) RUNLIC 777717,,775717
 3nov91 12:42:05 #17 (JMS) RUN (SYS)DIRIT
 3nov91 12:42:05 #17 (JMS) RUNLIC 775717,,775717
 3nov91 12:42:05 #17 (JMS) PUTLSA (SYS)FTMAGN LIC=0,,3720
 3nov91 12:42:05 #17 (JMS) NEXIT (SYS)DIRIT
 3nov91 12:42:21 #17 (JMS) RUN (SYS)RPG
 3nov91 12:42:21 #17 (JMS) RUNLIC 777717,,775717
 3nov91 12:42:21 #17 (JMS) RUN (SYS)DIRIT
 3nov91 12:42:21 #17 (JMS) RUNLIC 775717,,775717
 3nov91 12:42:21 #17 (JMS) PUTLSA (SYS)FTMAGN LIC=0,,3720
 3nov91 12:42:23 #17 (JMS) NEXIT (SYS)DIRIT
 3nov91 12:42:34 #17 (JMS) RUN (SYS)RPG
 3nov91 12:42:34 #17 (JMS) RUNLIC 777717,,775717
 3nov91 12:42:35 #17 (JMS) RUN (SYS)DIRIT
 3nov91 12:42:35 #17 (JMS) RUNLIC 775717,,775717
 3nov91 12:42:35 #17 (JMS) PUTLSA (SYS)MAGNUM LIC=0,,3720
 3nov91 12:42:37 #17 (JMS) NEXIT (SYS)DIRIT
 3nov91 12:42:49 #17 (JMS) RUN (SYS)RPG
 3nov91 12:42:49 #17 (JMS) RUNLIC 777717,,775717
 3nov91 12:42:49 #17 (JMS) RUN (SYS)DIRIT
 3nov91 12:42:49 #17 (JMS) RUNLIC 775717,,775717
 3nov91 12:42:49 #17 (JMS) PUTLSA (SYS)SYS LIC=0,,3720
 3nov91 12:42:50 #17 (JMS) NEXIT (SYS)DIRIT
 3nov91 12:42:59 #17 (JMS) RUN (SYS)SETLIC
 3nov91 12:42:59 #17 (JMS) RUNLIC 775717,,775717
 3nov91 12:43:05 #17 (JMS) EXIT (SYS)SETLIC
 3nov91 12:43:13 #17 (JMS) SETLIC (SYS)SETLIC LIC=775717,,0
 3nov91 12:43:15 #17 (JMS) RUN (SYS)MAGNUM
 3nov91 12:43:15 #17 (JMS) RUNLIC 200,,0
 3nov91 12:43:15 #17 (JMS) RUN (MAGNUM)MAGNUM
 3nov91 12:43:15 #17 (JMS) RUNLIC 200,,0
 3nov91 12:45:15 #17 (JMS) XCHARGE (MAGNUM)MAGNUM
 3nov91 12:45:16 #17 (JMS) EXIT (MAGNUM)MAGNUM
 3nov91 12:45:22 #17 (JMS) SETLIC (MAGNUM)MAGNUM LIC=200,,12
 3nov91 12:45:25 #17 (JMS) RUN (SYS)MAGNUM
 3nov91 12:45:25 #17 (JMS) RUNLIC 212,,12
 3nov91 12:45:25 #17 (JMS) RUN (MAGNUM)MAGNUM
 3nov91 12:45:25 #17 (JMS) RUNLIC 212,,12
 3nov91 12:45:31 #17 (JMS) XCHARGE (MAGNUM)MAGNUM
 3nov91 12:45:31 #17 (JMS) EXIT (MAGNUM)MAGNUM
 3nov91 12:45:36 #17 (JMS) RUN (SYS)SYSTAT
 3nov91 12:45:36 #17 (JMS) RUNLIC 402012,,12
 3nov91 12:45:37 #17 (JMS) NEXIT (SYS)SYSTAT
 3nov91 12:45:40 #17 (JMS) SETLIC (SYS)SYSTAT LIC=2012,,212
 3nov91 12:45:44 #17 (JMS) RUN (SYS)SYSTAT
 3nov91 12:45:44 #17 (JMS) RUNLIC 402212,,212
 3nov91 12:45:45 #17 (JMS) NEXIT (SYS)SYSTAT
 3nov91 12:45:47 #17 (JMS) RUN (SYS)MAGNUM
 3nov91 12:45:47 #17 (JMS) RUNLIC 212,,212
 3nov91 12:45:48 #17 (JMS) RUN (MAGNUM)MAGNUM
 3nov91 12:45:48 #17 (JMS) RUNLIC 212,,212
 3nov91 12:45:52 #17 (JMS) XCHARGE (MAGNUM)MAGNUM
 3nov91 12:45:52 #17 (JMS) RUN (MAGNUM)MAGNRN
 3nov91 12:45:52 #17 (JMS) RUNLIC 212,,212
 3nov91 12:45:59 #17 (JMS) XCHARGE (MAGNUM)MAGNRN
 3nov91 12:46:00 #17 (JMS) RUN (MAGNUM)MAGNUM
 3nov91 12:46:00 #17 (JMS) RUNLIC 212,,212
 3nov91 12:46:03 #17 (JMS) XCHARGE (MAGNUM)MAGNUM
 3nov91 12:46:04 #17 (JMS) RUN (SYS)GFD
 3nov91 12:46:04 #17 (JMS) RUNLIC 5212,,212
 3nov91 12:46:04 #17 (JMS) NEXIT (SYS)GFD
 3nov91 12:46:11 #17 (JMS) RUN (SYS)RPG
 3nov91 12:46:11 #17 (JMS) RUNLIC 2212,,212
 3nov91 12:46:11 #17 (JMS) RUN (SYS)DIRIT
 3nov91 12:46:11 #17 (JMS) RUNLIC 212,,212
 3nov91 12:46:12 #17 (JMS) PUTLSA (SYS)SYS LIC=0,,15530
 3nov91 12:46:13 #17 (JMS) NEXIT (SYS)DIRIT
 3nov91 12:46:23 #17 (JMS) RUN (SYS)RPG
 3nov91 12:46:23 #17 (JMS) RUNLIC 2212,,212
 3nov91 12:46:24 #17 (JMS) RUN (SYS)DIRIT
 3nov91 12:46:24 #17 (JMS) RUNLIC 212,,212
 3nov91 12:46:24 #17 (JMS) PUTLSA (SYS)MAGNUM LIC=0,,15530
 3nov91 12:46:26 #17 (JMS) NEXIT (SYS)DIRIT
 3nov91 12:46:44 #17 (JMS) RUN (SYS)RPG
 3nov91 12:46:44 #17 (JMS) RUNLIC 2212,,212
 3nov91 12:46:44 #17 (JMS) RUN (SYS)DIRIT
 3nov91 12:46:44 #17 (JMS) RUNLIC 212,,212
 3nov91 12:46:44 #17 (JMS) PUTLSA (SYS)FTMAGN LIC=0,,15530
 3nov91 12:46:46 #17 (JMS) NEXIT (SYS)DIRIT
 3nov91 12:47:26 #17 (JMS) RUN (XEXEC)MEXEC
 3nov91 12:47:26 #17 (JMS) RUNLIC 2212,,212
 3nov91 12:47:27 #17 (JMS) RUN (XEXEC)RDIST
 3nov91 12:47:27 #17 (JMS) RUNLIC 212,,212
 3nov91 12:47:28 #17 (JMS) CREAUX JMS:23 port=171
 3nov91 12:47:29 #18 (JMS) LOGIN F23-base  :0 TID=AUX
 3nov91 12:47:29 #18 (JMS) RUN (SYS)LOGON
 3nov91 12:47:29 #18 (JMS) RUNLIC 42012,,0
 3nov91 12:47:30 #18 (JMS) EXIT (SYS)LOGON
 3nov91 12:47:31 #18 (JMS) RUN (SPL)FINDIT
 3nov91 12:47:31 #18 (JMS) RUNLIC 10,,0
 3nov91 12:47:35 #18 (JMS) RUN (SYS)LOGOUT
 3nov91 12:47:35 #18 (JMS) RUNLIC 547000,,0
 3nov91 12:47:35 #18 (JMS) RUN (MPL)ZEN
 3nov91 12:47:35 #18 (JMS) RUN (SYS)LOGOUT
 3nov91 12:47:35 #18 (JMS) RUNLIC 547000,,0
 3nov91 12:47:35 #18 (JMS) LOGOUT TRUs = 14.0
 3nov91 12:47:36 #17 (JMS) CREAUX JMS:38 port=167
 3nov91 12:47:53 #17 (JMS) NEXIT (XEXEC)RDIST
 3nov91 12:48:16 #17 (JMS) RUN (XEXEC)MEXEC
 3nov91 12:48:16 #17 (JMS) RUNLIC 2212,,212
 3nov91 12:48:17 #17 (JMS) RUN (XEXEC)RDIST
 3nov91 12:48:17 #17 (JMS) RUNLIC 212,,212
 3nov91 12:48:18 #17 (JMS) CREAUX JMS:23 port=171
 3nov91 12:48:18 #18 (JMS) LOGIN F23-base  :0 TID=AUX
 3nov91 12:48:18 #18 (JMS) RUN (SYS)LOGON
 3nov91 12:48:18 #18 (JMS) RUNLIC 42012,,0
 3nov91 12:48:19 #18 (JMS) EXIT (SYS)LOGON
 3nov91 12:48:20 #18 (JMS) RUN (SPL)FINDIT
 3nov91 12:48:20 #18 (JMS) RUNLIC 10,,0
 3nov91 12:51:37 #18 (JMS) RUN (SYS)LOGOUT
 3nov91 12:51:37 #18 (JMS) RUNLIC 547000,,0
 3nov91 12:51:37 #18 (JMS) RUN (MPL)ZEN
 3nov91 12:51:37 #18 (JMS) RUN (SYS)LOGOUT
 3nov91 12:51:37 #18 (JMS) RUNLIC 547000,,0
 3nov91 12:51:37 #18 (JMS) LOGOUT TRUs = 602.5
 3nov91 12:51:38 #17 (JMS) CREAUX JMS:38 port=167
