(SYS:34)DECIBM.SAV     9 15-Apr-73 16:01 -- bad checksum BUQMEF 01-Jan-64 16:01 CODKOS  ALL RUN RUN
(SYS:34)CSMP.CMD       2 02-Apr-76 14:15 -- bad checksum LELRUZ 01-Jan-64 16:01 TINQES  ALL  RD  RD
(SYS:34)CRANK.SAV     13 02-Jan-73 16:01 -- extra not on master
(SYS:34)EDITOR.LOW     3 11-Oct-76 14:43 -- extra not on master
(SYS:34)L1600D.SAV    17 08-Sep-77 14:49 -- protection ALL  RD  RD 30-Jun-77 10:28 DURFEV  ALL RUN RUN
(SYS:34)DMPUFD.SAV     2 23-Nov-77 15:28 -- bad license  21-Nov-77 10:21 RIJMUY  ALL RUN RUN      2
(SYS:34)UPDLUD.SAV    28 23-Feb-83 12:07 -- bad license 547012 17-May-84 16:54 FEDCAP  RUN RUN  NO 567412
(SYS:34)FTEDIT.SHR    17 26-Nov-79 09:54 -- extra not on master
(SYS:34)CT6.SAV        2 15-Feb-80 17:58 -- bad checksum POSWAS 25-Jan-82 10:39 GUGLEN  ALL RUN RUN
(SYS:34)FTFORT.SAV     2 28-Aug-80 13:45 -- protection ALL RUN RUN 22-Aug-80 09:40 GUPGED  ALL  RD  RD
(SYS:34)VUE.SHR       38 27-Jan-82 15:45 -- bad checksum MUSKIK 04-Jun-82 12:05 YULRES  RUN RUN RUN
(SYS:34)1022R.SHR     33 09-Jun-89 08:52 -- bad license  09-Jun-89 08:49 CUBJET  ALL  RD  RD    200
(SYS:34)X22F.SHR      36 09-Jun-89 08:53 -- bad license  09-Jun-89 08:50 HIRPUN  ALL  RD  RD    200
(SYS:34)X22T.SHR      54 09-Jun-89 08:53 -- bad license  09-Jun-89 08:50 WUFDUW  ALL  RD  RD    200
(SYS:34)DSKMAP.DAT     2 05-Aug-91 09:18 -- bad checksum GELBAV 30-Jul-91 08:52 TESVUN  ALL  RD  NO
(SYS:34)SETOPX.SAV    53 04-Mar-89 22:36 -- extra not on master
(SYS:34)082391.DAT    59 23-Aug-91 23:54 -- bad checksum YANNUT 23-Aug-91 23:41 XUNBIX  ALL  RD  NO
(SYS:34)090491.DAT    56 04-Sep-91 23:55 -- bad checksum YARFEQ 04-Sep-91 23:58 COCLOX  ALL  RD  NO
(SYS:34)091391.DAT    56 13-Sep-91 23:56 -- bad checksum WIHZER 13-Sep-91 23:00 RAXFIR  ALL  RD  NO
(SYS:34)092291.DAT    28 22-Sep-91 23:55 -- bad checksum DUBJEM 22-Sep-91 23:52 WEVKUY  ALL  RD  NO
(SYS:34)HXLIB.REL     84 26-May-75 17:01 -- bad checksum YUWTUQ 28-Dec-75 23:48 DEKRUF  ALL  RD  NO
(SYS:34)MLISP.SAV     48 16-Sep-75 15:50 -- bad checksum FIZLIS 16-Sep-75 15:50 LAZJIW  ALL  RD RUN
(SYS:34)CONF           5 08-Sep-77 14:48 -- extra not on master
(SYS:34)XOBNPO        46 18-Sep-87 01:07 -- bad checksum GOMTOJ 15-Mar-89 10:32 TUZJEK  ALL  RD  NO
(SYS:34)CISABX.DAT     2 03-Aug-90 11:46 -- bad checksum MUGXUK 02-Jan-90 06:26 QUWFUF  ALL ALL ALL
(SYS:34)DISSPL.REL   660 15-Jan-80 09:34 -- bad checksum BESNEB 03-Jan-80 16:20 BUCWIJ  ALL  RD  RD
(SYS:34)FTUPDL.SAV    19 27-Mar-89 09:24 -- bad checksum TIHNUC 21-Jun-84 12:05 WICNAX  ALL  RD  NO 547012
(SYS:34)CRAM1.NWS      3 20-Oct-82 09:00 -- extra not on master
(SYS:34)HR1022.REL     7 10-Sep-81 16:30 -- bad checksum JUBPUQ 10-Sep-81 16:30 SUJREC  ALL  RD  RD
(SYS:34)NS1022.SHR   178 09-Jun-89 08:52 -- bad license  09-Jun-89 08:49 QIBPAT  ALL  RD  RD    200
(SYS:34)JQUEUE.INI     7 13-Nov-86 01:41 -- bad checksum MAMDUG 18-Nov-86 22:26 SURZEG  ALL  RD  NO    100
(SYS:34)JQUEUE.SYS    18 26-Sep-91 08:30 -- bad checksum VURYUF 26-Sep-91 14:00 POTJOY  ALL  RD  NO
(SYS:34)TELAID.SHR    21 08-Oct-87 16:42 -- bad checksum TILHAP 09-Oct-87 12:37 BIXJAK  ALL RUN RUN
(SYS:34)TELAID.LOW     4 08-Oct-87 16:58 -- bad checksum BOJYOK 09-Oct-87 12:39 LAWFAW  ALL RUN RUN
(SYS:34)SHARI.FIL      2 26-Jan-89 00:26 -- extra not on master
(SYS:34)ND3YSW.MA0     7 26-Jan-89 03:56 -- extra not on master
(SYS:34)ND3YSW.MD0     2 26-Jan-89 03:56 -- extra not on master
(SYS:34)USRVAL.LOW     2 03-Apr-91 10:20 -- extra not on master
(SYS:34)USRVAL.SHR   109 03-Apr-91 10:21 -- extra not on master
(SYS:34)OPPSX.SAV     53 04-Mar-89 22:36 -- extra not on master
(SYS:34)JUL90.MSG     54 30-Jun-90 20:00 -- bad checksum BEXQOG 30-Jun-90 20:00 FEBMAF  ALL  RD  NO
(SYS:34)JUL90.CTY     38 30-Jun-90 20:00 -- bad checksum LOJQER 30-Jun-90 20:00 YIZQOF  ALL  RD  NO
(SYS:34)JQUEUE.OLD    18 26-Sep-91 00:27 -- extra not on master
(SYS:34)082491.DAT    26 24-Aug-91 22:00 -- bad checksum FISNAK 24-Aug-91 22:00 NIHHOT  ALL  RD  NO
(SYS:34)090591.DAT    63 05-Sep-91 23:55 -- bad checksum MEVPUF 05-Sep-91 23:57 QEFNUV  ALL  RD  NO
(SYS:34)091491.DAT    59 14-Sep-91 23:49 -- bad checksum KOPGOG 14-Sep-91 23:59 XUCLOK  ALL  RD  NO
(SYS:34)092391.DAT    18 23-Sep-91 23:45 -- bad checksum YOQCUD 23-Sep-91 23:59 HEFDOK  ALL  RD  NO
(SYS:34)CRASH.SAV   8210 24-Aug-66 18:46 -- bad checksum QATJEM 27-Jan-66 14:06 PUVZIK   RD  RD  NO
(SYS:34)RPSUPD.HLP     4 06-Feb-75 15:26 -- extra not on master
(SYS:34)RPSUPD.LOW     2 22-Oct-75 10:42 -- extra not on master
(SYS:34)RPSUPD.SHR    23 22-Oct-75 11:17 -- extra not on master
(SYS:34)RUNOFF.SHR     5 01-Aug-72 17:01 -- bad checksum BEZNOC 18-Jan-85 14:06 PAKREM  ALL  RD  RD
(SYS:34)PUB2.SAV      20 16-Apr-76 08:57 -- bad checksum XOYCEX 26-Mar-80 14:52 ZUDPAV  ALL RUN RUN
(SYS:34)NWTITO.SAV    17 15-Sep-76 16:58 -- extra not on master
(SYS:34)OGFD.SAV       3 11-Dec-76 22:05 -- extra not on master
(SYS:34)L1600M.SAV    17 08-Sep-77 14:49 -- protection ALL  RD  RD 30-Jun-77 10:38 DELFAB  ALL RUN RUN
(SYS:34)CA8085.LOW     7 08-Sep-77 14:49 -- extra not on master
(SYS:34)CAF8L.SAV      7 25-Aug-77 09:13 -- extra not on master
(SYS:34)DSKROM.ROM   514 17-Mar-78 02:05 -- extra not on master
(SYS:34)CADSYN.SAV    41 31-Aug-79 12:27 -- bad checksum LIPYAM 31-Aug-79 12:26 FIYXIB  ALL RUN RUN
(SYS:34)CA808X.SHR     9 13-Sep-78 17:44 -- extra not on master
(SYS:34)CA808X.LOW     7 10-Jun-77 08:36 -- extra not on master
(SYS:34)FILEX.SHR     13 07-Feb-79 16:20 -- protection ALL  RD  RD 19-Jan-81 14:39 VEGVID  ALL ALL ALL
(SYS:34)1022M.SHR     35 09-Jun-89 08:53 -- bad license  09-Jun-89 08:50 NOYBOZ  ALL  RD  RD    200
(SYS:34)1022C1.SHR    89 09-Jun-89 08:52 -- bad license  09-Jun-89 08:49 GOBLAX  ALL  RD  RD    200
(SYS:34)24LOAD.DAT     2 01-Feb-83 15:44 -- protection ALL  RD  RD 22-Oct-80 13:46 ZUVDOQ  ALL  RD  NO
(SYS:34)1022T.SHR     50 09-Jun-89 08:53 -- bad license  09-Jun-89 08:50 SUHMOV  ALL  RD  RD    200
(SYS:34)1022F.SHR     45 09-Jun-89 08:53 -- bad checksum YUNPOX 09-Jun-89 08:50 JOSXIS  ALL  RD  RD    200
(SYS:34)ASP.6          6 21-Jun-85 10:05 -- extra not on master
(SYS:34)SYSTEM.SAV   170 05-Aug-91 07:51 -- bad checksum CAXLOK 19-Mar-91 07:06 LEQQUT  ALL  RD  NO
(SYS:34)PASLST.SHR    38 13-Oct-82 13:20 -- bad checksum VEXBIP 13-Oct-82 13:20 HITPIB  ALL  RD  RD
(SYS:34)LOAD.LUD      26 09-Apr-90 10:43 -- bad checksum TITBIH 19-Sep-91 13:51 RAVPOY  ALL  RD  RD
(SYS:34)LOAD.CLS      35 09-Apr-90 10:44 -- bad checksum MOXCOD 19-Sep-91 13:51 DOLREJ  ALL  RD  RD
(SYS:34)082591.DAT    18 25-Aug-91 23:48 -- bad checksum LOYQEH 25-Aug-91 23:56 RUKDEP  ALL  RD  NO
(SYS:34)090691.DAT    22 06-Sep-91 23:56 -- bad checksum DAQPUN 06-Sep-91 23:00 ZAXTUT  ALL  RD  NO
(SYS:34)CRA001.SAV   256 10-Sep-91 04:05 -- bad checksum YALZEG 12-Sep-91 20:20 KIJZUH  ALL  RD  NO
(SYS:34)091591.DAT    47 15-Sep-91 23:56 -- bad checksum POJLIY 15-Sep-91 23:56 YIRPIX  ALL  RD  NO
(SYS:34)092491.DAT    29 24-Sep-91 23:56 -- bad checksum LIBREX 24-Sep-91 23:53 XIFPOM  ALL  RD  NO
(SYS:34)SPAGES.SYS  5892 27-Jan-89 17:46 -- bad checksum LIPBEN
                           should be 02-Jul-88 15:06 NACKAF   RD  RD  NO
(SYS:34)XOBLAM        74 26-Sep-91 14:56 -- bad checksum ZEJHIC 26-Sep-91 14:32 GOSXEH  ALL  RD  NO
(SYS:34)RPSDDT.LOW     2 22-Oct-75 10:49 -- extra not on master
(SYS:34)RPSDDT.SHR    16 19-Mar-75 17:00 -- extra not on master
(SYS:34)CRB001.SAV   389 01-Jan-64 16:18 -- extra not on master
(SYS:34)SDDT.REL      41 29-Oct-74 10:25 -- bad checksum VIQBEW 01-Jan-64 16:01 NAKXOB  ALL  RD  RD
(SYS:34)COBOLF.SHR    22 28-Oct-77 13:28 -- bad checksum GUDGIZ 25-May-79 10:39 ZATLOR  ALL  RD  RD
(SYS:34)AMPSYN.SAV    29 27-Mar-80 09:36 -- bad checksum KOLTUZ 27-Mar-80 09:43 RUQXAK  ALL RUN RUN
(SYS:34)TKPOP.HGH     23 15-Jan-80 09:35 -- bad checksum PUQHAG 23-Jan-80 14:24 TOVNIY  ALL RUN RUN
(SYS:34)TKPOP.LOW      3 15-Jan-80 09:35 -- bad checksum WINKUB 23-Jan-80 14:24 LARGIK  ALL RUN RUN
(SYS:34)DUL.SYS       28 09-Mar-90 14:16 -- bad checksum MACJOJ 31-May-89 16:20 ZISVAQ  ALL  RD  NO
(SYS:34)BOOTS.KL       3 08-Jul-85 16:04 -- bad checksum YAWCAW 08-Jul-85 16:04 HANSIW  ALL RUN  NO      3
(SYS:34)HANGUP.SAV     3 14-Aug-85 10:56 -- bad checksum HEPCAS 14-Aug-85 10:55 XIDDIW  ALL RUN RUN 443000
(SYS:34)BOOT32.DAT     2 01-Feb-83 15:44 -- protection ALL  RD  RD 22-Oct-80 13:46 FECFOB  ALL  RD  NO
(SYS:34)16LOAD.DAT     2 01-Feb-83 15:44 -- protection ALL  RD  RD 22-Oct-80 13:46 MUGYOM  ALL  RD  NO
(SYS:34)082691.DAT    26 26-Aug-91 23:57 -- bad checksum BIZDOC 26-Aug-91 23:55 ZUBWEH  ALL  RD  NO
(SYS:34)090791.DAT    43 07-Sep-91 23:44 -- bad checksum KIKGOX 07-Sep-91 21:45 KAJCOS  ALL  RD  NO
(SYS:34)091691.DAT    71 16-Sep-91 23:59 -- bad checksum SIPNAR 16-Sep-91 23:55 LEMTEW  ALL  RD  NO
(SYS:34)092591.DAT    25 25-Sep-91 15:59 -- bad checksum COCMUN 25-Sep-91 23:58 COJYOB  ALL  RD  NO
(SYS:34)HOME.SYS     113 27-Jan-89 17:46 -- bad checksum JOZZUF 02-Jul-88 15:06 MUTPOJ   RD  RD  RD
(SYS:34)MEMSFE.OVL    10 07-Nov-72 16:01 -- bad checksum MOMDOV 08-Nov-72 09:45 MOYPAC  ALL  RD  RD
(SYS:34)CRB002.SAV   375 06-Oct-75 12:30 -- extra not on master
(SYS:34)F4STAT.DAT     2 02-Jun-82 06:37 -- bad checksum YISQEM 25-May-82 16:23 NAFWAT  ALL ALL ALL
(SYS:34)TELOLD.SAV     8 28-Oct-77 16:35 -- extra not on master
(SYS:34)COM.SAV        2 11-Sep-78 08:17 -- bad checksum JEQFEX 08-Mar-88 11:34 SOJKAC  ALL RUN RUN
(SYS:34)CAPPS8.SAV    11 26-Jun-79 11:17 -- bad checksum RUTXEP 26-Jun-79 09:30 SUYBUX  ALL RUN RUN
(SYS:34)CA8008.SHR     9 03-Oct-79 14:50 -- bad checksum PIBFUW 03-Oct-79 14:48 WUCPAD  ALL RUN RUN
(SYS:34)CT3.SAV        2 15-Feb-80 17:58 -- bad checksum KIWDAT 15-Feb-80 15:32 POSWAS  ALL RUN RUN
(SYS:34)CRSHID.DAT     2 12-Jan-88 17:59 -- extra not on master
(SYS:34)PERP.SAV      24 19-Nov-86 17:00 -- bad checksum SONCUN 18-Nov-86 14:23 FURWAD  RUN RUN RUN 100002
(SYS:34)UNDELE.SAV    28 27-Mar-84 10:09 -- extra not on master
(SYS:34)BACKUP.SHR    11 21-Jun-85 10:14 -- extra not on master
(SYS:34)CRSHID.LOG     2 04-Feb-88 15:05 -- bad checksum MEBVUX 04-Feb-88 17:34 FAWFIJ  ALL  RD  NO
(SYS:34)BACKUP.SAV   170 05-Aug-91 07:51 -- bad checksum RILZEY 19-Mar-91 07:05 XOKKAM  ALL  RD  NO
(SYS:34)HIHEAP.REL     2 13-Oct-82 13:21 -- extra not on master
(SYS:34)OVLMKI.REL     6 13-Oct-82 13:21 -- extra not on master
(SYS:34)DAY22.D34      9 22-Dec-88 18:22 -- extra not on master
(SYS:34)X22.LOW        2 16-Aug-83 15:39 -- extra not on master
(SYS:34)ODMSG.DAT      2 29-Mar-85 21:48 -- extra not on master
(SYS:34)DECDDT.SAV    11 22-Jan-87 10:20 -- extra not on master
(SYS:34)CRSHID.930     2 11-Nov-80 22:52 -- extra not on master
(SYS:34)CRSHID.62      2 22-Apr-87 15:34 -- extra not on master
(SYS:34)HELP.SHR       3 29-May-87 21:19 -- protection ALL  RD RUN 29-May-87 21:19 YUPYON  ALL  RD  NO
(SYS:34)HELP.HLP       2 04-May-80 17:57 -- extra not on master
(SYS:34)CCHECK.HGH    22 18-Jan-89 09:42 -- extra not on master
(SYS:34)CCHECK.LOW     6 18-Jan-89 09:42 -- extra not on master
(SYS:34)MAY90.MSG     27 01-May-90 01:13 -- bad checksum DOLBEL 30-Apr-90 20:00 VEYROZ  ALL  RD  NO
(SYS:34)082791.DAT    28 27-Aug-91 23:51 -- bad checksum GERLUM 27-Aug-91 23:59 XIQYAQ  ALL  RD  NO
(SYS:34)090191.DAT    20 01-Sep-91 23:54 -- bad checksum BOZGUB 01-Sep-91 23:57 XATKOD  ALL  RD  NO
(SYS:34)090891.DAT    20 08-Sep-91 23:59 -- bad checksum LOBTAV 08-Sep-91 23:42 PISYIM  ALL  RD  NO
(SYS:34)091091.DAT    29 10-Sep-91 23:57 -- bad checksum ZEPTAX 10-Sep-91 23:58 HATZIB  ALL  RD  NO
(SYS:34)091791.DAT    74 17-Sep-91 23:58 -- bad checksum NIMCIS 17-Sep-91 23:40 ZUCLAK  ALL  RD  NO
(SYS:34)1022AC.SHR     4 09-Jun-89 08:52 -- bad license  09-Jun-89 08:49 BOTCUK  ALL  RD  RD    200
(SYS:34)LISP.LOD       9 05-Jan-76 11:12 -- bad checksum KAZNAC 05-Jan-76 11:12 JUCYAH  ALL  RD  RD
(SYS:34)RPS.HLP        5 24-Jul-73 17:01 -- extra not on master
(SYS:34)SUDS.SHR      10 14-Sep-72 17:01 -- bad checksum TAJCEQ 02-Nov-76 14:17 FEMHAG  ALL  RD  RD
(SYS:34)HELLO.SAV      2 12-Sep-72 17:01 -- bad checksum WANGEC 02-Nov-76 14:17 DAQWEC  ALL  RD  RD
(SYS:34)DISPAT.SHR    31 22-Sep-75 12:04 -- extra not on master
(SYS:34)RPS620.CUR     9 02-Jan-64 10:26 -- extra not on master
(SYS:34)DISPAT.LOW     2 22-Sep-75 12:04 -- extra not on master
(SYS:34)COBRG.SAV      4 30-May-73 17:01 -- bad checksum XUDPEG 01-Jan-64 16:01 SAPJIS  ALL RUN RUN
(SYS:34)TSTAT.SAV     13 02-Jan-73 16:01 -- bad checksum NIHGUJ 01-Jan-64 16:01 GUKNUB  ALL RUN RUN
(SYS:34)DREGR.SAV     15 12-Mar-74 17:01 -- bad checksum KOYJAH
                           should be 01-Jan-64 16:01 WEPVOJ  ALL RUN RUN
(SYS:34)CRB003.SAV   383 01-Jan-64 16:13 -- extra not on master
(SYS:34)DISPAT.HLP     8 07-Feb-75 09:20 -- extra not on master
(SYS:34)ACLOG.SAV     11 04-Aug-78 10:23 -- bad checksum VOHTIH 04-Aug-78 10:22 SEGVAG  ALL RUN RUN
(SYS:34)EXPX22.REL     7 17-Oct-79 10:17 -- bad checksum XIGYEL 14-Mar-80 13:53 ZIHMAV  ALL  RD  RD
(SYS:34)APPUS.DAT     36 29-Aug-89 13:11 -- bad checksum HEKCAN 03-Mar-88 17:20 CIDYOX  ALL  RD  NO
(SYS:34)CASS.LOW      30 19-Aug-80 04:41 -- extra not on master
(SYS:34)CASS.HGH      34 19-Aug-80 04:41 -- extra not on master
(SYS:34)CHKCLK.SAV     2 24-Dec-80 11:11 -- protection ALL RUN  NO 19-Dec-80 13:39 KEMNEP  ALL  RD  RD
(SYS:34)NVAS.LOW      15 21-Jul-81 16:26 -- bad checksum QEXZIH 01-Jun-78 15:33 HOHNAN  ALL RUN RUN
(SYS:34)NVAS.SHR      25 21-Jul-81 16:35 -- bad checksum CUYNAW 01-Jun-78 15:37 TUYPAD  ALL RUN RUN
(SYS:34)EXPX22.SHR     7 11-Sep-81 10:47 -- protection ALL  RD  RD 08-Sep-81 15:07 WUVSIK  ALL RUN RUN
(SYS:34)EXPX22.SHR     7 11-Sep-81 10:47 -- bad license    200 08-Sep-81 15:07 WUVSIK  ALL RUN RUN
(SYS:34)FORTG.BAD     47 20-Nov-81 16:09 -- extra not on master
(SYS:34)CRAM.SAV      62 20-Oct-82 08:57 -- extra not on master
(SYS:34)DEFER.SAV     24 19-Nov-86 17:00 -- bad checksum SONCUN 18-Nov-86 14:23 FURWAD  RUN RUN RUN 100002
(SYS:34)LOGOUT.SHR     4 16-Oct-86 12:32 -- protection ALL RUN RUN 14-Oct-86 19:12 NIWSEG  ALL  RD RUN 547000
(SYS:34)PAKCOP.SAV    26 30-Nov-87 23:00 -- extra not on master
(SYS:34)LOADER.SAV    13 08-Apr-85 16:16 -- bad checksum QOVBOB 08-Apr-85 16:16 YENVUN  ALL RUN RUN
(SYS:34)PROCES.DEF     3 23-Dec-88 11:01 -- protection ALL  RD  NO 11-Aug-80 10:47 JOPBON  ALL  RD  RD
(SYS:34)SHARI2.FIL     2 25-Jan-89 08:01 -- extra not on master
(SYS:34)082891.DAT    29 28-Aug-91 23:50 -- bad checksum QATQUC 28-Aug-91 23:59 TICMIR  ALL  RD  NO
(SYS:34)083091.DAT    56 30-Aug-91 23:53 -- bad checksum CURGOX 30-Aug-91 23:00 QOLVUS  ALL  RD  NO
(SYS:34)090291.DAT    19 02-Sep-91 23:46 -- bad checksum NEQWUG 02-Sep-91 23:56 XIXJUX  ALL  RD  NO
(SYS:34)090991.DAT    43 09-Sep-91 23:47 -- bad checksum WEYLEZ 09-Sep-91 23:46 XUDWIX  ALL  RD  NO
(SYS:34)091191.DAT    23 11-Sep-91 14:59 -- bad checksum DEVRUN 11-Sep-91 23:55 SIYLAN  ALL  RD  NO
(SYS:34)SAT.SYS      183 27-Jan-89 17:46 -- bad checksum CUKTOQ 02-Jul-88 15:06 QEBMEZ   RD  RD  RD
(SYS:34)NEWRES.SAV     2 09-Apr-72 16:01 -- bad checksum WASZAX 01-Jan-64 16:01 HEFFIH  ALL  RD  RD
(SYS:34)ELIZA.SAV     31 16-Apr-70 16:01 -- bad checksum RANTET 01-Jan-64 16:01 YAQWUR  ALL RUN RUN
(SYS:34)SNOBOL.SHR    33 19-Apr-72 16:01 -- bad checksum PABSOP 14-Mar-88 22:58 PAZYEL  ALL  RD  NO
(SYS:34)SNOBOL.LOW    14 19-Apr-72 16:01 -- bad checksum WOCKEN 14-Mar-88 22:58 YAZFEF  ALL  RD  NO
(SYS:34)SNOBOL.INI    16 19-Apr-72 16:01 -- extra not on master
(SYS:34)REDUCE.SAV    81 01-Jul-74 14:01 -- bad checksum FEVGAJ 21-Apr-82 12:23 GIZBOD  ALL  RD  RD
(SYS:34)TDB.SAV        2 28-Sep-76 12:17 -- bad checksum WIBXAS 28-Sep-76 12:12 HOPVOL  ALL RUN RUN
(SYS:34)FSHTAP.SAV     2 18-Nov-77 16:16 -- bad checksum XEHCOX 18-Nov-77 16:05 LAXHEK  ALL RUN RUN  20002
(SYS:34)ACTSUM.SAV    38 07-Dec-78 11:39 -- bad checksum XOSYOG 21-Apr-82 12:23 HIFCAC  ALL  RD  NO
(SYS:34)X22C0.SHR     65 09-Jun-89 08:53 -- bad license  09-Jun-89 08:50 BIPLUM  ALL  RD  RD    200
(SYS:34)QN1400.SHR    84 09-Jun-89 08:52 -- bad license  09-Jun-89 08:49 WETYEX  ALL  RD  RD    200
(SYS:34)FOR22.SHR    193 11-Sep-81 10:47 -- bad checksum YONJIC 17-Sep-82 14:57 BEFXEW  ALL  RD  RD    200
(SYS:34)SPEC           6 03-Oct-77 11:13 -- extra not on master
(SYS:34)DSKCLN.111     8 20-Jun-89 16:17 -- bad checksum KOBYIM 18-Feb-89 20:15 SUWREP  ALL  RD  NO  45017
(SYS:34)12LOAD.DAT     2 01-Feb-83 15:44 -- protection ALL  RD  RD 22-Oct-80 13:47 NUMVIC  ALL  RD  NO
(SYS:34)1022.SHR       7 09-Jun-89 08:52 -- bad license  09-Jun-89 08:49 BODZOK  ALL  RD  RD    200
(SYS:34)1022SA.SAV    35 31-Jul-84 12:08 -- bad license  30-Jul-84 11:41 ZUSGEG  ALL  RD  RD    200
(SYS:34)PCOM1.SHR     47 05-Oct-82 16:34 -- extra not on master
(SYS:34)PCOM1.LOW      5 05-Oct-82 16:34 -- extra not on master
(SYS:34)SUBMIT.SAV    64 24-Mar-87 10:05 -- extra not on master
(SYS:34)NAD.SAV       18 05-Dec-86 15:31 -- bad license  05-Dec-86 15:31 LUZMUN  ALL RUN RUN     10
(SYS:34)DIRIT.INI      2 09-Mar-83 15:47 -- extra not on master
(SYS:34)NEWMON.SAV   170 30-Jul-91 07:43 -- bad checksum CAXLOK 15-Mar-91 20:16 LEQQUT  ALL  RD  NO
(SYS:34)HOSTS.BAK      2 05-Aug-90 21:27 -- bad checksum WOWWEH 05-Aug-90 21:25 LUNBOB  ALL  RD  RD
(SYS:34)DSKCLN.SAV     8 24-Aug-90 15:21 -- bad checksum QAHKUS 20-Jun-89 16:17 KOBYIM  ALL  RD  NO  45017
(SYS:34)082291.DAT    57 22-Aug-91 23:59 -- bad checksum SUHLAY 22-Aug-91 23:03 PIXNIN  ALL  RD  NO
(SYS:34)HOSTS.SYS      2 24-Aug-91 05:05 -- bad checksum NUSCEN 24-Aug-91 05:03 GIMXUS  ALL  RD  RD
(SYS:34)LUD.C24      223 05-Oct-86 03:30 -- extra not on master
(SYS:34)JUN88.CTY     16 31-May-88 18:00 -- bad checksum WIFPIT 29-Jun-88 02:41 ZIGPOT  ALL  RD  NO
(SYS:34)OCT88.CTY     17 30-Sep-88 18:00 -- bad checksum SELPOW 25-Oct-88 12:47 LEPLAN  ALL  RD  NO
(SYS:34)1022C2.V10    78 09-Jun-89 08:52 -- bad checksum REKJIH 09-Jun-89 08:49 ZOBGEV  ALL  RD  RD    200
(SYS:34)1022C2.V20    41 09-Jun-89 08:53 -- bad license 
                           should be 09-Jun-89 08:49 JIGDUQ  ALL  RD  RD    200
(SYS:34)NOV89.MSG     15 31-Oct-89 18:00 -- bad checksum QONZEQ 31-Oct-89 16:00 MENPOB  ALL  RD  NO
(SYS:34)NOV89.CTY     12 31-Oct-89 18:00 -- bad checksum BAWJOH 31-Oct-89 16:00 WEYBEX  ALL  RD  NO
(SYS:34)LUD.SYS      223 26-Sep-91 14:56 -- bad checCIKMUZ 26-Sep-91 14:32 ROTKIV  ALL  RD  RD
(SYS:34)JUN90.MSG     25 31-May-90 20:00 -- bad checksum YAGDAD 31-May-90 20:00 NUFQOZ  ALL  RD  NO
(SYS:34)JUN90.CTY     19 31-May-90 20:00 -- bad checksum RUCBIF 31-May-90 20:00 HABHAM  ALL  RD  NO
(SYS:34)OCT90.MSG     18 30-Sep-90 20:00 -- bad checksum WUXVOB 30-Sep-90 20:00 WUFNEJ  ALL  RD  NO
(SYS:34)OCT90.CTY     16 30-Sep-90 20:00 -- bad checksum VEFKIQ 30-Sep-90 20:00 VOYNAC  ALL  RD  NO
(SYS:34)080191.DAT    58 01-Aug-91 23:55 -- bad checksum BUGVIJ 01-Aug-91 23:59 CAPRUS  ALL  RD  NO
(SYS:34)080891.DAT    91 08-Aug-91 23:57 -- bad checksum YUCSOJ 08-Aug-91 23:57 WEKQEX  ALL  RD  NO
(SYS:34)081091.DAT    70 10-Aug-91 23:42 -- bad checksum ZAZBEJ 10-Aug-91 23:54 KUVRUF  ALL  RD  NO
(SYS:34)081791.DAT    72 17-Aug-91 23:54 -- bad checksum GATVAW 17-Aug-91 23:56 BIWFOG  ALL  RD  NO
(SYS:34)BOOT3B.KI      3 08-Jul-85 16:24 -- bad checksum RIRFUB 08-Jul-85 16:24 DAYZUR  ALL RUN  NO      3
(SYS:34)BOOT3P.KL      3 13-Jan-87 14:04 -- bad checksum DAKWIB 13-Jan-87 14:04 JUPHUS  ALL  RD  NO      3
(SYS:34)PAKCP3.SAV    26 30-Nov-87 23:03 -- extra not on master
(SYS:34)MAGNUM.DIR     2 26-Jan-89 03:56 -- extra not on master
(SYS:34)MAR89.CTY      9 17-Mar-89 07:23 -- bad checksum NUJXUL 16-Mar-89 00:14 HOFFAD  ALL  RD  NO
(SYS:34)MAR89.MSG      4 13-Feb-89 13:53 -- extra not on master
(SYS:34)MAY89.MSG     17 30-Apr-89 18:00 -- bad checksum WINNUV 30-Apr-89 20:00 RUSDOB  ALL  RD  NO
(SYS:34)MAY89.CTY     14 30-Apr-89 18:00 -- bad checksum RUVDAC 30-Apr-89 20:00 GOKBUM  ALL  RD  NO
(SYS:34)SEP88.CTY     15 31-Aug-88 18:00 -- bad checksum FIKCIH 31-Aug-88 20:00 MUKXUT  ALL  RD  NO
(SYS:34)DEC88.CTY     14 30-Nov-88 18:00 -- bad checksum GACZEB 30-Nov-88 20:16 FELFEV  ALL  RD  NO
(SYS:34)JAN89.CTY     14 31-Dec-88 18:00 -- bad checksum XOFMEB 01-Jan-89 17:59 NIZGAT  ALL  RD  NO
(SYS:34)ACCES.MSG      2 04-Apr-90 14:05 -- extra not on master
(SYS:34)SEP90.MSG     19 31-Aug-90 20:00 -- bad checksum FILXON 31-Aug-90 20:00 YOZFET  ALL  RD  NO
(SYS:34)SEP90.CTY     17 31-Aug-90 20:00 -- bad checksum YOWYIH 31-Aug-90 20:00 WARPIJ  ALL  RD  NO
(SYS:34)DEC90.MSG     39 30-Nov-90 16:00 -- bad checksum FEGVAH 30-Nov-90 16:00 VIPVEB  ALL  RD  NO
(SYS:34)DEC90.CTY     31 30-Nov-90 16:00 -- bad checksum WADGOZ 30-Nov-90 16:00 MOTLOQ  ALL  RD  NO
(SYS:34)JAN91.MSG     29 31-Dec-90 16:00 -- bad checksum WOJCEX 31-Dec-90 16:00 XIQCUW  ALL  RD  NO
(SYS:34)JAN91.CTY     24 31-Dec-90 16:00 -- bad checksum JUWPUH 31-Dec-90 16:00 DABPIC  ALL  RD  NO
(SYS:34)MAR91.MSG     19 28-Feb-91 16:00 -- bad checksum RINQUY 28-Feb-91 16:00 PONNIF  ALL  RD  NO
(SYS:34)MAR91.CTY     17 28-Feb-91 16:00 -- bad checksum LISXIF 28-Feb-91 16:00 SOCKOL  ALL  RD  NO
(SYS:34)MAY91.MSG     23 30-Apr-91 20:00 -- bad checksum QUSROV 30-Apr-91 20:00 GATGOB  ALL  RD  NO
(SYS:34)MAY91.CTY     26 30-Apr-91 20:00 -- bad checksum MEYCEG 30-Apr-91 20:00 VAHSUS  ALL  RD  NO
(SYS:34)080391.DAT    60 03-Aug-91 23:58 -- bad checksum SICBIW 03-Aug-91 23:55 VOMQAH  ALL  RD  NO
(SYS:34)081291.DAT    38 12-Aug-91 23:59 -- bad checksum WAZGAW 12-Aug-91 23:56 ZEQNIZ  ALL  RD  NO
(SYS:34)081991.DAT    32 19-Aug-91 23:52 -- bad checksum PEFVEL 19-Aug-91 23:57 SORYEQ  ALL  RD  NO
(SYS:34)082191.DAT    56 21-Aug-91 23:55 -- bad checksum PEXBOY 21-Aug-91 23:58 ZOKGOS  ALL  RD  NO
(SYS:34)091891.DAT    47 18-Sep-91 23:54 -- bad checksum CIGQET 18-Sep-91 23:52 HUVPOQ  ALL  RD  NO
(SYS:34)092091.DAT    34 20-Sep-91 23:54 -- bad checksum REZJIH 20-Sep-91 23:06 MUYPER  ALL  RD  NO
(SYS:34)LOADII.ACC   104 01-Mar-83 10:33 -- bad checksum PEVXUZ 20-Mar-90 22:47 HECYOW  ALL UPD UPD
(SYS:34)COPYPC.EXT     3 05-Feb-85 11:01 -- bad checksum MIBMET 05-Feb-85 11:00 HETVEP  ALL  RD  NO
(SYS:34)PAKCPX.SAV    26 30-Nov-87 23:08 -- extra not on master
(SYS:34)KL3675.SAV   168 28-Sep-87 13:09 -- bad checksum BIRPAM 28-Sep-87 13:07 JENMOZ  ALL  RD  NO
(SYS:34)FEB89.CTY     12 31-Jan-89 18:00 -- bad checksum RAZNUG 03-Feb-89 19:51 QAZHEV  ALL  RD  NO
(SYS:34)APR90.MSG     31 31-Mar-90 16:00 -- bad checksum MIWBAV 31-Mar-90 16:00 YUGVOZ  ALL  RD  NO
(SYS:34)APR90.CTY     21 31-Mar-90 16:00 -- bad checksum JUYNAQ 31-Mar-90 16:00 RILMUW  ALL  RD  NO
(SYS:34)SETOP.SAO     54 04-Feb-91 11:30 -- extra not on master
(SYS:34)SORT.HLP       4 30-Sep-87 15:13 -- extra not on master
(SYS:34)FEB91.MSG     18 31-Jan-91 16:00 -- bad checksum WAGREW 31-Jan-91 16:00 NUBMER  ALL  RD  NO
(SYS:34)FEB91.CTY     16 31-Jan-91 16:00 -- bad checksum YIFYIY 31-Jan-91 16:00 XOWSUJ  ALL  RD  NO
(SYS:34)ACCESS.MES     2 22-Apr-91 12:45 -- bad checksum RIXZUP 18-Apr-91 08:48 RORNIS  ALL  RD  NO
(SYS:34)SETOP.SAV     55 29-Apr-91 13:02 -- extra not on master
(SYS:34)080591.DAT    65 05-Aug-91 23:56 -- bad checksum MORRUS 05-Aug-91 23:59 WIGDAP  ALL  RD  NO
(SYS:34)081491.DAT    38 14-Aug-91 23:57 -- bad checksum ZEGYIF 14-Aug-91 23:55 BIJWEH  ALL  RD  NO
(SYS:34)KL3652.SAV   168 28-Sep-87 13:08 -- bad checksum TIZWEL
                           should be 28-Sep-87 13:06 MAKTAJ  ALL  RD  NO
(SYS:34)ASP.SAV        7 27-Jul-87 14:51 -- bad checksum WOPLIN 10-Jun-88 08:05 DAJXUH  ALL RUN RUN  64017
(SYS:34)NOV88.CTY     13 31-Oct-88 18:00 -- bad checksum ZISZEY 15-Nov-88 12:18 YOBMID  ALL  RD  NO
(SYS:34)JUL89.MSG     17 30-Jun-89 18:00 -- bad checksum CUTXIL 30-Jun-89 20:00 XACQUV  ALL  RD  NO
(SYS:34)JUL89.CTY     14 30-Jun-89 18:00 -- bad checksum QATVAH 30-Jun-89 20:00 KEWZOV  ALL  RD  NO
(SYS:34)AUG89.MSG     18 31-Jul-89 18:00 -- bad checksum VEJVIY 31-Jul-89 20:00 MUZSAF  ALL  RD  NO
(SYS:34)AUG89.CTY     18 31-Jul-89 18:00 -- bad checksum MEBPIP 31-Jul-89 20:00 PEYZOV  ALL  RD  NO
(SYS:34)OLDMON.SAV   170 05-Aug-91 07:51 -- bad checksum NEBLUL 19-Mar-91 07:05 QATMOM  ALL  RD  NO
(SYS:34)CCESS.MSG      2 12-Jul-90 08:42 -- extra not on master
(SYS:34)NOV90.MSG     18 31-Oct-90 16:00 -- bad checksum BUFDEC 31-Oct-90 16:00 LUMHAD  ALL  RD  NO
(SYS:34)NOV90.CTY     17 31-Oct-90 16:00 -- bad checksum JAGMEH 31-Oct-90 16:00 ZIBZEC  ALL  RD  NO
(SYS:34)JUL91.MSG     16 30-Jun-91 20:00 -- bad checksum FAJHOD 30-Jun-91 20:00 RIZKOH  ALL  RD  NO
(SYS:34)JUL91.CTY     14 30-Jun-91 20:00 -- bad checksum DILMIT 30-Jun-91 20:00 YELYOY  ALL  RD  NO
(SYS:34)AUG91.MSG     24 31-Jul-91 20:00 -- bad checksum MADVIH 31-Jul-91 19:38 DUVDOH  ALL  RD  NO
(SYS:34)AUG91.CTY     23 31-Jul-91 20:00 -- bad checksum BAZJUK 31-Jul-91 19:38 RALXAM  ALL  RD  NO
(SYS:34)080791.DAT    91 07-Aug-91 23:57 -- bad checksum CUBNEQ 07-Aug-91 23:59 JEVJIN  ALL  RD  NO
(SYS:34)081691.DAT    73 16-Aug-91 23:58 -- bad checksum LEYHOL 16-Aug-91 22:53 VUYDUC  ALL  RD  NO
(SYS:34)TAKEIT.LOG    12 11-Sep-91 14:59 -- bad checksum PUJKOS 20-Sep-91 23:00 CEVMAB  ALL  RD  NO
(SYS:34)CRON.LOG      12 26-Sep-91 15:00 -- bad checksum NOJTUR 26-Sep-91 14:00 VEFZIX  ALL  RD  NO
(SYS:34)DRWSPR.BIN    66 17-May-91 23:55 -- bad checksum ZUYSOG 26-Mar-91 14:43 XOQZAW  ALL  RD  NO 400000
(SYS:34)DRWSPR.TXT    56 17-May-91 23:55 -- bad checksum KAWRUX 26-Mar-91 14:43 JODNAG  ALL  RD  NO 400000
(SYS:34)DRWSPR.BWE    66 18-Sep-91 23:55 -- extra not on master
(SYS:34)DRWSPR.TWE    56 18-Sep-91 23:55 -- extra not on master
(SYS:34)DRWSPR.BMO    66 16-Sep-91 23:55 -- extra not on master
(SYS:34)DRWSPR.TMO    56 16-Sep-91 23:55 -- extra not on master
(SYS:34)DRWSPR.BSA    66 14-Sep-91 23:55 -- extra not on master
(SYS:34)DRWSPR.TSA    56 14-Sep-91 23:55 -- extra not on master
(SYS:34)DRWSPR.BTU    66 24-Sep-91 23:55 -- extra not on master
(SYS:34)DRWSPR.TTU    56 24-Sep-91 23:55 -- extra not on master
(SYS:34)DRWSPR.BTH    66 12-Sep-91 23:55 -- extra not on master
(SYS:34)DRWSPR.TTH    56 12-Sep-91 23:55 -- extra not on master
(SYS:34)DRWSPR.BSU    66 22-Sep-91 23:55 -- extra not on master
(SYS:34)DRWSPR.TSU    56 22-Sep-91 23:55 -- extra not on master
(SYS:34)DRWSPR.BDB    66 24-Apr-91 16:45 -- extra not on master
(SYS:34)DRWSPR.EMO    13 21-May-91 07:33 -- extra not on master
(SYS:34)DRWSPR.BFR    66 20-Sep-91 23:55 -- extra not on master
(SYS:34)DRWSPR.TFR    56 20-Sep-91 23:55 -- extra not on master
(SYS:34)080491.DAT    37 04-Aug-91 23:53 -- bad checksum CELQEB 04-Aug-91 23:57 SACHAY  ALL  RD  NO
(SYS:34)081391.DAT    38 13-Aug-91 23:52 -- bad checksum MOMTAH 13-Aug-91 23:51 RIZKES  ALL  RD  NO
(SYS:34)082991.DAT    46 29-Aug-91 23:57 -- bad checksum CUWYUF 29-Aug-91 23:57 SOFGEY  ALL  RD  NO
(SYS:34)083191.DAT    44 31-Aug-91 23:59 -- bad checksum MATTEQ 31-Aug-91 23:59 NAYNAD  ALL  RD  NO
(SYS:34)SEP91.MSG     42 31-Aug-91 21:39 -- bad checksum FARHIB 31-Aug-91 20:00 LURPAY  ALL  RD  NO
(SYS:34)SEP91.CTY     38 31-Aug-91 21:39 -- bad checksum JEPDIG 31-Aug-91 20:00 GIFLAZ  ALL  RD  NO
(SYS:34)090391.DAT    44 03-Sep-91 23:50 -- bad checksum SIVWIQ 03-Sep-91 23:59 NIWFEG  ALL  RD  NO
(SYS:34)091291.DAT    44 12-Sep-91 23:55 -- bad checksum XIWDOP 12-Sep-91 23:54 FOSPUZ  ALL  RD  NO
(SYS:34)091991.DAT    40 19-Sep-91 23:52 -- bad checksum NAWJET 19-Sep-91 23:56 FALMES  ALL  RD  NO
(SYS:34)092191.DAT    22 21-Sep-91 23:56 -- bad checksum XUDWAX 21-Sep-91 23:53 NEYKAN  ALL  RD  NO
(SYS:34)MUNG.SAV       2 11-Jul-85 16:09 -- protection ALL  RD  RD 27-May-90 14:23 MUXMOY  ALL  RD RUN
(SYS:34)CRSHID.32      2 29-Aug-87 16:08 -- extra not on master
(SYS:34)KI3675.SAV   167 28-Sep-87 13:08 -- extra not on master
(SYS:34)SWITCH.INI     2 07-Jul-88 12:27 -- extra not on master
(SYS:34)SWITCH.HLP     2 07-Jul-88 12:21 -- extra not on master
(SYS:34)MMDSEG.REL     2 13-Oct-82 13:21 -- extra not on master
(SYS:34)LOADZ.SAV     29 18-Nov-88 08:02 -- extra not on master
(SYS:34)MAY88.CTY      5 29-May-88 03:48 -- extra not on master
(SYS:34)JUN89.MSG     18 31-May-89 18:00 -- bad checksum NUTYAX 31-May-89 20:00 GENGOK  ALL  RD  NO
(SYS:34)JUN89.CTY     15 31-May-89 18:00 -- bad checksum YAPCOW 31-May-89 20:00 YEJKOK  ALL  RD  NO
(SYS:34)OCT89.MSG     18 30-Sep-89 21:02 -- extra not on master
(SYS:34)OCT89.CTY     15 30-Sep-89 21:02 -- extra not on master
(SYS:34)JAN90.CTY     24 31-Dec-89 16:00 -- bad checksum TAJVAD 03-Jan-90 05:21 PANWAT  ALL  RD  NO
(SYS:34)MAR90.MSG     47 28-Feb-90 16:00 -- bad checksum ZOLNOX 28-Feb-90 16:00 DIDGEV  ALL  RD  NO
(SYS:34)MAR90.CTY     43 28-Feb-90 16:00 -- bad checksum ZOTBAK 28-Feb-90 16:00 GUXSEK  ALL  RD  NO
(SYS:34)MAY90.CTY     22 01-May-90 01:13 -- bad checksum XUYFAT 30-Apr-90 20:00 QICSAW  ALL  RD  NO
(SYS:34)JAN90.MSG     28 31-Dec-89 16:00 -- bad checksum PEBMAC 03-Jan-90 05:21 PEWMUM  ALL  RD  NO
(SYS:34)CD.SAV         3 13-Mar-91 12:35 -- bad license  13-Mar-91 12:35 LAHPAM  ALL  RD RUN   5010
(SYS:34)JUN91.MSG     18 31-May-91 20:00 -- bad checksum YONQEG 31-May-91 19:23 PUFSEY  ALL  RD  NO
(SYS:34)JUN91.CTY     16 31-May-91 20:00 -- bad checksum SOHDOB 31-May-91 19:23 WUHDIQ  ALL  RD  NO
(SYS:34)080291.DAT    73 02-Aug-91 23:55 -- bad checksum BOBTEQ 02-Aug-91 23:00 YAYTIN  ALL  RD  NO
(SYS:34)080991.DAT    90 09-Aug-91 23:58 -- bad checksum QAWPIY 09-Aug-91 23:00 LIZDOG  ALL  RD  NO
(SYS:34)081191.DAT    28 11-Aug-91 23:50 -- bad checksum FURCEW 11-Aug-91 23:58 BOLHUB  ALL  RD  NO
(SYS:34)081891.DAT    36 18-Aug-91 23:50 -- bad checksum MUNHUZ 18-Aug-91 23:56 DUCBEP  ALL  RD  NO
(SYS:34)082091.DAT    47 20-Aug-91 23:52 -- bad checksum RIMYOL 20-Aug-91 23:55 WAXZEJ  ALL  RD  NO
(SYS:34)CRA003.SAV   231 23-Sep-91 06:45 -- extra not on master
(SYS:34)092691.DAT    34 26-Sep-91 14:58 -- bad checksum MOHQOM 26-Sep-91 14:42 SEFRAC  ALL  RD  NO
(SYS:34)JUL88.CTY     17 30-Jun-88 18:00 -- bad checksum BATVUK 30-Jun-88 20:00 WASCID  ALL  RD  NO
(SYS:34)AUG88.CTY     14 31-Jul-88 18:00 -- bad checksum FUYSEL 15-Aug-88 20:01 DIDCAJ  ALL  RD  NO
(SYS:34)AUG90.MSG     19 31-Jul-90 20:00 -- bad checksum FIXPOH 31-Jul-90 20:00 WIDNIR  ALL  RD  NO
(SYS:34)AUG90.CTY     17 31-Jul-90 20:00 -- bad checksum COZXOC 31-Jul-90 20:00 WAKXAL  ALL  RD  NO
(SYS:34)TYPE.HLP       5 23-Jun-81 12:32 -- extra not on master
(SYS:34)APR91.MSG     17 31-Mar-91 16:00 -- bad checksum YOKDAY 31-Mar-91 16:00 JULSAF  ALL  RD  NO
(SYS:34)APR91.CTY     16 31-Mar-91 16:00 -- bad checksum KEJGET 31-Mar-91 16:00 KAKTAF  ALL  RD  NO
(SYS:34)APR89.CTY     16 31-Mar-89 18:00 -- bad checksum MITCEV 31-Mar-89 16:00 PIMKIH  ALL  RD  NO
(SYS:34)OPPS.SAV      54 04-Feb-91 11:31 -- extra not on master
(SYS:34)APR89.MSG     14 13-Apr-89 14:53 -- bad checksum NEBMEP 11-Apr-89 19:19 LEMLUM  ALL  RD  NO
(SYS:34)080691.DAT    83 06-Aug-91 23:58 -- bad checksum TIWTOB 06-Aug-91 23:55 RUXMAD  ALL  RD  NO
(SYS:34)081591.DAT    38 15-Aug-91 23:56 -- bad checksum GABRIG 15-Aug-91 23:57 XUXXAB  ALL  RD  NO
(SYS:34)071791.DAT                       -- missing on slave
(SYS:34)071091.DAT                       -- missing on slave
(SYS:34)DIRECT.SHR                       -- missing on slave
(SYS:34)DIRECT.LOW                       -- missing on slave
(SYS:34)KSFEFS.SAV                       -- missing on slave
(SYS:34)UUOTYM.UNV                       -- missing on slave
(SYS:34)DDTOLD.REL                       -- missing on slave
(SYS:34)DDTOLD.SAV                       -- missing on slave
(SYS:34)RUNOFF.LOW                       -- missing on slave
(SYS:34)1022F.FXL                        -- missing on slave
(SYS:34)1022FX                           -- missing on slave
(SYS:34)P10INI.ENV                       -- missing on slave
(SYS:34)P10OCG.SHR                       -- missing on slave
(SYS:34)P10OCG.LOW                       -- missing on slave
(SYS:34)071691.DAT                       -- missing on slave
(SYS:34)LP20FS.SAV                       -- missing on slave
(SYS:34)FOROTS.SHR                       -- missing on slave
(SYS:34)KMCLOD.SAV                       -- missing on slave
(SYS:34)ME                               -- missing on slave
(SYS:34)33BU05.07                        -- missing on slave
(SYS:34)1022C0.FXL                       -- missing on slave
(SYS:34)OLDRPG.SHR                       -- missing on slave
(SYS:34)LEVER.SAV                        -- missing on slave
(SYS:34)ACCESS.MSG                       -- missing on slave
(SYS:34)071591.DAT                       -- missing on slave
(SYS:34)MCODE                            -- missing on slave
(SYS:34)NODLOD.SAV                       -- missing on slave
(SYS:34)DEFOPR.SAV                       -- missing on slave
(SYS:34)LOADII.DMS                       -- missing on slave
(SYS:34)ACCESS.BAK                       -- missing on slave
(SYS:34)ATF.SAV                          -- missing on slave
(SYS:34)DEFSYS.SAV                       -- missing on slave
(SYS:34)COPYPC.DEF                       -- missing on slave
(SYS:34)FOR32.DAT                        -- missing on slave
(SYS:34)X22T.FXL                         -- missing on slave
(SYS:34)X22F.FXL                         -- missing on slave
(SYS:34)EXP1.FIX                         -- missing on slave
(SYS:34)1022R.FXL                        -- missing on slave
(SYS:34)ASPNEW.SAV                       -- missing on slave
(SYS:34)MDLPRO.EXE                       -- missing on slave
(SYS:34)MDLPRO.SHR                       -- missing on slave
(SYS:34)MDLPRO.LOW                       -- missing on slave
(SYS:34)ODMS.SHR                         -- missing on slave
(SYS:34)ODMS.LOW                         -- missing on slave
(SYS:34)ESC.LEV                          -- missing on slave
(SYS:34)MESSAG                           -- missing on slave
(SYS:34)072391.DAT                       -- missing on slave
(SYS:34)071491.DAT                       -- missing on slave
(SYS:34)KSBLOD.DMP                       -- missing on slave
(SYS:34)TYPBAT.SAV                       -- missing on slave
(SYS:34)DRWSPR.EXP                       -- missing on slave
(SYS:34)ACCESD.MSG                       -- missing on slave
(SYS:34)QUOTA.SHR                        -- missing on slave
(SYS:34)FEB90.CTY                        -- missing on slave
(SYS:34)FEB90.MSG                        -- missing on slave
(SYS:34)DEC89.CTY                        -- missing on slave
(SYS:34)DEC89.MSG                        -- missing on slave
(SYS:34)TITO.HLP                         -- missing on slave
(SYS:34)SEP89.CTY                        -- missing on slave
(SYS:34)SEP89.MSG                        -- missing on slave
(SYS:34)LOAD2.SAV                        -- missing on slave
(SYS:34)DSKCLN.110                       -- missing on slave
(SYS:34)CKSUM.HLP                        -- missing on slave
(SYS:34)ERRCHK.HLP                       -- missing on slave
(SYS:34)SUBMIT.SHR                       -- missing on slave
(SYS:34)SUBMIT.LOW                       -- missing on slave
(SYS:34)DSKCLN.103                       -- missing on slave
(SYS:34)KI3652.SAV                       -- missing on slave
(SYS:34)QN1400.FXL                       -- missing on slave
(SYS:34)COPY3.FMT                        -- missing on slave
(SYS:34)COPY3.SAV                        -- missing on slave
(SYS:34)TITO.163                         -- missing on slave
(SYS:34)1022.FXL                         -- missing on slave
(SYS:34)PASERR.TXT                       -- missing on slave
(SYS:34)P10SHP.SHR                       -- missing on slave
(SYS:34)P10SHP.LOW                       -- missing on slave
(SYS:34)PASANL.SHR                       -- missing on slave
(SYS:34)PASANL.LOW                       -- missing on slave
(SYS:34)PASCMD.SHR                       -- missing on slave
(SYS:34)PASCMD.LOW                       -- missing on slave
(SYS:34)TELAGR.LOW                       -- missing on slave
(SYS:34)TELAGR.HGH                       -- missing on slave
(SYS:34)072291.DAT                       -- missing on slave
(SYS:34)071391.DAT                       -- missing on slave
(SYS:34)LINKER.SAV                       -- missing on slave
(SYS:34)OLDLOD.SAV                       -- missing on slave
(SYS:34)HEADER                           -- missing on slave
(SYS:34)DECBOL.INI                       -- missing on slave
(SYS:34)DECBOL.SHR                       -- missing on slave
(SYS:34)DECBOL.LOW                       -- missing on slave
(SYS:34)NEWRPG.SHR                       -- missing on slave
(SYS:34)NEWMOM.SAV                       -- missing on slave
(SYS:34)X22TST.FOR                       -- missing on slave
(SYS:34)1022F1                           -- missing on slave
(SYS:34)NEWL14.SAV                       -- missing on slave
(SYS:34)REMOTE.COD                       -- missing on slave
(SYS:34)AFR.DAT                          -- missing on slave
(SYS:34)072191.DAT                       -- missing on slave
(SYS:34)071991.DAT                       -- missing on slave
(SYS:34)071291.DAT                       -- missing on slave
(SYS:34)MAGWRT.SAV                       -- missing on slave
(SYS:34)UNDELE.LOW                       -- missing on slave
(SYS:34)UNDELE.SHR                       -- missing on slave
(SYS:34)CRA002.SAV                       -- missing on slave
(SYS:34)072091.DAT                       -- missing on slave
(SYS:34)071891.DAT                       -- missing on slave
(SYS:34)071191.DAT                       -- missing on slave
(SYS:34)KSTLOD.DMP                       -- missing on slave
(SYS:34)BOOTS.DMP                        -- missing on slave
(SYS:34)LOADK.SAV                        -- missing on slave
(SYS:34)LUD.BKP                          -- missing on slave
(SYS:34)ASP6.SAV                         -- missing on slave
(SYS:34)TAGTRA.DAT                       -- missing on slave
(SYS:34)SCNMAC.UNV                       -- missing on slave
(SYS:34)CT2.SAV                          -- missing on slave
(SYS:34)HPPOP.HGH                        -- missing on slave
(SYS:34)EUR.DAT                          -- missing on slave
(SYS:34)PAF.DAT                          -- missing on slave
(SYS:34)RTYCHG.CMD                       -- missing on slave
(SYS:34)MACTEN.UNV                       -- missing on slave
(SYS:34)BOOTS1.SAV                       -- missing on slave
(SYS:34)SY.SAV                           -- missing on slave
(SYS:34)TAGSAV.DAT                       -- missing on slave
(SYS:34)X22C0.FXL                        -- missing on slave
(SYS:34)BAIIO1.SM1                       -- missing on slave
(SYS:34)BAIPRC.SM1                       -- missing on slave
(SYS:34)CONSUL                           -- missing on slave
(SYS:34)TAGLB2.REL                       -- missing on slave
(SYS:34)33034G.SAV                       -- missing on slave
(SYS:34)RECORD.DEF                       -- missing on slave
(SYS:34)TAG2LB.REL                       -- missing on slave
(SYS:34)DISCOM.CMD                       -- missing on slave
(SYS:34)AMS.DAT                          -- missing on slave
(SYS:34)PAI.DAT                          -- missing on slave
(SYS:34)LBL.DAT                          -- missing on slave
(SYS:34)1022.BWR                         -- missing on slave
(SYS:34)HOSTS.DAT                        -- missing on slave
(SYS:34)073191.DAT                       -- missing on slave
(SYS:34)072991.DAT                       -- missing on slave
(SYS:34)6500.SYM                         -- missing on slave
(SYS:34)FORTG.SHR                        -- missing on slave
(SYS:34)SYB.DAT                          -- missing on slave
(SYS:34)XTELAG.LOW                       -- missing on slave
(SYS:34)XTELAG.HGH                       -- missing on slave
(SYS:34)TAGLB1.REL                       -- missing on slave
(SYS:34)MMM.DAT                          -- missing on slave
(SYS:34)USM.DAT                          -- missing on slave
(SYS:34)LISP.SYM                         -- missing on slave
(SYS:34)QQQICM.SHR                       -- missing on slave
(SYS:34)073091.DAT                       -- missing on slave
(SYS:34)072891.DAT                       -- missing on slave
(SYS:34)CYFRED.SHR                       -- missing on slave
(SYS:34)1022AC.FXL                       -- missing on slave
(SYS:34)COSMAC.SYM                       -- missing on slave
(SYS:34)SYS1.STO                         -- missing on slave
(SYS:34)LIB40.BAD                        -- missing on slave
(SYS:34)BAIMSC.SM1                       -- missing on slave
(SYS:34)BACKUP.HGH                       -- missing on slave
(SYS:34)DJFRPG.SHR                       -- missing on slave
(SYS:34)PUBSTD.DFS                       -- missing on slave
(SYS:34)SLDPOP.HGH                       -- missing on slave
(SYS:34)SLDPOP.LOW                       -- missing on slave
(SYS:34)PAN.DAT                          -- missing on slave
(SYS:34)PAU.DAT                          -- missing on slave
(SYS:34)USL.DAT                          -- missing on slave
(SYS:34)AICPA.SAV                        -- missing on slave
(SYS:34)BLIS11.SHR                       -- missing on slave
(SYS:34)MACY11.SHR                       -- missing on slave
(SYS:34)SPACE.DSK                        -- missing on slave
(SYS:34)BSPICE.SAV                       -- missing on slave
(SYS:34)QQCMND.SHR                       -- missing on slave
(SYS:34)072791.DAT                       -- missing on slave
(SYS:34)1022C2.FXL                       -- missing on slave
(SYS:34)8080.SYM                         -- missing on slave
(SYS:34)8008.SYM                         -- missing on slave
(SYS:34)Z80C.SYM                         -- missing on slave
(SYS:34)Z80.SYM                          -- missing on slave
(SYS:34)HPPOP.LOW                        -- missing on slave
(SYS:34)MAP.DAT                          -- missing on slave
(SYS:34)FSHCMD.CMD                       -- missing on slave
(SYS:34)SND620.SAV                       -- missing on slave
(SYS:34)NODUPD.LOW                       -- missing on slave
(SYS:34)620KTP.LOW                       -- missing on slave
(SYS:34)620KTP.SHR                       -- missing on slave
(SYS:34)QQQLIB.REL                       -- missing on slave
(SYS:34)QQECML.REL                       -- missing on slave
(SYS:34)NODUPD.SHR                       -- missing on slave
(SYS:34)072691.DAT                       -- missing on slave
(SYS:34)HL1022.FXL                       -- missing on slave
(SYS:34)1022T.FXL                        -- missing on slave
(SYS:34)1022M.FXL                        -- missing on slave
(SYS:34)1022C1.FXL                       -- missing on slave
(SYS:34)F8.SYM                           -- missing on slave
(SYS:34)GOGTAB.DEF                       -- missing on slave
(SYS:34)JOBDAT.UNV                       -- missing on slave
(SYS:34)ASI.DAT                          -- missing on slave
(SYS:34)LINK.HGH                         -- missing on slave
(SYS:34)TYMPC.DAT                        -- missing on slave
(SYS:34)BAIPD8.SM1                       -- missing on slave
(SYS:34)QQQTCM.SHR                       -- missing on slave
(SYS:34)QQLOAD.SHR                       -- missing on slave
(SYS:34)QQBASC.LOW                       -- missing on slave
(SYS:34)QQBASC.SHR                       -- missing on slave
(SYS:34)072591.DAT                       -- missing on slave
(SYS:34)LNKDDT.CMD                       -- missing on slave
(SYS:34)UUOSYM.UNV                       -- missing on slave
(SYS:34)NS1022.FXL                       -- missing on slave
(SYS:34)6800.SYM                         -- missing on slave
(SYS:34)Z80O.SYM                         -- missing on slave
(SYS:34)BAICLC.SM1                       -- missing on slave
(SYS:34)SIMPL.BAD                        -- missing on slave
(SYS:34)TAGLIB.CMD                       -- missing on slave
(SYS:34)NULL.DAT                         -- missing on slave
(SYS:34)DISSPL.COP                       -- missing on slave
(SYS:34)AMN.DAT                          -- missing on slave
(SYS:34)ANT.DAT                          -- missing on slave
(SYS:34)PEU.DAT                          -- missing on slave
(SYS:34)DISSPL.CMD                       -- missing on slave
(SYS:34)MONIN2.DAT                       -- missing on slave
(SYS:34)QQJOBD.REL                       -- missing on slave
(SYS:34)QQQDDT.REL                       -- missing on slave
(SYS:34)QQQECM.REL                       -- missing on slave
(SYS:34)QQFORT.SHR                       -- missing on slave
(SYS:34)QQEDIT.SHR                       -- missing on slave
(SYS:34)072491.DAT                       -- missing on slave
(SYS:34)BAIIO2.SM1                       -- missing on slave
(SYS:34)INFO.SAV                         -- missing on slave
(SYS:34)DED.SAV                          -- missing on slave
(SYS:34)ACCESS.SAV                       -- missing on slave
(SYS:34)ACCESS.LIS                       -- missing on slave
(SYS:34)AUS.DAT                          -- missing on slave
(SYS:34)MONIN1.DAT                       -- missing on slave
Checking host 38
(SYS:38)ALGOL.SHR     26 07-Oct-75 08:00 -- bad checksum BURTUZ 22-Dec-73 17:23 NEJWIQ  ALL  RD  RD   2000
(SYS:38)VPRINT.SAV     2 02-Jan-64 00:01 -- bad checksum JOQCES 01-Jan-64 16:01 WIXLOC  ALL RUN RUN
(SYS:38)DSKMAP.DAT     2 21-Aug-91 06:36 -- bad checksum SEVHIY 30-Jul-91 08:52 TESVUN  ALL  RD  NO
(SYS:38)CRANK.SAV     13 02-Jan-64 00:01 -- extra not on master
(SYS:38)TEXLOW.SAV    16 01-Jan-64 21:00 -- extra not on master
(SYS:38)RPGDB.SHR     13 17-Sep-75 11:58 -- extra not on master
(SYS:38)DT.SAV         2 07-Jun-76 13:25 -- bad checksum ZOFLIF 18-Jun-76 14:32 DARPOV  ALL RUN RUN
(SYS:38)EDITOR.LOW     3 11-Oct-76 14:38 -- extra not on master
(SYS:38)CHG370         4 24-Oct-77 17:50 -- extra not on master
(SYS:38)DMPUFD.SAV     2 23-Nov-77 15:29 -- bad license  21-Nov-77 10:21 RIJMUY  ALL RUN RUN      2
(SYS:38)UPDLUD.SAV    28 23-Feb-83 12:32 -- bad license 547012 17-May-84 16:54 FEDCAP  RUN RUN  NO 567412
(SYS:38)FTFORT.SAV     2 28-Aug-80 13:46 -- protection ALL RUN RUN 22-Aug-80 09:40 GUPGED  ALL  RD  RD
(SYS:38)1022R.SHR     33 23-Jun-89 13:51 -- bad checksum LELJOT 09-Jun-89 08:49 CUBJET  ALL  RD  RD    200
(SYS:38)X22F.SHR      36 23-Jun-89 13:52 -- bad license  09-Jun-89 08:50 HIRPUN  ALL  RD  RD    200
(SYS:38)X22T.SHR      54 23-Jun-89 13:52 -- bad license  09-Jun-89 08:50 WUFDUW  ALL  RD  RD    200
(SYS:38)SORT.HLP       4 30-Sep-87 15:13 -- extra not on master
(SYS:38)FEB91.MSG     24 31-Jan-91 16:00 -- bad checksum MADWON 31-Jan-91 16:00 NUBMER  ALL  RD  NO
(SYS:38)FEB91.CTY     22 31-Jan-91 16:00 -- bad checksum KEHFIN 31-Jan-91 16:00 XOWSUJ  ALL  RD  NO
(SYS:38)082391.DAT    52 23-Aug-91 23:59 -- bad checksum MAGSEB 23-Aug-91 23:41 XUNBIX  ALL  RD  NO
(SYS:38)090491.DAT    32 04-Sep-91 23:51 -- bad checksum XACSAS 04-Sep-91 23:58 COCLOX  ALL  RD  NO
(SYS:38)091391.DAT    66 13-Sep-91 21:02 -- bad checksum QIVKAX 13-Sep-91 23:00 RAXFIR  ALL  RD  NO
(SYS:38)092291.DAT    73 22-Sep-91 23:56 -- bad checksum JALMOL
                           should be 22-Sep-91 23:52 WEVKUY  ALL  RD  NO
(SYS:38)ACCESS.MSG     2 26-Sep-91 14:00 -- bad checksum RILZAG 26-Sep-91 13:58 LOLTAJ  ALL  RD  NO
(SYS:38)CISABX.DAT     2 18-Sep-90 12:03 -- bad checksum CABKOL 02-Jan-90 06:26 QUWFUF  ALL ALL ALL
(SYS:38)HXLIB.REL    180 21-Mar-75 01:01 -- bad checksum NONXIZ 28-Dec-75 23:48 DEKRUF  ALL  RD  NO
(SYS:38)XET.SAV       16 02-Jan-64 01:08 -- bad checksum GEGQEH 02-Jan-64 12:54 HEGRUG  ALL RUN RUN  25002
(SYS:38)IOFSUB.REL     5 05-Dec-75 11:20 -- extra not on master
(SYS:38)CONF           5 30-Jun-77 09:46 -- extra not on master
(SYS:38)COBOLK.SHR    13 31-Oct-77 15:22 -- bad checksum RUQFIP 25-May-79 10:41 LIHNAZ  ALL  RD  RD
(SYS:38)DEPRE.SAV     24 08-Jun-78 15:33 -- bad checksum MIXNUN 06-Jun-78 20:18 SOZKOL  ALL RUN RUN
(SYS:38)XOBNPO        36 14-Dec-86 22:13 -- bad checksum NETSOD 15-Mar-89 10:32 TUZJEK  ALL  RD  NO
(SYS:38)NS1022.SHR   178 23-Jun-89 13:50 -- bad checksum SODJIJ 09-Jun-89 08:49 QIBPAT  ALL  RD  RD    200
(SYS:38)ACC.MSG        2 28-Sep-81 11:33 -- extra not on master
(SYS:38)TBAULB.REL    30 26-May-82 13:38 -- bad checksum TIBCEN 04-May-82 10:48 YAVJUS  ALL  RD  RD
(SYS:38)CRAM1.NWS      3 20-Oct-82 09:01 -- extra not on master
(SYS:38)YES.REL        1 05-Mar-86 15:32 -- extra not on master
(SYS:38)TYPE.REL       1 05-Mar-86 15:34 -- extra not on master
(SYS:38)DISSPL.DHS   660 15-Jan-80 10:04 -- extra not on master
(SYS:38)TELAID.SHR    21 08-Oct-87 16:45 -- bad checksum TILHAP 09-Oct-87 12:37 BIXJAK  ALL RUN RUN
(SYS:38)TELAID.LOW     4 08-Oct-87 16:59 -- bad checksum BOJYOK 09-Oct-87 12:39 LAWFAW  ALL RUN RUN
(SYS:38)JQUEUE.F38    22 20-Oct-89 13:24 -- extra not on master
(SYS:38)JQUEUE.XXX    22 03-Nov-89 16:12 -- extra not on master
(SYS:38)JQUEUE.OLD    15 21-Nov-89 07:30 -- extra not on master
(SYS:38)JQUEUE.SYS    38 26-Sep-91 14:00 -- bad checksum VILXIX 26-Sep-91 14:00 POTJOY  ALL  RD  NO
(SYS:38)JQUEUE.WED    38 25-Sep-91 07:30 -- extra not on master
(SYS:38)TYPE.HLP       5 23-Jun-81 12:32 -- extra not on master
(SYS:38)082491.DAT    69 24-Aug-91 22:20 -- bad checksum QUPYUH 24-Aug-91 22:00 NIHHOT  ALL  RD  NO
(SYS:38)090591.DAT    67 05-Sep-91 23:58 -- bad checksum DAZTIF 05-Sep-91 23:57 QEFNUV  ALL  RD  NO
(SYS:38)091491.DAT    53 14-Sep-91 23:58 -- bad checksum MEWXAW 14-Sep-91 23:59 XUCLOK  ALL  RD  NO
(SYS:38)092391.DAT    30 23-Sep-91 23:53 -- bad checksum QUJXAC 23-Sep-91 23:59 HEFDOK  ALL  RD  NO
(SYS:38)CRASH.SAV   8210 06-Jan-67 18:01 -- bad checksum FIBKIJ 27-Jan-66 14:06 PUVZIK   RD  RD  NO
(SYS:38)CARMEL.SAV     3 02-Jan-64 00:01 -- bad checksum LUDMIH 01-Jan-64 16:01 QAJXIV  ALL RUN RUN
(SYS:38)LETTER.SAV     2 30-Dec-85 08:11 -- bad license   2002 07-May-84 12:10 DUGFED  ALL RUN RUN   2000
(SYS:38)RUNOFF.SHR     5 02-Jan-64 00:01 -- bad checksum BEZNOC 18-Jan-85 14:06 PAKREM  ALL  RD  RD
(SYS:38)PUB2.SAV      20 16-Apr-76 08:19 -- bad checksum XOYCEX 26-Mar-80 14:52 ZUDPAV  ALL RUN RUN
(SYS:38)RUNERR.REL     2 10-Mar-76 08:35 -- extra not on master
(SYS:38)ERRMSG.REL     4 10-Mar-76 08:35 -- extra not on master
(SYS:38)TDS            5 30-Jun-77 10:02 -- extra not on master
(SYS:38)L1600M.SAV    17 30-Jun-77 10:39 -- protection ALL  RD  RD 30-Jun-77 10:38 DELFAB  ALL RUN RUN
(SYS:38)CA8085.LOW     7 26-Jul-77 10:51 -- extra not on master
(SYS:38)DSKROM.ROM   514 01-Jan-64 16:00 -- extra not on master
(SYS:38)TYMPC.DAT      2 30-Mar-88 06:08 -- bad checksum BEKLUQ 19-Jul-83 20:34 BICZOK  ALL  RD  NO
(SYS:38)OLDMON.SAV   170 21-Aug-91 06:34 -- bad checksum TUMTIS 19-Mar-91 07:05 QATMOM  ALL  RD  NO
(SYS:38)SYSTEM.SAV   170 21-Aug-91 06:35 -- bad checksum BISXIG 19-Mar-91 07:06 LEQQUT  ALL  RD  NO
(SYS:38)1022M.SHR     35 23-Jun-89 13:51 -- bad checksum BICGIX 09-Jun-89 08:50 NOYBOZ  ALL  RD  RD    200
(SYS:38)1022C1.SHR    89 23-Jun-89 13:51 -- bad checksum QAKZUN 09-Jun-89 08:49 GOBLAX  ALL  RD  RD    200
(SYS:38)HL1022.REL    67 23-Jun-89 13:50 -- bad checksum NIXDOX 09-Jun-89 08:49 ZINMIK  ALL  RD  RD
(SYS:38)24LOAD.DAT     2 01-Feb-83 15:46 -- protection ALL  RD  RD 22-Oct-80 13:46 ZUVDOQ  ALL  RD  NO
(SYS:38)1022F.SHR     45 23-Jun-89 13:51 -- bad checksum MUYMIJ 09-Jun-89 08:50 JOSXIS  ALL  RD  RD    200
(SYS:38)1022T.SHR     50 23-Jun-89 13:51 -- bad checksum XIJVAR 09-Jun-89 08:50 SUHMOV  ALL  RD  RD    200
(SYS:38)INTEGR.REL     1 05-Mar-86 15:31 -- extra not on master
(SYS:38)QUIT.REL       1 05-Mar-86 15:31 -- extra not on master
(SYS:38)QX1400.SHR    63 09-Sep-81 16:12 -- bad license  08-Sep-81 14:16 WAYLIB  ALL  RD  RD    200
(SYS:38)TAKEIT.LOG    13 24-Sep-91 21:14 -- bad checksum CIVFAY 20-Sep-91 23:00 CEVMAB  ALL  RD  NO
(SYS:38)LOAD.LUD      25 18-May-89 15:25 -- bad checksum VIRFED 19-Sep-91 13:51 RAVPOY  ALL  RD  RD
(SYS:38)LOAD.CLS      35 18-May-89 15:27 -- bad checksum YEYRUK 19-Sep-91 13:51 DOLREJ  ALL  RD  RD
(SYS:38)RPSUPD.HLP     4 06-Feb-75 15:26 -- extra not on master
(SYS:38)NOV90.MSG     24 31-Oct-90 16:00 -- bad checksum DAHTIM 31-Oct-90 16:00 LUMHAD  ALL  RD  NO
(SYS:38)082591.DAT    57 25-Aug-91 23:57 -- bad checksum ZEQWAD 25-Aug-91 23:56 RUKDEP  ALL  RD  NO
(SYS:38)091591.DAT    72 15-Sep-91 23:57 -- bad checksum JEQXOP 15-Sep-91 23:56 YIRPIX  ALL  RD  NO
(SYS:38)CRA001.SAV   305 19-Sep-91 09:53 -- bad checksum BAZLOP 12-Sep-91 20:20 KIJZUH  ALL  RD  NO
(SYS:38)SPOOL.SAV     24 28-Mar-86 15:20 -- bad license      2 11-Aug-83 09:06 JIYTAJ  ALL RUN RUN  20002
(SYS:38)SPAGES.SYS  9259 11-Jun-89 19:01 -- bad checksum FOXWID 02-Jul-88 15:06 NACKAF   RD  RD  NO
(SYS:38)DUL.SYS       27 29-Apr-86 01:38 -- bad checksum PUQTOJ 31-May-89 16:20 ZISVAQ  ALL  RD  NO
(SYS:38)CREAT1.SAV    14 01-Jan-64 23:58 -- bad checksum HARYEJ 02-Jan-64 15:58 VABMEV  ALL RUN RUN   2000
(SYS:38)SDDT.REL      41 02-Jan-64 00:01 -- bad checksum VIQBEW 01-Jan-64 16:01 NAKXOB  ALL  RD  RD
(SYS:38)ZDRILL.LOW    24 10-Jul-75 11:40 -- bad checksum WUHHUT 01-Jan-64 16:01 VIWQIJ  ALL  RD  RD
(SYS:38)DATA.REL       2 10-Mar-76 10:03 -- extra not on master
(SYS:38)ARYLIB.REL    16 03-Feb-76 12:40 -- extra not on master
(SYS:38)XOBLAM        62 26-Sep-91 15:02 -- bad checksum XEDPOD 26-Sep-91 14:32 GOSXEH  ALL  RD  NO
(SYS:38)TKPOP.HGH     23 15-Jan-80 10:05 -- bad checksum PUQHAG 23-Jan-80 14:24 TOVNIY  ALL RUN RUN
(SYS:38)TKPOP.LOW      3 15-Jan-80 10:05 -- bad checksum WINKUB 23-Jan-80 14:24 LARGIK  ALL RUN RUN
(SYS:38)AMPSYN.SAV    29 28-Mar-80 11:24 -- bad checksum MUBGEK 27-Mar-80 09:43 RUQXAK  ALL RUN RUN
(SYS:38)TBA.SHR       44 26-May-82 13:37 -- bad checksum NUKFEH 10-Feb-85 21:48 CUQWUY  ALL RUN RUN
(SYS:38)8080.SYM       3 13-Jun-83 13:20 -- bad checksum MAMBAP 03-Jun-83 13:37 XEYYAS  ALL  RD  RD
(SYS:38)TTR.SAV       32 13-Oct-83 11:53 -- bad checksum KATVOC 13-Oct-83 09:38 HONKON  ALL RUN RUN
(SYS:38)PEAK.OLD      69 02-Sep-86 17:49 -- extra not on master
(SYS:38)013TEL.COM     2 04-Jul-85 09:21 -- extra not on master
(SYS:38)013TEL.OUT     2 04-Jul-85 09:21 -- extra not on master
(SYS:38)BOOTS.KL       3 08-Jul-85 16:04 -- bad checksum YAWCAW 08-Jul-85 16:04 HANSIW  ALL RUN  NO      3
(SYS:38)HANGUP.SAV     3 14-Aug-85 10:57 -- bad checksum HEPCAS 14-Aug-85 10:55 XIDDIW  ALL RUN RUN 443000
(SYS:38)091691.DAT    74 16-Sep-91 23:58 -- bad checksum GAFJUK 16-Sep-91 23:55 LEMTEW  ALL  RD  NO
(SYS:38)092591.DAT    47 25-Sep-91 23:56 -- bad checksum TETMAQ 25-Sep-91 23:58 COJYOB  ALL  RD  NO
(SYS:38)HOME.SYS     177 11-Jun-89 19:01 -- bad checksum VEGDIH 02-Jul-88 15:06 MUTPOJ   RD  RD  RD
(SYS:38)NVOICE.SAV    15 02-Jan-64 00:01 -- extra not on master
(SYS:38)5OB.SAV       26 02-Jan-64 00:01 -- bad checksum BAHYUL 10-May-74 08:23 ZABGUY  ALL  RD  NO
(SYS:38)CMDPKG.REL    58 02-Jan-64 06:32 -- bad checksum MAXFAJ 01-Jan-64 22:32 SAVTER  ALL  RD  RD
(SYS:38)F4STAT.DAT     2 25-May-82 13:49 -- bad checksum MERMOY 25-May-82 16:23 NAFWAT  ALL ALL ALL
(SYS:38)TELOLD.SAV     8 28-Oct-77 16:36 -- extra not on master
(SYS:38)370CHG.SAV    14 13-Jan-78 10:41 -- extra not on master
(SYS:38)SFORTR.SHR    24 12-May-78 10:15 -- bad checksum HERBOJ 22-Mar-78 16:54 DATHID  ALL RUN RUN
(SYS:38)LIBFTS.REL    55 14-May-79 16:09 -- bad checksum MAKQOY 14-May-79 16:06 QEMHIL  ALL  RD  RD
(SYS:38)HER.DAT       35 15-Jan-80 10:07 -- extra not on master
(SYS:38)CRSHID.DAT     2 12-Jan-88 17:59 -- extra not on master
(SYS:38)BACKUP.SAV   170 21-Aug-91 06:35 -- bad checksum JOLRAY 19-Mar-91 07:05 XOKKAM  ALL  RD  NO
(SYS:38)1022AC.SHR     4 23-Jun-89 13:51 -- bad license  09-Jun-89 08:49 BOTCUK  ALL  RD  RD    200
(SYS:38)LNKLOD.SHR    26 25-May-82 13:53 -- bad checksum FEQTAL 25-May-82 15:09 DABNAN  ALL  RD  RD
(SYS:38)X22.LOW        2 16-Aug-83 15:40 -- extra not on master
(SYS:38)EXP.FIX        2 31-Jul-84 12:11 -- extra not on master
(SYS:38)BACKUP.SHR    11 21-Jun-85 10:15 -- extra not on master
(SYS:38)COMPIL.REL     1 05-Mar-86 15:32 -- extra not on master
(SYS:38)DIR.REL        1 05-Mar-86 15:33 -- extra not on master
(SYS:38)HELP.REL       1 05-Mar-86 15:34 -- extra not on master
(SYS:38)JAN90.MSG     25 31-Dec-89 16:00 -- bad checksum HOVDAC 03-Jan-90 05:21 PEWMUM  ALL  RD  NO
(SYS:38)JAN90.CTY     21 31-Dec-89 16:00 -- bad checksum QEZZUM 03-Jan-90 05:21 PANWAT  ALL  RD  NO
(SYS:38)MAY90.MSG     25 30-Apr-90 20:00 -- bad checksum TOYGAG 30-Apr-90 20:00 VEYROZ  ALL  RD  NO
(SYS:38)MAY90.CTY     22 30-Apr-90 20:00 -- bad checksum NENJEF 30-Apr-90 20:00 QICSAW  ALL  RD  NO
(SYS:38)JUN91.MSG     34 31-May-91 20:00 -- bad checksum SUGDUK 31-May-91 19:23 PUFSEY  ALL  RD  NO
(SYS:38)082091.DAT    70 20-Aug-91 21:35 -- bad checksum QUXWIC 20-Aug-91 23:55 WAXZEJ  ALL  RD  NO
(SYS:38)082791.DAT    66 27-Aug-91 21:01 -- bad checksum TEGWID 27-Aug-91 23:59 XIQYAQ  ALL  RD  NO
(SYS:38)090191.DAT    57 01-Sep-91 23:59 -- bad checksum VIXFAH 01-Sep-91 23:57 XATKOD  ALL  RD  NO
(SYS:38)090891.DAT    46 08-Sep-91 23:58 -- bad checksum XEDFAK 08-Sep-91 23:42 PISYIM  ALL  RD  NO
(SYS:38)091091.DAT    66 10-Sep-91 21:00 -- bad checksum HERRUH 10-Sep-91 23:58 HATZIB  ALL  RD  NO
(SYS:38)091791.DAT    75 17-Sep-91 23:56 -- bad checksum SOYNUS 17-Sep-91 23:40 ZUCLAK  ALL  RD  NO
(SYS:38)092691.DAT    36 26-Sep-91 15:01 -- bad checksum CUNWUG 26-Sep-91 14:42 SEFRAC  ALL  RD  NO
(SYS:38)SUDS.SHR      10 02-Jan-64 00:01 -- bad checksum TAJCEQ 02-Nov-76 14:17 FEMHAG  ALL  RD  RD
(SYS:38)HELLO.SAV      2 02-Jan-64 00:01 -- bad checksum WANGEC 02-Nov-76 14:17 DAQWEC  ALL  RD  RD
(SYS:38)DREGR.SAV     15 02-Jan-64 00:01 -- bad checksum YOSJUX 01-Jan-64 16:01 WEPVOJ  ALL RUN RUN
(SYS:38)LISP.SAV      14 05-Jan-76 11:11 -- bad checksum GIYQIZ 05-Jan-76 11:11 KEKRAV  ALL RUN RUN
(SYS:38)CODGEN.LOW     2 05-Dec-75 11:25 -- extra not on master
(SYS:38)LISP.LOD       9 05-Jan-76 11:12 -- bad checksum KAZNAC 05-Jan-76 11:12 JUCYAH  ALL  RD  RD
(SYS:38)APPUS.DAT      9 21-Oct-87 07:40 -- bad checksum WILMAF 03-Mar-88 17:20 CIDYOX  ALL  RD  NO
(SYS:38)HLBSA8.REL    55 04-Aug-78 10:26 -- bad checksum ZETCAQ 07-Jul-78 10:14 QAQNAZ  ALL  RD  RD
(SYS:38)NONAME.OPR     2 28-Mar-79 11:19 -- bad checksum BOLJAL 24-Mar-77 12:59 QIWBOL  ALL  RD  RD
(SYS:38)EXPX22.REL     7 16-Oct-79 13:35 -- bad checksum XIGYEL 14-Mar-80 13:53 ZIHMAV  ALL  RD  RD
(SYS:38)CHKCLK.SAV     2 24-Dec-80 11:12 -- protection ALL RUN  NO 19-Dec-80 13:39 KEMNEP  ALL  RD  RD
(SYS:38)NVAS.LOW      15 21-Jul-81 16:28 -- bad checksum QEXZIH 01-Jun-78 15:33 HOHNAN  ALL RUN RUN
(SYS:38)NVAS.SHR      25 21-Jul-81 16:36 -- bad checksum CUYNAW 01-Jun-78 15:37 TUYPAD  ALL RUN RUN
(SYS:38)EXPX22.SHR     7 09-Sep-81 16:17 -- protection ALL  RD  RD 08-Sep-81 15:07 WUVSIK  ALL RUN RUN
(SYS:38)EXPX22.SHR     7 09-Sep-81 16:17 -- bad license    200 08-Sep-81 15:07 WUVSIK  ALL RUN RUN
(SYS:38)CRAM.SAV      62 20-Oct-82 08:58 -- extra not on master
(SYS:38)RUN.REL        1 05-Mar-86 15:31 -- extra not on master
(SYS:38)GO.REL         1 05-Mar-86 15:31 -- extra not on master
(SYS:38)LINKER.REL     1 05-Mar-86 15:31 -- extra not on master
(SYS:38)GET.REL        1 05-Mar-86 15:34 -- extra not on master
(SYS:38)INITIA.17      3 02-Oct-80 15:19 -- extra not on master
(SYS:38)LOGOUT.SHR     4 14-Oct-86 19:39 -- protection ALL RUN RUN 14-Oct-86 19:12 NIWSEG  ALL  RD RUN 547000
(SYS:38)SEP90.MSG     23 31-Aug-90 20:00 -- bad checksum ZEVYUN 31-Aug-90 20:00 YOZFET  ALL  RD  NO
(SYS:38)SEP90.CTY     18 31-Aug-90 20:00 -- bad checksum YAMWUS 31-Aug-90 20:00 WARPIJ  ALL  RD  NO
(SYS:38)DEC90.MSG     23 30-Nov-90 16:00 -- bad checksum CEGHIS 30-Nov-90 16:00 VIPVEB  ALL  RD  NO
(SYS:38)091891.DAT    38 18-Sep-91 23:56 -- bad checksum COSRIC 18-Sep-91 23:52 HUVPOQ  ALL  RD  NO
(SYS:38)092091.DAT    51 20-Sep-91 21:24 -- bad checksum HENREN 20-Sep-91 23:06 MUYPER  ALL  RD  NO
(SYS:38)SAT.SYS      287 11-Jun-89 19:01 -- bad checksum GUZJUM 02-Jul-88 15:06 QEBMEZ   RD  RD  RD
(SYS:38)REDUCE.SAV    81 15-Aug-86 09:44 -- bad checksum FEVGAJ 21-Apr-82 12:23 GIZBOD  ALL  RD  RD
(SYS:38)SNOBOL.SHR    33 02-Jan-64 00:01 -- bad checksum PABSOP 14-Mar-88 22:58 PAZYEL  ALL  RD  NO
(SYS:38)SNOBOL.LOW    14 02-Jan-64 00:01 -- bad checksum WOCKEN 14-Mar-88 22:58 YAZFEF  ALL  RD  NO
(SYS:38)SNOBOL.INI    16 02-Jan-64 00:01 -- extra not on master
(SYS:38)IOIDRV.REL     4 05-Dec-75 11:20 -- extra not on master
(SYS:38)COMPLR.SAV    50 05-Jan-76 11:13 -- protection ALL  RD  NO 05-Jan-76 11:13 DEZGUK  ALL RUN RUN
(SYS:38)MATHLB.REL    10 03-Feb-76 12:35 -- extra not on master
(SYS:38)SPEC           6 25-Jul-77 11:32 -- extra not on master
(SYS:38)SPEC.SMI       2 25-Jul-77 11:35 -- bad checksum TIRZUB 26-Aug-77 17:04 JASKIR  ALL  NO  NO
(SYS:38)SPECX.SHR     25 25-Jul-77 14:15 -- bad checksum MUWZID 20-Sep-77 09:10 ZUZYEQ  ALL RUN RUN   2000
(SYS:38)SPECX.LOW      2 25-Jul-77 14:15 -- bad checksum TOQDAY 20-Sep-77 09:11 GECGIG  ALL RUN RUN   2000
(SYS:38)SFOLIB.REL   120 12-May-78 10:15 -- bad checksum NUPZIY 22-Mar-78 16:55 ZADREX  ALL  RD  RD
(SYS:38)ISORT.MEM      7 17-Aug-78 13:39 -- bad checksum CITXEW 17-Aug-78 13:35 MANQAZ  ALL  RD  RD
(SYS:38)ACTSUM.SAV    38 07-Dec-78 11:41 -- bad checksum XOSYOG 21-Apr-82 12:23 HIFCAC  ALL  RD  NO
(SYS:38)LBL.DAT      154 15-Jan-80 10:05 -- bad checksum NOQGOW 11-Oct-77 04:43 XIDLAT  ALL  RD  RD
(SYS:38)FOR22.SHR    193 09-Sep-81 16:15 -- bad checksum YONJIC 17-Sep-82 14:57 BEFXEW  ALL  RD  RD    200
(SYS:38)QN1400.SHR    84 23-Jun-89 13:51 -- bad checksum SIJVOW 09-Jun-89 08:49 WETYEX  ALL  RD  RD    200
(SYS:38)DSKCLN.106    21 15-Jun-87 09:08 -- extra not on master
(SYS:38)1022.SHR       7 23-Jun-89 13:51 -- bad license  09-Jun-89 08:49 BODZOK  ALL  RD  RD    200
(SYS:38)1022SA.SAV    35 31-Jul-84 12:01 -- bad license  30-Jul-84 11:41 ZUSGEG  ALL  RD  RD    200
(SYS:38)BOB.DAT        2 31-Dec-84 13:01 -- extra not on master
(SYS:38)PCOM1.LOW      5 13-Oct-82 16:59 -- extra not on master
(SYS:38)PCOM1.SHR     47 13-Oct-82 16:59 -- extra not on master
(SYS:38)ED.REL         1 05-Mar-86 15:31 -- extra not on master
(SYS:38)NAD.SAV       18 05-Dec-86 15:31 -- bad license  05-Dec-86 15:31 LUZMUN  ALL RUN RUN     10
(SYS:38)DEC89.MSG     33 30-Nov-89 16:00 -- bad checksum COJMAT 30-Nov-89 16:00 NIHSOM  ALL  RD  NO
(SYS:38)DEC89.CTY     28 30-Nov-89 16:00 -- bad checksum LUDFAF 30-Nov-89 16:00 CEBLUQ  ALL  RD  NO
(SYS:38)HOSTS.BAK      2 05-Aug-90 21:30 -- bad checksum QUZKIV 05-Aug-90 21:25 LUNBOB  ALL  RD  RD
(SYS:38)HOSTS.SYS      2 24-Aug-91 05:06 -- bad checksum TEVDUF 24-Aug-91 05:03 GIMXUS  ALL  RD  RD
(SYS:38)091291.DAT    73 12-Sep-91 23:58 -- bad checksum KINWAS 12-Sep-91 23:54 FOSPUZ  ALL  RD  NO
(SYS:38)091991.DAT    37 19-Sep-91 23:53 -- bad checksum MUQFOH 19-Sep-91 23:56 FALMES  ALL  RD  NO
(SYS:38)092191.DAT    33 21-Sep-91 23:56 -- bad checksum ZAJTEP 21-Sep-91 23:53 NEYKAN  ALL  RD  NO
(SYS:38)SPECDF.MIC     2 30-Jun-77 11:42 -- bad checksum CEBTUY 26-Aug-77 17:03 ZADPUR  ALL  RD  RD
(SYS:38)EUR.DAT       49 15-Jan-80 10:06 -- bad checksum NEFSAS 21-Apr-82 12:23 ZOPXEX  ALL  RD  RD
(SYS:38)1022C2.V10    78 23-Jun-89 13:51 -- bad license  09-Jun-89 08:49 ZOBGEV  ALL  RD  RD    200
(SYS:38)1022C2.V20    41 23-Jun-89 13:51 -- bad license  09-Jun-89 08:49 JIGDUQ  ALL  RD  RD    200
(SYS:38)BOOT32.DAT     2 01-Feb-83 15:46 -- protection ALL  RD  RD 22-Oct-80 13:46 FECFOB  ALL  RD  NO
(SYS:38)16LOAD.DAT     2 01-Feb-83 15:46 -- protection ALL  RD  RD 22-Oct-80 13:46 MUGYOM  ALL  RD  NO
(SYS:38)NOTE.REL       1 05-Mar-86 15:34 -- extra not on master
(SYS:38)LUD.SYS      224 26-Sep-91 15:02 -- bad checksum CUZXIP 26-Sep-91 14:32 ROTKIV  ALL  RD  RD
(SYS:38)FDM.INF        2 20-Dec-77 13:28 -- extra not on master
(SYS:38)SZRPT.OLD      4 10-Dec-76 14:17 -- extra not on master
(SYS:38)JUN88.CTY     15 16-Jun-88 14:19 -- bad checksum RALKIF 29-Jun-88 02:41 ZIGPOT  ALL  RD  NO
(SYS:38)OCT88.CTY     14 30-Sep-88 20:00 -- bad checksum MIXRUM 25-Oct-88 12:47 LEPLAN  ALL  RD  NO
(SYS:38)TOMSTA         2 22-Oct-87 09:05 -- extra not on master
(SYS:38)TELECO.OLD    38 27-Mar-86 12:41 -- extra not on master
(SYS:38)CT2.SAV       14 08-Mar-88 01:43 -- bad checksum JUNWEN 08-May-80 14:51 HUVVUR  ALL  RD  NO 400000
(SYS:38)NOV89.MSG     60 31-Oct-89 16:00 -- bad checksum HIJLOJ 31-Oct-89 16:00 MENPOB  ALL  RD  NO
(SYS:38)NOV89.CTY     55 31-Oct-89 16:00 -- bad checksum GUDPEG 31-Oct-89 16:00 WEYBEX  ALL  RD  NO
(SYS:38)JUN90.MSG     23 31-May-90 20:00 -- bad checksum TAPNIN 31-May-90 20:00 NUFQOZ  ALL  RD  NO
(SYS:38)JUN90.CTY     21 31-May-90 20:00 -- bad checksum KADNUV 31-May-90 20:00 HABHAM  ALL  RD  NO
(SYS:38)OCT90.MSG     28 30-Sep-90 17:38 -- bad checksum KAVXEJ 30-Sep-90 20:00 WUFNEJ  ALL  RD  NO
(SYS:38)OCT90.CTY     22 30-Sep-90 17:38 -- bad checksum XIQXIG 30-Sep-90 20:00 VOYNAC  ALL  RD  NO
(SYS:38)080191.DAT    50 01-Aug-91 23:56 -- bad checksum HEKNOK 01-Aug-91 23:59 CAPRUS  ALL  RD  NO
(SYS:38)080891.DAT    37 08-Aug-91 23:57 -- bad checksum BITJIL 08-Aug-91 23:57 WEKQEX  ALL  RD  NO
(SYS:38)081091.DAT    38 10-Aug-91 23:57 -- bad checksum FUQNAD 10-Aug-91 23:54 KUVRUF  ALL  RD  NO
(SYS:38)081791.DAT    14 17-Aug-91 23:21 -- bad checksum JUKXEC 17-Aug-91 23:56 BIWFOG  ALL  RD  NO
(SYS:38)082691.DAT    74 26-Aug-91 23:55 -- bad checksum YAJTER 26-Aug-91 23:55 ZUBWEH  ALL  RD  NO
(SYS:38)090791.DAT    49 07-Sep-91 23:57 -- bad checksum XOZCIK 07-Sep-91 21:45 KAJCOS  ALL  RD  NO
(SYS:38)L1600D.SAV    17 30-Jun-77 10:29 -- protection ALL  RD  RD 30-Jun-77 10:28 DURFEV  ALL RUN RUN
(SYS:38)FTEDIT.SHR    18 20-Jun-78 08:32 -- extra not on master
(SYS:38)USH.DAT       49 15-Jan-80 10:05 -- extra not on master
(SYS:38)CT6.SAV        2 15-Feb-80 17:48 -- bad checksum POSWAS 25-Jan-82 10:39 GUGLEN  ALL RUN RUN
(SYS:38)VUE.EXE       60 03-Jan-83 07:49 -- extra not on master
(SYS:38)EXE.REL        1 05-Mar-86 15:32 -- extra not on master
(SYS:38)DEFA.REL       1 05-Mar-86 15:34 -- extra not on master
(SYS:38)PIP.REL        1 05-Mar-86 15:34 -- extra not on master
(SYS:38)EXIT.REL       1 05-Mar-86 15:34 -- extra not on master
(SYS:38)RPG.HGH       14 19-Jun-86 12:25 -- extra not on master
(SYS:38)RPG.OLD       14 08-Jan-86 13:28 -- extra not on master
(SYS:38)FEB89.CTY     13 31-Jan-89 16:00 -- bad checksum KATDAW 03-Feb-89 19:51 QAZHEV  ALL  RD  NO
(SYS:38)DERBY.DAT      3 22-Aug-87 15:01 -- extra not on master
(SYS:38)KL3675.SAV   168 28-Sep-87 13:15 -- bad checksum BIRPAM 28-Sep-87 13:07 JENMOZ  ALL  RD  NO
(SYS:38)LOADFL.SAV     4 28-Oct-87 17:45 -- extra not on master
(SYS:38)LOGINN.OLD     5 14-Oct-86 19:10 -- extra not on master
(SYS:38)ACCESS.BAK     2 07-Mar-88 14:01 -- bad checksum BOJSUR 03-Sep-88 11:05 GODWIV  ALL  RD  NO
(SYS:38)APR90.MSG     20 31-Mar-90 16:00 -- bad checksum FOMXOC 31-Mar-90 16:00 YUGVOZ  ALL  RD  NO
(SYS:38)APR90.CTY     17 31-Mar-90 16:00 -- bad checksum XOFQIY 31-Mar-90 16:00 RILMUW  ALL  RD  NO
(SYS:38)ACCESS.NMS     2 25-Jul-91 09:14 -- extra not on master
(SYS:38)080591.DAT    56 05-Aug-91 23:57 -- bad checksum SEWKOY 05-Aug-91 23:59 WIGDAP  ALL  RD  NO
(SYS:38)081491.DAT    30 14-Aug-91 23:52 -- bad checksum SOBHAR 14-Aug-91 23:55 BIJWEH  ALL  RD  NO
(SYS:38)USM.DAT       15 15-Jan-80 10:05 -- bad checksum QONWAV 05-Mar-79 10:58 LAJQUS  ALL  RD  RD
(SYS:38)DTEXT.CPT     97 26-Jun-81 14:32 -- bad checksum PUWZAB 26-Jun-81 14:30 NIXDUD   RD  RD  RD
(SYS:38)MAGNUM.DIR     2 12-Oct-83 14:35 -- extra not on master
(SYS:38)LOGO.SHR       3 09-Sep-77 14:27 -- extra not on master
(SYS:38)BOOT3B.KI      3 08-Jul-85 16:24 -- bad checksum RIRFUB 08-Jul-85 16:24 DAYZUR  ALL RUN  NO      3
(SYS:38)BOOT3P.KL      3 13-Jan-87 14:04 -- bad checksum DAKWIB 13-Jan-87 14:04 JUPHUS  ALL  RD  NO      3
(SYS:38)MAR89.CTY      8 16-Mar-89 11:34 -- bad checksum HAGGAP 16-Mar-89 00:14 HOFFAD  ALL  RD  NO
(SYS:38)MAR89.MSG     17 13-Feb-89 12:41 -- extra not on master
(SYS:38)MAY89.MSG     27 30-Apr-89 20:00 -- bad checksum KEZVAP 30-Apr-89 20:00 RUSDOB  ALL  RD  NO
(SYS:38)MAY89.CTY     16 30-Apr-89 20:00 -- bad checksum KURCEL 30-Apr-89 20:00 GOKBUM  ALL  RD  NO
(SYS:38)SEP88.CTY     12 31-Aug-88 20:00 -- bad checksum XEBXAL 31-Aug-88 20:00 MUKXUT  ALL  RD  NO
(SYS:38)DEC88.CTY     15 30-Nov-88 16:00 -- bad checksum YIRHUH 30-Nov-88 20:16 FELFEV  ALL  RD  NO
(SYS:38)JAN89.CTY     13 31-Dec-88 16:00 -- bad checksum PUFROX 01-Jan-89 17:59 NIZGAT  ALL  RD  NO
(SYS:38)DISPAT.HLP     8 07-Feb-75 09:20 -- extra not on master
(SYS:38)RPS.HLP        5 24-Jul-73 17:01 -- extra not on master
(SYS:38)DEC90.CTY     21 30-Nov-90 16:00 -- bad checksum LAMTIZ 30-Nov-90 16:00 MOTLOQ  ALL  RD  NO
(SYS:38)JAN91.MSG     22 31-Dec-90 16:00 -- bad checksum QAQFIH 31-Dec-90 16:00 XIQCUW  ALL  RD  NO
(SYS:38)JAN91.CTY     20 31-Dec-90 16:00 -- bad checksum DABFIF 31-Dec-90 16:00 DABPIC  ALL  RD  NO
(SYS:38)MAR91.MSG     29 28-Feb-91 16:00 -- bad checksum YEJBAF 28-Feb-91 16:00 PONNIF  ALL  RD  NO
(SYS:38)MAR91.CTY     26 28-Feb-91 16:00 -- bad checksum WANDAX 28-Feb-91 16:00 SOCKOL  ALL  RD  NO
(SYS:38)MAY91.MSG     34 30-Apr-91 20:00 -- bad checksum TIVGUQ 30-Apr-91 20:00 GATGOB  ALL  RD  NO
(SYS:38)MAY91.CTY     31 30-Apr-91 20:00 -- bad checksum BUHDUX 30-Apr-91 20:00 VAHSUS  ALL  RD  NO
(SYS:38)080391.DAT    61 03-Aug-91 23:57 -- bad checksum GILHAK 03-Aug-91 23:55 VOMQAH  ALL  RD  NO
(SYS:38)081291.DAT    56 12-Aug-91 23:58 -- bad checksum REBGUK 12-Aug-91 23:56 ZEQNIZ  ALL  RD  NO
(SYS:38)081991.DAT    40 19-Aug-91 23:56 -- bad checksum TEJVOZ 19-Aug-91 23:57 SORYEQ  ALL  RD  NO
(SYS:38)082191.DAT    31 21-Aug-91 23:54 -- bad checksum TAXZAD 21-Aug-91 23:58 ZOKGOS  ALL  RD  NO
(SYS:38)082891.DAT    16 28-Aug-91 23:59 -- bad checksum BAPTOR 28-Aug-91 23:59 TICMIR  ALL  RD  NO
(SYS:38)083091.DAT    68 30-Aug-91 21:29 -- bad checksum WOKYUV 30-Aug-91 23:00 QOLVUS  ALL  RD  NO
(SYS:38)090291.DAT    73 02-Sep-91 23:58 -- bad checksum TIBVEV 02-Sep-91 23:56 XIXJUX  ALL  RD  NO
(SYS:38)090991.DAT    73 09-Sep-91 23:55 -- bad checksum CIGXAQ 09-Sep-91 23:46 XUDWIX  ALL  RD  NO
(SYS:38)091191.DAT    43 11-Sep-91 23:55 -- bad checksum YOKRAC 11-Sep-91 23:55 SIYLAN  ALL  RD  NO
(SYS:38)UNDELE.SAV    28 27-Mar-84 10:11 -- extra not on master
(SYS:38)SETLIC.OLD     2 18-Nov-86 17:57 -- extra not on master
(SYS:38)DECDDT.SAV    11 22-Jan-87 10:20 -- extra not on master
(SYS:38)CRSHID.930     2 11-Nov-80 22:52 -- extra not on master
(SYS:38)CRSHID.62      2 22-Apr-87 15:34 -- extra not on master
(SYS:38)HELP.HLP       2 04-May-80 17:57 -- extra not on master
(SYS:38)CRSHID.LOG     2 04-Feb-88 17:39 -- bad checksum ZEKLAY 04-Feb-88 17:34 FAWFIJ  ALL  RD  NO
(SYS:38)MUNG.SAV       2 11-Jul-85 16:09 -- protection ALL  RD  RD 27-May-90 14:23 MUXMOY  ALL  RD RUN
(SYS:38)CRSHID.32      2 29-Aug-87 16:08 -- extra not on master
(SYS:38)KI3675.SAV   167 28-Sep-87 13:15 -- extra not on master
(SYS:38)MAY88.CTY      3 30-Apr-89 20:00 -- extra not on master
(SYS:38)JUN89.MSG     63 31-May-89 20:00 -- bad checksum COZXIT 31-May-89 20:00 GENGOK  ALL  RD  NO
(SYS:38)JUN89.CTY     37 31-May-89 20:00 -- bad checksum KONDOK 31-May-89 20:00 YEJKOK  ALL  RD  NO
(SYS:38)SWITCH.INI     2 07-Jul-88 12:27 -- extra not on master
(SYS:38)SWITCH.HLP     2 07-Jul-88 12:21 -- extra not on master
(SYS:38)HIHEAP.REL     2 13-Oct-82 13:21 -- extra not on master
(SYS:38)OVLMKI.REL     6 13-Oct-82 13:21 -- extra not on master
(SYS:38)MMDSEG.REL     2 13-Oct-82 13:21 -- extra not on master
(SYS:38)LOADZ.SAV     29 18-Nov-88 08:02 -- extra not on master
(SYS:38)MAR90.MSG     28 28-Feb-90 16:00 -- bad checksum DAKFIY 28-Feb-90 16:00 DIDGEV  ALL  RD  NO
(SYS:38)MAR90.CTY     23 28-Feb-90 16:00 -- bad checksum RIMDIB 28-Feb-90 16:00 GUXSEK  ALL  RD  NO
(SYS:38)JUN91.CTY     30 31-May-91 20:00 -- bad checksum JEJZUW 31-May-91 19:23 WUHDIQ  ALL  RD  NO
(SYS:38)080291.DAT    53 02-Aug-91 21:59 -- bad checksum VALKET 02-Aug-91 23:00 YAYTIN  ALL  RD  NO
(SYS:38)080991.DAT    34 09-Aug-91 21:05 -- bad checksum CEWLAD 09-Aug-91 23:00 LIZDOG  ALL  RD  NO
(SYS:38)081191.DAT    56 11-Aug-91 23:55 -- bad checksum NEQCUX 11-Aug-91 23:58 BOLHUB  ALL  RD  NO
(SYS:38)081891.DAT    43 18-Aug-91 23:59 -- bad checksum VITSUN 18-Aug-91 23:56 DUCBEP  ALL  RD  NO
(SYS:38)NEW114.MEM   107 10-Oct-79 09:13 -- bad checksum YIFSUN 10-Oct-79 09:11 MOZYEB  ALL  RD  RD
(SYS:38)X22C0.SHR     65 23-Jun-89 13:52 -- bad license  09-Jun-89 08:50 BIPLUM  ALL  RD  RD    200
(SYS:38)ZETPOP.LOW    23 15-Jan-80 10:04 -- bad checksum LUBGUB 06-Feb-79 15:01 BUNCAQ  ALL RUN RUN
(SYS:38)INITA.SAV      3 10-Mar-80 23:20 -- extra not on master
(SYS:38)12LOAD.DAT     2 01-Feb-83 15:46 -- protection ALL  RD  RD 22-Oct-80 13:47 NUMVIC  ALL  RD  NO
(SYS:38)NEWMON.SAV   170 20-Aug-91 20:23 -- bad checksum BISXIG 15-Mar-91 20:16 LEQQUT  ALL  RD  NO
(SYS:38)TEST           2 01-Apr-86 10:31 -- extra not on master
(SYS:38)38034P.SAV   161 10-May-86 00:15 -- extra not on master
(SYS:38)SUBMIT.SAV    64 24-Mar-87 10:08 -- extra not on master
(SYS:38)ERROR.SHR     35 22-Aug-87 15:02 -- extra not on master
(SYS:38)CRON.OLD       2 17-Oct-86 17:58 -- extra not on master
(SYS:38)CRON.LOG      11 26-Sep-91 15:00 -- bad checksum ZIDJUW 26-Sep-91 14:00 VEFZIX  ALL  RD  NO
(SYS:38)FEB90.MSG     22 31-Jan-90 16:00 -- bad checksum PEZFEC 31-Jan-90 16:00 WIDPEH  ALL  RD  NO
(SYS:38)FEB90.CTY     18 31-Jan-90 16:00 -- bad checksum TUDTAR 03-Feb-90 04:38 PIKZUR  ALL  RD  NO
(SYS:38)DRWSPR.BAK    18 19-Jun-90 08:54 -- extra not on master
(SYS:38)080491.DAT    58 04-Aug-91 23:55 -- bad checksum GERPAM 04-Aug-91 23:57 SACHAY  ALL  RD  NO
(SYS:38)081391.DAT    42 13-Aug-91 21:00 -- bad checksum KACROD 13-Aug-91 23:51 RIZKES  ALL  RD  NO
(SYS:38)082291.DAT    49 22-Aug-91 21:00 -- bad checksum CAPJAR 22-Aug-91 23:03 PIXNIN  ALL  RD  NO
(SYS:38)082991.DAT    47 29-Aug-91 23:59 -- bad checksum CUGXIJ 29-Aug-91 23:57 SOFGEY  ALL  RD  NO
(SYS:38)083191.DAT    46 31-Aug-91 23:56 -- bad checksum HENWOY 31-Aug-91 23:59 NAYNAD  ALL  RD  NO
(SYS:38)SEP91.MSG     44 31-Aug-91 20:00 -- bad checksum GUTXIZ 31-Aug-91 20:00 LURPAY  ALL  RD  NO
(SYS:38)SEP91.CTY     36 31-Aug-91 20:00 -- bad checksum LORGOR
                           should be 31-Aug-91 20:00 GIFLAZ  ALL  RD  NO
(SYS:38)090391.DAT    42 03-Sep-91 21:00 -- bad checksum HIHLUB 03-Sep-91 23:59 NIWFEG  ALL  RD  NO
(SYS:38)LGOSHR.BAK     3 27-Sep-76 12:27 -- extra not on master
(SYS:38)CHKPNT.OLD     5 19-Apr-85 12:08 -- extra not on master
(SYS:38)DISSPL.REL   660 07-May-87 10:29 -- bad checksum XAXFUS 03-Jan-80 16:20 BUCWIJ  ALL  RD  RD
(SYS:38)JQUEUE.INI     7 12-Nov-86 23:55 -- bad checksum MAMDUG 18-Nov-86 22:26 SURZEG  ALL  RD  NO    100
(SYS:38)DISSPL.BAK     2 29-Jul-87 14:43 -- extra not on master
(SYS:38)APR89.CTY     15 31-Mar-89 16:00 -- bad checksum XOQXIJ 31-Mar-89 16:00 PIMKIH  ALL  RD  NO
(SYS:38)APR89.MSG     13 12-Apr-89 01:57 -- bad checksum KERZIN 11-Apr-89 19:19 LEMLUM  ALL  RD  NO
(SYS:38)JUL88.CTY     13 30-Jun-88 20:00 -- bad checksum ZARRUV 30-Jun-88 20:00 WASCID  ALL  RD  NO
(SYS:38)AUG88.CTY     17 31-Jul-88 20:00 -- bad checksum POFQUC 15-Aug-88 20:01 DIDCAJ  ALL  RD  NO
(SYS:38)JQUEUE.THU    38 26-Sep-91 07:30 -- extra not on master
(SYS:38)JQUEUE.FRI    38 20-Sep-91 07:30 -- extra not on master
(SYS:38)JQUEUE.SAT    38 21-Sep-91 07:30 -- extra not on master
(SYS:38)JQUEUE.SUN    38 22-Sep-91 07:30 -- extra not on master
(SYS:38)JQUEUE.MON    38 23-Sep-91 09:58 -- extra not on master
(SYS:38)JQUEUE.TUE    38 24-Sep-91 07:30 -- extra not on master
(SYS:38)JUL90.MSG     30 30-Jun-90 20:00 -- bad checksum VOKSAR 30-Jun-90 20:00 FEBMAF  ALL  RD  NO
(SYS:38)JUL90.CTY     25 30-Jun-90 20:00 -- bad checksum GOGMAB 30-Jun-90 20:00 YIZQOF  ALL  RD  NO
(SYS:38)AUG90.MSG     32 31-Jul-90 20:00 -- bad checksum KORTUD 31-Jul-90 20:00 WIDNIR  ALL  RD  NO
(SYS:38)AUG90.CTY     27 31-Jul-90 20:00 -- bad checksum XUKXUB 31-Jul-90 20:00 WAKXAL  ALL  RD  NO
(SYS:38)APR91.MSG     25 31-Mar-91 16:00 -- bad checksum BIKDOH 31-Mar-91 16:00 JULSAF  ALL  RD  NO
(SYS:38)APR91.CTY     21 31-Mar-91 16:00 -- bad checksum TEFJEQ 31-Mar-91 16:00 KAKTAF  ALL  RD  NO
(SYS:38)080691.DAT    51 06-Aug-91 21:15 -- bad checksum BIFJAB 06-Aug-91 23:55 RUXMAD  ALL  RD  NO
(SYS:38)081591.DAT    66 15-Aug-91 23:58 -- bad checksum BUSCIM 15-Aug-91 23:57 XUXXAB  ALL  RD  NO
(SYS:38)FILEX.SHR     13 07-Feb-79 16:22 -- protection ALL  RD  RD 19-Jan-81 14:39 VEGVID  ALL ALL ALL
(SYS:38)QX1400.HGH    52 08-Sep-81 12:39 -- bad checksum NETLOP 08-Sep-81 14:56 DOHZOZ  ALL  RD  RD
(SYS:38)019TEL.COM     2 05-Mar-83 19:23 -- extra not on master
(SYS:38)019TEL.OUT     2 05-Mar-83 19:23 -- extra not on master
(SYS:38)FILE           2 31-Dec-84 13:00 -- extra not on master
(SYS:38)ACSESS.MSG     2 18-Jun-85 10:22 -- extra not on master
(SYS:38)LINK.REL       1 05-Mar-86 15:31 -- extra not on master
(SYS:38)LOAD.REL       1 05-Mar-86 15:32 -- extra not on master
(SYS:38)B.REL          1 05-Mar-86 15:32 -- extra not on master
(SYS:38)LIST.REL       1 05-Mar-86 15:33 -- extra not on master
(SYS:38)IMAGE.REL      1 05-Mar-86 15:33 -- extra not on master
(SYS:38)DEF.REL        1 05-Mar-86 15:33 -- extra not on master
(SYS:38)TYE.REL        1 05-Mar-86 15:34 -- extra not on master
(SYS:38)SYSTEM.P10   161 10-May-86 00:15 -- extra not on master
(SYS:38)NOV88.CTY     14 31-Oct-88 16:00 -- bad checksum BUNTAY 15-Nov-88 12:18 YOBMID  ALL  RD  NO
(SYS:38)012TEL.COM     2 02-Aug-87 12:02 -- extra not on master
(SYS:38)KL3652.SAV   168 28-Sep-87 13:14 -- bad checksum TIZWEL 28-Sep-87 13:06 MAKTAJ  ALL  RD  NO
(SYS:38)JUL89.MSG     20 30-Jun-89 20:00 -- bad checksum VIYGUC 30-Jun-89 20:00 XACQUV  ALL  RD  NO
(SYS:38)JUL89.CTY     18 30-Jun-89 20:00 -- bad checksum MOCSUK 30-Jun-89 20:00 KEWZOV  ALL  RD  NO
(SYS:38)NOV90.CTY     17 31-Oct-90 16:00 -- bad checksum GUSRUM 31-Oct-90 16:00 ZIBZEC  ALL  RD  NO
(SYS:38)JUL91.MSG     34 30-Jun-91 20:00 -- bad checksum SOZMUP 30-Jun-91 20:00 RIZKOH  ALL  RD  NO
(SYS:38)JUL91.CTY     32 30-Jun-91 20:00 -- bad checksum WEWQUM 30-Jun-91 20:00 YELYOY  ALL  RD  NO
(SYS:38)AUG91.MSG     31 31-Jul-91 20:00 -- bad checksum YICWOB 31-Jul-91 19:38 DUVDOH  ALL  RD  NO
(SYS:38)AUG91.CTY     27 31-Jul-91 20:00 -- bad checksum FOKREM 31-Jul-91 19:38 RALXAM  ALL  RD  NO
(SYS:38)080791.DAT    17 07-Aug-91 23:54 -- bad checksum ZOJQAD 07-Aug-91 23:59 JEVJIN  ALL  RD  NO
(SYS:38)081691.DAT    65 16-Aug-91 21:02 -- bad checksum KAFJIK 16-Aug-91 22:53 VUYDUC  ALL  RD  NO
(SYS:38)090691.DAT    66 06-Sep-91 21:00 -- bad checksum SUGQOT 06-Sep-91 23:00 ZAXTUT  ALL  RD  NO
(SYS:38)092491.DAT    55 24-Sep-91 21:13 -- bad checksum FUPYOB 24-Sep-91 23:53 XIFPOM  ALL  RD  NO
(SYS:38)ACCESS.MES     2 27-Jun-91 08:35 -- bad checksum HEVYOD 18-Apr-91 08:48 RORNIS  ALL  RD  NO
(SYS:38)SEP89.MSG     23 31-Aug-89 20:00 -- bad checksum GEBXOP 31-Aug-89 20:00 LEZCAT  ALL  RD  NO
(SYS:38)SEP89.CTY     19 31-Aug-89 20:00 -- bad checksum GEQCAY 31-Aug-89 20:00 GABQAT  ALL  RD  NO
(SYS:38)AUG89.MSG     22 31-Jul-89 20:00 -- bad checksum FIRHOR 31-Jul-89 20:00 MUZSAF  ALL  RD  NO
(SYS:38)AUG89.CTY     17 31-Jul-89 20:00 -- bad checksum DOCLUN 31-Jul-89 20:00 PEYZOV  ALL  RD  NO
(SYS:38)OCT89.MSG     30 30-Sep-89 20:00 -- extra not on master
(SYS:38)OCT89.CTY     25 30-Sep-89 20:00 -- extra not on master
(SYS:38)071791.DAT                       -- missing on slave
(SYS:38)071091.DAT                       -- missing on slave
(SYS:38)DIRECT.SHR                       -- missing on slave
(SYS:38)DIRECT.LOW                       -- missing on slave
(SYS:38)KSFEFS.SAV                       -- missing on slave
(SYS:38)DDTOLD.REL                       -- missing on slave
(SYS:38)DDTOLD.SAV                       -- missing on slave
(SYS:38)RUNOFF.LOW                       -- missing on slave
(SYS:38)P10INI.ENV                       -- missing on slave
(SYS:38)P10OCG.SHR                       -- missing on slave
(SYS:38)P10OCG.LOW                       -- missing on slave
(SYS:38)PASLST.SHR                       -- missing on slave
(SYS:38)PASLST.LOW                       -- missing on slave
(SYS:38)071691.DAT                       -- missing on slave
(SYS:38)LP20FS.SAV                       -- missing on slave
(SYS:38)FOROTS.SHR                       -- missing on slave
(SYS:38)KMCLOD.SAV                       -- missing on slave
(SYS:38)ME                               -- missing on slave
(SYS:38)33BU05.07                        -- missing on slave
(SYS:38)DUPLIC.SAV                       -- missing on slave
(SYS:38)OLDRPG.SHR                       -- missing on slave
(SYS:38)LEVER.SAV                        -- missing on slave
(SYS:38)071591.DAT                       -- missing on slave
(SYS:38)MCODE                            -- missing on slave
(SYS:38)NODLOD.SAV                       -- missing on slave
(SYS:38)LOADII.ACC                       -- missing on slave
(SYS:38)DEFOPR.SAV                       -- missing on slave
(SYS:38)LOADII.DMS                       -- missing on slave
(SYS:38)ATF.SAV                          -- missing on slave
(SYS:38)CHECKT.FMT                       -- missing on slave
(SYS:38)DEFSYS.SAV                       -- missing on slave
(SYS:38)FOR32.DAT                        -- missing on slave
(SYS:38)ASPNEW.SAV                       -- missing on slave
(SYS:38)MDLPRO.EXE                       -- missing on slave
(SYS:38)MDLPRO.SHR                       -- missing on slave
(SYS:38)MDLPRO.LOW                       -- missing on slave
(SYS:38)ODMS.SHR                         -- missing on slave
(SYS:38)ODMS.LOW                         -- missing on slave
(SYS:38)ESC.LEV                          -- missing on slave
(SYS:38)MESSAG                           -- missing on slave
(SYS:38)072391.DAT                       -- missing on slave
(SYS:38)071491.DAT                       -- missing on slave
(SYS:38)DRWSPR.TXT                       -- missing on slave
(SYS:38)DRWSPR.BIN                       -- missing on slave
(SYS:38)KSBLOD.DMP                       -- missing on slave
(SYS:38)TYPBAT.SAV                       -- missing on slave
(SYS:38)DRWSPR.EXP                       -- missing on slave
(SYS:38)ACCESD.MSG                       -- missing on slave
(SYS:38)LOAD2.SAV                        -- missing on slave
(SYS:38)DSKCLN.S36                       -- missing on slave
(SYS:38)PASERR.TXT                       -- missing on slave
(SYS:38)P10SHP.SHR                       -- missing on slave
(SYS:38)P10SHP.LOW                       -- missing on slave
(SYS:38)PASANL.SHR                       -- missing on slave
(SYS:38)PASANL.LOW                       -- missing on slave
(SYS:38)PASCMD.SHR                       -- missing on slave
(SYS:38)PASCMD.LOW                       -- missing on slave
(SYS:38)TELAGR.LOW                       -- missing on slave
(SYS:38)TELAGR.HGH                       -- missing on slave
(SYS:38)072291.DAT                       -- missing on slave
(SYS:38)071391.DAT                       -- missing on slave
(SYS:38)LINKER.SAV                       -- missing on slave
(SYS:38)OLDLOD.SAV                       -- missing on slave
(SYS:38)HEADER                           -- missing on slave
(SYS:38)DECBOL.INI                       -- missing on slave
(SYS:38)DECBOL.SHR                       -- missing on slave
(SYS:38)DECBOL.LOW                       -- missing on slave
(SYS:38)NEWRPG.SHR                       -- missing on slave
(SYS:38)NEWMOM.SAV                       -- missing on slave
(SYS:38)SEND.SAV                         -- missing on slave
(SYS:38)NEWL14.SAV                       -- missing on slave
(SYS:38)REMOTE.COD                       -- missing on slave
(SYS:38)072191.DAT                       -- missing on slave
(SYS:38)071991.DAT                       -- missing on slave
(SYS:38)071291.DAT                       -- missing on slave
(SYS:38)MAGWRT.SAV                       -- missing on slave
(SYS:38)UNDELE.LOW                       -- missing on slave
(SYS:38)UNDELE.SHR                       -- missing on slave
(SYS:38)CRA002.SAV                       -- missing on slave
(SYS:38)072091.DAT                       -- missing on slave
(SYS:38)071891.DAT                       -- missing on slave
(SYS:38)071191.DAT                       -- missing on slave
(SYS:38)KSTLOD.DMP                       -- missing on slave
(SYS:38)BOOTS.DMP                        -- missing on slave
(SYS:38)LOADK.SAV                        -- missing on slave
(SYS:38)LUD.BKP                          -- missing on slave
(SYS:38)TELECO.21                        -- missing on slave
(SYS:38)TAGTRA.DAT                       -- missing on slave
(SYS:38)HPPOP.HGH                        -- missing on slave
(SYS:38)TAGSAV.DAT                       -- missing on slave
(SYS:38)CONSUL                           -- missing on slave
(SYS:38)TAGLB2.REL                       -- missing on slave
(SYS:38)33034G.SAV                       -- missing on slave
(SYS:38)TAG2LB.REL                       -- missing on slave
(SYS:38)1022.BWR                         -- missing on slave
(SYS:38)HOSTS.DAT                        -- missing on slave
(SYS:38)PASPRN.SAV                       -- missing on slave
(SYS:38)FTSPOO.SAV                       -- missing on slave
(SYS:38)073191.DAT                       -- missing on slave
(SYS:38)072991.DAT                       -- missing on slave
(SYS:38)TOD.SAV                          -- missing on slave
(SYS:38)SYB.DAT                          -- missing on slave
(SYS:38)XTELAG.LOW                       -- missing on slave
(SYS:38)XTELAG.HGH                       -- missing on slave
(SYS:38)TAGLB1.REL                       -- missing on slave
(SYS:38)MAKBIL.SAV                       -- missing on slave
(SYS:38)QQQICM.SHR                       -- missing on slave
(SYS:38)073091.DAT                       -- missing on slave
(SYS:38)072891.DAT                       -- missing on slave
(SYS:38)CYFRED.SHR                       -- missing on slave
(SYS:38)SYS1.STO                         -- missing on slave
(SYS:38)LIB40.BAD                        -- missing on slave
(SYS:38)BACKUP.HGH                       -- missing on slave
(SYS:38)DJFRPG.SHR                       -- missing on slave
(SYS:38)SLDPOP.HGH                       -- missing on slave
(SYS:38)SLDPOP.LOW                       -- missing on slave
(SYS:38)AICPA.SAV                        -- missing on slave
(SYS:38)BLIS11.SHR                       -- missing on slave
(SYS:38)MACY11.SHR                       -- missing on slave
(SYS:38)SPACE.DSK                        -- missing on slave
(SYS:38)BSPICE.SAV                       -- missing on slave
(SYS:38)QQCMND.SHR                       -- missing on slave
(SYS:38)CHGCUS.SAV                       -- missing on slave
(SYS:38)PASSWD.SAV                       -- missing on slave
(SYS:38)072791.DAT                       -- missing on slave
(SYS:38)HPPOP.LOW                        -- missing on slave
(SYS:38)SND620.SAV                       -- missing on slave
(SYS:38)QQQLIB.REL                       -- missing on slave
(SYS:38)QQECML.REL                       -- missing on slave
(SYS:38)072691.DAT                       -- missing on slave
(SYS:38)PASCAL.SHR                       -- missing on slave
(SYS:38)PASCAL.LOW                       -- missing on slave
(SYS:38)LINK.HGH                         -- missing on slave
(SYS:38)QQQTCM.SHR                       -- missing on slave
(SYS:38)QQLOAD.SHR                       -- missing on slave
(SYS:38)QQBASC.LOW                       -- missing on slave
(SYS:38)QQBASC.SHR                       -- missing on slave
(SYS:38)072591.DAT                       -- missing on slave
(SYS:38)SIMPL.BAD                        -- missing on slave
(SYS:38)TODALT.SAV                       -- missing on slave
(SYS:38)TAGLIB.CMD                       -- missing on slave
(SYS:38)NULL.DAT                         -- missing on slave
(SYS:38)DISSPL.COP                       -- missing on slave
(SYS:38)230COP.SAV                       -- missing on slave
(SYS:38)QQJOBD.REL                       -- missing on slave
(SYS:38)QQQDDT.REL                       -- missing on slave
(SYS:38)QQQECM.REL                       -- missing on slave
(SYS:38)QQFORT.SHR                       -- missing on slave
(SYS:38)QQEDIT.SHR                       -- missing on slave
(SYS:38)072491.DAT                       -- missing on slave
(SYS:38)LOADII.SAV                       -- missing on slave
(SYS:38)INFO.SAV                         -- missing on slave
(SYS:38)DED.SAV                          -- missing on slave
(SYS:38)ACCESS.SAV                       -- missing on slave
(SYS:38)ACCESS.LIS                       -- missing on slave

End of SAIL execution
.LOGOUT
4691.34 tru
terminal time: 0:43:32
Q@<