!:LOGFILE SZRPT.LOG
:DEFINE $SUBSTITUTION=$TRUE
RUN (XEXEC)MINIT

!PJOB	;Saturday
Frame 16  TTY203  JMS[3,431116] at F34

!SYS G

TYMSHARE F34-P035/E01-1 1-25-91 up 25:11:42! at  0:45:15 on Sat Jan 27,1996
Null time = 14:33:23, Idle = 57% (Idle time per MIN. = 24%)
16 jobs in use out of 116.  7 detached

Users=16 Det=7 [1,1], Queues: RUN=1 DIO=1 TIO=4 IO=1 SPC=9
8190 Physical pages available (MONITOR = 490P, User Area = 7700P)
Virt. memory used (TPU/TPA): 802/7700 = 10%

DSKB: 534296 Pages free, 16 users

!RUN (MPL)TYPBAT
DSKB has 555 cylinders, 30 heads, 7 pages per track, 116550 pages per unit.

BPA0  (DSKB0:340000)     0 bad pages in 0 distinct regions.
BPA1  (DSKB1:340001)     0 bad pages in 0 distinct regions.
BPA2  (DSKB2:340002)     4 bad pages in 4 distinct regions.
 1 page  at 007715 = cylinder  19, head  7, record  7   10-Sep-91
 1 page  at 177034 = cylinder 309, head 23, record  2   10-Sep-91
 1 page  at 210172 = cylinder 332, head  4, record  7   10-Sep-91
 1 page  at 210176 = cylinder 332, head  5, record  4   10-Sep-91

BPA5  (DSKB3:340006)     0 bad pages in 0 distinct regions.
BPA4  (DSKB4:340004)     0 bad pages in 0 distinct regions.
BPA7  (DSKB5:340005)     0 bad pages in 0 distinct regions.
BPA10 (DSKB6:340014)     4 bad pages in 4 distinct regions.
 1 page  at 007715 = cylinder  19, head  7, record  7   10-Sep-91
 1 page  at 177034 = cylinder 309, head 23, record  2   10-Sep-91
 1 page  at 210172 = cylinder 332, head  4, record  7   10-Sep-91
 1 page  at 210176 = cylinder 332, head  5, record  4   10-Sep-91

BPA11 (DSKB7:340003)     0 bad pages in 0 distinct regions.
BPC0 (DSKB10:340007)     8 bad pages in 8 distinct regions.
 1 page  at 074114 = cylinder 146, head 19, record  4   20-Dec-90
 1 page  at 105230 = cylinder 168, head 28, record  5   20-Dec-90
 1 page  at 072131 = cylinder 141, head 25, record  1   20-Dec-90
 1 page  at 074116 = cylinder 146, head 19, record  6   20-Dec-90
 1 page  at 052754 = cylinder 104, head 22, record  3    9-Sep-91
 1 page  at 065116 = cylinder 129, head 17, record  6    9-Sep-91
 1 page  at 135444 = cylinder 228, head  4, record  1   10-Sep-91
 1 page  at 160517 = cylinder 274, head 19, record  7   10-Sep-91

BPC1 (DSKB11:340008)     0 bad pages in 0 distinct regions.
BPC2 (DSKB12:340009)     9 bad pages in 7 distinct regions.
 1 page  at 070257 = cylinder 137, head 11, record  1   27-Sep-94
 1 page  at 015700 = cylinder  33, head 24, record  7   10-Jun-95
 2 pages at 015702 = cylinder  33, head 25, record  2   10-Jun-95
 1 page  at 016333 = cylinder  35, head  5, record  3   10-Jun-95
 1 page  at 016516 = cylinder  35, head 21, record  6   10-Jun-95
 1 page  at 017377 = cylinder  37, head 23, record  5   10-Jun-95
 2 pages at 020243 = cylinder  39, head 23, record  5   10-Jun-95

BPC5 (DSKB13:340013)     0 bad pages in 0 distinct regions.
BPC4 (DSKB14:340011)    12 bad pages in 12 distinct regions.
 1 page  at 020741 = cylinder  41, head  9, record  1   10-Sep-91
 1 page  at 000170 = cylinder   0, head 17, record  2   10-Sep-91
 1 page  at 001212 = cylinder   3, head  2, record  7   10-Sep-91
 1 page  at 021247 = cylinder  42, head  7, record  3   10-Sep-91
 1 page  at 021566 = cylinder  43, head  6, record  7   10-Sep-91
 1 page  at 006277 = cylinder  15, head 16, record  2   10-Sep-91
 1 page  at 006437 = cylinder  15, head 29, record  7   10-Sep-91
 1 page  at 006770 = cylinder  17, head  0, record  7   10-Sep-91
 1 page  at 037714 = cylinder  77, head 23, record  2   22-Sep-91
 1 page  at 041566 = cylinder  82, head  7, record  2   22-Sep-91
 1 page  at 013762 = cylinder  29, head  5, record  6   22-Sep-91
 1 page  at 027453 = cylinder  57, head 15, record  1   22-Sep-91

BPC7 (DSKB15:340012)     0 bad pages in 0 distinct regions.
BPC10(DSKB16:340015)     0 bad pages in 0 distinct regions.
BPC11(DSKB17:340010)     0 bad pages in 0 distinct regions.
Done.

!
!ASSIGN DSK TTY	;Put GAN 3 listing in DSK:SZRPT.LST
DSK assigned

!R SZRPT
Inhouse separated? (Y,N,I,O,2) Y
Sort by? NUMACCOUNT
Working...
ACCOUNT NUMBER? 3

!DEASSIGN	;Listing back to TTY

!R SZRPT
Inhouse separated? (Y,N,I,O,2) 6
Sort by? SIZE
Working...
27-JAN-1996	0:46

TOTAL PAGES 1280127  FILES 24970

  INHOUSE	QUOTA		  OVER		OUTHOUSE

1235191   23996                          44936   974

 54 669159 1461 1000000 NETSTAT           94  42411  967 400000 ACAISSE
 64 130610   76 900000 TNT                99   2508    3   5000 HOLD
 71  83486 1616 9999999 SYS               99     11    1      5#DBVAL 6
 75  49913  400 100000 CUD10             100      6    3   7000 NOVAFIELD
 78  32059  121 250000 SRA               100      0    0      5 UKMSG
 80  26323  211 1000000 UN1              100      0    0      0 SYNC
 82  24782 1759  50000 JMS               100      0    0      5 GCSCA
 84  23718 1300 100000 CARL              100      0    0      5 RNMCAP
 85  14646  999  80000 M33               100      0    0      5 NTDPAPER
 86  11483  153  25000 MUR               100      0    0      5 RFISHER
 87  10034 1286  20000 LINK10            100      0    0      5 JMORDEN
 87   9504  159  10000 INTLPROGS         100      0    0      5 MBETTY
 88   9036 1177  25000 WRS               100      0    0      5 MZORTMAN
 89   8606  831  25000 MPL               100      0    0      5 SINGTEL
 89   7438  106  25000 OTMMUR            100      0    0      5 SYNCORDIA
 90   7026 2032  25000 SUBMIT            100      0    0      5 GTSMEX
 91   6830  371   8000 EBUS              100      0    0      5 WRFS
 91   5866  430  25000 UPL               100      0    0      5 BTNL
 91   5712  315  10000 FREMONTDOC        100      0    0      1 DECNET
 92   5286  131  20000 OPER              100      0    0   2500 SPOOLING
 92   4992  366  25000 KS2020            100      0    0      0 MISPAPER
 93   4503   28   5000 FTMAGNUM          100      0    0      1 NTNOR
 93   4406   35   5000 XMAGNUM           100      0    0      5 AROSS
 93   4023   32   5000 MAGNUM            100      0    0      5 BOFAOPS
 94   3887   85   5000 FREITAS2          100      0    0      1 CMCKIEVER
 94   3873  306  25000 SPL               100      0    0      5 RWONG
 94   3581  168  25000 OSMAN             100      0    0      5 GTSPERU
 95   3255  126   5000 MURTAUGH          100      0    0      5 CONFR
 95   3205  148   8000 TYMNET            100      0    0      5 EMSG
 95   2974 1165   5000 SSVAL             100      0    0      5 BTDUBAI
 95   2960  158  10000 OSNF              100      0    0      5 BTNEWCO
 96   2892  489   5000 FSCORD            100      0    0     50 CHERMAN
 96   2596  745   5000 LUDUPD            100      0    0      5 TSCSALES
 96   2564  180   5000 MVSMURS           100      0    0      5 DGODARD
 96   2330   42  50000 REQUESTOP         100      0    0      5 BTBEL
 96   2246  396  25000 ACTRTY            100      0    0      5 STONEK
 96   2074   15  20000 OSP
 97   2015  111   6000 KL10
 97   1984  209   5000 BRUCES
 97   1961   95  50000 FTSYS
 97   1488   90 100000 OSU
 97   1421   58  10000 SRAMOV
 97   1330  245   5000 XEXEC
 97   1297  167   4000 SPPOPER
 98   1253  250   3000 SAILIB
 98   1234  115   1250 DONAHUE
 98   1233  172   2500 UTIL
 98   1229  118  25000 INFO
 98   1161  488   1250 USEVAL
 98   1110   47  12500 TXSSUP
 98   1064  251  25000 UFD
 98   1051   36   2500 UAS
 98   1023  231   1250 FREMUR
 98    856  116  10000 PEAK
 98    829  101   1000 VALDEV
 98    812   38  25000 MAIL
 99    812   40   1000 TECHSERV
 99    753   33   1250 SPPARCH
 99    726  161  10000 PAPDEV
 99    715   75  25000 *1BATCH

!R QUOLST
Disk quotas (number of pages available) for [3,431116]
Str	 FCFS	LOGOUT	 used	left:(in) (out)	 (sys)
-----	------	------	------	------	------	------
DSKB:	 50000	 50000	 24785	 25215	 25215	534473    (JMS)

!TYPE SZRPT.LST

27-JAN-1996	0:45

TOTAL PAGES 136171  FILES 12226

  INHOUSE	QUOTA		  OVER		OUTHOUSE

136171   12226                           0   0

 18  24782 1759  50000 JMS
 35  23718 1300 100000 CARL
 46  14646  999  80000 M33
 53  10034 1286  20000 LINK10
 60   9036 1177  25000 WRS
 66   8606  831  25000 MPL
 71   7026 2032  25000 SUBMIT
 76   6830  371   8000 EBUS
 80   4992  366  25000 KS2020
 83   3873  306  25000 SPL
 86   3581  168  25000 OSMAN
 88   2960  158  10000 OSNF
 89   2074   15  20000 OSP
 91   2015  111   6000 KL10
 92   1488   90 100000 OSU
 93   1330  245   5000 XEXEC
 94   1297  167   4000 SPPOPER
 95   1253  250   3000 SAILIB
 96   1229  118  25000 INFO
 96   1110   47  12500 TXSSUP
 97    856  116  10000 PEAK
 98    812   38  25000 MAIL
 98    753   33   1250 SPPARCH
 98    467   45    750 XPPTEST
 99    386   11  34464 YEUX
 99    353  109  25000 TXSTEXT
 99    223   13  25000 OSB
 99    172   37   2500 TTR
 99    113   17   1250 TXSDOC
 99    110    2    110 BLOB
 99     26    3   1250 NDT
 99      8    2  25000 MFICHE
 99      8    2   3000 TSUCOOP
 99      2    1  34464 VUE
100      2    1   4000 SPUNKTEST
100      0    0   1250 TYMGRIPE
100      0    0   1250 TBAUSPS


EXIT

!COPY SZRPT.LOG,SZRPT.Saturday

!;SZRPT.LST=GAN:3, SZRPT.LOG=ALL
!DIRECT SZRPT.*

SZRPT   SAT       5  27-JAN-96   48    ALL RD  NO      2048          
SZRPT   LST       2  27-JAN-96   45    ALL RD  NO       250          
SZRPT   LOG       1  27-JAN-96   45    ALL RD  NO      2048          
SZRPT   FRI       5  26-JAN-96   48    ALL RD  NO      2048          
SZRPT   THU       5  25-JAN-96   48    ALL RD  NO      2048          
SZRPT   WED       5  24-JAN-96   48    ALL RD  NO      2048          
SZRPT   TUE       5  23-JAN-96   48    ALL RD  NO      2048          
SZRPT   MON       5  22-JAN-96   48    ALL RD  NO      2048          
SZRPT   SUN       5  21-JAN-96   49    ALL RD  NO      2048          
SZRPT   CTL       2  28-APR-95 1107    ALL RD  NO        91          
SZRPT   SYS       2   3-JAN-90 1402    ALL RD  NO        71          
SZRPT   OLD      11  25-NOV-89 1622    ALL RD  NO      4799          
SZRPT   SS        6  10-APR-89 1236    ALL RD  NO      2196          
SZRPT   024       2  24-JAN-89 1507    ALL RD  NO       271          
SZRPT   XXX       7  24-JAN-89 1458    ALL RD  NO      2958          
SZRPT   YYY       7  24-JAN-89 1458    ALL RD  NO      2958          
SZRPT   39        3   5-JAN-89 1147    ALL RD  NO       523          
SZRPT   D55       2   5-JAN-89 1137    ALL RD  NO       377          
SZRPT   SRT       2   1-DEC-88 1119    ALL RD  NO       276          
SZRPT   21        5  21-JUL-88   45    ALL RD  NO      1694          
SZRPT   WHR       6  11-APR-88 1203    ALL RD  NO      2135          
SZRPT   95        3  19-AUG-87 1937    ALL RD  NO       572          
SZRPT   SCM       3  14-AUG-87 2358    ALL RD  NO       690          
SZRPT   930       2  14-AUG-87 2357    ALL RD  NO       342          
SZRPT   2         3  14-AUG-87 2354    ALL RD  NO       661          
SZRPT   ALL       4  11-AUG-87 1103    ALL RD  NO      1157          
SZRPT   G3        9   3-AUG-87  918    ALL RD  NO      3928          
SZRPT   GAN       5  21-JAN-87 1911    ALL RD  NO      1588          
SZRPT   CHK       7   4-OCT-86 2336    ALL RD  NO      2666          
SZRPT   X29      12  28-JUL-86 1218    ALL RD  NO      5523          

!SENDMAIL PDP10STATS@TARDIS
Type letter:
SZRPT report
:SEND CHAR 2
File name: SZRPT.LOG
:SEND CHAR 4

End of SAIL execution
!;FINDIT *.TMP/NOCHECK
!LOGOUT
78.15 tru
terminal time: 0:04:49

; Req #20585 completed
    