

2 Telecopy file(s).
001TEL: 15 September 1987 12:44   "REPLACE" "NO UPDATE" "ONLC"
 Transfer (JMS:32)SWITCH.INI to (JMS:14)SWITCH.INI
 -> `SYSTEM UNAVAILABLE'.
 Transfer (JMS:32)SWITCH.INI to (JMS:17)SWITCH.INI
 -> `SYSTEM UNAVAILABLE'.
 Transfer (JMS:32)SWITCH.INI to (JMS:930)SWITCH.INI
 -> `SYSTEM UNAVAILABLE'.
 Transfer (JMS:32)SWITCH.INI to (JMS:934)SWITCH.INI
 -> `SYSTEM UNAVAILABLE'.
 Copy replacing (JMS:32)SWITCH.INI to (JMS:22)SWITCH.INI (done)
 Copy replacing (JMS:32)SWITCH.INI to (JMS:26)SWITCH.INI (done)
 Copy replacing (JMS:32)SWITCH.INI to (JMS:29)SWITCH.INI (done)
 Copy replacing (JMS:32)SWITCH.INI to (JMS:30)SWITCH.INI (done)
 Copy replacing (JMS:32)SWITCH.INI to (JMS:33)SWITCH.INI (done)
 Copy replacing (JMS:32)SWITCH.INI to (JMS:38)SWITCH.INI (done)
 Copy replacing (JMS:32)SWITCH.INI to (JMS:58)SWITCH.INI (done)
 Copy replacing (JMS:32)SWITCH.INI to (JMS:70)SWITCH.INI (done)
 Copy replacing (JMS:32)SWITCH.INI to (JMS:74)SWITCH.INI (done)
 Copy replacing (JMS:32)SWITCH.INI to (JMS:23)SWITCH.INI (done)
 Copy replacing (JMS:32)SWITCH.INI to (JMS:25)SWITCH.INI (done)
 Copy replacing (JMS:32)SWITCH.INI to (JMS:27)SWITCH.INI (done)
 Copy replacing (JMS:32)SWITCH.INI to (JMS:31)SWITCH.INI (done)
 Copy replacing (JMS:32)SWITCH.INI to (JMS:34)SWITCH.INI (done)
 Copy replacing (JMS:32)SWITCH.INI to (JMS:35)SWITCH.INI (done)
 Copy replacing (JMS:32)SWITCH.INI to (JMS:37)SWITCH.INI (done)
 Copy replacing (JMS:32)SWITCH.INI to (JMS:54)SWITCH.INI (done)
 Copy replacing (JMS:32)SWITCH.INI to (JMS:55)SWITCH.INI (done)
 Copy replacing (JMS:32)SWITCH.INI to (JMS:56)SWITCH.INI (done)
 Copy replacing (JMS:32)SWITCH.INI to (JMS:65)SWITCH.INI (done)
008TEL: 26 August 1987 23:26   "REPLACE" "NO UPDATE" "ONLC"
 Transfer (JMS:32)SWITCH.INI to (JMS:930)SWITCH.INI
 -> `SYSTEM UNAVAILABLE'.
 Copy replacing (JMS:32)SWITCH.INI to (JMS:22)SWITCH.INI (done)
 Copy replacing (JMS:32)SWITCH.INI to (JMS:26)SWITCH.INI (done)
 Copy replacing (JMS:32)SWITCH.INI to (JMS:29)SWITCH.INI (done)
 Copy replacing (JMS:32)SWITCH.INI to (JMS:30)SWITCH.INI (done)
 Copy replacing (JMS:32)SWITCH.INI to (JMS:33)SWITCH.INI (done)
 Copy replacing (JMS:32)SWITCH.INI to (JMS:38)SWITCH.INI (done)
 Copy replacing (JMS:32)SWITCH.INI to (JMS:58)SWITCH.INI (done)
 Copy replacing (JMS:32)SWITCH.INI to (JMS:70)SWITCH.INI (done)
 Copy replacing (JMS:32)SWITCH.INI to (JMS:74)SWITCH.INI (done)
 Copy replacing (JMS:32)SWITCH.INI to (JMS:23)SWITCH.INI (done)
 Copy replacing (JMS:32)SWITCH.INI to (JMS:25)SWITCH.INI (done)
 Copy replacing (JMS:32)SWITCH.INI to (JMS:27)SWITCH.INI (done)
 Copy replacing (JMS:32)SWITCH.INI to (JMS:31)SWITCH.INI (done)
 Copy replacing (JMS:32)SWITCH.INI to (JMS:34)SWITCH.INI (done)
 Copy replacing (JMS:32)SWITCH.INI to (JMS:35)SWITCH.INI (done)
 Copy replacing (JMS:32)SWITCH.INI to (JMS:37)SWITCH.INI (done)
 Copy replacing (JMS:32)SWITCH.INI to (JMS:54)SWITCH.INI (done)
 Copy replacing (JMS:32)SWITCH.INI to (JMS:55)SWITCH.INI (done)
 Copy replacing (JMS:32)SWITCH.INI to (JMS:56)SWITCH.INI (done)
 Copy replacing (JMS:32)SWITCH.INI to (JMS:65)SWITCH.INI (done)

2 Telecopy file(s).
007TEL: 16 September 1987 06:26   "REPLACE" "NO UPDATE" "ONLC"
 Transfer (JMS:32)SWITCH.INI to (JMS:14)SWITCH.INI
 -> `SYSTEM UNAVAILABLE'.
 Transfer (JMS:32)SWITCH.INI to (JMS:17)SWITCH.INI
 -> `SYSTEM UNAVAILABLE'.
 Transfer (JMS:32)SWITCH.INI to (JMS:930)SWITCH.INI
 -> `SYSTEM UNAVAILABLE'.
 Transfer (JMS:32)SWITCH.INI to (JMS:934)SWITCH.INI
 -> `SYSTEM UNAVAILABLE'.
 Copy replacing (JMS:32)SWITCH.INI to (JMS:22)SWITCH.INI (done)
 Transfer (JMS:32)SWITCH.INI to (JMS:26)SWITCH.INI
 -> `SYSTEM UNAVAILABLE'.
 Copy replacing (JMS:32)SWITCH.INI to (JMS:29)SWITCH.INI (done)
 Copy replacing (JMS:32)SWITCH.INI to (JMS:30)SWITCH.INI (done)
 Copy replacing (JMS:32)SWITCH.INI to (JMS:33)SWITCH.INI (done)
 Copy replacing (JMS:32)SWITCH.INI to (JMS:38)SWITCH.INI (done)
 Copy replacing (JMS:32)SWITCH.INI to (JMS:58)SWITCH.INI (done)
 Copy replacing (JMS:32)SWITCH.INI to (JMS:70)SWITCH.INI (done)
 Copy replacing (JMS:32)SWITCH.INI to (JMS:74)SWITCH.INI (done)
 Copy replacing (JMS:32)SWITCH.INI to (JMS:23)SWITCH.INI (done)
 Copy replacing (JMS:32)SWITCH.INI to (JMS:25)SWITCH.INI (done)
 Copy replacing (JMS:32)SWITCH.INI to (JMS:27)SWITCH.INI (done)
 Copy replacing (JMS:32)SWITCH.INI to (JMS:31)SWITCH.INI (done)
 Transfer (JMS:32)SWITCH.INI to (JMS:34)SWITCH.INI
 -> `SYSTEM UNAVAILABLE'.
 Copy replacing (JMS:32)SWITCH.INI to (JMS:35)SWITCH.INI (done)
 Copy replacing (JMS:32)SWITCH.INI to (JMS:37)SWITCH.INI (done)
 Copy replacing (JMS:32)SWITCH.INI to (JMS:54)SWITCH.INI (done)
 Copy replacing (JMS:32)SWITCH.INI to (JMS:55)SWITCH.INI (done)
 Copy replacing (JMS:32)SWITCH.INI to (JMS:56)SWITCH.INI (done)
 Copy replacing (JMS:32)SWITCH.INI to (JMS:65)SWITCH.INI (done)
003TEL: 16 September 1987 06:26   "REPLACE" "NO UPDATE" "ONLC"
 Copy replacing (JMS:32)SWITCH.INI to (JMS:35)SWITCH.INI (done)

007TEL: 17 September 1987 11:30   "REPLACE" "NO UPDATE" "ONLC"
 Transfer (JMS:32)TUMS.INI to (JMS:14)TUMS.INI
 -> `SYSTEM UNAVAILABLE'.
 Transfer (JMS:32)TUMS.INI to (JMS:17)TUMS.INI
 -> `SYSTEM UNAVAILABLE'.
 Transfer (JMS:32)TUMS.INI to (JMS:930)TUMS.INI
 -> `SYSTEM UNAVAILABLE'.
 Transfer (JMS:32)TUMS.INI to (JMS:934)TUMS.INI
 -> `SYSTEM UNAVAILABLE'.
 Copy replacing (JMS:32)TUMS.INI to (JMS:22)TUMS.INI (done)
 Copy replacing (JMS:32)TUMS.INI to (JMS:26)TUMS.INI (done)
 Copy replacing (JMS:32)TUMS.INI to (JMS:29)TUMS.INI (done)
 Copy replacing (JMS:32)TUMS.INI to (JMS:30)TUMS.INI (done)
 Copy replacing (JMS:32)TUMS.INI to (JMS:33)TUMS.INI (done)
 Copy replacing (JMS:32)TUMS.INI to (JMS:38)TUMS.INI (done)
 Copy replacing (JMS:32)TUMS.INI to (JMS:58)TUMS.INI (done)
 Copy replacing (JMS:32)TUMS.INI to (JMS:70)TUMS.INI (done)
 Copy replacing (JMS:32)TUMS.INI to (JMS:74)TUMS.INI (done)
 Copy replacing (JMS:32)TUMS.INI to (JMS:23)TUMS.INI (done)
 Copy replacing (JMS:32)TUMS.INI to (JMS:25)TUMS.INI (done)
 Copy replacing (JMS:32)TUMS.INI to (JMS:27)TUMS.INI (done)
 Copy replacing (JMS:32)TUMS.INI to (JMS:31)TUMS.INI (done)
 Copy replacing (JMS:32)TUMS.INI to (JMS:34)TUMS.INI (done)
 Copy replacing (JMS:32)TUMS.INI to (JMS:35)TUMS.INI (done)
 Copy replacing (JMS:32)TUMS.INI to (JMS:37)TUMS.INI (done)
 Copy replacing (JMS:32)TUMS.INI to (JMS:54)TUMS.INI (done)
 Copy replacing (JMS:32)TUMS.INI to (JMS:55)TUMS.INI (done)
 Copy replacing (JMS:32)TUMS.INI to (JMS:56)TUMS.INI (done)
 Copy replacing (JMS:32)TUMS.INI to (JMS:65)TUMS.INI (done)

2 Telecopy file(s).
007TEL: 30 September 1987 13:37   "REPLACE" "NO UPDATE" "ONLC"
 Transfer (JMS:32)FINDIT.ROL to (JMS:14)FINDIT.ROL
 -> `SYSTEM UNAVAILABLE'.
 Transfer (JMS:32)FINDIT.ROL to (JMS:17)FINDIT.ROL
 -> `SYSTEM UNAVAILABLE'.
 Transfer (JMS:32)FINDIT.ROL to (JMS:930)FINDIT.ROL
 -> `SYSTEM UNAVAILABLE'.
 Transfer (JMS:32)FINDIT.ROL to (JMS:934)FINDIT.ROL
 -> `SYSTEM UNAVAILABLE'.
 Copy new file  (JMS:32)FINDIT.ROL to (JMS:22)FINDIT.ROL (done)
 Copy new file  (JMS:32)FINDIT.ROL to (JMS:26)FINDIT.ROL (done)
 Copy new file  (JMS:32)FINDIT.ROL to (JMS:29)FINDIT.ROL (done)
 Copy new file  (JMS:32)FINDIT.ROL to (JMS:30)FINDIT.ROL (done)
 Copy new file  (JMS:32)FINDIT.ROL to (JMS:33)FINDIT.ROL (done)
 Copy new file  (JMS:32)FINDIT.ROL to (JMS:38)FINDIT.ROL (done)
 Copy new file  (JMS:32)FINDIT.ROL to (JMS:58)FINDIT.ROL (done)
 Copy new file  (JMS:32)FINDIT.ROL to (JMS:70)FINDIT.ROL (done)
 Copy new file  (JMS:32)FINDIT.ROL to (JMS:74)FINDIT.ROL (done)
 Copy new file  (JMS:32)FINDIT.ROL to (JMS:23)FINDIT.ROL (done)
 Copy new file  (JMS:32)FINDIT.ROL to (JMS:25)FINDIT.ROL (done)
 Copy new file  (JMS:32)FINDIT.ROL to (JMS:27)FINDIT.ROL (done)
 Copy new file  (JMS:32)FINDIT.ROL to (JMS:31)FINDIT.ROL (done)
 Copy new file  (JMS:32)FINDIT.ROL to (JMS:34)FINDIT.ROL (done)
 Copy new file  (JMS:32)FINDIT.ROL to (JMS:35)FINDIT.ROL (done)
 Copy new file  (JMS:32)FINDIT.ROL to (JMS:37)FINDIT.ROL (done)
 Copy new file  (JMS:32)FINDIT.ROL to (JMS:54)FINDIT.ROL (done)
 Copy new file  (JMS:32)FINDIT.ROL to (JMS:55)FINDIT.ROL (done)
 Copy new file  (JMS:32)FINDIT.ROL to (JMS:56)FINDIT.ROL (done)
 Copy new file  (JMS:32)FINDIT.ROL to (JMS:65)FINDIT.ROL (done)
011TEL: 30 September 1987 16:55   "REPLACE" "NO UPDATE" "ONLC"
 Copy replacing (JMS:32)XOVER.TXT to (JMS:29)XOVER.TXT (done)

008TEL: 16 October 1987 13:45   "REPLACE" "NO UPDATE" "ONLC"
 Transfer (JMS:32)LOGON.ROL to (JMS:14)LOGON.ROL
 -> `SYSTEM UNAVAILABLE'.
 Transfer (JMS:32)LOGON.ROL to (JMS:17)LOGON.ROL
 -> `SYSTEM UNAVAILABLE'.
 Copy new file  (JMS:32)LOGON.ROL to (JMS:22)LOGON.ROL (done)
 Copy new file  (JMS:32)LOGON.ROL to (JMS:26)LOGON.ROL (done)
 Copy new file  (JMS:32)LOGON.ROL to (JMS:29)LOGON.ROL (done)
 Copy new file  (JMS:32)LOGON.ROL to (JMS:30)LOGON.ROL (done)
 Copy new file  (JMS:32)LOGON.ROL to (JMS:33)LOGON.ROL (done)
 Copy new file  (JMS:32)LOGON.ROL to (JMS:38)LOGON.ROL (done)
 Copy new file  (JMS:32)LOGON.ROL to (JMS:58)LOGON.ROL (done)
 Copy new file  (JMS:32)LOGON.ROL to (JMS:74)LOGON.ROL (done)
 Copy new file  (JMS:32)LOGON.ROL to (JMS:23)LOGON.ROL (done)
 Copy new file  (JMS:32)LOGON.ROL to (JMS:25)LOGON.ROL (done)
 Copy new file  (JMS:32)LOGON.ROL to (JMS:31)LOGON.ROL (done)
 Copy new file  (JMS:32)LOGON.ROL to (JMS:34)LOGON.ROL (done)
 Copy new file  (JMS:32)LOGON.ROL to (JMS:35)LOGON.ROL (done)
 Copy new file  (JMS:32)LOGON.ROL to (JMS:37)LOGON.ROL (done)
 Copy new file  (JMS:32)LOGON.ROL to (JMS:54)LOGON.ROL (done)
 Copy new file  (JMS:32)LOGON.ROL to (JMS:55)LOGON.ROL (done)
 Copy new file  (JMS:32)LOGON.ROL to (JMS:56)LOGON.ROL (done)
 Copy new file  (JMS:32)LOGON.ROL to (JMS:65)LOGON.ROL
 -> `CIRCUIT ZAPPED - ABORTING,  SYSTEM 65'.
    