!DIRECT (TYM5)*.N##/TOTAL/NOPRINT  TOTAL PAGES 201650 FILES 2258
!DIRECT (TYM5)*.B##/TOTAL/NOPRINT  TOTAL PAGES 232777 FILES 2027
	total of 434427 pages in B and N files

!DIRECT (TYM5)*.D##/TOTAL/NOPRINT  TOTAL PAGES 28327 FILES 131
	26875 pages in 6 *.DMS files, 1452 pages in 125 other D files

	24493 pages in all other files
!DIRECT (TYM5)*.A##/TOTAL/NOPRINT  TOTAL PAGES 421 FILES 26
!DIRECT (TYM5)*.C##/TOTAL/NOPRINT  TOTAL PAGES 7870 FILES 3908
!DIRECT (TYM5)*.E##/TOTAL/NOPRINT  NO FILES SATISFYING REQUEST
!DIRECT (TYM5)*.F##/TOTAL/NOPRINT  TOTAL PAGES 23 FILES 8
!DIRECT (TYM5)*.G##/TOTAL/NOPRINT  TOTAL PAGES 122 FILES 61
!DIRECT (TYM5)*.H##/TOTAL/NOPRINT  TOTAL PAGES 6 FILES 2
!DIRECT (TYM5)*.I##/TOTAL/NOPRINT  TOTAL PAGES 15 FILES 6
!DIRECT (TYM5)*.J##/TOTAL/NOPRINT  TOTAL PAGES 6 FILES 3
!DIRECT (TYM5)*.K##/TOTAL/NOPRINT  TOTAL PAGES 10 FILES 5
!DIRECT (TYM5)*.L##/TOTAL/NOPRINT  TOTAL PAGES 453 FILES 72
!DIRECT (TYM5)*.M##/TOTAL/NOPRINT  TOTAL PAGES 125 FILES 45
!DIRECT (TYM5)*.O##/TOTAL/NOPRINT  TOTAL PAGES 48 FILES 17
!DIRECT (TYM5)*.P##/TOTAL/NOPRINT  TOTAL PAGES 40 FILES 17
!DIRECT (TYM5)*.Q##/TOTAL/NOPRINT  TOTAL PAGES 1189 FILES 603
!DIRECT (TYM5)*.R##/TOTAL/NOPRINT  TOTAL PAGES 221 FILES 46
!DIRECT (TYM5)*.S##/TOTAL/NOPRINT  TOTAL PAGES 1731 FILES 98
!DIRECT (TYM5)*.T##/TOTAL/NOPRINT  TOTAL PAGES 11112 FILES 3844
!DIRECT (TYM5)*.U##/TOTAL/NOPRINT  TOTAL PAGES 6 FILES 3
!DIRECT (TYM5)*.V##/TOTAL/NOPRINT  TOTAL PAGES 17 FILES 7
!DIRECT (TYM5)*.W##/TOTAL/NOPRINT  TOTAL PAGES 4 FILES 2
!DIRECT (TYM5)*.X##/TOTAL/NOPRINT  TOTAL PAGES 2 FILES 1
!DIRECT (TYM5)*.Y##/TOTAL/NOPRINT  TOTAL PAGES 2 FILES 1
!DIRECT (TYM5)*.Z##/TOTAL/NOPRINT  NO FILES SATISFYING REQUEST
!DIRECT (TYM5)*.0##/TOTAL/NOPRINT  TOTAL PAGES 762 FILES 14
!DIRECT (TYM5)*.1##/TOTAL/NOPRINT  TOTAL PAGES 23 FILES 12
!DIRECT (TYM5)*.2##/TOTAL/NOPRINT  TOTAL PAGES 100 FILES 6
!DIRECT (TYM5)*.3##/TOTAL/NOPRINT  TOTAL PAGES 24 FILES 5
!DIRECT (TYM5)*.4##/TOTAL/NOPRINT  TOTAL PAGES 4 FILES 2
!DIRECT (TYM5)*.5##/TOTAL/NOPRINT  TOTAL PAGES 72 FILES 7
!DIRECT (TYM5)*.6##/TOTAL/NOPRINT  TOTAL PAGES 4 FILES 2
!DIRECT (TYM5)*.7##/TOTAL/NOPRINT  TOTAL PAGES 80 FILES 2
!DIRECT (TYM5)*.8##/TOTAL/NOPRINT  NO FILES SATISFYING REQUEST
!DIRECT (TYM5)*.9##/TOTAL/NOPRINT  TOTAL PAGES 1 FILES 1
