!DIRECT (TYM5)A#####.*/TOTAL/NOPRINT  TOTAL PAGES 1007 FILES 153
!DIRECT (TYM5)B#####.*/TOTAL/NOPRINT  TOTAL PAGES 93414 FILES 820
!DIRECT (TYM5)C#####.*/TOTAL/NOPRINT  TOTAL PAGES 930 FILES 140
!DIRECT (TYM5)D#####.*/TOTAL/NOPRINT  TOTAL PAGES 820 FILES 77
!DIRECT (TYM5)E#####.*/TOTAL/NOPRINT  TOTAL PAGES 350 FILES 26
!DIRECT (TYM5)F#####.*/TOTAL/NOPRINT  TOTAL PAGES 1135 FILES 63
!DIRECT (TYM5)G#####.*/TOTAL/NOPRINT  TOTAL PAGES 273 FILES 29
!DIRECT (TYM5)H#####.*/TOTAL/NOPRINT  TOTAL PAGES 916 FILES 11
!DIRECT (TYM5)I#####.*/TOTAL/NOPRINT  TOTAL PAGES 640 FILES 46
!DIRECT (TYM5)J#####.*/TOTAL/NOPRINT  TOTAL PAGES 473 FILES 81
!DIRECT (TYM5)K#####.*/TOTAL/NOPRINT  TOTAL PAGES 621 FILES 61
!DIRECT (TYM5)L#####.*/TOTAL/NOPRINT  TOTAL PAGES 534 FILES 127
!DIRECT (TYM5)M#####.*/TOTAL/NOPRINT  TOTAL PAGES 1470 FILES 124
!DIRECT (TYM5)N#####.*/TOTAL/NOPRINT  TOTAL PAGES 379771 FILES 11002
!DIRECT (TYM5)O#####.*/TOTAL/NOPRINT  TOTAL PAGES 969 FILES 12
!DIRECT (TYM5)P#####.*/TOTAL/NOPRINT  TOTAL PAGES 1092 FILES 171
!DIRECT (TYM5)Q#####.*/TOTAL/NOPRINT  TOTAL PAGES 4 FILES 3
!DIRECT (TYM5)R#####.*/TOTAL/NOPRINT  TOTAL PAGES 522 FILES 73
!DIRECT (TYM5)S#####.*/TOTAL/NOPRINT  TOTAL PAGES 879 FILES 111
!DIRECT (TYM5)T#####.*/TOTAL/NOPRINT  TOTAL PAGES 1551 FILES 158
!DIRECT (TYM5)U#####.*/TOTAL/NOPRINT  TOTAL PAGES 7 FILES 3
!DIRECT (TYM5)V#####.*/TOTAL/NOPRINT  TOTAL PAGES 18 FILES 9
!DIRECT (TYM5)W#####.*/TOTAL/NOPRINT  TOTAL PAGES 20 FILES 10
!DIRECT (TYM5)X#####.*/TOTAL/NOPRINT  TOTAL PAGES 43 FILES 6
!DIRECT (TYM5)Y#####.*/TOTAL/NOPRINT  TOTAL PAGES 14 FILES 7
!DIRECT (TYM5)Z#####.*/TOTAL/NOPRINT  TOTAL PAGES 116 FILES 7
!DIRECT (TYM5)0#####.*/TOTAL/NOPRINT  TOTAL PAGES 361 FILES 69
!DIRECT (TYM5)1#####.*/TOTAL/NOPRINT  TOTAL PAGES 69 FILES 35
!DIRECT (TYM5)2#####.*/TOTAL/NOPRINT  TOTAL PAGES 48 FILES 24
!DIRECT (TYM5)3#####.*/TOTAL/NOPRINT  TOTAL PAGES 34 FILES 14
!DIRECT (TYM5)4#####.*/TOTAL/NOPRINT  TOTAL PAGES 361 FILES 8
!DIRECT (TYM5)5#####.*/TOTAL/NOPRINT  TOTAL PAGES 114 FILES 39
!DIRECT (TYM5)6#####.*/TOTAL/NOPRINT  TOTAL PAGES 305 FILES 12
!DIRECT (TYM5)7#####.*/TOTAL/NOPRINT  TOTAL PAGES 398 FILES 11
!DIRECT (TYM5)8#####.*/TOTAL/NOPRINT   FILES SATISFYING REQUEST
!DIRECT (TYM5)9#####.*/TOTAL/NOPRINT  TOTAL PAGES 2 FILES 1
