!RUN (CUD10)USERS
Reading DUL...LUD...MFD...Done!

DUL entries missing LUD entries:
  1      1  16753                BERT          
  2      4  26705                LNJAA         
  3   1615 564047                G3AA5301      
  4   7676 464723                NW1200DP      
  5  10056  26007                MEDICUSMAIL   
  6  10056  27430                RFSMAIL       
  7  10056  33467                EXECMAIL      
  8  10056  56172                ZYMOSMAIL     
  9  10056 153746                PCSMAIL       
 10  10056 170174                TCCMAIL       
 11  10056 302217                AVISMAIL      
 12  10056 427160                PRAISEMAIL    
 13  10056 452434                SIGTECHMAIL   
 14  10056 515112                HYATTHMAIL    
 15  10056 520332                AEDMAIL       
 16  10056 524567                COMWAVEMAIL   
 17  10056 565003                TTDCMAIL      
 18  10056 573642                TAUTRONMAIL   
 19  10056 601527                JOHNHMAIL     
 20  10056 634443                EICAPEMAIL    
 21  10056 651244                HARRCCMAIL    
 22  10056 655303                PRIMEMAIL     
 23  10056 655464                SEKOMAIL      
 24  10056 670111                ICCMAIL       
 25  10056 700446                DATASVCSMAIL  
 26  10056 712160                PMAIL         
 27  10056 720565                CONIMAIL      
 28  10056 725470                SAATCHIMAIL   
 29  10056 747102                HHDIRECTMAIL  
 30  10056 753474                TTICSMAIL     
 31  10056 763373                BVCMAIL       
 32  10056 764131                TRANSUMAIL    
 33  10056 766575                MCIIMAIL      
 34  10056 773413                ABELLMAIL     
 35  10056 777534                SPMMAIL       
 36  12365 122266                MEDX          
 37  17121 156351                CS79268A      
 38  20464 166142                REFETGX       
 39  20467 166153                REFBRLIB      
 40  20471 166156                REFDRAFT      
 41  20473 166161                REFPTD        
 42  20473 166163                REFPTDB       
 43  23401 202676                HARTSOE       
 44  26007 236640                DISTRICT38A   
 45  26007 236641                SLIPRINT      
 46  26256 241471                CFRB142       
 47  26256 241472                CFRMOCHIBUN   
 48  26256 241474                CFRGASSAN     
 49  31056 275321                EBX74054      
 50  41320   1403                NTMAIL        
 51  41320  30060                AEIBCMAIL     
 52  41320  30421                IUIMAIL       
 53  41320  33446                BELLPACMAIL   
 54  41320  33616                NCACORPMAIL   
 55  41320  34200                BURROMAIL     
 56  41320  34226                ACICNYMAIL    
 57  41320  34561                EXARMAIL      
 58  41320  54177                ZYVAXMAIL     
 59  41320 126542                STONERMAIL    
 60  41320 221176                WBIMAIL       
 61  41320 223550                MERMARMAIL    
 62  41320 225277                PKFMAIL       
 63  41320 362077                MICROMAIL     
 64  53361 510661                CB7330X       

LUD entries missing DUL entries:
  1      1 667644  WBURSTEIN                   
  2      1 724403  HIGHTOWER                   
  3      3 744655  900025                      
  4   7676 662254                              
  5   7676 662255                              
  6   7676 662653                              
  7   7676 663147                              
  8   7676 663150                              
  9   7676 665171                              
 10   7676 670227                              
 11   7676 676007                              
 12   7676 676010                              
 13   7676 723571  YYTSL1DP                    
 14   7676 726054                              
 15   7676 735463  AE000CDP                    
 16   7676 735464                              
 17   7676 736520                              
 18   7676 760103                              
 19  10056 661575  NETEXPMAIL                  
 20  10056 661576  DUWILMMAIL                  
 21  10056 661677  JIMAIL                      
 22  10056 662201                              
 23  10056 663450  LHMAIL                      
 24  10056 663451                              
 25  10056 664001  CNTMAIL                     
 26  10056 664045                              
 27  10056 664165  BLUEBMAIL                   
 28  10056 665172  EKCESKOMAIL                 
 29  10056 665207  KODASYSMAIL                 
 30  10056 665461                              
 31  10056 666020                              
 32  10056 666053  PRESMAIL                    
 33  10056 667350  ABOCMAIL                    
 34  10056 667623  BYERCMAIL                   
 35  10056 670175  DDDMAIL                     
 36  10056 670176  DHUBMAIL                    
 37  10056 670177  HWYMAIL                     
 38  10056 670200  RCS2MAIL                    
 39  10056 670201  TSDCMAIL                    
 40  10056 670202  CCSDMAIL                    
 41  10056 670325  ASCHMAIL                    
 42  10056 670337  BCLEGGMAIL                  
 43  10056 670654  FANAMAIL                    
 44  10056 670664  MARITZMAIL                  
 45  10056 670670  AUTOFMAIL                   
 46  10056 670672  ADOLFCMAIL                  
 47  10056 671706                              
 48  10056 671710                              
 49  10056 673053  FSDACPERMAIL                
 50  10056 673060  EIISDMAIL                   
 51  10056 673063  ILEAFMAIL                   
 52  10056 674353  MAXWELLMAIL                 
 53  10056 674357                              
 54  10056 674647  POGGMAIL                    
 55  10056 676356                              
 56  10056 676364  MERCURYMAIL                 
 57  10056 676367                              
 58  10056 676371  EBASCOMAIL                  
 59  10056 676764  TELEFWMAIL                  
 60  10056 677307                              
 61  10056 700021                              
 62  10056 701555  NLABORMAIL                  
 63  10056 702625                              
 64  10056 703164  SOFHSMAIL                   
 65  10056 703517                              
 66  10056 703530                              
 67  10056 703570                              
 68  10056 715611  FRESUNMAIL                  
 69  10056 717447                              
 70  10056 717776                              
 71  10056 720276  BAIPMAIL                    
 72  10056 720300                              
 73  10056 720304  AIRCIMAIL                   
 74  10056 720305  EXPORTMAIL                  
 75  10056 720310                              
 76  10056 720311                              
 77  10056 720624  OCRMAIL                     
 78  10056 721151  LSDMAIL                     
 79  10056 721216                              
 80  10056 723635  ECIMAIL                     
 81  10056 724346  FSGATCMAIL                  
 82  10056 724350  FSGDIALMAIL                 
 83  10056 724400                              
 84  10056 725211  MCRBMAIL                    
 85  10056 725262  ADOBESMAIL                  
 86  10056 725340  ICLDCMAIL                   
 87  10056 725341  COLACCMAIL                  
 88  10056 725500                              
 89  10056 727434                              
 90  10056 727443  MARFPCMAIL                  
 91  10056 727712  BAMAIL                      
 92  10056 730576  MERMARMAIL                  
 93  10056 731243  PRODIGYMAIL                 
 94  10056 733002  TRIGLOMAIL                  
 95  10056 733107  USCCUMAIL                   
 96  10056 733543  ADCBMAIL                    
 97  10056 735202  INBNBMAIL                   
 98  10056 735465                              
 99  10056 736525  INCLSMAIL                   
100  10056 737711  TAMPMMAIL                   
101  10056 737731  EDSINTLMAIL                 
102  10056 740714  MEMMAIL                     
103  10056 740723                              
104  10056 742227  BOLMAIL                     
105  10056 742231  PAFBMAIL                    
106  10056 742373                              
107  10056 742751  EICPMAIL                    
108  10056 742754  EICPDMAIL                   
109  10056 744563  DESIGNERMAIL                
110  10056 744735  AMEREMAIL                   
111  10056 746472                              
112  10056 746476  MORRISNYMAIL                
113  10056 746500  MORRISDNMAIL                
114  10056 746501  MORRISDCMAIL                
115  10056 746502  MORRISLAMAIL                
116  10056 746521                              
117  10056 746527                              
118  10056 746752  STRATMAIL                   
119  10056 750416                              
120  10056 751251  CONVERSEMAIL                
121  10056 751254                              
122  10056 752160                              
123  10056 752723                              
124  10056 752761  UMBMAIL                     
125  10056 753020                              
126  10056 757610                              
127  10056 757677  STADWATSMAIL                
128  10056 761361  HSCFLMAIL                   
129  10056 762303  RIAMAIL                     
130  10056 762372  ACCUMAIL                    
131  10056 762376  TCIMAIL                     
132  10056 763023  MAXCPMAIL                   
133  10056 763036  MOLAMAIL                    
134  14130 671300  TYM28210                    
135  14130 671303  TYM38200                    
136  14130 742143                              
137  14130 760751  TYM21050                    
138  14130 760765  TYM35580                    
139  14130 760772  TYM35710                    
140  53361 744546  SN8257X                     

UFD entry without LUD and DUL entries:
  1  10056 763040  LEGRCMAIL                   

Name mismatch:     UFD name      DUL name
  1  11346 217757  WAR           RICHARDSON    
  2  41320 360310  ERAMAIL       PRUBACHEMAIL  

Different hashes for same PPN:
      PPN        DUL Hash     DUL UserName
  Bad LUD Hash   UFD Hash     UFD Name

  10056 666053             0  
  661364032506  661364032506  PRESMAIL    

  14130 742143             0  
  717663742457  322474170714  

  10056 673060             0  
  525370536473  525370536473  EIISDMAIL   

  10056 753020             0  
  423434134323  322474170714  

  10056 674357             0  
  360307151247  322474170714  

  10056 727443             0  
   20562302720   20562302720  MARFPCMAIL  

  10056 725211             0  
  464041545755  464041545755  MCRBMAIL    

  10056 730576             0  
  357056376601  357056376601  MERMARMAIL  

  10056 670670             0  
  464036702475  464036702475  AUTOFMAIL   

  10056 742373             0  
  263535230201  322474170714  

  10056 661576             0  
  415563435071  415563435071  DUWILMMAIL  

  14130 671300             0  
  416352513157  416352513157  TYM28210    

  10056 725500             0  
  271445470461  322474170714  

  10056 720311             0  
   35267261674  322474170714  

   7676 670227             0  
  702370735612  322474170714  

  10056 661575             0  
  333621673530  333621673530  NETEXPMAIL  

   7676 723571             0  
  423521045622  423521045622  YYTSL1DP    

  10056 723635             0  
  657050511151  657050511151  ECIMAIL     

  10056 676371             0  
  274707263644  274707263644  EBASCOMAIL  

   7676 663147             0  
   56463743230  322474170714  

  10056 721216             0  
   31043055061  322474170714  

  10056 737731             0  
  507044264063  507044264063  EDSINTLMAIL 

  10056 737711             0  
  636223527263  636223527263  TAMPMMAIL   

  10056 757610             0  
  334624215032  322474170714  

  10056 727434             0  
  604364372461  322474170714  

  10056 670654             0  
  714541405001  714541405001  FANAMAIL    

  10056 717447             0  
  124171243102  322474170714  

  10056 673063             0  
  535434246647  535434246647  ILEAFMAIL   

  10056 676764             0  
  711532705143  711532705143  TELEFWMAIL  

  10056 744563             0  
  757771442661  757771442661  DESIGNERMAIL

  10056 670202             0  
  365744361370  365744361370  CCSDMAIL    

  14130 760772             0  
  707204405235  707204405235  TYM35710    

  10056 717776             0  
  671732037067  322474170714  

  10056 703164             0  
  175723506305  175723506305  SOFHSMAIL   

  10056 751254             0  
  732721102215  322474170714  

  10056 763036             0  
  376506502707  376506502707  MOLAMAIL    

   7676 726054             0  
   57737637674  322474170714  

   7676 760103             0  
  425306704063  322474170714  

  10056 746527             0  
  151247062730  322474170714  

      1 724403             0  
  401507545441  401507545441  HIGHTOWER   

  10056 703530             0  
   14652525033  322474170714  

  10056 731243             0  
  630160305160  630160305160  PRODIGYMAIL 

  10056 676367             0  
  266520471405  322474170714  

  10056 724350             0  
  211575522714  211575522714  FSGDIALMAIL 

  10056 664001             0  
  472035175566  472035175566  CNTMAIL     

  10056 746472             0  
  145447362402  322474170714  

  10056 662201             0  
  554477163303  322474170714  

  10056 736525             0  
  431606216500  431606216500  INCLSMAIL   

  10056 664165             0  
  316642676507  316642676507  BLUEBMAIL   

      3 744655             0  
  154662334461  154662334461  900025      

  14130 671303             0  
  725165356041  725165356041  TYM38200    

   7676 676007             0  
  144271546176  322474170714  

  10056 746501             0  
  135446512402  135446512402  MORRISDCMAIL

  10056 663450             0  
  231672356407  231672356407  LHMAIL      

  10056 702625             0  
  733770547524  322474170714  

  10056 674353             0  
  613767566261  613767566261  MAXWELLMAIL 

  11346 217757  102674106201  RICHARDSON
  223675502440  223675502440  WAR         

  10056 664045             0  
  617356631755  322474170714  

  10056 733002             0  
  104304110377  104304110377  TRIGLOMAIL  

      1 667644             0  
  766401104775  766401104775  WBURSTEIN   

  10056 670200             0  
  232715575565  232715575565  RCS2MAIL    

  10056 746476             0  
  365202742102  365202742102  MORRISNYMAIL

  10056 740723             0  
  307756606703  322474170714  

  10056 670176             0  
  137445567226  137445567226  DHUBMAIL    

  10056 752160             0  
   52414410557  322474170714  

  10056 733107             0  
  556166310675  556166310675  USCCUMAIL   

   7676 736520             0  
  316632155605  322474170714  

  10056 742751             0  
  521426757326  521426757326  EICPMAIL    

  10056 670337             0  
  540540543362  540540543362  BCLEGGMAIL  

  10056 724346             0  
  535124474405  535124474405  FSGATCMAIL  

  10056 742231             0  
  440221566752  440221566752  PAFBMAIL    

  10056 762372             0  
   15275645511   15275645511  ACCUMAIL    

  10056 751251             0  
   36154542241   36154542241  CONVERSEMAIL

  10056 720310             0  
  707727734145  322474170714  

  10056 746500             0  
  652305554364  652305554364  MORRISDNMAIL

  10056 757677             0  
  425573156657  425573156657  STADWATSMAIL

  10056 761361             0  
  471733612775  471733612775  HSCFLMAIL   

  10056 762303             0  
   11516274672   11516274672  RIAMAIL     

  10056 670201             0  
  632200521017  632200521017  TSDCMAIL    

  10056 724400             0  
  251107167041  322474170714  

   7676 662653             0  
  437555074135  322474170714  

  10056 666020             0  
  734267002472  322474170714  

   7676 676010             0  
  121026346101  322474170714  

  10056 720300             0  
  541566212215  322474170714  

  10056 676364             0  
  522635152655  522635152655  MERCURYMAIL 

  10056 740714             0  
   55247265412   55247265412  MEMMAIL     

  10056 671710             0  
  101037441656  322474170714  

  10056 676356             0  
  637263576632  322474170714  

  10056 725341             0  
   23127175516   23127175516  COLACCMAIL  

  53361 744546             0  
  113721601237  113721601237  SN8257X     

  10056 663451             0  
   26424271323  322474170714  

  10056 665207             0  
  456440164765  456440164765  KODASYSMAIL 

  10056 677307             0  
  726626526370  322474170714  

   7676 735464             0  
  205421352125  322474170714  

  10056 665172             0  
  327371215440  327371215440  EKCESKOMAIL 

  10056 661677             0  
  130132031210  130132031210  JIMAIL      

   7676 662255             0  
  260024145330  322474170714  

  10056 572026  445454104574  BRIDMAIL
  344074301411  344074301411  BSTONMAIL   

  10056 720624             0  
  120306002251  120306002251  OCRMAIL     

  10056 703517             0  
  171224062433  322474170714  

  10056 744735             0  
  412045212263  412045212263  AMEREMAIL   

  10056 720305             0  
  257241154223  257241154223  EXPORTMAIL  

  10056 735465             0  
   64220362375  322474170714  

  10056 742754             0  
  660366774575  660366774575  EICPDMAIL   

  14130 760751             0  
  251121757100  251121757100  TYM21050    

  10056 725340             0  
  145272701054  145272701054  ICLDCMAIL   

  10056 666400  634316541073  NETTMAIL
  502063740053  634316541073  NETTMAIL    

  10056 665461        0  
  415333155311  322474170714  

  10056 750416             0  
  122722244371  322474170714  

  10056 670664             0  
  133415550340  133415550340  MARITZMAIL  

  10056 720276             0  
  426471144217  426471144217  BAIPMAIL    

  10056 720304             0  
  200623550461  200623550461  AIRCIMAIL   

  10056 763023             0  
  141650401731  141650401731  MAXCPMAIL   

   7676 665171             0  
  746522777542  322474170714  

  10056 725262             0  
  213265174752  213265174752  ADOBESMAIL  

  10056 674647             0  
  647521577571  647521577571  POGGMAIL    

  10056 715611             0  
  203171176504  203171176504  FRESUNMAIL  

  10056 746521             0  
    5550321170  322474170714  

  10056 762376             0  
  546343721257  546343721257  TCIMAIL     

  10056 700021             0  
  427020617773  322474170714  

  10056 735202             0  
  336771240561  336771240561  INBNBMAIL   

  10056 727712             0  
  163724302635  163724302635  BAMAIL      

  10056 746502             0  
   14405551564   14405551564  MORRISLAMAIL

  10056 733543             0  
  467642465003  467642465003  ADCBMAIL    

  14130 760765             0  
  410166552062  410166552062  TYM35580    

  10056 752723             0  
    3027773542  322474170714  

   7676 735463             0  
  467365417051  467365417051  AE000CDP    

  10056 721151             0  
  211460712325  211460712325  LSDMAIL     

  10056 673053             0  
  500373174753  500373174753  FSDACPERMAIL

  10056 670672             0  
  342171367450  342171367450  ADOLFCMAIL  

   7676 663150             0  
  503067773230  322474170714  

  10056 752761             0  
  513302163631  513302163631  UMBMAIL     

  10056 701555             0  
  554241474501  554241474501  NLABORMAIL  

  10056 670177             0  
  563233524307  563233524307  HWYMAIL     

  10056 742227             0  
  363530645370  363530645370  BOLMAIL     

  10056 746752             0  
  657230400661  657230400661  STRATMAIL   

   7676 662254             0  
    6735722572  322474170714  

  10056 703570             0  
   43761571761  322474170714  

  10056 670175             0  
  156422261125  156422261125  DDDMAIL     

  10056 671706             0  
  264516233177  322474170714  

  10056 667623             0  
  350423611321  350423611321  BYERCMAIL   

  10056 670325             0  
  566237150303  566237150303  ASCHMAIL    

  10056 667350             0  
  154242662537  154242662537  ABOCMAIL    

  41320 360310  711125367711  PRUBACHEMAIL
  345723330475  345723330475  ERAMAIL     


!LOGOUT
3267.89 tru
terminal time: 0:06:29
z =y