 GORDON, CARL LESLIE 
 1892 0110
      GORDON, RUBY LAVERGNE    
      1918 0105
      GORDON, GENE MARQUISS    
      1920 0105
      GORDON, MARGARET MAY
      1922 0105
      GORDON, LOIS ANNE   
      1925 0105
           SALTGAVER, RONALD KEITH  
           1943 0102
                SALTGAVER, DELORES CHRIST
                1967 0101
                SALTGAVER, SUSAN ELAINE  
                1971 0101
           SALTGAVER, KENNETH BRUCE 
           1952 0102
      GORDON, CARL LEE    
      1932 0106
