25:t2:nd3144.tym      7YIPDAB8
25:t2:nd4447.tym      4ZEYPEX3
25:t2:nd3126.tym      7FIGYAH2
25:t2:nd3063.tym      5XULGOP6
25:t2:nd3630.tym      8YEDHIB8
25:t2:nd4134.tym      7GAPLOC7
25:t2:nd3216.tym      2QICDUV2
25:t2:nd2640.tym      4DOWCOS0
25:t2:nd3522.tym      2ZITLIP7
25:t2:nd4521.tym      9VISJUQ6
25:t2:nd4260.tym      8ROLWUP7
25:t2:bk3572.tym      4GAZFIN8
25:t2:nd3225.tym      5LIRGEG2
25:t2:nd3234.tym      5TAWKOZ3
25:t2:nd4456.tym      7NINBEP4
25:t2:nd4753.tym      3JELQEX6
25:t2:bk3437.tym      1LOXDUV4
25:t2:bk3653.tym      8GEKCES2
25:t2:hamsr1.tym      3ZUBGOF1
25:t2:nd3073.tym      3VEVZUR8
25:t2:nd2310.tym      4BUWSOT1
25:t2:nd3721.tym      2DUXQAB7
25:t2:nd4117.tym      8VAJPEZ1
25:t2:nd4612.tym      1HIFPOM7
25:t2:nd4522.tym      2MIZQOT2
25:t2:nd4216.tym      3PETZUC6
25:t2:nd4261.tym      1NISLIT4
25:t2:nd4565.tym      8FIBCOS7
25:t2:nd3514.tym      4NODBEK8
25:t2:nd3253.tym      1SEXDAC5
25:t2:nw4713.tym      6XOZHOD1
25:t2:nw3057.tym      4XIFSIT0
25:t2:nd4315.tym      3PUGLOQ1
25:t2:nd2461.tym      0PUHSOR8
25:t2:nd4603.tym      5YUVXAJ1
25:t2:nd3343.tym      0BUVKES5
25:t2:nod137.tym      4MAMYEB6
25:t2:nd4674.tym      8DITYIP5
25:t2:nd2471.tym      9CEGCEJ3
25:t2:nd3632.tym      6KOKKEQ7
25:t2:nd3272.tym      2NAKREX5
25:t2:nd4163.tym      1YIQSUN3
25:t2:bk4215.tym      9ZENTUJ2
25:t2:nd4046.tym      7XELVUV7
25:t2:nd4566.tym      6ZURCAF2
25:t2:nd4334.tym      3QADTUT2
25:t2:nd4361.tym      3BUJLEW5
25:t2:nd3452.tym      2RAMFOM3
25:t2:nd4505.tym      8TAKHOJ4
25:t2:nd2203.tym      3WESNIF8
25:t2:nd4467.tym      5WEYPUF0
25:t2:nw3510.tym      5TIVZAK9
25:t2:nd4730.tym      4DAQTIS5
25:t2:nd4722.tym      4KAYDIP7
25:t2:nd3057.tym      1SIBJAS6
25:t2:nd3104.tym      2VUCRIF1
25:t2:nd4400.tym      5QISKET3
25:t2:nd2715.tym      5TEHVEQ9
25:t2:nd4254.tym      4PUMZAJ1
25:t2:nd3075.tym      6NAVPAX2
25:t2:nd3525.tym      1QEGJIX2
25:t2:nd4765.tym      1NADHIR8
25:t2:nd2463.tym      2JAVGOZ7
25:t2:nd2330.tym      5BUTHAP1
25:t2:nd4567.tym      4CISKEJ8
25:t2:nd3435.tym      0VOSXIN1
25:t2:nd3516.tym      5XINGOB7
25:t2:nd4130.tym      1JOTHIG7
25:t2:nw3455.tym      3TAMSAK7
25:t2:nd3041.tym      0JIHCUD2
25:t2:nd2643.tym      9CAJJOJ0
25:t2:nd4560.tym      9CAYKOC5
25:t2:nd3615.tym      6VAFVOW2
25:t2:nd3006.tym      0VIKHOW2
25:t2:nd3733.tym      9HARWAS1
25:t2:522m.tym        7CAHPIG7
25:t2:nd3060.tym      8TAXGEF3
25:t2:nd2115.tym      7BIDXOH2
25:t2:nd3562.tym      6FIKMEW5
25:t2:nd4041.tym      9VUTJOS2
25:t2:nd3240.tym      9HAPDOV4
25:t2:nd4023.tym      7SAXSAZ7
25:t2:nd4203.tym      7LESDIY7
25:t2:nd4525.tym      7POVDAG0
25:t2:nd4417.tym      2MEKFEX2
25:t2:nd4237.tym      5REJNIT4
25:t2:nd3760.tym      9XOYFEC7
25:t2:nd3373.tym      2DIDBUW7
25:t2:nd4766.tym      3XOCWIB6
25:t2:bk3400.tym      1MIWPOT9
25:t2:nd3042.tym      2BADVEC0
25:t2:bk3452.tym      6BANWIM9
25:t2:nd4534.tym      5WEVGAJ9
25:t2:nd3132.tym      4LUZBUD8
25:t2:nd3571.tym      8QIXLEY7
25:t2:bk4730.tym      9SAWCAF1
25:t2:nw3276.tym      0DARGID4
25:t2:nd4552.tym      6NEFDUV1
25:t2:nd4302.tym      5GAWWIS7
25:t2:nd2233.tym      3HAFFOX1
25:t2:nd0012.tym      5PELZAV2
25:t2:bk3327.tym      3YEMZOK2
25:t2:6cons.tym       1BELXEX1
25:t2:nd2177.tym      3YEYGEY9
25:t2:nd4742.tym      9HIYCUW4
25:t2:nd4355.tym      4RUPZUB9
25:t2:nd4042.tym      6BIGCIJ4
25:t2:nd2375.tym      5CUGCUT6
25:t2:nd3572.tym      7JELCAL5
25:t2:nd4436.tym      1MUWTOJ7
25:t2:nd3167.tym      4FUFWOR2
25:t2:nd4105.tym      9XOPMUP1
25:t2:nd3347.tym      9NEBJAP4
25:t2:nd4024.tym      4PEQDUY4
25:t2:nd4060.tym      7ZURMAZ1
25:t2:nd3536.tym      0WANTUD7
25:t2:nd3133.tym      7GAQRUR0
25:t2:bk4731.tym      1MAWSEH1
25:t2:nd3430.tym      7PIVPIR8
25:t2:nd4051.tym      0WIWQUJ6
25:t2:nd2753.tym      5WALPUT2
25:t2:nw4357.tym      4QUZNAF0
25:t2:nd2612.tym      9MODFIK0
25:t2:nd4257.tym      3QEXNUT1
25:t2:nd3474.tym      5MUSGOL5
25:t2:nd3546.tym      9FAMBAP1
25:t2:nd3107.tym      8GOSMOH7
25:t2:nd3503.tym      8RALSUZ8
25:t2:nd3206.tym      9TIDKUT6
25:t2:nd3602.tym      6ZEJGUB7
25:t2:nd3071.tym      2QAXCOR0
25:t2:nd2565.tym      8NOLHUP3
25:t2:nd2126.tym      5TAMJUB0
25:t2:nd4007.tym      8JIVQIF9
25:t2:nd4304.tym      0LIBBOQ3
25:t2:nd3620.tym      7YIGHAP0
25:t2:bk2446.tym      8ZAVHAS5
25:t2:nd3044.tym      9MOLCAL3
25:t2:nd4322.tym      7GELJUG4
25:t2:nd3672.tym      2KUKYEP1
25:t2:bk4552.tym      0DIXVOF1
25:t2:bk2421.tym      6ZIVCEX6
25:t2:bk2662.tym      2SODJOG2
25:t2:nd2153.tym      3VOYWUB0
25:t2:btm20.tym       8POZRAT3
25:t2:nd3646.tym      8TUFJUB2
25:t2:nd4170.tym      3XIXPUV9
25:t2:nd3414.tym      6HIFFIF3
25:t2:nd2703.tym      0CESCIC2
25:t2:nd4044.tym      8KUTNOW5
25:t2:nd3556.tym      7GEJXOV5
25:t2:nd4314.tym      0WOWCUZ1
25:t2:nd2557.tym      7YAHWES4
25:t2:nd4762.tym      7FENYOC8
25:t2:nd4672.tym      0QOZCEB0
25:t2:nd4546.tym      6TOWFUC7
25:t2:nd2037.tym      9YUGPAR2
25:t2:nd3376.tym      0FIVVEC1
25:t2:nd3655.tym      4ZUDWOG2
25:t2:nd3200.tym      3CARSIG6
25:t2:nd4206.tym      9PEPDUW6
25:t2:nd3153.tym      2RUQBUV6
25:t2:nd3754.tym      2ZEGTAX0
25:t2:nd3603.tym      7KADZEM5
25:t2:nd2773.tym      1HIJQUD0
25:t2:nd2755.tym      9MOMXUP0
25:t2:nd4744.tym      2YABCIY1
25:t2:bk3106.tym      6MITPUF0
25:t2:dynsr1.tym      1PACKIH0
25:t2:0000.tym        3VIJVUK8
25:t2:bk4115.tym      0LEMWUC5
25:t2:nd4574.tym      6HOFDUB0
25:t2:nd3730.tym      2FUQMAG5
25:t2:bk3161.tym      1GISWOT4
25:t2:nd3550.tym      9YEMVIX3
25:t2:nd4054.tym      4VEVCUC0
25:t2:nd3102.tym      4PUDNEK2
25:t2:nd3460.tym      6MOTFAB3
25:t2:ms3674.tym      8XEJPIY1
25:t2:nd3415.tym      7WOFBOX2
25:t2:nd4664.tym      0WUXVUR1
25:t2:bk2414.tym      8LITLAV7
25:t2:nd3737.tym      4HARSOG9
25:t2:nd3210.tym      7HIVDIF6
25:t2:nd3442.tym      7QETDIJ6
25:t2:bk4412.tym      8VAXLUS6
25:t2:nd3262.tym      5ZEQFUR2
25:t2:nd3622.tym      3TAZSED1
25:t2:nd3557.tym      3SUJTAR4
25:t2:nd4547.tym      7RUSTAM8
25:t2:nd3406.tym      9VEGVIZ7
25:t2:nd4432.tym      0MORNIB0
25:t2:bk4610.tym      6TASPUY3
25:t2:nd4342.tym      5POQJEZ7
25:t2:nw2355.tym      7YOHJIT2
25:t2:bk2153.tym      5ZEQLAS3
25:t2:tt2803.tym      5XIFLUP1
25:t2:nd3407.tym      4DIVGEL4
25:t2:nd4316.tym      4DOMPEZ4
25:t2:nd2775.tym      7ZUNFEM3
25:t2:nd3623.tym      0CEBSUB7
25:t2:nd3666.tym      6XOWSAX3
25:t2:nd2750.tym      9TIPQUT0
25:t2:nd3731.tym      6YEMNEC8
25:t2:nd4424.tym      2FIGZAT6
25:t2:nd2500.tym      4HEDQOT6
25:t2:nd4476.tym      7HIRWAR6
25:t2:nd3560.tym      6KINZAR2
25:t2:nd3065.tym      3JUCDOW3
25:t2:nd3004.tym      7YEPXEG8
25:t2:nd4514.tym      5TILKOV0
25:t2:nd3477.tym      6ZUFQIM8
25:t2:nd4415.tym      9RAQPER7
25:t2:nd2723.tym      9XUHJOM2
25:t2:nd4541.tym      8NIZKEY7
25:t2:nw3337.tym      0COHNUM8
25:t2:nw3526.tym      6MIGZEQ3
25:t2:nd3263.tym      8JIXWER4
25:t2:nd0017.tym      0XOQXOW4
25:t2:nw6756.tym      2CEBXAK1
25:t2:nd3723.tym      2ROGFUL7
25:t2:nd3453.tym      0JOZJIM5
25:t2:nd3320.tym      2GIYFEM3
25:t2:nd2454.tym      9XINYAG4
25:t2:nd4013.tym      5KUGXOY5
25:t2:nd3775.tym      3ZODZEB5
25:t2:bk4144.tym      4GORHEH8
25:t2:nd4425.tym      8SIGJOY1
25:t2:nd2526.tym      5TUKKOR0
25:t2:nd3147.tym      5TUGNED2
25:t2:nd4103.tym      8VODLOY2
25:t2:nd4461.tym      1LIHKAG4
25:t2:nd4317.tym      0CAMDEW4
25:t2:nd2742.tym      7FAHRAV7
25:t2:nd3247.tym      7POYYIP1
25:t2:nd4320.tym      8PEMBAK7
25:t2:nd4714.tym      2VEGPAB0
25:t2:nd4122.tym      2TAJZEZ1
25:t2:nd3015.tym      9MABSUR4
25:t2:nd2716.tym      2XITJAL5
25:t2:nd2644.tym      7BOGHAG5
25:t2:nd4676.tym      5PAPWUP8
25:t2:nd4444.tym      5TOLNUG0
25:t2:xx2050.tym      9KIMSIX3
25:t2:nd4570.tym      2LIRBEM9
25:t2:nd4140.tym      8GECTET6
25:t2:nd4147.tym      2KAHHIT6
25:t2:nd4651.tym      5DUPCAW0
25:t2:nd2437.tym      3DAXGAV0
25:t2:nd3303.tym      2JUVKOP8
25:t2:nd2430.tym      7XOPQOK0
25:t2:nd3346.tym      1LUVZAS3
25:t2:nd3364.tym      7CIYKUW0
25:t2:nd3616.tym      5DEQFIR1
25:t2:nd2707.tym      6QOPQIB4
25:t2:nd4507.tym      3GANNON3
25:t2:nd3670.tym      9PENGOC4
25:t2:bk4467.tym      8BOYYOS5
25:t2:nd4624.tym      7CAHPIG7
25:t2:nd2421.tym      7YIQKEV9
25:t2:dyn1.tym        5ZOQKIB4
25:t2:nd4463.tym      4PINLES0
25:t2:nd4553.tym      1VESWUV9
25:t2:nd4562.tym      1RONSAJ4
25:t2:nd3151.tym      3CUPKIL5
25:t2:nd2107.tym      0FIWRUH6
25:t2:nd3374.tym      2SILTEP3
25:t2:nd2503.tym      4DUHNEH0
25:t2:nd4760.tym      2WUSWOF1
25:t2:nd4677.tym      5MISSUD1
25:t2:nd3304.tym      9WAHYES0
25:t2:nd2611.tym      6CALREX0
25:t2:nd4600.tym      6HELYOW4
25:t2:nd2440.tym      4HIKYUD5
25:t2:nd4321.tym      2JEZGUR4
25:t2:nd3313.tym      2COKFOP0
25:t2:nd3266.tym      7DUFDIZ9
25:t2:nd4213.tym      2QASREB6
25:t2:nd4123.tym      2YOTMIM9
25:t2:nd4420.tym      8POZNUR9
25:t2:nd4544.tym      4BINLIN5
25:t2:cl3532.tym      4NUKBUN2
25:t2:nd3043.tym      3TOVFUG0
25:t2:nd3707.tym      8XUYFEF4
25:t2:bk3757.tym      6NIHHUQ0
25:t2:1swit.tym       9MAGVUS8
25:t2:nd3366.tym      4TEFHEW2
25:t2:nd3152.tym      9VUFGIL3
25:t2:nd3564.tym      9QEKLOJ8
25:t2:nd2333.tym      9XAYJAC0
25:t2:nd4725.tym      5SAWSUL2
25:t2:nd3375.tym      1SECBOR6
25:t2:nd2556.tym      7YUVLIP6
25:t2:nd2655.tym      5MICWUM3
25:t2:nd4662.tym      3RUCJAF2
25:t2:nd4142.tym      4DEXTAP7
25:t2:nd2727.tym      4WASNAT9
25:t2:nd4070.tym      4SUBXAJ2
25:t2:nd3276.tym      4HEYKUZ8
25:t2:nd4610.tym      0XIWZAR4
25:t2:nd4617.tym      7XOVJUF4
25:t2:nd2030.tym      3JAQMOB5
25:t2:nd2163.tym      1YEVPUX7
25:t2:nd3423.tym      5GEGFIN4
25:t2:bk2431.tym      7ZOPJUY1
25:t2:nd4726.tym      8BARWAX5
25:t2:nd4100.tym      7FAZCIY1
25:t2:nd3772.tym      0JUYTUC9
25:t2:nd3020.tym      9YECFES8
25:t2:nd3504.tym      3YUGCAC4
25:t2:nd3702.tym      2ROCDON3
25:t2:nd3261.tym      5SOCFOV0
25:t2:nd4663.tym      6TORYUC6
25:t2:nd4071.tym      2PIKSEF8
25:t2:nd4710.tym      8JICWEC5
25:t2:nd4251.tym      9XILFUT9
25:t2:nd3270.tym      0FIHHOD4
25:t2:nd4357.tym      1PUBSUT5
25:t2:nd3727.tym      8XOXNEC7
25:t2:nd4645.tym      8NIVPEJ4
25:t2:nd3135.tym      1QABGEC6
25:t2:nd3673.tym      1QUGWEJ4
25:t2:nd4512.tym      1NORXUR4
25:t2:nd3162.tym      9FUCHUW0
25:t2:nw4541.tym      0POMWIC2
25:t2:nd3457.tym      9HEJTOP3
25:t2:nd2666.tym      8KURWIF4
25:t2:nd4513.tym      2LOYZIZ9
25:t2:nd3424.tym      1BIBGUK6
25:t2:nd4423.tym      9ZEDYOH4
25:t2:nd4763.tym      6TIQSIK3
25:t2:nd4207.tym      7XAFFAG3
25:t2:nd4144.tym      9LEFPOT3
25:t2:nd4333.tym      7ZIJYIF2
25:t2:nd4011.tym      0RONBIF2
25:t2:nd2657.tym      9RIBYIC5
25:t2:nd2515.tym      0PELWEY0
25:t2:nd3316.tym      1PUBSOY9
25:t2:nd4646.tym      3TOBHOG1
25:t2:bk2252.tym      2NOMPUV2
25:t2:nd4702.tym      9ZUZYOK5
25:t2:bk4644.tym      6BURBEY7
25:t2:nd4621.tym      8QIGHAB8
25:t2:nd4072.tym      6KIMXON7
25:t2:bk4617.tym      0YAPZUF8
25:t2:bk4223.tym      5ROWFON5
25:t2:nd4575.tym      9SISROD0
25:t2:tl3353.tym      2LIMHEF9
25:t2:fb3151.tym      2ZAMDIV5
25:t2:nd4154.tym      0FURFAP6
25:t2:nd3074.tym      6MUWDUH1
25:t2:nd4201.tym      6TAVQAB2
25:t2:nd3641.tym      6MIZKOL2
25:t2:nd3722.tym      6YIHCEL7
25:t2:nd2534.tym      5CAKQEB7
25:t2:nd4064.tym      6PADHIB9
25:t2:nd2642.tym      5YUFTET5
25:t2:nd3576.tym      8FOGNEP5
25:t2:nd4037.tym      2LAJHUZ3
25:t2:nd2525.tym      7KODJID9
25:t2:bk3045.tym      1VUJKAV9
25:t2:nd4712.tym      8FOXTEJ1
25:t2:nd3220.tym      6BETQEZ4
25:t2:nd4604.tym      8VUDCUP0
25:t2:nd3434.tym      1BOXTUN0
25:t2:nd4145.tym      9VUDMUD5
25:t2:nod26.tym       0PISTAG3
25:t2:nd0027.tym      8JIWXIC6
25:t2:bk3022.tym      2NOYTIV4
25:t2:nd4615.tym      8DAFCAQ5
25:t2:nd3517.tym      1VISVOG5
25:t2:nd2241.tym      0KOLJUG3
25:t2:nd4410.tym      8MEZYEN8
25:t2:nd2662.tym      2PIMVOW8
25:t2:nd4131.tym      9ZUSKAM5
25:t2:nd3776.tym      6SURZAH2
25:t2:nd4273.tym      7RIFWOD1
25:t2:nd4212.tym      1SIMDEL0
25:t2:nd4543.tym      3GUPMUK2
25:t2:nd2700.tym      7DUQBAC1
25:t2:nd3643.tym      6MOGNAJ5
25:t2:nd3150.tym      3GITLOC7
25:t2:nd4104.tym      2MODWOH7
25:t2:bk3263.tym      8MOXNEW1
25:t2:bk4246.tym      2WIFWUB0
25:t2:bk3015.tym      3GIFXUN3
25:t2:nd3771.tym      2LIYLOQ4
25:t2:nd4016.tym      8TUQTOJ5
25:t2:nd4000.tym      9GAJQEN4
25:t2:nd2513.tym      1KAVCUJ4
25:t2:nd2754.tym      8SUDVAK9
25:t2:nd2225.tym      6TUBGOG8
25:t2:nd4374.tym      1WORXEH8
25:t2:nd4275.tym      2LEQYOH4
25:t2:nd3530.tym      6DIDCIX9
25:t2:nd4761.tym      2ZAPXOP9
25:t2:nd4124.tym      6MIFKIG3
25:t2:nd4266.tym      8CURJIQ1
25:t2:nd2432.tym      4MIHDOR3
25:t2:nd3537.tym      1CUGQAQ7
25:t2:nd4520.tym      8SINKEF4
25:t2:nd2342.tym      9HUTFUF0
25:t2:nd4223.tym      0NIDNAK8
25:t2:bk4302.tym      3MEKTAJ6
25:t2:nd3426.tym      6NAGLOV1
25:t2:nd4740.tym      4JOPROS7
25:t2:bk4243.tym      8RUZZOP1
25:t2:nd4774.tym      2ZIFNIJ8
25:t2:nd2544.tym      5CAMQOG6
25:t2:nd4666.tym      6QOHQUD3
25:t2:nw4463.tym      8VEWNUN2
25:t2:nd4452.tym      8XURWEZ8
25:t2:nd4236.tym      3XALKEK8
25:t2:nd4326.tym      2QOVDOH9
25:t2:nd4713.tym      9SUSWIX9
25:t2:nd3066.tym      4MAZBUD3
25:t2:nd4524.tym      1XAKQAZ0
25:t2:nd4301.tym      6NOTTIH2
25:t2:nd2060.tym      7CUZKIT4
25:t2:nd4065.tym      1XUQKOF2
25:t2:nd4443.tym      9JELJEC3
25:t2:nd4731.tym      5MOWMAT0
25:t2:nd2166.tym      3GUCYAK6
25:t2:nd3757.tym      0GUXMUH3
25:t2:nd3403.tym      8VAPVAJ1
25:t2:nd4625.tym      9RUYXOZ7
25:t2:nd4776.tym      0VOQFOD9
25:t2:nd4274.tym      9SIPXID6
25:t2:nd4501.tym      9CEBZAH6
25:t2:nd4706.tym      1PATBID4
25:t2:nd3671.tym      1MOGPUP3
25:t2:nd4067.tym      9SEDFUD5
25:t2:nd2735.tym      6GICNIN6
25:t2:nd2701.tym      3VUGTIF9
25:t2:nd3617.tym      1TADFIP4
25:t2:nd3223.tym      7GEXQIQ0
25:t2:nd3275.tym      3BUBXAV1
25:t2:nd3106.tym      7SEYFEB7
25:t2:nd3124.tym      5QUXFOF0
25:t2:bk3041.tym      0WUKSUB7
25:t2:bk2643.tym      5NACSUD1
25:t2:bk4560.tym      8GEVHUB4
25:t2:nd3437.tym      1NEVCAM4
25:t2:bk3534.tym      1WORCIH4
25:t2:bk4047.tym      8PUDXUL2
25:t2:bk4220.tym      1QIZDUD6
25:t2:nd3653.tym      9XOQDUV4
25:t2:nd3215.tym      1GOMCEM7
25:t2:nd3161.tym      5RUQLIB5
25:t2:ms4635.tym      1VIZBUM2
25:t2:nd2324.tym      2VEBNAQ5
25:t2:nd2171.tym      5VIWLAV6
25:t2:nd4644.tym      6JOSWID0
25:t2:nd3062.tym      9FAQZIZ6
25:t2:nd4707.tym      3KANROH8
25:t2:nd3017.tym      6HAKYIG9
25:t2:nd3753.tym      7MEXMIF1
25:t2:bk4462.tym      7KUKNUW2
25:t2:nd4554.tym      3CICGUP1
25:t2:nd3207.tym      8NIRXEZ0
25:t2:nd3711.tym      1XURMIJ8
25:t2:nd4242.tym      7YICHOX5
25:t2:nd4215.tym      0LEBLUW9
25:t2:nd3621.tym      8TUSKUR6
25:t2:nd3117.tym      7GINMIY8
25:t2:nd4341.tym      4POYPAC5
25:t2:nd2566.tym      1FAPQUW6
25:t2:nd2604.tym      3NAYVOV2
25:t2:nd2631.tym      8CAFVIX5
25:t2:nd3036.tym      0SUFNUK1
25:t2:nd4010.tym      7SUPNAV3
25:t2:bk4436.tym      4YIHQAB8
25:t2:nd3306.tym      1GERGAV7
25:t2:nd3045.tym      4KOWHEM7
25:t2:nd3252.tym      5GICXER0
25:t2:nd4001.tym      3XETTAN6
25:t2:bk3155.tym      7YOMGAR7
25:t2:nd3204.tym      2DUTDEB3
25:t2:nd2610.tym      0FUCKUB4
25:t2:nd2077.tym      3CUBQED9
25:t2:nd3510.tym      4GAKDAM1
25:t2:nd3544.tym      3DIXBUM5
25:t2:nd3742.tym      8QEPNOJ6
25:t2:nd3330.tym      6MAZQUL9
25:t2:nd4426.tym      9JAMXAM3
25:t2:nd4327.tym      3LUDRUW7
25:t2:nd4561.tym      8RELCAV1
25:t2:nd4633.tym      8YUSWEL0
25:t2:nd4667.tym      2GINWEB2
25:t2:nd4462.tym      2XONZIY8
25:t2:nd4311.tym      5VEFRIN2
25:t2:nd3634.tym      0QAFHOV6
25:t2:nd3607.tym      3REYBOK1
25:t2:nd3741.tym      8PILZUH3
25:t2:nd4245.tym      1PAZTOF6
25:t2:nd4477.tym      7PEZPIN4
25:t2:xx3235.tym      0XAVYUC9
25:t2:nd3705.tym      9CIZJOJ8
25:t2:nd3624.tym      9MIDCIL9
25:t2:nd3561.tym      3SUZMEJ4
25:t2:nd2733.tym      3YUNVAB6
25:t2:nd2706.tym      8COTVIG6
25:t2:nd3642.tym      5HOFMEY0
25:t2:nd3732.tym      6KUJYOH9
25:t2:nd4202.tym      6BEZMAB3
25:t2:nd3651.tym      8QOBTIR9
25:t2:nd4506.tym      8VASFUS6
25:t2:bk2461.tym      2HUQREF3
25:t2:nw4213.tym      2QASREB6
25:t2:nd3534.tym      7WIKDUX1
25:t2:nd4220.tym      1ZEGTAP2
25:t2:nd3773.tym      4WOJNAV5
25:t2:bk2612.tym      9QIBYES6
25:t2:bk3735.tym      9LITQON1
25:t2:nd2567.tym      6MUBYAQ5
25:t2:nd3665.tym      4WIKCAJ8
25:t2:nd4243.tym      4FUZZEW3
25:t2:nd4655.tym      5WUDREL6
25:t2:nd4475.tym      7BAPYAL5
25:t2:nd4556.tym      5MOXYIR6
25:t2:nd4045.tym      9POLHUN4
25:t2:me3541.tym      7YUHSEZ0
25:t2:nd2407.tym      7MAHHOT1
25:t2:nd2362.tym      4DENZID8
25:t2:nd3226.tym      1YACKUR8
25:t2:nd2560.tym      4KUPTEC2
25:t2:nd4637.tym      4VIXQON2
25:t2:nd4036.tym      6NUJPUL1
25:t2:nd2641.tym      2HANJED6
25:t2:nd4727.tym      0RUSGUL0
25:t2:nd3505.tym      9DAWXAL9
25:t2:nd3361.tym      3RAYWIX0
25:t2:bk4536.tym      0SOBNIL0
25:t2:nd3650.tym      5QUJLAH5
25:t2:nd4127.tym      2TOVRIX7
25:t2:nd3310.tym      7COSSAT9
25:t2:nd2453.tym      2WOGZUY0
25:t2:nd3605.tym      9RUMGOJ1
25:t2:nd4647.tym      0VEBQAY2
25:t2:nd3443.tym      7YUMJOK4
25:t2:nd3227.tym      6HUWVON6
25:t2:nd4550.tym      9GOMJON5
25:t2:nd4703.tym      7QITVOW3
25:t2:nd4523.tym      5PAHNIH7
25:t2:nd2273.tym      3GAKBIF4
25:t2:nd2705.tym      6QEGPID1
25:t2:nd3470.tym      4FUPCIH9
25:t2:nd4235.tym      5NIMBID7
25:t2:nd3137.tym      5QUNDAX1
25:t2:nd4411.tym      8GUDPAN9
25:t2:nd3601.tym      0JUBKIS6
25:t2:nd4222.tym      4LEZZUN4
25:t2:nd3770.tym      1DAQPAX2
25:t2:nd4643.tym      6JANDOV0
25:t2:nd4312.tym      1MURWAR7
25:t2:nd2546.tym      6KETYIJ5
25:t2:nd4076.tym      1DISFUH8
25:t2:nd4724.tym      1NUJMIY2
25:t2:nd4141.tym      8KIGDAH9
25:t2:nd3662.tym      3LAWTUS9
25:t2:nd2564.tym      2GUXCIX7
25:t2:nd2710.tym      5XUZLOB9
25:t2:nd2717.tym      7BIWZEW3
25:t2:nd3734.tym      1DOPLAG7
25:t2:nd4510.tym      1SIQTIY1
25:t2:bk3615.tym      5HUDWOG5
25:t2:nd3327.tym      9RISYEK6
25:t2:nd4704.tym      3LELJIV2
25:t2:nd2123.tym      1VETRON3
25:t2:bk3102.tym      0BODSIQ9
25:t2:bk4200.tym      6NOFNUK3
25:t2:nd4031.tym      9WOSHIC9
25:t2:nd4641.tym      4GEXXUJ0
25:t2:nd4632.tym      3GILVIL5
25k4565.tym      4QIQXOM3
25:t2:nd3451.tym      8WAKYEJ7
25:t2:nd3244.tym      7HIQWIY7
25:t2:nd3433.tym      5LEFLUK6
25:t2:nd4504.tym      3SALWUH3
25:t2:bk3071.tym      8QUZFEG6
25:t2:nd2722.tym      2FOHFAX0
25:t2:nd4367.tym      2QAXHAW0
25:t2:nd4720.tym      1DICZAJ5
25:t2:bk4007.tym      1SUYROB2
25:t2:nd2477.tym      4WATGEN5
25:t2:nd2675.tym      1MIKDIV0
25:t2:nd3532.tym      4NUKBUN2
25:t2:bk4473.tym      5LOPLOX5
25:t2:nd4531.tym      5HERROZ3
25:t2:nd1010.tym      9RAXWEL2
25:t2:bk4557.tym      8FUNLEY3
25:t2:nd3436.tym      1TAHMED0
25:t2:nd2347.tym      0JOWROR3
25:t2:nd4642.tym      7REFNID7
25:t2:nd4113.tym      3VIGTAG3
25:t2:nd3724.tym      0YAJNUJ1
25:t2:nd3420.tym      0YEFYIT2
25:t2:nd4741.tym      3GATQAB4
25:t2:nd3526.tym      3FOHTAK5
25:t2:nd4161.tym      0MICCEH4
25:t2:nd2262.tym      1TOKRAB8
25:t2:nd4564.tym      7LEDKAX0
25:t2:ms3441.tym      3TEGNAK8
25:t2:nd4530.tym      2DEHBEY6
25:t2:nd2460.tym      9REGVUL7
25:t2:nd3565.tym      5MERNUM6
25:t2:bk3340.tym      8JEDYAH4
25:t2:nd3405.tym      6DEWYOY5
25:t2:nd4611.tym      9GIBVED9
25:t2:nd3351.tym      3BUQZET0
25:t2:nd4224.tym      7VOJYAS3
25:t2:nd3542.tym      2HUJCOQ5
25:t2:nd4613.tym      3DAVTOX3
25:t2:nd3756.tym      3WOWQEV8
25:t2:nd2444.tym      6HETZAN9
25:t2:nd3533.tym      3SAFZIW1
25:t2:nd2426.tym      4VETPIB5
25:t2:nd4120.tym      6WUNGIB0
25:t2:bk4357.tym      0LAKKOR9
25:t2:nd3675.tym      1ZUCRUB4
25:t2:nd3515.tym      0FITJOQ6
25:t2:nd2336.tym      6GIZGUH7
25:t2:bk3261.tym      6FINBAM0
25:t2:nd3344.tym      1GIYHUX0
25:t2:nd2405.tym      9GUFBEG4
25:t2:nd3026.tym      4HIMJOV5
25:t2:lr4117.tym      8KESCIB5
25:t2:nd2637.tym      9MUXWEW7
25:t2:bk4525.tym      3PATBUR1
25:t2:nd2414.tym      7ZAMLUB6
25:t2:nd2736.tym      6JOJZUF1
25:t2:nd4331.tym      8YOZHUS2
25:t2:bk2752.tym      8ZOYYER5
25:t2:nd4653.tym      2VAZDEV1
25:t2:nd4133.tym      4SAQLOB7
25:t2:nd4716.tym      7VAXPAD4
25:t2:nd4052.tym      0GOXLEL8
25:t2:nd3447.tym      3WILNIP4
25:t2:nd4473.tym      2YEDQUC9
25:t2:nd3242.tym      0HECJOR8
25:t2:nd3260.tym      5RUFYEN9
25:t2:nd4106.tym      5VIQBAV7
25:t2:nd2431.tym      9LAYHAC4
25:t2:nd2620.tym      9ZENROG8
25:t2:nd4150.tym      3JERTOF4
25:t2:nd2555.tym      5VAFKEZ8
25:t2:nd3070.tym      0DODGOJ1
25:t2:nd3160.tym      1WOQYEJ6
25:t2:nd3743.tym      6LAXYAM8
25:t2:nd3241.tym      9XAGQAY3
25:t2:nd3421.tym      2ZEFNUS0
25:t2:nd4634.tym      3KUSXEN6
25:t2:nd3725.tym      7ZIPGOR2
25:t2:nd3545.tym      8CATKUD2
25:t2:nd4337.tym      1KIDLIH1
25:t2:bk3302.tym      2DOVZIQ8
25:t2:bk3642.tym      7XAGLIW9
25:t2:nw4521.tym      7KURJIZ8
25:t2:nd3506.tym      1ZETVIZ1
25:t2:nd3155.tym      8BUBNOL2
25:t2:nd3130.tym      3YUZKAV9
25:t2:nd3765.tym      5ZOSVEL9
25:t2:nd4271.tym      8ZEHRAR8
25:t2:bk3655.tym      3POSXES8
25:t2:nd3657.tym      3TOQPOQ0
25:t2:bk4370.tym      7QOQSUP4
25:t2:nd4050.tym      6JOXRUM3
25:t2:nd2617.tym      2XOYTAG6
25:t2:nd2331.tym      9GITVUF5
25:t2:nd4354.tym      6LIHYOP8
25:t2:nd2455.tym      7XEDJOM7
25:t2:nd3715.tym      8DOPXAH7
25:t2:bk4460.tym      6PUJXIR9
25:t2:nd4221.tym      2DEFBOP6
25:t2:nd2734.tym      9KOCPOZ1
25:t2:nd4435.tym      1DOBYIY3
25:t2:nd4075.tym      6YOPLUK5
25:t2:bk4316.tym      4GOZGAV4
25:t2:bk4764.tym      6FOMMID2
25:t2:pi3767.tym      1COQGOD3
25:t2:nd3636.tym      2XIDJED0
25:t2:nd3001.tym      1VASMOJ9
25:t2:nd3233.tym      2MIWGET2
25:t2:ms4752.tym      7BAXGAX5
25:t2:nd4671.tym      0KOCZER5
25:t2:nd3744.tym      8LAGDOW5
25:t2:nd4214.tym      9RUYKEB2
25:t2:nd2603.tym      0KUZYIC9
25:t2:nd2202.tym      8CIFYOM6
25:t2:nd3145.tym      9MIVBEQ0
25:t2:nd3467.tym      9LUFVAL6
25:t2:nd3163.tym      0CULMUK8
25:t2:nd2774.tym      1JOKMUT4
25:t2:nd2614.tym      2CAHPUL0
25:t2:nd2765.tym      8BUGPAB7
25:t2:nd3136.tym      7WIWZUJ1
25:t2:nd3674.tym      2MUWQUN3
25:t2:nd3523.tym      3WUFYOH9
25:t2:nd3613.tym      0MOVGEH2
25:t2:nw4103.tym      8ZUMMOH2
25:t2:nd3356.tym      4FIPNIB1
25:t2:nd2305.tym      0WAGFIT1
25:t2:nd4751.tym      8CAWTOF5
25:t2:nd2332.tym      4JIXLIC8
25:t2:nd4517.tym      7RUDQOX8
25:t2:nd4607.tym      1TESSEY1
25:t2:nd2035.tym      3NUJPUG2
25:t2:bk4632.tym      8COQXIP0
25:t2:nd4265.tym      3XIQQIK8
25:t2:nd4402.tym      0BUSGUD3
25:t2:nd3540.tym      8GULDAS5
25:t2:nd2102.tym      2FUJNEK2
25:t2:jv4010.tym      7PEYDEW0
25:t2:bk4600.tym      5DAVXEZ5
25:t2:bk3356.tym      7DIJVUX0
25:t2:nd0145.tym      7VUYQUB1
25:t2:bk3426.tym      1COMNUG3
25:t2:bk4065.tym      8RAYBOV1
25:t2:nd3511.tym      8JORVEJ4
25:t2:nd3214.tym      3RENCOS8
25:t2:bk3230.tym      7MIVSUY4
25:t2:nd4373.tym      9CADVAY9
25:t2:nd2026.tym      7XIBVON5
25:t2:nd4437.tym      5CANVEW5
25:t2:nd3422.tym      4ZUDWUJ2
25:t2:nd3053.tym      9WAGQOT8
25:t2:nd3170.tym      5POMLEH8
25:t2:nd4356.tym      8LOWXEC3
25:t2:bk2437.tym      2DOZHEJ1
25:t2:nd4313.tym      7JODCAN6
25:t2:bk4577.tym      2PEJBUP9
25:t2:nd2745.tym      1QAXNEC7
25:t2:nd4160.tym      5NOBPES6
25:t2:nd3440.tym      7DAQNUJ7
25:t2:nd4770.tym      1ZIGNAN5
25:t2:nd3100.tym      7JOLLOS3
25:t2:bk3231.tym      2JUTXIJ2
25:t2:nd4563.tym      9LUZSEB8
25:t2:nd2652.tym      1WUTTEK5
25:t2:nd3543.tym      1WALGEM3
25:t2:nd4047.tym      4RAXHAY3
25:t2:nd3570.tym      1DEXFOX6
25:t2:nd2562.tym      2HUYBID8
25:t2:nw3322.tym      7NAWWUD8
25:t2:nd4470.tym      5GIWKIP1
25:t2:nd4515.tym      2NAHCUM9
25:t2:nd3311.tym      4KELQOF7
25:t2:nw3545.tym      8WACPIC9
25:t2:bk4603.tym      9JIGTIH7
25:t2:bk3343.tym      9JIBNER5
25:t2:nd2456.tym      1DAYCIC0
25:t2:nd3563.tym      5XAYPIJ7
25:t2:nd3232.tym      9PEJXOD0
25:t2:nd4526.tym      2ZANWAK8
25:t2:nd3115.tym      5CIXKAN9
25:t2:nd4670.tym      8GUCNIS7
25:t2:nd4114.tym      7VUCCED9
25:t2:nd2176.tym      6QERTUJ0
25:t2:so3407.tym      8VIBYIH9
25:t2:bk3675.tym      4VUYMIW1
25:t2:bk3103.tym      4QITLEW3
25:t2:me3132.tym      5DOPQUJ9
25:t2:nd3661.tym      9HIGHOV8
25:t2:1ipi.tym        0PIHPEC7
25:t2:nd4017.tym      1XUXGUV0
25:t2:nd4366.tym      6GIJFUM9
25:t2:nd3342.tym      5FESRUM9
25:t2:nd2110.tym      0REBPEP1
25:t2:nd3116.tym      5VEWDAV8
25:t2:bk3141.tym      9XUJROC3
25:t2:n11465.tym      1SIVMAJ5
25:t2:nd3224.tym      2COZZUY6
25:t2:nd3726.tym      1ZUFRIX8
25:t2:nd3125.tym      0RIQLUP2
25:t2:nd3341.tym      3NEVCEJ8
25:t2:bk4516.tym      9YARDUX3
25:t2:bk4507.tym      9JOGCOX2
25:t2:bk3132.tym      1YIBCAW3
25:t2:nd3022.tym      2METZUG2
25:t2:nd3362.tym      8TUHBAJ1
25:t2:nd3103.tym      1JIBSIM8
25:t2:nd2302.tym      2PORGAW8
25:t2:nd4764.tym      2QUYXIG1
25:t2:bk2721.tym      1DOPLIJ1
25:t2:nd3400.tym      1HADLID3
25:t2:nd3322.tym      4MUPNIJ0
25:t2:nd2521.tym      3FOKNEQ7
25:t2:bk4650.tym      7LUYDUK4
25:t2:bk4103.tym      4COTDOY1
25:t2:lr4611.tym      1GIBSAW2
25:t2:nd2501.tym      8XIDBIM0
25:t2:nd2411.tym      3XAVJEM6
25:t2:nd3237.tym      1QIFVUY7
25:t2:nd3014.tym      9RELDAM2
25:t2:bk2407.tym      9BIHVOH2
25:t2:nd4407.tym      9YIQWUF2
25:t2:nd4371.tym      2VOJZIB8
25:t2:bk4556.tym      9ZAZZEG1
25:t2:nd3660.tym      6FOZZED1
25:t2:pod.tym 5NERDET6
25:t2:nd4252.tym      2POZVAZ7
25:t2:nd3120.tym      0KUQJUR6
25:t2:nd4063.tym      8NUKLEB7
25:t2:nd3631.tym      3TAHDEQ2
25:t2:nd2747.tym      8TARMEY7
25:t2:nd3274.tym      7FIXGEN7
25:t2:nd2034.tym      1XOXYOZ3
25:t2:nd2520.tym      1XIVTIX7
25:t2:bk2525.tym      3BAQTAT2
25:t2:nd4577.tym      5CADHEH5
25:t2:bk4550.tym      1TILPID1
25:t2:nd4750.tym      7CENVIR9
25:t2:nd4230.tym      0HEHGIK7
25:t2:nd3067.tym      4RUQYAJ9
25:t2:nd3600.tym      1WUPCUS7
25:t2:nd3231.tym      0FAZBUF2
25:t2:nd4264.tym      9CIPJAH6
25:t2:bk2620.tym      6POZFAY7
25:t2:nd4276.tym      9JOXTIL3
25:t2:1cons.tym       1TAVWEV3
25:t2:so4562.tym      9MAFJOZ0
25:t2:nd3664.tym      7YENDIL2
25:t2:nd4053.tym      3YUFJOX1
25:t2:bk3304.tym      2KAMJED2
25:t2:nd4143.tym      6TIRLUF3
25:t2:nd3531.tym      2ROFPOM3
25:t2:n2253.tym       6SEQYIK0
25:t2:nd2702.tym      5QUSPOB5
25:t2:jimd.tym        4BORSOF7
25:t2:nd4743.tym      0WEJQAG6
25:t2:btm607.tym      4DEQPOK4
25:t2:bk4320.tym      9YERTIR4
25:t2:ms3143.tym      8RIYQEF6
25:t2:nd3735.tym      1XUBBUQ2
25:t2:nd4536.tym      8GOTROM8
25:t2:bk3540.tym      1XIFWOW2
25:t2:ap4220.tym      8PEZTOV2
25:t2:nd3461.tym      4VOQBAV3
25:t2:sw2664.tym      3BOPDED0
25:t2:nd4003.tym      7FASHOF0
25:t2:bk3646.tym      1ZEFJEC0
25:t2:nd4377.tym      0DECWAV0
25:t2:nd2766.tym      6TEZGUS5
25:t2:nd4451.tym      6REXYEK2
25:t2:nd4532.tym      3XEMRIY1
25:t2:nd4622.tym      9PENYEV5
25:t2:nd3363.tym      0RIVNOZ5
25:t2:nd3345.tym      9YUCSIQ2
25:t2:bk3451.tym      8PIWFAF3
25:t2:nd3676.tym      7BIDVIJ2
25:t2:nd3032.tym      0YOTHEF0
25:t2:bk3073.tym      2BEDBEC2
25:t2:nd3633.tym      3MOWYOT3
25:t2:nd4263.tym      4WOMDAR4
25:t2:nd3264.tym      7QAHSAR3
25:t2:nd3142.tym      2ROSKIC6
25:t2:nd4256.tym      0LOYSUS6
25:t2:bk4245.tym      3RAGLOW7
25:t2:nd2170.tym      2TINMEP8
25:t2:nd3455.tym      5RIBCOS4
25:t2:bk4477.tym      5PUSDIT2
25:t2:nd2726.tym      5QATZAS9
25:t2:nw2505.tym      0GUYSAT0
25:t2:nd3257.tym      9NOXSOF7
25:t2:nd4616.tym      1GEQFAS9
25:t2:nd3340.tym      9TEZGUR4
25:t2:bk4407.tym      2VISXES6
25:t2:nd4006.tym      1HAQPAW7
25:t2:nd4535.tym      1NODDAT4
25:t2:bk4353.tym      5XUKWEF8
25:t2:bk2355.tym      6BIKVOS6
25:t2:nd3052.tym      7TAKHEY6
25:t2:bk3311.tym      1GOJLUY6
25:t2:nd4225.tym      8BUMBOQ0
25:t2:bk3206.tym      9LUKMAG9
25:t2:nd4153.tym      5RAYLAM5
25:t2:nd2576.tym      4YAPVIT5
25:t2:nd3201.tym      1DULQAR1
25:t2:nd3055.tym      2DAWGUR2
25:t2:bk2376.tym      6GOSJON0
25:t2:al4322.tym      2GIKPIK0
25:t2:bk0145.tym      6FALYAG9
25:t2:bk2305.tym      9FOHDAW1
25:t2:bk4625.tym      6HALQUV1
25:t2:nd4440.tym      5PUZKIR5
25:t2:bk4105.tym      7CAHPIG7
25:t2:bk3275.tym      6ZEGDEY3
25:t2:bk3133.tym      0XUVQEZ6
25:t2:heidi.tym       4GOXKUQ9
25:t2:nd3740.tym      7SEMFUL1
25:t2:nd3164.tym      4WOVJUS7
25:t2:bk4447.tym      8YIFTOC4
25:t2:nd4253.tym      2FEJZEQ4
25:t2:nd2327.tym      9MIGSOJ7
25:t2:nd4136.tym      7LUHJEJ3
25:t2:nd3040.tym      4BUWFIB0
25:t2:nd4665.tym      0WIYBOD0
25:t2:nd3211.tym      6JITHOJ1
25:t2:nd2561.tym      1HUDHID9
25:t2:nd4516.tym      0GOSFOP6
25:t2:nd2446.tym      7WODCOJ6
25:t2:nd4775.tym      5SICZOK8
25:t2:nd3222.tym      3NAFHEG5
25:t2:nd3402.tym      7MIYWOV3
25:t2:nd2374.tym      3HAWDAV6
25:t2:nd3535.tym      2YATNIM3
25:t2:tiis.tym        8HUQYIR6
25:t2:7cons.tym       7SOGPIN3
25:t2:nd4250.tym      9GILCAP0
25:t2:nd4115.tym      0VIXCAC0
25:t2:nd4340.tym      1CEYZUK1
25:t2:bk4633.tym      4SADPAF6
25:t2:nod513.tym      1YUQZAT5
25:t2:3tyms.tym       0CILJAF1
25:t2:nd4305.tym      9FOZZAY8
25:t2:bk4562.tym      5YAVTUX8
25:t2:nd3513.tym      5CUVPID9
25:t2:nd4107.tym      2KOHHAG2
25:t2:nd3315.tym      4JEHJAC0
25:t2:nd2663.tym      3GOGWEV7
25:t2:bk3237.tym      5TEYHOT9
25:t2:isis.tym        6BILFAG3
25:t2:nd2161.tym      9YOHMEK5
25:t2:nd3012.tym      5LOZSUM1
25:t2:nd3217.tym      4FODHUT9
25:t2:nod23.tym       6QIJRUK0
25:t2:nd3154.tym      8XITTEK5
25:t2:nd4162.tym      0BEBGID5
25:t2:nd3656.tym      2XUXPIS8
25:t2:bk4106.tym      5VIQBAV7
25:t2:nd4434.tym      2JEGHIC5
25:t2:nd3302.tym      9XUSBIC4
25:t2:nod561.tym      7NEFNID1
25:t2:tiii.tym        0ZEMMIC9
25:t2:nd4353.tym      9MIBCAM9
25:t2:nd4416.tym      6PEZDOT2
25:t2:bk2641.tym      5SORSIF5
25:t2:nd3122.tym      4QANGAL1
25:t2:nd3165.tym      7DOPWUM6
25:t2:nd4675.tym      9CUYKEC1
25:t2:bk4607.tym      5LUDCAJ0
25:t2:bk3232.tym      6TOXXUW7
25:t2:nd4654.tym      0ROSKIP9
25:t2:bk3455.tym      1TEYWEJ9
25:t2:nd2721.tym      4FAFXOG2
25:t2:tiisis.tym      0LURYOB5
25:t2:bk3322.tym      4WUSCUB3
25:t2:bk4312.tym      3QULWAK6
25:t2:nd4233.tym      5SIYXIN1
25:t2:nd4152.tym      9WODPUN3
25:t2:bk4544.tym      0YOTBEZ3
25:t2:ndtts.tym       6HOMZAH1
25:t2:1outd.tym       0YAQGOK2
25:t2:nd3254.tym      2CIBZOP5
25:t2:nd3704.tym      1ZEJDAG9
25:t2:1isis.tym       1HIJLEW8
25:t2:1tyms.tym       6ZENVIK2
25:t2:nd4231.tym      2MUZGAC9
25:t2:nd2771.tym      0KOVSIR4
25:t2:pi2413.tym      6QEXQAL5
25:t2:bk3320.tym      8SEQTAC1
25:t2:nd3752.tym      9WUXQIJ3
25:t2:nd2215.tym      6BEZVAD2
25:t2:bk4263.tym      3DILJUY7
25:t2:bk3660.tym      1GITMEV7
25:t2:tiiisi.tym      8GATPOV7
25:t2:nd4246.tym      7VIFVOG0
25:t2:nd3166.tym      2JARFIS9
25:t2:nd4057.tym      4POGLOJ1
25:t2:nd4005.tym      6CAQCOR4
25:t2:nd3454.tym      9CODWAM4
25:t2:bk4566.tym      9ZAMKET6
25:t2:nd4500.tym      0LIHGEV5
25:t2:bk2203.tym      5PEMLUQ5
25:t2:bk1010.tym      4VOQSIH9
25:t2:nd4446.tym      5FABCON0
25:t2:bk4221.tym      7YATNUH9
25:t2:p25.tym 8WUGSIK9
25:t2:bk3517.tym      7COMNEX1
25:t2:nd4167.tym      7MOWJOX0
25:t2:bk4237.tym      2KEQNAG0
25:t2:nd2504.tym      3LAPHEB1
25:t2:bk4273.tym      9RUQHAB3
25:t2:bk3724.tym      0WULGUS5
25:t2:nd3663.tym      0HOSJIJ4
25:t2:nd4241.tym      8BOXKOG7
25:t2:bk3634.tym      3PUCDIJ5
25:t2:bk2030.tym      4XOJDUP6
25:t2:nd3047.tym      0BIJDOV7
25:t2:bk3504.tym      5JEWCUY9
25:t2:nd2057.tym      7TUSVAX2
25:t2:nd2435.tym      2KIPROK9
25:t2:nw3240.tym      7VOJYAS3
25:t2:nd4755.tym      7BUSZUF8
25:t2:nd3507.tym      7LOFZES4
25:t2:nd3444.tym      6FASVOK7
25:t2:nd4056.tym      7HIPGAY6
25:t2:nd3113.tym      2SOMDEY4
25:t2:nd2312.tym      0XUHJEZ6
25:t2:nod201.tym      7KETVEG0
25:t2:nd4754.tym      0SAKMAN3
25:t2:nd4135.tym      1NITZIG3
25:t2:bk3152.tym      2SESWED5
25:t2:bk4142.tym      2ROJVIG9
25:t2:bk4232.tym      7XAGSUB4
25:t2:bk4124.tym      9SARDAF2
25:t2:bk3560.tym      2LIJBUD3
25:t2:nd4363.tym      0DODJOF3
25:t2:522mc.tym       4KIMSIW3
25:t2:nd3141.tym      2TEQSIX9
25:t2:bk2444.tym      0YOCWID2
25:t2:nd2545.tym      5POSQAZ2
25:t2:bk4201.tym      9NAGLIH1
25:t2:nd4717.tym      0WUVPEM2
25:t2:nd4350.tym      6FISVAN7
25:t2:nd4602.tym      4COFLOY0
25:t2:nd4116.tym      8XEHZEV9
25:t2:bk4553.tym      9SUWNIK0
25:t2:nd4375.tym      3DUQJUJ2
25:t2:bk2440.tym      1WABMAR2
25:t2:bk2735.tym      3NILPAF7
25:t2:nd3441.tym      5MUZNET4
25:t2:nd4125.tym      6KENDAD5
25:t2:bk3536.tym      9WAHBOF7
25:t2:bk3274.tym      6PIMQEM1
25:t2:bk0027.tym      0JORTUV9
25:t2:nd3573.tym      8GOLHEY6
25:t2:nd2711.tym      5LILVOR1
25:t2:nd4502.tym      5KOWGES1
25:t2:prt.tym 8KESZEH1
25:t2:nd2351.tym      2YEFMUX8
25:t2:ms3233.tym      9QAGFEX7
25:t2:nd3177.tym      9PIZPUX8
25:t2:nd2216.tym      7DUKQUW2
25:t2:nd3762.tym      9FEZVUZ6
25:t2:nd2410.tym      7GEFVAJ1
25:t2:nd4352.tym      4SECSEZ1
25:t2:nd4557.tym      6LEWZUM3
25:t2:nd4640.tym      4PISDIB1
25:t2:nd4460.tym      6PUJXIR9
25:t2:nd4262.tym      6ZOKHUL7
25:t2:bk4251.tym      3TEQRAM4
25:t2:bk4134.tym      4WEKSEV2
25:t2:nd4073.tym      2PAMGEM4
25:t2:bk4242.tym      0NOVLIM8
25:t2:bk3246.tym      3BEQZUM4
25:t2:bk2526.tym      5KIYGEL7
25:t2:bk3363.tym      2ZOZBEQ7
25:t2:bk4704.tym      9VAFNUG6
25:t2:bk0017.tym      5KOVSIQ4
25:t2:nd3527.tym      0VINNEH0
25:t2:bk2501.tym      9RONPOS3
25:t2:bk4740.tym      4DULVEL0
25:t2:nd3061.tym      0QIPGUW1
25:t2:bk4461.tym      9HEGCUD3
25:t2:me3133.tym      8CODFEB8
25:t2:bk4443.tym      8JEPWOM3
25:t2:bk4515.tym      5MAPQOH0
25:t2:bk4137.tym      9KEYDET9
25:t2:nd4157.tym      7VOJYAS3
25:t2:nd3246.tym      1DOTDAW0
25:t2:bk2567.tym      7YOTTEK4
25:t2:bk4054.tym      7RUTCER1
25:t2:bk3460.tym      0SOSKUC3
25:t2:bk4405.tym      2LUXDEP8
25:t2:nd1000.tym      5SOSGIQ3
25:t2:nd2256.tym      4WALHUJ5
25:t2:bk4664.tym      7REGHON8
25:t2:bk4011.tym      7YEQMIT5
25:t2:bk3721.tym      6YOYJOZ1
25:t2:nd2776.tym      2RAMYIT5
25:t2:bk3235.tym      9GEVTIQ1
25:t2:nd2751.tym      6KABNIR8
25:t2:nd4137.tym      7JAWPUS7
25:t2:bk2405.tym      0DAKYEC1
25:t2:bk3332.tym      1QORGIZ4
25:t2:bk4743.tym      8CUSZUF3
25:t2:nd4466.tym      0SELDEL7
25:t2:nd3764.tym      9RAGVAH8
25:t2:bk3017.tym      7MUQRAX5
25:t2:nw3633.tym      3QAYVAL6
25:t2:bk2225.tym      4NODHOV4
25:t2:nd3305.tym      8YUQZAW2
25:t2:t10631.tym      6NEBKEH9
25:t2:bk4050.tym      9PEYDIS5
25:t2:bk3364.tym      6GOPSAB1
25:t2:bk3213.tym      7YORQUY9
25:t2:bk3600.tym      3VUVMOV8
25:t2:bk4667.tym      2JIGYAG1
25:t2:bk3463.tym      5SOPJAL1
25:t2:bk3643.tym      5GAXSIL7
25:t2:nd4455.tym      7ZIYDUW6
25:t2:bk3164.tym      1ROXSEL6
25:t2:nd3213.tym      1ZOWGOT8
25:t2:nd3355.tym      4FIQVER5
25:t2:nw2171.tym      1YUPHUD0
25:t2:xx3326.tym      3HUKTAH2
25:t2:nd4174.tym      5QUSCEH2
25:t2:bk2336.tym      9MEWHAJ0
25:t2:nd4471.tym      6LECDAV4
25:t2:bk2327.tym      5DILYOK7
25:t2:nd3336.tym      3PINGEV8
25:t2:bk3163.tym      0DINWIS3
25:t2:bk3262.tym      3YEGSOT2
25:t2:bk3613.tym      9NUGPIR7
25:t2:nnw336.tym      6WOYDUQ3
25:t2:3isis.tym       4GUHZIB8
25:t2:bk0012.tym      2VUGQOM4
25:t2:nd3736.tym      5VIZKAD2
25:t2:nd4062.tym      4ZUQROF2
25:t2:sw2214.tym      1QIJCIL5
25:t2:bk4123.tym      2QIVNIK5
25:t2:bk3151.tym      8REYBUG2
25:t2:bk3167.tym      1KIBCUP8
25:t2:bk2564.tym      7GUWFEM0
25:t2:nd3325.tym      4RIGDEK7
25:t2:nd3647.tym      1KOVDUL9
25:t2:nd4405.tym      2YERXIX6
25:t2:nd3064.tym      1VIYKUY6
25:t2:nd3172.tym      5VODHAJ7
25:t2:nd6356.tym      5WOQLAY2
25:t2:bk2736.tym      6BESSOQ0
25:t2:bk3440.tym      0DUHYIZ4
25:t2:nd3111.tym      7POXSEH2
25:t2:nw7343.tym      1MISHIB7
25:t2:1cslt.tym       8RERDUL7
25:t2:nd2767.tym      9QOSYAQ6
25:t2:ms3577.tym      9SORTOZ5
25:t2:nd4650.tym      5SIJKAD8
25:t2:sc2745.tym      0BIGCIM5
25:t2:bk4135.tym      8TUNTIV8
25:t2:bk4367.tym      1SOWWUP9
25:t2:nd3471.tym      9KIWGAM0
25:t2:nd4756.tym      0YUPWUT0
25:t2:cn4471.tym      1KEJGUT5
25:t2:bk3154.tym      0LOCCIZ2
25:t2:bk4727.tym      5QUHLEW5
25:t2:nd2355.tym      7YOHJIT2
25:t2:nd4227.tym      2YUTGAS8
25:t2:bk3636.tym      2XIDJED0
25:t2:nd2452.tym      1VESQUT6
25:t2:522.tym 1JOTHIG7
25:t2:nd2756.tym      6CIDVEV7
25:t2:nd3235.tym      4JOFWIJ0
25:t2:nd4540.tym      8ZIYBAV4
25:t2:nd4270.tym      9HURPUS6
25:t2:bk4563.tym      6SECFIL7
25:t2:bk3242.tym      9GADCIZ9
25:t2:nw3122.tym      9PIZGUN6
25:t2:bk3507.tym      7YUPTOR8
25:t2:nd4240.tym      4WUKFOL5
25:t2:nd3412.tym      4YEGYON4
25:t2:nd4166.tym      4DOSSUR7
25:t2:bk3075.tym      4RICSIT4
25:t2:bk3147.tym      4CIRYUK9
25:t2:bk3633.tym      3MOWYOT3
25:t2:bk2776.tym      4RAZRAY4
25:t2:bk2454.tym      3XOTPAM7
25:t2:bk4641.tym      6FOSZAY4
25:t2:bk2256.tym      6BUCVIC9
25:t2:bk3775.tym      5REBYIP6
25:t2:bk4722.tym      2BORBEN1
25:t2:bk4567.tym      1CAKLIS4
25:t2:bk3165.tym      8GAKYOW1
25:t2:bk3651.tym      8HEVZIJ4
25:t2:bk4506.tym      8NETCAK2
25:t2:bk2742.tym      3SUPVIF6
25:t2:nd2376.tym      6ROBHUZ9
25:t2:bk4426.tym      8NANSUS9
25:t2:nd4365.tym      6MUWYOX4
25:t2:nd3710.tym      4BEFXAZ5
25:t2:bk2241.tym      3VESCAT7
25:t2:bk4444.tym      5QERXAG0
25:t2:bk4140.tym      2CASDUZ8
25:t2:nd3350.tym      5CUTMEQ5
25:t2:bk4674.tym      0ZAXXIK8
25:t2:2ebus.tym       3DEKXIT9
25:t2:bk3272.tym      7LOVKIR2
25:t2:bk4352.tym      3KIGMAG2
25:t2:nd3312.tym      7TIHYIK2
25:t2:nd4255.tym      6NUYBOL0
25:t2:bk3506.tym      3LOXWUM5
25:t2:bk3137.tym      3YOQVEG3
25:t2:bk3070.tym      6ROXQAT4
25:t2:bk2456.tym      0YOPQAR6
25:t2:nd4332.tym      2VOVSUG6
25:t2:am3733.tym      0KIFTEK0
25:t2:bk2366.tym      0RIBWOQ3
25:t2:sw4500.tym      6RUDJIG6
25:t2:nd2217.tym      6NOCGID9
25:t2:bk3743.tym      5CEMVUY9
25:t2:bk2611.tym      1QOMLEC8
25:t2:nw3254.tym      4FAZKUP1
25:t2:bk2717.tym      8YORCEP1
25:t2:bk4535.tym      0KIDLOH8
25:t2:bk4717.tym      4KESYON7
25:t2:nd4111.tym      0ZOBTOT0
25:t2:nd4021.tym      4DIQTIC3
25:t2:3cons.tym       7JITSON7
25:t2:bk4332.tym      2WEWBAF6
25:t2:bk2102.tym      9KODFEC0
25:t2:nd2732.tym      9SIQWEJ7
25:t2:bk3414.tym      5WUVJER2
25:t2:bk4654.tym      1BEWQUP8
25:t2:bk4762.tym      0FOHNUK1
25:t2:nd3317.tym      0BUXREX3
25:t2:nd2050.tym      6NENNOC1
25:t2:bk4530.tym      0REDHIT4
25:t2:bk4574.tym      9GOPJUG2
25:t2:bk4655.tym      5RUVZET3
25:t2:bk2155.tym      3ZUVYEJ8
25:t2:bk3424.tym      5FATYAN7
25:t2:nd4074.tym      7MADHOL7
25:t2:nd2677.tym      2TUXDOK5
25:t2:xx3253.tym      8LABQIC9
25:t2:nd4362.tym      1KECVEX1
25:t2:bk3210.tym      8LECMEV9
25:t2:bk3532.tym      7KAHMIM0
25:t2:nd4533.tym      1DUQKES5
25:t2:bk4437.tym      2SANKIV9
25:t2:nd4736.tym      2HEFSOB3
25:t2:bk4707.tym      0XINDIX4
25:t2:bk3474.tym      8YAYMAW6
25:t2:nd3712.tym      5YISSOL9
25:t2:bk3771.tym      2RAMMOJ4
25:t2:nw2767.tym      0VOVTOC5
25:t2:nd3640.tym      2RUXXAY7
25:t2:bk4671.tym      2VIFBUV1
25:t2:bk3341.tym      8DOQHIQ2
25:t2:bk4205.tym      3ZIGFER3
25:t2:nw2312.tym      2HAWVIB2
25:t2:nw3032.tym      9YEHYAF5
25:t2:bk4041.tym      2LISTAF0
25:t2:bk2716.tym      4LOVKER3
25:t2:bk2734.tym      2TINNEZ7
25:t2:bk4766.tym      9NEQBEY8
25:t2:nd4151.tym      5DIWLUK4
25:t2:bk3742.tym      8WEFDEK6
25:t2:bk4203.tym      1DOGCUF2
25:t2:bk2700.tym      5DUMVOD7
25:t2:bk3526.tym      3WOYSUR7
25:t2:nd3614.tym      2FAQBAL0
25:t2:nd4370.tym      1NUSDOL8
25:t2:nw470.tym       1DACZOV8
25:t2:bk4305.tym      8SIHBAS9
25:t2:bk3207.tym      6XIBCAV1
25:t2:bk3117.tym      0HIXHUZ5
25:t2:bk4564.tym      0JANDAY5
25:t2:nd2660.tym      8SOSXAX4
25:t2:nd3353.tym      2GEFCUP3
25:t2:nd4055.tym      8MIVKIZ3
25:t2:bk4663.tym      8RILYUZ2
25:t2:bk3144.tym      5BODQOX1
25:t2:nd5655.tym      6PUSVOK4
25:t2:bk2703.tym      9ROBQEH4
25:t2:nd4406.tym      1BEZCUG3
25:t2:nd4537.tym      1KUVLOM5
25:t2:521.tym 8MOFVIZ1
25:t2:kl2615.tym      4MIJTIM2
25:t2:nd4701.tym      2ZOQHEL7
25:t2:nd3324.tym      9DUNCEK7
25:t2:bk4706.tym      5FUPVOG7
25:t2:nd4177.tym      2VIYQAM6
25:t2:bk4213.tym      2LOCLEV6
25:t2:bk4724.tym      7WIVNAJ8
25:t2:bk2503.tym      2FOBJES3
25:t2:bk2555.tym      4LEVPOF5
25:t2:nd4465.tym      7JERXAG9
25:t2:nd4627.tym      7KEJKAM1
25:t2:bk3617.tym      9XIQHOK8
25:t2:bk4024.tym      4JONDEK4
25:t2:bk2323.tym      2WAYKUB6
25:t2:bk4402.tym      8GUTPAP6
25:t2:bk4250.tym      2FORJUR9
25:t2:3swit.tym       1VOCVUK1
25:t2:nd4306.tym      4SURMUQ9
25:t2:so4563.tym      2DASXOC7
25:t2:nd4002.tym      0HIVDON3
25:t2:bk4502.tym      6TUXDEC6
25:t2:bk3375.tym      1BAQMUV6
25:t2:bk3233.tym      9VILZIR0
25:t2:nd2227.tym      2DERZEY3
25:t2:nd3037.tym      8HENCAS7
25:t2:bk4275.tym      7KEMFIR5
25:t2:nd4200.tym      7ZADLEP9
25:t2:bk3465.tym      3RUBGIY1
25:t2:bk3744.tym      5VEQSIF7
25:t2:bk2745.tym      0CAHWUL4
25:t2:nd2731.tym      3PAPTAR4
25:t2:bk4133.tym      6ROSHEN4
25:t2:bk3740.tym      2NUJRUQ4
25:t2:bk2471.tym      5KORSAB9
25:t2:bk4163.tym      3HIRMAV0
25:t2:fb2064.tym      4CANCEJ6
25:t2:nd3625.tym      1FAHMIG6
25:t2:bk4334.tym      9GAKWOS5
25:t2:bk3443.tym      4ZOHBAR2
25:t2:bk4253.tym      4ZUVSOW3
25:t2:bk3741.tym      6QALTEK5
25:t2:nd3365.tym      1BOCNET6
25:t2:bk2652.tym      2BAQBOK9
25:t2:nd4767.tym      2DUQTOY8
25:t2:bk3032.tym      2TEGZAH2
25:t2:nd2071.tym      8KABXAT1
25:t2:nd4303.tym      6QEVQUC3
25:t2:bk2463.tym      4QUCLUX7
25:t2:bk2402.tym      1ZAMCEW7
25:t2:bk3471.tym      3YIHPIW4
25:t2:bk4236.tym      2COMJUZ4
25:t2:nd2323.tym      7NOLHOY9
25:t2:bk4202.tym      6CIYREG1
25:t2:bk2751.tym      3HEDHAG2
25:t2:bk3264.tym      5PUJFEQ5
25:t2:bk4227.tym      5KIJXOQ4
25:t2:nd2252.tym      1GOBDIY9
25:t2:bk4410.tym      2YUYVOL0
25:t2:bk3006.tym      7BIGHEK9
25:t2:bk4005.tym      2BEYGUT3
25:t2:nd4176.tym      5YANDIV6
25:t2:bk4174.tym      9DITKUT9
25:t2:bk4570.tym      8TUPBAQ8
25:t2:bk3303.tym      2LUBBUP9
25:t2:nw4664.tym      3DEBLAB1
25:t2:nw2641.tym      8ZUCBIX0
25:t2:bk4754.tym      4RULYIC2
25:t2:bk3433.tym      8NOGTAR9
25:t2:bk4513.tym      7QUMPAF9
25:t2:nd4335.tym      7YEMLAW3
25:t2:nd3714.tym      3KEYSAN2
25:t2:bk3737.tym      1BOBZAF4
25:t2:nd3140.tym      0XAYCEN3
25:t2:nw4517.tym      1RAPFEL3
25:t2:bk3631.tym      5YOVFEN1
25:t2:bk2747.tym      9ZIFROQ7
25:t2:bk4531.tym      2BUKWAF1
25:t2:bk4432.tym      0RAFXAG9
25:t2:bk4240.tym      2FOVVIC9
25:t2:bk4776.tym      2MEFYEJ7
25:t2:bk4742.tym      9XOQHEG1
25:t2:bk4346.tym      2SEYCAM9
25:t2:bk4760.tym      1GASNOG1
25:t2:bk4616.tym      6KIQFEK0
25:t2:bk2375.tym      4JOFWOZ4
25:t2:nd4323.tym      3TUZZEY6
25:t2:522i.tym        7VOJYAS3
25:t2:bk4337.tym      5XIFNUC0
25:t2:nd6337.tym      9WEKCOW1
25:t2:bk3511.tym      1CUZXET6
25:t2:bk4141.tym      8PUJPIY2
25:t2:bk3347.tym      2POGZAK2
25:t2:bk3734.tym      1QESMEJ6
25:t2:bk3430.tym      9ZIDRAD6
25:t2:bk4510.tym      2BENWUK8
25:t2:bk4737.tym      6FARMEJ2
25:t2:nd4014.tym      3FABHUQ7
25:t2:bk4613.tym      8SIXMON1
25:t2:bk3227.tym      7YIMLIQ8
25:t2:bk3632.tym      1QINQIN1
25:t2:nd3411.tym      2TIFLOJ9
25:t2:bk4703.tym      9XOBWIC7
25:t2:bk4136.tym      3XAYMAJ1
25:t2:bk3004.tym      6DEFZIX4
25:t2:bk4712.tym      4TISPIC6
25:t2:bk3704.tym      2RAGSEJ3
25:t2:nd4715.tym      0NAWVUD4
25:t2:nd3473.tym      3QEBHUN5
25:t2:nd2100.tym      4XILNOR8
25:t2:nd4427.tym      5WEPKAT2
25:t2:bk4400.tym      6DULMES0
25:t2:fb3030.tym      3YIHXED2
25:t2:bk4362.tym      4CERTOQ2
25:t2:bk2562.tym      4RIYKEL2
25:t2:bk4301.tym      7DEWTUW8
25:t2:bk2312.tym      7BIRGIN1
25:t2:bk4666.tym      8YATWUV3
25:t2:bk4317.tym      2XIPROG2
25:t2:bk2060.tym      7ZABDUZ0
25:t2:bk3435.tym      8FANDOR7
25:t2:bk3516.tym      5SODFED8
25:t2:bk4533.tym      2FERPOX4
25:t2:nd4247.tym      7VOJYAS3
25:t2:nd3307.tym      5XUPBIX4
25:t2:nd4324.tym      7FUFNIZ4
25:t2:nd4101.tym      4COVROY4
25:t2:nd2155.tym      7FUYSAS8
25:t2:bk3116.tym      5BUXROS1
25:t2:bk4167.tym      0PABVUD6
25:t2:bk4176.tym      1TAHHUX7
25:t2:bk3602.tym      6DEXKEV5
25:t2:nd3334.tym      7ZOFZUY1
25:t2:bk4554.tym      6YIRVOM3
25:t2:bk4520.tym      7NAQROL0
25:t2:1520.tym        6XOPQIC9
25:t2:bk4276.tym      0PUQTUP5
25:t2:bk4726.tym      4PABMEJ9
25:t2:nw7630.tym      0ROKHAW9
25:t2:bk4053.tym      4TIWTUX7
25:t2:bk3423.tym      6LIXCUJ4
25:t2:bk3702.tym      5JOJMEG8
25:t2:bk2217.tym      5WEVRAF1
25:t2:nd4244.tym      4FEXJEY4
25:t2:bk2037.tym      8PAKKUF6
25:t2:bk4521.tym      7KIFBOR1
25:t2:bk4100.tym      5YIQJIF7
25:t2:bk2163.tym      0NUFVUJ6
25:t2:bk3153.tym      5LIHPEC8
25:t2:bk3065.tym      1TANFIQ9
25:t2:bk2705.tym      6GOXYUQ0
25:t2:hdlc.tym        4NEXMAF2
25:t2:bk4021.tym      5DIPVID7
25:t2:bk3362.tym      4GOSKAF2
25:t2:bk3310.tym      0COGVAQ8
25:t2:bk3211.tym      0YOSGIM0
25:t2:bk4055.tym      5JEDSAS1
25:t2:nd2007.tym      3WIMQAT2
25:t2:bk4377.tym      1MIPQIR9
25:t2:bk3722.tym      6MASTAX2
25:t2:nd2124.tym      6QEXHUX0
25:t2:bk2500.tym      8PORCAR0
25:t2:nd2770.tym      2YUHVID2
25:t2:bk3461.tym      2POZSIX6
25:t2:bk4665.tym      6WAYTUG6
25:t2:nd3645.tym      0MARFIW0
25:t2:nd2630.tym      3LACSEK8
25:t2:bk4714.tym      7JOLHIB5
25:t2:nd2475.tym      2QOXTEG4
25:t2:bk2077.tym      2RAFWEC3
25:t2:bk4023.tym      6LIRXAW8
25:t2:bk3510.tym      5TEZYUX2
25:t2:lr4200.tym      4LIHKOJ9
25:t2:nd4511.tym      5YIMKAJ2
25:t2:bk4561.tym      3WOLSEJ2
25:t2:bk4543.tym      7SUSFAZ5
25:t2:bk2707.tym      4DAJQEN5
25:t2:pi4545.tym      1XITVIJ5
25:t2:bk4471.tym      2WOSTEK6
25:t2:bk4534.tym      4CUCJAF5
25:t2:bk4104.tym      5JOQYAP1
25:t2:bk3607.tym      5NERNEJ6
25:t2:nd4626.tym      9NOXYEX8
25:t2:nd3027.tym      6JUGCUY5
25:t2:bk4526.tym      9ZONPAW0
25:t2:4atc.tym        2DERZEY3
25:t2:bk2177.tym      1YEJQAK1
25:t2:bk4767.tym      7KUVMAT2
25:t2:bk3671.tym      6HETDOD6
25:t2:bk4643.tym      1RERTAP3
25:t2:bk4067.tym      3QONGEL3
25:t2:bk4321.tym      1SAQHOH4
25:t2:bk3061.tym      2XEPZEX4
25:t2:bk4634.tym      1JUSFON0
25:t2:bk3214.tym      8HIRZOM5
25:t2:bk2035.tym      0WUFVAK1
25:t2:bk2071.tym      8MOPTIL7
25:t2:bk3257.tym      9XESLOJ7
25:t2:bk4051.tym      6VEKHAN3
25:t2:bk2753.tym      4PUZBUS5
25:t2:doc.tym 6XAGDEN3
25:t2:nd3425.tym      8ZURGAQ2
25:t2:bk2262.tym      1ZIZVOW8
25:t2:nd3173.tym      5DEJDIL2
25:t2:nd2741.tym      4CAKWIW2
25:t2:bk3772.tym      4LOHYUD1
25:t2:bk4366.tym      6SUJMOH9
25:t2:nd2165.tym      3HEHMAX4
25:t2:nd4721.tym      4WAVGAC2
25:t2:bk3565.tym      8GEQTUK2
25:t2:bk4071.tym      1FALPAF8
25:t2:sample.tym      3ZOBPOC0
25:t2:bk4010.tym      9GAGVIZ0
25:t2:533i.tym        1XIMLED2
25:t2:bk3405.tym      6JIVNUC3
25:t2:bk2123.tym      2LESMON7
25:t2:bk4056.tym      2RABBAZ1
25:t2:bk3453.tym      6QOXREX1
25:t2:nd3716.tym      7DIVPAQ3
25:t2:bk4013.tym      2KIHFUM6
25:t2:nw3342.tym      0YIQHAX4
25:t2:nd2366.tym      7WIVCIJ2
25:t2:nd4346.tym      7CINNAH7
25:t2:bk3723.tym      6HEXSIF0
25:t2:bk2330.tym      0NIZYUF4
25:t2:bk4524.tym      1XAKQAZ0
25:t2:nd2267.tym      8KURGOD0
25:t2:2621.tym        4SAXNUL2
25:t2:bk4470.tym      1RURYUS1
25:t2:nd2447.tym      2SUMKIS6
25:t2:bk4675.tym      8RIGSUX8
25:t2:nd4155.tym      4NESVOS6
25:t2:nd2006.tym      3WIMQAT2
25:t2:bk3550.tym      8TONWAC9
25:t2:sw4503.tym      3YIQTOS4
25:t2:sw4735.tym      8HICZUG2
25:t2:nd3156.tym      3WALVAS2
25:t2:bk3244.tym      6XIDWIS8
25:t2:pm3260.tym      2MIZCAL0
25:t2:bk2765.tym      2VANDIB1
25:t2:bk4063.tym      9JENLUR8
25:t2:bk3442.tym      2GOKFIB1
25:t2:bk2560.tym      7DUPYEP8
25:t2:nd3230.tym      0GINFOY5
25:t2:pm7130.tym      9YAXRAK2
25:t2:bk4522.tym      7RUSLAX9
25:t2:bk4216.tym      1KOSVON5
25:t2:bk3557.tym      3SAVZAW7
25:t2:bk4072.tym      1JIYREZ4
25:t2:nd3255.tym      0TUNNAR0
25:t2:so4154.tym      2TATCIW9
25:t2:nw2324.tym      3JEXQIV7
25:t2:nd2563.tym      5NEYNUQ6
25:t2:bk4647.tym      0JOGWOB2
25:t2:bk3130.tym      0JOBDEP8
25:t2:bk3326.tym      7NETWAD1
25:t2:bk2750.tym      4HODFIF7
25:t2:bk3756.tym      4GOYFAH5
25:t2:bk2273.tym      6XAFBOB1
25:t2:bk2426.tym      6TUVGOV9
25:t2:nd4453.tym      3ZABQUT7
25:t2:bk4476.tym      9JOVMUK8
25:t2:bk3335.tym      8HOLXAF6
25:t2:bk2057.tym      1ZUKLIZ0
25:t2:bk3641.tym      6DIKKOZ5
25:t2:bk4514.tym      1MALWOV3
25:t2:nd4705.tym      7NUVTEV6
25:t2:nd3767.tym      2DIZDIV4
25:t2:bk4406.tym      8BIDSUN3
25:t2:x22.tym 4DEZLOX3
25:t2:bk4602.tym      3NOTSOF6
25:t2:bk4170.tym      9DOGSEH7
25:t2:bk2271.tym      9LECGEN3
25:t2:bk4017.tym      0CATNES7
25:t2:bk3630.tym      9YOFVUY2
25:t2:bk4710.tym      1DAGYUQ1
25:t2:bk3216.tym      9LIFREW0
25:t2:bk3200.tym      5NOZXUC3
25:t2:bk4233.tym      6SUKJIR0
25:t2:bk4260.tym      3WEVSUB5
25:t2:bk3306.tym      8TOHBAQ6
25:t2:bk3126.tym      7FIGYAH2
25:t2:bk3441.tym      1KINKUT1
25:t2:bk3376.tym      2ZOFZIV3
25:t2:bk3135.tym      2JEKYEG7
25:t2:nd2676.tym      7QECMOZ6
25:t2:bk4512.tym      6LIWMOV7
25:t2:bk3162.tym      7XEJMOP1
25:t2:nadu.tym        6YODMAV5
25:t2:bk3467.tym      6JAHSIK0
25:t2:bk4475.tym      8TUHRAQ0
25:t2:bk3271.tym      5RUNNEL4
25:t2:bk3145.tym      0NEDLUS3
25:t2:nd4623.tym      4FEVQIR4
25:t2:bk2576.tym      5HIQFUG7
25:t2:nd3552.tym      2HOQBAD6
25:t2:bk4702.tym      3VEZLER5
25:t2:nd2402.tym      9TENSUP9
25:t2:nw3671.tym      1QUXJOH3
25:t2:bk4342.tym      8FACCEX7
25:t2:bk3422.tym      1QEWQUZ6
25:t2:bk4365.tym      0RAVXIN2
25:t2:522c.tym        7MEBBAR5
25:t2:bk2110.tym      9QAYBAH0
25:t2:bk3350.tym      5DUFYIC5
25:t2:bk4662.tym      8COHJUH4
25:t2:bk3530.tym      1JONNET4
25:t2:bk4545.tym      3QUGWAQ8
25:t2:bk2504.tym      3LAPHEB1
25:t2:bk4052.tym      0MOSMIQ2
25:t2:bk3672.tym      2RIYSID3
25:t2:bk4615.tym      0NINJAQ8
25:t2:pm4415.tym      1FIDMOQ2
25:t2:nd2367.tym      2NIFVUK2
25:t2:bk4057.tym      7BUZHUP9
25:t2:bk2617.tym      8MEBVEN5
25:t2:nd2243.tym      0PUBCUZ0
25:t2:xx3411.tym      2SIKNOZ8
25:t2:nd3267.tym      6ROLZOF4
25:t2:bk4417.tym      9KOLSAN9
25:t2:pico.tym        1WOHSAC6
25:t2:bk3330.tym      6CEYZUP9
25:t2:bk3715.tym      5ROCWUT7
25:t2:bk4435.tym      8LINFOJ5
25:t2:bk2644.tym      7BOGHAG5
25:t2:bk2502.tym      6ZAWPOJ9
25:t2:bk2115.tym      7SEBFAG0
25:t2:bk2124.tym      0FUZBAQ7
25:t2:bk3625.tym      1NEFQOR1
25:t2:bk2545.tym      7ZUCTIQ2
25:t2:bk2347.tym      1PAGMAN7
25:t2:nd3456.tym      6COKXIS2
25:t2:nd4545.tym      7WEKGAZ9
25:t2:bk4311.tym      5ROFCOM6
25:t2:bk3571.tym      3XURHIC4
25:t2:bk3670.tym      2GODKEZ2
25:t2:backup.tym      8ZEZDOZ4
25:t2:bk4575.tym      6RARDAB7
25:t2:nd2322.tym      5XEHYUW5
25:t2:nd3051.tym      1JUPSEH8
25:t2:ap4337.tym      5ROMDIJ1
25:t2:bk2741.tym      9DUCSEF8
25:t2:bk3542.tym      5COQGEM2
25:t2:bk3605.tym      8MANSOC5
25:t2:nd4606.tym      8MIQXIH4
25:t2:bk3074.tym      6SIKXEW6
25:t2:nd2752.tym      6BIVSIX4
25:t2:bk4721.tym      9MIDZOB8
25:t2:nd3445.tym      2CEWSOP0
25:t2:nd2502.tym      8VUVXAX1
25:t2:bk3576.tym      3YUVSAL2
25:t2:bk2302.tym      2PORGAW8
25:t2:bk4037.tym      3TOKDUT2
25:t2:nd3337.tym      9CUXFUC8
25:t2:bk4541.tym      6NINTUQ8
25:t2:bk3601.tym      0DIBPUC0
25:t2:bk2332.tym      1RURFIX0
25:t2:bk4463.tym      6YIKSUC6
25:t2:bk4427.tym      8GUGVUH8
25:t2:pm3570.tym      9XAYLEC6
25:t2:nd2154.tym      7JUXMUJ1
25:t2:bk4355.tym      5SOKKOW7
25:t2:xx3070.tym      7MORRUV0
25:t2:bk3770.tym      2DOCLUC4
25:t2:bk4517.tym      5XOXSUP2
25:t2:nd2674.tym      4WIJCAF5
25:t2:bk4677.tym      3GOQPEM0
25:t2:bk3241.tym      1NUZKED9
25:t2:bk2546.tym      1HIYGOT0
25:t2:bk2701.tym      2ZUGXUD8
25:t2:nd4636.tym      9ZUJMEC5
25:t2:nw4424.tym      6BUTXUQ3
25:t2:bk4076.tym      1POLXUR3
25:t2:bk4166.tym      3REFBAQ6
25:t2:bk3052.tym      8PUCRER4
25:t2:nd3176.tym      3ZICHIC2
25:t2:bk3552.tym      9LIMQUG7
25:t2:ad3553.tym      7NERYEJ1
25:t2:x32.tym 3JABQIB1
25:t2:bk4425.tym      3ZIZZIS8
25:t2:jv4724.tym      2XUVLEB2
25:t2:bk4326.tym      8ZITGOK2
25:t2:bk4765.tym      8CUSQOS1
25:t2:bk4416.tym      2TORJIX4
25:t2:bk3122.tym      5KOXDIQ3
25:t2:bk4371.tym      1KOSRIM9
25:t2:bk2544.tym      6RECCUM8
25:t2:bk2166.tym      5VIMYIG2
25:t2:bk4423.tym      2DAZQEN7
25:t2:nd3372.tym      7XOPPAT8
25:t2:pm2216.tym      9JARHIL9
25:t2:nd4112.tym      6CUDKOW1
25:t2:bk4207.tym      5SEFTIQ3
25:t2:bk2657.tym      6GEJGAF6
25:t2:bk2722.tym      8MUDVIH6
25:t2:bk2310.tym      1FAXRIJ6
25:t2:nd2616.tym      6XIBPEY2
25:t2:bk4637.tym      1WUDFIF2
25:t2:xx3523.tym      4DAZWOQ1
25:t2:bk4540.tym      3PAYRUV7
25:t2:nd4146.tym      1KUCDUS4
25:t2:bk4621.tym      6MUQCEW0
25:t2:bk4261.tym      3TEFJUD4
25:t2:bk4547.tym      4XUGRUF4
25:t2:bk3253.tym      6NUJDES4
25:t2:bk3776.tym      7KIWKOD8
25:t2:kl3172.tym      3FAJJAG8
25:t2:bk3411.tym      5COSXAN4
25:t2:nd4403.tym      2QITGES1
25:t2:bk4775.tym      9TAWYUB3
25:t2:bk3312.tym      8HAPQUV3
25:t2:nd4232.tym      0XUVDUV0
25:t2:bk3760.tym      1BEBDAM5
25:t2:bk4147.tym      7ZUSBIB1
25:t2:nd2020.tym      2YUDZEB0
25:t2:bk4642.tym      1KIPCAY6
25:t2:bk4113.tym      8SIWWET4
25:t2:nd3512.tym      0BUZREL7
25:t2:tl3447.tym      2JOYMIN5
25:t2:bk4453.tym      5JELWAK1
25:t2:bk4165.tym      5CUSJIB8
25:t2:bk3420.tym      4HOHREM5
25:t2:bk3402.tym      1POQTAN6
25:t2:nd4205.tym      9BERHEB1
25:t2:bk4264.tym      4NESBUN0
25:t2:bk3150.tym      6VOPKEV8
25:t2:me4473.tym      3XURGIL3
25:t2:nw4763.tym      8LESKAG9
25:t2:bk4356.tym      7GAFGUP2
25:t2:bk3564.tym      5VEKPUZ4
25:t2:bk4016.tym      1PABGEX3
25:t2:nd4457.tym      4LOYWER3
25:t2:bk2513.tym      7RIRNOM6
25:t2:bk2020.tym      6JAMJIP2
25:t2:bk3062.tym      1CAVCUW6
25:t2:bk2216.tym      4CAXVEJ1
25:t2:bk4151.tym      6JARBIP3
25:t2:bk4761.tym      1KALYEQ9
25:t2:bk3456.tym      2JIRDOQ1
25:t2:bk4266.tym      7GUWPIL5
25:t2:xx2361.tym      1ZOSFUQ8
25:t2:xx3126.tym      3JUNFAX3
25:t2:nd3551.tym      0WODREL7
25:t2:xx2271.tym      7COKYID1
25:t2:bk4440.tym      5FAWLEB7
25:t2:bk2604.tym      2MUYMOB1
25:t2:bk2460.tym      2WAXJID5
25:t2:bk4546.tym      2YOYVUL0
25:t2:bk3727.tym      1ZAMWID5
25:t2:nd4631.tym      6TUXJIM9
25:t2:nd3146.tym      2FEQSEC1
25:t2:bk4206.tym      1DAJYUS1
25:t2:nd3335.tym      4SOCCAM8
25:t2:bk3531.tym      1XIMFEL7
25:t2:bk2773.tym      7YUSRIS4
25:t2:bk4125.tym      0YAHDIB6
25:t2:nd4217.tym      6QUFVIW2
25:t2:bk3252.tym      6ZIWVAP6
25:t2:bk3673.tym      7ROGTAV9
25:t2:bk4611.tym      3KAQHEK8
25:t2:bk4744.tym      2LOBHEF9
25:t2:bk3315.tym      2KAPYER4
25:t2:bk3503.tym      5HEKFIJ8
25:t2:nd3271.tym      2HAPFUK7
25:t2:bk3267.tym      7DAFDAK2
25:t2:jv3172.tym      3GIWJEW8
25:t2:bk2351.tym      9PIPKIJ8
25:t2:nd3030.tym      5DAZHAD2
25:t2:bk4331.tym      1WOWHAH1
25:t2:bk2126.tym      4DUMTEQ1
25:t2:bk3512.tym      5WAGQIY0
25:t2:bk3663.tym      1WAMFUJ3
25:t2:bk3100.tym      2NUMRAK8
25:t2:bk4716.tym      9ZOGFUV0
25:t2:bk2432.tym      9SAJDOH1
25:t2:bk2727.tym      1WAJREF0
25:t2:bk4214.tym      7NOVBID3
25:t2:bk4455.tym      6QEVQUH4
25:t2:bk4322.tym      6JOHLIR4
25:t2:bk3447.tym      6FEYYIN3
25:t2:bk3260.tym      1MULCEB5
25:t2:bk4626.tym      5YURYED3
25:t2:bk3276.tym      7LITTEN2
25:t2:bk2342.tym      0KUXNUV9
25:t2:bk3765.tym      6PECRUM8
25:t2:nd4165.tym      2KAZHES9
25:t2:bk4120.tym      5REJXUL3
25:t2:bk4424.tym      9LERVUJ1
25:t2:bk4523.tym      8CEDXIJ6
25:t2:nd4336.tym      9KIXCEQ9
25:t2:bk2642.tym      8KIXZUN9
25:t2:nd3553.tym      4TAZXES4
25:t2:nd2257.tym      9XOXRUP2
25:t2:bk2050.tym      8GEWWOD8
25:t2:nd3463.tym      7NOQROJ3
25:t2:bk3477.tym      7RUDZAT3
25:t2:bk4622.tym      9TAYXEB4
25:t2:bk4415.tym      7PEPYOB0
25:t2:bk3434.tym      3PEPCOP5
25:t2:bk4676.tym      9KEKKOL0
25:t2:nd3701.tym      0ZOQVEL3
25:t2:bk4651.tym      0NAWKEQ9
25:t2:bk3222.tym      3PULNIX6
25:t2:bk2430.tym      1MOTWAV4
25:t2:bk3346.tym      6LEXTIC0
25:t2:bk4230.tym      7KAHGIF5
25:t2:bk2257.tym      9HIWBIW7
25:t2:nd3332.tym      1BETNAQ1
25:t2:nd3465.tym      1BAFMUC1
25:t2:nd4412.tym      0TITCEC1
25:t2:bk4075.tym      5XIPCEM3
25:t2:bk4741.tym      9LAQNEC7
25:t2:bk2374.tym      9WIKNIW8
25:t2:bk3535.tym      6POWFES4
25:t2:nw3210.tym      3CIGDOM9
25:t2:bk3661.tym      6JIYDOQ0
25:t2:bk4333.tym      4RIGKUZ3
25:t2:xx2362.tym      8XERLER6
25:t2:bk2515.tym      2PERGIM4
25:t2:bk3674.tym      9BIGSEP5
25:t2:bk3226.tym      6JIPWUV6
25:t2:bk4646.tym      4CELPIM1
25:t2:bk4270.tym      0KEJTIY0
25:t2:nd4022.tym      8ZADMUX4
25:t2:bk3505.tym      9ZUMZEB5
25:t2:bk3656.tym      9LAMMOY0
25:t2:bk3622.tym      1YABFOF2
25:t2:nw4076.tym      3NOMHUD6
25:t2:bk3406.tym      2KAMNEQ0
25:t2:nd3417.tym      5VUVHUB2
25:t2:bk3514.tym      5PIRWUS5
25:t2:bk4254.tym      8KUHWUF4
25:t2:xx3014.tym      9TINRIG9
25:t2:bk2715.tym      1QIFTID2
25:t2:bk3570.tym      6YAMZUB0
25:t2:bk3714.tym      4ZOJTAJ7
25:t2:bk4452.tym      8DOKTAJ8
25:t2:bk4713.tym      9ZOLXAB5
25:t2:bk3561.tym      8RORCAD7
25:t2:nd4555.tym      8MANPAX5
25:t2:bk4042.tym      1RAFYEZ2
25:t2:bk3313.tym      0VARSOP4
25:t2:bk3421.tym      2WUMCON9
25:t2:nd4503.tym      5WIXHIL6
25:t2:nd4735.tym      2RENPIB1
25:t2:bk4006.tym      3QUYCUB1
25:t2:bk3725.tym      9TAWDAH6
25:t2:nd3333.tym      9CAPKAS6
25:t2:bk4222.tym      9YUWKOP7
25:t2:bk4373.tym      8DUFRIF4
25:t2:bk4114.tym      9WAQDIJ8
25:t2:nw4145.tym      6BOTXAN9
25:t2:bk3124.tym      2QUQYAG9
25:t2:bk4631.tym      8YOLYIY1
25:t2:bk3146.tym      3KOQJEN8
25:t2:pm7131.tym      1XABKIN3
25:t2:bk4064.tym      1POCGEW2
25:t2:bk3515.tym      6YEMFAC7
25:t2:bk4451.tym      7MOTSAS7
25:t2:bk2732.tym      9YULSAV6
25:t2:bk4755.tym      3CUJHUK0
25:t2:bk4361.tym      2HOFMUL3
25:t2:bk3470.tym      9YODMOW0
25:t2:bk4505.tym      5KIWMOF6
25:t2:bk4532.tym      0JINPUG2
25:t2:bk3220.tym      2VEZREC8
25:t2:bk4604.tym      3CAKTEZ5
25:t2:bk4235.tym      8VOVMAK3
25:t2:bk2723.tym      0VAJMIT0
25:t2:nw3233.tym      8ROSZOJ4
25:t2:bk3344.tym      6NEBCOQ4
25:t2:bk3270.tym      8VETWAW8
25:t2:bk2674.tym      8LOCXED4
25:t2:bk3234.tym      5YENZAR5
25:t2:bk4107.tym      1GUDLOT2
25:t2:bk4465.tym      5GUGWAH0
25:t2:bk3754.tym      2BEJYAW1
25:t2:nw4075.tym      5NABXUD1
25:t2:bk4645.tym      0BAVCIQ6
25:t2:bk2755.tym      5GIFBER4
25:t2:bk3351.tym      5NIVQOG5
25:t2:bk4753.tym      9DUVKUK7
25:t2:bk4001.tym      3REKMON0
25:t2:me4407.tym      6DEZGIQ2
25:t2:bk3316.tym      5VEHFOH8
25:t2:cr4701.tym      6YEBBIM1
25:t2:bk3201.tym      5DOWRIS0
25:t2:pi3255.tym      1VESYOH6
25:t2:nw2035.tym      2SUKTON3
25:t2:bk3361.tym      2YURWUR6
25:t2:bk4511.tym      3TIQMUD1
25:t2:bk3753.tym      7WOJQAY1
25:t2:bk4304.tym      3VOVNAD0
25:t2:nd3604.tym      7VAQMUP9
25:t2:bk4070.tym      4SUBXAJ2
25:t2:bk3762.tym      4XEXYAL4
25:t2:bk4420.tym      1SURCIQ5
25:t2:bk4265.tym      7VAQGEC9
25:t2:bk2161.tym      4RIRJIS0
25:t2:bk2026.tym      7DEYLUD8
25:t2:bk4060.tym      7ZURMAZ1
25:t2:bk2710.tym      7LOKZEH5
25:t2:bk3603.tym      8HELLOW3


25:nl:nd2424.t01      3JOGMUJ5
25:nl:nd2424.c01      4TUXVOW3
25:nl:nd2424.c02      9NORTOJ6
25:nl:nd2424.t02      1QASVIL0
25:nl:nd2424.n02      0KEBGIT9
25:nl:nd2424.n01      8DUBSOC7
25:nl:nd2105.c02      2HOJQIB6
25:nl:nd2105.t02      2LIHMOL4
25:nl:nd2105.n02      8XOTSEF8
25:nl:nd2132.c01      6LOQYOH1
25:nl:nd2132.n01      7JIQHAT6
25:nl:nd2132.t01      0VOSQAD2
25:nl:nd2125.c05      0LEXFOM0
25:nl:nd2125.n05      1ZESQAG9
25:nl:nd2142.t02      7BUNMIQ8
25:nl:nd2142.c02      5BUYFEK1
25:nl:nd2142.n02      5LILGUY4
25:nl:nd2244.c02      6SICDUP7
25:nl:nd2244.n02      6DERMOG3
25:nl:nd2261.t01      3FUWRUG7
25:nl:nd2406.c03      9QUZFED6
25:nl:nd2406.t03      4BABXOV2
25:nl:nd2554.t01      6NESRUY9

25:to:bk2424.tym      1PAJNAF8
25:to:bk2424.bnd      8MOZCAS5
25:to:nd2424.bnd      4LUVDOZ1
25:to:nd2424.n01      4HAXTIK0
25:to:nd2424.t01      6SATKUK8
25:to:nd2424.c01      7ZAXSIQ4
25:to:nd2424.tym      5WOGPIP1
25:to:nd2424.n02      3DAZYEX2
25:to:nd2424.t02      3JUYMAP6
25:to:nd2424.c02      5ZEHXIK7
25:to:nd2424.c00      3VOXPUZ9
25:to:nd2424.cmd      1ZIPVUW5
25:to:nd2424.gn1      0XAWVAN0
25:to:nd2424.gn2      2MAXLOV9
25:to:nd2424.nn1      1FUJTAH5
25:to:nd2105.bnd      3CEYBAC6
25:to:nd2105.n02      0FENBOM7
25:to:nd2105.t02      7QITQUC6
25:to:nd2105.c00      0JIKMAX5
25:to:nd2105.cmd      0REKBOX5
25:to:nd2105.tym      3KANFAF6
25:to:nd2105.d10      0VAVVAV0
25:to:nd2105.c02      2GOTLUV5
25:to:bk2105.bnd      1LOZNAL2
25:to:bk2105.tym      7SIVPAV4
25:to:nd2105.lg1      7DIKBEL3
25:to:nd2105.gn2      1KAPTOL0
25:to:nd2132.bnd      2PUPKAF2
25:to:nd2132.c00      0HUVSOY4
25:to:nd2132.cmd      5TEDJAV7
25:to:nd2132.tym      0RETYUG8
25:to:nd2132.n01      3QAZDUW6
25:to:nd2132.t01      3SITWEW0
25:to:nd2132.c01      6LOQYOH1
25:to:bk2132.bnd      4QAQQAV1
25:to:bk2132.tym      7JALJEM6
25:to:nd2132.gen      4WIPRIZ5
25:to:bk2125.bnd      9JAMCIK3
25:to:bk2125.tym      3VUTRIT9
25:to:nd2125.bnd      0BAFKAS2
25:to:nd2125.n01      5WAHQIW4
25:to:nd2125.c01      5GUQTOL7
25:to:nd2125.t01      3JOCXIR0
25:to:nd2125.n02      1LEDRIS3
25:to:nd2125.t02      4XITQAY5
25:to:nd2125.c02      2VECXOH8
25:to:nd2125.c00      9ZISPUT0
25:to:nd2125.cmd      2BALBUK7
25:to:nd2125.tym      7FOSBAF4
25:to:nd2125.c05      6PEDJOR8
25:to:nd2125.n05      0GAXZOG8
25:to:nd2125.t05      4LOSYAS0
25:to:nd2142.bnd      7HUNQEQ5
25:to:nd2142.n01      5QUPCUP5
25:to:nd2142.t01      9SARBIG1
25:to:nd2142.c01      5VUMRUN1
25:to:nd2142.c04      5NOPHAZ0
25:to:nd2142.c02      2SOHPUS5
25:to:nd2142.n02      9LUCQEP5
25:to:nd2142.t02      0SASRAS5
25:to:nd2142.c00      5WIXCIZ7
25:to:nd2142.cmd      8MOGPEQ2
25:to:nd2142.tym      1LIXWIM2
25:to:nd2142.n03      7KEBHEH8
25:to:nd2142.c03      9CAZCOP8
25:to:nd2142.t03      7WOZPUS0
25:to:nd2142.n04      9KIPHEM5
25:to:nd2142.t04      8NEVVIB7
25:to:bk2142.bnd      8QINREN4
25:to:bk2142.tym      1DITDOZ7
25:to:nd2244.tym      0RUPDIT0
25:to:nd2244.bnd      1MEXDIT7
25:to:nd2244.c00      9HAWLAX6
25:to:nd2244.cmd      9LASQUY6
25:to:nd2244.n01      9LILHID0
25:to:nd2244.t01      1SUYDAY2
25:to:nd2244.c01      2XESREZ6
25:to:nd2244.n02      9NICDOR5
25:to:bk2244.bnd      8PUMPAR8
25:to:bk2244.tym      1TIRPEN9
25:to:nd2244.t02      2PETFUX4
25:to:nd2244.c02      9PEDZIV4
25:to:nd2261.c00      5ZUTVEJ2
25:to:nd2261.cmd      6RILLAY4
25:to:nd2261.bnd      6KOZSER5
25:to:nd2261.n01      1JIDQAV3
25:to:nd2261.t01      1TAMZEG5
25:to:nd2261.c01      5XIDPIG5
25:to:nd2261.tym      1HUSWEM6
25:to:nd2261.d22      8SOQTOG6
25:to:nw2261.bnd      7BUKNAL9
25:to:nw2261.tym      9BUBJIS4
25:to:bk2261.bnd      8KODFAR8
25:to:bk2261.tym      1WUGNAM7
25:to:bk2406.bnd      3YUKQAH9
25:to:bk2406.tym      2KAVLEZ5
25:to:nd2406.bnd      6ZOGPIW1
25:to:nd2406.c00      0DUJKUZ1
25:to:nd2406.cmd      3KOYGUN7
25:to:nd2406.n01      2FOXKUL5
25:to:nd2406.t01      3VIDTOL6
25:to:nd2406.c01      8VOQPEB2
25:to:nd2406.tym      9ZIFGIK4
25:to:nd2406.n02      4ZUNHEG3
25:to:nd2406.c02      5XESQIQ4
25:to:nd2406.t02      4KOFLAB5
25:to:nd2406.t04      4GUQWOP8
25:to:nd2406.n04      3JIYGOZ9
25:to:nd2406.c04      9MUKXUP2
25:to:nd2406.n03      0FIRBIY5
25:to:nd2406.c03      8XUSDAZ3
25:to:nd2406.t03      7KIKRAM0
25:to:nd2554.bnd      2NEHFAF3
25:to:nd2554.n02      3RINBAG8
25:to:nd2554.t02      6HOWGOY7
25:to:nd2554.c02      3YUQBUT4
25:to:nd2554.t01      9FOHTOW8
25:to:nd2554.c00      6ZEWMED2
25:to:nd2554.cmd      6NOFCIW4
25:to:nd2554.tym      9WOCRIB7
25:to:nd2554.n01      3LAGHUR2
25:to:nd2554.c01      9WEZRUC0
   Mm*lu