
25:t*:bk2010.tym      8RADGUH9
25:t*:nw2014.tym      8FEVQOM9
25:t*:bk2017.tym      0BUVNUW2
25:t*:nw2023.tym      4COWXOQ9
25:t*:nd2046.tym      8KOWYEH6
25:t*:bk2053.tym      7JORHIP3
25:t*:nd2055.tym      0HUFQOY3
25:t*:bk2062.tym      8PEVZUX7
25:t*:nd2073.tym      9YASSUH8
25:t*:nw2113.tym      8LEWFIM2
25:t*:nd2120.tym      5VUXKOH3
25:t*:bk2125.tym      3VUTRIT9
25:t*:nd2127.tym      4HENSUQ1
25:t*:bk2143.tym      5QADYOL2
25:t*:nd2145.tym      9WIYHUM5
25:t*:bk2152.tym      0WOMSEN7
25:t*:nd2172.tym      3GAKXUN3
25:t*:nd2201.tym      9SIDNOX1
25:t*:bk2206.tym      0FUHHIY5
25:t*:nd2210.tym      8BIZVIM7
25:t*:bk2224.tym      8TAMKUM8
25:t*:nd2226.tym      0LOQPEC7
25:t*:nw2230.tym      5PAWTIX2
25:t*:nd2244.tym      0RUPDIT0
25:t*:bk2011.tym      6RAHROZ5
25:t*:nd2013.tym      9GOKCAK3
25:t*:bk2027.tym      1GISDAV2
25:t*:nd2031.tym      9PUSPAD2
25:t*:bk2036.tym      1CUVQUC2
25:t*:bk2045.tym      7ZASFES8
25:t*:nd2047.tym      3RIXLON1
25:t*:bk2054.tym      9HEBSAJ0
25:t*:nd2056.tym      8DUYPIC1
25:t*:bk2063.tym      5PUSQOJ9
25:t*:nd2065.tym      5BIRJEN9
25:t*:bk2072.tym      9CEVRIY2
25:t*:nd2074.tym      6BOZLIT8
25:t*:bk2101.tym      6XEXZAR8
25:t*:bk2144.tym      6PEBHOM5
25:t*:nd2146.tym      2JITNUX3
25:t*:bk2162.tym      2CUCCAP3
25:t*:nd2164.tym      9JULHER7
25:t*:nd2173.tym      6HATKEZ0
25:t*:nw2175.tym      0SUBDAC0
25:t*:bk2207.tym      6SOWKUT0
25:t*:nd2211.tym      4HEZTEH9
25:t*:nd2014.tym      0CAJQAP2
25:t*:nd2023.tym      6RITTOZ4
25:t*:nd2032.tym      2DOPFEC9
25:t*:tr2033.tym      5XIWPIT5
25:t*:nd2041.tym      0YIQDUD8
25:t*:bk2046.tym      6GIFDIQ2
25:t*:bk2055.tym      1RITQOW3
25:t*:nd2066.tym      7CUQWEM3
25:t*:pi2066.tym      6BAQJOY4
25:t*:bk2073.tym      4MEQWOG1
25:t*:nd2104.tym      6JEXTOR2
25:t*:nd2113.tym      1KAQQUH5
25:t*:bk2120.tym      7KEZKES9
25:t*:bk2127.tym      9NUZBAK0
25:t*:nd2131.tym      0ZOYCIF9
25:t*:nd2140.tym      3XUWTIJ5
25:t*:bk2145.tym      0LUYTIB9
25:t*:nd2156.tym      6GABDOK3
25:t*:nd2174.tym      0SIYQEG2
25:t*:bk2201.tym      3BAJVUN9
25:t*:bk2013.tym      3XECFOF4
25:t*:nd2015.tym      7SOYYED8
25:t*:bk2031.tym      9FUYYOH1
25:t*:nd2033.tym      0CIGGIM6
25:t*:nd2042.tym      0QAJVEY0
25:t*:kl2044.tym      1WIHBIQ6
25:t*:bk2047.tym      6ZEXKAQ5
25:t*:nd2051.tym      6FIZTAV5
25:t*:bk2056.tym      3ZABQIJ9
25:t*:bk2065.tym      4PAYTOS0
25:t*:nd2067.tym      7CUQHUD2
25:t*:bk2074.tym      3KUVXUJ4
25:t*:nd2076.tym      7TADQIX7
25:t*:nd2105.tym      3KANFAF6
25:t*:nd2132.tym      0RETYUG8
25:t*:bk2146.tym      5JEVJUZ4
25:t*:nd2157.tym      0BAWNAV4
25:t*:bk2164.tym      9MELJIB4
25:t*:bk2173.tym      3POLLIB6
25:t*:nd2175.tym      0GAZNOK9
25:t*:bk2211.tym      1ZEYVUZ5
25:t*:nd2213.tym      5QUFNAS3
25:t*:bk2220.tym      7JAJRER9
25:t*:nd2222.tym      4ROHNOF8
25:t*:bk2014.tym      9LOVTAC6
25:t*:bk2023.tym      5FURFOP9
25:t*:bk2032.tym      3TOMCEX6
25:t*:bk2041.tym      8QEYCUS0
25:t*:nd2052.tym      7DOPDOV7
25:t*:bk2066.tym      2YIDDEH3
25:t*:nd2070.tym      4GONPUQ0
25:t*:nw2101.tym      0VEXLAL7
25:t*:bk2104.tym      5DEMJED2
25:t*:nd2106.tym      0MINWAC2
25:t*:bk2113.tym      7CIPCOJ0
25:t*:bk2131.tym      6NAYNAX3
25:t*:bk2140.tym      5HORNAF7
25:t*:nd2142.tym      1LIXWIM2
25:t*:bk2156.tym      0CEZNOS0
25:t*:jj2156.tym      1CUNFUZ5
25:t*:nd2160.tym      8FENQUB2
25:t*:nd2167.tym      6JENXAT7
25:t*:nd2010.tym      9YUCPEK5
25:t*:bk2015.tym      1VEXJEN3
25:t*:nd2017.tym      4YAMVIV9
25:t*:bk2042.tym      7MEBFOX2
25:t*:nd2044.tym      0TUXYAM0
25:t*:bk2051.tym      7FASHIY2
25:t*:nd2053.tym      5YUJDAK3
25:t*:nd2062.tym      7YENBIX2
25:t*:bk2067.tym      2CUZBIJ6
25:t*:bk2105.tym      7SIVPAV4
25:t*:nd2125.tym      7FOSBAF4
25:t*:bk2132.tym      7JALJEM6
25:t*:nd2143.tym      2ZIDBEF7
25:t*:nd2152.tym      3POQKAD5
25:t*:bk2157.tym      3BACRIP1
25:t*:bk2175.tym      6METZIZ1
25:t*:nd2206.tym      3LUBCOL9
25:t*:bk2213.tym      5JOGSIC0
25:t*:bk2222.tym      4NOYGUQ7
25:t*:nd2224.tym      8RIQWIQ9
25:t*:bk2247.tym      0LOGXIZ5
25:t*:nd2011.tym      8CIMLEZ1
25:t*:nd2027.tym      6ZAFMUF6
25:t*:nd2036.tym      4XIRDUH7
25:t*:nd2045.tym      4RANLES8
25:t*:bk2052.tym      1KAWWOS6
25:t*:nd2054.tym      6FALBUQ2
25:t*:nd2063.tym      6TUHSUD7
25:t*:bk2070.tym      9CEJDOS5
25:t*:nd2072.tym      2VISDEZ3
25:t*:nd2101.tym      5KIQMET3
25:t*:bk2142.tym      1DITDOZ7
25:t*:nd2144.tym      6YETJEQ2
25:t*:bk2160.tym      6SINFON7
25:t*:nd2162.tym      0MULWIS1
25:t*:bk2167.tym      8YACMIX0
25:t*:bk2205.tym      6ZUXXIV2
25:t*:nd2207.tym      1GORYOB6
25:t*:bk2223.tym      3PUGWUX2
25:t*:pm2237.tym      0NEQLIX2
25:t*:nd2261.tym      1HUSWEM6
25:t*:bk2266.tym      7LAYVOJ3
25:t*:nd2270.tym      8FOBBON3
25:t*:bk2304.tym      7WEBPEF6
25:t*:nd2306.tym      8DEVHIK6
25:t*:bk2313.tym      7XOBDUM9
25:t*:nd2315.tym      3DIZXAW8
25:t*:bk2356.tym      1DOMDAR5
25:t*:nd2360.tym      2BUDXIH2
25:t*:bk2403.tym      8RUZSUB4
25:t*:bk2412.tym      9PIGJAS8
25:t*:nd2457.tym      5VEPMAZ0
25:t*:nd2466.tym      2XIZBOL7
25:t*:bk2473.tym      8BOCDAH2
25:t*:bk2511.tym      5WIJVIT5
25:t*:nd2205.tym      1QOWPUW2
25:t*:bk2212.tym      7YUZMUN8
25:t*:bk2221.tym      9YAYLOH6
25:t*:nd2223.tym      9DUGYOV8
25:t*:bk2230.tym      7RACYAR5
25:t*:bk2255.tym      2ZIMFAT1
25:t*:nw2261.tym      9BUBJIS4
25:t*:bk2264.tym      8SEXWIJ6
25:t*:nd2266.tym      7KULFOR9
25:t*:nd2275.tym      8BAKKUD6
25:t*:nd2304.tym      9XADJEC7
25:t*:nd2313.tym      2XUHCUZ4
25:t*:bk2345.tym      9SEWZEB5
25:t*:bk2354.tym      1NETGER8
25:t*:nd2356.tym      1NATBUT0
25:t*:bk2363.tym      2LAHCAW3
25:t*:nd2365.tym      5SEHFAH9
25:t*:bk2401.tym      9QEHVOK0
25:t*:nd2403.tym      2WERVUV4
25:t*:nd2412.tym      5WOHVEH6
25:t*:bk2462.tym      4POFZIF9
25:t*:nd2473.tym      0TITGUC8
25:t*:bk2507.tym      2QAZNEM1
25:t*:bk2210.tym      8HOVPOD3
25:t*:nd2212.tym      8YOHXIJ3
25:t*:nd2221.tym      8BUKWIB9
25:t*:bk2226.tym      3BIQHUP1
25:t*:nd2230.tym      8FIFVOB6
25:t*:nd2237.tym      2PACCUQ0
25:t*:bk2244.tym      1TIRPEN9
25:t*:bk2253.tym      7YIMVOF5
25:t*:nd2255.tym      5DIWTAD9
25:t*:nd2264.tym      8ZEQRER1
25:t*:bk2300.tym      8CAXLOH3
25:t*:bk2325.tym      4NEMXAZ5
25:t*:nd2345.tym      4XEPNER7
25:t*:nd2354.tym      9PAGZAQ3
25:t*:nd2363.tym      3MUZBUW3
25:t*:bk2370.tym      6SINZOC0
25:t*:bk2377.tym      5FEWFOG0
25:t*:nd2401.tym      9NAVVUW3
25:t*:bk2406.tym      2KAVLEZ5
25:t*:bk2415.tym      4FOGWUB0
25:t*:bk2424.tym      1PAJNAF8
25:t*:bk2433.tym      2SOLNEL9
25:t*:bk2442.tym      6VUGCET3
25:t*:nd2220.tym      3QOXWUB7
25:t*:nd2245.tym      8WIMYEW6
25:t*:nd2254.tym      7LAVHIJ7
25:t*:bk2261.tym      1WUGNAM7
25:t*:nd2272.tym      5FEVPUJ0
25:t*:nd2301.tym      0GEGJIT9
25:t*:bk2315.tym      0DUGVAL7
25:t*:nd2326.tym      2NEDRUK4
25:t*:nd2335.tym      3TAFQER4
25:t*:nd2353.tym      0FISXAD0
25:t*:bk2360.tym      2BUDXIH2
25:t*:nd2371.tym      0VALNEP0
25:t*:nd2400.tym      4LUDTIB7
25:t*:nd2425.tym      8YAGKUC9
25:t*:bk2251.tym      1GOFSUW3
25:t*:nd2253.tym      7YIMVOF5
25:t*:bk2260.tym      5YUSWAC8
25:t*:bk2276.tym      7MAFNAW5
25:t*:nd2300.tym      4WARPEQ8
25:t*:nd2325.tym      9CAYYEC8
25:t*:bk2350.tym      6YETSUJ8
25:t*:nd2370.tym      8PIHKUM2
25:t*:nd2377.tym      8QAWDAT1
25:t*:kl2401.tym      1TANZER5
25:t*:bk2404.tym      8HEMMEB5
25:t*:nd2406.tym      9ZIFGIK4
25:t*:nd2415.tym      3BAQREN5
25:t*:bk2422.tym      4VIJPOX0
25:t*:nd2424.tym      5WOGPIP1
25:t*:nd2433.tym      2FEHLOL2
25:t*:nd2442.tym      5XIRSEC9
25:t*:nd2451.tym      9GERFUY1
25:t*:bk2245.tym      4WATSED1
25:t*:nd2247.tym      9TUBTER3
25:t*:bk2254.tym      9DURHAB5
25:t*:bk2272.tym      4ZOKBAX2
25:t*:nd2274.tym      7COSYAS0
25:t*:lh2301.tym      4YOMYUJ2
25:t*:nd2303.tym      0DINYAT8
25:t*:nd2321.tym      8VOWBIJ6
25:t*:bk2326.tym      3SEHRIT5
25:t*:bk2335.tym      0JICHIZ2
25:t*:bk2353.tym      9RUVJEL2
25:t*:nd2364.tym      7BIMTIP5
25:t*:bk2371.tym      8HIPDAV9
25:t*:bk2400.tym      4LUDTIB7
25:t*:bk2425.tym      6VEDXIX7
25:t*:nd2436.tym      6SOXYIG0
25:t*:bk2443.tym      8JIFWEC3
25:t*:nd2445.tym      5TAXKEZ1
25:t*:nd2510.tym      5FUSCEY5
25:t*:bk2524.tym      5DAPFIX7
25:t*:bk2533.tym      0BENVAR2
25:t*:nd2535.tym      2YAKZET8
25:t*:bk2542.tym      8BAQLAJ5
25:t*:nd2571.tym      7KANSOQ8
25:t*:nd2600.tym      5DUMNAC9
25:t*:nd2251.tym      2VUSPEN8
25:t*:nw2253.tym      7YIMVOF5
25:t*:nd2260.tym      6TUWFEJ7
25:t*:bk2274.tym      1LOHSER5
25:t*:nd2276.tym      3VERJUM1
25:t*:bk2303.tym      6KUWYUH5
25:t*:nd2350.tym      8QONXIG6
25:t*:so2364.tym      1ZAZREV3
25:t*:nd2404.tym      7TAHPET0
25:t*:nd2422.tym      2ZAQGIC5
25:t*:bk2436.tym      3PUCSIZ5
25:t*:bk2445.tym      3RILGIB0
25:t*:nd2474.tym      5GETCUF8
25:t*:bk2510.tym      5QONYIK0
25:t*:bk2535.tym      6TOLKUQ6
25:t*:bk2571.tym      4MECSIN7
25:t*:nd2573.tym      1QIHLOV6
25:t*:bk2600.tym      7HOKSUT2
25:t*:bk2607.tym      9CIDHEG8
25:t*:nd2627.tym      2XINRUD7
25:t*:bk2634.tym      8VEZCIL2
25:t*:nd2636.tym      2NAKJOP9
25:t*:nd2443.tym      6GASJAJ2
25:t*:xx2457.tym      8QECVUK0
25:t*:bk2466.tym      1YOXYAP5
25:t*:nd2470.tym      9GETLET2
25:t*:nd2524.tym      1NEVZIQ8
25:t*:nd2533.tym      4DARBON7
25:t*:nd2542.tym      3GUCWOV1
25:t*:bk2547.tym      9LOKMAB6
25:t*:nd2605.tym      4BIMNEV8
25:t*:bk2621.tym      4SAXNUL2
25:t*:nd2623.tym      4ZUHLOG8
25:t*:nd2632.tym      7CIPCOF9
25:t*:bk2646.tym      9QOXXOF9
25:t*:nd2650.tym      5FOCRAY1
25:t*:nw3131.tym      6JEQWOR0
25:t*:bk3134.tym      9VUWPUC0
25:t*:nd3300.tym      1NIHQAS7
25:t*:bk2451.tym      7YIDVIF7
25:t*:nd2462.tym      5ROKNEB7
25:t*:bk2476.tym      5SAJCON8
25:t*:nd2507.tym      8LAGQIS2
25:t*:bk2514.tym      3ZUTFOS5
25:t*:bk2532.tym      6KOCSAJ8
25:t*:bk2541.tym      5DELSER2
25:t*:nd2543.tym      2BEHCOW8
25:t*:nd2552.tym      0GENHUZ4
25:t*:nd2577.tym      7XASNOP1
25:t*:nd2606.tym      7ZUVVOH2
25:t*:bk2622.tym      3YILWUR0
25:t*:nd2624.tym      1RABTAL3
25:t*:nd2633.tym      5CABHIM9
25:t*:nd2651.tym      6KASHAZ1
25:t*:bk2656.tym      8NOCYEG0
25:t*:bk2665.tym      9XUFYOC5
25:t*:nd2757.tym      2KURMAD1
25:t*:bk3002.tym      7NUJBEY3
25:t*:nd3031.tym      4NAKKOP2
25:t*:bk3054.tym      9LEZJAY1
25:t*:bk2474.tym      8KEMZUD3
25:t*:nd2476.tym      5HITGID1
25:t*:nd2514.tym      0RERRUW6
25:t*:nd2532.tym      1SAVZUS4
25:t*:nd2541.tym      6WUJTES3
25:t*:bk2573.tym      1FURVOK3
25:t*:nd2622.tym      8PIVMUN1
25:t*:bk2627.tym      7JUTSER6
25:t*:bk2636.tym      2NUMVUC8
25:t*:bk2654.tym      8LELLUX3
25:t*:nd2656.tym      9TEVNIX9
25:t*:nd2665.tym      4XIDNOP4
25:t*:nd2730.tym      6FOQJUC7
25:t*:nd3002.tym      4MEZMOQ9
25:t*:nd3054.tym      9LEZJAY1
25:t*:nd3243.tym      9FITKUN7
25:t*:bk4733.tym      8LOZLAS5
25:t*:nd2613.tym      5XAPQOV8
25:t*:nd2737.tym      3XEHHEJ1
25:t*:bk2744.tym      3XOQPIV0
25:t*:nd3547.tym      3LISVUH3
25:t*:nd2511.tym      5QALWIG5
25:t*:nd2536.tym      8MOLSUZ0
25:t*:bk2543.tym      4WIRREY0
25:t*:bk2552.tym      5MIHFEQ3
25:t*:nd2554.tym      9WOCRIB7
25:t*:nd2572.tym      4RENMER1
25:t*:bk2606.tym      1ROMWIK4
25:t*:bk2624.tym      0TAJXIR4
25:t*:bk2633.tym      7RULPEK7
25:t*:nd2635.tym      7GUVKEF0
25:t*:bk2651.tym      8GOSCOZ4
25:t*:nd2653.tym      9CUGZEM2
25:t*:bk2757.tym      2KURMAD1
25:t*:bk3031.tym      3LUPCEY3
25:t*:nd3076.tym      7ZAQJEZ9
25:t*:bk3121.tym      9GAXPAY1
25:t*:nw3134.tym      4VUNXEB6
25:t*:nd3706.tym      2LUXVUB3
25:t*:bk4102.tym      7TEMNAL2
25:t*:nd4732.tym      4FIWLEP1
25:t*:nd4757.tym      2MELYEY9
25:t*:bk2246.tym      2YILMOH6
25:t*:nw2531.tym      6KEPWAV2
25:t*:lr3035.tym      7YEDRIZ2
25:t*:bk3112.tym      9RIKPIZ3
25:t*:nd3114.tym      1VIWBIZ5
25:t*:nd2547.tym      9NESGUM9
25:t*:bk2572.tym      8WELHEV4
25:t*:nd2574.tym      0HOPHAS1
25:t*:nd2621.tym      0JEQZAC5
25:t*:nd2646.tym      9QOXXOF9
25:t*:me2646.tym      7NEDJAS8
25:t*:bk2653.tym      5SUNMEW8
25:t*:bk3076.tym      3JOZWOJ6
25:t*:me3134.tym      7QULVID1
25:t*:nd3134.tym      2JOMWIC6
25:t*:nd3404.tym      1QUPROC0
25:t*:bk3706.tym      9FIBGEY0
25:t*:xx3706.tym      6SEVXIZ9
25:t*:nw3755.tym      6LIZDEL4
25:t*:nd4061.tym      2ZIDHAN6
25:t*:nw4360.tym      0DONRAR7
25:t*:bk4732.tym      1DUWBEY8
25:t*:nd4734.tym      3FIKGIH9
25:t*:bk4757.tym      5SUYROV8
25:t*:nd2450.tym      2HICCEY2
25:t*:nd2531.tym      1YIVBEC9
25:t*:nd2720.tym      9DOJZES9
25:t*:bk2605.tym      9MODCAX0
25:t*:nd2607.tym      1GOJWAR8
25:t*:bk2623.tym      3KUBWOJ0
25:t*:so2623.tym      4WOXJOF1
25:t*:nw2627.tym      3VOZDAQ0
25:t*:bk2632.tym      3HOYWEN2
25:t*:nd2634.tym      3POYYET3
25:t*:bk2650.tym      6RIQDEB7
25:t*:nd2661.tym      8TEMXID1
25:t*:me3131.tym      7GECRIB9
25:t*:nd3131.tym      6TUWWAN1
25:t*:bk3300.tym      2YUGXUQ6
25:t*:bk3755.tym      9BOWQUR4
25:t*:nw4175.tym      3ZECYUZ8
25:t*:so4360.tym      9COVVOZ8
25:t*:bk4745.tym      5TOFROQ0
25:t*:bk2263.tym      7ZUFTUL6
25:t*:nd2265.tym      5ZIKQIY5
25:t*:nd2346.tym      7ZIZRAG5
25:t*:bk2704.tym      0HATMEJ6
25:t*:nd2760.tym      4WUMHEZ3
25:t*:bk3127.tym      5VINTOF2
25:t*:bk3377.tym      7DOBZIT1
25:t*:nd3401.tym      0MIYJUT7
25:t*:nd3410.tym      3XAWLAN7
25:t*:nd2654.tym      0YOCWOH7
25:t*:bk2661.tym      6QICHUQ3
25:t*:nw2730.tym      0VIJHOG8
25:t*:bk3131.tym      0POLWAQ9
25:t*:nd4132.tym      1LOJNON1
25:t*:nd4175.tym      8RIBVAY6
25:t*:nd4733.tym      3SABFIF9
25:t*:bk2265.tym      0BOMZIW5
25:t*:bk2346.tym      4KUWRAQ4
25:t*:nd2357.tym      3SEKMUX1
25:t*:nd2465.tym      9GOVXEC1
25:t*:nd2537.tym      9VAQLOW1
25:t*:nw2737.tym      0SUDMIF6
25:t*:nd2744.tym      8DOMCUR0
25:t*:bk2760.tym      6JIHXAR5
25:t*:so3410.tym      7FOQGOS9
25:t*:bk3606.tym      8FECQAD9
25:t*:bk4004.tym      2CIGPUQ8
25:t*:bk4040.tym      4VAFBOY3
25:t*:bk4121.tym      0QAXHUX8
25:t*:bk4164.tym      3BIKDIC1
25:t*:nd4330.tym      5ZUKZOT4
25:t*:bk4542.tym      4BATRUS3
25:t*:nd3121.tym      0TEXXEW4
25:t*:bk3243.tym      3ROKTUR2
25:t*:nd4102.tym      3VIKRES2
25:t*:nd2246.tym      2KAGKOV0
25:t*:nd2311.tym      9TIJHOC4
25:t*:sw2531.tym      4HURLEQ4
25:t*:nd2570.tym      9PIPBOH3
25:t*:nd3112.tym      2DENQAT6
25:t*:bk3547.tym      7QONJUK3
25:t*:bk3720.tym      7VIJGOQ3
25:t*:nd3774.tym      1WOHWET6
25:t*:nd4325.tym      7GODZOH7
25:t*:bk4771.tym      0GUZGEV2
25:t*:bk3404.tym      8WOJBEY6
25:t*:nd3755.tym      6LIZDEL4
25:t*:bk4061.tym      4FEYVAN6
25:t*:ck4175.tym      7CIRXOP2
25:t*:nd4360.tym      5MACTAM2
25:t*:nd4745.tym      2VODXOM8
25:t*:nd2263.tym      5NIGSEV8
25:t*:nd2344.tym      8SEKNOP4
25:t*:nd2704.tym      3WOYRUH0
25:t*:bk2720.tym      5XUTDAG4
25:t*:bk3035.tym      5GUMJIW7
25:t*:nd3127.tym      9HUBPOR3
25:t*:nd3377.tym      5CULWAF8
25:t*:bk3521.tym      2YALNUF2
25:t*:lh3521.tym      7JIKZIF2
25:t*:nd3566.tym      8FANQED2
25:t*:nd3703.tym      3NIGROH8
25:t*:nd4020.tym      1ROQJOW8
25:t*:bk4025.tym      3POWGIR0
25:t*:nd4027.tym      9PAQPUS6
25:t*:nd4126.tym      9BIQDEZ7
25:t*:nd3035.tym      7KUYRAF6
25:t*:bk3114.tym      7NACRUN6
25:t*:bk3123.tym      5KEQKIT3
25:t*:nd3521.tym      3YIYBIQ0
25:t*:bk3652.tym      8ZELPON7
25:t*:nd3654.tym      6ZEZHIY1
25:t*:bk3677.tym      5SAJJAZ5
25:t*:nd4025.tym      7XOGDIJ6
25:t*:bk4372.tym      7ZAMLIS8
25:t*:nd4430.tym      9FAWLIY5
25:t*:nd4464.tym      0DILQAZ2
25:t*:nd3123.tym      5DIYMAR4
25:t*:nd3652.tym      7XIZNEN9
25:t*:nd3677.tym      5NEHMUN6
25:t*:bk3774.tym      8FIFYAD2
25:t*:bk4325.tym      2JIQFIZ1
25:t*:nd4372.tym      5XIZJOW3
25:t*:nd3637.tym      0SAYGUN0
25:t*:nd3720.tym      1ZUTJAJ3
25:t*:bk4330.tym      2GURQUK0
25:t*:nd4771.tym      8KANTEL1
25:t*:nd3606.tym      1XUCHOK8
25:t*:bk3703.tym      3LOQXOW1
25:t*:nd4004.tym      3RAPKUF4
25:t*:bk4020.tym      8XIXWOX2
25:t*:bk4027.tym      6JOCDUM3
25:t*:nd4040.tym      3GAFWAP8
25:t*:nd4121.tym      4SASVUP8
25:t*:nd4164.tym      2PUGSEK6
25:t*:bk4277.tym      1MULBIY1
25:t*:bk4351.tym      2KUQXAS0
25:t*:nd4542.tym      5RAQFIL9
25:t*:me4542.tym      0RAWRIP0
25:t*:nd4277.tym      8QEHYOC8
25:t*:nd4351.tym      0XOZVAB7
25:t*:bk4430.tym      5MOSYAH7
25:t*:bk4464.tym      7DUSWAR4
25:t*:nd2073.t01      3FUMWOH1
25:t*:nd2127.t01      5TUCQAS7
25:t*:nd2127.t02      9PADGIS2
25:t*:nd2145.t01      7BIBGOJ5
25:t*:nd2145.t02      5YOWCEM5
25:t*:nd2145.t03      1ZUXBUJ2
25:t*:nd2210.t01      5XURJAM4
25:t*:nd2210.t02      0HAQMOX8
25:t*:nd2226.t01      2YUNWUG0
25:t*:nd2244.t01      1SUYDAY2
25:t*:nd2065.t04      7ZISBIT7
25:t*:nd2065.t02      9ZADMUV6
25:t*:nd2065.t03      1LIKZOL0
25:t*:nd2065.t01      4BAVNAS9
25:t*:nd2074.t01      2FUHRIH2
25:t*:nd2074.t03      8HEKNUR6
25:t*:nd2074.t02      5WAFNAM4
25:t*:nd2146.t01      1WACLOL0
25:t*:nd2146.t03      5DEFLEJ2
25:t*:nd2164.t01      1WOSSAK6
25:t*:nd2173.t01      9GOMVOK0
25:t*:nd2211.t02      1RUWHOV1
25:t*:nd2211.t01      4TIYDEX0
25:t*:nd2041.t02      9SEZVEL9
25:t*:nd2041.t01      2QAKWUV3
25:t*:nd2066.t01      9VENPOW1
25:t*:nd2104.t02      9RANSER7
25:t*:nd2104.t01      4WEPNUM3
25:t*:nd2113.t01      3SECBOF5
25:t*:nd2131.t01      1MOCMAY4
25:t*:nd2131.t02      6BILZUV9
25:t*:nd2131.t04      4DUXWOM2
25:t*:nd2140.t01      3TEQYAZ3
25:t*:nd2174.t01      3VEKHIC4
25:t*:nd2033.t02      7BOSSAR2
25:t*:nd2033.t01      3VOYZUG0
25:t*:nd2105.t02      7QITQUC6
25:t*:nd2132.t01      3SITWEW0
25:t*:nd2157.t02      1LIWWEX8
25:t*:nd2157.t01      7YOVHUF4
25:t*:nd2175.t01      1GUXCAB4
25:t*:xx2220.t03      3PITNAM0
25:t*:nd2222.t01      8PIMVOS7
25:t*:nd2052.t01      8HIKCIT9
25:t*:nd2106.t02      8TIGDOQ3
25:t*:nd2106.t01      5LIWBOP3
25:t*:xx2131.t01      5XEYMEY7
25:t*:nd2142.t01      9SARBIG1
25:t*:nd2142.t02      0SASRAS5
25:t*:nd2142.t03      7WOZPUS0
25:t*:nd2142.t04      8NEVVIB7
25:t*:nd2160.t04      3BICTIT1
25:t*:pi2160.t04      2ZOSGUG7
25:t*:nd2160.t02      8TOPPIG9
25:t*:nd2160.t03      4TETWUL1
25:t*:nd2160.t01      0POLPOB2
25:t*:nd2167.t04      9BIJBEM5
25:t*:nd2167.t03      9KASXIY3
25:t*:nd2167.t01      6GOWXIQ9
25:t*:nd2167.t02      7PIJPIB6
:nd2044.t01      3BIGJOT1
25:t*:nd2125.t01      3JOCXIR0
25:t*:nd2125.t02      4XITQAY5
25:t*:nd2125.t05      4LOSYAS0
25:t*:nd2143.t01      9ZACNAQ5
25:t*:nd2143.t03      4BIZGAN8
25:t*:nd2143.t04      7BAZHAY7
25:t*:nd2206.t03      9NEMLAW9
25:t*:nd2206.t02      1VUCLUP9
25:t*:nd2224.t01      2MAZYAZ7
25:t*:nd2224.t02      6LIVDUS3
25:t*:nd2251.t01      7QEHBOP2
25:t*:nd2011.t01      4WUPNAB5
25:t*:nd2011.t02      5HANZUS4
25:t*:nd2011.t03      9JUCHIG0
25:t*:nd2036.t01      0VOJROG6
25:t*:nd2045.t01      2NOCHAK2
25:t*:nd2045.t03      9KUSRIX4
25:t*:nd2045.t04      5KABTIV1
25:t*:nd2063.t01      4KOSBID3
25:t*:nd2072.t02      4KITHUB7
25:t*:nd2072.t01      7JUSDEV7
25:t*:nd2144.t01      2SUQNEJ6
25:t*:nd2144.t04      7LIJRIL5
25:t*:nd2144.t03      0MOZXUP7
25:t*:nd2144.t02      2POJXEK0
25:t*:nd2162.t02      2GAQLOY2
25:t*:nd2162.t01      7COSFOB1
25:t*:nd2207.t03      2ZOSQET6
25:t*:nd2207.t01      2DAFYEZ4
25:t*:nd2207.t04      6WECSUQ1
25:t*:nd2261.t01      1TAMZEG5
25:t*:nd2270.t01      6TURKAC2
25:t*:nd2306.t02      9HIZBUJ1
25:t*:nd2306.t01      7ZOZJON2
25:t*:nd2306.t04      9QELHAM3
25:t*:nd2315.t02      2DEVDEY4
25:t*:nd2315.t01      6GEMZUB7
25:t*:nd2457.t02      1DIZQEB9
25:t*:nd2457.t03      8PURNAN2
25:t*:nd2457.t01      3QEFKUP8
25:t*:nd2466.t01      8HOKZOR5
25:t*:nd2223.t01      4KUDWEW4
25:t*:nd2304.t01      6RIQZUR5
25:t*:nd2304.t03      0HEJSEG8
25:t*:nd2304.t02      2GIHMOZ1
25:t*:nd2365.t01      0MIFWUY0
25:t*:nd2365.t02      5PETQIS5
25:t*:nd2403.t01      1YAGGAP4
25:t*:nd2403.t04      3WAZHAP5
25:t*:nd2403.t02      5BOCRIN4
25:t*:nd2412.t01      8ROMWED0
25:t*:nd2473.t03      0TUKBEG3
25:t*:nd2473.t01      1NOFPAV0
25:t*:nd2212.t01      8RIDLEJ7
25:t*:nd2212.t02      2QOBZOC3
25:t*:nd2237.t02      6XIHQUF9
25:t*:nd2237.t01      7NAFLET9
25:t*:nd2255.t03      6TOQCOC1
25:t*:nd2255.t04      6DAKPIK8
25:t*:nd2255.t01      0CIPXOK5
25:t*:nd2255.t02      0LEMBOW6
25:t*:nd2264.t01      1XIBKUC6
25:t*:nd2345.t01      3FUSLIH2
25:t*:nd2354.t01      9HABRIB2
25:t*:nd2220.t02      6NIDQUG3
25:t*:nd2220.t01      8HIZTEY8
25:t*:ck2224.t04      9JAXQAJ1
25:t*:nd2245.t01      3MIDJEV4
25:t*:nd2254.t02      4FEFSAL0
25:t*:nd2272.t01      8KADMAM4
25:t*:nd2272.t02      7MOCMER2
25:t*:nd2326.t01      3GOPVAR1
25:t*:nd2335.t04      0SUCFET0
25:t*:nd2335.t03      7LUKWOL9
25:t*:nd2335.t02      4GOFLIH1
25:t*:nd2335.t05      6ZIXQUM1
25:t*:nd2335.t01      3MIHTAZ6
25:t*:nd2335.t06      7LIGPOZ4
25:t*:nd2353.t01      5VEMHEX6
25:t*:nd2400.t02      4VITPIS5
25:t*:nd2400.t01      4BOZLOD6
25:t*:nd2425.t02      7VIDSOH8
25:t*:nd2244.t02      2PETFUX4
25:t*:nd2253.t01      3YAVQEB7
25:t*:nd2300.t02      6WULGUS9
25:t*:nd2300.t01      9BOTGUP3
25:t*:nd2377.t02      7FIWJIF1
25:t*:nd2377.t03      2JENQOK5
25:t*:nd2377.t01      5HIWNIZ9
25:t*:nd2406.t01      3VIDTOL6
25:t*:nd2406.t02      4KOFLAB5
25:t*:nd2406.t04      4GUQWOP8
25:t*:nd2406.t03      7KIKRAM0
25:t*:nd2424.t01      6SATKUK8
25:t*:nd2424.t02      3JUYMAP6
25:t*:nd2442.t01      9LIGREW3
25:t*:nd2247.t01      3SUQYIV7
25:t*:nd2303.t03      8SAZTAJ0
25:t*:nd2303.t02      7MEXYOL6
25:t*:nd2303.t01      0GUDRUR1
25:t*:nd2321.t01      3CAGKOJ9
25:t*:nd2364.t01      9PUQKAH8
25:t*:nd2436.t01      9DAMLED2
25:t*:nd2445.t01      1TUZTIG2
25:t*:nd2535.t01      8WIQLAD6
25:t*:nd2571.t01      6REFFUN2
25:t*:nd2260.t02      5ZUFDAW9
25:t*:nd2260.t03      7MADWIQ5
25:t*:nd2260.t04      0TITYOM8
25:t*:nd2260.t01      2DUZZAZ2
25:t*:nd2350.t01      8ZUZHON3
25:t*:nd2404.t02      1PEHCUX4
25:t*:nd2404.t01      6GAFTIP6
25:t*:nd2422.t01      2SANKOL4
25:t*:pm2425.t01      2QOCNAL0
25:t*:nd2474.t01      0FEBYEH5
25:t*:nd2636.t01      4YEXRER0
25:t*:nd2654.t01      2KEBNIC4
25:t*:nd2425.t01      5ZEPTIJ0
25:t*:nd2425.t03      7VEWPAL8
25:t*:nd2443.t01      5CATCOP0
25:t*:xx2457.t01      0XEMMAS7
25:t*:nd2470.t01      0DEQDOW3
25:t*:nd2524.t01      2MECREP1
25:t*:nd2533.t01      5DAXHUR3
25:t*:nd2533.t02      5YEZTIS8
25:t*:nd2605.t04      2PESFUK7
25:t*:nd2605.t03      2KUSTON7
25:t*:nd2605.t02      1MUKRAF6
25:t*:nd2605.t01      5LIMGAF7
25:t*:nd2650.t03      5NUMFIT5
25:t*:nd2650.t01      2ZAHNAC9
25:t*:nd2462.t01      0TAKLEH5
25:t*:nd2462.t06      5DILXUF2
25:t*:nd2462.t05      2BEWJOR2
25:t*:nd2507.t01      9POXYAT8
25:t*:nd2507.t02      0WUPXED5
25:t*:nd2552.t01      2TENWET5
25:t*:nd2552.t02      5LEXKIK0
25:t*:nd2577.t01      9WAWJAW4
25:t*:nd2606.t01      0WALSEH6
25:t*:nd2651.t01      1VARSIM0
25:t*:nd3031.t01      2KUTBIG3
25:t*:nd2451.t01      6QAZFEV5
25:t*:nd2476.t01      9HARROZ9
25:t*:nd2514.t03      4XOZHAB8
25:t*:nd2514.t01      7BASHER4
25:t*:nd2532.t01      7JEPFUW9
25:t*:nd2665.t01      8COYNEQ0
25:t*:nd3054.t03      6MUVWEH6
25:t*:nd3054.t01      8JAQJAP0
25:t*:nd3054.t02      7HEQLUL9
25:t*:nd2737.t01      3YISDIM5
25:t*:xx2744.t01      5KOVDOQ5
25:t*:nd2536.t01      2KARWAJ8
25:t*:nd2554.t02      6HOWGOY7
25:t*:nd2554.t01      9FOHTOW8
25:t*:nd2653.t01      4FULLIJ3
25:t*:nd3076.t02      8XAXZOX7
25:t*:nd3076.t01      8KOQQAX4
25:t*:nd3706.t01      7PIKXOV0
25:t*:nd4757.t01      6MILKEL3
25:t*:nw2531.t01      4BIVCIL7
25:t*:nd2547.t06      7QAHPUD2
25:t*:nd2547.t03      3NOKPET6
25:t*:nd2547.t02      7TAFZAC5
25:t*:nd2547.t01      7RAXJOG2
25:t*:ck2571.t02      5QUBGOF2
25:t*:ck2571.t04      4MOXWIQ7
25:t*:nd2574.t01      1CAQTAR3
25:t*:nd3404.t01      2TOHDUV7
25:t*:nd4061.t01      6FARYOG9
25:t*:nd2450.t01      5ZUBDOK0
25:t*:nd2531.t01      2HUFGIH4
25:t*:nd2600.t01      8ROCBET5
25:t*:nd2600.t02      7NUYNAK7
25:t*:nd2607.t01      8NAHZOG8
25:t*:nd2661.t04      8LOFZAC3
25:t*:nd2661.t05      9QIQKER5
25:t*:nd2661.t02      9SOSWIL4
25:t*:nd2265.t01      0SIKMEL8
25:t*:nd2346.t01      2NUVBAR4
25:t*:nd2760.t01      5PADCIK3
25:t*:nd3401.t01      0XOPLEQ1
25:t*:nd3410.t01      5YECLAH9
25:t*:nd4175.t01      0ROSWET3
25:t*:nd2357.t01      5GAFXUZ2
25:t*:nd2465.t01      3ROWDID7
25:t*:nd2537.t01      7HASTIJ5
25:t*:nd2744.t01      3VOKFOT0
25:t*:nd2744.t02      0REZLOW5
25:t*:nd4330.t01      7FARXUH3
25:t*:nd2206.t01      5SUSLAG4
25:t*:nd3121.t01      0JATQID5
25:t*:nd2246.t01      6HOKFIC4
25:t*:nd2311.t01      5YOLWEG3
25:t*:nd2570.t01      1MILYUS6
25:t*:nd3112.t01      7NAFJEB4
25:t*:nd3774.t01      2MAJTOW0
25:t*:nd4325.t01      7XEDWOB6
25:t*:nd2264.t02      1LOBMIB4
25:t*:nd3300.t01      5DERSEY0
25:t*:nd4360.t01      0YEQKAK2
25:t*:nd2263.t01      4MUXTUZ5
25:t*:nd2344.t01      5DINLON0
25:t*:nd2704.t01      5YOMPEQ7
25:t*:nd3127.t01      6WUHCAZ4
25:t*:nd3377.t01      1WILJEV8
25:t*:nd3566.t01      7CITGOW3
25:t*:nd3703.t01      6LOMDUY9
25:t*:nd4020.t01      5MIRHEF7
25:t*:nd4027.t01      7TUTXUF8
25:t*:nd2720.t01      7CUMGOT7
25:t*:nd3035.t01      7RUBBUR4
25:t*:nd3521.t01      4HEHGOS3
25:t*:nd3654.t01      3KAVVAR4
25:t*:nd4025.t01      3YODKEH8
25:t*:nd4430.t01      5KAWBAG8
25:t*:nd4464.t01      3PETMOB5
25:t*:nd3114.t01      7SEFCEG0
25:t*:nd3123.t01      4ROPTUZ7
25:t*:nd3652.t01      2JOZFUF7
25:t*:nd3677.t01      0NEJXOH0
25:t*:nd4372.t01      7TIZTOR8
25:t*:nd3547.t01      1SUKLUW8
25:t*:nd3637.t03      8NEFWEC2
25:t*:nd3637.t01      8LILTUV4
25:t*:nd3637.t02      8FOJFOL2
25:t*:nd3720.t01      3VATMUR8
25:t*:nd4771.t01      2FINSIT2
25:t*:nd3606.t01      5KUSTOB7
25:t*:nd4004.t01      5NITQEY8
25:t*:nd4040.t01      5BIYFOH2
25:t*:nd4121.t01      0NEQDAQ4
25:t*:nd4164.t01      5GUHDEP8
25:t*:nd4542.t01      5ZOVBOV7
25:t*:nd4126.t01      1LOTFIH6
25:t*:nd4277.t01      1LEJJOG2
25:t*:nd4351.t01      2XEZXUC0
25:t*:nd4745.t01      3MEQVER6
   . ~ñ