54:t5:n10300.t01      0CIXYAZ2
54:t5:nd5115.t01      4DECTAR0
54:t5:nd7156.t01      8GABCUJ7
54:t5:nd7175.t01      2DADDEM1
54:t5:nd7175.t02      9NURHUT8
54:t5:n10121.t01      5FOMSIP9
54:t5:nd7051.t02      1WUSZEZ2
54:t5:nd7536.t01      9QUMFUT2
54:t5:nd7536.t03      2JOLGIS0
54:t5:n10705.t01      3MODDOF6
54:t5:nd7304.t01      6RICNIL4
54:t5:nd5720.t01      2ZEKFEL4
54:t5:nd5442.t01      6RULZUY3
54:t5:n10274.t01      9ZUPXEX8
54:t5:nd6755.t01      8POHSAJ7
54:t5:n10563.t01      7REYTEK0
54:t5:n10563.t02      0SAYCOZ0
54:t5:nd7002.t01      3PIBFUF5
54:t5:n10001.t01      6JEXJOJ3
54:t5:nd7560.t02      9NEYSAJ3
54:t5:nd7310.t02      3CECXAF6
54:t5:nd7310.t01      2KUYFOT1
54:t5:nd7211.t01      5QISLUB7
54:t5:nd5501.t02      2RUQBES9
54:t5:nd6516.t02      3MULNIY1
54:t5:nd5314.t01      7YIMHAK1
54:t5:n11021.t01      1NESYUB2
54:t5:nd7420.t03      3TUYNOD3
54:t5:n11046.t01      6NIZQIK4
54:t5:nd5613.t01      0WATYET9
54:t5:nd7134.t01      5WOSBAM4
54:t5:nd6144.t02      3FEKKOT1
54:t5:nd7702.t01      5DIKVED0
54:t5:nd6755.t05      8LELHIR6
54:t5:n10142.t02      3SULZUH2
54:t5:nd7531.t01      0WOSJEB9
54:t5:n10142.t01      6HORMIB6
54:t5:nd5443.t02      0SUSLAK5
54:t5:n10322.t04      6HAGLAW7
54:t5:nd7410.t01      5HOTSOY2
54:t5:nd7534.t01      8BOFBOL1
54:t5:nd6411.t03      6GARHEJ2
54:t5:nd7311.t01      6JEFQID4
54:t5:n11702.t01      3DAHYUL2
54:t5:nd6625.t02      0BOCGOB1
54:t5:nd6571.t04      2JOVXEB6
54:t5:nd6742.t01      1QAMCOS3
54:t5:nd6213.t03      1FESLUQ6
54:t5:nd7566.t03      3DUPBEH1
54:t5:nd6137.t03      2NOTJUB6
54:t5:n10147.t01      1JOWYAB9
54:t5:n10723.t01      9COKDAC5
54:t5:nd6017.t02      4BEQLOT2
54:t5:n11155.t01      7DIJNEP0
54:t5:nd7034.t02      4LAXDEW0
54:t5:nd7142.t02      0DUBPAZ6
54:t5:nd5600.t03      6JIZPIM6
54:t5:nd5600.t02      2QAMCAQ7
54:t5:nd5553.t01      5KAYSUF3
54:t5:n11143.t01      1GILFEY8
54:t5:nd6237.t03      0VEWTUV1
54:t5:nd5222.t02      0WOXFAD1
54:t5:n10351.t01      2MAVTIG3
54:t5:nd5614.t01      6TUXKEF6
54:t5:nd5614.t02      9HIFZUK0
54:t5:n10142.t04      1TOCHEV3
54:t5:n10725.t01      4TEQGOC5
54:t5:nd6721.t01      7PUFNEZ8
54:t5:nd6523.t01      5YINQAH5
54:t5:nd6145.t01      3LUBWUT3
54:t5:nd5740.t02      0GOPVOX4
54:t5:nd6467.t02      9VUPHON9
54:t5:nd6467.t03      4TEQHET1
54:t5:nd6037.t01      6HIKJAM3
54:t5:n10136.t01      3BOJVUD3
54:t5:nd7311.t02      6DITROM2
54:t5:n10377.t01      2YEXHOY1
54:t5:nd6625.t01      1VEQRAK9
54:t5:nd5707.t02      8LAVMUP5
54:t5:nd6767.t01      5BEGWOD8
54:t5:nd7156.t03      1VELDOD4
54:t5:nd5005.t01      6KIDLUV0
54:t5:n10431.t01      0ZEWPOX0
54:t5:n11412.t02      0RERQEL1
54:t5:n10206.t02      4MUTSEG5
54:t5:nd7613.t01      6LOZNIN0
54:t5:nd5062.t02      4VOJSON7
54:t5:nd7175.t03      0REPLUK8
54:t5:nd6554.t03      6YIGNEH0
54:t5:nd6437.t01      1KOSZEH8
54:t5:nd6257.t02      4WUMBIW6
54:t5:nd6151.t01      5FUXZAR4
54:t5:nd6077.t02      8ZURNEL6
54:t5:nd6351.t02      8CURJEQ7
54:t5:nd6216.t01      6XUWQIS3
54:t5:n11462.t01      5WICRAP9
54:t5:n10024.t01      9YALHIJ4
54:t5:n11066.t03      9LAVHOC0
54:t5:nd5505.t03      5TUNYOC7
54:t5:nd7536.t02      0SAKJAF3
54:t5:n11416.t04      0LAJZUK5
54:t5:nd5234.t02      2NIJVAX4
54:t5:nd5457.t01      2TUTHOG8
54:t5:nd7025.t02      5ROCYEG0
54:t5:n10057.t01      5WEJFEZ3
54:t5:n6624.t01       0YIRDET6
54:t5:nd7656.t01      4VOJCEG5
54:t5:n11446.t01      8XAXBEJ4
54:t5:n10431.t02      9QICJAS6
54:t5:nd7566.t01      3LOPQAB8
54:t5:nd6074.t04      4YIKXUQ0
54:t5:nd5131.t01      0NEQBOR2
54:t5:n10717.t03      6SUXHIT0
54:t5:nd7311.t03      3XAPSUB6
54:t5:nd6231.t02      8ROMGEJ5
54:t5:n10235.t03      8DAWHOP5
54:t5:nd5545.t02      9MUBJUQ9
54:t5:nd7221.t01      4RILLER8
54:t5:nd5524.t01      6CECDOB3
54:t5:n10142.t03      0LEMNAF1
54:t5:n11303.t01      7TEKGAS0
54:t5:nd6003.t02      8PIVDEY4
54:t5:nd6656.t01      9CECKIG3
54:t5:n10572.t02      0HEYGIQ1
54:t5:nd5524.t02      0VUGMOY0
54:t5:nd5004.t01      4RAVSEK6
54:t5:nd5706.t01      5QULPOP4
54:t5:n11404.t01      2HACNIK3
54:t5:n10360.t01      7FOTXUB7
54:t5:nd6230.t02      7LUTZAV0
54:t5:nd6117.t02      0SEQYOY7
54:t5:n11273.t01      2KEDCOW9
54:t5:n10024.t02      2QUBWEX0
54:t5:nd5773.t01      1DUKSUY2
54:t5:n11417.t01      2SUXLOL8
54:t5:n10562.t01      2KOLCOC3
54:t5:n10353.t03      5GURQIS6
54:t5:nd7175.t04      9GIRRUL8
54:t5:nd6554.t01      7TAXDUM2
54:t5:n10623.t01      5YUSYEL3
54:t5:n10470.t01      0LOSWAP4
54:t5:n10774.t01      5DACZAJ9
54:t5:nd6077.t03      8PONVEJ9
54:t5:nd7015.t01      7NEYGUC6
54:t5:nd5134.t02      6YUHYET4
54:t5:nd6743.t02      1KAQHUN7
54:t5:nd7304.t02      3SUDXUV8
54:t5:nd6620.t02      0XATXEX2
54:t5:nd6701.t03      1DEVVUM0
54:t5:nd6521.t01      6MOZLAZ0
54:t5:nd5270.t01      3VOQYAH0
54:t5:nd6100.t04      0WIWZAY5
54:t5:nd6134.t03      5FOXSEK8
54:t5:nd7527.t01      9LUDBUJ2
54:t5:nd5621.t03      5VIBDID8
54:t5:nd5306.t02      1VUQYUM8
54:t5:nd7527.t02      5POFVEQ1
54:t5:nd5106.t01      1RUVMUK6
54:t5:nd5752.t01      6MEPLAY1
54:t5:nd5601.t02      4PEQXUM7
54:t5:n10631.t01      9LARMUP9
54:t5:nd5520.t01      8CUTSAB0
54:t5:nd6733.t05      4BOVSEW3
54:t5:nd6571.t01      3TEFCOB3
54:t5:nd7057.t02      5TAJHIZ3
54:t5:nd5554.t01      8PEVMAP1
54:t5:n10210.t03      2NIMQEM7
54:t5:nd5077.t03      1JEVMET6
54:t5:n10674.t01      4ZEPMEK2
54:t5:nd7624.t02      0NELMIF0
54:t5:nd5043.t01      9BOBFAP9
54:t5:nd5043.t03      7CIGRUY2
54:t5:nd7224.t01      0SAJWEL7
54:t5:nd6504.t01      7GEPZIR9
54:t5:nd5631.t02      7GEGVAC0
54:t5:nd5136.t01      5MEKVAP3
54:t5:n11354.t02      5CEKFUF7
54:t5:n11156.t01      4FUDVAS1
54:t5:nd6630.t01      4PUWYAQ5
54:t5:n10076.t01      1BEWQES4
54:t5:nd6655.t01      9SOKWID4
54:t5:n10006.t02      3METWOH3
54:t5:nd7314.t02      1BEYGUJ4
54:t5:n10141.t01      4DIBVIJ3
54:t5:n10114.t01      9ZIDBUC5
54:t5:nd7611.t02      0GICWUZ7
54:t5:n10157.t01      9HEKSAP0
54:t5:n11741.t01      7XIHYEP2
54:t5:nd6120.t01      1TIQQIJ2
54:t5:nd6476.t01      5VIYFUR6
54:t5:nd5137.t01      3XERGOF7
54:t5:nd5065.t02      0WUWMAG7
54:t5:nd6656.t02      7VIVMAL7
54:t5:nd6467.t01      8ZEWYEX5
54:t5:nd5461.t02      4FEGHAN3
54:t5:n11024.t05      6FOTNAY4
54:t5:nd5641.t02      5LURVOL4
54:t5:nd6451.t01      0KERGEV6
54:t5:nd5004.t02      4QASVAJ7
54:t5:nd5062.t01      1HUSSEL7
54:t5:nd5062.t03      2WECBUN1
54:t5:nd5116.t01      2YATZEN5
54:t5:n11201.t01      0NOMZIF6
54:t5:n10173.t02      8BOJTUL7
54:t5:n10236.t03      7JISPIV0
54:t5:nd6313.t02      5DUTTAX0
54:t5:nd6707.t01      5TIQTIV0
54:t5:nd5375.t02      1DIJTOV8
54:t5:nd7304.t03      8MAQKAN0
54:t5:n10273.t01      0NURDUX5
54:t5:nd5117.t01      4BUXSIZ5
54:t5:nd5630.t02      9MIKQIT9
54:t5:n11416.t03      0LEYPEV9
54:t5:n10122.t02      4COPDAV7
54:t5:nd7527.t03      0GIXYEF6
54:t5:nd7142.t01      2GISREL9
54:t5:nd7752.t01      4YUWFEV6
54:t5:nd6645.t01      0QOVPOQ7
54:t5:nd6453.t01      6NIPZIN7
54:t5:nd7065.t01      4REBZED7
54:t5:n11404.t02      5SEVVOL9
54:t5:nd6264.t01      5QORXAJ6
54:t5:nd5501.t03      6XORRER1
54:t5:nd5616.t03      5LAVBAF3
54:t5:nd7236.t01      9YABFUJ8
54:t5:nd6140.t04      6LEGYIL0
54:t5:nd6327.t02      0FIVJEK6
54:t5:nd6552.t01      5XELMAR5
54:t5:nd7056.t04      9JAYZEQ9
54:t5:n10513.t02      0QEMLAM1
54:t5:nd5402.t01      1PEMZEW3
54:t5:n10200.t03      0NAQGOB8
54:t5:n10726.t01      9DAXZID6
54:t5:n10512.t01      2TURPIP0
54:t5:nd6137.t05      0KEZWOQ7
54:t5:nd7377.t01      9TUSWEJ1
54:t5:nd7557.t01      3WABVIY2
54:t5:nd6542.t02      5SAFBUX6
54:t5:nd5676.t01      7XAPNUJ1
54:t5:nd5741.t01      4SULTUN9
54:t5:nd7541.t01      5XUDQAD8
54:t5:nd7532.t02      7JAZLOR0
54:t5:nd6434.t01      4DUKYAB1
54:t5:nd5601.t03      0MENTEN4
54:t5:nd6463.t02      2QIWDIS3
54:t5:nd7561.t01      1DIQCEX7
54:t5:nd6571.t02      2YEDTUC3
54:t5:nd5707.t04      8WIGHAH5
54:t5:nd5034.t02      6XOCWIK9
54:t5:nd7264.t03      4ZAJLOT7
54:t5:nd6330.t01      3NEXPAQ9
54:t5:nd5725.t02      9VOHLIY3
54:t5:nd5250.t01      7XAKJEN4
54:t5:nd7766.t01      6HAKMIQ1
54:t5:nd7750.t02      1JERYUS6
54:t5:n10514.t02      6XOWQUV1
54:t5:nd5536.t01      8VUYNUZ9
54:t5:nd5066.t01      9JEBQEM0
54:t5:n10323.t03      2DACQON7
54:t5:nd7532.t01      4SOGXOJ3
54:t5:nd7073.t02      2JUQYIZ6
54:t5:nd5775.t02      2WAYPUG0
54:t5:nd6533.t01      2TUYQEX0
54:t5:nd7566.t02      3SAXCUQ5
54:t5:nd5723.t04      8YUJGUB0
54:t5:nd5723.t03      1NAFWAW1
54:t5:nd6074.t03      4KOVVIW6
54:t5:n10206.t03      4ZADPEM8
54:t5:nd5750.t01      6GOBLAL6
54:t5:nd5507.t02      6DEWNET1
54:t5:nd6310.t04      5KIMBUH9
54:t5:nd6310.t01      8GAJCUH3
54:t5:nd6301.t02      6NIXFAG1
54:t5:nd5325.t01      9VARNOF8
54:t5:nd7001.t01      5ROQFAV2
54:t5:nd6135.t05      3TOWMAX9
54:t5:n11066.t01      5WABNOR3
54:t5:nd7062.t01      6QIKQIK7
54:t5:nd7611.t04      8XEGFAY3
54:t5:nd5746.t01      3CAJMAD0
54:t5:nd7711.t01      6FEXXEM7
54:t5:nd6737.t01      3GOMPAV5
54:t5:n10052.t01      0HUHZED4
54:t5:nd5317.t02      1RILRUQ4
54:t5:nd7110.t01      3GICTOK3
54:t5:nd6145.t04      7VOJXIV6
54:t5:nd5452.t01      7LUGRIF2
54:t5:nd5526.t01      7JALWUP0
54:t5:nd6426.t01      3VEBTON4
54:t5:n10342.t03      4HODRUJ6
54:t5:n10324.t01      3NIGFIQ7
54:t5:nd7155.t01      5DUDMIS0
54:t5:nd5033.t04      7PUXFET9
54:t5:nd7722.t03      8QEWVUW9
54:t5:nd5600.t01      8YONVOJ6
54:t5:nd6327.t03      1LUXJEH5
54:t5:n10513.t04      2WUVBOC3
54:t5:nd6525.t02      6SEBHEJ3
54:t5:nd6053.t03      9XOCZIT3
54:t5:nd6053.t01      5ZOZNUV2
54:t5:nd6620.t01      4LAMYAL7
54:t5:nd7223.t02      4RUTFAT3
54:t5:n10354.t02      5YUXYIC8
54:t5:nd5072.t01      8JIVXUX7
54:t5:nd7412.t02      9KUHDIT1
54:t5:nd7025.t01      1COJXED5
54:t5:nd6260.t01      5MIRKOF1
54:t5:nd6530.t02      8DELQUD6
54:t5:nd5474.t01      5TUVBEC0
54:t5:nd6241.t02      2CEXFIC2
54:t5:nd5332.t01      6QOVJUH4
54:t5:n10137.t01      3HIJCUF2
54:t5:n10022.t02      3WIGBER0
54:t5:n10722.t02      9TIYYAB2
54:t5:n10326.t01      2RIGVOC6
54:t5:nd6601.t01      2NUPSUG4
54:t5:nd5323.t01      6QOBHOX3
54:t5:nd6076.t01      3YUZLOJ8
54:t5:nd5644.t02      8NIGZID0
54:t5:nd5070.t01      0ZIVDIL9
54:t5:nd6411.t04      1REJPUL8
54:t5:nd5347.t01      3WEMNIS1
54:t5:nd5707.t03      9HELPIX6
54:t5:n10021.t02      4LARLAM8
54:t5:nd5374.t04      8GOYMOL2
54:t5:n10055.t03      3VONNUP6
54:t5:nd5520.t03      0NULFOG7
54:t5:nd7750.t01      2LIYTAH5
54:t5:n10541.t02      1KOPNOM1
54:t5:nd7624.t03      7XOQLOW1
54:t5:nd7757.t01      6SESTOQ7
54:t5:nd6121.t02      4FURZEZ9
54:t5:n10512.t03      5XIPVOK9
54:t5:n10546.t01      6DUBTUV5
54:t5:n10350.t01      0MUDHOJ9
54:t5:n10521.t01      9ZUGGIG3
54:t5:nd6335.t01      5GEDVUR0
54:t5:n10672.t03      7BUNKUF8
54:t5:nd5246.t01      5PIZKUC5
54:t5:n10323.t02      0HIFZUT1
54:t5:n10062.t01      0TUFQUL1
54:t5:nd6137.t01      2MALQUJ3
54:t5:nd5113.t03      1XEVBUX9
54:t5:n10044.t01      2NAZYUB4
54:t5:nd5075.t04      7WIQDAL4
54:t5:nd6301.t04      4YEJYAC2
54:t5:nd6301.t05      4QAQQUB8
54:t5:nd5230.t01      7XIJGAS0
54:t5:nd5501.t01      9RODLAN8
54:t5:nd5677.t01      7LEBKOP5
54:t5:n11404.t03      5BITDEV6
54:t5:nd5677.t02      2FEXMOY0
54:t5:nd6255.t01      5WEDVAV1
54:t5:nd7560.t01      9JUTXUT0
54:t5:n10324.t04      7XUXTES2
54:t5:n10063.t03      6SUJXAK1
54:t5:nd6320.t01      6VOBBIZ7
54:t5:nd6516.t01      1ZAFJUB6
54:t5:nd6336.t02      0CEMFOC9
54:t5:nd6543.t05      8ZANDIC3
54:t5:nd5613.t04      3GIPQUN9
54:t5:n11471.t01      2TIQTIB5
54:t5:nd6135.t04      9WILZAT7
54:t5:n11131.t01      2KAWTIW3
54:t5:nd5210.t04      7TOGSUT6
54:t5:nd5424.t02      3GUWHUX8
54:t5:n10724.t01      6YIKJAR7
54:t5:n10562.t03      0TUCGIV4
54:t5:n11131.t02      3TEZSAC7
54:t5:n10067.t01      1XAYGUB0
54:t5:n10616.t01      7POCHIX2
54:t5:nd6045.t01      8DEMRES1
54:t5:nd7035.t02      2HAVSON0
54:t5:nd6226.t02      6GEZKIZ9
54:t5:nd6505.t02      2CISNES5
54:t5:nd2707.t02      1SESJUL6
54:t5:nd7556.t01      2LAYMAR3
54:t5:nd6055.t01      9HEXROV8
54:t5:nd7745.t01      7KIYHAB3
54:t5:nd7020.t01      9XIWPIY6
54:t5:n10115.t02      4FEYJUV4
54:t5:n10016.t03      9JISFOM2
54:t5:nd6334.t02      5DEJTAM9
54:t5:n10511.t01      3GAMFUV8
54:t5:nd6512.t01      9GIQVEZ9
54:t5:n10570.t01      0HUWPUC5
54:t5:nd7061.t05      4FOSHUQ5
54:t5:nd6017.t04      2XEVXAL3
54:t5:nd6701.t02      8TEDYAV2
54:t5:n10230.t01      7NENGOJ1
54:t5:nd5727.t01      0JEDTOQ6
54:t5:nd6431.t01      3GIXROF4
54:t5:nd6474.t03      1PAYKIX8
54:t5:nd6332.t02      4PAGBUB8
54:t5:nd5745.t02      8TIKTOT3
54:t5:nd5243.t05      0PATDUT5
54:t5:nd5243.t01      4DUTCOW4
54:t5:n10057.t04      2CUZTAH1
54:t5:nd5644.t03      8QIGJAS2
54:t5:n11200.t01      0HOJMEX0
54:t5:nd7165.t01      9YOHZAH6
54:t5:nd7705.t01      7TAGMIC9
54:t5:nd5374.t01      6ROTXOL3
54:t5:n11376.t01      3SOQDAB8
54:t5:n11351.t01      3CIYWEH7
54:t5:nd6067.t03      7VAJGIJ4
54:t5:nd6121.t03      6RAYDEZ8
54:t5:nd7433.t01      8LIHQIL8
54:t5:nd5577.t01      5BUCFUT4
54:t5:nd6713.t02      7DASCIX0
54:t5:n11412.t01      5BAQLEM1
54:t5:nd6155.t03      6GIXYIG0
54:t5:nd7003.t03      9REVNEC6
54:t5:nd6335.t05      4REMSOB9
54:t5:nd5075.t01      6DIZFAC3
54:t5:nd5131.t04      1PENGET9
54:t5:n11700.t02      2CEFBUS4
54:t5:nd6310.t03      6HUFGOK4
54:t5:nd5613.t02      5JOBCOR0
54:t5:n10033.t01      8HEMTUD4
54:t5:n10105.t01      1MASBIT4
54:t5:nd5730.t01      7XADFAD1
54:t5:n11453.t01      2MAMTIG9
54:t5:nd7062.t03      3QOMMIT5
54:t5:nd7710.t01      4LEVDEC1
54:t5:nd6002.t03      1GUZXOJ4
54:t5:nd6002.t04      0LANCIT7
54:t5:n11131.t03      8FICXUH3
54:t5:nd6504.t02      4XEVFIR0
54:t5:nd6673.t01      9HUZMUR0
54:t5:nd7413.t04      9DITQUX8
54:t5:nd5305.t01      7ROHPOB4
54:t5:n10515.t01      5VAYCED4
54:t5:nd7303.t01      5XIVDEB8
54:t5:n10022.t01      2SIJNEF7
54:t5:nd6241.t01      8BOXJUL4
54:t5:n10155.t01      1DAQKUW2
54:t5:nd6601.t04      5BOKGAZ0
54:t5:nd7051.t01      1LANZOK9
54:t5:nd7526.t01      0QEWHEW5
54:t5:nd6644.t01      1ZIJGIP0
54:t5:nd7634.t03      7SOMFAG3
54:t5:nd7526.t02      4YIBWUF0
54:t5:nd5546.t01      3CEMXET2
54:t5:nd7421.t01      0QUGLIQ3
54:t5:nd7365.t01      9JAMYAF1
54:t5:nd6017.t01      6XIFNIL4
54:t5:nd5252.t01      2BAGRAH9
54:t5:nd7671.t02      3QUJXAK3
54:t5:nd6701.t01      2ROLSAY2
54:t5:nd6152.t01      6JEBDER8
54:t5:nd5630.t01      5CEKVOV4
54:t5:nd5450.t02      8RELMUF4
54:t5:nd5745.t01      7ZANDUN7
54:t5:nd7052.t02      6ROVSAY4
54:t5:nd5333.t01      3TAGCID0
54:t5:nd5623.t01      0WIZGEM1
54:t5:nd5623.t02      4TEYNUV3
54:t5:nd6030.t02      0TUHLAD6
54:t5:nd7763.t02      8YOBRIZ4
54:t5:nd6145.t03      8JIPKUC9
54:t5:nd5263.t01      2KURJAX7
54:t5:n10025.t01      9LEQRIY2
54:t5:nd5747.t01      8MEFQAD0
54:t5:nd6325.t01      8FUKTUL6
54:t5:nd5425.t03      0SIFWOQ8
54:t5:nd6271.t01      1LOKFUR8
54:t5:nd7054.t01      1VAGYUH3
54:t5:n10331.t02      7CAMVEP3
54:t5:n10545.t03      3KIFYEB4
54:t5:n10511.t02      1DIHNIC5
54:t5:nd5364.t01      5MEQDEB0
54:t5:n11010.t01      9CUYHOV8
54:t5:nd5776.t01      5WUKLEC8
54:t5:nd6705.t01      2YOFKUB8
54:t5:nd5742.t03      8RABKUJ0
54:t5:nd5742.t02      6JOWWOB7
54:t5:n10342.t01      3REBJID7
54:t5:nd6320.t02      1YODSUD3
54:t5:nd7121.t03      1DENYEX3
54:t5:nd6615.t03      7BOKPAL6
54:t5:nd7533.t01      5GOZWUB6
54:t5:nd7542.t01      7DEFHUX5
54:t5:nd5535.t01      5QABSOM4
54:t5:nd5535.t03      1NORWAY1
54:t5:nd6302.t03      2XEYTUM5
54:t5:nd6544.t01      0ZEMYES9
54:t5:nd7606.t01      8WEMVAR8
54:t5:nd5464.t01      5YEMVOY3
54:t5:nd6060.t01      3MIFJEJ0
54:t5:nd5007.t01      4NUGFEH2
54:t5:nd5340.t02      8MARWIR0
54:t5:n11162.t01      9DEVBAC5
54:t5:nd6222.t02      2PINKIB5
54:t5:nd5034.t03      5DODHAJ2
54:t5:nd7113.t01      6SUFMID8
54:t5:n10064.t02      0BUPZIB8
54:t5:nd5446.t02      7TOBLIC9
54:t5:nd5374.t03      3LEJHAQ2
54:t5:n10201.t02      8DAGLUX4
54:t5:nd5700.t04      1CANVAX2
54:t5:n10102.t01      8YEPLIW4
54:t5:nd7624.t04      5DUHZEJ3
54:t5:nd7534.t02      2LUMCUL0
54:t5:n10141.t02      0HUMSOX3
54:t5:nd5300.t01      6CAKRIF6
54:t5:n10141.t03      9DEFGAN5
54:t5:n10436.t01      9ZEKGIK6
54:t5:nd6603.t01      7QEYQEV4
54:t5:nd5505.t02      8HIPYEJ7
54:t5:nd5244.t02      4JAHLEZ0
54:t5:nd6324.t01      4QEWGIF3
54:t5:n10346.t01      3KACMOF9
54:t5:n10346.t02      1MIFJAY8
54:t5:nd7762.t01      6MUZNAB5
54:t5:nd6144.t01      8YOGWEV6
54:t5:nd5614.t03      6HEFYEF5
54:t5:nd6235.t01      3FADSER9
54:t5:nd6505.t04      5FELVEX6
54:t5:nd5227.t01      7XENPAL5
54:t5:nd7171.t01      3XOZREL3
54:t5:n10707.t01      7PABWED1
54:t5:nd5477.t02      3LEMZIQ5
54:t5:nd6703.t02      7HORGOP5
54:t5:nd5506.t04      7XEDGAQ3
54:t5:n11024.t02      0SIKNUZ4
54:t5:nd6003.t01      1LEVFET2
54:t5:nd5576.t03      3CICWAH5
54:t5:nd6136.t02      8DOPYEN6
54:t5:nd5567.t01      9CAYFOB0
54:t5:n10322.t02      8HEVQEM4
54:t5:nd5515.t02      1ZAGXAQ4
54:t5:nd5515.t03      2TEWQIC9
54:t5:nd5515.t04      8ZOPGEH3
54:t5:nd6370.t02      4FICJAJ3
54:t5:nd6116.t02      0XEXBUG3
54:t5:n10561.t01      8SEMPAM7
54:t5:n10354.t01      5FUVQUZ4
54:t5:nd5621.t02      0ZITHIC0
54:t5:n10507.t04      0DOKLEG9
54:t5:n10552.t01      8CITPOQ9
54:t5:nd5036.t01      1QADDOV0
54:t5:nd5727.t04      4YUDSOV2
54:t5:nd7752.t02      4PUNVOS4
54:t5:n11416.t02      7YEQYOF0
54:t5:n10165.t01      7WANWUY3
54:t5:n10552.t02      4HALCOF1
54:t5:nd5646.t01      8WEXJIQ5
54:t5:nd6744.t01      9PUFSED6
54:t5:nd6071.t02      8VOTSIQ8
54:t5:nd6573.t04      2NIFNAQ1
54:t5:n11477.t02      7NUXHOF7
54:t5:nd6636.t01      0KOJBUM3
54:t5:n10023.t02      3FIYJAK0
54:t5:nd7412.t01      4FOKLUL9
54:t5:nd7112.t01      8WIRLOH9
54:t5:n10547.t01      8BEPGOQ2
54:t5:n10763.t02      7TUVNOX4
54:t5:nd6757.t01      1QIHROL4
54:t5:n11143.t03      0PEFRIF9
54:t5:n10045.t02      0DEVFOR8
54:t5:nd5141.t02      4WAZHIM7
54:t5:nd6336.t01      4BIPVOZ5
54:t5:n11260.t05      0VEMWUH0
54:t5:nd6140.t02      2SUYPUQ0
54:t5:nd5616.t04      4JIYLAG4
54:t5:n11474.t02      6QEXDOP7
54:t5:nd5510.t04      6KAPRAX5
54:t5:nd5510.t03      3MOZYIV2
54:t5:nd7040.t01      8ZUDLIG0
54:t5:nd7533.t04      3COHZAR1
54:t5:nd7245.t01      5WAFFEF3
54:t5:nd5535.t02      4VIVPAS1
54:t5:nd6543.t02      9VACGAG8
54d7334.t01      5REJVIS4
54:t5:n10107.t01      5KABCOM8
54:t5:nd5516.t04      3LOFNAJ7
54:t5:nd6713.t03      8KEGBAT6
54:t5:n10555.t03      9LAPROX5
54:t5:nd6335.t04      1WUZJAC0
54:t5:nd7451.t01      0NEJMEC8
54:t5:nd6605.t01      0REHVIJ5
54:t5:nd7073.t01      2TOVTUD9
54:t5:n10672.t04      7ZEFNUT6
54:t5:nd7307.t01      8GUVHOS4
54:t5:nd6533.t02      1HOKRIP3
54:t5:nd6443.t01      1RUQFAT0
54:t5:nd6164.t03      4MOFWOK0
54:t5:nd7055.t03      0QUWZAQ3
54:t5:nd6254.t03      2FEVWEL0
54:t5:nd7163.t04      5TOPSOQ0
54:t5:n10611.t01      3ZUMCIQ0
54:t5:n10053.t02      3SURFOM1
54:t5:nd5750.t02      5RODKIP8
54:t5:nd6477.t01      4WIDCOZ8
54:t5:nd5775.t03      6LAYROG0
54:t5:nd5705.t01      1BIVTIK6
54:t5:nd3707.t01      3KAJJAF7
54:t5:nd6425.t02      2CIJHID5
54:t5:nd7067.t02      5POGTEL5
54:t5:nd5071.t03      2VOXHEF7
54:t5:nd5753.t01      7GIGCIV8
54:t5:nd5233.t01      3VADKOK3
54:t5:nd7535.t04      6TACFAY3
54:t5:nd6034.t01      5MUNJEJ8
54:t5:nd7222.t01      2WONVOX0
54:t5:n10515.t02      6TEVYER1
54:t5:nd5447.t03      5XILVUM3
54:t5:nd5233.t04      5VURZOJ8
54:t5:nd6077.t01      1NEDDUD0
54:t5:nd5546.t02      8PUGNEV7
54:t5:nd5251.t02      3GEBCEL5
54:t5:nd5663.t01      7TINHEQ5
54:t5:n10073.t01      8ZEJGIX8
54:t5:n10145.t01      7SILHEL9
54:t5:nd7041.t02      4RIVLIZ7
54:t5:nd7041.t01      9GUVDOK0
54:t5:n10370.t02      5QUZPOZ7
54:t5:n10352.t01      4GOPGUD7
54:t5:nd6427.t01      8MALROB3
54:t5:nd5034.t04      3RETYOT8
54:t5:nd6562.t01      9SORLIY0
54:t5:n11306.t01      1VIRKAS1
54:t5:nd5545.t01      0GAKNIN4
54:t5:n10433.t01      6SARDIP7
54:t5:nd5340.t03      8HUTNUB0
54:t5:nd6427.t02      2VOCPOP4
54:t5:nd7174.t01      0YOFTEV3
54:t5:nd7732.t01      6PIFDEQ2
54:t5:n10055.t02      4LAVZOL0
54:t5:n10201.t01      7WITXIC0
54:t5:nd6114.t03      4CIJFAZ3
54:t5:nd6141.t04      0KEYWUX3
54:t5:nd6240.t04      8XUKSEJ5
54:t5:nd6114.t04      2DEFTUZ5
54:t5:nd5536.t02      4NECKEJ8
54:t5:nd7252.t01      9DEWTIP2
54:t5:nd6120.t02      8PECMEM2
54:t5:nd6235.t03      5FAKVEB9
54:t5:nd6226.t01      0FATVEF8
54:t5:nd6755.t02      4FINNAZ2
54:t5:nd5317.t01      6KUCDIJ4
54:t5:nd5774.t01      6FUPDUD5
54:t5:nd6703.t01      2DOVCOK6
54:t5:nd5477.t04      9LEKJAK9
54:t5:nd6136.t05      2TUTGOG0
54:t5:nd7002.t04      4FUJXIB0
54:t5:n10502.t02      3ZIXSUV6
54:t5:nd5506.t03      1PUYQUB5
54:t5:nd5533.t03      4NOTNUV4
54:t5:n10544.t01      3YEXKUF9
54:t5:n10321.t01      7XEXPUM1
54:t5:nd7404.t01      2RATCOS5
54:t5:nd6702.t01      5ZIRHOK6
54:t5:nd5773.t03      0ZIWKOB8
54:t5:nd5343.t01      1ROQXAY8
54:t5:n10157.t02      7TUMMUN9
54:t5:nd6612.t04      7SIPTED7
54:t5:nd5352.t01      1SEJNUH0
54:t5:nd6324.t03      4KIJJAB8
54:t5:n10706.t01      3POWRUF8
54:t5:nd7762.t03      4RISHIR1
54:t5:n10204.t01      9WOGFIT5
54:t5:nd6547.t01      4YEVYUM0
54:t5:nd5343.t02      2PUKDIL1
54:t5:nd5012.t01      0JEJJAH7
54:t5:nd6642.t01      4FIGNOL0
54:t5:nd7310.t03      0CUBGIB4
54:t5:nd5553.t03      8WAKPUV7
54:t5:n10612.t01      7TEQCAT2
54:t5:nd5616.t01      7ZESMUP3
54:t5:nd6410.t01      4NEXLOL7
54:t5:nd6507.t01      3VABQOS8
54:t5:nd5033.t03      9TEHJOP1
54:t5:nd6165.t01      6WARQUR4
54:t5:nd5024.t01      3SIMRAV8
54:t5:n10342.t02      2SENXOJ6
54:t5:n11413.t01      7XIZLIC2
54:t5:nd7713.t01      8COGJEY0
54:t5:nd5517.t03      1BEYZOV2
54:t5:nd5724.t01      9MOWPED8
54:t5:n11474.t01      4ZEWBOX3
54:t5:nd7056.t02      7VIWSAD2
54:t5:nd7614.t03      9JAPCIY4
54:t5:nd6302.t02      9COVJOD7
54:t5:nd6525.t01      6LIRYEZ5
54:t5:nd5624.t01      3GEMBIV8
54:t5:nd7120.t02      8FOWJAL2
54:t5:nd5066.t02      9WEZLAJ6
54:t5:nd6713.t01      8VIKLOL2
54:t5:n10555.t02      0HIHHUD6
54:t5:n10233.t01      5XEPHAG7
54:t5:nd5417.t01      4XORZUS2
54:t5:nd6173.t03      6GUXRAQ4
54:t5:nd6254.t02      3GOZWIF0
54:t5:nd7764.t02      8JUNMIB3
54:t5:n11700.t04      0DUKJIK7
54:t5:nd5754.t01      4KODSOV9
54:t5:nd7223.t01      7SOXNIQ3
54:t5:nd5207.t02      8PIYXUF5
54:t5:nd7061.t01      7WITYAF1
54:t5:n10237.t02      0KIKVIV2
54:t5:n10552.t03      2SEGJUT6
54:t5:nd6431.t02      2CARROQ8
54:t5:nd5540.t02      3TOTLIG0
54:t5:nd5763.t01      2BEJZAK5
54:t5:n10363.t01      2KIKHIZ0
54:t5:nd5630.t04      3PIGQEN8
54:t5:nd5646.t02      9VAZBUY8
54:t5:nd6134.t04      9WUBPES9
54:t5:nd5720.t03      0BOLFIX6
54:t5:n11407.t02      7MILVIW5
54:t5:nd7770.t02      9VURGAH3
54:t5:nd6645.t02      2YEYLAQ0
54:t5:nd6530.t01      3WOQBAR8
54:t5:n10353.t01      4PUTVUP1
54:t5:n10130.t01      2HEMMOK6
54:t5:nd5627.t01      9RAPBEK0
54:t5:n10326.t02      7GOGXEX5
54:t5:nd6653.t03      6VEJMON5
54:t5:nd7015.t02      0REBMUS4
54:t5:n10155.t02      6WIJNIH2
54:t5:n11476.t01      3CAQDOW5
54:t5:nd7535.t02      1SUJNUX8
54:t5:nd6770.t03      3DILSER2
54:t5:nd6770.t02      3SIKPEB1
54:t5:nd6151.t03      5XOCJUL3
54:t5:n10202.t01      8XIHWUW0
54:t5:nd6536.t01      6VIDDUP1
54:t5:nd6566.t02      5VENGEB5
54:t5:n11312.t01      5PISROR2
54:t5:nd5272.t01      7XESZIF6
54:t5:nd7063.t01      4WEDXIH0
54:t5:nd6030.t01      4QEYKOV3
54:t5:nd6773.t02      0YOVLEB1
54:t5:nd5506.t02      2BUDMOX7
54:t5:n10520.t03      1JOLGOT4
54:t5:nd7763.t01      6COCMOF2
54:t5:n11274.t02      8REMHIR1
54:t5:nd5576.t02      3NIMXEP0
54:t5:n10304.t01      8GEGJEW4
54:t5:nd5511.t01      2KOYXOC8
54:t5:n10557.t02      9VOHLIY2
54:t5:n10557.t01      4LEYTIS8
54:t5:n10352.t03      3BASKUB5
54:t5:n10550.t02      2GAHDIM3
54:t5:n10352.t02      6NUYMAF5
54:t5:nd6222.t01      0ZEYKOP3
54:t5:nd5133.t01      5YUNYOD7
54:t5:nd7732.t02      2FIXJAD4
54:t5:nd7113.t04      0SUBHUV1
54:t5:nd6141.t02      2RIRQOC1
54:t5:nd5437.t01      1TEYLIW2
54:t5:nd5601.t01      2KAXKUD4
54:t5:nd7766.t02      6QIHFIS1
54:t5:nd6240.t02      9YEXSOW5
54:t5:nd5617.t01      1JASJAC7
54:t5:n10055.t04      8HADSIQ1
54:t5:nd6457.t01      1QESFUR7
54:t5:nd6351.t03      3QIXWOH0
54:t5:nd5451.t02      2LUZLIS3
54:t5:nd5674.t01      4SAJQEV0
54:t5:n10321.t02      4GUFQEK3
54:t5:nd7026.t02      2ZOJYES0
54:t5:n10157.t03      1NODYOL6
54:t5:nd5424.t01      0BOBQUS8
54:t5:n10006.t04      3YAKQAC2
54:t5:nd5505.t04      7XEKBEP4
54:t5:nd6135.t03      0DESXIZ6
54:t5:n10355.t02      5KISBIM2
54:t5:nd7564.t02      1RIGRAF2
54:t5:n10517.t02      8KOQGOT6
54:t5:n11174.t02      9JEHDUQ8
54:t5:nd6054.t01      8QEPWAJ4
54:t5:n10126.t01      9RARCEX7
54:t5:nd1055.t01      4TIZTIM5
54:t5:nd6615.t02      8POQFOD4
54:t5:nd5553.t02      0GIJXAM0
54:t5:nd5517.t02      7WOYFAM5
54:t5:n10315.t01      9VUSNOK5
54:t5:nd7416.t02      1MAMYAT1
54:t5:nd5677.t03      5KEVGUY6
54:t5:n11206.t02      7JIXJIV4
54:t5:n11260.t04      6DEJKAP5
54:t5:n11260.t02      2DAGPOD7
54:t5:nd7121.t01      1XAHRAT4
54:t5:nd7614.t01      3FOLXUH8
54:t5:nd7614.t02      5PEDCUT9
54:t5:nd6302.t01      9CUNXEK6
54:t5:nd7670.t01      2GALLOF7
54:t5:nd5026.t01      3TEBDIG7
54:t5:nd7420.t01      3CUSSUN0
54:t5:nd5341.t02      9CEHFUK2
54:t5:nd7015.t03      7YENLIP6
54:t5:n11210.t01      4DOVMOV9
54:t5:nd5627.t02      6RENXOB8
54:t5:nd6572.t01      9YELXED5
54:t5:nd7123.t01      6CIFJET5
54:t5:nd5100.t02      9KEVHUZ9
54:t5:n10022.t04      3FEQTEL0
54:t5:nd6770.t01      0RISMOH3
54:t5:n10220.t04      9QIMVAZ0
54:t5:nd6070.t03      6VIPDAY1
54:t5:nd7307.t03      6VITGIM7
54:t5:nd6022.t01      7SUKQIS7
54:t5:nd5741.t02      5WIRBOR2
54:t5:n10062.t03      2NAQSAK2
54:t5:nd6146.t02      7TITJUC6
54:t5:nd7665.t01      5NUGGEM8
54:t5:nd7055.t01      1ZUYHIL2
54:t5:nd5606.t01      0TUWVOR2
54:t5:nd7764.t04      0FUWXUY9
54:t5:nd5471.t01      3DENRUN9
54:t5:nd5354.t02      7NIFMOV5
54:t5:nd6371.t02      5TOYBIH9
54:t5:nd5363.t02      8RASVAV5
54:t5:nd6001.t01      9YEPBUN7
54:t5:nd6710.t02      7ZIRCIS8
54:t5:n10462.t02      7CORSUP8
54:t5:nd7061.t04      7BUMFUN5
54:t5:n10732.t01      1YOGLIW8
54:t5:nd7707.t01      6YIRNOX1
54:t5:n11371.t02      9YULMOT9
54:t5:nd7266.t03      5LOTLEW4
54:t5:nd7403.t01      6REVQEX7
54:t5:nd6422.t02      7KOMROV9
54:t5:nd7000.t01      2NEDJAB3
54:t5:n10671.t01      4MUTYUR3
54:t5:nd6235.t02      2ZOWPUS2
54:t5:nd6154.t03      0CUNZID2
54:t5:nd6575.t02      4CUTWID6
54:t5:n10752.t02      5FAMHUQ4
54:t5:nd6262.t01      4YECCUP9
54:t5:nd5245.t01      4LEHDIC0
54:t5:nd5443.t01      6MIFQEB6
54:t5:nd7002.t03      5JUYNAH5
54:t5:n10025.t03      8KUXVEL5
54:t5:nd6370.t03      6KOPVAH4
54:t5:nd6102.t03      6CIMSUH6
54:t5:n11024.t01      8XADVIW7
54:t5:nd7720.t01      0HOQLEC6
54:t5:nd6505.t03      8QOPBAT7
54:t5:n10205.t01      3LOFQEK3
54:t5:nd7054.t02      4BIQKUQ2
54:t5:n11411.t01      3WIRTEJ9
54:t5:n10331.t01      5NIQCAH4
54:t5:n11166.t01      7LITXAS8
54:t5:nd7540.t01      7LAVNIL4
54:t5:nd7324.t01      1PEVHID4
54:t5:nd5056.t01      5FAJPUR8
54:t5:n11706.t01      8LEKLOK0
54:t5:n10151.t02      2WIKSEQ7
54:t5:n10151.t01      3LAVLUW4
54:t5:nd6540.t01      5NEPFEX5
54:t5:nd5665.t02      5HECROD1
54:t5:nd6423.t01      2TIWMEM7
54:t5:nd7170.t01      3FAMYUN6
54:t5:nd5451.t04      2QOBNOL3
54:t5:nd7026.t01      1HAHLIV0
54:t5:nd5451.t01      8SIKYIL4
54:t5:nd6475.t03      7LOQFIW6
54:t5:nd6405.t01      1HAHCOR5
54:t5:n10724.t02      5NODCUQ5
54:t5:nd7314.t03      4DIHZEJ8
54:t5:n10067.t04      4MOTLIQ2
54:t5:nd6565.t01      7NENLAV0
54:t5:nd6402.t01      8BAYFAP9
54:t5:nd5223.t01      2JOKPIJ1
54:t5:n10370.t03      9HERRUQ3
54:t5:n10647.t01      0HAFCIR8
54:t5:n10622.t01      0FIHWUF3
54:t5:nd5241.t01      0RIVGIY5
54:t5:nd6166.t01      2RIGMAJ5
54:t5:nd6463.t01      6LIBDEK9
54:t5:nd6213.t02      5ZISZOV6
54:t5:nd5743.t02      7FEDLOL4
54:t5:nd5446.t03      5GUNDER9
54:t5:nd7113.t03      3DEGQAC4
54:t5:nd5635.t01      1GAGMAT7
54:t5:nd5520.t04      7YILVOL6
54:t5:nd7273.t02      4BALHOY3
54:t5:n11475.t01      0WOHHUC8
54:t5:nd6526.t02      5WIXGAY7
54:t5:nd5516.t01      1GOMQAT6
54:t5:n10726.t02      6VINDEX5
54:t5:nd5732.t01      8VOLTIW3
54:t5:nd6335.t02      9JUCXAG7
54:t5:nd7514.t01      9DEZLOJ5
54:t5:n11403.t02      1YISFEZ4
54:t5:nd6400.t02      4PEXKIQ9
54:t5:nd5516.t03      4BIYHEW1
54:t5:nd5320.t01      8SIZYIM8
54:t5:nd7773.t01      6NAWSOJ7
54:t5:nd5775.t05      9YOKGUW8
54:t5:nd7613.t02      4CEDZAG2
54:t5:n10062.t02      5HOSDOV4
54:t5:nd7003.t01      6JULROM3
54:t5:nd7424.t01      4FACLIQ5
54:t5:nd7030.t02      2WIBHAW9
54:t5:nd6435.t01      8YIDSOC5
54:t5:nd6615.t01      1MANSOW2
54:t5:n10763.t03      8QUMMAT0
54:t5:n10556.t01      6XIQGEC7
54:t5:nd7605.t01      5KUWCUR7
54:t5:nd5231.t04      7KECFOV8
54:t5:nd6705.t02      3VODMOV7
54:t5:nd6230.t01      8YAFLOG2
54:t5:nd5715.t01      2LAPLOL5
54:t5:n11260.t01      9ZAXWIK3
54:t5:nd7623.t02      5KAJYIC7
54:t5:n10711.t02      7TUYNIB5
54:t5:nd7722.t02      6DEJNOC7
54:t5:nd7056.t01      7WISFOT0
54:t5:nd7623.t03      9TISREC6
54:t5:nd5670.t01      7LEPLUB7
54:t5:nd6113.t01      9SOQQES4
54:t5:n10032.t02      6WUPJED6
54:t5:n10507.t03      1XOQFOP1
54:t5:nd7016.t02      9GAZYOM1
54:t5:n10327.t02      7MUSHOJ0
54:t5:n11452.t01      2NOYPIP1
54:t5:n11400.t01      7QOMBAD7
54:t5:n10005.t02      3FOLZIZ9
54:t5:n10165.t02      8BUTQUD5
54:t5:nd6440.t01      8BOJFIB9
54:t5:n11371.t03      3PEBYUC2
54:t5:nd7106.t01      5DUZTOL0
54:t5:nd7034.t01      8QOJNEK3
54:t5:n10023.t01      8WACPIH4
54:t5:nd6134.t05      3WAZDEN8
54:t5:nd5135.t03      7HIPGEV8
54:t5:n11407.t01      5RINPON5
54:t5:nd2641.t01      7NEPRET1
54:t5:nd5735.t01      4LUZKAF8
54:t5:n11307.t01      1TIHJUR7
54:t5:nd6617.t01      9VOFZEX8
54:t5:nd6257.t03      5PAQYAF5
54:t5:nd5521.t04      7KEQWIN3
54:t5:n10103.t01      7ZOPJIT7
54:t5:nd5233.t02      4TUFNAS7
54:t5:nd5744.t04      5KUPXEV6
54:t5:nd5744.t02      1XOQRAY9
54:t5:nd5071.t01      6LEWWUZ2
54:t5:nd7643.t01      4WAVZOD2
54:t5:nd5663.t03      1LINYOW8
54:t5:nd6513.t01      5YEXTIT9
54:t5:n10454.t01      3BESMOD9
54:t5:nd5476.t02      9ZEXFOR0
54:t5:n10751.t02      7ZAHSIK1
54:t5:nd7701.t01      5JUHGEN0
54:t5:nd7062.t02      3XAFDOB6
54:t5:nd6036.t02      0HEXSEC0
54:t5:nd6612.t03      7PILVAY6
54:t5:nd7762.t02      1ROXWAC9
54:t5:nd6655.t04      1CUTSEX5
54:t5:nd6630.t02      4GAYXUZ7
54:t5:nd5111.t03      0SICRUY7
54:t5:n11005.t01      8TORKOX5
54:t5:nd5541.t01      8KUNZAV3
54:t5:n11775.t02      6XUHSEW5
54:t5:nd6261.t04      7MOWSOH4
54:t5:n10114.t04      8JAJDEB8
54:t5:nd7140.t04      4YIRSAS5
54:t5:nd2640.t02      3ROVGAJ4
54:t5:n11466.t01      8SUBWEL9
54:t5:n10064.t01      2BOTMUT2
54:t5:nd6436.t01      6LIBZEL7
54:t5:nd6240.t01      9DUPSOW1
54:t5:nd7543.t02      7ROSJIJ8
54:t5:nd7543.t01      1HUPCAD7
54:t5:nd6526.t01      3BISVET3
54:t5:nd6647.t01      6TIFXIK1
54:t5:n10106.t01      4TORTET2
54:t5:n10554.t01      8RAJLOP5
54:t5:n10520.t01      6QIKVIT8
54:t5:nd6505.t01      4LOGXOL7
54:t5:nd7423.t01      8XELGEZ5
54:t5:nd6575.t01      6TIDCUY7
54:t5:nd5731.t01      8CAXZUG4
54:t5:n11330.t01      7VEYWID5
54:t5:nd4570.t01      1YICXAV7
54:t5:nd6003.t03      8FIVSIS7
54:t5:nd6730.t03      1NEPJAN3
54:t5:nd6773.t03      8FAWZUG4
54:t5:nd5443.t03      1TETXUC3
54:t5:n11751.t01      3RADXEB4
54:t5:nd5074.t01      2HEWTOS6
54:t5:n11411.t03      3VOQNIP0
54:t5:nd6136.t01      5GUDGUD2
54:t5:nd7612.t04      5PUBXAZ0
54:t5:n10511.t04      9LOPJAS4
54:t5:nd5140.t01      7FEMTIM3
54:t5:n10555.t01      2REDSEQ2
54:t5:n11151.t01      1KEFYEF6
54:t5:nd6155.t02      9PINBUK5
54:t5:n11464.t01      4MIXQAN6
54:t5:n10026.t03      0SUPSOK1
54:t5:nd5075.t03      0WAGNOM7
54:t5:nd7244.t01      5NACHIW4
54:t5:nd6112.t04      9GAHZAB9
54:t5:nd6173.t04      2NOKLOM9
54:t5:nd5471.t03      6XARTOW0
54:t5:n10357.t01      2XUXHAD6
54:t5:nd5023.t01      5VORPID8
54:t5:nd5453.t01      3RELZAC3
54:t5:n10032.t04      7GINFUY3
54:t5:nd6100.t01      6PUBXIM2
54:t5:nd3756.t04      1TUNMUX7
54:t5:n11013.t01      3YOMTOZ6
54:t5:n11461.t01      2YOKKUD2
54:t5:n11434.t01      5LODNUR3
54:t5:n10122.t01      4KEZWON6
54:t5:nd5342.t02      8BUQSON1
54:t5:nd5342.t01      4WOVSIY3
54:t5:n11400.t02      8XOXDAP9
54:t5:nd5673.t01      0FILZUP4
54:t5:nd5342.t03      0GOPSIK6
54:t5:n11146.t01      0VOVQOG8
54:t5:nd7275.t01      1DOZSEK6
54:t5:nd6474.t01      5DIWTAT9
54:t5:nd7403.t02      3XIJJOL0
54:t5:nd6323.t03      4GEYVIJ6
54:t5:n11713.t01      3REFQIV0
54:t5:nd5135.t01      2SUCFEP5
54:t5:nd5324.t01      0MIHGON9
54:t5:nd6573.t01      2LURQIT4
54:t5:nd5135.t02      3SUJLUM3
54:t5:nd7335.t01      2FAYMEK4
54:t5:n10101.t01      8LADPOV4
54:t5:nd5132.t01      7WUBNEB0
54:t5:n11251.t01      7YOQBAM9
54:t5:nd5231.t05      6ZUXPIH3
54:t5:nd6203.t04      7RUQWOM6
54:t5:nd5427.t01      0KAXZOD9
54:t5:nd6255.t02      0HIQREL6
54:t5:n11134.t02      3LEKPAL0
54:t5:nd6237.t02      1KATVIT1
54:t5:nd5006.t01      3WUFZEN0
54:t5:n11260.t03      0LIFLEN8
54:t5:nd6203.t03      9SAZHUP7
54:t5:nd7704.t02      5QAJJIN7
54:t5:n11375.t01      2WOYMEJ0
54:t5:n10544.t02      0PAPMIB2
54:t5:n10751.t01      6TOVWIZ9
54:t5:nd5566.t01      7CAVDOG7
54:t5:n10670.t01      1QURTEV1
54:t5:nd6117.t03      8WUXHUQ9
54:t5:nd5631.t01      4YICBAZ6
54:t5:nd5505.t01      8HIPKUV4
54:t5:nd5721.t01      6TADJAD7
54:t5:nd6117.t01      0XAYNOY9
54:t5:nd6475.t02      9VANVAF0
54:t5:nd5523.t01      1VAQXEX0
54:t5:nd5262.t01      9MUJBOS4
54:t5:nd6072.t01      2COBPIQ9
54:t5:nd6072.t02      5JONDAH6
54:t5:nd5665.t03      2KEKJUJ3
54:t5:nd6153.t01      9YOSDUQ9
54:t5:n10330.t02      5ZAKCAR4
54:t5:nd5334.t03      4PUKYAF7
54:t5:n10173.t01      1QOQXEQ7
54:t5:n10632.t01      2YUKLIN7
54:t5:nd5224.t01      0JEYSEF5
54:t5:nd6115.t01      7HUHCOP7
54:t5:nd5521.t02      0WABNEM6
54:t5:nd5341.t01      6LOLJEM2
54:t5:nd6421.t01      9HINHAB9
54:t5:n11433.t01      9MASRUW2
54:t5:nd7420.t02      8QEJMIB8
54:t5:nd5134.t01      9GIBJET8
54:t5:nd7767.t01      4NAKLIY5
54:t5:nd5071.t02      3NUCTOB9
54:t5:nd6275.t01      7CALNUP2
54:t5:nd7760.t01      5NIPWIT0
54:t5:nd6617.t02      8BUSWUV7
54:t5:nd7767.t02      7KOKLAL3
54:t5:nd5744.t03      4DEXMIM5
54:t5:nd6133.t01      6GATBIS1
54:t5:n10106.t05      7PEJKUK5
54:t5:n10106.t04      9YOCCAK0
54:t5:n10106.t02      7BEGFEG9
54:t5:nd5065.t01      6TUGKUQ0
54:t5:nd6262.t02      3WOYHIL6
54:t5:nd6433.t03      7ZAZKUB6
54:t5:n10752.t03      1BIHQEZ2
54:t5:n11015.t01      0DIJHOB2
54:t5:n11132.t02      1RULKIH1
54:t5:n10007.t01      5YOPJUX7
54:t5:n10313.t01      6TECYAT5
54:t5:n10545.t02      6TURWOH7
54:t5:nd6111.t01      1QIFGEJ0
54:t5:nd5425.t04      8SOXLIS7
54:t5:nd6271.t02      2XISBUG6
54:t5:n10205.t02      9DUBDAF5
54:t5:nd6334.t01      8DIQWIC5
54:t5:nd5533.t01      2MIVDES5
54:t5:nd5533.t02      1NIGRUD9
54:t5:n11402.t01      7NEKHUQ8
54:t5:nd5236.t01      1PECKIG3
54:t5:n10244.t01      4YAKBEJ1
54:t5:nd6652.t01      3SAMQIX5
54:t5:nd6411.t01      7GIYFEH3
54:t5:nd7140.t03      8CAGYIH7
54:t5:nd6510.t01      8XIVKEP8
54:t5:n10235.t02      8SUSWUY5
54:t5:nd7122.t01      7WABHOZ1
54:t5:nd7462.t02      5QURSAW3
54:t5:nd6634.t03      0FURBUP5
54:t5:n10253.t02      6WIVCIW6
54:t5:n10674.t02      2CUYFAG6
54:t5:nd7552.t01      5REWMUM1
54:t5:nd7514.t03      5KAPXUL6
54:t5:n10323.t01      3ZOWTUS2
54:t5:n11266.t01      3DAKTUB5
54:t5:nd5775.t01      8ZURMOV3
54:t5:nd6040.t01      3SUYSIQ9
54:t5:nd5676.t04      9POBKEY2
54:t5:nd6400.t05      6XAYKOQ4
54:t5:nd6400.t03      7YEBQOC3
54:t5:n10026.t02      2FUXKOL1
54:t5:n10242.t01      7ROXQIN6
54:t5:nd5615.t01      6LAFCOG6
54:t5:nd6074.t01      7CIRTIW1
54:t5:nd6173.t02      9MUFYAF2
54:t5:nd5471.t02      8JESSAR7
54:t5:nd5354.t01      4WUMGOW9
54:t5:n11160.t01      9SUWFOX0
54:t5:n11322.t02      1GUNQOQ2
54:t5:nd5453.t02      0DIWNOB8
54:t5:nd5363.t04      3WEQLIX0
54:t5:nd7145.t02      9CIMCAT6
54:t5:n10567.t01      6GEFXOF4
54:t5:nd5521.t03      5CEVXEJ5
54:t5:n10551.t01      8VUGKOC8
54:t5:nd5053.t02      2HIWJID6
54:t5:nd7526.t03      8YEHRIX4
54:t5:nd6214.t02      8COFRIZ6
54:t5:n10461.t02      0HOGYIL9
54:t5:nd5701.t04      7ZUTDEW8
54:t5:n10310.t02      1ZIRWAL7
54:t5:n11064.t02      7VAPDAF8
54:t5:n11064.t01      3KAWYAD3
54:t5:n10056.t01      4DAWJOD0
54:t5:nd7275.t02      9ZOWRUL6
54:t5:nd6053.t02      7PUBROG6
54:t5:nd7626.t01      7JOXDOF8
54:t5:nd5054.t01      1FOSZAP9
54:t5:nd6710.t01      4SODQOG5
54:t5:n10462.t01      2LARROL2
54:t5:nd6305.t01      2TOZLIT2
54:t5:n10221.t01      4TIXDIC2
54:t5:nd7151.t01      1ZEFHEZ8
54:t5:nd5414.t01      1VENZEC3
54:t5:nd5621.t01      7HICMIR4
54:t5:nd6332.t01      7BESHAV4
54:t5:nd6314.t03      7DOMGEP2
54:t5:nd5702.t02      8QIBVUR0
54:t5:n10507.t01      8RUHDAL6
54:t5:n10203.t01      9ZIHVIX5
54:t5:nd5720.t02      9XAPWEJ9
54:t5:n10757.t01      6BUTFEN1
54:t5:nd6573.t03      3ZAXNUT3
54:t5:nd6100.t03      4PASGUL8
54:t5:nd6242.t01      2VIQBIV1
54:t5:nd5613.t03      2LUQBUY9
54:t5:nd7771.t01      4ROFLUW7
54:t5:nd5575.t01      6TOBNAQ0
54:t5:nd5055.t01      3QEPFIH9
54:t5:nd6711.t01      0RUMSED0
54:t5:nd6457.t02      2QAWKOG1
54:t5:nd7474.t01      7FIKPID5
54:t5:nd6333.t02      8BUMQIB8
54:t5:nd5064.t02      4JOVZEY4
54:t5:nd6655.t03      9FURGAH9
54:t5:nd5647.t02      7YOVSOB5
54:t5:n10067.t03      7TIRTOB3
54:t5:nd7753.t02      6VOBWID2
54:t5:nd6565.t04      0YIBQIX8
54:t5:nd6565.t02      1TUMBOC8
54:t5:nd5467.t01      6NOWWAM6
54:t5:nd7143.t01      0RIGZOY5
54:t5:nd7076.t02      8JAKWUL3
54:t5:n10605.t01      5VATFUD5
54:t5:n11201.t02      8VIFJET8
54:t5:nd6653.t01      3JAWGON6
54:t5:n10713.t01      4NAWBUD3
54:t5:nd6313.t03      4LAHYAK1
54:t5:n10065.t01      2COLGID2
54:t5:n10722.t04      2SIXBAD2
54:t5:nd6653.t02      8QAWNUD3
54:t5:n10301.t01      8CEXMOS6
54:t5:n10722.t03      5QOLGEN8
54:t5:n11325.t01      9KOKZAY8
54:t5:n11712.t01      6KUGKUZ8
54:t5:nd6572.t03      1BUWMAW3
54:t5:n10713.t03      5HUGXAG4
54:t5:nd6070.t02      6VIQCUL0
54:t5:nd6527.t01      0CATBOK6
54:t5:n11360.t01      5QISCEL0
54:t5:nd6652.t02      1NUPSIK0
54:t5:n10746.t01      5BUGPUX5
54:t5:nd6411.t02      5DAGCOH8
54:t5:nd5421.t01      1MANCEH3
54:t5:nd5160.t01      2VEZLOY7
54:t5:nd7273.t03      7RAMLEB4
54:t5:nd5446.t01      2VEMKIF0
54:t5:n11414.t03      0LUVPOG3
54:t5:n11414.t02      8FUFKEW2
54:t5:nd6024.t01      7PAHDEN6
54:t5:nd6067.t01      1JINVOD3
54:t5:n11423.t02      6YADNEF3
54:t5:n11153.t01      9KAPKIC0
54:t5:nd5043.t02      5BUMJUY2
54:t5:n10201.t03      7NOJDET3
54:t5:n10356.t01      7ROFDIC0
54:t5:nd7234.t01      6YOJRED2
54:t5:nd5362.t01      2WALLAW4
54:t5:n10572.t03      0PESTOJ7
54:t5:nd7720.t02      3FITYER5
54:t5:n10545.t01      6WOWNIG0
54:t5:n11132.t01      7PEMYES2
54:t5:nd5576.t05      3ROXGIL8
54:t5:nd5740.t01      3BALXEH7
54:t5:nd6111.t02      0YUXGID6
54:t5:nd7612.t01      5FURNAW6
54:t5:n10322.t03      3MAKGIV9
54:t5:nd7251.t01      7LUYTAP3
54:t5:nd6270.t01      2WINVOL0
54:t5:n10643.t01      6SONZUQ8
54:t5:nd6720.t01      9ZUSKEZ8
54:t5:nd5532.t01      2XIRNEJ1
54:t5:nd5210.t05      4JITPOL8
54:t5:nd5271.t01      8JEFKOT9
54:t5:nd7422.t01      9CIYMOV3
54:t5:nd5012.t02      6JAZCAH0
54:t5:nd7564.t01      6HONVUM5
54:t5:n11174.t01      9ZAYLEC6
54:t5:nd7366.t01      2HAZQAC6
54:t5:nd6261.t03      2PIGJUX3
54:t5:nd6261.t01      7BEMPUG7
54:t5:nd7035.t01      2DUCJUM1
54:t5:nd7143.t02      7QAZMID9
54:t5:nd6174.t01      1FOFTAX9
54:t5:nd5006.t02      2HUWKIY5
54:t5:n10324.t03      7GUNKUN9
54:t5:n11357.t01      9KIDJUN0
54:t5:nd7506.t01      2DUHSEY0
54:t5:n10306.t01      5VINCOG4
54:t5:nd6732.t01      1DACWER6
54:t5:nd6203.t01      3HUVNEV9
54:t5:n11431.t01      2ZUPZOX3
54:t5:nd6140.t03      3SEMMAL5
54:t5:nd5562.t01      8SUKLIR3
54:t5:n10324.t02      4QINCOM2
54:t5:nd6651.t01      0YADTOZ0
54:t5:nd7623.t01      4JAWTUP4
54:t5:nd5715.t02      0TAWVOK5
54:t5:nd6203.t02      5PEGCOF8
54:t5:nd5724.t04      6ZOXZAC9
54:t5:n11762.t01      6KEYJEP7
54:t5:nd7514.t02      7BIYRAZ7
54:t5:nd7021.t01      5SUSYIF0
54:t5:n10663.t01      6TEHDAD9
54:t5:nd7226.t01      1QUVXEK0
54:t5:nd5122.t01      2RAQYUR3
54:t5:n11322.t03      7NESDAK4
54:t5:nd6400.t04      0FODYAC1
54:t5:nd6542.t01      1WOQTIW2
54:t5:nd5676.t02      0BUMSAV5
54:t5:nd6146.t03      2ZIPFIX1
54:t5:n11752.t01      6CUVYEJ0
54:t5:nd5131.t03      7HEDBAF4
54:t5:nd7764.t01      0FAJFUK9
54:t5:nd6263.t01      0GUBJAV1
54:t5:n11653.t01      5RILDOG2
54:t5:n10717.t01      4ZUQMIY1
54:t5:n10044.t02      1RIKBUH7
54:t5:n11176.t01      6DOWZOY4
54:t5:n10017.t01      4YELJUZ8
54:t5:n10465.t01      1VOFFOQ3
54:t5:nd7145.t01      3GUYDAV4
54:t5:nd6172.t01      5DAMXAM6
54:t5:n10671.t02      2WUQVEH5
54:t5:n10644.t01      4HAKHIR8
54:t5:nd6755.t03      8SAWDES9
54:t5:nd6370.t04      7GIPHUQ2
54:t5:n11346.t02      1MEGYEW3
54:t5:nd6674.t01      3HAXHAJ2
54:t5:n10007.t02      6LESDUP6
54:t5:n10313.t02      9FAMBIV3
54:t5:nd5576.t01      7DIBHUJ2
54:t5:nd7002.t02      4KERHEB1
54:t5:n11445.t01      6KEJTAM7
54:t5:nd5542.t01      5REPPOF7
54:t5:nd7020.t02      7LAFJIC3
54:t5:nd5560.t02      3VOHCUW1
54:t5:nd7754.t01      1SESGOQ4
54:t5:n11123.t02      9KEXSIT2
54:t5:n10322.t01      9LOMBUD8
54:t5:n10016.t01      0BIMCAV7
54:t5:n10743.t01      5XEPRAL4
54:t5:n10127.t01      9JOFKOP6
54:t5:n10656.t01      7RAXTUN6
54:t5:n10046.t01      9TISPEW5
54:t5:n10647.t02      8WITVUF1
54:t5:nd6024.t02      6TUKKEX9
54:t5:nd7705.t02      6GERXOT8
54:t5:nd5034.t01      6YEFZEP5
54:t5:nd5124.t01      6ZUBKEJ1
54:t5:nd6141.t01      7PIWVOH4
54:t5:n11135.t03      3SOQMEY4
54:t5:nd7417.t01      3COSCUZ5
54:t5:nd5502.t01      9BAGKOZ7
54:t5:nd6321.t01      3XILYOT1
54:t5:nd5374.t02      1BUVGUQ6
54:t5:nd5700.t03      1JEBLOL0
54:t5:n10523.t03      4QIJYIF5
54:t5:n10523.t02      5WUHJUC6
54:t5:n10523.t01      3MUHBEX7
54:t5:nd6025.t01      5BUYCIP9
54:t5:nd6176.t01      0PIWMEG3
54:t5:nd5267.t02      8BAHCAP9
54:t5:n10146.t01      8WEBWED7
54:t5:nd7175.t05      6HUQPOP9
54:t5:nd5710.t01      2LAQJEG3
54:t5:nd6052.t01      4HOKZUQ6
54:t5:nd6761.t01      2BARNIS5
54:t5:n11120.t01      7TATJAM5
54:t5:nd5053.t01      3LUPVAZ4
54:t5:nd5701.t01      3MEQMOR3
54:t5:nd7105.t01      9ZEHXEZ9
54:t5:nd6257.t01      6FANTAS9
54:t5:n11210.t03      3COTVAG1
54:t5:nd7411.t01      4VOYDOT6
54:t5:n10211.t01      2VEVLUB3
54:t5:n10632.t02      6WONQEN4
54:t5:nd6214.t01      6KOXTAS0
54:t5:n10220.t02      2XOFSEF9
54:t5:nd5375.t01      3ROHJAW8
54:t5:nd6260.t03      1KUQFES6
54:t5:nd5020.t01      8PUPVEM0
54:t5:iscs06.t03      6HIMWEW3
54:t5:nd7232.t01      7HESRET9
54:t5:nd7770.t01      2LAHNIW7
54:t5:nd5727.t02      3QEHJUM5
54:t5:nd5540.t01      4YAXFUR3
54:t5:nd5333.t03      5BEHMEF5
54:t5:nd5457.t03      1MEQLEL5
54:t5:n10732.t02      7DELJOL0
54:t5:nd7617.t01      1FODKUD4
54:t5:nd7473.t01      3HEHYUD0
54:t5:nd5466.t01      1WASCIL3
54:t5:n11344.t01      1NEQRUQ8
54:t5:nd5517.t01      2FOLYER8
54:t5:nd5006.t03      5GASSOX5
54:t5:nd7065.t02      4FISTEM3
54:t5:n11053.t01      6HIZTOD6
54:t5:nd5132.t03      7BETYUT6
54:t5:nd5436.t01      6MOCVAQ7
54:t5:nd7254.t01      8RUFRUK4
54:t5:nd5141.t01      9HUPCAB7
54:t5:nd5427.t02      6MIJTOY4
54:t5:nd7065.t03      9MOZCUQ4
54:t5:nd5724.t02      0WALJEP2
54:t5:n11413.t02      4CICYOD6
54:t5:nd6075.t01      8SOMZOM4
54:t5:n11314.t02      8SORFIH8
54:t5:nd7765.t01      0WOMJIM0
54:t5:nd7765.t02      3SEBZOK5
54:t5:nd7722.t04      3JOLCIG3
54:t5:n11413.t04      7MEPBEQ1
54:t5:nd5033.t01      1SESXIF5
54:t5:n10657.t01      1DILTUN6
54:t5:nd5323.t02      7KEXSUQ4
54:t5:n11271.t01      3BOLGOP9
54:t5:nd5053.t03      1RUWNUS6
54:t5:nd5771.t01      8WIWZOT0
54:t5:nd6223.t01      1TOJTIR7
54:t5:n11476.t02      5CUSFEJ7
54:t5:nd7535.t03      6PEVTUM2
54:t5:nd7411.t02      0ZORZIR4
54:t5:n10461.t03      0CUCBAZ3
54:t5:n10461.t01      3QOBCEN2
54:t5:n11325.t02      3ROHVUW9
54:t5:nd7411.t03      4NATROS9
54:t5:n11300.t02      9LEBZAP9
54:t5:n10112.t01      9SEVFAS5
54:t5:n10216.t01      0YOFFAD9
54:t5:n10664.t01      1JESHIQ6
54:t5:n10054.t01      3CESNEB2
54:t5:n11035.t01      9BUTMAD8
54:t5:n10630.t01      5JOKHUG7
54:t5:nd7416.t01      7QAGPIV4
54:t5:n10063.t01      0MOPCUT4
54:t5:n11206.t01      4MALVEJ4
54:t5:nd5733.t01      8WUHFET2
54:t5:nd6140.t01      6FIMCOC9
54:t5:n11276.t02      5MOXGUH7
54:t5:nd6732.t03      0MANNIC0
54:t5:nd5303.t01      3ZADFIY1
54:t5:nd7040.t02      9CERQUS3
54:t5:n11152.t01      1BAZPUS0
54:t5:n10522.t01      2SOQGAZ1
54:t5:n10200.t02      7WUHTOR1
54:t5:n10332.t01      9HOQTIV7
54:t5:nd7120.t01      9MOSLOG2
54:t5:n10654.t01      5QUVFEF5
54:t5:nd7307.t02      7TAWMER0
54:t5:nd7712.t01      3FECWUK6
54:t5:n10672.t01      8JUSFAW9
54:t5:nd6335.t03      1HEPBIT6
54:t5:nd7377.t03      7WAVQUZ6
54:t5:nd6400.t01      2ZIFTEM2
54:t5:n11322.t01      1REZSAR7
54:t5:nd5005.t02      1XALHUG6
54:t5:n10530.t01      8WEDXAC8
54:t5:n10206.t04      1JOMGIH0
54:t5:nd7424.t03      8DEHPOQ9
54:t5:nd6254.t04      0HUYLUF4
54:t5:nd5023.t02      7ZEGJAW2
54:t5:nd7613.t04      2VAQRIL5
54:t5:nd5511.t02      5POQFEN1
54:t5:n11144.t01      5TUCBOV2
54:t5:n11063.t01      6WOGXEQ6
54:t5:n10665.t01      8NUBQOJ7
54:t5:n11405.t01      7QUBLOJ3
54:t5:n11376.t02      1JADQOL4
54:t5:n11252.t01      6PUCWIZ9
54:t5:nd6114.t02      3HADCAW0
54:t5:n11655.t01      9MUGFAL8
54:t5:nd6256.t01      6WOVBUH0
54:t5:nd6373.t01      7PAPXIH9
54:t5:nd5077.t02      1HINCIY9
54:t5:nd7264.t04      2BUNGAG6
54:t5:nd7417.t03      4VOLTOR7
54:t5:nd6171.t02      4HAYZUY2
54:t5:nd6351.t01      2LOTQUL7
54:t5:n10661.t01      9GIRTUN6
54:t5:nd6171.t01      5GOVXUJ5
54:t5:nd5566.t03      6FEXRAQ0
54:t5:nd5566.t04      3CACDOD5
54:t5:nd6376.t01      4YOVBAX5
54:t5:n11014.t01      4JOCVAS0
54:t5:n11435.t02      6SOYMOZ6
54:t5:nd5442.t02      9QOYXEN0
54:t5:n10355.t01      3HECPIY5
54:t5:nd5012.t03      5MEQCUM4
54:t5:n10571.t01      1WOBHIJ3
54:t5:n11311.t01      0BUJDIT5
54:t5:n11320.t01      0SEDJIQ5
54:t5:nd6072.t04      4JALSAZ3
54:t5:nd7143.t04      7LEGYER5
54:t5:nd7143.t03      7HENQEX9
54:t5:n10464.t01      3HAVMIT5
54:t5:n10662.t01      3JULTUN6
54:t5:n10635.t01      5MEXSUV3
54:t5:nd6755.t04      0VIWJIS1
54:t5:nd6730.t01      5XAGDUR5
54:t5:nd7655.t01      7NAQMOM3
54:t5:nd7531.t02      2VEXYER9
54:t5:n11150.t01      1RANNUW3
54:t5:nd6046.t01      5BUMYOP9
54:t5:n11463.t01      9JANTEW7
54:t5:nd7450.t01      7GAXDUC1
54:t5:n10304.t02      5NORHEJ1
54:t5:n11274.t01      8VELQIH0
54:t5:nd5747.t02      5VURPIV2
54:t5:n10025.t02      2CAWZUK3
54:t5:766.t01 6HAKMIQ1
54:t5:n10660.t01      6YASTUG6
54:t5:n10667.t01      3LAGQID7
54:t5:nd6465.t01      1CEFKOJ1
54:t5:n11130.t01      8HIXWAN9
54:t5:nd7374.t01      2NOCNUS8
54:t5:n11301.t02      8RUZGOK1
54:t5:nd6422.t01      1VULGEV0
54:t5:n10676.t02      5NIYGID5
54:t5:nd6366.t04      2ZAFSAN0
54:t5:n11253.t01      1CEKLUY1
54:t5:n10641.t01      5PUNBEM5
54:t5:nd6716.t01      7NIJYEZ8
54:t5:nd5701.t02      5LAVPOB8
54:t5:n10353.t02      1XOQPUQ6
54:t5:nd7436.t01      6YEJFOR2
54:t5:n11451.t01      6PUPFOX5
54:t5:n10722.t01      8LEQZIF0
54:t5:n10666.t01      4PAXKUZ1
54:t5:nd5413.t02      1BENKUS6
54:t5:nd6554.t02      0DURVEM1
54:t5:nd6601.t02      8JIHFIH7
54:t5:n10632.t03      8TICPIH9
54:t5:nd7060.t06      0NIZJAP7
54:t5:nd5100.t01      2TAXLEG9
54:t5:nd6430.t01      0YEWTIN1
54:t5:n11300.t01      5HIBYUM0
54:t5:nd5447.t04      9DETSEQ8
54:t5:nd6340.t01      2XARSIF8
54:t5:nd4223.t01      2WIDFAD7
54:t5:nd4133.t04      0LEQYUB9
54:t5:n10655.t01      2CUTHOB9
54:t5:n10763.t01      3KAPFUL5
54:t5:n11017.t01      6QARXIJ5
54:t5:n10612.t02      1QUTQOP6
54:t5:n11161.t01      2HAXQAS1
54:t5:nd5231.t03      9BAFTAZ1
54:t5:nd5123.t01      8JAVHOF0
54:t5:nd5427.t03      7RIMRIQ4
54:t5:n11134.t01      3KAVKID9
54:t5:nd7756.t02      9BEBCUQ9
54:t5:nd7533.t03      9GECWAM3
54:t5:n10200.t04      0GAXJUN3
54:t5:n10652.t01      8HUFWOQ9
54:t5:nd5566.t02      5GOLLOB6
54:t5:nd6243.t01      8MIJNAQ7
54:t5:nd7627.t01      8ZIHCAX9
54:t5:nd6441.t01      5HOQYAK7
54:t5:n11147.t01      4DOJKUT8
54:t5:n11147.t02      6MINXAN7
54:t5:nd6200.t01      9SOXXIW7
54:t5:nd5773.t02      3YORFOL1
54:t5:n11410.t02      8HOYYIX9
54:t5:nd5262.t03      0SUZTUV2
54:t5:nd5262.t02      0KODGIT5
54:t5:nd6277.t01      0LELHUY0
54:t5:n10760.t01      6YAKREF1
54:t5:nd7710.t02      3BAYLEW9
54:t5:n11275.t01      7QACTAG4
54:t5:nd7235.t02      1WAZQIV8
54:t5:nd6731.t02      8GAFBEQ8
54:t5:nd5552.t01      6MOQLIK7
54:t5:n11016.t02      4VIKNAQ0
54:t5:n11016.t01      9SOCJAD3
54:t5:n11671.t01      9SOBHUX0
54:t5:n10026.t01      0TEBFAP2
54:t5:n11412.t04      8TUQJER6
54:t5:n11214.t03      8HIKCAF7
54:t5:nd5750.t03      4MUTTIC5
54:t5:nd7370.t01      2JUFMUK4
54:t5:nd7424.t02      1XEHBOQ1
54:t5:nd7163.t03      2RARLOB7
54:t5:n10206.t01      1TOJWOX9
54:t5:n11700.t03      4QAZLIY8
54:t5:nd6236.t02      1POXBEL0
54:t5:nd5134.t03      0VADRAN5
54:t5:n10524.t01      2LEZMAV4
54:t5:n10560.t01      0ZEFDIP7
54:t5:n11406.t01      9HEYGUM1
54:t5:nd7067.t01      0GEYKED3
54:t5:n11755.t01      1NOTGUX7
54:t5:nd5717.t01      8LULTOM1
54:t5:nd7060.t01      8RECGAS7
54:t5:n11210.t04      2PIDBOV1
54:t5:n10515.t04      0CIGHIR9
54:t5:n10653.t01      4HUZDOQ9
54:t5:n11346.t01      3TEPDOG1
54:t5:nd5704.t02      7HEHDEP3
54:t5:nd5704.t01      9TAVQAW8
54:t5:n10572.t01      1VOYJOM8
54:t5:n11006.t02      1MIBFUF4
54:t5:nd5506.t01      5KOFVUG5
54:t5:nd5657.t02      7NUTWIK8
54:t5:n10052.t02      3HAVPAF4
54:t5:n11033.t01      6YEMNAR7
54:t5:n11033.t02      3XEMDUC2
54:t5:nd5560.t01      7SICDUT1
54:t5:nd5551.t01      9QOMMIX6
54:t5:n10566.t03      6ZINPAG0
54:t5:nd5671.t01      7REHHAV3
54:t5:nd6346.t01      3SADVUQ0
54:t5:nd5061.t01      8VICTUL1
54:t5:n10253.t01      3FUCQUF7
54:t5:nd5077.t01      2ZEPJIT2
54:t5:nd7264.t01      8KIVYOM2
54:t5:nd6715.t01      9PABBIL4
54:t5:nd7417.t04      6XUKTEW8
54:t5:nd6733.t03      5FOLXEN5
54:t5:nd5673.t02      7LEJCEB3
54:t5:nd5277.t01      2BUHVAZ5
54:t5:nd7671.t03      1MURJAT8
54:t5:n11202.t01      9FASPOF3
54:t5:nd5603.t01      0LATGER8
54:t5:n11040.t01      8JECKOK9
54:t5:nd7052.t01      2YUJTOH2
54:t5:nd5646.t04      5NUMXIB0
54:t5:nd5361.t01      9QEGHEC7
54:t5:nd7440.t01      0CONWUW3
54:t5:nd5253.t01      3PUPJON7
54:t5:nd5550.t01      4ZAPKEB7
54:t5:n11435.t01      8VAQWIZ9
54:t5:n11147.t03      8NUVHIQ4
54:t5:nd6556.t01      2YAGQUT5
54:t5:n11410.t03      3BOXXES2
54:t5:nd5111.t01      0GERVEP9
54:t5:n11426.t01      4BAYQIP4
54:t5:n11426.t02      4NUNRUJ6
54:t5:nd6464.t01      6NOPKIX7
54:t5:nd5267.t03      6RIYHOF6
54:t5:nd5267.t01      6FUGLIF5
54:t5:nd7024.t01      5MUVXUN1
54:t5:n11415.t03      5HAJKUP7
54:t5:nd7105.t02      1MUCZIH7
54:t5:nd6761.t02      3YEJPEX6
54:t5:nd7222.t02      2DESRAM7
54:t5:n11226.t03      5GIPSOK2
54:t5:n10022.t03      0LIGZOV4
54:t5:nd5620.t02      2DERYUN7
54:t5:nd5744.t01      6VOWBIS5
54:t5:nd7060.t05      2WAVBIX5
54:t5:n11316.t02      9YUVTEG6
54:t5:nd6635.t01      8WOBBIJ1
54:t5:n11647.t02      5XECPOR2
54:t5:nd6133.t02      7VEXQIZ4
54:t5:nd6070.t04      9PAWNAT5
54:t5:n11003.t01      1WIKBUP3
54:t5:nd4331.t02      3BULGAH1
54:t5:nd2603.t02      8WOQWEX4
54:t5:nd4662.t01      0BUFXOQ7
54:t5:nd4662.t02      4BEPTOK5
54:t5:nd7263.t01      5XIFHEF6
54:t5:nd7317.t01      1SODVIV1
54:t5:nd6005.t01      1SETYOX5
54:t5:n11771.t01      0RAXGAK3
54:t5:n10513.t03      2GEYHAN8
54:t5:n10513.t01      7VIMSOK9
54:t5:n10507.t02      5TEPLAJ4
54:t5:n11236.t01      0VEVFUP0
54:t5:nd5475.t01      7JEPTIB2
54:t5:nd7016.t01      7VOGSEG3
54:t5:n11317.t01      9KANWER7
54:t5:n11272.t01      2GOQCAX6
54:t5:nd6413.t02      4PUVLEP8
54:t5:nd6413.t01      5RETRIP4
54:t5:nd7106.t04      2KUWKEC1
54:t5:n11416.t01      1QEMBAH0
54:t5:nd5002.t01      8PIBBUV1
54:t5:533i.t01        0JUPMIM0
54:t5:nd5234.t01      0VEVWUG1
54:t5:n11477.t01      7SIHVUQ7
54:t5:n10525.t01      3ZOXHIM8
54:t5:n11214.t01      9DOLTEF8
54:t5:nd5543.t01      5YELMIS5
54:t5:nd5732.t03      1QEDVIP6
54:t5:nd5732.t02      0JAKNIC5
54:t5:nd5500.t01      4FUWQIQ5
54:t5:nd6731.t01      6YIQTOQ2
54:t5:nd7352.t01      1NAPWEX0
54:t5:n10233.t02      5BEBGIB1
54:t5:n11205.t02      0SEZQER1
54:t5:nd7613.t03      4COQTIP7
54:t5:n10717.t02      1HOFSER7
54:t5:nd5615.t02      7NAYNIN6
54:t5:nd5615.t05      6VIQKIB4
54:t5:nd6371.t01      4QULDEN5
54:t5:n10752.t01      8NOLFIN5
54:t5:nd7367.t01      5GOYREN4
54:t5:n11006.t01      7ZIKXUG8
54:t5:nd6102.t01      9DETDIX8
54:t5:nd7054.t05      8MUFGIF1
54:t5:nd7324.t02      1MIDYUC1
54:t5:nd7101.t02      8HANDEK9
54:t5:nd5665.t01      1CABTAL7
54:t5:nd4515.t01      2YALFAD3
54:t5:n11372.t01      8SOSDAR2
54:t5:nd6020.t01      2CANTEM8
54:t5:n10123.t01      7WITLOM2
54:t5:n11237.t01      7DIHQUD5
54:t5:nd5460.t01      6CESGOY0
54:t5:nd6243.t02      7ZIFTIB3
54:t5:nd7276.t02      7DOWSUD1
54:t5:nd7026.t03      7TOCDID8
54:t5:nd6072.t03      8PUJSUP5
54:t5:n10265.t03      2NIZWIP4
54:t5:nd6315.t01      0GAPPEY8
54:t5:nd5334.t04      2DUNQIQ3
54:t5:n11660.t01      8BESJOY5
54:t5:nd5307.t01      2LOHTOP8
54:t5:nd5313.t02      0WENFUB3
54:t5:n10325.t02      1LONQUJ5
54:t5:n11270.t01      6TEBVIL1
54:t5:nd7005.t01      6FILLON2
54:t5:n10064.t03      0TAZVEZ0
54:t5:nd6150.t03      7GOLPUW0
54:t5:n10120.t01      2WULCEH7
54:t5:nd6114.t05      4NOWVAH1
54:t5:n10575.t01      8JATZEN5
54:t5:n11135.t02      1GOYVED4
54:t5:nd6733.t02      1TILTIW4
54:t5:n11763.t02      2KUXJUT3
54:t5:nd5257.t03      6VOBMIV1
54:t5:n10210.t02      0DIFXUG6
54:t5:nd7173.t01      6WEQGUH7
54:t5:nd4662.t03      1MUVGOD6
54:t5:nd5312.t01      7TISBIK8
54:t5:nd6221.t01      3SEVBUD3
54:t5:n10745.t01      3XAPKAC1
54:t5:n11267.t01      6NUZDEQ7
54:t5:nd7047.t01      9RUBJAK7
54:t5:nd5204.t01      8CIKBIF8
54:t5:nd7416.t03      2FUQCON3
54:t5:nd5724.t03      4ZITGEB6
54:t5:n11134.t03      6MUBQUW4
54:t5:nd5222.t01      4QAYJIJ0
54:t5:n10063.t02      0TOCLEC1
54:t5:nd6104.t01      8RINZOB1
54:t5:n11314.t01      7RIRRAM2
54:t5:n10207.t03      3GEWCOS2
54:t5:nd6327.t04      3KAPLUY4
54:t5:nd5303.t02      4XEQZEV9
54:t5:n10475.t02      8WEXREM4
54:t5:nd7774.t01      6FOTGOB5
54:t5:n10761.t01      9LUJWUR8
54:t5:nd7736.t01      8DIQWAF7
54:t5:nd6415.t01      7MODTIK4
54:t5:n10115.t01      4NUNXUB7
54:t5:nd5650.t01      5YEBSID9
54:t5:n10626.t01      8GIYNAZ6
54:t5:n11240.t01      6PETMEB7
54:t5:nd5461.t04      1SOTSIZ3
54:t5:n11256.t01      2LELFOJ6
54:t5:n11024.t03      7VEQDIS2
54:t5:nd7664.t01      6YOMHAR0
54:t5:n10032.t01      8RIXDOS1
54:t5:n11362.t01      1TENMEM9
54:t5:nd5432.t01      9DOHFAV2
54:t5:n11301.t01      0ROTWOH6
54:t5:n10676.t01      1ZOYFOY9
54:t5:nd7151.t02      8HUDLEJ4
54:t5:nd5504.t01      7BOVVED5
54:t5:n11121.t01      5DEBDOB9
54:t5:nd5702.t01      0GAXXUN8
54:t5:n11425.t01      3FIRJOZ5
54:t5:nd5243.t03      3XONTIP3
54:t5:nd7762.t04      7XEKGOD5
54:t5:n11354.t01      5XEPFOR5
54:t5:nd6011.t01      5SAWLAN9
54:t5:n10742.t01      3KIBWUX3
54:t5:nd5514.t01      8GIKTEH9
54:t5:nd5532.t02      7SEKHEQ9
54:t5:n11410.t01      7JIXDIT3
54:t5:nd6475.t04      2NOJFOB7
54:t5:n10256.t01      9DIJGEJ7
54:t5:nd7530.t01      3HODBUM6
54:t5:n10042.t01      5WARVOR2
54:t5:nd6624.t01      7XAMXUR3
54:t5:nd7004.t01      8CEMZOR4
54:t5:n11323.t01      6WUVPUW1
54:t5:n11026.t01      8XIZXAN9
54:t5:nd6165.t02      5POYZIY5
54:t5:nd5123.t02      2YEVFAQ9
54:t5:n10020.t01      0ZIVZAX7
54:t5:n10110.t01      3FEGZIT1
54:t5:nd7164.t01      9NOLQAN8
54:t5:n11753.t01      3HASSAR5
54:t5:nd7756.t01      6NECWEW6
54:t5:n11242.t01      8HIRMOS2
54:t5:n10565.t01      3MAXQAJ9
54:t5:nd5431.t01      4BELHAX1
54:t5:n11226.t02      5JIRRUS2
54:t5:n11226.t01      3REKSOK2
54:t5:nd5413.t01      7HEKQOZ0
54:t5:n10362.t01      3FESKUR4
54:t5:nd5341.t03      5XUXQEG5
54:t5:nd7463.t01      6POVMEK6
54:t5:n10344.t01      9WOCPIY1
54:t5:n11210.t02      4ZUQRAT5
54:t5:n10310.t01      9VOMNIT8
54:t5:n11316.t01      9GEXCOW4
54:t5:nd5602.t01      2XIDTIV2
54:t5:n11647.t01      3KAQNIT8
54:t5:nd6340.t02      4ROHMIN5
54:t5:nd5426.t02      0TUDMEP3
54:t5:nd5147.t01      2CONBIF1
54:t5:nd5462.t02      2QADWEP2
54:t5:nd5462.t03      8SEBTIG4
54:t5:n11205.t01      9VUTPEC5
54:t5:nd6040.t02      6XIDGAS6
54:t5:nd5320.t02      9NUPQEN6
54:t5:n11142.t01      2REGREJ8
54:t5:n11214.t02      9CIHDOL1
54:t5:nd5676.t03      7JOCGUT1
54:t5:n11700.t01      3BEDKAH4
54:t5:n10032.t03      5MITHIN7
54:t5:n11065.t01      0KIKWAC3
54:t5:n10005.t01      1VIBROZ3
54:t5:nd7205.t01      9TEHXAH8
54:t5:nd5736.t01      8YETGIZ6
54:t5:nd5457.t04      1YONLEJ4
54:t5:n11326.t01      9KUHZIQ4
54:t5:n11641.t02      2DUBWUV0
54:t5:n10041.t01      4MAZXIG8
54:t5:n10525.t02      6CEXJIZ3
54:t5:nd6573.t05      6TITHOX5
54:t5:n10041.t02      7CIWTAD8
54:t5:nd7777.t01      3PEDSIR0
54:t5:nd7070.t04      1CAJNAV7
54:t5:n11207.t01      8WURYEQ8
54:t5:n11020.t01      2COCQIW2
54:t5:nd5446.t04      5MIMMEV6
54:t5:nd6015.t01      9XAMQOZ8
54:t5:nd7005.t02      4KUJFOS7
54:t5:n10021.t01      3BELFUS3
54:t5:nd6141.t03      7BUXLOY6
54:t5:n11754.t01      3DIQKOJ8
54:t5:nd7417.t05      4SUQSAJ6
54:t5:n11763.t03      9GEGXIR4
54:t5:n10271.t01      2JIYVUV8
54:t5:nd6067.t02      9PONCOT2
54:t5:n10532.t01      7NUXVIB4
54:t5:nd4444.t02      2TIVSOL5
54:t5:nd7763.t04      1JEDNAQ2
54:t5:nd6102.t02      3HAGMEW3
54:t5:nd6433.t02      4JOKMOR2
54:t5:nd5477.t03      3WIMTOH8
54:t5:nd5022.t01      8COQCIJ4
54:t5:nd5344.t03      2HIPCOL9
54:t5:nd5344.t01      9ZIFVEY1
54:t5:nd5542.t02      3GOMPUN4
54:t5:nd6566.t01      3TUPWIK9
54:t5:n10347.t01      8JOMWER7
54:t5:n11321.t01      0FIMZIX4
54:t5:n11241.t01      2SIVQUJ2
54:t5:nd5221.t01      3KAVVET0
54:t5:nd5462.t01      3NOXSOT6
54:t5:nd6407.t01      7LUBNOT4
54:t5:nd6765.t01      8YEMWOJ1
54:t5:nd7055.t04      2DENROC9
54:t5:nd6704.t01      4TELBAD6
54:t5:n10357.t02      3QUGFIQ7
54:t5:nd6425.t01      4ROQDUP6
54:t5:nd7571.t01      6HAVWEG6
54:t5:n11415.t02      9JAFYUZ7
54:t5:n11163.t01      0XIYMOK2
54:t5:nd7105.t03      3PAQCAL8
54:t5:n11012.t01      8PECSEB9
54:t5:nd6761.t03      4PICRUB4
54:t5:nd5413.t03      8PUMSIZ2
54:t5:nd7222.t03      9GOPJIN9
54:t5:nd6106.t01      2WALROC5
54:t5:n11415.t01      5HUFPAD7
54:t5:n11217.t01      4GIBGOG4
54:t5:nd7213.t01      9BAKXIX7
54:t5:nd7501.t01      6MOFVIV4
54:t5:nd7375.t01      0WOPKOS8
54:t5:nd7735.t01      6MIMKOY1
54:t5:nd7717.t01      8HITDUN8
54:t5:n10247.t01      7ZIGXOF5
54:t5:nd5721.t02      1VAWCOQ5
54:t5:nd6036.t01      1DULJEQ1
54:t5:nd6367.t03      5VOSQEX7
54:t5:nd6324.t02      0HODWUZ8
54:t5:n10042.t02      0DAHWOK4
54:t5:nd5216.t01      0BAQREP3
54:t5:n11371.t01      1TUKNAB5
54:t5:nd7455.t01      6FOXTIT9
54:t5:nd7340.t01      0XIBWIY2
54:t5:nd7725.t01      9FOLTUQ7
54:t5:n10615.t01      5GUBHEV3
54:t5:n11022.t03      2FONSAT3
54:t5:n11022.t02      8VUWNET1
54:t5:n11022.t04      0YUPDIX5
54:t5:nd7671.t01      1SILQEX8
54:t5:n11022.t01      3TIKJOL3
54:t5:nd7313.t01      4PERTUP2
54:t5:n11335.t01      7RAKFOZ9
54:t5:nd7437.t01      8NUXLEC2
54:t5:nd5664.t03      7YEKSEH3
54:t5:nd5664.t01      8ROJKUK2
54:t5:nd5664.t04      5GELSUW6
54:t5:nd5072.t04      4DIXWEZ7
54:t5:nd5537.t01      1YUWZEP3
54:t5:nd7337.t01      0WEXLEY2
54:t5:nd7706.t01      6DIHFUC7
54:t5:nd7472.t01      1XAFZEG0
54:t5:n10236.t02      7ZESJUH1
54:t5:n11262.t01      5KAWMIR0
54:t5:nd6142.t03      7LAXKIW4
54:t5:nd5620.t03      3JAJWOZ1
54:t5:nd7330.t02      8YODKOJ4
54:t5:nd7330.t01      6JEVJUH5
54:t5:nd7166.t01      7QAQCUN2
54:t5:nd7166.t02      4TAQMED3
54:t5:nd7060.t02      1NIHMEY4
54:t5:nd6077.t04      9WUFNEH6
54:t5:n10220.t03      9SUMZOJ9
54:t5:n10056.t02      0PULZEH3
54:t5:nd5302.t01      0SEBSOG2
54:t5:nd6722.t01      7FITKAP1
54:t5:nd6731.t03      4YEZWEL1
54:t5:nd5615.t03      8BUCRAD3
54:t5:nd7451.t03      1MUWLUJ6
54:t5:nd5212.t01      4QIKDUD5
54:t5:nd5543.t02      0CIJJES8
54:t5:nd7730.t01      4YIRFEN1
54:t5:n10341.t02      1LITFUP8
54:t5:n11356.t01      6DUTGEQ2
54:t5:n11412.t03      0PEMQEK7
54:t5:n11313.t01      1MOTBIV9
54:t5:n11257.t01      2JEVSUB5
54:t5:nd7674.t01      5MELJIM4
54:t5:nd6137.t02      5WIDBIP3
54:t5:n11000.t01      1RICXUV3
54:t5:nd7163.t02      0RUDXUQ6
54:t5:nd7163.t01      3RUJPUK4
54:t5:nd5313.t01      9JUJLEQ1
54:t5:nd7471.t01      6VUHDOF9
54:t5:nd7714.t01      1HASXUY4
54:t5:n10325.t01      7ROGTIH6
54:t5:nd6643.t01      6MEWLUM5
54:t5:nd5716.t01      4DOJQEZ1
54:t5:n11432.t01      1SUTFUH9
54:t5:nd5725.t03      6WOGHAG9
54:t5:n11315.t01      1PELYIQ3
54:t5:n11234.t01      6TOKFUY0
54:t5:nd6150.t01      7ZOLXEG7
54:t5:nd6445.t03      6SUSTIV5
54:t5:nd6445.t01      1BOMWIK7
54:t5:nd6445.t02      1NAWWUW7
54:t5:nd7237.t01      5RAQHOR2
54:t5:nd5042.t01      8YEHXAL5
54:t5:nd7650.t01      9ZARFAM8
54:t5:nd6147.t01      2MADMIJ3
54:t5:nd7740.t01      6WETFAJ5
54:t5:nd7047.t02      6HUTVOR8
54:t5:nd5373.t01      6TUVKOR9
54:t5:nd6014.t01      2RENYAR3
54:t5:n11276.t01      4WUNWIQ4
54:t5:nd7103.t01      0PIZWIZ2
54:t5:nd5607.t01      0JANPUN3
54:t5:n10243.t01      9GONQEM4
54:t5:n10565.t02      0BEPLOX9
54:t5:nd7774.t02      9KOJGOX5
54:t5:nd7333.t01      4DONFIS8
54:t5:nd7646.t01      8BEMPEY7
54:t5:nd7466.t01      3RATMUX4
54:t5:n11157.t01      0XEYNIK9
54:t5:nd7144.t01      7SICJOP3
54:t5:n11024.t04      4ZODXEL9
54:t5:nd6406.t01      8KUJJUK7
54:t5:n11123.t01      5MIXTOC6
54:t5:n11677.t01      2GECGUR5
54:t5:n11677.t02      2QIMFEQ0
54:t5:nd5056.t02      8ZEKQOV2
54:t5:nd7101.t01      0LAFZAG5
54:t5:nd7235.t01      6DODHIQ4
54:t5:n11304.t01      5GIJJUC2
54:t5:nd7550.t01      2XOZMAH9
54:t5:n11743.t01      4XIVCIJ2
54:t5:nd7030.t03      9YIJQAT5
54:t5:n11305.t01      1VUVWEL1
54:t5:nd7747.t01      3POYVIX7
54:t5:n11422.t01      7YUGHIP2
54:t5:nd6401.t01      2DIZRIC3
54:t5:n11753.t02      5FUTZOW1
54:t5:nd6732.t04      2TIQXOJ2
54:t5:n10541.t01      5MUBKAZ2
54:t5:nd6463.t04      6QEXDOG8
54:t5:nd6776.t04      9PORFIH0
54:t5:n11664.t01      2LUHYEV4
54:t5:nd5743.t01      3CAHDAK6
54:t5:nd5545.t03      3SOTJAT5
54:t5:nd6105.t01      0XORBUW5
54:t5:n11135.t01      7QUTRAV0
54:t5:nd6060.t02      0TETFIF8
54:t5:n10460.t02      3MURXOB2
54:t5:n10460.t03      1PONPEL5
54:t5:n11351.t02      0COWNAC3
54:t5:nd7237.t02      2GAYHOM4
54:t5:n10750.t01      3PISXIB8
54:t5:n10345.t01      6HUXPUB9
54:t5:nd6717.t02      9YESVIX8
54:t5:nd6717.t01      7HIPHUR1
54:t5:nd6276.t01      9WAXHAH9
54:t5:nd7241.t01      1PUXKEG1
54:t5:nd5727.t03      6KOGVEQ7
54:t5:nd5216.t02      8BEHYOT2
54:t5:n10140.t03      3JUKZUV2
54:t5:nd6017.t03      2KEHNAF8
54:t5:nd6323.t01      2FOPKUW6
54:t5:nd6071.t01      8XALVID0
54:t5:n11467.t01      9RILGAH2
54:t5:nd7625.t01      8REXKOY0
54:t5:nd6761.t04      7GAJZID8
54:t5:nd6761.t05      4HUDGUX1
54:t5:nd5366.t01      5SUVPAK8
54:t5:nd6635.t02      9JIBXIL3
54:t5:nd7051.t03      5MOSNED3
54:t5:nd5251.t01      7PIGWUC2
54:t5:nd6151.t02      1HOCNAG1
54:t5:n10254.t01      4BOCMOT9
54:t5:n11424.t01      4JUYQEZ5
54:t5:nd6730.t02      8SEVQOH9
54:t5:nd7405.t01      3YECLES7
54:t5:nd3445.t02      6DARXAP7
54:t5:n11742.t01      9LOVHUY2
54:t5:n10061.t01      0TUTTIF1
54:t5:nd2374.t01      1LUCFEB6
54:t5:nd3372.t01      5WUTVEJ9
54:t5:nd5433.t01      2SUZLID5
54:t5:nd7170.t02      3SIDGUC0
54:t5:n10411.t02      6BUZPEL2
54:t5:n10411.t01      4YACHUW9
54:t5:n11705.t01      6BEWSIZ2
54:t5:nd7071.t01      7FUFVIX0
54:t5:nd6225.t01      4NUTHIM0
54:t5:n10337.t01      6XEMZEX5
54:t5:nd6556.t02      9XAYYUB0
54:t5:n10006.t01      7FUMVEM4
54:t5:nd5647.t04      0XICWOQ3
54:t5:n10330.t01      5YURTOK7
54:t5:n11775.t01      6DUXJOL1
54:t5:n11723.t01      9YIRHUJ0
54:t5:n10045.t01      1TIRLAB6
54:t5:nd6732.t02      8JOVDIM5
54:t5:nd5616.t02      0JEYKUT2
54:t5:nd6714.t01      4QEFMOC0
54:t5:n10342.t04      1SIFDOX3
54:t5:n10711.t01      8ZAGSEL4
54:t5:n11710.t01      6XULZAT6
54:t5:n11710.t02      9WUZCIZ9
54:t5:n10207.t02      1VAMFIG6
54:t5:n11663.t01      6YEPKOX3
54:t5:n11717.t01      5BAMKAQ4
54:t5:n11202.t02      2FENXUL1
54:t5:n11047.t01      9DABRAP1
54:t5:nd5772.t01      7KOVXUP9
54:t5:nd5252.t02      4LIGPAY4
54:t5:nd5252.t03      2FABQOY1
54:t5:nd5261.t02      4ROGVOR9
54:t5:nd4361.t01      0VAVVAV0
54:t5:nd5664.t02      6HISNOH2
54:t5:nd6100.t02      7XUNMOL5
54:t5:nd6314.t01      7CAFMEK2
54:t5:nd6366.t01      3BAVSUM6
54:t5:nd5466.t02      3XUQQAQ4
54:t5:n11765.t01      7TERNAL6
54:t5:nd5721.t03      6QIWPAN6
54:t5:nd5721.t04      3XIYQIQ7
54:t5:n10562.t02      8COKGIL2
54:t5:n10330.t03      2MADWIZ0
54:t5:nd3534.t01      3DIWXOC7
54:t5:nd6737.t02      6VEXKIW3
54:t5:nd7367.t02      5VEHFUJ1
54:t5:n11454.t01      5WUZZAT4
54:t5:n10437.t01      1MIGBAH7
54:t5:nd7376.t01      3WUCHIJ7
54:t5:n10527.t01      5NAHMIH4
54:t5:n10527.t02      5JEWCUW5
54:t5:n10520.t02      8JUMJAR7
54:t5:n10034.t01      3BOKSUV8
54:t5:nd7117.t01      7RIDMIM3
54:t5:nd6625.t03      6HUXKEJ7
54:t5:nd5142.t01      9LAGYUY8
54:t5:n11711.t03      3HESVIS8
54:t5:n11711.t01      3JUYVEL4
54:t5:nd7462.t01      1ZEZNOF1
54:t5:nd5700.t01      7FEKCAW4
54:t5:nd6742.t02      9XOJQUF9
54:t5:nd7740.t02      6LEMVIH5
54:t5:nd5204.t02      5POCPUN3
54:t5:nd7254.t02      7NIRHIB1
54:t5:n11701.t01      7CAMSOG1
54:t5:nd7164.t02      0GAWWIY5
54:t5:nd5715.t03      1LEWFAC0
54:t5:n11366.t02      5MIQFOY1
54:t5:nd3160.t02      2SEWLAX9
54:t5:n10341.t03      4WUHTAZ2
54:t5:n11052.t01      0XAXQEZ1
54:t5:n10341.t01      6HIFNEW8
54:t5:nd5363.t03      1SOYXIH8
54:t5:nd5363.t01      2BUZMEK9
54:t5:nd5410.t01      2GAPJIP9
54:t5:nd5410.t02      4KUWDIR1
54:t5:nd6146.t01      8REMQES3
54:t5:n11133.t02      7BAJMUY0
54:t5:n11133.t01      8XIZCAP6
54:t5:n11133.t03      0NEYMEM0
54:t5:nd7325.t01      1GAWVEY4
54:t5:nd6434.t02      3WAXXUP1
54:t5:nd6761.t06      0PEFRAD7
54:t5:nd6707.t02      7GUYDED2
54:t5:nd7724.t01      5YUPWUV4
54:t5:n10461.t04      6YERKUY6
54:t5:n10202.t02      0JEWGAN7
54:t5:nd6572.t02      7CATRAS3
54:t5:nd6160.t01      7QAKCOY9
54:t5:e11454.t01      6GIVZUF8
54:t5:nd5367.t04      6DIVTUS2
54:t5:nd5261.t01      1DUPBAQ6
54:t5:nd5367.t02      8CUTFIW0
54:t5:n11434.t02      0FABGAD3
54:t5:nd6026.t01      0TOCSOD3
54:t5:nd5565.t01      9FARMAP2
54:t5:nd5565.t02      9GESVUJ2
54:t5:nd3470.t04      8DOVWAJ9
54:t5:nd7070.t03      3TOLVEK5
54:t5:n10133.t01      3MIMGAT9
54:t5:n11051.t01      7BOFWUY1
54:t5:n11175.t01      2XODRON0
54:t5:nd6217.t01      9TOGVUG7
54:t5:nd7072.t02      1COWVAD9
54:t5:nd6145.t02      3HUGZUZ0
54:t5:n10052.t03      1JOPGOZ0
54:t5:pm5241.t01      5WUQSOP3
54:t5:nd5425.t01      3DIVJIN5
54:t5:nd5515.t01      1RUKPOJ8
54:t5:nd5127.t01      5DIJHEG3
54:t5:nd7771.t02      2REGHAZ6
54:t5:nd6367.t02      3MIMLAJ7
54:t5:nd5316.t01      0SEPKUW1
54:t5:n11212.t01      8GECDOP5
54:t5:nd7113.t02      8GIXDOM4
54:t5:nd7057.t04      1WARBUH8
54:t5:nd7515.t01      9QODBAW3
54:t5:nd7605.t02      4XIZTIQ0
54:t5:nd5122.t02      3POVVER7
54:t5:nd3347.t01      5MOGGAT1
54:t5:nd3347.t02      6BUWNAK0
54:t5:nd7003.t02      3BELTIN7
54:t5:nd6112.t03      1MUZYOK7
54:t5:nd6112.t02      5LUNYEV6
54:t5:nd6112.t01      2QAJLER4
54:t5:nd6326.t02      7BUXRUF6
54:t5:nd7133.t01      3NAXMAC1
54:t5:nd6116.t01      5TUDMAM6
54:t5:nd4377.t04      1ZUXBUJ2
54:t5:nd7167.t01      0JOPYOZ7
54:t5:n11641.t01      9WAJGID3
54:t5:nd5367.t03      3XELDIZ0
54:t5:nd7313.t02      1XOGSUY2
54:t5:nd5367.t01      7PAZCOY0
54:t5:nd5646.t03      4HIQZOL1
54:t5:nd6743.t01      4QEMJIV9
    R I!