

                          DISK USAGE REPORT
                               All Gans

Previous Run Date & Time :  7 FEB 86      01:35
Present  Run Date & Time : 16 OCT 89      15:38
Old File Date            :  1 JAN 64
File Storage is Shown in Pages

    USER               CURRENT     PREVIOUS    DIFFERENCE   OLD
----------------------------------------------------------------------
*1BATCH                 338          64         274           0
*2TRR                     0        ----        ----           0
*2TTY                     0        ----        ----           0
*6NEWS                 1895        1846          49           0
10UPDATE                  0        ----        ----           0
1213MGR                2389          46        2343           0
32BIT                   984        ----        ----           0
ABRIDARD                  0        ----        ----           0
ACCG1                  1675        ----        ----           0
ACCG1GL                   0        ----        ----           0
ACCG1MGR                  0        ----        ----           0
ACHIPPA                3045        ----        ----           0
ACIPOLLA                 12        ----        ----           0
ACSHSA                    0        ----        ----           0
ACT10                     0        ----        ----           0
ACTGTYM                   0        ----        ----           0
ACTRTY                  892           0         892           0
ADOUGLAS               2950           0        2950           0
ADPCODE                 268        ----        ----           0
ADUTTA                    0        ----        ----           0
AHEALY                    0        ----        ----           0
AJOHL                     0        ----        ----           0
ALAPLANT                  0        ----        ----           0
ALBERTAC                166        ----        ----           0
ALEELA                    0        ----        ----           0
ALFREDO                  90        ----        ----           0
ALUU                      0        ----        ----           0
AMARCIEL                  0        ----        ----           0
AMARYLAND                 0        ----        ----           0
AMOSAFFA                  0        ----        ----           0
ANALYSIS                  0        ----        ----           0
ANDERSONK              4004        ----        ----           0
AOLATUNDE                 0        ----        ----           0
APERRY                  267        ----        ----           0
APSSUP                16313        ----        ----           0
ARAJ                    376        ----        ----           0
ARELLA                    0        ----        ----           0
ARMYNET1              16742        ----        ----           0
ASDSITES                168        ----        ----           0
ASHARMA                1367        ----        ----           0
ASHUR                   767        ----        ----           0
ASYNCPAT                978        ----        ----           0
ATCHISON                  0        ----        ----           0
ATFADM                  734        ----        ----           0
ATFBLD                    0        ----        ----           0
ATFCDR                 5835        ----        ----           0
ATFGEN                    0        ----        ----           0
ATFLIB                    0        ----        ----           0
ATFTDR                    0        ----        ----           0
ATHAKUR                  67        ----        ----           0
ATKATSHJ                  2        ----        ----           0
ATLANTICTECH             52        ----        ----           0
ATLTECH                 701        ----        ----           0
AYARS                     0        ----        ----           0
BABCOCKR               1103        ----        ----           0
BAHCODES                149        ----        ----           0
BARTLETW                  0        ----        ----           0
BASELINE               5379        ----        ----           0
BASELINEINT              34        ----        ----           0
BASESUP                   2        ----        ----           0
BBENNECOFF              320        ----        ----           0
BBENTLER                  2        ----        ----           0
BBUNYAN                2535        ----        ----           0
BCHEN                  2646        ----        ----           0
BDACODES                  0        ----        ----           0
BESTARKS                  0        ----        ----           0
BETADIAG               2223        ----        ----           0
BETATEST              72869        ----        ----           0
BHENSLEY                706        ----        ----           0
BILLF                    59        ----        ----           0
BILLING10             23564         192       23372           0
BILLTEMP               1450        ----        ----           0
BINHLE                  217        ----        ----           0
BJARRAD                   0        ----        ----           0
BLAMAR                    2        ----        ----           0
BLAMOUREUX                0        ----        ----           0
BNING                   538        ----        ----           0
BONDAD                 2002        ----        ----           0
BOUCACHARD               10        ----        ----           0
BPLESCHER               220        ----        ----           0
BRAHMB                 5670        ----        ----           0
BRETTF                    2        ----        ----           0
BRUCES                 3149        ----        ----           0
BSCPAT                  695        ----        ----           0
BSTALING                 18        ----        ----           0
BSTURM                    0        ----        ----           0
BTHOMSON               2669        ----        ----           0
BUBBNET                 296        ----        ----           0
BURNS1                54073        ----        ----           0
BURRIESCIN              303           9         294           0
BURSTEIN                594        ----        ----           0
BUSPLN                    0        ----        ----           0
BWAY                    436        ----        ----           0
BWORKMAN                  0        ----        ----           0
C/LANGDON                34        ----        ----           0
CACNP                     0        ----        ----           0
CAMPBELP                  0        ----        ----           0
CARL                  25513        6155       19358           0
CARTRITE                  0        ----        ----           0
CATTANEO                141        ----        ----           0
CCHEN                   265        ----        ----           0
CCHUNG                 4205        ----        ----           0
CDARNABY               1062        ----        ----           0
CDERBY                    4        ----        ----           0
CENTCODE                  0        ----        ----           0
CESDOC                    0        ----        ----           0
CFLETCHER                 0        ----        ----           0
CHALIT                 6587        ----        ----           0
CHANG                     0        ----        ----           0
CHENC                  2134        ----        ----           0
CIDNCODE                  0        ----        ----           0
CKOCIOLEK               126        ----        ----           0
CLAMPMAN                  4        ----        ----           0
CLEN                   1397        ----        ----           0
CLICODES                  0        ----        ----           0
CMTI                    737        ----        ----           0
CMTPAT                  343        ----        ----           0
CMTTEST                   0        ----        ----           0
CNFE                   1648           0        1648           0
CNFEMGR                   0        ----        ----           0
CNFETECH                  0        ----        ----           0
CNICOLL                 577        ----        ----           0
CNSALES                   0        ----        ----           0
COBOLQA                   2        ----        ----           0
CONSULTING                0        ----        ----           0
CPHAN                     0        ----        ----           0
CRASH                  4973           0        4973           0
CROWE                  1648        ----        ----           0
CROWELLV                342        ----        ----           0
CRUISING                  0          39         -39           0
CSC.SUPT                  0        ----        ----           0
CSDOC                     0        ----        ----           0
CSPROUSE                 76        ----        ----           0
CSTICKET                  0        ----        ----           0
CTOMACK                   0        ----        ----           0
CTS                     567        ----        ----           0
CTSFORD                   0        ----        ----           0
CUD10                   199         145          54           0
CURR11                 6600        3323        3277           0
CWCODES                   0        ----        ----           0
CWDIAG                    4        ----        ----           0
CWEIDNER                  0        ----        ----           0
CWIKE                    74        ----        ----           0
CWILSON                6783        ----        ----           0
CWINTERS                 25        ----        ----           0
DANIELSR                612          76         536           0
DAUERBACH               981        ----        ----           0
DAULTON                   0        ----        ----           0
DB130                     0        ----        ----           0
DB131                     0        ----        ----           0
DB132                     0        ----        ----           0
DB134                     0        ----        ----           0
DBA                       0        ----        ----           0
DBACCNTRL                 0        ----        ----           0
DBCEO                    12        ----        ----           0
DBCNI                    13        ----        ----           0
DBHANNAH                  0        ----        ----           0
DBIBS                    48        ----        ----           0
DBICNI                    0        ----        ----           0
DBILAR                  188        ----        ----           0
DBLACK                   31        ----        ----           0
DBLISS                    0        ----        ----           0
DBOWMAN                 348        ----        ----           0
DBPNETS                   0           0           0           0
DBRUNETT                  0        ----        ----           0
DBSCHED                 662        ----        ----           0
DBSNI                     0        ----        ----           0
DBTAR                     0        ----        ----           0
DBTIO                     0        ----        ----           0
DBTIP                     0        ----        ----           0
DBTLC                     0        ----        ----           0
DBTMP                     2        ----        ----           0
DBURKS                   72        ----        ----           0
DBWCNI                   45        ----        ----           0
DCHANG                    0        ----        ----           0
DCOPRINT                 18        ----        ----           0
DCRANK                 1504        ----        ----           0
DDANAHER                244        ----        ----           0
DDARLINGTON            1410        ----        ----           0
DDD                   47018        ----        ----           0
DDEATRICK                30        ----        ----           0
DEMOULINL               757        ----        ----           0
DENCOFF                 319        ----        ----           0
DEPOT                    18        ----        ----           0
DEPTECH                1643        ----        ----           0
DERNST                 2338         767        1571           0
DEVCODE               12239        ----        ----           0
DEVEREUX                  0        ----        ----           0
DFANG                  4523        ----        ----           0
DFIELDS                  83        ----        ----           0
DGAETANI                  0        ----        ----           0
DGAUVIN                 664        ----        ----           0
DHEINS                  590        ----        ----           0
DHENTRICH                38        ----        ----           0
DHOLDERNESS              52        ----        ----           0
DHOUGE                   17        ----        ----           0
DHSU                      0        ----        ----           0
DIAG                    241           0         241           0
DIAG10D                  91           0          91           0
DIAG10F                 549           0         549           0
DIAGQA                 1192        ----        ----           0
DIAMONDP                  0        ----        ----           0
DLAHAIX                3736        ----        ----           0
DLANSDOWN              3243        ----        ----           0
DMIELKE                 115        ----        ----           0
DNDSPEC                 224        ----        ----           0
DNDUTIL                 572        ----        ----           0
DNGO                   2815        ----        ----           0
DOC11                     6           0           6           0
DOCAIL                 1110         450         660           0
DONAHUE                 214        ----        ----           0
DONGB                   124        ----        ----           0
DONTLOADTHIS              0        ----        ----           0
DOUGE                   670        ----        ----           0
DOYLEM                  387        ----        ----           0
DPACPROD                  0        ----        ----           0
DPLUMMER                  0        ----        ----           0
DRAY                      0        ----        ----           0
DRISCOLL                  0        ----        ----           0
DSCHENDEL               829        ----        ----           0
DSTUDER                1007        ----        ----           0
DTROL                   996        ----        ----           0
DUPJOB10                  0        ----        ----           0
DUPPAL                 1962        ----        ----           0
DWAGNER                  37        ----        ----           0
DYOUNG                  643        ----        ----           0
DZISA                     0        ----        ----           0
EASTPNET                  0        ----        ----           0
EASTTECH                  0        ----        ----           0
EBUS                   5008        ----        ----           0
ECKEL                  2861        ----        ----           0
ECMOPS                    0        ----        ----           0
EDIDADM                1582        ----        ----           0
EDWALL                    0        ----        ----           0
EIANIERI                312        ----        ----           0
EKENDIG                5779        ----        ----           0
EMILE                     0        ----        ----           0
EMORI                    13        ----        ----           0
ENFE                    968        ----        ----           0
ENFEB                     0        ----        ----           0
ENFEOPS                   0        ----        ----           0
ENFESEC                   0        ----        ----           0
ENFETECH               1253        ----        ----           0
ENFEW                  1295        ----        ----           0
ENGDIAG                3295        ----        ----           0
ENGR                    502        ----        ----           0
ENGSTAFF                 29        ----        ----           0
ENSS                   6309        ----        ----           0
EQUIPDIV                  0        ----        ----           0
ESPOUY                    0        ----        ----           0
EST                     862        ----        ----           0
ETAKATORI               239        ----        ----           0
ETAM                   1134        ----        ----           0
ETS                       0        ----        ----           0
ETSBO                     0        ----        ----           0
ETSNJ                     0        ----        ----           0
ETSNY                     0        ----        ----           0
ETSVI                     0        ----        ----           0
EWHISENANT                0        ----        ----           0
EWINDLE                   0        ----        ----           0
EWONG                   351        ----        ----           0
EXECX                  5494        ----        ----           0
EYALOW                    0        ----        ----           0
F3CODE                 2458        ----        ----           0
F40                    3497           0        3497           0
FCM                      74        ----        ----           0
FEDACCG                   0        ----        ----           0
FEDTECH                   0        ----        ----           0
FERRISK                   0        ----        ----           0
FIRMWARE               2408        ----        ----           0
FISBEIN                7803        ----        ----           0
FLAHERTYW              3310        ----        ----           0
FMACH                    12        ----        ----           0
FMCNET                 2961        ----        ----           0
FRANK                     9        ----        ----           0
FRANKWU                4317        ----        ----           0
FREITAS2                 12    ---        ----           0
FRGNET                    0        ----        ----           0
FRMTPRT                   0        ----        ----           0
FSCCUP                    6        ----        ----           0
FSCLI                  1446        ----        ----           0
FSCNY                   385        ----        ----           0
FSUPPORT               2220        ----        ----           0
FTCNET                 7676        ----        ----           0
FTMAGNUM               4510        4564         -54           0
FTSWELLS               3208        ----        ----           0
FTSWORK                3434        ----        ----           0
FTSYS                  2315        1706         609           0
FTSYSDOC                 20        ----        ----           0
FTTBA                   620           2         618           0
GALLUPSS               3416        ----        ----           0
GBARLOW                 244        ----        ----           0
GBAWA                  1661        ----        ----           0
GBUBSEY                  83        ----        ----           0
GCHENG                 1770        ----        ----           0
GGARDINA                119        ----        ----           0
GHUDSON                1664        ----        ----           0
GLEDOM                    2        ----        ----           0
GLOCKZIN                  0        ----        ----           0
GMASTERS                983        ----        ----           0
GMCRNET                 554        ----        ----           0
GNADOW                  948        ----        ----           0
GOKSELA                4499        ----        ----           0
GRENWOOD                  0        ----        ----           0
GVOLRATH                  0        ----        ----           0
HAGERL                  184        ----        ----           0
HAMIK                     0        ----        ----           0
HAWKINSD               1272        ----        ----           0
HBFINCH                   0        ----        ----           0
HCHENG                 4129        ----        ----           0
HDWRPGM                   0        ----        ----           0
HGKM                    629        ----        ----           0
HIGHTOWER                 0        ----        ----           0
HJOHANN                   0        ----        ----           0
HLE                    3942        ----        ----           0
HLEE                   6594        ----        ----           0
HOFFMANG                  0        ----        ----           0
HOLD                   3684        ----        ----           0
HQLAB                 10953        ----        ----           0
HQSNA                  1981        ----        ----           0
HQXCOM                  724        ----        ----           0
HTRINH                   92        ----        ----           0
HUEYMA                    0        ----        ----           0
HUSSEYD                 129        ----        ----           0
HVBURTON                  0        ----        ----           0
HWANGJ                 4012        ----        ----           0
INFO                   1128         267         861           0
INSDGSS1                  0        ----        ----           0
INTACT                    0           0           0           0
INTLPROGS                 8        ----        ----           0
INTLTECH               4818        ----        ----           0
INTRESG                 404        ----        ----           0
IPSPSC                    0        ----        ----           0
IRCCODE                   0        ----        ----           0
IRONHAT                2627        ----        ----           0
IRVTECH                6743        ----        ----           0
ISINSTALL                 0        ----        ----           0
ISIS                   2666        ----        ----           0
ISIS2                  6072        ----        ----           0
ISISDOC                  23        ----        ----           0
ISISFILES                 0        ----        ----           0
ISISPAT                  88        ----        ----           0
ISISPCM               68566        ----        ----           0
ISISTECH                623        ----        ----           0
ITTNET                 7434        ----        ----           0
JAIL                      0         596        -596           0
JAKOBITZ                  0        ----        ----           0
JAMTELCODE             2183        ----        ----           0
JANTICKETS                0        ----        ----           0
JBARGANIER                0        ----        ----           0
JBEDOUN                4865        ----        ----           0
JBRANDON                 33        ----        ----           0
JBRIDGES               1019        ----        ----           0
JBURROUGH              1751        ----        ----           0
JCARMICHAEL               0        ----        ----           0
JCARTER                   0        ----        ----           0
JCLMIN                  506        ----        ----           0
JCM                       4        ----        ----           0
JENNYG                  148        ----        ----           0
JGOLIGHTLY                4        ----        ----           0
JJOELS                    0        ----        ----           0
JJONES                    0        ----        ----           0
JKATO                   854        ----        ----           0
JLIU                    438        ----        ----           0
JLMORARD                  0        ----        ----           0
JLUCAS                 1831        ----        ----           0
JMAGNAN                   0        ----        ----           0
JMARTELL                  0        ----        ----           0
JMARTIN                   0        ----        ----           0
JMORDEN                2946        ----        ----           0
JMS                    5449         190        5259           0
JOHNSOND                  0        ----        ----           0
JOHNSONP               3589        ----        ----           0
JOHNSONR                 44        ----        ----           0
JOLEARY                1626        ----        ----           0
JOLIVETO                 31        ----        ----           0
JONAS                  4044        ----        ----           0
JORTIZ                 6672        ----        ----           0
JPAPADOP                  0        ----        ----           0
JREILLY                 452        ----        ----           0
JRUGGERE                 29        ----        ----           0
JSCHMIDT                  0        ----        ----           0
JSHUTICH                716        ----        ----           0
JSNAVELY                  0        ----        ----           0
JSTNBERG                 12        ----        ----           0
JTORPHY                  26        ----        ----           0
JULM                      1        ----        ----           0
JVERRETT                  0        ----        ----           0
JWAGNER                   0        ----        ----           0
JWANG                  2456        ----        ----           0
K-MART                 3136        ----        ----           0
KALENDA                 341        ----        ----           0
KBIRSE                   76        ----        ----           0
KDCDIAG                   0        ----        ----           0
KDDIAG                    0        ----        ----           0
KDULABHAN                 0        ----        ----           0
KENNEDY                  95        ----        ----           0
KHANHQN                5120        ----        ----           0
KILUBA                    0        ----        ----           0
KKULLAR                   0        ----        ----           0
KL10                   2736        2967        -231           0
KLUMM                     0        ----        ----           0
KNARAYAN               3494        ----        ----           0
KOLICZEW                  0        ----        ----           0
KPATEL                    0        ----        ----           0
KPHAM                  1660        ----        ----           0
KRIVANEC                123           0         123           0
KRUMVP                  700        ----        ----           0
KS2020                 6107        1581        4526           0
KSCHMITT                  0        ----        ----           0
KSDIAG                 1210        ----        ----           0
KTLTEST                   0        ----        ----           0
LAMPMAN                   0        ----        ----           0
LANCRENON                 0        ----        ----           0
LASALES                   0        ----        ----           0
LCHALLIS                  0        ----        ----           0
LDAVENPORT                0        ----        ----           0
LDIAS                  6300        ----        ----           0
LELANDY                   4        ----        ----           0
LFANT                     0        ----        ----           0
LFRY                     54        ----        ----           0
LIBRARY1                  0        ----        ----           0
LIENEMANC                 0        ----        ----           0
LINK10                 1224        2128        -904           0
LIVERSON                701        ----        ----           0
LKEISER                 202        ----        ----           0
LMAURER                  21        ----        ----           0
LMORGAN                  50        ----        ----           0
LNGUYEN                 363        ----        ----           0
LOADII                 1925        ----        ----           0
LONDONC                 159        ----        ----           0
LPARCHMENT               36        ----        ----           0
LPARKHURST              877        ----        ----           0
LRDCODE                1748        ----        ----           0
LREYNOLDS                28        ----        ----           0
LUSKERJ                5823        ----        ----           0
LWADSWORTH              338        ----        ----           0
LWOLF                    92        ----        ----           0
LYNASK                    0        ----        ----           0
M33                   16863        3126       13737           0
MABBAS                  912        ----        ----           0
MACEK                     0        ----        ----           0
MAGNUM                 4022        4011          11           0
MAIL                   1136        1056          80           0
MAINTDIAG               821        ----        ----           0
MALUBINA                 22        ----        ----           0
MARACT                  605        ----        ----           0
MARCOMM                   2        ----        ----           0
MARELICH                249        ----        ----           0
MARNETT                2505        ----        ----           0
MART1                     0        ----        ----           0
MART2                     0        ----        ----           0
MART3                   213        ----        ----           0
MART4                     0        ----        ----           0
MARTICKETS                0        ----        ----           0
MATTHEWS                  1        ----        ----           0
MATUCHAD                 22        ----        ----           0
MBETTY                  373        ----        ----           0
MCOLVIN                2067        ----        ----           0
MCONWAY                1950        ----        ----           0
MCQUARIEC                 0        ----        ----           0
MDBF                      0        ----        ----           0
MDCFSC                  613        ----        ----           0
MDCIRVINE               390        ----        ----           0
MDELAVEGA                 0        ----        ----           0
MDERRICK                  2        ----        ----           0
MDESIMONE                 0        ----        ----           0
MDISIPACIFIC              0        ----        ----           0
MDISNET                7330        ----        ----           0
MDNF                      0        ----        ----           0
MDNS                      0        ----        ----           0
MDUSSAULT               753        ----        ----           0
METTECH                1297        ----        ----           0
MFGDOC                  204        ----        ----           0
MFGNET                 2522        ----        ----           0
MFICHE                    2           0           2           0
MHAGEMANN                 2        ----        ----           0
MHANNA                  367        ----        ----           0
MHEY                      0        ----        ----           0
MHILL                  6607           0        6607           0
MHO                     345        ----        ----           0
MHOANG                    0        ----        ----           0
MICHAELB                 40           0          40           0
MICRO                    74        ----        ----           0
MICROCYCLES               0        ----        ----           0
MICROLIB               3674        ----        ----           0
MIKERUDE                  0        ----        ----           0
MISCPAT                1113        ----        ----           0
MJACOBS                  24        ----        ----           0
MKLEIN                 1905        ----        ----           0
MLEE                      0        ----        ----           0
MMARBURGER              104        ----        ----           0
MMCCOY                  177        ----        ----           0
MMONAGHAN               113        ----        ----           0
MNEWSHAM                181        ----        ----           0
MNEWTON                1960        ----        ----           0
MONDOC                 1756        1450         306           0
MOORING                1578        ----        ----           0
MPL                    7269        6829         440           0
MREBMANN                  0        ----        ----           0
MREEVES                 191        ----        ----           0
MSKAFF                    0        ----        ----           0
MURTAUGH               1242        ----        ----           0
MWALTERS               2304        ----        ----           0
MWILLHAUCK              189        ----        ----           0
MZELENAK                180        ----        ----           0
MZORTMAN                242        ----        ----           0
NAD                       0        ----        ----           0
NADM                      4        ----        ----           0
NADMRES                2543        ----        ----           0
NARAYANANS             1212        ----        ----           0
NATEST                14998        ----        ----           0
NCLAWSON                746        ----        ----           0
NDT                    6258        5280         978           0
NEDDOC                    0        ----        ----           0
NEDIST                    0        ----        ----           0
NEPNET                    0        ----        ----           0
NEST                      0        ----        ----           0
NET1STAGE               445        ----        ----           0
NET3                   4869        ----        ----           0
NET370                    0        ----        ----           0
NETALERT                173        ----        ----           0
NETANAL              151681        ----        ----           0
NETCON                10292           0       10292           0
NETCONAD                  0        ----        ----           0
NETDATA               42368        ----        ----           0
NETDB                     8        ----        ----           0
NETDETAIL                 0        ----        ----           0
NETDEV2                 265        ----        ----           0
NETDVDOC                  0        ----        ----           0
NETENG                   12        ----        ----           0
NETLOAD                5698        ----        ----           0
NETMAPNS                  0        ----        ----           0
NETMID                 7988        ----        ----           0
NETOPS                    0        ----        ----           0
NETQC                  5249        ----        ----           0
NETSNY                  379        ----        ----           0
NETSTAT                   2        ----        ----           0
NETSTAT2                  0        ----        ----           0
NETSUPPT                  0        ----        ----           0
NEVRAM                10523        ----        ----           0
NEW11                  2849         764        2085           0
NFESEC                    0        ----        ----           0
NGREGORY                  0        ----        ----           0
NGUYENT                   0        ----        ----           0
NISCNET                9749        ----        ----           0
NPRODUCT                  0        ----        ----           0
NRFIELDOPS                0        ----        ----           0
NRICHARDSON               0        ----        ----           0
NSCNET                  468        ----        ----           0
NSDADM                 4958        ----        ----           0
NSDADM2                1824        ----        ----           0
NSDBINS                 760        ----        ----           0
NSDBKUP                4779        ----        ----           0
NSDLIB                  438        ----        ----           0
NSDSINS                   0        ----        ----           0
NSJENKS                   0        ----        ----           0
NSSC                    250        ----        ----           0
NSSU                   1772        ----        ----           0
NSTECH                    0        ----        ----           0
NTD001                    0        ----        ----           0
NTDBSC                    0        ----        ----           0
NTDOPS                10399        ----        ----           0
NTDSEC                    0        ----        ----           0
NTDSNA                    0        ----        ----           0
NTDSP1                    0        ----        ----           0
NTDSPEX                 171        ----        ----           0
NTS                   26259        ----        ----           0
NTSNET                20291        ----        ----           0
OAHUCODE                  0        ----        ----           0
OHARAB                    0        ----        ----           0
OLD11                  3621        ----        ----           0
ONTSUP                    0        ----        ----           0
OPER                   4445           7        4438           0
OPSCODE                3150        ----        ----           0
OSB                    1720           0        1720           0
OSERANG                2448        ----        ----           0
OSIRIS                 7179        ----        ----           0
OSMAN                  5427        1274        4153           0
OSNF                   4722         134        4588           0
OSP                     187           0         187           0
OSU                    8280        1010        7270           0
OTUTILITY                 0        ----        ----           0
OUTDIAL                 523        ----        ----           0
PACAULT                   0        ----        ----           0
PACTECH               10104        ----        ----           0
PALS                      3        ----        ----           0
PASNEW                   36           0          36           0
PATTIMCD                  0           0           0           0
PBAKER                 4050        ----        ----           0
PCINET                 5181        ----        ----           0
PCM                    3243        ----        ----           0
PCOPPERFIELD           1354        ----        ----           0
PDIXON                  862        ----        ----           0
PEAK                   2318         776        1542           0
PERPOPER                 15           0          15           0
PERSTATS                  0        ----        ----           0
PETRYSZYNS                0        ----        ----           0
PFEARS                    0        ----        ----           0
PFENEZ                    0        ----        ----           0
PGRADE                    0        ----        ----           0
PHANT                  2932        ----        ----           0
PHARVEY                1345        ----        ----           0
PINGCHU                1611        ----        ----           0
PJ                      222          68         154           0
PJING                   658        ----        ----           0
PKRUMV                 2105        ----        ----           0
PLANTOOL                  0        ----        ----           0
PLOTTING                  0        ----        ----           0
PMANLEY                   0        ----        ----           0
PMCLAUGHLIN             537        ----        ----           0
PMELLET                   0        ----        ----           0
PMORSE                  437        ----        ----           0
PNELSON                2143        ----        ----           0
PNETSUP                   0        ----        ----           0
POBATP                  537        ----        ----           0
POHARROW               1146        ----        ----           0
POINTERC                186        ----        ----           0
POSTECH               70617        ----        ----           0
PQUE                      0        ----        ----           0
PREAL                     2        ----        ----           0
PRODNET                   2        ----        ----           0
PROJECTIMP                0        ----        ----           0
PROJMGT                   0        ----        ----           0
PROSUP                    0        ----        ----           0
PSCDEV                 2117        ----        ----           0
PSNEDDON               1116        ----        ----           0
PTD                       0        ----        ----           0
PTD1                   1638        ----        ----           0
PTDIRVINE                 0        ----        ----           0
PTSMAINT                  0        ----        ----           0
PUB                    1192        1189           3           0
PUBNET                 2579        ----        ----           0
QACMT                  2731        ----        ----           0
QALIBSYM               5248        2705        2543           0
QASYS                  1341         272        1069           0
QCONTROL                811        ----        ----           0
QSATS                  3024        ----        ----           0
QSATSEC                  41        ----        ----           0
RABDULLAH                 0        ----        ----           0
RAFFO                    64        ----        ----           0
RAKELLA                2205        ----        ----           0
RANDERSON                 0        ----        ----           0
RASNET                 3679        ----        ----           0
RAUSCHER                 25        ----        ----           0
RBOCKMAN               2309        ----        ----           0
RBROWN                    0        ----        ----           0
RCACODES                  0        ----        ----           0
RCANET                 8651        ----        ----           0
RCHAO                   410        ----        ----           0
RCRANFORD                 1        ----        ----           0
RCS                       0        ----        ----           0
RELCODE                5878        ----        ----           0
REMSPLCHK                 0        ----        ----           0
REQUESTOP                 6        ----        ----           0
RFISHER                 488        ----        ----           0
RFLEISHER               387        ----        ----           0
RGFOX                   564        ----        ----           0
RHAKIM                    0        ----        ----           0
RHO                     998        ----        ----           0
RHOWLAND               1689        ----        ----           0
RICHTENG                 99        ----        ----           0
RJEPAT                  800        ----        ----           0
RJK                       0        ----        ----           0
RKLUTE                  311        ----        ----           0
RKRUL                  1346        ----        ----           0
RMANI                     0        ----        ----           0
RMKRUL                  402        ----        ----           0
RMURPHY                 157        ----        ----           0
RNIELSEN                  2        ----        ----           0
RODRIGUEZL                0        ----        ----           0
ROLAND                  348        ----        ----           0
RRODRIGUEZ               21        ----        ----           0
RSCSSTAT                  0        ----        ----           0
RSETZER                  30        ----        ----           0
RSPRENKEL                 0        ----        ----           0
RSTASTNY                821        ----        ----           0
RTEWS                   850        ----        ----           0
RTREHIN                   0        ----        ----           0
RUDMAN                  209        ----        ----           0
RVIVIER                2315        ----        ----           0
RWARNER                2175        ----        ----           0
RWS                       3        ----        ----           0
SAIL                   1968        1930          38           0
SAILIB                 1825        1277         548           0
SAILTEST               2560        2108         452           0
SALTYRON               3406           0        3406           0
SANDYMF                1967        ----        ----           0
SASKARY                   0        ----        ----           0
SBANNING                  0           0           0           0
SBERMAN                1794        ----        ----           0
SBERNSTEIN                0        ----        ----           0
SCHED                     0        ----        ----           0
SCHOU                   465        ----        ----           0
SCHRAMM                   0        ----        ----           0
SCOHEN                 1422        ----        ----           0
SDING                  2350        ----        ----           0
SEFED                     0        ----        ----           0
SELLERBUSCH             826        ----        ----           0
SELTZER                 285        ----        ----           0
SEMAR                     0        ----        ----           0
SETECH                  257        ----        ----           0
SHAWB                    65        ----        ----           0
SHSU                      0        ----        ----           0
SILVAM                   14        ----        ----           0
SIRTI                     0        ----        ----           0
SLEUNG                    0        ----        ----           0
SLIANG                  461        ----        ----           0
SLIARS                 4910        ----        ----           0
SLIBATCH                  2        ----        ----           0
SLIBDEV               15145        ----        ----           0
SLIBPRO               38720        ----        ----           0
SLIBUTI                7671        ----        ----           0
SLICM                  4124        ----        ----           0
SLIDACLT              13056        ----        ----           0
SLIDASPE               2106        ----        ----           0
SLIDLB                 2532        ----        ----           0
SLIDTH                 4320        ----        ----           0
SLIDTM                 9715        ----        ----           0
SLIESA                 1453        ----        ----           0
SLIEXTC                6356        ----        ----           0
SLIISIS               12305        ----        ----           0
SLIOPA                 6503        ----        ----           0
SLISURV                 343        ----        ----           0
SLO                    1172        ----        ----           0
SLOTDUMP               1511        ----        ----           0
SMAZZURCO               177        ----        ----           0
SMCKINSEY                57        ----        ----           0
SMILLS                    0        ----        ----           0
SMITHDE                   0           0           0           0
SMURRAY                  52        ----        ----           0
SNAPAT                  945        ----        ----           0
SNILLUKA               1349        ----        ----           0
SOFTDOC                 100        ----        ----           0
SORRELL                4090        ----        ----           0
SOURCE                37296        ----        ----           0
SOURCEINT                 0        ----        ----           0
SOUTHSALES33              0        ----        ----           0
SPINALE                  12        ----        ----           0
SPL                    2115        1213         902           0
SPOOL                  8160         149        8011           0
SPOOLING                  0        ----        ----           0
SPOOLRM                  69        ----        ----           0
SPPARCH                   0         400        -400           0
SPPOPER                1400         367        1033           0
SPUNKTEST                 2        ----        ----           0
SRA                    4409         149        4260           0
SRA1                    152           0         152           0
SRACRT                  132         166         -34           0
SRAMOV                  193          11         182           0
SRATECH                 719          38         681           0
SRAUTIL                 336        ----        ----           0
SRAVAL                  391          68         323           0
SRICHARDS              2068        ----        ----           0
SSANDKE                   0        ----        ----           0
SSBACKUP                333           0         333           0
SSEREP                  346           3         343           0
SSETO                   186        ----        ----           0
SSINSTALL                 0         326        -326           0
SSJREP                    0        ----        ----           0
SSLADE                  105        ----        ----           0
SSPAMBIN                 14        ----        ----           0
SSPAMSYM                477        ----        ----           0
SSTANKEY                 18        ----        ----           0
SSTRANG                   0        ----        ----           0
SSVAL                   395        ----        ----           0
SSVALSUP               3385          32        3353           0
STEINISM                925        ----        ----           0
STEINJ                  902        ----        ----           0
STHOMPSON              1957        ----        ----           0
STIMACM                   0        ----        ----           0
STLOUOPS                  0        ----        ----           0
STONEK                 3329        ----        ----           0
STOOPSE                1261        ----        ----           0
STOY                      0        ----        ----           0
SUBMIT                 4017        ----        ----           0
SUPPAT                   41        ----        ----           0
SUPUNIT                   0        ----        ----           0
SVOTH                    16        ----        ----           0
SWARTZM                  19        ----        ----           0
SWASHAK                  13        ----        ----           0
SWATS                     0        ----        ----           0
SWEDEL                 5555        ----        ----           0
SWHITE                 1191        ----        ----           0
SWNET                    60        ----        ----           0
SWONG                  1233        ----        ----           0
SWREN                   573        ----        ----           0
SYNCMAG                3280        ----        ----           0
SYS                   46632       15767       30865           0
SYSDOC                  133        ----        ----           0
SYSMAINT               1723         391        1332           0
SYSNEWS                 483         400          83           0
SZOHARY                 478        ----        ----           0
TAPELIB                   2        ----        ----           0
TAPELIBE                  0        ----        ----           0
TBAFTDEB               1146        ----        ----           0
TBASELINE               158        ----        ----           0
TBATLIB                1262         885         377           0
TBETATEST             43917        ----        ----           0
TBINKLEY                  0        ----        ----           0
TCHECKTID                36        ----        ----           0
TCHOW                     0        ----        ----           0
TCMS                      0        ----        ----           0
TCSUP                   231        ----        ----           0
TDFTECH                1460        ----        ----           0
TECHLIB                   0        ----        ----           0
TECHSERV              19576        ----        ----           0
TECHTRAIN              2050        ----        ----           0
TELECOMSUP             1061        ----        ----           0
TERRYB                    4        ----        ----           0
TEXTELNET              1572        ----        ----           0
TFERRO                  807        ----        ----           0
TFITZ                     0        ----        ----           0
TGARCIA                   2        ----        ----           0
TGCODES                   0        ----        ----           0
THOMASJ                2776        ----        ----           0
TIIDEV                  584          30         554           0
TIIPAT                  205        ----        ----           0
TINET                  2790        ----        ----           0
TKOCHMANN              2745        ----        ----           0
TLAI                      0        ----        ----           0
TMCSCODE              23303        ----        ----           0
TMCSDEV                   0        ----        ----           0
TNIDEV                 1185        ----        ----           0
TNS                      27        ----        ----           0
TNSAMS                    0        ----        ----           0
TNSCDOC                   0        ----        ----           0
TNSCES                    0        ----        ----           0
TNSCMKTG                  0        ----        ----           0
TNSCTRAIN                 0        ----        ----           0
TNSETS                    0        ----        ----           0
TNSFRA                    0        ----        ----           0
TNSM                   1278        ----        ----           0
TNSOPS                    0        ----        ----           0
TNSUKM                    0        ----        ----           0
TNXAIL                    2           0           2           0
TOMASI                    2        ----        ----           0
TOOLS11                 783         375         408           0
TPENNIMAN                 2        ----        ----           0
TRAINLAB               2436        ----        ----           0
TRAINSEC                  0        ----        ----           0
TRANSW                 1202        ----        ----           0
TRANT                     0        ----        ----           0
TRAY                      8        ----        ----           0
TROZOLIS                 48        ----        ----           0
TRTNET                10238        ----        ----           0
TRUCONTROL                0           0           0           0
TSAMPSON                 37        ----        ----           0
TSDCONTROL              565        ----        ----           0
TSOURCE                2051        ----        ----           0
TSUCOOP                   2          42         -40           0
TSUIS                  1564        ----        ----           0
TTEDOC                   52        ----        ----           0
TTRAN                    16        ----        ----           0
TTS317                  339        ----        ----           0
TTURNER                 346        ----        ----           0
TXSDOC                    2           0           2           0
TXSINFO                1950        ----        ----           0
TXSSUP                   96           4          92           0
TXSTEST                   4          75         -71           0
TXSTEXT                   4         229        -225           0
TY2TSEE               22339        ----        ----           0
TYEH                   8431        ----        ----           0
TYGER                     0        ----        ----           0
TYM5                 574701        ----        ----           0
TYMDATA                8011        ----        ----           0
TYMGRIPE                  0          30         -30           0
TYMINTL                   0        ----        ----           0
TYMISIS                1182        ----        ----           0
TYMNET               298332         153      298179           0
TYMOLD                  694           0         694           0
TYMRES                  199        ----        ----           0
TYMRES1                  15        ----        ----           0
TYMRES5                 355        ----        ----           0
TYMSTAR                1098        ----        ----           0
UAS                     390         475         -85           0
UFD                       0           8          -8           0
UIS                       0        ----        ----           0
UKDOC                     0        ----        ----           0
UKOPS                   719        ----        ----           0
UN1                     689         105         584           0
UPL                   11135        5193        5942           0
UPSALES                   0        ----        ----           0
UPTGROVE                  2        ----        ----           0
USEVAL                 2395           0        2395           0
UTIL                   3232         500        2732           0
UTSPAT                  141        ----        ----           0
VALDEV                   20          18           2           0
VALIDATA               7213        ----        ----           0
VALIDATE               1383           0        1383           0
VALTD                  9458        ----        ----           0
VALTDMSV                  0        ----        ----           0
VARDIAG                   0        ----        ----           0
VATECH                    0        ----        ----           0
VCHANG                  164        ----        ----           0
VUE                    3010        2496         514           0
VWARKER                 510        ----        ----           0
WAGNERD                   0        ----        ----           0
WALKERG                   0        ----        ----           0
WAR                     467        ----        ----           0
WARNERD                2169        ----        ----           0
WASUPT                    0        ----        ----           0
WATECH                 1765        ----        ----           0
WBADER                    0        ----        ----           0
WCHU                     88        ----        ----           0
WDORNBERGER               0        ----        ----           0
WESTSALE                  0        ----        ----           0
WILLIAMS                  0        ----        ----           0
WINTERSC                  0        ----        ----           0
WLAFORGE                790        ----        ----           0
WNFE                   2190        ----        ----           0
WNFENW                  614        ----        ----           0
WNFEOPS                 484        ----        ----           0
WNFESEC                   0        ----        ----           0
WNFETECH               4160        ----        ----           0
WOBURNLAB               314        ----        ----           0
WRFS                      3        ----        ----           0
WRONSTADT              1663        ----        ----           0
WRS                    6822        1414        5408           0
WSCHALL                   0        ----        ----           0
WTHORPE                   0        ----        ----           0
WTSDEMOS                  0        ----        ----           0
WTSIR                     0        ----        ----           0
WTSSF                     0        ----        ----           0
WTSSJ                     0        ----        ----           0
WUINET                14788        ----        ----           0
WWPC                    110        ----        ----           0
XAIL                      0         319        -319           0
XCOMPAT                2174        ----        ----           0
XCONSULT                  0          46         -46           0
XEXEC                  1175         449         726           0
XX13420001YY              0        ----        ----           0
YAMM                   4219           7        4212           0
YEUX                   3261        1128        2133           0
YOUNGS                    0        ----        ----           0
YOUNGV                  226        ----        ----           0
----------------------------------------------------------------------
TOTALS              2810052       95840      520155           0
----------------------------------------------------------------------

&@^