!do diree ct
*@fix38.cmd

%DRTLKE Non-existent file    YYMMDD.DMD         [21477,215544]


NIDS22  527  8801  ALL RD  NO    1-Jun-87       DSKB:   [21477,205634]


%WLDNSF No such files as DSK:AR0610.*(AR.DEV)

061087  SAT   349  ALL RD  NO   10-Jun-87       DSKB:   [1,44355]


ACTG09  JUN     2  ALL RD  NO   10-Jun-87       DSKB:   [1,44355]


%DRTLKE Non-existent file    PS0609.038         [1,44355]


PS0610  038    30  ALL RD  NO   10-Jun-87       DSKB:   [1,44355]


COM10         645  ALL RD  NO   11-Jun-87       DSKB:   [4,27104]


WAT370  DMI   879  ALL RD  NO   25-May-84       DSKB:   [4,144346]


WAT370  FEB   728  ALL RD  NO    7-Mar-86       DSKB:   [4,144346]


WAT370  MAR  1076  ALL RD  NO    7-Apr-86       DSKB:   [4,144346]


WAT370  NOV   230  ALL RD  NO    6-Dec-86       DSKB:   [4,144346]


8507SH  DMS   310  ALL RD  NO   31-Aug-85       DSKB:   [21477,20613]


CRA001  SAV   262  ALL RD  NO    5-Feb-87       (30320) DSKB:   [1,77445]


TUSRDB  DMS  6176  ALL RD  RD    3-Jun-87       DSKB:   [1,42313]


%DRTLKE Non-existent file    18617C.OR1         [32120,305225]


%DRTLKE Non-existent file    31453W.LA4         [32120,305225]


%DRTLKE Non-existent file    31508C.AT          [32120,305225]


%DRTLKE Non-existent file    32576C.NO          [32120,305225]


%DRTLKE Non-existent file    32687E.LI2         [32120,305225]


%DRTLKE Non-existent file    33465C.PL          [32120,305225]


%DRTLKE Non-existent file    33650W.LA          [32120,305225]


%DRTLKE Non-existent file    33817E.NY          [32120,305225]


%DRTLKE Non-existent file    33837C.MI          [32120,305225]


%DRTLKE Non-existent file    33870C.CH          [32120,305225]


%DRTLKE Non-existent file    34086E.LI          [32120,305225]


%DRTLKE Non-existent file    34225E.LI          [32120,305225]


%DRTLKE Non-existent file    34383C.ME          [32120,305225]


%DRTLKE Non-existent file    34438C.HO          [32120,305225]


%DRTLKE Non-existent file    34484C.AT          [32120,305225]


%DRTLKE Non-existent file    34516C.HO          [32120,305225]


%DRTLKE Non-existent file    34518W.LA          [32120,305225]


%DRTLKE Non-existent file    34780C.ME          [32120,305225]


%DRTLKE Non-existent file    34817W.LA          [32120,305225]


%DRTLKE Non-existent file    34888E.CA          [32120,305225]


%DRTLKE Non-existent file    34942E.VA          [32120,305225]


%DRTLKE Non-existent file    35182E.BO          [32120,305225]


%DRTLKE Non-existent file    35289E.KP          [32120,305225]


%DRTLKE Non-existent file    35296E.LI          [32120,305225]


GLJAN   RAW    36  ALL RD  NO    1-Aug-85       DSKB:   [32120,402037]


LATA    TXT   240  ALL RD  NO   13-Apr-87       DSKB:   [32120,402037]


GKAYJ5  MR0  2178  ALL ALL NO   18-Feb-86       DSKB:   [21476,545177]


HYP8RH  MR0   932  ALL RD  NO   18-Feb-87       DSKB:   [21476,545177]


K4CSV7  MR0  3516  ALL ALL NO   19-Feb-86       DSKB:   [21476,545177]


L       1     932  ALL RD  NO    8-Sep-86       DSKB:   [21476,545177]


NODE    LOC    28  ALL RD  RD   12-Feb-87       DSKB:   [21476,545177]


PORTS   AC    667  ALL RD  RD    8-Dec-85       DSKB:   [21476,545177]


RATF    MAR  10756  ALL RD  NO    2-Apr-87      DSKB:   [21476,545177]


TYM     1      10  ALL RD  NO   29-Apr-87       DSKB:   [21476,545177]


RFM100        275  ALL RD  NO    3-Sep-83       DSKB:   [11553,165215]


DET370  N18   786  ALL RD  NO    5-Dec-86       DSKB:   [14344,162424]


TUKMRD  FEB  1005  ALL RD  NO    5-Mar-87       DSKB:   [14344,162424]


TUKMRD  JAN  1159  ALL RD  NO    2-Mar-87       DSKB:   [14344,162424]


MITEL   JUL  3764  ALL RD  NO    2-Aug-86       DSKB:   [26462,243671]


DET75   IBM    34  ALL RD  NO   11-Feb-85       DSKB:   [14324,135712]


DET78   IBM   502  ALL RD  NO    8-Dec-86       DSKB:   [24325,222277]


%DRTLKE Non-existent file    ACIWVF.MP0         [4,220667]


%DRTLKE Non-existent file    JCL.TBA            [4,220667]


%DRTLKE Non-existent file    SDF35T.ME3         [4,220667]


%DRTLKE Non-existent file    EXP.JUN            [32120,52661]


PRTDMP        188  ALL RD  NO   23-Jan-87       DSKB:   [32120,52661]
PRTDMP  CMD     2  ALL RD  NO   23-Jan-87
  Total of 190 pages in 2 files on DSKB: [32120,52661]




COST    DMS   376  ALL RUN NO   16-Mar-84       DSKB:   [17514,161135]


COM14         581  ALL RD  NO   14-May-87       DSKB:   [4,57166]


PAC14A         32  ALL RD  NO   14-May-87       DSKB:   [4,57166]


POR15         441  ALL RD  NO   15-May-87       DSKB:   [4,57166]


POR30A        280  ALL RD  NO   30-Apr-87       DSKB:   [4,57166]


%WLDNSF No such files as DSK:APPLGY.*(DZISA)

LOGO3           2  ALL RD  NO   27-Apr-87       DSKB:   [21476,331742]


MP14    4       2  ALL RD  NO   27-Apr-87       DSKB:   [21476,331742]


ION1    1      17  ALL RD  NO   27-Sep-86       DSKB:   [21472,266065]


%DRTLKE Non-existent file    STATUS.BAK         [21472,266065]


TRUCK   TEL    25  ALL RD  NO    8-May-85       DSKB:   [21472,266065]


CSA203  BAK    57  ALL RD  NO   26-Feb-85       DSKB:   [21477,364563]


MASTER  BA    115  ALL RD  NO    1-Jun-84       DSKB:   [21477,364563]


PRJPLN  DOC    81  ALL ALL ALL  19-Sep-85       DSKB:   [21477,364563]


TYMCOM  QUE    43  ALL RD  NO   21-Jun-83       DSKB:   [21477,364563]


%DRTLKE Non-existent file    DANDB.VH           [21476,315704]


4THC64  APX    13  ALL RD  NO    6-Mar-84       DSKB:   [11334,333002]


FORSYS  DAT    39  ALL RD  NO   12-Feb-82       DSKB:   [11334,333002]


MUSIC   DAT     8  ALL RD  NO    9-Aug-81       DSKB:   [11334,333002]


P0601   DAT   378  ALL RD  NO    1-Jun-87       DSKB:   [4,641450]


P0610   DAT   383  ALL RD  NO   10-Jun-87       DSKB:   [4,641450]


AUXMAP  HGH    32  ALL RD  NO   24-Nov-78       D(6)    DSKB:   [1,167570]


PUB     REL    89  ALL RD  NO   10-May-87       DSKB:   [11020,136364]


GAZEL   DMS   320  ALL RUN NO   21-Oct-86       DSKB:   [21477,454771]


I8W79D  MP0    19  ALL ALL NO    8-Apr-86       DSKB:   [21477,454771]


ITEMNS  RPT   304  ALL RD  NO   30-Jan-86       DSKB:   [21477,454771]


NSND    DMI   741  ALL RD  NO   22-Dec-86       DSKB:   [21477,454771]


CD4652  N00    92  ALL RD  NO   31-Mar-86       DSKB:   ^C

RBHC    10   1249  ALL RD  NO   13-May-87       DSKB:   [21477,241564]


!do direct
*/sort/slow @fix38.cmd

%DRTLKE Non-existent file    YYMMDD.DMD         DSK:


NIDS22  527  8801  ALL RD  NO    1-Jun-87       DSKB:   [21477,205634]


%WLDNSF No such files as DSK:AR0610.*(AR.DEV)

061087  SAT   349  ALL RD  NO   10-Jun-87       DSKB:   [1,44355]


ACTG09  JUN     2  ALL RD  NO   10-Jun-87       DSKB:   [1,44355]


%DRTLKE Non-existent file    PS0609.038         [1,44355]


PS0610  038    30  ALL RD  NO   10-Jun-87       DSKB:   [1,44355]


COM10         645  ALL RD  NO   11-Jun-87       DSKB:   [4,27104]


WAT370  DMI   879  ALL RD  NO   25-May-84       DSKB:   [4,144346]


WAT370  FEB   728  ALL RD  NO    7-Mar-86       DSKB:   [4,144346]


WAT370  MAR  1076  ALL RD  NO    7-Apr-86       DSKB:   [4,144346]


WAT370  NOV   230  ALL RD  NO    6-Dec-86       DSKB:   [4,144346]


8507SH  DMS   310  ALL RD  NO   31-Aug-85       DSKB:   [21477,20613]


CRA001  SAV   262  ALL RD  NO    5-Feb-87       (30320) DSKB:   [1,77445]


TUSRDB  DMS  6176  ALL RD  RD    3-Jun-87       DSKB:   [1,42313]


%DRTLKE Non-existent file    18617C.OR1         [32120,305225]


%DRTLKE Non-existent file    31453W.LA4         [32120,305225]


%DRTLKE Non-existent file    31508C.AT          [32120,305225]


%DRTLKE Non-existent file    32576C.NO          [32120,305225]


%DRTLKE Non-existent file    32687E.LI2         [32120,305225]


%DRTLKE Non-existent file    33465C.PL          [32120,305225]


%DRTLKE Non-existent file    33650W.LA          [32120,305225]


%DRTLKE Non-existent file    33817E.NY          [32120,305225]


%DRTLKE Non-existent file    33837C.MI          [32120,305225]


%DRTLKE Non-existent file    33870C.CH          [32120,305225]


%DRTLKE Non-existent file    34086E.LI          [32120,305225]


%DRTLKE Non-existent file    34225E.LI          [32120,305225]


%DRTLKE Non-existent file    34383C.ME          [32120,305225]


%DRTLKE Non-existent file    34438C.HO          [32120,305225]


%DRTLKE Non-existent file    34484C.AT          [32120,305225]


%DRTLKE Non-existent file    34516C.HO          [32120,305225]


%DRTLKE Non-existent file    34518W.LA          [32120,305225]


%DRTLKE Non-existent file    34780C.ME          [32120,305225]


%DRTLKE Non-existent file    34817W.LA          [32120,305225]


%DRTLKE Non-existent file    34888E.CA          [32120,305225]


%DRTLKE Non-existent file    34942E.VA          [32120,305225]


%DRTLKE Non-existent file    35182E.BO          [32120,305225]


%DRTLKE Non-existent file    35289E.KP          [32120,305225]


%DRTLKE Non-existent file    35296E.LI          [32120,305225]


GLJAN   RAW    36  ALL RD  NO    1-Aug-85       DSKB:   [32120,402037]


LATA    TXT   240  ALL RD  NO   13-Apr-87       DSKB:   [32120,402037]


GKAYJ5  MR0  2178  ALL ALL NO   18-Feb-86       DSKB:   [21476,545177]


HYP8RH  MR0   932  ALL RD  NO   18-Feb-87       DSKB:   [21476,545177]


K4CSV7  MR0  3516  ALL ALL NO   19-Feb-86       DSKB:   [21476,545177]


L       1     932  ALL RD  NO    8-Sep-86       DSKB:   [21476,545177]


NODE    LOC    28  ALL RD  RD   12-Feb-87       DSKB:   [21476,545177]


PORTS   AC    667  ALL RD  RD    8-Dec-85       DSKB:   [21476,545177]


RATF    MAR  10756  ALL RD  NO    2-Apr-87      DSKB:   [21476,545177]


TYM     1      10  ALL RD  NO   29-Apr-87       DSKB:   [21476,545177]


RFM100        275  ALL RD  NO    3-Sep-83       DSKB:   [11553,165215]


DET370  N18   786  ALL RD  NO    5-Dec-86       DSKB:   [14344,162424]


TUKMRD  FEB  1005  ALL RD  NO    5-Mar-87       DSKB:   [14344,162424]


TUKMRD  JAN  1159  ALL RD  NO    2-Mar-87       DSKB:   [14344,162424]


MITEL   JUL  3764  ALL RD  NO    2-Aug-86       DSKB:   [26462,243671]


DET75   IBM    34  ALL RD  NO   11-Feb-85       DSKB:   [14324,135712]


DET78   IBM   502  ALL RD  NO    8-Dec-86       DSKB:   [24325,222277]


%DRTLKE Non-existent file    ACIWVF.MP0         [4,220667]


%DRTLKE Non-existent file    JCL.TBA            [4,220667]


%DRTLKE Non-existent file    SDF35T.ME3         [4,220667]


%DRTLKE Non-existent file    EXP.JUN            [32120,52661]


PRTDMP        188  ALL RD  NO   23-Jan-87       DSKB:   [32120,52661]
PRTDMP  CMD     2  ALL RD  NO   23-Jan-87
  Total of 190 pages in 2 files on DSKB: [32120,52661]




COST    DMS   376  ALL RUN NO   16-Mar-84       DSKB:   [17514,161135]


COM14         581  ALL RD  NO   14-May-87       DSKB:   [4,57166]


PAC14A         32  ALL RD  NO   14-May-87       DSKB:   [4,57166]


POR15         441  ALL RD  NO   15-May-87       DSKB:   [4,57166]


POR30A        280  ALL RD  NO   30-Apr-87       DSKB:   [4,57166]


%WLDNSF No such files as DSK:APPLGY.*(DZISA)

LOGO3           2  ALL RD  NO   27-Apr-87       DSKB:   [21476,331742]


MP14    4       2  ALL RD  NO   27-Apr-87       DSKB:   [21476,331742]


ION1    1      17  ALL RD  NO   27-Sep-86       DSKB:   [21472,266065]


%DRTLKE Non-existent file    STATUS.BAK         [21472,266065]


TRUCK   TEL    25  ALL RD  NO    8-May-85       DSKB:   [21472,266065]


CSA203  BAK    57  ALL RD  NO   26-Feb-85       DSKB:   [21477,364563]


MASTER  BA    115  ALL RD  NO    1-Jun-84       DSKB:   [21477,364563]


PRJPLN  DOC    81  ALL ALL ALL  19-Sep-85       DSKB:   [21477,364563]


TYMCOM  QUE    43  ALL RD  NO   21-Jun-83       DSKB:   [21477,364563]


%DRTLKE Non-existent file    DANDB.VH           [21476,315704]


4THC64  APX    13  ALL RD  NO    6-Mar-84       DSKB:   [11334,333002]


FORSYS  DAT    39  ALL RD  NO   12-Feb-82       DSKB:   [11334,333002]


MUSIC   DAT     8  ALL RD  NO    9-Aug-81       DSKB:   [11334,333002]


P0601   DAT   378  ALL RD  NO    1-Jun-87       DSKB:   [4,641450]


P0610   DAT   383  ALL RD  NO   10-Jun-87       DSKB:   [4,641450]


AUXMAP  HGH    32  ALL RD  NO   24-Nov-78       D(6)    DSKB:   [1,167570]


PUB     REL    89  ALL RD  NO   10-May-87       DSKB:   [11020,136364]


GAZEL   DMS   320  ALL RUN NO   21-Oct-86       DSKB:   [21477,454771]


I8W79D  MP0    19  ALL ALL NO    8-Apr-86       DSKB:   [21477,454771]


ITEMNS  RPT   304  ALL RD  NO   30-Jan-86       DSKB:   [21477,454771]


NSND    DMI   741  ALL RD  NO   22-Dec-86       DSKB:   [21477,454771]


CD4652  N00    92  ALL RD  NO   31-Mar-86       DSKB:   [21477,263665]


CD4652  N02    53  ALL RD  NO   31-Mar-86       DSKB:   [21477,263665]


CSAT5   R     338  ALL RD  NO   20-Jun-86       DSKB:   [21477,263665]


DUP     KPP    10  ALL ALL ALL  14-Oct-83       DSKB:   [21477,263665]


MEAD    4      71  ALL ALL ALL  10-Jan-85       DSKB:   [21477,263665]


UNZIP   SHR    32  ALL RD  NO   21-Feb-85       20F(1)  DSKB:   [21477,263665]


WG3175  N02   129  ALL RD  NO   14-Mar-86       DSKB:   [21477,263665]


RBHC    10   1249  ALL RD  NO   13-May-87       DSKB:   [21477,241564]


RBHC    20   1424  ALL RD  NO   22-May-87       DSKB:   [21477,241564]


RBHC    MAR   716  ALL RUN NO    2-Apr-87       DSKB:   [21477,241564]


SNET    APR   697  ALL RD  NO   24-Apr-87       DSKB:   [21477,241564]


FINCON  DMI   278  ALL RD  NO    9-Mar-87       DSKB:   [21477,430173]


HOSTS   DMI   126  ALL RD  NO   20-Jun-85       DSKB:   [21477,430173]


MAGNRG  SHR   174  ALL RUN RUN   1-Sep-83       DSKB:   [7,146117]


P3COMP  HGH   195  ALL RUN RUN   1-Sep-83       220T    DSKB:   [7,146117]


38AF06  01   2364  ALL RD  NO    4-Jun-87       DSKB:   [1,151773]


CAN          1512  ALL RD  NO    4-May-87       DSKB:   [21477,307207]


MAIN10  VUE    62  ALL RD  NO   13-Mar-87       DSKB:   [44267,175763]


LOADII  NOV   632  ALL RD  NO   26-Nov-85       DSKB:   [11334,201464]


I2IS07  R00   261  ALL RD  NO   23-Aug-85       DSKB:   [11334,265070]


%DRTLKE Non-existent file    IHALT.DOC          [11334,265070]


MERLIN  SAV    21  ALL RD  NO   13-Mar-85       320B(70)        DSKB:   [11334,265070]


BADPAG  MUP   343  ALL RD  NO   15-Jun-87       DSKB:   [3,431116]


2400    DEC   565  ALL RD  NO   12-Dec-85       DSKB:   [21477,414465]


2400    DME  2345  ALL RD  NO   13-Feb-86       DSKB:   [21477,414465]


2400    DMI  4842  ALL RD  NO   11-Feb-86       DSKB:   [21477,414465]


2400    SEP  1884  ALL RD  NO   16-Oct-85       DSKB:   [21477,414465]


24001   DEC   714  ALL RD  NO   17-Dec-85       DSKB:   [21477,414465]


24001   DEC   714  ALL RD  NO   17-Dec-85       DSKB:   [21477,414465]


PEAK    TUT    10  ALL RD  NO   16-Apr-86       DSKB:   [4,546623]


TUSPRI  DOC    12  ALL RD  NO   19-Feb-87       DSKB:   [21477,243135]


%DRTLKE Non-existent file    QUESTN.LST         [4,222076]


%DRTLKE Non-existent file    PST940.CEN         [4,51660]


%DRTLKE Non-existent file    CONTA.ZZZ          [10056,167145]


%DRTLKE Non-existent file    KLX46B.MR0         [21476,443132]


%WLDNSF No such files as DSK:STEVE.*(MKTGTOOLS)

MSRCRD  BIS    29  ALL RD  NO   15-Jun-84       DSKB:   [21477,275251]


%DRTLKE Non-existent file    PAR.TXT            [21477,271513]


DUKS    DAT  1156  ALL RD  NO   11-Jun-87       DSKB:   [21477,454763]


DUKS    DA    681  ALL RD  NO   10-Jun-87       DSKB:   [21477,454763]


DUKS    DMS  1003  ALL RUN NO   25-Dec-64       DSKB:   [21477,454763]


DUNS    DMI   113  ALL RD  NO   11-Jun-87       DSKB:   [21477,454763]


NEEDLE  128  12863  ALL RD  NO    8-Dec-86      DSKB:   [21476,555365]


NIDBIO  TST   403  ALL RD  NO   24-Jul-86       DSKB:   [21476,555365]


%DRTLKE Non-existent file    NIDOP1.REL         [21476,555365]


NIDS21  527  4105  ALL RD  NO   30-May-87       DSKB:   [21476,555365]


TAMMY   SAV    55  ALL RD  NO   21-Feb-84       320B(66)        DSKB:   [21477,175306]


%DRTLKE Non-existent file    CONHRS.AVE         [21477,235561]


70312A  DMS  10941  ALL RD  NO   14-Mar-87      DSKB:   [21477,205635]


70429A  DMS  10447  ALL RD  NO   30-Apr-87      DSKB:   [21477,205635]


70429B  DMS  10937  ALL RD  NO   30-Apr-87      DSKB:   [21477,205635]


70517A  DMS  8460  ALL RD  NO   19-May-87       DSKB:   [21477,205635]


70526A  DMS  10943  ALL RD  NO   27-May-87      DSKB:   [21477,205635]


70529B  DMS  10942  ALL RD  NO    1-Jun-87      DSKB:   [21477,205635]


70531A  DMS  8011  ALL RD  NO    2-Jun-87       DSKB:   [21477,205635]


70601A  DMS  10935  ALL RD  NO    3-Jun-87      DSKB:   [21477,205635]


70601B  DMS  10961  ALL RD  NO    3-Jun-87      DSKB:   [21477,205635]


70603C  DMS  4416  ALL RD  NO    5-Jun-87       DSKB:   [21477,205635]


70608A  DMS  10452  ALL RD  NO    9-Jun-87      DSKB:   [21477,205635]


70608B  DMS  3877  ALL RD  NO   10-Jun-87       DSKB:   [21477,205635]


70609A  DMS  10960  ALL RD  NO   10-Jun-87      DSKB:   [21477,205635]


CKTS    DMS  2662  ALL RUN NO   11-Jun-87       DSKB:   [21477,205635]


OTIO02  87   1167  ALL RD  NO    2-Mar-87       DSKB:   [21477,205635]


%DRTLKE Non-existent file    NSSMTG.E09         [21476,223537]


%DRTLKE Non-existent file    TLVRKT.705         [21476,223537]


LB      0      82  ALL RD  NO    5-Jun-87       DSKB:   [11334,437777]


DUNS    DMS  5796  ALL RD  NO    1-May-87       DSKB:   [21477,14371]


%DRTLKE Non-existent file    MAIN.VUE           [21477,14371]


%DRTLKE Non-existent file    AO5GPC.ME0         [21477,14372]


%DRTLKE Non-existent file    NTRGO.REL          [21477,14372]


38AF05  18A    57  ALL RD  NO   22-May-87       DSKB:   [1,21]


%DRTLKE Non-existent file    38AF05.18          [1,21]


%DRTLKE Non-existent file    38BU06.04     [1,21]


%WLDDEM Directory DSK:(PARKERT) is empty

%DRTLKE Non-existent file    P20240.INA         [4,274356]


%DRTLKE Non-existent file    ACCBAT.15          [32173,305551]


%DRTLKE Non-existent file    BATRPT.26          [32173,305551]


%DRTLKE Non-existent file    DLYTOT.Z09         [32173,305551]


EOWTME  RPT   126  ALL RD  NO    8-Jun-87       DSKB:   [32173,305551]


%DRTLKE Non-existent file    KS84UQ.ME9         [32173,305551]


NMWGWJ  MB9   197  ALL CP  CP   14-Jun-87       DSKB:   [32173,305551]


%DRTLKE Non-existent file    PTRTOT.Z22         [32173,305551]


STA            67  ALL RD  NO   25-Feb-87       DSKB:   [32173,305551]


%DRTLKE Non-existent file    T21010.RPT         [32173,305551]


%DRTLKE Non-existent file    T21550.SAL         [32173,305551]


%DRTLKE Non-existent file    T29310.INA         [32173,305551]


%DRTLKE Non-existent file    T30800.EXC         [32173,305551]


%DRTLKE Non-existent file    T34500.SAL         [32173,305551]


%DRTLKE Non-existent file    T34640.RPT         [32173,305551]


%DRTLKE Non-existent file    T40181.SAL         [32173,305551]


%DRTLKE Non-existent file    T40390.EXC         [32173,305551]


%DRTLKE Non-existent file    T40950.RPT         [32173,305551]


%DRTLKE Non-existent file    T41300.INA         [32173,305551]


%DRTLKE Non-existent file    T41320.RPT         [32173,305551]


%DRTLKE Non-existent file    T42460.SAL         [32173,305551]


%DRTLKE Non-existent file    T50600.EXC         [32173,305551]


%DRTLKE Non-existent file    TL4130.SAL         [32173,305551]


%DRTLKE Non-existent file    TL4300.EXC         [32173,305551]


%DRTLKE Non-existent file    TL4350.SAL         [32173,305551]


%DRTLKE Non-existent file    TL4400.SAL         [32173,305551]


%DRTLKE Non-existent file    TL4440.RPT         [32173,305551]


%DRTLKE Non-existent file    TL6300.SAL         [32173,305551]


%DRTLKE Non-existent file    TL6720.SAL         [32173,305551]


IN0127       1115  ALL RD  NO   17-Feb-87       DSKB:   [11020,136152]


%DRTLKE Non-existent file    MAY87.BAK          [21477,10123]


%DRTLKE Non-existent file    C24L.IN            [21476,14441]


OTIONS  DMS    19  ALL RUN NO   13-Aug-86       DSKB:   [21476,14441]


BFPIWV  ME0    61  ALL RD  NO   27-Jan-87       DSKB:   [21477,372774]


DP0430  DAT   150  ALL RD  NO    1-May-87       DSKB:   [21477,372774]


%DRTLKE Non-existent file    DP0525.DAT         [21477,372774]


DP0526  DAT   150  ALL RD  NO   27-May-87       DSKB:   [21477,372774]


DP0604  DAT   151  ALL RD  NO    5-Jun-87       DSKB:   [21477,372774]


KA4819  TAP  5143  ALL RD  NO   17-Mar-87       DSKB:   [21477,372774]


P0609   DAT   382  ALL RD  NO    9-Jun-87       DSKB:   [21477,372774]


%DRTLKE Non-existent file    HELLER.MEM         [21476,411562]


POTS    APR   936  ALL RD  NO   10-May-85       DSKB:   [22013,247541]


AUD01   PR6     2  ALL RD  NO    6-Dec-79       DSKB:   [4,143361]


%DRTLKE Non-existent file    CUSAST.PR1         [4,143361]


GVTRAM  PR1     4  ALL RD  NO   16-Nov-82       DSKB:   [4,143361]


%DRTLKE Non-existent file    PREUPX.PR1         [4,143361]


%DRTLKE Non-existent file    X25CO.IDX          [21476,174510]


%DRTLKE Non-existent file    X25CO.IDX          [21476,174510]


%WLDNSF No such files as DSK:FEBPUB.*(RDONOSO)

DCHASE  F4     26  ALL RD  NO    4-Feb-85       DSKB:   [21476,17664]


%DRTLKE Non-existent file    STRNG.DCL          [3,212145]


CONTIM  DMS  1051  ALL RD  NO    9-Aug-83       DSKB:   [11447,143725]


%DRTLKE Non-existent file    MAGCON.CF          [4,112057]


%DRTLKE Non-existent file    WZ5IMZ.ME0         [4,112057]


TANDY   5     508  ALL RD  NO   24-Mar-86       DSKB:   [10056,263666]


ACC11   433   260  ALL RD  NO   11-Jun-87       DSKB:   [1,133677]


%WLDNSF No such files as DSK:DUMMY.*(SPOOLRM)

70PSP   DAT     7  ALL RD  NO   10-Jun-87       DSKB:   [1,215254]


ICP     AM     79  ALL RD  NO   10-Jun-87       DSKB:   [1,101723]


%DRTLKE Non-existent file    RDNACC.MAC         [11447,113414]


SR0528  038    70  ALL RD  NO   28-May-87       DSKB:   [51316,604242]


%DRTLKE Non-existent file    WELSH.RES          [44267,331743]


X       TBA     2  ALL RD  NO    1-May-87       DSKB:   [21475,174505]
X       REL     2  ALL RD  NO   23-Apr-87
  Total of 4 pages in 2 files on DSKB: [21475,174505]




%DRTLKE Non-existent file    SNA.NEW            [44060,270445]


%DRTLKE Non-existent file    DUSUM.DMI          [21477,463053]


FTSHST  DMI    31  ALL RD  NO   14-May-87       DSKB:   [21477,463053]


RECORD  DMS  5960  ALL RD  NO   11-Mar-85       DSKB:   [1,30773]


%DRTLKE Non-existent file    ASP.DOC            [21476,540121]


%DRTLKE Non-existent file    BETA.MAY           [21476,540121]


DMON    GID    13  ALL RD  RD    9-Nov-84       DSKB:   [21476,540121]


MBASE   GID    37  ALL RD  RD   29-Aug-85       DSKB:   [21476,540121]


X22     DOC   355  ALL RD  RD   17-Mar-82       DSKB:   [21476,540121]


XRAY52  DOC   158  ALL RD  NO    2-May-87       DSKB:   [21476,540121]


KA5018  TAP  5230  ALL RD  NO   26-May-87       DSKB:   [21477,3172]


%DRTLKE Non-existent file    NMWGHS.MR0         [14130,421335]


SUBSTA  COM     2  ALL RD  NO    6-Jun-86       DSKB:   [14130,421335]


%DRTLKE Non-existent file    FIRN.02            [21477,42651]


%DRTLKE Non-existent file    INTF.LOG           [1,201014]


FEB4A   SES  3980  ALL RD  NO   15-Feb-86       DSKB:   [43722,231461]


SWTCHR  DAT  3200  ALL RD  NO    9-Jul-85       DSKB:   [43722,231461]


VHOCT6  DMI   926  ALL RD  NO    3-Feb-87       DSKB:   [43722,231461]


%DRTLKE Non-existent file    AFDM28.621         [21477,337402]


%DRTLKE Non-existent file    PRIME.PAS          [21476,251670]


%DRTLKE Non-existent file    NODES.SAV          [21477,175251]


%WLDNSF No such files as DSK:PATTY.*(TYMRES)

%DRTLKE Non-existent file    CSHHOG.MP1         [4,125552]


CUSACT  ERR   274  ALL RD  NO   30-Nov-86       DSKB:   [4,125552]


%DRTLKE Non-existent file    MCTRIN.DAT         [4,125552]


MWAZ13  MR1  3082  ALL RD  NO   11-Dec-86       DSKB:   [4,125552]


PRALL   DAT  1284  ALL RD  NO    2-Nov-86       DSKB:   [4,125552]


%DRTLKE Non-existent file    PRDCOD.1A          [4,125552]


RTYCTL  DAT    91  ALL RD  RD    9-Sep-82       DSKB:   [4,125552]


VRTX    RPT   232  ALL RD  NO    3-Dec-86       DSKB:   [4,125552]


%DRTLKE Non-existent file    YMYCFK.MP1         [4,125552]


ZIPTAX  DAT   172  ALL RD  NO    3-Dec-86       DSKB:   [4,125552]


061087  SAT   206  ALL RD  NO   10-Jun-87       DSKB:   [6,270]


SORT    SHR    34  ALL RUN RUN  21-Jul-78       D(5)    DSKB:   [11,562]


X22DMP  SAV    25  ALL RD  RD   21-Nov-74       320B(53)        DSKB:   [11,562]


%DRTLKE Non-existent file    CM10.SHR           [1,36]


PSPPDP  MAC    14  ALL RD  NO   11-Jun-87       DSKB:   [1,36]


SPTBKL  OG     32  ALL RD  NO   19-Nov-84       DSKB:   [17514,211377]


%DRTLKE Non-existent file    VIENNA.ORG         [21477,401443]


%DRTLKE Non-existent file    NSVAL.CF           [4,63311]


SPIRO   SHR    32  ALL RD  NO    6-Mar-85       20F(1)  DSKB:   [4,63311]


%DRTLKE Non-existent file    ERNLX8.MR5         [14351,223714]


MD4R4O  MR5  3961  ALL RD  NO    8-May-82       DSKB:   [14351,223714]


%WLDNSF No such files as DSK:AMERI.*(WESTBILL)

%DRTLKE Non-existent file    TASK.LST           [4,54414]


%DRTLKE Non-existent file    UCCLON.PU2         [21477,67053]


%DRTLKE Non-existent file    TIIXEC.SAV         [3,275244]


MAGNUM  DIR     2  CP  NO  NO   26-Jan-85       DSKB:   [20735,271762]


NWGOOD  GUY     2  ALL RD  NO   11-May-87       DSKB:   [21476,223537]
REPORT  PRO     4  ALL RD  NO   11-May-87
NSSMTG  533     3  ALL RD  NO   16-Jan-86
ANZ     LST     2  ALL RD  NO   11-May-87
NSSMTG  543     3  ALL RD  NO   16-Jan-86
NSSMTG  03      3  ALL RD  NO   16-Jan-86
VUE     INI     2  ALL RD  NO   11-May-87
NSSMTG  542     3  ALL RD  NO   16-Jan-86
NSSMTG  541     3  ALL RD  NO   16-Jan-86
NSSMTG  540     3  ALL RD  NO   16-Jan-86
NSSMTG  539     2  ALL RD  NO   16-Jan-86
NSSMTG  529     2  ALL RD  NO   16-Jan-86
NSSMTG  538     2  ALL RD  NO   16-Jan-86
NSSMTG  537     3  ALL RD  NO   16-Jan-86
NSSMTG  536     3  ALL RD  NO   16-Jan-86
NSSMTG  535     2  ALL RD  NO   16-Jan-86
NSSMTG  534     2  ALL RD  NO   16-Jan-86
NSSMTG  532     3  ALL RD  NO   16-Jan-86
NSSMTG  531     2  ALL RD  NO   16-Jan-86
NSSMTG  530     3  ALL RD  NO   16-Jan-86
NSSMTG  528     3  ALL RD  NO   16-Jan-86
NSSMTG  527     2  ALL RD  NO   16-Jan-86
NSSMTG  526     2  ALL RD  NO   16-Jan-86
NSSMTG  525     3  ALL RD  NO   16-Jan-86
NSSMTG  524     2  ALL RD  NO   16-Jan-86
NETS    LST     2  ALL RD  NO   11-May-87
SIRTI   LST     2  ALL RD  NO   11-May-87
DOFL    LST     2  ALL RD  NO   11-May-87
MFGDC   PRO     3  ALL RD  NO    3-Jun-87
JOB     CMD     2  ALL RD  NO   11-May-87
CHGOES  FRM     2  ALL RD  NO   11-May-87
EXXON   808     2  ALL RD  NO   13-Aug-86
EXXON   806     2  ALL RD  NO   13-Aug-86
MAIN    VUE     4  ALL RD  NO   11-May-87
REPORT          2  ALL RD  NO   13-Aug-86
MFGTST  PLN     2  ALL RD  NO   11-May-87
MDISI   STG     2  ALL RD  NO   11-May-87
UNAME   STG     2  ALL RD  NO   11-May-87
NSSMTG  06      3  ALL RD  NO   11-May-87
MDISEU  LST     2  ALL RD  NO   11-May-87
JOB     LOG     2  ALL RD  NO    7-Jun-87
NSSMTG  E02     2  ALL RD  NO   11-May-87
REMOVE  PAS     3  ALL RD  NO   11-May-87
QAOPS   601     3  ALL RD  NO   11-May-87
MFGEXP  601     4  ALL RD  NO   11-May-87
TARGET  CDE     2  ALL RD  NO   11-May-87
ANZ     702     2  ALL RD  NO   11-May-87
NSSMTG  E01     2  ALL RD  NO   11-May-87
ANZ     701     2  ALL RD  NO   19-Jan-87
DUTIES  PRO     3  ALL RD  NO   11-May-87
SINUS   BAS     2  ALL RD  NO   19-Mar-87
ANZ     703     2  ALL RD  NO   11-May-87
ANZ     704     2  ALL RD  NO   11-May-87
THUGS   ART     3  ALL RD  NO   11-May-87
EXXON   E01     2  ALL RD  NO   11-May-87
EXXON   LST     2  ALL RD  NO   11-May-87
NSSMTG  E18     2  ALL RD  NO   11-May-87
PERFOR          3  ALL RD  NO   11-May-87
MDISEU  E01     2  ALL RD  NO   11-May-87
REPORT  LST     2  ALL RD  NO   11-May-87
NSSMTG  E17     2  ALL RD  NO   11-May-87
NSSMTG  E16     2  ALL RD  NO   11-May-87
MDISEU  E00     2  ALL RD  NO   11-May-87
DOFL    E04     2  ALL RD  NO   11-May-87
NSSMTG  E15     2  ALL RD  NO   11-May-87
EXXON   E04     2  ALL RD  NO   11-May-87
DOFL    E03     2  ALL RD  NO   11-May-87
EXXON   E03     2  ALL RD  NO   11-May-87
DOFL    E02     2  ALL RD  NO   11-May-87
NSSMTG  E14     2  ALL RD  NO   11-May-87
EXXON   E02     2  ALL RD  NO   11-May-87
NSSMTG  E13     2  ALL RD  NO   11-May-87
QAOPS   703     3  ALL RD  NO   11-May-87
NSSMTG  E12     2  ALL RD  NO   11-May-87
DOFL    E01     2  ALL RD  NO   11-May-87
QAOPS   702     2  ALL RD  NO   11-May-87
ANZ     E11     2  ALL RD  NO   11-May-87
ANZ     E10     2  ALL RD  NO   11-May-87
NSSMTG  E11     2  ALL RD  NO   11-May-87
ANZ     705     2  ALL RD  NO   11-May-87
ANZ     E09     2  ALL RD  NO   11-May-87
NSSMTG  E10     2  ALL RD  NO   11-May-87
REPORT  LSR     2  ALL RD  NO   11-May-87
VAISC   E01     2  ALL RD  NO   11-May-87
ANZ     E08     2  ALL RD  NO   11-May-87
NSSMTG  E08     2  ALL RD  NO   11-May-87
NSSMTG  E07     2  ALL RD  NO   11-May-87
QAOPS   701     3  ALL RD  NO   11-May-87
NSSMTG  E06     2  ALL RD  NO   11-May-87
ANZ     E07     2  ALL RD  NO   11-May-87
NSSMTG  E05     2  ALL RD  NO   11-May-87
ANZ     E06     2  ALL RD  NO   11-May-87
ANZ     E05     2  ALL RD  NO   11-May-87
NSSMTG  E04     2  ALL RD  NO   11-May-87
ANZ     E04     2  ALL RD  NO   11-May-87
ANZ     E03     2  ALL RD  NO   11-May-87
NSSMTG  FRM     2  ALL RD  NO   15-May-87
NSSMTG  E20     2  ALL RD  NO   25-May-87
THANK   YOU     2  ALL RD  NO   26-May-87
ANZ     E02     2  ALL RD  NO   11-May-87
ANZ     E01     2  ALL RD  NO   11-May-87
BATCH   CMD     2  ALL RD  NO   11-May-87
ADMIN   PRO     3  ALL RD  NO   11-May-87
MINI    PRO     3  ALL RD  NO   11-May-87
WESTP   LST     2  ALL RD  NO   11-May-87
VANET   LST     2  ALL RD  NO   11-May-87
ALASCO  LST     2  ALL RD  NO   11-May-87
NSSU    536     2  ALL RD  NO   16-Jan-86
INTRO   STG     2  ALL RD  NO   11-May-87
INS     LST     2  ALL RD  NO   11-May-87
BATCH   508    33  ALL RD  NO   11-May-87
INIT    SAV     2  ALL RD  NO   11-May-87
ANNCMT  44      4  ALL RD  NO   11-May-87
TYPE    CNT     2  ALL RD  NO   19-Jan-87
PROC    STG     5  ALL RD  NO   11-May-87
NSSU    532     2  ALL RD  NO   16-Jan-86
NSSU    531     2  ALL RD  NO   16-Jan-86
NSSU    530     2  ALL RD  NO   16-Jan-86
NSSU    529     2  ALL RD  NO   16-Jan-86
NSSU    527     2  ALL RD  NO   16-Jan-86
NSSU    526     3  ALL RD  NO   16-Jan-86
NSSU    525     2  ALL RD  NO   16-Jan-86
NSSU    524     3  ALL RD  NO   16-Jan-86
NSSU    523     2  ALL RD  NO   16-Jan-86
NSSU    522     3  ALL RD  NO   16-Jan-86
NSSU    521     2  ALL RD  NO   16-Jan-86
NSSU    520     3  ALL RD  NO   16-Jan-86
NSSU    519     2  ALL RD  NO   16-Jan-86
NSSU    518     2  ALL RD  NO   16-Jan-86
NSSU    517     3  ALL RD  NO   16-Jan-86
NSSU    516     2  ALL RD  NO   16-Jan-86
NSSU    515     3  ALL RD  NO   16-Jan-86
NSSU    514     2  ALL RD  NO   16-Jan-86
NSSU    512     3  ALL RD  NO   16-Jan-86
NSSU    509     3  ALL RD  NO   16-Jan-86
NSSU    506     3  ALL RD  NO   16-Jan-86
NSSU    505     2  ALL RD  NO   16-Jan-86
NSSU    504     2  ALL RD  NO   16-Jan-86
NSSU    503     2  ALL RD  NO   16-Jan-86
NSSU    58      3  ALL RD  NO   16-Jan-86
NSSU    53      3  ALL RD  NO   16-Jan-86
NSSU    528     3  ALL RD  NO   11-Feb-86
FORM    INI     2  ALL RD  NO   11-May-87
CEGI    LST     2  ALL RD  NO   11-May-87
NSSU    LST     2  ALL RD  NO   11-May-87
BOFA    LST     2  ALL RD  NO   11-May-87
TAYLRX  LST     2  ALL RD  NO   11-May-87
COMPAQ  LST     2  ALL RD  NO   11-May-87
JPPC    DOC     3  ALL RD  NO   11-May-87
BATCH   600    50  ALL RD  NO   11-May-87
NCODE   REQ     2  ALL RD  NO   16-Jan-87
USGS    E01     2  ALL RD  NO   11-May-87
VANET   E02     2  ALL RD  NO   11-May-87
VANET   E01     2  ALL RD  NO   11-May-87
NSSU    701     2  ALL RD  NO   11-May-87
MIKE    XPI     2  ALL RD  NO   11-May-87
VANET   701     2  ALL RD  NO   11-May-87
NSSU    617     2  ALL RD  NO   11-May-87
NSSU    616     4  ALL RD  NO   11-May-87
NSSU    615     2  ALL RD  NO   11-May-87
NSSU    614     2  ALL RD  NO   11-May-87
NSSU    613     2  ALL RD  NO   11-May-87
NSSU    612     2  ALL RD  NO   11-May-87
NSSU    611     3  ALL RD  NO   11-May-87
NSSU    610     2  ALL RD  NO   11-May-87
NSSU    608     3  ALL RD  NO   11-May-87
NSSU    606     2  ALL RD  NO   11-May-87
NSSU    605     4  ALL RD  NO   11-May-87
NSSU    604     2  ALL RD  NO   11-May-87
NSSU    533     2  ALL RD  NO   11-May-87
NSSU    535     3  ALL RD  NO   11-May-87
NSSU    534     3  ALL RD  NO   11-May-87
BATCH   601    29  ALL RD  NO   11-May-87
NSSU    603     3  ALL RD  NO   11-May-87
NSSU    602     2  ALL RD  NO   11-May-87
NSSU    601     4  ALL RD  NO   11-May-87
CEGI    807     2  ALL RD  NO   13-Aug-86
ASYNC   SAV     9  ALL RD  NO    5-Sep-86       320B(70)
MARUZN  LST     2  ALL RD  NO   11-May-87
MDISPR  LST     2  ALL RD  NO   11-May-87
SAME            1  ALL RD  NO   18-Dec-86
PCI     E03     2  ALL RD  NO   11-May-87
PCI     E04     2  ALL RD  NO   24-Mar-87
STATUS  703     4  ALL RD  NO   11-May-87
VANET   702     2  ALL RD  NO   10-Apr-87
MARUZN  E11     2  ALL RD  NO   11-May-87
VANET   E13     2  ALL RD  NO   11-May-87
USGS    E04     2  ALL RD  NO   11-May-87
MARUZN  E10     2  ALL RD  NO   11-May-87
STATUS  704     4  ALL RD  NO   11-May-87
MARUZN  E09     2  ALL RD  NO   11-May-87
VANET   E12     2  ALL RD  NO   11-May-87
MARUZN  E08     2  ALL RD  NO   11-May-87
VANET   705     2  ALL RD  NO   11-May-87
MARUZN  E07     2  ALL RD  NO   11-May-87
VANET   E14     2  ALL RD  NO   12-May-87
COORD   FRM     3  ALL RD  NO   12-May-87
058SRC  RUN     4  ALL RD  NO   18-May-87
USGS    E05     2  ALL RD  NO   19-May-87
USGS    LST     2  ALL RD  NO   19-May-87
NSSU    TNG     3  ALL RD  NO   20-May-87
USGS    E06     2  ALL RD  NO   22-May-87
MARUZN  E14     2  ALL RD  NO    1-Jun-87
FACTRY  TST    29  ALL RD  NO   10-Oct-85
STD     PRO     3  ALL RD  NO   11-May-87
SWBELL  LST     2  ALL RD  NO   11-May-87
NSC     LST     2  ALL RD  NO   11-May-87
FNBC    LST     2  ALL RD  NO   11-May-87
PHILPS  LST     2  ALL RD  NO   11-May-87
HSBC    LST     2  ALL RD  NO   11-May-87
MONTH   DUE     2  ALL RD  NO   11-May-87
PAPER   TF2     4  ALL RD  NO   11-May-87
POLICY  GEN     3  ALL RD  NO   11-May-87
SOFT    LIB     4  ALL RD  NO   11-May-87
PLAN1           5  ALL RD  NO   11-May-87
POLICY  STG     3  ALL RD  NO   11-May-87
CUSTMR  STG     3  ALL RD  NO   11-May-87
PSCONF  DOC    10  ALL RD  NO   11-May-87
CW      LST     2  ALL RD  NO   11-May-87
DCRAFT  LST     2  ALL RD  NO   11-May-87
CLEAN   UP      2  ALL RD  NO   11-May-87
JOHNSN  LST     2  ALL RD  NO   11-May-87
HSBC    806     2  ALL RD  NO   13-Aug-86
ANSWER  TEL     2  ALL RD  NO   19-Jan-87
JOBS    TXT     2  ALL RD  NO   13-Aug-86
CIPHER  SAV    13  ALL RD  NO   11-May-87
TYMSTR  LST     2  ALL RD  NO   11-May-87
EPA     LST     2  ALL RD  NO   11-May-87
MEMO    FRM     2  ALL RD  NO   11-May-87
X25MP   TST     7  ALL RD  NO   16-Jan-87
CW      E01     2  ALL RD  NO   11-May-87
HSBC    E02     2  ALL RD  NO   11-May-87
HSBC    E01     2  ALL RD  NO   11-May-87
TYMSTR  604     3  ALL RD  NO   11-May-87
TYMSTR  603     3  ALL RD  NO   11-May-87
TYMSTR  602     3  ALL RD  NO   11-May-87
TYMSTR  601     3  ALL RD  NO   11-May-87
DATAB   PRO    10  ALL RD  NO   11-May-87
SWBELL  E01     2  ALL RD  NO   11-May-87
TLCHEK  E01     2  ALL RD  NO   30-Mar-87
EAP     E01     2  ALL RD  NO   10-Apr-87
EPA     E18     2  ALL RD  NO   11-May-87
EPA     E17     2  ALL RD  NO   11-May-87
EPA     E16     2  ALL RD  NO   11-May-87
EPA     E15     2  ALL RD  NO   11-May-87
TYMSTR  E01     2  ALL RD  NO   11-May-87
CW      E05     2  ALL RD  NO   11-May-87
SWBELL  E09     2  ALL RD  NO   11-May-87
SWBELL  E08     2  ALL RD  NO   11-May-87
EPA     E14     2  ALL RD  NO   11-May-87
SWBELL  E07     2  ALL RD  NO   11-May-87
CW      E04     2  ALL RD  NO   11-May-87
SWBELL  E06     2  ALL RD  NO   11-May-87
SWBELL  701     3  ALL RD  NO   11-May-87
SWBELL  E05     2  ALL RD  NO   11-May-87
SWBELL  E04     2  ALL RD  NO   11-May-87
EPA     E13     2  ALL RD  NO   11-May-87
EPA     E12     2  ALL RD  NO   11-May-87
EPA     E11     2  ALL RD  NO   11-May-87
EPA     E10     2  ALL RD  NO   11-May-87
CW      E03     2  ALL RD  NO   11-May-87
EPA     E09     2  ALL RD  NO   11-May-87
EPA     E08     2  ALL RD  NO   11-May-87
EPA     E07     2  ALL RD  NO   11-May-87
CW      E02     2  ALL RD  NO   11-May-87
SWBELL  E03     2  ALL RD  NO   11-May-87
EPA     E06     3  ALL RD  NO   11-May-87
EPA     E05     2  ALL RD  NO   11-May-87
EPA     E04     2  ALL RD  NO   11-May-87
EPA     E03     2  ALL RD  NO   11-May-87
EPA     E02     2  ALL RD  NO   11-May-87
MDCSC   ERR     2  ALL RD  NO   11-May-87
SWBELL  E02     2  ALL RD  NO   11-May-87
EPA     E01     2  ALL RD  NO   11-May-87
HSBC    E03     2  ALL RD  NO   11-May-87
ANSWER          2  ALL RD  NO   11-May-87
PSCONF  FRM    11  ALL RD  NO   12-May-87
STD     FRM     3  ALL RD  NO   12-May-87
STCODE  FRM     3  ALL RD  NO   12-May-87
CNSC    BAK     2  ALL RD  NO   18-May-87
MFGSTA  701     3  ALL RD  NO   18-May-87
TYMSTR  E02     3  ALL RD  NO   19-May-87
PERFOM  E01     7  ALL RD  NO    3-Jun-87
CNSC    FRM     2  ALL RD  NO    1-Jun-87
PERFOM  BAK     7  ALL RD  NO    3-Jun-87
POLICY  BAK     4  ALL RD  NO    5-Jun-87
POLICY  R1      4  ALL RD  NO    8-Jun-87
SWBELL  BAK     2  ALL RD  NO    8-Jun-87
SWBELL  E10     2  ALL RD  NO    8-Jun-87
EPA     E19     2  ALL RD  NO   11-Jun-87
SPELL           5  ALL RD  NO    9-Jun-87
FIELD   DOC     9  ALL RD  NO   10-Jun-87
CHASE   LST     2  ALL RD  NO   11-May-87
TRT     LST     2  ALL RD  NO   11-May-87
MPCONF         30  ALL RD  NO   11-May-87
VALUE1  ADD     3  ALL RD  NO   11-May-87
ASSET   FUR     4  ALL RD  NO   11-May-87
EXPLAI  LOG     3  ALL RD  NO   19-Jan-87
SET     SAV     2  ALL RD  NO   11-May-87
PEAK    INI     2  ALL RD  NO   11-May-87
MPCONF  DOC    11  ALL RD  NO   11-May-87
FIRN    LST     2  ALL RD  NO   11-May-87
SBB     LST     2  ALL RD  NO   11-May-87
LOGIN   PRO     4  ALL RD  NO   11-May-87
CHART   ORG     2  ALL RD  NO   11-May-87
SPROJ   STG     2  ALL RD  NO    9-Jun-87
CAS     E09     2  ALL RD  NO   11-May-87
CAS     E08     2  ALL RD  NO   11-May-87
CAS     E07     2  ALL RD  NO   11-May-87
CAS     E06     2  ALL RD  NO   11-May-87
CAS     E05     2  ALL RD  NO   11-May-87
CAS     E04     2  ALL RD  NO   11-May-87
CAS     E03     2  ALL RD  NO   11-May-87
CAS     E02     2  ALL RD  NO   11-May-87
CAS     E01     2  ALL RD  NO   11-May-87
SBI     601     4  ALL RD  NO   11-May-87
RLEASE  LST     2  ALL RD  NO   11-May-87
SLIGOS  LST     2  ALL RD  NO   11-May-87
ASSET   EQP     4  ALL RD  NO   11-May-87
ASSET   INV     4  ALL RD  NO   11-May-87
CAS     E13     2  ALL RD  NO   11-May-87
CAS     E12     2  ALL RD  NO   11-May-87
CAS     E11     2  ALL RD  NO   11-May-87
CAS     E10     2  ALL RD  NO   11-May-87
FIRN    E01     2  ALL RD  NO   11-May-87
SUPERP          2  ALL RD  NO   11-May-87
TYPE84  CNT     2  ALL RD  NO   11-May-87
HDR             2  ALL RD  NO   11-May-87
CAS     701     2  ALL RD  NO   11-May-87
RLEASE  FRM     2  ALL RD  NO   12-May-87
MPCONF  FRM    23  ALL RD  NO   12-May-87
ECO     701     2  ALL RD  NO   13-May-87
ECO     702     2  ALL RD  NO   13-May-87
ECO     703     2  ALL RD  NO   13-May-87
ECO     704     3  ALL RD  NO   13-May-87
CAS     E14     2  ALL RD  NO   18-May-87
CAS     LST     2  ALL RD  NO   18-May-87
CAS     E15     2  ALL RD  NO   19-May-87
CAS     E20     2  ALL RD  NO    3-Jun-87
SPELL   BAK     5  ALL RD  NO    8-Jun-87
ECO     BAK     2  ALL RD  NO    9-Jun-87
ECO     705     3  ALL RD  NO    9-Jun-87
ECO     LST     2  ALL RD  NO    9-Jun-87
SPROJ   BAK     2  ALL RD  NO    9-Jun-87
FIELD   BAK     9  ALL RD  NO    9-Jun-87
MICRO   PRO     3  ALL RD  NO   11-May-87
ERRLOG  09     13  ALL RD  NO    9-Oct-85
TLVRKT  LST     2  ALL RD  NO   11-May-87
ERRLOG  12      9  ALL RD  NO    6-Dec-85
ERRLOG  11      9  ALL RD  NO    6-Dec-85
ATC     502     2  ALL RD  NO   11-May-87
ATC     501     2  ALL RD  NO   11-May-87
MXPPRP  REQ     2  ALL RD  NO   11-May-87
APSS    HLP     2  ALL RD  NO   11-May-87
300MEG  HLP     2  ALL RD  NO   11-May-87
PARITY  HLP     2  ALL RD  NO   11-May-87
CONFIG  2       3  ALL RD  NO    6-Jun-86
CONFIG  1A      3  ALL RD  NO    6-Jun-86
NTWRK   SUP     2  ALL RD  NO   11-May-87
THRPUT  HLP    10  ALL RD  NO   11-May-87
UCCEL   LST     2  ALL RD  NO   11-May-87
MFGREL  EXP     4  ALL RD  NO   11-May-87
PROJCT  STG     3  ALL RD  NO   11-May-87
INIT1   SAV     5  ALL RD  NO   19-Jan-87       (1)
SBC     LST     2  ALL RD  NO   11-May-87
TLVRKT  E02     2  ALL RD  NO   11-May-87
QAMFG   703     4  ALL RD  NO   11-May-87
QAMFG   702     2  ALL RD  NO   11-May-87
TLVRKT  702     2  ALL RD  NO   11-May-87
TLVRKT  E01     2  ALL RD  NO   11-May-87
CSCNSC  701     4  ALL RD  NO   11-May-87
QAMFG   601     2  ALL RD  NO   11-May-87
CODE    LST     2  ALL RD  NO   11-May-87
TLVRKT  STA     3  ALL RD  NO   11-May-87
MFGPRO  602     2  ALL RD  NO   11-May-87
MOVE    606     2  ALL RD  NO   11-May-87
MOVE    605     3  ALL RD  NO   11-May-87
MOVE    604     2  ALL RD  NO   11-May-87
MOVE    603     3  ALL RD  NO   11-May-87
MOVE    602     2  ALL RD  NO   11-May-87
MOVE    601     2  ALL RD  NO   11-May-87
TLVRKT  701     2  ALL RD  NO   11-May-87
QAMFG   701     2  ALL RD  NO   11-May-87
ERRLOG  OFR     2  ALL RD  NO   11-May-87
ERRLOG  700     9  ALL RD  NO   11-May-87
QAMFG   603     3  ALL RD  NO   11-May-87
MOVE    607     4  ALL RD  NO   11-May-87
QAMFG   602     2  ALL RD  NO   11-May-87
CSCNSC  702     5  ALL RD  NO   11-May-87
IOES    PRO     6  ALL RD  NO   11-May-87
TLVRKT  PRO     9  ALL RD  NO    3-Jun-87
DRAY    MEM     3  ALL RD  NO   16-Mar-87
CSCNSC  708     5  ALL RD  NO   11-May-87
TLVRKT  703     3  ALL RD  NO   11-May-87
TLVRKT  M01     2  ALL RD  NO    9-Apr-87
TLVRKT  704     3  ALL RD  NO   11-May-87
TLVRKT  706     2  ALL RD  NO   11-May-87
TLVRKT  E13     2  ALL RD  NO   11-May-87
CSCNSC  E06     3  ALL RD  NO   11-May-87
QAMFG   710     2  ALL RD  NO   11-May-87
QAMFG   709     2  ALL RD  NO   11-May-87
QAMFG   707     2  ALL RD  NO   11-May-87
TLVRKT  712     2  ALL RD  NO   11-May-87
CSCNSC  710     6  ALL RD  NO   11-May-87
CSCNSC  E05     3  ALL RD  NO   11-May-87
QAMFG   706     3  ALL RD  NO   11-May-87
CLINT   MEM     2  ALL RD  NO   11-May-87
TLVRKT  711     3  ALL RD  NO   11-May-87
ATC     701     2  ALL RD  NO   11-May-87
TLVRKT  710     3  ALL RD  NO   11-May-87
CSCNSC  709     6  ALL RD  NO   11-May-87
CSCNSC  E04     3  ALL RD  NO   11-May-87
ERRLOG  703     6  ALL RD  NO   11-May-87
TLVRKT  709     5  ALL RD  NO   11-May-87
ERRLOG  TOP     2  ALL RD  NO   11-May-87
TLVRKT  708     2  ALL RD  NO   11-May-87
CSCNSC  E03     2  ALL RD  NO   11-May-87
ATC     ERR     3  ALL RD  NO   11-May-87
TLVRKT  707     3  ALL RD  NO   11-May-87
TLVRKT  E12     2  ALL RD  NO   11-May-87
TLVRKT  E11     2  ALL RD  NO   11-May-87
TLVRKT  E10     2  ALL RD  NO   11-May-87
CSCNSC  707     5  ALL RD  NO   11-May-87
CSCNSC  E02     3  ALL RD  NO   11-May-87
TLVRKT  E09     2  ALL RD  NO   11-May-87
ERRLOG  702     4  ALL RD  NO   11-May-87
QAMFG   705     2  ALL RD  NO   11-May-87
CSCNSC  706     5  ALL RD  NO   11-May-87
TLVRKT  E08     2  ALL RD  NO   11-May-87
TLVRKT  E07     2  ALL RD  NO   11-May-87
CSCNSC  E01     2  ALL RD  NO   11-May-87
CSCNSC  705     4  ALL RD  NO   11-May-87
ROUTE   FRM     3  ALL RD  NO   11-May-87
CSCNSC  704     4  ALL RD  NO   11-May-87
ERRLOG  FRM     2  ALL RD  NO   12-May-87
QAMFG   708     2  ALL RD  NO   13-May-87
QAMFG   711     2  ALL RD  NO   13-May-87
ERRLOG  LST     2  ALL RD  NO   15-May-87
CSCNSC  711     6  ALL RD  NO   18-May-87
CSCNSC  E07     3  ALL RD  NO   18-May-87
MFGPRO  700     4  ALL RD  NO   18-May-87
ERRLOG  704     7  ALL RD  NO   19-May-87
MORGAN  E01     2  ALL RD  NO   28-May-87
MORGAN  LST     2  ALL RD  NO    4-Jun-87
CSCNSC  712     5  ALL RD  NO    1-Jun-87
CSCNSC  713     5  ALL RD  NO    2-Jun-87
MXP     TST     5  ALL RD  NO   10-Oct-85
FLOOR   FRM     2  ALL RD  NO   11-May-87
OES     PRO     4  ALL RD  NO   11-May-87
STAGE   PRO     3  ALL RD  NO   11-May-87
TNSC    LST     2  ALL RD  NO   11-May-87
DIALOG  LST     2  ALL RD  NO   11-May-87
ASSIGN  CUS     3  ALL RD  NO   11-May-87
PHYSCL  INV     3  ALL RD  NO   19-Jan-87
STAGE   RES     4  ALL RD  NO   11-May-87
STAGE   LIB     2  ALL RD  NO   11-May-87
SHORT   FRM     4  ALL RD  NO   11-May-87
BUCKET  FRM     3  ALL RD  NO   11-May-87
SECONF  FFR     5  ALL RD  NO   11-May-87
SECONF  FRM     5  ALL RD  NO   11-May-87
SECONF  DOC     9  ALL RD  NO   11-May-87
OES     4       3  ALL RD  NO   11-May-87
OES     3       3  ALL RD  NO   11-May-87
OES     1       3  ALL RD  NO   11-May-87
OES     2       3  ALL RD  NO   11-May-87
STG     01      2  ALL RD  NO   11-May-87
STAGE   STG     4  ALL RD  NO    9-Jun-87
MFGPC   PRO     4  ALL RD  NO    3-Jun-87
OES     5       2  ALL RD  NO   11-May-87
TYMNET  LST     2  ALL RD  NO   11-May-87
QAMKTG  601     3  ALL RD  NO   11-May-87
QAMKTG  602     4  ALL RD  NO   11-May-87
QAMKTG  604     3  ALL RD  NO   11-May-87
QAMKTG  605     3  ALL RD  NO   11-May-87
TYMNET  E02     2  ALL RD  NO   11-May-87
QAMKTG  608     4  ALL RD  NO   11-May-87
TYMNET  E01     2  ALL RD  NO   11-May-87
QAMKTG  S10     3  ALL RD  NO   16-Jan-87
QAMKTG  609     2  ALL RD  NO   11-May-87
QAMKTG  607     3  ALL RD  NO   11-May-87
QAMKTG  610     3  ALL RD  NO   11-May-87
QAMKTG  606     2  ALL RD  NO   11-May-87
MDISEE  001     2  ALL RD  NO   11-May-87
QAMKTG  603     2  ALL RD  NO   11-May-87
CONFRM  603     3  ALL RD  NO   11-May-87
CONFRM  602     3  ALL RD  NO   11-May-87
CONFRM  601     3  ALL RD  NO   11-May-87
ASSIGN  RES     2  ALL RD  NO   11-May-87
MAIL            6  ALL RD  NO    5-Jun-87
DUPONT  E10     2  ALL RD  NO   11-May-87
TYMNET  E14     2  ALL RD  NO   11-May-87
DUPONT  E09     2  ALL RD  NO   11-May-87
TYMNET  E13     2  ALL RD  NO   11-May-87
OES             2  ALL RD  NO   11-May-87
TYMNET  E12     2  ALL RD  NO   11-May-87
DIALOG  E02     2  ALL RD  NO   11-May-87
TYMNET  E11     2  ALL RD  NO   11-May-87
DIALOG  E01     2  ALL RD  NO   11-May-87
TYMNET  E10     2  ALL RD  NO   11-May-87
DFO     702     4  ALL RD  NO   11-May-87
TYMNET  E09     2  ALL RD  NO   11-May-87
TYMNET  E08     2  ALL RD  NO   11-May-87
TYMNET  E07     2  ALL RD  NO   11-May-87
MP      702     2  ALL RD  NO   11-May-87
MP      701     3  ALL RD  NO   11-May-87
TYMNET  E15     2  ALL RD  NO   11-May-87
TYMNET  E06     2  ALL RD  NO   11-May-87
DFO     701    11  ALL RD  NO   11-May-87
TYMNET  E05     2  ALL RD  NO   11-May-87
DUPONT  E08     2  ALL RD  NO   11-May-87
DUPONT  E07     2  ALL RD  NO   11-May-87
DUPONT  E06     2  ALL RD  NO   11-May-87
TYMNET  E04     2  ALL RD  NO   11-May-87
DUPONT  E05     2  ALL RD  NO   11-May-87
DUPONT  E04     2  ALL RD  NO   11-May-87
DUPONT  E03     2  ALL RD  NO   11-May-87
DUPONT  E02     2  ALL RD  NO   11-May-87
DUPONT  E01     2  ALL RD  NO   11-May-87
TYMNET  E03     2  ALL RD  NO   11-May-87
QAMKTG  702     2  ALL RD  NO   11-May-87
TYPE86  CNT     2  ALL RD  NO   11-May-87
QAMKTG  S01     3  ALL RD  NO   11-May-87
QAMKTG  701     3  ALL RD  NO   11-May-87
DUPONT  LST     2  ALL RD  NO   11-May-87
HELLO   FRM     2  ALL RD  NO   11-May-87
YREND   FRM     3  ALL RD  NO   11-May-87
TYMNET  E16     2  ALL RD  NO   12-May-87
IOUNSS  FRM     2  ALL RD  NO   12-May-87
TYMNET  E17     2  ALL RD  NO   14-May-87
DISTLS  E01     2  ALL RD  NO   18-May-87
SKYPLN  701     3  ALL RD  NO   19-May-87
PERFRM  FRM     6  ALL RD  NO   21-May-87
DIALOG  E04     2  ALL RD  NO   26-May-87
DIALOG  E03     2  ALL RD  NO   26-May-87
DIALOG  E05     2  ALL RD  NO   27-May-87
TYMNET  E18     2  ALL RD  NO   27-May-87
ASSIGN  STG     4  ALL RD  NO    9-Jun-87
STAGE   BAK     4  ALL RD  NO   11-May-87
ASSIGN  BAK     4  ALL RD  NO    9-Jun-87
ERROR   DOC     3  ALL RD  NO   11-May-87
ERROR   PRO     2  ALL RD  NO   11-May-87
DATAIN  PRO     2  ALL RD  NO   11-May-87
SCHED   LST     2  ALL RD  NO   11-May-87
LEB     LST     2  ALL RD  NO   11-May-87
DEC     LST     2  ALL RD  NO   11-May-87
ERROR   REL     2  ALL RD  NO   19-Jan-87
DIRIT   INI     2  ALL RD  NO   11-May-87
CODES           2  ALL RD  NO    6-Jun-86
CPRM    LST     2  ALL RD  NO   11-May-87
ORDER   MXP     3  ALL RD  NO    6-Mar-86
TRW     LST     2  ALL RD  NO   11-May-87
MCADY   02      2  ALL RD  NO   13-Aug-86
MCADY   01      2  ALL RD  NO   13-Aug-86
LCODE   STG     2  ALL RD  NO   11-May-87
MDISUK  LST     2  ALL RD  NO   11-May-87
FORD    LST     2  ALL RD  NO   11-May-87
T609    MEM     2  ALL RD  NO   19-Jan-87
2MEG    HLP     3  ALL RD  NO   11-May-87
SCHED   01      3  ALL RD  NO   11-May-87
DEC     E01     2  ALL RD  NO   11-May-87
MFG     LST     2  ALL RD  NO   11-May-87
ACRUAL  FIN     2  ALL RD  NO   11-May-87
TEST    REL     2  ALL RD  NO   19-Jan-87
STAGIN  CON     3  ALL RD  NO   19-Jan-87
SCHED   E01     8  ALL RD  NO   11-May-87
SCHED   E02     7  ALL RD  NO   11-May-87
ORDER   FLO     2  ALL RD  NO   11-May-87
SCHED   E18     4  ALL RD  NO   11-May-87
STAGER          2  ALL RD  NO   11-May-87
TRW     E03     2  ALL RD  NO   11-May-87
TRW     E01     2  ALL RD  NO   11-May-87
TRW     E02     2  ALL RD  NO   11-May-87
SCHED   E17     4  ALL RD  NO   11-May-87
SCHED   E16     4  ALL RD  NO   11-May-87
SCHED   E15     4  ALL RD  NO   11-May-87
SCHED   E14     5  ALL RD  NO   11-May-87
SCHED   E13     6  ALL RD  NO   11-May-87
ERROR   TOP     3  ALL RD  NO   11-May-87
SCHED   E12     6  ALL RD  NO   11-May-87
SCHED   E11     5  ALL RD  NO   11-May-87
SCSNSC          2  ALL RD  NO   11-May-87
SCHED   E10     5  ALL RD  NO   11-May-87
SCHED   E09     5  ALL RD  NO   11-May-87
SCHED   E08     5  ALL RD  NO   11-May-87
DEC     E09     2  ALL RD  NO   11-May-87
DEC     E08     2  ALL RD  NO   11-May-87
SCHED   E07     6  ALL RD  NO   11-May-87
DEC     E07     2  ALL RD  NO   11-May-87
DEC     E06     2  ALL RD  NO   11-May-87
SCHED   E06     6  ALL RD  NO   11-May-87
DEC     E05     2  ALL RD  NO   11-May-87
MDISUK  E02     2  ALL RD  NO   11-May-87
SCHED   E05     7  ALL RD  NO   11-May-87
DEC     E04     2  ALL RD  NO   11-May-87
SCHED   E04     7  ALL RD  NO   11-May-87
DEC     E02     2  ALL RD  NO   11-May-87
MDISUK  E01     2  ALL RD  NO   11-May-87
SCHED   E03     7  ALL RD  NO   11-May-87
STAGER  FRM     2  ALL RD  NO   12-May-87
SCHED   FRM     2  ALL RD  NO   12-May-87
TRW     E04     2  ALL RD  NO   13-May-87
TYMSTA  701     2  ALL RD  NO   13-May-87
QAHEML  701     3  ALL RD  NO   20-May-87
REFURB  MEM     3  ALL RD  NO   21-May-87
QAHEML  702     3  ALL RD  NO    8-Jun-87
QAHEML  BAK     3  ALL RD  NO    8-Jun-87
T       BAK     3  ALL RD  NO   10-Jun-87
MARUZN  E06     2  ALL RD  NO   11-May-87
MARUZN  E05     2  ALL RD  NO   11-May-87
MARUZN  E04     2  ALL RD  NO   11-May-87
VANET   704     2  ALL RD  NO   11-May-87
VANET   703     2  ALL RD  NO   11-May-87
VANET   E11     2  ALL RD  NO   11-May-87
MARUZN  E03     2  ALL RD  NO   11-May-87
VANET   E10     2  ALL RD  NO   11-May-87
VANET   E09     2  ALL RD  NO   11-May-87
VANET   E08     2  ALL RD  NO   11-May-87
VANET   E07     2  ALL RD  NO   11-May-87
TLCHEC  E05     2  ALL RD  NO   11-May-87
TLCHEC  E02     2  ALL RD  NO   11-May-87
TLCHEC  E03     2  ALL RD  NO   11-May-87
TLCHEC  E04     2  ALL RD  NO   11-May-87
VANET   E06     2  ALL RD  NO   11-May-87
PCI     E02     2  ALL RD  NO   11-May-87
NSSU    708     2  ALL RD  NO   11-May-87
PCI     E01     2  ALL RD  NO   11-May-87
MDISPR  E02     2  ALL RD  NO   11-May-87
NSSU    707     2  ALL RD  NO   11-May-87
STATUS  702     7  ALL RD  NO   11-May-87
STATUS  RLE     3  ALL RD  NO   11-May-87
STATUS  SCH     4  ALL RD  NO   11-May-87
TLCHEC  E01     2  ALL RD  NO   11-May-87
MDISPR  E01     2  ALL RD  NO   11-May-87
NSSU    706     2  ALL RD  NO   11-May-87
MARUZN  E02     2  ALL RD  NO   11-May-87
NSSU    705     3  ALL RD  NO   11-May-87
NSSU    DCC     2  ALL RD  NO   11-May-87
NSSU    704     3  ALL RD  NO   11-May-87
NSSU    703     2  ALL RD  NO   11-May-87
MARUZN  E01     2  ALL RD  NO   11-May-87
VANET   E05     2  ALL RD  NO   11-May-87
STATUS  701     9  ALL RD  NO   11-May-87
ERRL0G  701    10  ALL RD  NO   11-May-87
VANET   E04     2  ALL RD  NO   11-May-87
USGS    E03     2  ALL RD  NO   11-May-87
VANET   E03     2  ALL RD  NO   11-May-87
USGS    E02     2  ALL RD  NO   11-May-87
NSSU    702     2  ALL RD  NO   11-May-87
NSSU    573     2  ALL RD  NO   11-May-87
NSSU    E01     2  ALL RD  NO   11-May-87
NSSU    710     2  ALL RD  NO   11-May-87
MINI    FRM     3  ALL RD  NO   12-May-87
CRITCL  FRM     2  ALL RD  NO   12-May-87
STATUS  FRM     2  ALL RD  NO   12-May-87
MARUZN  E12     2  ALL RD  NO   13-May-87
MARUZN  E13     2  ALL RD  NO   15-May-87
STATUS  705     3  ALL RD  NO   26-May-87
MARUZN  701     2  ALL RD  NO   27-May-87
NSSU    709     3  ALL RD  NO   29-May-87
MARUZN  E15     2  ALL RD  NO    1-Jun-87
MARUZN  E16     2  ALL RD  NO    2-Jun-87
MARUZN  BAK     2  ALL RD  NO    2-Jun-87
MARUZN  E17     2  ALL RD  NO    3-Jun-87
MARUZN  E18     2  ALL RD  NO    3-Jun-87
A       BAK     3  ALL RD  NO    4-Jun-87
MARUZN  E19     2  ALL RD  NO   10-Jun-87
MARUZN  E20     2  ALL RD  NO   11-Jun-87
MARUZN  E21     2  ALL RD  NO   11-Jun-87
MARUZN  E22     2  ALL RD  NO   11-Jun-87
NSSMTG  E03     2  ALL RD  NO   11-May-87
ANZ     E00     2  ALL RD  NO   11-May-87
LOGXX   FRM     2  ALL RD  NO   12-May-87
LOG     FRM     4  ALL RD  NO   12-May-87
TCODE   FRM     2  ALL RD  NO   12-May-87
LEADR   FRM     3  ALL RD  NO   12-May-87
NSSMTG  E19     2  ALL RD  NO   15-May-87
ARROW           2  ALL RD  NO   27-May-87
WAIVER  PRO     3  ALL RD  NO    8-Jun-87
NSSMTG  E21     2  ALL RD  NO   29-May-87
STGALL  PRO     9  ALL RD  NO    3-Jun-87
WAIVER  BAK     3  ALL RD  NO   29-May-87
NSSMTG  BAK     2  ALL RD  NO    8-Jun-87
NSSMTG  E22     2  ALL RD  NO    8-Jun-87
  Total of 2067 pages in 683 files on DSKB: [21476,223537]




PTRAF   PRP     2  ALL RD  NO   12-May-83       DSKB:   [21477,235561]
PTRAF   OUT     2  ALL RD  NO   15-May-83
TY             10  ALL RD  NO   22-May-84
DELAY   LOG    19  ALL RD  NO   23-May-84
ACCESS  ONT     2  ALL RD  NO   27-Aug-84
ACCESS  LIS     2  ALL RD  NO   11-Apr-85
PMTS2   MAY    24  ALL RD  NO    6-May-85
CKT     INF     2  ALL RD  NO    8-May-85
HI              2  ALL RD  NO   20-Jul-85
ROTAR1  DAT     8  ALL RD  NO   24-Jul-85
ROTAR1  SOR     8  ALL RD  NO   24-Jul-85
DELAY   REC     1  ALL RD  NO    8-Aug-85
HI      REL     2  ALL RD  NO   16-Aug-85
PSM             2  ALL RD  NO   27-Aug-85
PSM     OUT     3  ALL RD  NO   27-Aug-85
CKT             2  ALL RD  NO   29-Aug-85
CTY     28      2  ALL RD  NO   17-Sep-85
ROLLIS          2  ALL RD  NO   18-Oct-85
SRAM    DEP     2  ALL RD  NO   12-Nov-85
MIAMD           3  ALL RD  NO    2-Jan-86
JAN7            3  ALL RD  NO   15-Jan-86
JAN14           4  ALL RD  NO   22-Jan-86
CUPR            2  ALL RD  NO   17-Feb-86
RONK            2  ALL RD  NO   19-Feb-86
RONK    OUT     3  ALL RD  NO   19-Feb-86
DATE            3  ALL RD  NO   26-Mar-86
DATE    2       3  ALL RD  NO   26-Mar-86
TWENT           2  ALL RD  NO   27-Mar-86
TWENT   OUT     3  ALL RD  NO   27-Mar-86
MAIN    VUE     2  ALL RD  NO   17-Apr-86
SORT    FTF     2  ALL RD  NO   13-Aug-86
DELUTI  OUT     2  ALL RD  NO    3-Oct-86
DELUTI  SAV    30  ALL RD  NO   11-Dec-86       320B(70)
WESTRN  FTF     2  ALL RD  NO   21-Dec-86
WESTRN  REL     3  ALL RD  NO    4-Feb-87
HISTRY  DMC     8  ALL RD  NO   16-Jul-86
HISTRY  DMD     2  ALL RD  NO    8-Nov-85
HISTRY  DMI   113  ALL RD  NO    2-Apr-87
NOS             2  ALL RD  NO    8-Apr-87
NWK     RPT    20  ALL RD  NO   21-Apr-87
WEEK    PGR    23  ALL RD  NO   10-Jun-87
WEEK    STA    23  ALL RD  NO   11-Jun-87
HISTRY  DMS   105  ALL RUN NO    8-Jun-87
WEEK    BAK    23  ALL RD  NO   10-Jun-87
INIT    SAV    27  ALL RD  NO   18-Dec-82       C(34661)
042!&1  /54     2  ALL RD  NO   15-May-83
SF      WAT     3  ALL RD  NO   23-May-86
A       SAV    20  ALL RD  NO   11-Mar-85       (45)
TYMST   DMS   188  ALL RUN NO   19-Mar-85
DENV    DLY     2  ALL RD  NO   10-Apr-85
PKHANA  DAT    16  ALL RD  NO   15-Oct-86
MIKE    DPL     4  ALL RD  NO   24-Jul-85
MIKE            2  ALL RD  NO   30-Jul-85
MIKE    OUT     3  ALL RD  NO   30-Jul-85
SALT            7  ALL RD  NO   28-Aug-85
56KB            3  ALL RD  NO   14-Oct-85
PMAPSU          2  ALL RD  NO   23-Oct-85
108     2       2  ALL RD  NO    4-Nov-85
SESDET  DOC     2  ALL RD  NO    6-Dec-85
SESDET  DPL     2  ALL RD  NO    6-Dec-85
SLOT    FTF     2  ALL RD  NO    5-Feb-86
EGB     IN      8  ALL RD  NO   13-Oct-86
EGB     OUT   202  ALL RD  NO   13-Oct-86
REVWST  RPT     5  ALL RD  NO    4-Feb-87
REVWST  FTF     2  ALL RD  NO    4-Feb-87
REVWST  REL     3  ALL RD  NO    4-Feb-87
REVWST  SRT     5  ALL RD  NO    4-Feb-87
MARSTA          2  ALL RD  NO   31-Mar-87
NPANXX  DMD     2  ALL RD  NO   13-Apr-87
PDBCLN          2  ALL RD  NO   24-Apr-87
MAYSTA         23  ALL RD  NO   26-May-87
PGRADE  MAY    30  ALL RD  NO    4-Jun-87
STAMAY          2  ALL RD  NO    8-Jun-87
042!&2  /54     2  ALL RD  NO   17-May-83
0503    DET     2  ALL RD  NO   17-May-83
RAVI1   FTF     2  ALL RD  NO   28-Dec-83
AVGCSU          2  ALL RD  NO   24-Jan-85
DEELAY  IN      2  ALL RD  NO   15-Apr-85
JACK            3  ALL RD  NO   23-Jul-85
TESTER          2  ALL RD  NO    5-Aug-85
WIFLER          2  ALL RD  NO   30-Sep-85
ENGSCR          6  ALL RD  NO   17-Oct-85
CORNIN          2  ALL RD  NO   15-Oct-85
BUSY    CUR     2  ALL RD  NO   23-Oct-85
DINFSU          2  ALL RD  NO   23-Oct-85
SANDIE  HOS     2  ALL RD  NO   18-Nov-85
SANDIE  NOD     2  ALL RD  NO   18-Nov-85
SANDIE  TRA    19  ALL RD  NO   18-Nov-85
STAT    DEC     2  ALL RD  NO    8-Jan-86
THREE           2  ALL RD  NO    9-Jan-86
OUTD            4  ALL RD  NO   20-Jan-86
OUTD    OUT     6  ALL RD  NO   20-Jan-86
PARK    RID     2  ALL RD  NO   24-Jan-86
STAT    1       3  ALL RD  NO   19-Feb-86
STAT    FIN     4  ALL RD  NO   19-Feb-86
JW              2  ALL RD  NO    5-May-86
TRIPSE          2  ALL RD  NO   12-Jun-86
SEPSTA          2  ALL RD  NO   30-Sep-86
POSTR1  FTF    10  ALL RD  NO   21-Nov-85
YO              2  ALL RD  NO    4-Jun-87
STADEC          2  ALL RD  NO    5-Jan-87
CHANGE          2  ALL RD  NO   29-Jan-87
KAREN           2  ALL RD  NO   25-Feb-87
MAYPGR         23  ALL RD  NO   26-May-87
MONTH   BAK     2  ALL RD  NO    1-Jun-87
MONTH   MOR     2  ALL RD  NO    1-Jun-87
YO      BAK     2  ALL RD  NO    9-Oct-86
YO      PGR    23  ALL RD  NO    4-Jun-87
PMTSRP  DMI     3  ALL RD  NO   21-Sep-84
SHEET           2  ALL RD  NO   13-Mar-85
TDELAY  SAV    30  ALL RD  NO    2-Apr-85       320B(70)
TYM     DV      2  ALL RD  NO   15-Apr-85
TYM     DV2     4  ALL RD  NO   12-Apr-85
TYM     DR7     4  ALL RD  NO   11-Apr-85
TYM     DR4     4  ALL RD  NO   11-Apr-85
TYM     DV3     3  ALL RD  NO   12-Apr-85
LYONS           3  ALL RD  NO    1-May-85
TRYIT           2  ALL RD  NO    5-Dec-85
BOISE           2  ALL RD  NO    8-Jan-86
HEINZE          7  ALL RD  NO   21-Jan-86
HEINZE  OUT     9  ALL RD  NO   22-Jan-86
STATR           3  ALL RD  NO   13-Feb-86
REVCEN  SAV    10  ALL RD  NO    5-Jan-87       320B(70)
NODES           2  ALL RD  NO    9-Apr-87
TYM     DV4     4  ALL RD  NO   12-Apr-85
UPDATE          2  ALL RD  NO    4-Feb-87
DUSUM   RPT     2  ALL RD  NO   11-Jun-87
IPCSUM  RPT     2  ALL RD  NO   23-Feb-87
STAFEB          2  ALL RD  NO    2-Mar-87
KARENR          2  ALL RD  NO   26-May-87
MAY87   STA    23  ALL RD  NO    4-Jun-87
MAY87   PGR    23  ALL RD  NO    4-Jun-87
,               2  ALL RD  NO    8-Sep-83
PROBE1  SAV    10  ALL RD  NO    4-Jan-84       320B(70)
PROBE1  FTF     2  ALL RD  NO    4-Jan-84
ISIS    DMC     2  ALL RD  NO   18-Dec-84
ISIS    DMS   199  ALL RD  NO   28-Nov-73
SVGGRC          5  ALL RD  NO   13-Mar-85
MASTER  CRD    24  ALL RD  NO    6-May-85
ISIS    INF   101  ALL RD  NO    2-May-85
MASTER  TRA     5  ALL RD  NO   15-Oct-86
ROTARY  DAT     8  ALL RD  NO   23-Jul-85
ROTARY  SOR     8  ALL RD  NO   24-Jul-85
DLAY    GRF     2  ALL RD  NO   25-Nov-86
DISC            2  ALL RD  NO   28-Aug-85
EDSEL           2  ALL RD  NO   20-Sep-85
DDDPOS  ALL     4  ALL RD  NO   10-Oct-86
MAGNUM  DIR     2  CP  NO  NO   21-Nov-85
AVI             2  ALL RD  NO   11-Dec-85
MIAMIC          4  ALL RD  NO    2-Jan-86
FOURT           2  ALL RD  NO   13-Jan-86
JAN21           4  ALL RD  NO   24-Jan-86
JAN28           3  ALL RD  NO    6-Feb-86
DUXCN   HW      2  ALL RD  NO    8-Apr-86
DUFCY   HW     61  ALL RD  NO    8-Apr-86
C87SFB  MA1     7  ALL UPD NO   30-Apr-86
C87SFB  MD1     3  ALL RD  NO   30-Apr-86
THOM    MAC     2  ALL RD  NO   29-Jul-86
CRAIG           2  ALL RD  NO   25-Nov-86
JEAMOD  T1      3  ALL RD  NO   20-Aug-86
JEAMOD  CKT     3  ALL RD  NO    8-Sep-86
ROTARY  OUT     3  ALL RD  NO   17-Oct-86
HEADER          2  ALL RD  NO    5-Nov-86
SRT1    TOP     2  ALL RD  NO    6-Nov-86
JEAMOD  ALP     3  ALL RD  NO    6-Nov-86
JEAMOD  SOR     3  ALL RD  NO    6-Nov-86
BALT    JOY     2  ALL RD  NO   21-Nov-86
BALT    KIL     2  ALL RD  NO   24-Nov-86
DLAY    LOG     3  ALL RD  NO   21-Nov-86
STSJAN          2  ALL RD  NO   30-Jan-87
JASON   TOP     2  ALL RD  NO   13-Feb-87
MILLER  192     5  ALL RD  NO    2-Apr-87
IPCFCY  RPT     3  ALL RD  NO   23-Feb-87
FRCST   DAT    19  ALL RD  NO    2-Apr-87
MI      BAK     2  ALL RD  NO    9-Apr-87
DUFCY   RPT     7  ALL RD  NO   11-Jun-87
OLDMO           2  ALL RD  NO    4-May-87
MI              2  ALL RD  NO    7-May-87
INTER   IM      2  ALL RD  NO   15-May-87
INTER   BAK     2  ALL RD  NO    4-Jun-87
INTER           2  ALL RD  NO   10-Jun-87
MOMO    DMC     2  ALL RD  NO    8-Jun-87
MOMO    BAK     2  ALL RD  NO    5-Jun-87
SYTPLT  DOC     2  ALL RD  NO    3-Apr-84
JEANNE  SAV     2  ALL RD  NO   26-Nov-84
JEANNE  DMC     2  ALL RD  NO   20-Dec-84
TYMSAT  NLA     3  ALL RD  NO   11-Jan-85
DIRIT   INI     2  ALL RD  NO   22-Apr-85
COUNTR  FTF     2  ALL RD  NO    1-May-85
ERROR   MCR     1  ALL RD  NO   15-Oct-86
PORTS   FTF     4  ALL RD  NO    5-Jul-85
ORDER   REL     5  ALL RD  NO   14-Oct-86
012PCO  LOG    11  ALL RD  NO   16-Jul-85
FUT     HOP     3  ALL RD  NO   25-Jul-85
DSPLAY  OUT     1  ALL RD  NO    6-Sep-85
VH      NOD     2  ALL RD  NO    6-Sep-85
BKUP            4  ALL RD  NO   15-Oct-85
BKUP    OUT     7  ALL RD  NO   15-Oct-85
AWWCFN  MA0     7  ALL UPD NO   20-Nov-85
AWWCFN  MD0     3  ALL RD  NO   20-Nov-85
CENTR   X       2  ALL RD  NO    3-Feb-86
FEB4            5  ALL RD  NO   13-Feb-86
W2              2  ALL RD  NO   11-Feb-86
FEB11           4  ALL RD  NO   13-Feb-86
FEB18           4  ALL RD  NO   19-Feb-86
56EGB   DAT     2  ALL RD  NO    7-Mar-86
HDORA           2  ALL RD  NO   26-Mar-86
CUP             2  ALL RD  NO    5-May-86
MNPLS   JE3     1  ALL RD  NO    9-Jul-86
MNPLS   JE2     1  ALL RD  NO    9-Jul-86
MNPLS   JEA     1  ALL RD  NO    9-Jul-86
PORTS   IN      8  ALL RD  NO   15-Oct-86
ORDER   FTF     6  ALL RD  NO   14-Oct-86
CONHRS  ORD    24  ALL RD  NO   14-Oct-86
CONHRS  MCR    28  ALL RD  NO   16-Oct-86
CONF08  T      11  ALL RD  NO    3-Nov-86
CONF08  V       6  ALL RD  NO    3-Nov-86
SRT2    TOP     2  ALL RD  NO    6-Nov-86
STANOV          2  ALL RD  NO    1-Dec-86
RUND            2  ALL RD  NO   16-Feb-87
UNUSED  DMD     2  ALL RD  NO   25-Feb-87
UNUSED  DMI   170  ALL RD  NO   12-May-87
UNUSED          2  ALL RD  NO   25-Feb-87
NODES1          2  ALL RD  NO    5-Mar-87
BOB     DAT    18  ALL RD  NO    9-Jun-87
BOB     BAK     9  ALL RD  NO    9-Jun-87
PORTS   KB      2  ALL RD  NO    5-May-87
UNUSED  DMC     2  ALL RD  NO   12-May-87
UNUSED  MSG     2  ALL RD  NO   12-May-87
UNUSED  SRT     9  ALL RD  NO   12-May-87
UNUSED  NOW     9  ALL RD  NO   12-May-87
BOB     DMC     9  ALL RD  NO    9-Jun-87
JOJO    BAK     2  ALL RD  NO    9-Jun-87
JOJO            2  ALL RD  NO    9-Jun-87
  Total of 2325 pages in 234 files on DSKB: [21477,235561]



*^C

!sys sho sta
 1  X930-Base  #136 RECORD 4      SL     CARL +
 2  DETACHED      CHKPNT 6        TI     OPER +$
 3  Solar-2451 #137 TITO 32       ^C     OPER +
 4* X930-Base  #201 SYSTAT 32     RN     CARL +

!sch
400000

!perform ^U
PERFORM FIX38.DEL

NO FILES SATISFYING REQUEST


NO FILES SATISFYING REQUEST



NO FILES SATISFYING REQUEST

^C

!undel/p

FIX38 .DIR;  20 pages; created 15-JUN-87 16:26:58 [expunged]
(BILLING10)    061087.SAT; 348 pages; created 10-JUN-87 17:11:12 [expunged]
(BILLING10)    ACTG09.JUN;   1 page;  created 10-JUN-87  8:37:30 [expunged]
FIX38 .DIR;   2 pages; created 15-JUN-87 16:25:57 [expunged]
(ANALYSIS)     NIDS22.527; 8816 pages; created  1-JUN-87 14:18:00 [expunged]
FIX38 .DIR;   2 pages; created 15-JUN-87 16:34:53 [expunged]
(BILLING10)    PS0610.038;  29 pages; created 10-JUN-87 17:13:01 [expunged]
FIX38 .LOG;   2 pages; created 15-JUN-87 16:31:13 [expunged]

Total pages recovered = 9220

!core
36:36+0/512 pages
Vir. core left=308461

!undel/dis
CAUTION! DANGER! Files will be expunged immediately after deletion!

!perform^U
PERFORM FIX38.C DEL

NO FILES SATISFYING REQUEST

NO FILES SATISFYING REQUEST

NO FILES SATISFYING REQUEST

NO FILES SATISFYING REQUEST

NO FILES SATISFYING REQUEST

NO FILES SATISFYING REQUEST

NO FILES SATISFYING REQUEST









NO FILES SATISFYING REQUEST

NO FILES SATISFYING REQUEST

NO FILES SATISFYING REQUEST

NO FILES SATISFYING REQUEST

NO FILES SATISFYING REQUEST

NO FILES SATISFYING REQUEST

NO FILES SATISFYING REQUEST

NO FILES SATISFYING REQUEST

NO FILES SATISFYING REQUEST

NO FILES SATISFYING REQUEST

NO FILES SATISFYING REQUEST

NO FILES SATISFYING REQUEST

NO FILES SATISFYING REQUEST

NO FILES SATISFYING REQUEST

NO FILES SATISFYING REQUEST

NO FILES SATISFYING REQUEST

NO FILES SATISFYING REQUEST

NO FILES SATISFYING REQUEST

NO FILES SATISFYING REQUEST

NO FILES SATISFYING REQUEST

NO FILES SATISFYING REQUEST

NO FILES SATISFYING REQUEST

NO FILES SATISFYING REQUEST

NO FILES SATISFYING REQUEST


















NO FILES SATISFYING REQUEST

NO FILES SATISFYING REQUEST

NO FILES SATISFYING REQUEST

NO FILES SATISFYING REQUEST







NO FILES SATISFYING REQUEST




NO FILES SATISFYING REQUEST






NO FILES SATISFYING REQUEST
























elapsed:00:12:30 tru:636.38 blks in:3420 out:356  mws:8 DIRIT SW pc:401022



DELETING ALL FILES OK? y





NO FILES SATISFYING REQUEST








NO FILES SATISFYING REQUEST



NO FILES SATISFYING REQUEST

NO FILES SATISFYING REQUEST

NO FILES SATISFYING REQUEST

NO FILES SATISFYING REQUEST

NO FILES SATISFYING REQUEST


NO FILES SATISFYING REQUEST







NO FILES SATISFYING REQUEST



NO FILES SATISFYING REQUEST
















NO FILES SATISFYING REQUEST

NO FILES SATISFYING REQUEST



NO FILES SATISFYING REQUEST

NO FILES SATISFYING REQUEST

NO FILES SATISFYING REQUEST


NO FILES SATISFYING REQUEST

NO FILES SATISFYING REQUEST

DELETING ALL FILES OK? y
NO FILES SATISFYING REQUEST

NO FILES SATISFYING REQUEST

NO FILES SATISFYING REQUEST

NO FILES SATISFYING REQUEST

NO FILES SATISFYING REQUEST


NO FILES SATISFYING REQUEST


NO FILES SATISFYING REQUEST


NO FILES SATISFYING REQUEST

NO FILES SATISFYING REQUEST

NO FILES SATISFYING REQUEST

NO FILES SATISFYING REQUEST

NO FILES SATISFYING REQUEST

NO FILES SATISFYING REQUEST

NO FILES SATISFYING REQUEST

NO FILES SATISFYING REQUEST

NO FILES SATISFYING REQUEST

NO FILES SATISFYING REQUEST

NO FILES SATISFYING REQUEST

NO FILES SATISFYING REQUEST

NO FILES SATISFYING REQUEST

NO FILES SATISFYING REQUEST

NO FILES SATISFYING REQUEST

NO FILES SATISFYING REQUEST

NO FILES SATISFYING REQUEST

NO FILES SATISFYING REQUEST

NO FILES SATISFYING REQUEST

NO FILES SATISFYING REQUEST


NO FILES SATISFYING REQUEST

NO FILES SATISFYING REQUEST




NO FILES SATISFYING REQUEST





NO FILES SATISFYING REQUEST



NO FILES SATISFYING REQUEST


NO FILES SATISFYING REQUEST

NO FILES SATISFYING REQUEST

NO FILES SATISFYING REQUEST

NO FILES SATISFYING REQUEST


NO FILES SATISFYING REQUEST


NO FILES SATISFYING REQUEST

NO FILES SATISFYING REQUEST



NO FILES SATISFYING REQUEST



NO FILES SATISFYING REQUEST


NO FILES SATISFYING REQUEST

NO FILES SATISFYING REQUEST

NO FILES SATISFYING REQUEST

NO FILES SATISFYING REQUEST



NO FILES SATISFYING REQUEST

NO FILES SATISFYING REQUEST






NO FILES SATISFYING REQUEST


NO FILES SATISFYING REQUEST

NO FILES SATISFYING REQUEST




NO FILES SATISFYING REQUEST

NO FILES SATISFYING REQUEST

NO FILES SATISFYING REQUEST

NO FILES SATISFYING REQUEST

NO FILES SATISFYING REQUEST


NO FILES SATISFYING REQUEST



NO FILES SATISFYING REQUEST



NO FILES SATISFYING REQUEST





NO FILES SATISFYING REQUEST



NO FILES SATISFYING REQUEST

NO FILES SATISFYING REQUEST


NO FILES SATISFYING REQUEST


NO FILES SATISFYING REQUEST

NO FILES SATISFYING REQUEST

NO FILES SATISFYING REQUEST

NO FILES SATISFYING REQUEST

END PERFORM JOB

!
!undel/p/f

?There are no deleted files matching request

!undel/ena

!
!dir^U
core
32:32+0/512 pages
Vir. core left=563588

!dir^C

!del (tym^U
undel/dis
CAUTION! DANGER! Files will be expunged immediately after deletion!

!del (tym2 31220)*.*

DELETING ALL FILES OK? y
FILES DELETED:
MAGNUM  DIR

!
!del (nssu)*.*

DELETING ALL FILES OK? y
FILES DELETED:
MARUZN  E22
MARUZN  E21
EPA     E19
MARUZN  E20
T       BAK
MARUZN  E19
FIELD   DOC
FIELD   BAK
ECO     LST
ECO     BAK
SPELL
ECO  ^O
^O
Z     E07
NSSMTG  E06
NSSU    703
QAOPS   701
SCHED   E07
DUPONT  E02
NSSU    704
CSCNSC  705
DUPONT  E03
DEC     E08
DUPONT  E04
SWBELL  E03
CW      E01
NSSU    DCC
CW      E02
DEC     E09
CW      LST
DUPONT  E05
NSSMTG  E07
CODE    LST
NSSU    705
MARUZN  E02
CSCNSC  E01
TLVRKT  E07
EPA     E07
SCHED   E08
NSSU    706
TYMNET  E04
EPA     E08
TLVRKT  E08
CSCNSC  706
QAMFG   705
MDISPR  E01
EPA     LST
DUPONT  E06
TLCHEC  E01
EPA     E09
CW      E03
STATUS  SCH
STATUS  RLE
NSSMTG  E08
TLVRKT  703
STATUS  702
SCHED   E09
EPA     E10
ERRLOG  702
DATAB   PRO
IOES    PRO
DUTIES  PRO
ORDER   FLO
NSSU    707
EPA     E11
ASSET   F^O

!
!del (neteng)*.*

DELETING ALL FILES OK? y
FILES DELETED:
WEEK    STA
DUFCY   RPT
DUSUM   RPT
WEEK    PGR
WEEK    BAK
INTER
BOB     DAT
BOB     DMC
JOJO
BOB     BAK
JOJO    BAK
HISTRY  DMS
MOMO    DMC
STAMAY
MOMO    BAK
YO      PGR
YO
INTER   BAK
MAY87   PGR
MAY87   STA
PGRADE  MAY
MONTH   MOR
MONTH   BAK
KARENR
MAYSTA
MAYPGR
INTER   IM
UNUSED  NOW
UNUSED  SRT
UNUSED  DMI
UNUSED  MSG
UNUSED  DMC
MI
PORTS   KB
OLDMO
PDBCLN
NWK     RPT
NPANXX  DMD
MI      BAK
NODES
NOS
MILLER  192
FRCST   DAT
HISTRY  DMI
MARSTA
NODES1
STAFEB
KAREN
UNUSED
UNUSED  DMD
IPCFCY  RPT
IPCSUM  RPT
RUND
JASON   TOP
REVWST  SRT
REVWST  RPT
REVWST  REL
REVWST  FTF
UPDATE
WESTRN  REL
STSJAN
CHANGE
REVCEN  SAV
STADEC
WESTRN  FTF
DELUTI  SAV
STANOV
DLAY    GRF
CRAIG
BALT    KIL
DLAY    LOG
BALT    JOY
JEAMOD  SOR
JEAMOD  ALP
SRT2    TOP
SRT1    TOP
HEADER
CONF08  V
CONF08  T
ROTARY  OUT
CONHRS  MCR
ERROR   MCR
PORTS   IN
MASTER  TRA
PKHANA  DAT
CONHRS  ORD
ORDER   REL
ORDER   FTF
EGB     OUT
EGB     IN
DDDPOS  ALL
YO      BAK
DELUTI  OUT
SEPSTA
JEAMOD  CKT
JEAMOD  T1
SORT    FTF
THOM    MAC
HISTRY  DMC
MNPLS   JE2
MNPLS   JE3
MNPLS   JEA
TRIPSE
SF      WAT
CUP
JW
C87SFB  MA1
C87SFB  MD1
MAIN    VUE
DUFCY   HW
DUXCN   HW
TWENT   OUT
TWENT
HDORA
DATE    2
DATE
56EGB   DAT
FEB18
RONK    OUT
RONK
STAT    FIN
STAT    1
CUPR
FEB11
FEB4
STATR
W2
JAN28
SLOT    FTF
CENTR   X
JAN21
PARK    RID
JAN14
HEINZE  OUT
HEINZE
OUTD    OUT
OUTD
JAN7
FOURT
THREE
STAT    DEC
BOISE
MIAMD
MIAMIC
AVI
SESDET  DPL
SESDET  DOC
TRYIT
MAGNUM  DIR
POSTR1  FTF
AWWCFN  MA0
AWWCFN  MD0
SANDIE  TRA
SANDIE  NOD
SANDIE  HOS
SRAM    DEP
HISTRY  DMD
108     2
DINFSU
BUSY    CUR
PMAPSU
ROLLIS
ENGSCR
BKUP    OUT
BKUP
CORNIN
56KB
WIFLER
EDSEL
CTY     28
DSPLAY  OUT
VH      NOD
CKT
DISC
SALT
PSM     OUT
PSM
HI      REL
DELAY   REC
TESTER
MIKE    OUT
MIKE
FUT     HOP
ROTAR1  SOR
ROTARY  SOR
ROTAR1  DAT
MIKE    DPL
ROTARY  DAT
JACK
HI
012PCO  LOG
PORTS   FTF
CKT     INF
MASTER  CRD
PMTS2   MAY
ISIS    INF
LYONS
COUNTR  FTF
DIRIT   INI
TYM     DV
DEELAY  IN
TYM     DV4
TYM     DV3
TYM     DV2
TYM     DR4
TYM     DR7
ACCESS  LIS
DENV    DLY
TDELAY  SAV
TYMST   DMS
SVGGRC
SHEET
A       SAV
AVGCSU
TYMSAT  NLA
JEANNE  DMC
ISIS    DMC
JEANNE  SAV
PMTSRP  DMI
ACCESS  ONT
DELAY   LOG
TY
SYTPLT  DOC
PROBE1  SAV
PROBE1  FTF
RAVI1   FTF
,
0503    DET
042!&2  /54
042!&1  /54
PTRAF   OUT
PTRAF   PRP
INIT    SAV
ISIS    DMS

!
!dir^U

!mddt
Running (M33)F02187 for F38-P035/B06. 3650B      
[creating new FILDDT - please wait]
Input file: (SYS)SYSTEM/S
Input file: /X
[FILDDT created - proceeding]
Input file: 

jbtlic 1/   BOOTS+717,,BOOTS+717   =775717,,775717   
JBTLIC+2/   FMPB 0   =163000,,0   -1
?   
[write enabled]
^
JBTLIC+1/   BOOTS+717,,BOOTS+717   
JBTLIC+2/   FMPB 0   -1
JBTLIC+3/   SOSG P1,BOOTS+617(P4)   =377617,,775617   -1
JBTLIC+4/   BOOTS+717,,BOOTS+717   =775717,,775717   ^
JBTLIC+3/   -1   ^
JBTLIC+2/   -1   
JBTLIC+3/   -1   
JBTLIC+4/   BOOTS+717,,BOOTS+717   
JBTLIC+5/   0   
JBTLIC+6/   0   ^C

!sys sho sta
 1  X930-Base  #136 RECORD 4      SL     CARL +
 2  DETACHED      CHKPNT 6        TI     OPER +$
 3  Solar-2451 #137 SYSTAT 32     ^C     OPER +
 4* X930-Base  #201 SYSTAT 32     RN     CARL +

!exi
  e