!r (xexec)minit

!gfd SCJNET

!ls *.cmd
bk7516.cmd	scjggy.cmd	sp2405.cmd	sp7517.cmd	t13136.cmd
dump.cmd	sp2117.cmd	sp7357.cmd	sp7521.cmd	t13141.cmd
p11204.cmd	sp2277.cmd	sp7516.cmd	t13135.cmd

!gfd NETALERT

!ls *.cmd
alert.cmd

!gfd EUSKONET

!ls *.cmd
bg2001.cmd	ek2051.cmd	ek2067.cmd	ek2102.cmd	ek2113.cmd
bg2002.cmd	ek2052.cmd	ek2070.cmd	ek2103.cmd	ek2114.cmd
bg2010.cmd	ek2053.cmd	ek2071.cmd	ek2104.cmd	ek2115.cmd
bg2020.cmd	ek2054.cmd	ek2072.cmd	ek2105.cmd	ek2116.cmd
ek2001.cmd	ek2060.cmd	ek2074.cmd	ek2106.cmd	ek2151.cmd
ek2002.cmd	ek2061.cmd	ek2075.cmd	ek2107.cmd	pi2106.cmd
ek2020.cmd	ek2062.cmd	ek2076.cmd	ek2110.cmd
ek2042.cmd	ek2063.cmd	ek2100.cmd	ek2111.cmd
ek2047.cmd	ek2064.cmd	ek2101.cmd	ek2112.cmd

!gfd HELLERNET

!ls *.cmd
p11115.cmd	p11117.cmd	p11137.cmd
p11116.cmd	p11136.cmd	p11140.cmd

!gfd ROCNET

!ls *.cmd
b11133.cmd	g11750.cmd	gr4457.cmd	k11133.cmd	nw5543.cmd
bb4251.cmd	g12360.cmd	gr4774.cmd	lab.cmd		nw6020.cmd
bb4252.cmd	g12361.cmd	gr5531.cmd	n11132.cmd	nw6176.cmd
bk2115.cmd	gr2115.cmd	gr5543.cmd	n11133.cmd	temp.cmd
bk4112.cmd	gr2146.cmd	gr6020.cmd	n11750.cmd	test.cmd
g10007.cmd	gr2165.cmd	gr6176.cmd	nw2165.cmd	zz4350.cmd
g11110.cmd	gr2452.cmd	gr6304.cmd	nw2452.cmd
g11132.cmd	gr3764.cmd	gr6641.cmd	nw4112.cmd
g11133.cmd	gr4112.cmd	gr7547.cmd	nw4774.cmd

!gfd GMCRNET

!ls *.cmd
em2240.cmd	nw2024.cmd	renit.cmd
nd2024.cmd	nw2240.cmd	tm2240.cmd

!gfd PGCNET

!ls *.cmd
nd4335.cmd

!gfd ITTNET

!ls *.cmd
b12322.cmd	bk6021.cmd	nd1251.cmd	nd3010.cmd	nd7407.cmd
bk2122.cmd	bk7176.cmd	nd1252.cmd	nd3476.cmd	nw6021.cmd
bk3010.cmd	bk7407.cmd	nd2122.cmd	nd6021.cmd
bk3476.cmd	n12322.cmd	nd2201.cmd	nd7176.cmd

!gfd FMCNET

!ls *.cmd
bu1440.cmd	fc1455.cmd	fp1437.cmd	fp1443.cmd
bu1442.cmd	fmchdr.cmd	fp1440.cmd	fp1455.cmd
bu1444.cmd	fp1436.cmd	fp1441.cmd	ft1443.cmd

!gfd SCONET

!ls *.cmd
ent.cmd		nd2133.cmd	nd2712.cmd	nd3524.cmd	nd6633.cmd
n10135.cmd	nd2202.cmd	nd2725.cmd	nd3626.cmd	nd6654.cmd
n10227.cmd	nd2204.cmd	nd3000.cmd	nd3761.cmd	nd7115.cmd
n10316.cmd	nd2231.cmd	nd3012.cmd	nd3766.cmd	nd7125.cmd
n10317.cmd	nd2232.cmd	nd3013.cmd	nd4110.cmd	nd7130.cmd
n10376.cmd	nd2235.cmd	nd3022.cmd	nd4450.cmd	nd7132.cmd
n10625.cmd	nd2236.cmd	nd3025.cmd	nd4605.cmd	nd7262.cmd
nd2022.cmd	nd2267.cmd	nd3101.cmd	nd4743.cmd	nd7431.cmd
nd2025.cmd	nd2343.cmd	nd3171.cmd	nd5107.cmd	nd7475.cmd
nd2030.cmd	nd2372.cmd	nd3205.cmd	nd5473.cmd	nd7476.cmd
nd2061.cmd	nd2373.cmd	nd3251.cmd	nd5555.cmd	soloc.cmd
nd2103.cmd	nd2522.cmd	nd3370.cmd	nd5664.cmd	switch.cmd
nd2121.cmd	nd2523.cmd	nd3520.cmd	nd6404.cmd	up.cmd

!gfd MFGNET


	>>>+++++++++++++++++++++++++++++++++++++++++++++<<<
	>>>   						<<<
     	>>>    You are now entering into the MFG Net   	<<<
	>>>   						<<<
	>>>               TWILIGHT   ZONE		<<<
	>>>   						<<<
	>>>+++++++++++++++++++++++++++++++++++++++++++++<<<


!ls *.cmd
2syncp.cmd	mfgpc1.cmd	mfgpc6.cmd	pceng4.cmd	rl3230.cmd
bb2440.cmd	mfgpc2.cmd	pceng0.cmd	pceng5.cmd	s75.cmd
bb2636.cmd	mfgpc3.cmd	pceng1.cmd	pceng6.cmd	tput14.cmd
bb2675.cmd	mfgpc4.cmd	pceng2.cmd	pico.cmd
mfgpc0.cmd	mfgpc5.cmd	pceng3.cmd	rl3220.cmd

!gfd MDISNET

!ls *.cmd
b10010.cmd	n10010.cmd	nd4707.cmd	nw7100.cmd	ozsup1.cmd
b10217.cmd	n11000.cmd	nd5261.cmd	oz2001.cmd	ozsup2.cmd
bt2766.cmd	nd2766.cmd	nd5367.cmd	oz2002.cmd
copy.cmd	nd3335.cmd	nd7313.cmd	oz2010.cmd
copy1.cmd	nd3604.cmd	nd7550.cmd	oz2011.cmd

!gfd TRWNET

!ls *.cmd
afdm01.cmd	afdn02.cmd	cksmck.cmd	nd2135.cmd	r.cmd
afdn01.cmd	batch.cmd	nd2132.cmd	prod.cmd	rrn.cmd

!gfd ARMYNET1

!ls *.cmd
b10340.cmd	n11670.cmd	n12736.cmd	nd3353.cmd	nd6204.cmd
b12510.cmd	n11701.cmd	n12737.cmd	nd3357.cmd	nd6300.cmd
bk3175.cmd	n11705.cmd	n12740.cmd	nd3365.cmd	nd6360.cmd
chris.cmd	n11720.cmd	n12775.cmd	nd3431.cmd	nd6361.cmd
doe.cmd		n11721.cmd	n12776.cmd	nd3451.cmd	nd6442.cmd
n10000.cmd	n11722.cmd	n12777.cmd	nd3466.cmd	nd6511.cmd
n10037.cmd	n11751.cmd	n13114.cmd	nd3550.cmd	nd6534.cmd
n10216.cmd	n12021.cmd	n13115.cmd	nd3610.cmd	nd6600.cmd
n10275.cmd	n12274.cmd	n13116.cmd	nd3612.cmd	nd7133.cmd
n10340.cmd	n12306.cmd	n13117.cmd	nd3777.cmd	nd7310.cmd
n10414.cmd	n12307.cmd	n13126.cmd	nd4026.cmd	nd7435.cmd
n10764.cmd	n12506.cmd	n13150.cmd	nd4300.cmd	nd7436.cmd
n10765.cmd	n12507.cmd	n13153.cmd	nd4412.cmd	nd7700.cmd
n10766.cmd	n12510.cmd	nd2361.cmd	nd4431.cmd	nw3003.cmd
n10767.cmd	n12630.cmd	nd2441.cmd	nd4613.cmd	nw5435.cmd
n10770.cmd	n12631.cmd	nd2551.cmd	nd4711.cmd	nw6175.cmd
n10771.cmd	n12632.cmd	nd3003.cmd	nd5225.cmd	nw6361.cmd
n10772.cmd	n12633.cmd	nd3021.cmd	nd5435.cmd	nw6511.cmd
n10773.cmd	n12634.cmd	nd3146.cmd	nd5454.cmd	nw7700.cmd
n11004.cmd	n12635.cmd	nd3175.cmd	nd5557.cmd	w10340.cmd
n11020.cmd	n12636.cmd	nd3207.cmd	nd5653.cmd	w12462.cmd
n11045.cmd	n12637.cmd	nd3257.cmd	nd5664.cmd	w12506.cmd
n11216.cmd	n12640.cmd	nd3331.cmd	nd5752.cmd
n11337.cmd	n12641.cmd	nd3333.cmd	nd6172.cmd
n11667.cmd	n12735.cmd	nd3352.cmd	nd6175.cmd

!gfd BUBBNET

!ls *.cmd
bd2012.cmd	bd2016.cmd	rs2020.cmd	si2014.cmd
bd2015.cmd	gk2014.cmd	si2013.cmd	tr2012.cmd

!gfd MNSQANET

!ls *.cmd
mcati.cmd	mn2225.cmd	mn2604.cmd	nw2600.cmd	xx2605.cmd
mn2001.cmd	mn2600.cmd	mn2606.cmd	pf2605.cmd

!gfd TNSCNET

!ls *.cmd
acom.cmd	tt2011.cmd	tt2052.cmd	tt2077.cmd	tympbt.cmd
tt2001.cmd	tt2020.cmd	tt2055.cmd	tt2100.cmd
tt2004.cmd	tt2022.cmd	tt2066.cmd	tt2155.cmd
tt2010.cmd	tt2050.cmd	tt2076.cmd	tt2343.cmd

!gfd FTCNET

!ls *.cmd
bk2314.cmd	bk4035.cmd	nd4033.cmd	nd4035.cmd	slothd.cmd
bk4034.cmd	nd2314.cmd	nd4034.cmd	nw2314.cmd

!gfd TEXTELNET

!ls *.cmd
nd3416.cmd	bk3416.cmd

!gfd PCINET

!ls *.cmd
b10222.cmd	bk7312.cmd	nd3446.cmd	nd6466.cmd
bk5052.cmd	n10222.cmd	nd5052.cmd	nd7312.cmd
bk5217.cmd	n12535.cmd	nd6056.cmd	nw3446.cmd
bk6252.cmd	nd3023.cmd	nd6252.cmd	x12535.cmd

!gfd AIRNET

!ls *.cmd
af2001.cmd	af2102.cmd	af2125.cmd	af2141.cmd	af2170.cmd
af2002.cmd	af2105.cmd	af2131.cmd	af2142.cmd	nw2136.cmd
af2011.cmd	af2121.cmd	af2132.cmd	af2150.cmd	nw2162.cmd
af2022.cmd	af2122.cmd	af2135.cmd	af2151.cmd
af2030.cmd	af2123.cmd	af2136.cmd	af2152.cmd
af2101.cmd	af2124.cmd	af2140.cmd	af2162.cmd

!gfd TSNNET

!ls *.cmd
cx2007.cmd	dg2005.cmd	lk2005.cmd	nw2007.cmd
dc2114.cmd	dg2007.cmd	nv2017.cmd	pk2463.cmd
dc2162.cmd	dg2017.cmd	nw2006.cmd

!gfd SWBNET

!ls *.cmd
hd2747.cmd	sp2104.cmd	sp2266.cmd	sp2412.cmd	sp2542.cmd
le2751.cmd	sp2110.cmd	sp2267.cmd	sp2413.cmd	sp2543.cmd
lp2001.cmd	sp2113.cmd	sp2270.cmd	sp2414.cmd	sp2544.cmd
lp2003.cmd	sp2114.cmd	sp2271.cmd	sp2415.cmd	sp2545.cmd
lp2004.cmd	sp2116.cmd	sp2273.cmd	sp2416.cmd	sp2547.cmd
lp2723.cmd	sp2117.cmd	sp2274.cmd	sp2417.cmd	sp2550.cmd
lp2750.cmd	sp2121.cmd	sp2275.cmd	sp2420.cmd	sp2551.cmd
lp2751.cmd	sp2122.cmd	sp2276.cmd	sp2421.cmd	sp2552.cmd
lp2752.cmd	sp2123.cmd	sp2277.cmd	sp2422.cmd	sp2611.cmd
lp2755.cmd	sp2125.cmd	sp2300.cmd	sp2423.cmd	sp2614.cmd
lp2756.cmd	sp2126.cmd	sp2301.cmd	sp2424.cmd	sp2615.cmd
lp2760.cmd	sp2130.cmd	sp2302.cmd	sp2425.cmd	sp2616.cmd
lp2761.cmd	sp2131.cmd	sp2303.cmd	sp2426.cmd	sp2617.cmd
lp2762.cmd	sp2132.cmd	sp2304.cmd	sp2427.cmd	sp2620.cmd
lp2764.cmd	sp2133.cmd	sp2306.cmd	sp2430.cmd	sp2621.cmd
lp2765.cmd	sp2134.cmd	sp2310.cmd	sp2431.cmd	sp2622.cmd
lp2766.cmd	sp2135.cmd	sp2311.cmd	sp2432.cmd	sp2623.cmd
lp2767.cmd	sp2136.cmd	sp2312.cmd	sp2433.cmd	sp2624.cmd
lp2770.cmd	sp2137.cmd	sp2313.cmd	sp2434.cmd	sp2625.cmd
lp2771.cmd	sp2140.cmd	sp2314.cmd	sp2435.cmd	sp2626.cmd
lt2251.cmd	sp2144.cmd	sp2315.cmd	sp2436.cmd	sp2627.cmd
lt2756.cmd	sp2146.cmd	sp2316.cmd	sp2437.cmd	sp2630.cmd
lt2761.cmd	sp2147.cmd	sp2317.cmd	sp244.cmd	sp2633.cmd
mf2747.cmd	sp2150.cmd	sp2320.cmd	sp2440.cmd	sp2650.cmd
mi2747.cmd	sp2153.cmd	sp2321.cmd	sp2441.cmd	sp2660.cmd
pi2747.cmd	sp2164.cmd	sp2322.cmd	sp2442.cmd	sp2661.cmd
sp2001.cmd	sp2171.cmd	sp2323.cmd	sp2443.cmd	sp2663.cmd
sp2002.cmd	sp2174.cmd	sp2324.cmd	sp2444.cmd	sp2664.cmd
sp2003.cmd	sp2176.cmd	sp2325.cmd	sp2445.cmd	sp2665.cmd
sp2010.cmd	sp2177.cmd	sp2326.cmd	sp2446.cmd	sp2666.cmd
sp2011.cmd	sp2200.cmd	sp2327.cmd	sp2447.cmd	sp2671.cmd
sp2012.cmd	sp2201.cmd	sp2330.cmd	sp2450.cmd	sp2672.cmd
sp2013.cmd	sp2203.cmd	sp2331.cmd	sp2451.cmd	sp2673.cmd
sp2015.cmd	sp2204.cmd	sp2332.cmd	sp2452.cmd	sp2674.cmd
sp2020.cmd	sp2205.cmd	sp2333.cmd	sp2453.cmd	sp2676.cmd
sp2021.cmd	sp2206.cmd	sp2334.cmd	sp2454.cmd	sp2677.cmd
sp2022.cmd	sp2207.cmd	sp2335.cmd	sp2455.cmd	sp2701.cmd
sp2023.cmd	sp2210.cmd	sp2336.cmd	sp2456.cmd	sp2702.cmd
sp2024.cmd	sp2211.cmd	sp2337.cmd	sp2457.cmd	sp2703.cmd
sp2025.cmd	sp2212.cmd	sp2340.cmd	sp2460.cmd	sp2704.cmd
sp2026.cmd	sp2213.cmd	sp2341.cmd	sp2461.cmd	sp2706.cmd
sp2027.cmd	sp2214.cmd	sp2342.cmd	sp2462.cmd	sp2707.cmd
sp2030.cmd	sp2215.cmd	sp2343.cmd	sp2463.cmd	sp2710.cmd
sp2031.cmd	sp2216.cmd	sp2344.cmd	sp2464.cmd	sp2715.cmd
sp2032.cmd	sp2217.cmd	sp2345.cmd	sp2465.cmd	sp2720.cmd
sp2033.cmd	sp2220.cmd	sp2346.cmd	sp2466.cmd	sp2722.cmd
sp2034.cmd	sp2221.cmd	sp2347.cmd	sp2467.cmd	sp2724.cmd
sp2035.cmd	sp2222.cmd	sp2350.cmd	sp2470.cmd	sp2727.cmd
sp2036.cmd	sp2223.cmd	sp2351.cmd	sp2471.cmd	sp2730.cmd
sp2037.cmd	sp2224.cmd	sp2352.cmd	sp2472.cmd	sp2732.cmd
sp2040.cmd	sp2225.cmd	sp2353.cmd	sp2473.cmd	sp2735.cmd
sp2041.cmd	sp2226.cmd	sp2354.cmd	sp2474.cmd	sp2736.cmd
sp2042.cmd	sp2227.cmd	sp2355.cmd	sp2475.cmd	sp2737.cmd
sp2043.cmd	sp2230.cmd	sp2356.cmd	sp2476.cmd	sp2740.cmd
sp2044.cmd	sp2231.cmd	sp2357.cmd	sp2477.cmd	sp2744.cmd
sp2045.cmd	sp2232.cmd	sp2360.cmd	sp2500.cmd	sp2745.cmd
sp2046.cmd	sp2233.cmd	sp2361.cmd	sp2501.cmd	sp2750.cmd
sp2047.cmd	sp2234.cmd	sp2362.cmd	sp2502.cmd	sp2751.cmd
sp2050.cmd	sp2235.cmd	sp2363.cmd	sp2503.cmd	sp2754.cmd
sp2051.cmd	sp2236.cmd	sp2364.cmd	sp2504.cmd	sp2756.cmd
sp2052.cmd	sp2237.cmd	sp2365.cmd	sp2505.cmd	sp2757.cmd
sp2053.cmd	sp2240.cmd	sp2366.cmd	sp2506.cmd	sp2761.cmd
sp2054.cmd	sp2241.cmd	sp2367.cmd	sp2507.cmd	sp2762.cmd
sp2055.cmd	sp2242.cmd	sp2370.cmd	sp2510.cmd	sp2763.cmd
sp2056.cmd	sp2243.cmd	sp2371.cmd	sp2511.cmd	sp2765.cmd
sp2057.cmd	sp2244.cmd	sp2372.cmd	sp2512.cmd	sp2766.cmd
sp2060.cmd	sp2245.cmd	sp2373.cmd	sp2513.cmd	sp2770.cmd
sp2061.cmd	sp2246.cmd	sp2374.cmd	sp2514.cmd	sp2771.cmd
sp2062.cmd	sp2247.cmd	sp2375.cmd	sp2515.cmd	sp2772.cmd
sp2063.cmd	sp2250.cmd	sp2376.cmd	sp2516.cmd	st2003.cmd
sp2064.cmd	sp2251.cmd	sp2377.cmd	sp2517.cmd	st2011.cmd
sp2065.cmd	sp2252.cmd	sp2400.cmd	sp2520.cmd	st2105.cmd
sp2066.cmd	sp2253.cmd	sp2401.cmd	sp2521.cmd	st2456.cmd
sp2067.cmd	sp2254.cmd	sp2402.cmd	sp2522.cmd	st2523.cmd
sp2070.cmd	sp2255.cmd	sp2403.cmd	sp2523.cmd	st2532.cmd
sp2071.cmd	sp2256.cmd	sp2404.cmd	sp2524.cmd	st2671.cmd
sp2072.cmd	sp2261.cmd	sp2405.cmd	sp2526.cmd	st2765.cmd
sp2073.cmd	sp2262.cmd	sp2406.cmd	sp2530.cmd	swbmux.cmd
sp2074.cmd	sp2263.cmd	sp2407.cmd	sp2531.cmd	xl2746.cmd
sp2100.cmd	sp2264.cmd	sp2410.cmd	sp2532.cmd	xl2747.cmd
sp2102.cmd	sp2265.cmd	sp2411.cmd	sp2541.cmd

!gfd WUINET

!ls *.cmd
b10074.cmd	bk2151.cmd	bk3501.cmd	nd2150.cmd	nd3500.cmd
bk2111.cmd	bk2713.cmd	bk6007.cmd	nd2151.cmd	nd3501.cmd
bk2141.cmd	bk2714.cmd	n10074.cmd	nd2664.cmd	nd6007.cmd
bk2150.cmd	bk3500.cmd	nd2111.cmd	nd2714.cmd

!gfd NETSNY

!ls *.cmd

!gfd DECNET

!ls *.cmd

!gfd TEANET

!ls *.cmd
ek2001.cmd	ek2030.cmd	ek2033.cmd	ek2036.cmd	ek2043.cmd
ek2021.cmd	ek2031.cmd	ek2034.cmd	ek2037.cmd
ek2022.cmd	ek2032.cmd	ek2035.cmd	ek2041.cmd

!gfd TRTNET

!ls *.cmd
bk2416.cmd	bk3523.cmd	n11643.cmd	nd3305.cmd	nd4772.cmd
bk2575.cmd	bk3762.cmd	nd2416.cmd	nd3523.cmd	nw3005.cmd
bk3005.cmd	bk3773.cmd	nd2575.cmd	nd3676.cmd	prttym.cmd
bk3215.cmd	bk4772.cmd	nd3005.cmd	nd3762.cmd
bk3305.cmd	n10361.cmd	nd3215.cmd	nd3773.cmd

!gfd NSCNET

!ls *.cmd
b.cmd		ns2010.cmd

!gfd INSNET

!ls *.cmd

!gfd TYMNET

!ls *.cmd
1.cmd		522c.cmd	inter.cmd	nd3374.cmd	sna.cmd
1100.cmd	522sc.cmd	is1.cmd		nd3556.cmd	solb.cmd
1101.cmd	533.cmd		is2.cmd		nd5501.cmd	ssearc.cmd
1133.cmd	533i.cmd	isis.cmd	nd6415.cmd	sumls.cmd
1cons5.cmd	636.cmd		isis1.cmd	nd6540.cmd	sw521.cmd
1cslt.cmd	703.cmd		isis2.cmd	nd6643.cmd	t2file.cmd
1cslt5.cmd	backup.cmd	iss2.cmd	nd6653.cmd	telcpy.cmd
1ipi.cmd	batch.cmd	jd.cmd		nd6657.cmd	tii004.cmd
1ipi5.cmd	bnd.cmd		kernel.cmd	nd6720.cmd	tiii.cmd
1isis.cmd	bup.cmd		kl2615.cmd	nd6721.cmd	tiiisi.cmd
1outd.cmd	bupskl.cmd	lorr.cmd	nd6722.cmd	tiis.cmd
1outd5.cmd	check.cmd	mcs.cmd		nd6760.cmd	tym.cmd
2.cmd		cmd601.cmd	mcs2.cmd	nd7004.cmd	tym1.cmd
2ebus.cmd	codgen.cmd	merl7.cmd	nd7021.cmd	tymfil.cmd
2ebus5.cmd	codver.cmd	ms3143.cmd	nd7732.cmd	tymsat.cmd
3.cmd		corsiz.cmd	ms3577.cmd	netcon.cmd	ue3745.cmd
3cons5.cmd	dump.cmd	ms4635.cmd	nevget.cmd	x25.cmd
4.cmd		eng.cmd		ms4752.cmd	nodesn.cmd	x32.cmd
4004.cmd	fshspi.cmd	n10215.cmd	perry.cmd	xcom.cmd
508.cmd		fshspv.cmd	n10350.cmd	pod.cmd
511.cmd		fuc.cmd		n11723.cmd	pod5.cmd
520.cmd		hdlc.cmd	nadu.cmd	sat.cmd
522.cmd		i2is08.cmd	nd2333.cmd	siolk3.cmd

!gfd RCANET

!ls *.cmd
bk2134.cmd	bk2137.cmd	n12723.cmd	nd2134.cmd	nd2137.cmd
bk2135.cmd	bk3502.cmd	n12754.cmd	nd2135.cmd	nd3502.cmd
bk2136.cmd	foo.cmd		nd2112.cmd	nd2136.cmd

!gfd RASNET

!ls *.cmd
m10356.cmd	mftest.cmd	n10356.cmd	nd2527.cmd	ra2527.cmd
mf2332.cmd	n10047.cmd	nd2332.cmd	nd6452.cmd

!gfd NTSNET

!ls *.cmd
2020.cmd	nt2001.cmd	nt2101.cmd	nt2677.cmd	sw2101.cmd
bb2141.cmd	nt2004.cmd	nt2102.cmd	nt2772.cmd	tk2132.cmd
cl2052.cmd	nt2006.cmd	nt2103.cmd	nt2775.cmd	tk2133.cmd
gb2034.cmd	nt2007.cmd	nt2110.cmd	nt3030.cmd	tk2134.cmd
js2101.cmd	nt2027.cmd	nt2111.cmd	nt3202.cmd	tk2135.cmd
ldram.cmd	nt2030.cmd	nt2112.cmd	nt3203.cmd	tk2136.cmd
ldval.cmd	nt2032.cmd	nt2113.cmd	nw2032.cmd	tk2137.cmd
lsti2s.cmd	nt2033.cmd	nt2134.cmd	nw2135.cmd	tput.cmd
mstst.cmd	nt2034.cmd	nt2135.cmd	nw2136.cmd	tt2001.cmd
n12570.cmd	nt2035.cmd	nt2136.cmd	nw2137.cmd	xx2101.cmd
nano.cmd	nt2052.cmd	nt2137.cmd	sc2101.cmd
nd2032.cmd	nt2053.cmd	nt2400.cmd	sh2053.cmd
nd2201.cmd	nt2100.cmd	nt2676.cmd	sw2006.cmd

!gfd SWNET

!ls *.cmd
cph100.cmd

!LOGOUT
247.45 tru
terminal time: 0:23:06
  