	******************************************
	** FASBOL II COMPILER V 1.0 (JUNE,1972) **
	******************************************

COMPILATION DONE ON 11/29/89 AT 21:44:21.13


		*
		*	ISO6	Convert SOLO Consat
		*	 to	I2IS 11.33		TYM	CMD
		*		TII   5.33		TYM	C00
		*		ISCS  6.36		T01	C01
		*
	      1 	&STLIMIT  = 99999999
	      2 	&ANCHOR = 1
	      3 	OUTPUT("TTY",0,-1)
	      4 	INPUT("INTTY",0,80)
		*
		*		PATTERNS NECESSARY FOR FUNCTIONS
		*
	      5 	NULL	=
	      6 	DEFINE('OPT(PAT)')
	      7 	DEFINE('CHR(NUM)')
	      7 +							:(SETUP)
	      8 OPT	OPT	=	PAT ! NULL			:(RETURN)
		*
		*
	      9 CHR	&ALPHABET LEN(NUM) LEN(1) . CHR			:(RETURN)
		*
		*
	     10 SETUP
	     11 	UPPER	=	'ABCDEFGHIJKLMNOPQRSTUVWXYZ'
	     12 	LOWER	=	'abcdefghijklmnopqrstuvwxyz'
	     13 	ALPHA	=	UPPER LOWER
	     14 	OCTAL	=	'01234567'
	     15 	DIGITS	=	'0123456789'
	     16 	DIGIT	=	ANY(DIGITS)
	     17 	CHAR	=	ANY(DIGITS ALPHA)
	     18 	SIGN	=	"+" ! "-"
	     19 	QUOTE	=	ANY("'|" '"')
	     20 	TAB	=	CHR(9)
	     21 	CRLF	=	CHR(13) CHR(10)
	     22 	SEP	=	NSPAN(",; " TAB)
	     23 	MONTAB	=	"JanFebMarAprMayJunJulAugSepOctNovDec"
	     24 	DATE()	BREAK(DIGITS) SPAN(DIGITS) . MONTH '/' SPAN(DIGITS) . DAY
	     24 +			'/' REM . YEAR
	     25 	MONTAB	LEN((MONTH - 1) * 3) LEN(3) . MON
	     26 	TODAY	= DAY '-' MON '-' YEAR
	     27 	MONTHS	=	( ANY("Jj") ANY("Aa") ANY("Nn") )
	     27 +		!	( ANY("Ff") ANY("Ee") ANY("Bb") )
	     27 +		!	( ANY("Mm") ANY("Aa") ANY("RrYy") )
	     27 +		!	( ANY("Aa") ANY("Pp") ANY("Rr") )
	     27 +		!	( ANY("Jj") ANY("Uu") ANY("NnLl") )
	     27 +		!	( ANY("Aa") ANY("Uu") ANY("Gg") )
	     27 +		!	( ANY("Ss") ANY("Ee") ANY("Pp") )
	     27 +		!	( ANY("Oo") ANY("Cc") ANY("Tt") )
	     27 +		!	( ANY("Nn") ANY("Oo") ANY("Vv") )
	     27 +		!	( ANY("Dd") ANY("Ee") ANY("Cc") )
	     28 	DATES	= SPAN(DIGITS) ANY("-/") (MONTHS ! SPAN(DIGITS))
	     28 +				 ANY("-/") SPAN(DIGITS)
		* 
		*		PATTERNS FOR PARSING INPUT FILES
		*
	     29 	SOSNUM	=	POS(0) DIGIT DIGIT DIGIT DIGIT DIGIT TAB            
	     30  
	     31 START	INCHAN  = OPEN("DSK(0,2)")
	     32 	OUTCHAN = OPEN("DSK(2,0)")
	     33 	TXXCHAN = OPEN("DSK(2,0)")
	     34 NEXT	TTY = CRLF
	     35 	TTY = 'Solo, khost, initials: '
	     36 AGAIN	MYLINE = INTTY					:F(END)
	     37 	MYLINE	POS(0) RPOS(0)				:S(END)
	     38 	MYLINE	SPAN(OCTAL) . NODE
	     38 +		BREAK(', ' TAB) SPAN(', ' TAB) SPAN(DIGITS) . KHOST
	     38 +		BREAK(', ' TAB) SPAN(', ' TAB) REM . INITIALS
	     38 +							:S(OKNODE)
	     39 	TTY = '?Incorrect input!  Please enter an octal node number' CRLF
	     40 	TTY = '?A kernel host and your initials: '	:(AGAIN)
	     41 NOTYM	TTY = "?Cannot find " TYM CRLF			:(NEXT)
	     42 OKNODE	NODE = LPAD(NODE,5,'0')
	     43 	SLOT = '01'
	     44 	NODE LEN(1) . FIRST REM . NODE
	     45 	FIRST '0'					:F(ADDN)
	     46 	FIRST = 'D'
	     47 ADDN	NODE = 'N' FIRST NODE
	     48 	TYM = NODE '.TYM'
	     49 	INPUT("IN",LOOKUP(TYM,INCHAN),160)		:F(NOTYM)
	     50 	MACHNM.EQ.PAT = ANY('Mm') ANY('Aa') ANY('Cc') ANY('Hh') ANY('Nn')
	     50 +		ANY('Mm') SPAN(' ' TAB) ANY('Ee') ANY('Qq')
	     50 +		SPAN(' $8' TAB) SPAN(OCTAL) . MNODE
	     51 	NASYNC.EQ.PAT = (ARB '(' ANY('Aa') ANY('Ss') ANY('Yy') ANY('Nn')
	     51 +		ANY('Cc') ',') SPAN(DIGITS) . ASYNC
	     52 	DAUGHTERS.PAT = POS(0) ':# OF DAUGHTER CARDS INSTALLED' . DAUGHTER
	     53 	NLINES.EQ.PAT = POS(0) ANY('Nn') ANY('Ll') ANY('Ii') ANY('Nn')
	     53 +		ANY('Ee') ANY('Ss') SPAN(' ' TAB) ANY('Ee') ANY('Qq')
	     53 +		SPAN(' $Aa' TAB) SPAN(DIGITS) . NLINES
	     54 	NACARD.EQ.PAT = POS(0) ANY('Nn') ANY('Aa') ANY('Cc') ANY('Aa')
	     54 +		ANY('Rr') ANY('Dd') SPAN(' ' TAB) ANY('Ee') ANY('Qq')
	     54 +		SPAN(' $Aa' TAB) SPAN(DIGITS) . NACARD
	     55 	NMCARD.EQ.PAT = POS(0) ANY('Mm') '.' ANY('Nn') ANY('Pp')
	     55 +		SPAN(DIGITS) . NMCARD SPAN(' ' TAB)
	     56 	TIILNK.EQ.PAT = POS(0) SPAN(' ' TAB) ANY('Tt') ANY('Ii') ANY('Ii')
	     56 +		ANY('Ll') ANY('Nn') ANY('Kk') '(' ARB
	     56 +		('8' ! '12' ! '16' ! (ANY('Mm') ANY('Ss')) ) . TIITYPE ')'
	     57 	PHSIZE.EQ.PAT = POS(0) ANY('Pp') ANY('Hh1') . PHSIZE
	     57 +		ANY('Ss') ANY('Ii') ANY('Zz') ANY('Ee')
	     58 	MNODE  =
	     59 	ISSOLO =
	     60 	NMCARD =
	     61 	COMMENTS =
	     62 	DAUGHTER =
	     63 	PHSIZE = 0
	     64 	HEADSZ = 0
	     65 	ALLSIZ = 0
	     66 	NACARD = 0
	     67 	M.NCARD = 0
	     68 	ASYNC  = 0
	     69 	NSYNC  = 0
	     70 	SILINS = 0
	     71 	NLINES = 0
	     72 	LINES  = 0
	     73 TYMRL	LINE = IN					:F(TYMRF)
	     74 	LINES = LINES + 1
	     75 	LINE POS(0) ':' SPAN(' ' TAB) 'MEMORY:'		:S(RMPAT)
	     76 	LINE POS(0) ':' SPAN(' ' TAB) 'CONSAT PAR'	:S(RCPAT)
	     77 	LINE POS(0) 'SOLOCS' . ISSOLO			:S(TYMRL)
	     78 	LINE NLINES.EQ.PAT				:S(TYMRL)
	     79 	LINE NACARD.EQ.PAT				:S(TYMRL)
	     80 	LINE NMCARD.EQ.PAT				:S(TYMRL)
	     81 	LINE DAUGHTERS.PAT				:S(TYMRL)
	     82 	LINE MACHNM.EQ.PAT				:S(TYMRL)
	     83 	LINE PHSIZE.EQ.PAT				:S(TYMRL)
	     84 	LINE NASYNC.EQ.PAT				:S(TYMRL)
	     85 	LINE TIILNK.EQ.PAT				:F(TYMRL)
	     86 	TIITYPE '8'					:S(TSYNC)
	     87 	SILINS = SILINS + 1				:(TYMRL)
	     88 TSYNC	NSYNC  = NSYNC  + 1				:(TYMRL)
	     89 RMPAT	HEADSZ = LINES  - 1				:(TYMRL)
	     90 RCPAT	ALLSIZ = LINES  - 1				:(TYMRL)
	     91 NOSOLO	TTY = '?Not a SOLO-CONSAT TYM file, please verify' CRLF :(NEXT)
	     92 NOASYNC	TTY = '?No DECLARE(ASYNC,___) parameter, please verify' CRLF :(NEXT)
	     93 NOLINKS	TTY = '?No TIILNK parameters, please verify' CRLF :(NEXT)
	     94 TYMRF	CLOSE(INCHAN)
	     95 	ISSOLO POS(0) RPOS(0)				:S(NOSOLO)
	     96 	GT(ASYNC,0)					:F(NOASYNC)
	     97 	NLINKS = NSYNC + SILINS
	     98 	GT(NLINKS,0)					:F(NOLINKS)
	     99 	NLU = NLINKS
	    100 	NLU = LT(NLU,ASYNC / 16) ASYNC / 16
	    101 	M.NCARD = GT( SIZE(NMCARD),0 ) NMCARD + 1
	    102 	INPUT("IN",LOOKUP(TYM,INCHAN),160)		:F(NOTYM)
	    103 	OUTPUT("OUT",ENTER(TYM,OUTCHAN),160)		:F(NOTYM)
	    104 	TTY = TYM CRLF
	    105 	KERNEL.EQ.PAT = ANY('Hh') ANY('Ss') ANY('Tt') '0' SPAN(' ' TAB)
	    105 +		ANY('Ee') ANY('Qq') SPAN(' $Aa' TAB) SPAN(DIGITS)
	    106 	LOAD.PAT = (ARB "LOAD DATE" BREAK(DIGITS)) . BEG DATES REM . GEB
	    107 	NSLOT.EQ.PAT =  ANY('Nn') ANY('Ss') ANY('Ll') ANY('Oo') ANY('Tt')
	    107 +			SPAN(' ' TAB) ANY('Ee') ANY('Qq')
	    107 +			SPAN(' ' TAB) SPAN(DIGITS) . NSLOT
	    108 	NDCARD.EQ.PAT = POS(0) ANY('Mm') '.' ANY('Nn') ANY('Pp')
	    108 +		NMCARD SPAN(' ' TAB)
	    109 	ORDER.NO.PAT =  ':' SPAN(' ' TAB) ANY('Oo') ANY('Rr') ANY('Dd')
	    109 +			ANY('Er') ANY('Rr') ' #:'
	    110 	REJECTS = POS(0) ( 'SOLOCS' ! 'NBRK'  ! 'MEMRMK' ! 'ASYNDA'
	    110 +			 ! 'LBOOT'  ! 'ZITEL' ! 'REBTST' ! 'NETID' )
	    111 	NXLGCS.EQ.PAT = POS(0) 'NXLGCS'
	    112 	PASTHR.EQ.PAT = POS(0) 'NPTHR'
	    113 TYMLH	LINE = IN					:F(TYMF)
	    114 	ALLSIZ = ALLSIZ - 1
	    115 	HEADSZ = GT(HEADSZ,1) HEADSZ - 1		:S(TYMLH)
	    116 	OUT = ':' TAB 'ISIS-II T-II  DEFINITION PARAMETERS' TAB TODAY TAB INITIALS
	    117 	OUT = ':' TAB 'KERNEL CODE: 11.33' TAB 'NODE CODE: 5.33'
	    118 TYML	ALLSIZ = GE(ALLSIZ,1) ALLSIZ - 1		:F(TYMLX)
	    119 	LINE = IN					:F(TYMF)
	    120 	LINE SOSNUM =
		* 
		*		TYM file pattern matches go here
		*
	    121 TYMM	LINE REJECTS					:S(TYML)
	    122 	LINE LOAD.PAT					:S(LPAT)
	    123 	LINE ARB . BEG DATES REM . GEB			:S(DPAT)
	    124 	LINE ORDER.NO.PAT				:S(OPAT)
	    125 	LINE KERNEL.EQ.PAT				:S(KPAT)
	    126 	LINE NDCARD.EQ.PAT				:S(NDPAT)
	    127 	LINE NLINES.EQ.PAT				:S(NLPAT)
	    128 	LINE NACARD.EQ.PAT				:S(NAPAT)
	    129 	LINE NXLGCS.EQ.PAT				:S(NXPAT)
	    130 	LINE PASTHR.EQ.PAT				:S(PSPAT)
	    131 TYMO	OUT = LINE					:(TYML)
	    132 LPAT	OUT = BEG TODAY GEB				:(TYML)
	    133 DPAT	OUT = BEG TODAY GEB '/' INITIALS		:(TYML)
	    134 OPAT	OUT = ':' TAB 'ORDER #: ISIS 11.33, ISCS 6.33, TII 5.33 DEPLOYMENT'
	    134 +							:(TYML)
	    135 KPAT	OUT = 'HST0' TAB 'EQ' TAB '$A ' KHOST		:(TYML)
	    136 NAPAT	OUT = 'N.ADA	EQ	1		:* 1 IF NEW ASYNC ADDRESSING'
	    137 	OUT = 'NASYNG	EQ	' NACARD * 2 '		:* NO. OF ASYNC GROUPS (2 GRP/CD)'
	    138 	OUT = 'M.NCARD	EQ	' M.NCARD TAB TAB ':* OF SIO MOTHER BOARDS'
	    138 +							:(TYML)
	    139 NDPAT	OUT = LINE
	    140 	ALLSIZ = GE(ALLSIZ,1) ALLSIZ - 1		:F(TYMLX)
	    141 	LINE = IN					:F(TYMF)
	    142 	LINE SOSNUM =
	    143 	LINE POS(0) ":" . COMMENTS			:S(NDPAT)
	    144 NBPAT	OUT = 'LBOOT	EQ	1		:  NEW BOOT PROM'
	    145 	OUT = 'ZITEL	EQ	1'
	    146 	OUT =
	    147 	OUT = ':		ISIS CONFIGURATION CONSTRAINTS'
	    148 	OUT = 'NSLOT	EQ	1		:  NO. OF SLOTS TO CONNECT'
	    149 	OUT = 'NLU	EQ	$A ' NLU TAB '	:  MAX. NO. OF LOGICAL UNITS/SLOT'
	    150 	OUT = 'NDP	EQ	$A 256		:  NUMBER OF DISPATCHER PORTS'
	    151 	OUT =
	    152 	OUT = ':		NODE CONFIGURATION'
	    153 	OUT = 'TII	EQ	1		:* 1 IF TYMNET-II ON NODE'
	    154 	OUT = 'TIINEW	EQ	1		:* 1 IF VERSION 4.00 OR ABOVE'
	    155 	OUT = 'REBTST	EQ	1'
	    156 	OUT = 'NETID	EQ	1'
	    157 	OUT = 'MACHIN	EQ	1'
	    158 	OUT = 'IKNRNG	EQ	1'
	    159 	COMMENTS POS(0) RPOS(0)				:F(TYML)S(TYMM)
	    160 NLPAT	OUT = LINE
	    161 	OUT = 'SILINS	EQ	' SILINS '		:  NO. OF SIO LINES'
	    162 	OUT = 'ASYNEW	EQ	2		:*0=OLD DRIVER,2=NEW DRIVER,1=BOTH'
	    163 	OUT = 'SPAM	EQ	0		:* ENABLE PERFORMANCE MONITOR'
	    164 	GT(NSLOT,1)					:S(CPAT0)
	    165 	OUT = 'TII.FG	EQ	0		:  SET TO  0  IF ONLY CONSAT SLOT'
	    165 +							:(CPAT1)
	    166 CPAT0	OUT = 'TII.FG	EQ	1		:  SET TO  0  IF ONLY CONSAT SLOT'
	    167 CPAT1	OUT = '				:  SET TO  1  IF ANY OTHER SLOTS'
	    168 	OUT = 'FGFREQ	EQ	$A 10		:  FASTER FG FREQUENCY FOR DEDICATED CONSATS'
	    168 +							:(TYML)
	    169 NXPAT	GT( SIZE(PHSIZE),0 )				:S(TYML)
	    170 	OUT = 'P1SIZE	EQ	$0 800'
	    171 	OUT = 'PHSIZE	EQ	$0 400'			:(TYML)
	    172 PSPAT	GT(NSYNC,0)					:S(PSADD)
	    173 	OUT = 'PTHRU	EQ	1		:* IF PASSTHROUGH INHIBITED'
	    174 	OUT = 'NPTHR	EQ	$A 0		:  NO. OF PASSTHROUGHS'
	    174 +							:(TYML)
	    175 PSADD	OUT = 'PTHRU	EQ	0		:* IF PASSTHROUGH INHIBITED'
	    176 	OUT = 'NPTHR	EQ	$A 128		:  NO. OF PASSTHROUGHS'
	    176 +							:(TYML)
	    177 TYMLX	OUT =
	    178 	OUT =
	    179 	OUT = ':	SLOT 0 - THE NODE CODE'
	    180 	OUT = 'S0CORE	EQ	$A 250'
	    181 	OUT = 'NLUS0	EQ	$A ' NLINKS
	    182 	MEF = 0
	    183 	REF = 0
	    184 SREF	GT(NSYNC,REF)					:F(MREF)
	    185 	OUT = 'S0L' REF '	S.REF(' REF ')'
	    186 	REF = REF + 1					:(SREF)
	    187 MREF	GT(NLINKS,REF)					:F(XREF)
	    188 	OUT = 'S0L' REF '	M.REF(0,' MEF ')'
	    189 	MEF = MEF + 1
	    190 	REF = REF + 1					:(MREF)
	    191 XREF	OUT =
	    192 	OUT = ':	SLOT 1 - ATI-' ASYNC
	    193 	OUT = 'S1CORE	EQ	$A ' ASYNC + 45 + ((ASYNC / 16 ) * 2)
	    194 	OUT = 'S1LIC	EQ	0'
	    195 	OUT = 'NLUS1	EQ	$A ' ASYNC / 16
	    196 	REF = 0
	    197 AREF	OUT = 'S1L' REF / 16 '	A.REF(' REF / 16 ')'
	    198 	REF = REF + 16
	    199 	GT(ASYNC,REF)					:S(AREF)
	    200 	OUT =
	    201 	OUT =
	    202 	OUT = '	END'
	    203 	CLOSE(OUTCHAN)
	    204 	T01 = NODE '.T01'
	    205 	OUTPUT("TXX",ENTER(T01,TXXCHAN),160)		:F(NOT01)
	    206 	TTY = T01 CRLF
	    207 	TXX = ':' TAB 'TYMNET(R)' TAB TAB TODAY TAB INITIALS
	    208 	TXX =
	    209 	TXX = 'LOCATION(' MNODE ',1)' TAB TAB ': NODE NUMBER, SLOT'
	    210 	
	    211 	MPVC.PAT = (ARB '(' ANY('Mm') ANY('Pp') ANY('Vv') ANY('Cc') ',') . BEG
	    211 +		   SPAN(DIGITS) BREAK(')') REM . GEB
	    212 T01L	LINE = IN					:F(T01F)
	    213 	LINE SOSNUM =
		* 
		*		T01 file pattern matches go here
		*
	    214 	LINE POS(0) SPAN(' ' TAB) =
	    215 	LINE POS(0) ':' SPAN(' ' TAB) 'CONSAT PAR'	:S(T01L)
	    216 	LINE MPVC.PAT					:S(MPAT)
	    217 T01O	LINE = LT( SIZE(LINE), 8 ) LINE TAB
	    218 	LINE = LT( SIZE(LINE),16 ) LINE TAB
	    219 	LINE = LT( SIZE(LINE),24 ) LINE TAB
	    220 	LINE = LT( SIZE(LINE),32 ) LINE TAB
	    221 	LINE = LINE ': '
	    222 	TXX = LINE					:(T01L)
	    223 MPAT	LINE = BEG '11' GEB				:(T01O)
	    224 NOT01	TTY = "?Cannot create " T01 CRLF		:(T01F)
	    225 TYMF	CLOSE(OUTCHAN)
	    226 T01F	CLOSE(INCHAN)
	    227 	CLOSE(TXXCHAN)
	    228 	C01 = NODE '.C' SLOT
	    229 	OUTPUT("OUT",ENTER(C01,OUTCHAN),160)		:S(DOC01)
	    230 	TTY = "?Cannot find " C01 CRLF			:(C01F)
	    231 DOC01	TTY = C01 CRLF
	    232 	OUT = ';; UPDATED ' TODAY ' ' NODE ' ISCS ' INITIALS
	    233 	OUT = ';@(NTS)ISCS06.I35'
	    234 	OUT = ';A' NODE '.T' SLOT
	    235 	OUT = ';@MPVC8.DEF'
	    236 	OUT = ';@(NTS)ISCS06.R35'
	    237 	OUT = ';@(ASYNCPAT)MPVVID.603'
	    238 	OUT = '1;F' NODE '.N' SLOT
	    239 	OUT = 'CTA,CTASIZ;PSEG0,S0SIZE;PSEG1,S1SIZE;PSEGD,SDSIZE;P%P%Q'
	    240 C01F	CLOSE(OUTCHAN)
	    241 	C00 = NODE '.C00'
	    242 	OUTPUT("OUT",ENTER(C00,OUTCHAN),160)		:S(DOC00)
	    243 	TTY = "?Cannot find " C00 CRLF
	    244 DOC00	TTY = C00 CRLF
	    245 	OUT = ';; UPDATED ' TODAY ' ' NODE ' ISIS-II T-II ' INITIALS
	    246 	OUT = ';@(NTS)TII05.I33'
	    247 	OUT = ';A' NODE '.TYM'
	    248 	OUT = ';AISXRAY.GGY'
	    249 	OUT = ';@(NTS)TII05.R33'
	    250 	OUT = '1;F' NODE '.N00'
	    251 	OUT = ';X(SOURCE)TIII05.WRT'
	    252 C00F	CLOSE(OUTCHAN)
	    253 	CMD = NODE '.CMD'
	    254 	OUTPUT("OUT",ENTER(CMD,OUTCHAN),160)		:S(DOCMD)
	    255 	TTY = "?Cannot find " CMD CRLF			:(CMDF)
	    256 DOCMD	TTY = CMD CRLF
	    257 	OUT = ';; UPDATED ' TODAY ' ' NODE ' ISIS-II T-II ' INITIALS
	    258 	OUT = ';@(SOURCE)I2IS11.I01'
	    259 	OUT = ';A' NODE '.TYM'
	    260 	OUT = ';AGOODGY.NQA'
	    261 	OUT = ';@(NTS)I2IS11.R33'
	    262 	OUT = '1;F' NODE '.NIB'
	    263 	OUT = '70;T0,CRCT;PINTLEN,IEND-INTLEN;P%PSEGF,SFSIZE;P%Q'
	    264 CMDF	CLOSE(OUTCHAN)					:(NEXT)
	    265 END


*TOTAL COMPILATION COST: 1687422 TRUS*10^4, 0 ERROR DIAGNOSTICS*
