10:01:24 S ** 13-Nov-86 XEXEC %1(167) in frame 13 ** user OPER **
10:01:27 S Given interlock
10:01:28 P Waiting for interlock
10:01:29 P Got interlock
10:01:29 P EXECX Job Processor %1(167) starting in frame 1
10:01:30 S Starting job processor in frame 1
10:01:30 S -S- run #1 Req #1  Running DSK:(PJ)PAM.HGH
10:01:36 S -S- run #2 Req #2  Running DSK:(MAIL)MAILER.SAV
10:01:40 S -R- run #2 <0> Done$End
10:05:00 S -S- run #2 Req #3  Running DSK:(MAIL)MAILER.SAV
10:05:06 S -R- run #2 <0> Done$End
11:05:04 S -S- run #2 Req #4  Running DSK:(MAIL)MAILER.SAV
11:05:14 S -R- run #2 <0> Done$End
12:05:04 S -S- run #2 Req #5  Running DSK:(MAIL)MAILER.SAV
12:05:09 S -R- run #2 <0> Done$End
13:05:03 S -S- run #2 Req #6  Running DSK:(MAIL)MAILER.SAV
13:05:06 S -R- run #2 <0> Done$End
14:05:04 S -S- run #2 Req #7  Running DSK:(MAIL)MAILER.SAV
14:05:11 S -R- run #2 <0> Done$End
15:05:03 S -S- run #2 Req #8  Running DSK:(MAIL)MAILER.SAV
15:05:06 S -R- run #2 <0> Done$End
16:05:04 S -S- run #2 Req #9  Running DSK:(MAIL)MAILER.SAV
16:05:11 S -R- run #2 <0> Done$End
17:05:04 S -S- run #2 Req #10  Running DSK:(MAIL)MAILER.SAV
17:05:13 S -R- run #2 <0> Done$End
18:05:03 S -S- run #2 Req #11  Running DSK:(MAIL)MAILER.SAV
18:05:07 S -R- run #2 <0> Done$End
19:05:03 S -S- run #2 Req #12  Running DSK:(MAIL)MAILER.SAV
19:05:06 S -R- run #2 <0> Done$End
20:05:03 S -S- run #2 Req #13  Running DSK:(MAIL)MAILER.SAV
20:05:06 S -R- run #2 <0> Done$End
21:05:03 S -S- run #2 Req #14  Running DSK:(MAIL)MAILER.SAV
21:05:09 S -R- run #2 <0> Done$End
22:05:03 S -S- run #2 Req #15  Running DSK:(MAIL)MAILER.SAV
22:05:06 S -R- run #2 <0> Done$End
23:05:03 S -S- run #2 Req #16  Running DSK:(MAIL)MAILER.SAV
23:05:06 S -R- run #2 <0> Done$End
00:05:03 S -S- run #2 Req #17  Running DSK:(MAIL)MAILER.SAV
00:05:06 S -R- run #2 <0> Done$End
01:05:04 S -S- run #2 Req #18  Running DSK:(MAIL)MAILER.SAV
01:05:10 S -R- run #2 <0> Done$End
02:05:04 S -S- run #2 Req #19  Running DSK:(MAIL)MAILER.SAV
02:05:06 S -R- run #2 <0> Done$End
03:05:04 S -S- run #2 Req #20  Running DSK:(MAIL)MAILER.SAV
03:05:07 S -R- run #2 <0> Done$End
04:05:04 S -S- run #2 Req #21  Running DSK:(MAIL)MAILER.SAV
04:05:09 S -R- run #2 <0> Done$End
05:05:04 S -S- run #2 Req #22  Running DSK:(MAIL)MAILER.SAV
05:05:07 S -R- run #2 <0> Done$End
06:05:04 S -S- run #2 Req #23  Running DSK:(MAIL)MAILER.SAV
06:05:09 S -R- run #2 <0> Done$End
07:05:04 S -S- run #2 Req #24  Running DSK:(MAIL)MAILER.SAV
09:05:05 S -S- run #2 Req #26  Running DSK:(MAIL)MAILER.SAV
 #25  Running DSK:(MAIL)MAILER.SAV
09:05:11 S -R- run #2 <0> Done$End
10:05:01 S -S- run #2 Req #27  Running DSK:(MAIL)MAILER.SAV
10:05:07 S -R- run #2 <0> Done$End
11:05:02 S -S- run #2 Req #28  Running DSK:(MAIL)MAILER.SAV
11:05:10 S -R- run #2 <0> Done$End
12:05:01 S -S- run #2 Req #29  Running DSK:(MAIL)MAILER.SAV
12:05:04 S -R- run #2 <0> Done$End
13:05:02 S -S- run #2 Req #30  Running DSK:(MAIL)MAILER.SAV
13:05:07 S -R- run #2 <0> Done$End
14:05:03 S -S- run #2 Req #31  Running DSK:(MAIL)MAILER.SAV
14:05:06 S -R- run #2 <0> Done$End
15:05:03 S -S- run #2 Req #32  Running DSK:(MAIL)MAILER.SAV
15:05:07 S -R- run #2 <0> Done$End
16:05:03 S -S- run #2 Req #33  Running DSK:(MAIL)MAILER.SAV
16:05:06 S -R- run #2 <0> Done$End
17:05:03 S -S- run #2 Req #34  Running DSK:(MAIL)MAILER.SAV
17:05:06 S -R- run #2 <0> Done$End
18:05:01 S -S- run #2 Req #35  Running DSK:(MAIL)MAILER.SAV
18:05:05 S -R- run #2 <0> Done$End
19:05:04 S -S- run #2 Req #36  Running DSK:(MAIL)MAILER.SAV
19:05:09 S -R- run #2 <0> Done$End
20:05:04 S -S- run #2 Req #37  Running DSK:(MAIL)MAILER.SAV
20:05:07 S -R- run #2 <0> Done$End
21:05:01 S -S- run #2 Req #38  Running DSK:(MAIL)MAILER.SAV
21:05:05 S -R- run #2 <0> Done$End
22:05:01 S -S- run #2 Req #39  Running DSK:(MAIL)MAILER.SAV
22:05:06 S -R- run #2 <0> Done$End
23:05:01 S -S- run #2 Req #40  Running DSK:(MAIL)MAILER.SAV
23:05:06 S -R- run #2 <0> Done$End
00:05:00 S -S- run #2 Req #41  Running DSK:(MAIL)MAILER.SAV
00:05:03 S -R- run #2 <0> Done$End
01:05:02 S -S- run #2 Req #42  Running DSK:(MAIL)MAILER.SAV
01:05:05 S -R- run #2 <0> Done$End
02:05:02 S -S- run #2 Req #43  Running DSK:(MAIL)MAILER.SAV
02:05:08 S -R- run #2 <0> Done$End
03:05:01 S -S- run #2 Req #44  Running DSK:(MAIL)MAILER.SAV
03:05:05 S -R- run #2 <0> Done$End
04:05:00 S -S- run #2 Req #45  Running DSK:(MAIL)MAILER.SAV
04:05:04 S -R- run #2 <0> Done$End
05:05:05 S -S- run #2 Req #46  Running DSK:(MAIL)MAILER.SAV
05:05:07 S -R- run #2 <0> Done$End
06:05:01 S -S- run #2 Req #47  Running DSK:(MAIL)MAILER.SAV
06:05:06 S -R- run #2 <0> Done$End
07:05:05 S -S- run #2 Req #48  Running DSK:(MAIL)MAILER.SAV
07:05:08 S -R- run #2 <0> Done$End
08:05:01 S -S- run #2 Req #49  Running DSK:(MAIL)MAILER.SAV
08:05:06 S -R- run #2 <0> Done$End
09:05:05 S -S- run #2 Req #50  Running DSK:(MAIL)MAILER.SAV
09:05:12 S -R- run #2 <0> Done$End
10:05:04 S -S- run #2 Req #51  Running DSK:(MAIL)MAILER.SAV
10:05:12 S -R- run #2 <0> Done$End
13:05:02 S -S- run #2 Req #54  Running DSK:(MAIL)MAILER.SAV
 #53  Running DSK:(MAIL)MAILER.SAV
13:05:06 S -R- run #2 <0> Done$End
14:05:00 S -S- run #2 Req #55  Running DSK:(MAIL)MAILER.SAV
14:05:03 S -R- run #2 <0> Done$End
15:05:00 S -S- run #2 Req #56  Running DSK:(MAIL)MAILER.SAV
15:05:03 S -R- run #2 <0> Done$End
16:05:00 S -S- run #2 Req #57  Running DSK:(MAIL)MAILER.SAV
16:05:03 S -R- run #2 <0> Done$End
17:05:00 S -S- run #2 Req #58  Running DSK:(MAIL)MAILER.SAV
17:05:03 S -R- run #2 <0> Done$End
18:05:00 S -S- run #2 Req #59  Running DSK:(MAIL)MAILER.SAV
18:05:03 S -R- run #2 <0> Done$End
19:05:00 S -S- run #2 Req #60  Running DSK:(MAIL)MAILER.SAV
19:05:03 S -R- run #2 <0> Done$End
20:05:00 S -S- run #2 Req #61  Running DSK:(MAIL)MAILER.SAV
20:05:03 S -R- run #2 <0> Done$End
21:05:00 S -S- run #2 Req #62  Running DSK:(MAIL)MAILER.SAV
21:05:03 S -R- run #2 <0> Done$End
22:05:01 S -S- run #2 Req #63  Running DSK:(MAIL)MAILER.SAV
22:05:04 S -R- run #2 <0> Done$End
23:05:01 S -S- run #2 Req #64  Running DSK:(MAIL)MAILER.SAV
23:05:04 S -R- run #2 <0> Done$End
00:05:02 S -S- run #2 Req #65  Running DSK:(MAIL)MAILER.SAV
00:05:05 S -R- run #2 <0> Done$End
01:05:02 S -S- run #2 Req #66  Running DSK:(MAIL)MAILER.SAV
01:05:06 S -R- run #2 <0> Done$End
02:05:03 S -S- run #2 Req #67  Running DSK:(MAIL)MAILER.SAV
02:05:10 S -R- run #2 <0> Done$End
03:05:01 S -S- run #2 Req #68  Running DSK:(MAIL)MAILER.SAV
03:05:04 S -R- run #2 <0> Done$End
04:05:01 S -S- run #2 Req #69  Running DSK:(MAIL)MAILER.SAV
04:05:04 S -R- run #2 <0> Done$End
05:05:03 S -S- run #2 Req #70  Running DSK:(MAIL)MAILER.SAV
05:05:07 S -R- run #2 <0> Done$End
06:05:03 S -S- run #2 Req #71  Running DSK:(MAIL)MAILER.SAV
06:05:07 S -R- run #2 <0> Done$End
07:05:01 S -S- run #2 Req #72  Running DSK:(MAIL)MAILER.SAV
07:05:04 S -R- run #2 <0> Done$End
07:59:38 S Signing off.
07:59:39 P Signing off.
11:00:12 S ** 16-Nov-86 XEXEC %1(167) in frame 4 ** user OPER **
11:00:13 S -R- run #1 <1> Proc$Run
11:00:15 P Waiting for interlock
11:05:14 S -S- run #1 Req #73  Running DSK:(MAIL)MAILER.SAV
11:05:16 P Processor Interlock Busy (10)
11:05:18 S -R- run #1 <0> Done$End
12:05:05 S -S- run #1 Req #74  Running DSK:(MAIL)MAILER.SAV
12:05:10 S -R- run #1 <0> Done$End
13:05:05 S -S- run #1 Req #75  Running DSK:(MAIL)MAILER.SAV
13:05:08 S -R- run #1 <0> Done$End
14:05:05 S -S- run #1 Req #76  Running DSK:(MAIL)MAILER.SAV
14:05:08 S -R- run #1 <0> Done$End
15:05:04 S -S- run #1 Req #77  Running DSK:(MAIL)MAILER.SAV
15:05:07 S -R- run #1 <0> Done$End
16:05:08 S -R- run #1 <0> Done$End
ng DSK:(MAIL)MAILER.SAV
17:05:04 S -S- run #1 Req #79  Running DSK:(MAIL)MAILER.SAV
17:05:06 S -R- run #1 <0> Done$End
18:05:04 S -S- run #1 Req #80  Running DSK:(MAIL)MAILER.SAV
18:05:06 S -R- run #1 <0> Done$End
19:05:05 S -S- run #1 Req #81  Running DSK:(MAIL)MAILER.SAV
19:05:11 S -R- run #1 <0> Done$End
20:05:04 S -S- run #1 Req #82  Running DSK:(MAIL)MAILER.SAV
20:05:07 S -R- run #1 <0> Done$End
21:05:04 S -S- run #1 Req #83  Running DSK:(MAIL)MAILER.SAV
21:05:07 S -R- run #1 <0> Done$End
22:05:04 S -S- run #1 Req #84  Running DSK:(MAIL)MAILER.SAV
22:05:08 S -R- run #1 <0> Done$End
06:21:17 S ** 19-Nov-86 XEXEC %1(172) in frame 3 ** user OPER **
06:21:19 P Waiting for interlock
06:21:20 S Given interlock
06:21:20 P Got interlock
06:21:20 P EXECX Job Processor %1(174) starting in frame 8
06:21:21 S Starting job processor in frame 8
06:21:22 S -S- run #1 job 9 Req #1  Running DSK:(PJ)PAM.HGH
06:21:27 S -S- run #2 job 10 Req #85  Running DSK:(MAIL)MAILER.SAV
06:21:31 S -R- run #2 job 10 <0> Done$End
06:38:41 S Signing off.
06:38:47 P Signing off.
06:39:10 S ** 19-Nov-86 XEXEC %1(172) in frame 6 ** user OPER **
06:39:11 S run #1 job 9 not grafted.
06:39:13 P Waiting for interlock
06:39:14 S Given interlock
06:39:14 P Got interlock
06:39:14 P EXECX Job Processor %1(174) starting in frame 3
06:39:15 S Starting job processor in frame 3
06:39:15 S -S- run #2 job 8 Req #1  Running DSK:(PJ)PAM.HGH
06:41:01 S run #1 job 9 Uid 1525 neq 1538 sts=40004400000 que=300000000001
06:41:01 S -R- run #1 job 9 <2> Abort$Logout
07:05:01 S -S- run #1 job 9 Req #86  Running DSK:(MAIL)MAILER.SAV
07:05:05 S -R- run #1 job 9 <0> Done$End
08:05:04 S -S- run #1 job 9 Req #87  Running DSK:(MAIL)MAILER.SAV
08:05:08 S run #1 job 9 spurious ECF-LCF:2 0
08:06:41 S run #1 job 9 Uid 1568 neq 1569 sts=40004400000 que=300000000127
08:06:41 S -R- run #1 job 9 <0> Done$End
09:05:01 S -S- run #1 job 10 Req #88  Running DSK:(MAIL)MAILER.SAV
09:05:05 S -R- run #1 job 10 <0> Done$End
10:05:05 S -S- run #1 job 9 Req #89  Running DSK:(MAIL)MAILER.SAV
10:05:08 S -R- run #1 job 9 <0> Done$End
11:05:03 S -S- run #1 job 15 Req #90  Running DSK:(MAIL)MAILER.SAV
11:05:10 S -R- run #1 job 15 <0> Done$End
12:05:03 S -S- run #1 job 11 Req #91  Running DSK:(MAIL)MAILER.SAV
12:05:07 S run #1 job 11 spurious ECF-LCF:2 0
12:05:22 S run #1 job 11 Uid 1656 neq 1657 sts=40004400000 que=300000000133
12:05:22 S -R- run #1 job 11 <0> Done$End
13:05:03 S -S- run #1 job 14 Req #92  Running DSK:(MAIL)MAILER.SAV
14:05:07 S -R- run #1 job 14 <0> Done$End
ng DSK:(MAIL)MAILER.SAV
15:05:02 S -S- run #1 job 5 Req #94  Running DSK:(MAIL)MAILER.SAV
15:05:05 S -R- run #1 job 5 <0> Done$End
16:05:03 S -S- run #1 job 4 Req #95  Running DSK:(MAIL)MAILER.SAV
16:05:06 S -R- run #1 job 4 <0> Done$End
00:12:56 P Signing off.
00:20:39 S ** 21-Nov-86 XEXEC %1(172) in frame 3 ** user OPER **
00:20:39 S run #2 job 8 grafted.
00:20:42 P Waiting for interlock
00:25:40 S -S- run #1 job 31 Req #96  Running DSK:(MAIL)MAILER.SAV
00:25:42 P Processor Interlock Busy (10)
00:25:47 S -S- stream #1 Req #99 DSK:(NETDB)CLEAN.LST=DSK:(NETDB)CLEAN.PER
00:25:47 S -R- run #1 job 31 <0> Done$End
01:36:38 S ** 21-Nov-86 XEXEC %1(172) in frame 11 ** user OPER **
01:36:39 S run #2 job 8 grafted.
01:36:42 P Waiting for interlock
01:41:39 S -S- run #1 job 5 Req #100  Running DSK:(MAIL)MAILER.SAV
01:41:43 P Processor Interlock Busy (10)
01:41:45 S -S- stream #2 Req #99 DSK:(NETDB)CLEAN.LST=DSK:(NETDB)CLEAN.PER
01:41:47 S -R- run #1 job 5 <0> Done$End
02:05:00 S -S- run #1 job 13 Req #101  Running DSK:(MAIL)MAILER.SAV
02:05:05 S run #1 job 13 spurious ECF-LCF:2 0
02:06:26 S run #1 job 13 Uid 2737 neq 2738 sts=440304400000 que=300000000145
02:06:26 S -R- run #1 job 13 <0> Done$End
03:05:00 S -S- run #1 job 4 Req #102  Running DSK:(MAIL)MAILER.SAV
03:05:11 S -R- run #1 job 4 <0> Done$End
04:05:01 S -S- run #1 job 5 Req #103  Running DSK:(MAIL)MAILER.SAV
04:05:07 S -R- run #1 job 5 <0> Done$End
05:05:05 S -S- run #1 job 5 Req #104  Running DSK:(MAIL)MAILER.SAV
05:05:08 S -R- run #1 job 5 <0> Done$End
19:15:03 S ** 21-Nov-86 XEXEC %1(172) in frame 38 ** user OPER **
19:15:03 S run #2 job 8 grafted.
19:15:06 P Waiting for interlock
19:20:03 S -S- run #1 job 11 Req #105  Running DSK:(MAIL)MAILER.SAV
19:20:05 P Processor Interlock Busy (10)
19:20:09 S -S- stream #3 Req #99 DSK:(NETDB)CLEAN.LST=DSK:(NETDB)CLEAN.PER
19:20:13 S -R- run #1 job 11 <0> Done$End
20:05:04 S -S- run #1 job 17 Req #106  Running DSK:(MAIL)MAILER.SAV
20:05:07 S -R- run #1 job 17 <0> Done$End
21:05:04 S -S- run #1 job 11 Req #107  Running DSK:(MAIL)MAILER.SAV
21:05:10 S -R- run #1 job 11 <0> Done$End
22:05:04 S -S- run #1 job 9 Req #108  Running DSK:(MAIL)MAILER.SAV
22:05:07 S run #1 job 9 spurious ECF-LCF:2 0
22:05:58 S run #1 job 9 Uid 3228 neq 3229 sts=440234400000 que=300000000154
22:05:58 S -R- run #1 job 9 <0> Done$End
23:05:04 S -S- run #1 job 30 Req #109  Running DSK:(MAIL)MAILER.SAV
23:05:09 S -R- run #1 job 30 <0> Done$End
00:05:07 S run #1 job 13 spurious ECF-LCF:2 0
DSK:(MAIL)MAILER.SAV
00:05:17 S run #1 job 13 Uid 3303 neq 3304 sts=440240400000 que=300000000156
00:05:17 S -R- run #1 job 13 <0> Done$End
01:05:04 S -S- run #1 job 22 Req #111  Running DSK:(MAIL)MAILER.SAV
01:05:11 S -R- run #1 job 22 <0> Done$End
02:05:05 S -S- run #1 job 13 Req #112  Running DSK:(MAIL)MAILER.SAV
02:05:11 S -R- run #1 job 13 <0> Done$End
03:05:05 S -S- run #1 job 15 Req #113  Running DSK:(MAIL)MAILER.SAV
03:05:09 S run #1 job 15 spurious ECF-LCF:2 0
03:05:14 S run #1 job 15 Uid 3378 neq 3379 sts=440234400000 que=300000000161
03:05:15 S -R- run #1 job 15 <0> Done$End
04:05:05 S -S- run #1 job 15 Req #114  Running DSK:(MAIL)MAILER.SAV
04:05:09 S -R- run #1 job 15 <0> Done$End
05:05:04 S -S- run #1 job 11 Req #115  Running DSK:(MAIL)MAILER.SAV
05:05:08 S -R- run #1 job 11 <0> Done$End
06:05:04 S -S- run #1 job 5 Req #116  Running DSK:(MAIL)MAILER.SAV
06:05:10 S -R- run #1 job 5 <0> Done$End
07:05:04 S -S- run #1 job 6 Req #117  Running DSK:(MAIL)MAILER.SAV
07:05:09 S -R- run #1 job 6 <0> Done$End
08:05:04 S -S- run #1 job 6 Req #118  Running DSK:(MAIL)MAILER.SAV
08:05:08 S -R- run #1 job 6 <0> Done$End
09:05:04 S -S- run #1 job 11 Req #119  Running DSK:(MAIL)MAILER.SAV
09:05:08 S run #1 job 11 spurious ECF-LCF:2 0
09:09:13 S run #1 job 11 Uid 3484 neq 3485 sts=40004400000 que=300000000167
09:09:13 S -R- run #1 job 11 <0> Done$End
10:05:01 S -S- run #1 job 12 Req #120  Running DSK:(MAIL)MAILER.SAV
10:05:09 S run #1 job 12 spurious ECF-LCF:2 0
10:06:21 S run #1 job 12 Uid 3501 neq 3502 sts=440234400000 que=300000000170
10:06:22 S -R- run #1 job 12 <0> Done$End
11:05:03 S -S- run #1 job 11 Req #121  Running DSK:(MAIL)MAILER.SAV
11:05:08 S -R- run #1 job 11 <0> Done$End
12:05:03 S -S- run #1 job 13 Req #122  Running DSK:(MAIL)MAILER.SAV
12:05:07 S run #1 job 13 spurious ECF-LCF:2 0
12:10:02 S run #1 job 13 Uid 3534 neq 3535 sts=440036400000 que=300000000172
12:10:02 S -R- run #1 job 13 <0> Done$End
13:05:03 S -S- run #1 job 16 Req #123  Running DSK:(MAIL)MAILER.SAV
13:05:08 S -R- run #1 job 16 <0> Done$End
14:05:03 S -S- run #1 job 18 Req #124  Running DSK:(MAIL)MAILER.SAV
14:05:09 S run #1 job 18 spurious ECF-LCF:2 0
14:11:03 S run #1 job 18 Uid 3569 neq 3570 sts=40004400000 que=300000000174
14:11:03 S -R- run #1 job 18 <0> Done$End
15:05:03 S -S- run #1 job 17 Req #125  Running DSK:(MAIL)MAILER.SAV
15:05:08 S -R- run #1 job 17 <0> Done$End
16:05:03 S -S- run #1 job 17 Req #126  Running DSK:(MAIL)MAILER.SAV
16:10:57 S -R- run #1 job 17 <0> Done$End
sts=40004400000 que=300000000176
17:05:03 S -S- run #1 job 17 Req #127  Running DSK:(MAIL)MAILER.SAV
17:05:08 S run #1 job 17 spurious ECF-LCF:2 0
17:06:12 S run #1 job 17 Uid 3611 neq 3612 sts=440234400000 que=300000000177
17:06:12 S -R- run #1 job 17 <0> Done$End
18:05:03 S -S- run #1 job 17 Req #128  Running DSK:(MAIL)MAILER.SAV
18:05:07 S -R- run #1 job 17 <0> Done$End
19:05:03 S -S- run #1 job 18 Req #129  Running DSK:(MAIL)MAILER.SAV
19:05:08 S run #1 job 18 spurious ECF-LCF:2 0
19:05:13 S run #1 job 18 Uid 3640 neq 3641 sts=440234400000 que=300000000201
19:05:14 S -R- run #1 job 18 <0> Done$End
20:05:02 S -S- run #1 job 17 Req #130  Running DSK:(MAIL)MAILER.SAV
20:05:06 S -R- run #1 job 17 <0> Done$End
21:05:02 S -S- run #1 job 11 Req #131  Running DSK:(MAIL)MAILER.SAV
21:05:08 S run #1 job 11 spurious ECF-LCF:2 0
21:08:23 S run #1 job 11 Uid 3670 neq 3671 sts=440244400000 que=300000000203
21:08:23 S -R- run #1 job 11 <0> Done$End
22:05:04 S -S- run #1 job 11 Req #132  Running DSK:(MAIL)MAILER.SAV
22:05:09 S -R- run #1 job 11 <0> Done$End
23:05:03 S -S- run #1 job 17 Req #133  Running DSK:(MAIL)MAILER.SAV
23:05:07 S run #1 job 17 spurious ECF-LCF:2 0
23:08:08 S run #1 job 17 Uid 3693 neq 3694 sts=40004400000 que=300000000205
23:08:08 S -R- run #1 job 17 <0> Done$End
00:05:04 S -S- run #1 job 16 Req #134  Running DSK:(MAIL)MAILER.SAV
00:05:11 S run #1 job 16 spurious ECF-LCF:2 0
00:12:09 S run #1 job 16 Uid 3710 neq 3711 sts=440244400000 que=300000000206
00:12:09 S -R- run #1 job 16 <0> Done$End
01:05:04 S -S- run #1 job 17 Req #135  Running DSK:(MAIL)MAILER.SAV
01:05:11 S -R- run #1 job 17 <0> Done$End
02:05:05 S -S- run #1 job 11 Req #136  Running DSK:(MAIL)MAILER.SAV
02:05:11 S -R- run #1 job 11 <0> Done$End
03:05:05 S -S- run #1 job 11 Req #137  Running DSK:(MAIL)MAILER.SAV
03:05:10 S run #1 job 11 spurious ECF-LCF:2 0
03:08:09 S run #1 job 11 Uid 3767 neq 3768 sts=440244400000 que=300000000211
03:08:10 S -R- run #1 job 11 <0> Done$End
04:05:05 S -S- run #1 job 11 Req #138  Running DSK:(MAIL)MAILER.SAV
04:05:12 S -R- run #1 job 11 <0> Done$End
05:05:05 S -S- run #1 job 13 Req #139  Running DSK:(MAIL)MAILER.SAV
05:05:10 S run #1 job 13 spurious ECF-LCF:2 0
05:08:45 S run #1 job 13 Uid 3795 neq 3796 sts=440240400000 que=300000000213
05:08:45 S -R- run #1 job 13 <0> Done$End
06:05:05 S -S- run #1 job 13 Req #140  Running DSK:(MAIL)MAILER.SAV
06:05:10 S run #1 job 13 spurious ECF-LCF:2 0
11:06:11 S ** 23-Nov-86 XEXEC %1(172) in frame 4 ** user OPER **
11:06:11 S -R- run #2 job 8 <1> Proc$Run
e=300000000215
11:06:11 S -R- stream #1 <1> Sched$Wait
11:06:12 S -R- stream #2 <1> Sched$Wait
11:06:12 S -R- stream #3 <1> Sched$Wait
11:06:13 P Waiting for interlock
11:11:11 S -S- run #1 job 3 Req #142  Running DSK:(MAIL)MAILER.SAV
11:11:13 P Processor Interlock Busy (10)
11:11:15 S -R- run #1 job 3 <0> Done$End
11:11:15 S -S- stream #1 Req #97 DSK:(NETDB)CLEAN.LST=DSK:(NETDB)CLEAN.PER
12:05:03 S un #1 job 1 Req #143  Running DSK:(MAIL)MAILER.SAV
12:05:07 S run #1 job 1 spurious ECF-LCF:2 0
12:09:11 S run #1 job 1 Uid 27 neq 28 sts=440241400000 que=300000000217
12:09:11 S -R- run #1 job 1 <0> Done$End
13:05:02 S -S- run #1 job 9 Req #144  Running DSK:(MAIL)MAILER.SAV
13:05:08 S -R- run #1 job 9 <0> Done$End
14:05:02 S -S- run #1 job 12 Req #145  Running DSK:(MAIL)MAILER.SAV
14:05:06 S -R- run #1 job 12 <0> Done$End
15:05:02 S -S- run #1 job 10 Req #146  Running DSK:(MAIL)MAILER.SAV
15:05:05 S -R- run #1 job 10 <0> Done$End
16:05:02 S -S- run #1 job 10 Req #147  Running DSK:(MAIL)MAILER.SAV
16:05:05 S -R- run #1 job 10 <0> Done$End
17:05:02 S -S- run #1 job 10 Req #148  Running DSK:(MAIL)MAILER.SAV
17:05:05 S -R- run #1 job 10 <0> Done$End
18:05:02 S -S- run #1 job 10 Req #149  Running DSK:(MAIL)MAILER.SAV
18:05:05 S -R- run #1 job 10 <0> Done$End
19:05:02 S -S- run #1 job 11 Req #150  Running DSK:(MAIL)MAILER.SAV
19:05:05 S -R- run #1 job 11 <0> Done$End
20:05:02 S -S- run #1 job 10 Req #151  Running DSK:(MAIL)MAILER.SAV
20:05:05 S -R- run #1 job 10 <0> Done$End
21:05:02 S -S- run #1 job 10 Req #152  Running DSK:(MAIL)MAILER.SAV
21:05:05 S -R- run #1 job 10 <0> Done$End
22:05:02 S -S- run #1 job 11 Req #153  Running DSK:(MAIL)MAILER.SAV
22:05:05 S -R- run #1 job 11 <0> Done$End
23:05:02 S -S- run #1 job 10 Req #154  Running DSK:(MAIL)MAILER.SAV
23:05:05 S -R- run #1 job 10 <0> Done$End
00:05:02 S -S- run #1 job 11 Req #155  Running DSK:(MAIL)MAILER.SAV
00:05:05 S -R- run #1 job 11 <0> Done$End
01:05:05 S -S- run #1 job 10 Req #156  Running DSK:(MAIL)MAILER.SAV
01:05:08 S run #1 job 10 spurious ECF-LCF:2 0
01:09:59 S run #1 job 10 Uid 199 neq 200 sts=40004400000 que=300000000234
01:09:59 S -R- run #1 job 10 <0> Done$End
02:05:05 S -S- run #1 job 9 Req #157  Running DSK:(MAIL)MAILER.SAV
02:05:11 S run #1 job 9 spurious ECF-LCF:2 0
02:06:00 S run #1 job 9 Uid 224 neq 225 sts=40004400000 que=300000000235
02:06:00 S -R- run #1 job 9 <0> Done$End
03:05:05 S -S- run #1 job 9 Req #158  Running DSK:(MAIL)MAILER.SAV
04:05:07 S -R- run #1 job 11 <0> Done$End
ing DSK:(MAIL)MAILER.SAV
05:05:00 S -S- run #1 job 3 Req #160  Running DSK:(MAIL)MAILER.SAV
05:05:04 S -R- run #1 job 3 <0> Done$End
06:05:05 S -S- run #1 job 3 Req #161  Running DSK:(MAIL)MAILER.SAV
06:05:10 S -R- run #1 job 3 <0> Done$End
07:05:04 S -S- run #1 job 3 Req #162  Running DSK:(MAIL)MAILER.SAV
07:05:07 S -R- run #1 job 3 <0> Done$End
08:05:05 S -S- run #1 job 3 Req #163  Running DSK:(MAIL)MAILER.SAV
08:05:09 S -R- run #1 job 3 <0> Done$End
09:05:00 S -S- run #1 job 8 Req #164  Running DSK:(MAIL)MAILER.SAV
09:05:07 S -R- run #1 job 8 <0> Done$End
10:05:00 S -S- run #1 job 3 Req #165  Running DSK:(MAIL)MAILER.SAV
10:05:05 S run #1 job 3 spurious ECF-LCF:2 0
10:06:05 S run #1 job 3 Uid 335 neq 336 sts=440244400000 que=300000000245
10:06:05 S -R- run #1 job 3 <0> Done$End
11:05:05 S -S- run #1 job 9 Req #166  Running DSK:(MAIL)MAILER.SAV
11:05:07 S -R- run #1 job 9 <0> Done$End
12:05:05 S -S- run #1 job 11 Req #167  Running DSK:(MAIL)MAILER.SAV
12:05:07 S -R- run #1 job 11 <0> Done$End
13:05:00 S -S- run #1 job 9 Req #168  Running DSK:(MAIL)MAILER.SAV
13:05:03 S -R- run #1 job 9 <0> Done$End
14:05:00 S -S- run #1 job 14 Req #169  Running DSK:(MAIL)MAILER.SAV
14:05:03 S -R- run #1 job 14 <0> Done$End
15:05:05 S -S- run #1 job 13 Req #170  Running DSK:(MAIL)MAILER.SAV
15:05:08 S -R- run #1 job 13 <0> Done$End
16:05:01 S -S- run #1 job 17 Req #178  Running DSK:(MAIL)MAILER.SAV
16:05:06 S -R- run #1 job 17 <0> Done$End
17:05:02 S -S- run #1 job 36 Req #180  Running DSK:(MAIL)MAILER.SAV
17:05:07 S run #1 job 36 spurious ECF-LCF:2 0
17:07:11 S run #1 job 36 Uid 508 neq 510 sts=40004400000 que=300000000264
17:07:11 S -R- run #1 job 36 <0> Done$End
18:05:03 S -S- run #1 job 12 Req #181  Running DSK:(MAIL)MAILER.SAV
18:05:08 S -R- run #1 job 12 <0> Done$End
19:05:03 S -S- run #1 job 25 Req #182  Running DSK:(MAIL)MAILER.SAV
19:05:14 S -R- run #1 job 25 <0> Done$End
20:05:02 S -S- run #1 job 25 Req #183  Running DSK:(MAIL)MAILER.SAV
20:05:06 S run #1 job 25 spurious ECF-LCF:2 0
20:06:07 S run #1 job 25 Uid 608 neq 609 sts=440234400000 que=300000000267
20:06:07 S -R- run #1 job 25 <0> Done$End
21:05:03 S -S- run #1 job 37 Req #184  Running DSK:(MAIL)MAILER.SAV
21:05:09 S -R- run #1 job 37 <0> Done$End
22:05:04 S -S- run #1 job 14 Req #185  Running DSK:(MAIL)MAILER.SAV
22:05:14 S -R- run #1 job 14 <0> Done$End
23:05:02 S -S- run #1 job 16 Req #186  Running DSK:(MAIL)MAILER.SAV
00:05:02 S -S- run #1 job 16 Req #187  Running DSK:(MAIL)MAILER.SAV
00:05:06 S -R- run #1 job 16 <0> Done$End
00000272
01:05:02 S -S- run #1 job 9 Req #188  Running DSK:(MAIL)MAILER.SAV
01:05:05 S -R- run #1 job 9 <0> Done$End
02:05:03 S -S- run #1 job 23 Req #189  Running DSK:(MAIL)MAILER.SAV
02:05:14 S -R- run #1 job 23 <0> Done$End
03:05:02 S -S- run #1 job 9 Req #190  Running DSK:(MAIL)MAILER.SAV
03:05:05 S -R- run #1 job 9 <0> Done$End
04:05:03 S -S- run #1 job 17 Req #191  Running DSK:(MAIL)MAILER.SAV
04:05:07 S -R- run #1 job 17 <0> Done$End
05:05:02 S -S- run #1 job 17 Req #192  Running DSK:(MAIL)MAILER.SAV
05:05:05 S -R- run #1 job 17 <0> Done$End
06:00:03 S -S- stream #2 Req #172 DSK:(OES)PRPOUT.MON=DSK:(OES)PRPJOB.MON
06:05:02 S -S- run #1 job 5 Req #193  Running DSK:(MAIL)MAILER.SAV
06:05:06 S -R- run #1 job 5 <0> Done$End
07:05:03 S -S- run #1 job 5 Req #194  Running DSK:(MAIL)MAILER.SAV
07:05:07 S -R- run #1 job 5 <0> Done$End
08:05:03 S -S- run #1 job 7 Req #195  Running DSK:(MAIL)MAILER.SAV
08:05:08 S run #1 job 7 spurious ECF-LCF:2 0
08:06:37 S run #1 job 7 Uid 894 neq 895 sts=440244400000 que=300000000303
08:06:37 S -R- run #1 job 7 <0> Done$End
09:05:03 S -S- run #1 job 9 Req #196  Running DSK:(MAIL)MAILER.SAV
09:05:08 S -R- run #1 job 9 <0> Done$End
10:00:04 S -S- stream #3 Req #179 DSK:(OES)AUDPRP.OUT=DSK:(OES)AUDIT.PRP
10:05:03 S -S- run #1 job 7 Req #197  Running DSK:(MAIL)MAILER.SAV
10:05:14 S -R- run #1 job 7 <0> Done$End
11:05:05 S -S- run #1 job 10 Req #198  Running DSK:(MAIL)MAILER.SAV
11:05:11 S -R- run #1 job 10 <0> Done$End
12:05:04 S -S- run #1 job 13 Req #199  Running DSK:(MAIL)MAILER.SAV
12:05:08 S run #1 job 13 spurious ECF-LCF:2 0
12:10:34 S run #1 job 13 Uid 966 neq 967 sts=440234400000 que=300000000307
12:10:34 S -R- run #1 job 13 <0> Done$End
13:05:05 S -S- run #1 job 10 Req #200  Running DSK:(MAIL)MAILER.SAV
13:05:16 S -R- run #1 job 10 <0> Done$End
14:05:04 S -S- run #1 job 10 Req #201  Running DSK:(MAIL)MAILER.SAV
14:05:07 S -R- run #1 job 10 <0> Done$End
15:05:04 S -S- run #1 job 19 Req #202  Running DSK:(MAIL)MAILER.SAV
15:05:07 S -R- run #1 job 19 <0> Done$End
16:05:05 S -S- run #1 job 38 Req #203  Running DSK:(MAIL)MAILER.SAV
16:05:12 S -R- run #1 job 38 <0> Done$End
17:05:05 S -S- run #1 job 49 Req #204  Running DSK:(MAIL)MAILER.SAV
17:05:17 S -R- run #1 job 49 <0> Done$End
18:05:01 S -S- run #1 job 26 Req #205  Running DSK:(MAIL)MAILER.SAV
18:05:09 S -R- run #1 job 26 <0> Done$End
19:05:01 S -S- run #1 job 17 Req #206  Running DSK:(MAIL)MAILER.SAV
21:05:01 S -S- run #1 job 40 Req #211  Running DSK:(MAIL)MAILER.SAV
35 Req #210  Running DSK:(MAIL)MAILER.SAV
21:05:04 S run #1 job 40 spurious ECF-LCF:2 0
21:05:09 S run #1 job 40 Uid 1289 neq 1290 sts=440240400000 que=300000000323
21:05:10 S -R- run #1 job 40 <0> Done$End
22:05:02 S -S- run #1 job 28 Req #212  Running DSK:(MAIL)MAILER.SAV
22:05:07 S run #1 job 28 spurious ECF-LCF:2 0
22:05:17 S run #1 job 28 Uid 1334 neq 1335 sts=440244400000 que=300000000324
22:05:17 S -R- run #1 job 28 <0> Done$End
23:05:01 S -S- run #1 job 31 Req #213  Running DSK:(MAIL)MAILER.SAV
23:05:04 S run #1 job 31 spurious ECF-LCF:2 0
23:06:56 S run #1 job 31 Uid 1382 neq 1383 sts=440244400000 que=300000000325
23:06:57 S -R- run #1 job 31 <0> Done$End
00:05:01 S -S- run #1 job 12 Req #214  Running DSK:(MAIL)MAILER.SAV
00:05:05 S run #1 job 12 spurious ECF-LCF:2 0
00:05:35 S run #1 job 12 Uid 1417 neq 1418 sts=40004400000 que=300000000326
00:05:35 S -R- run #1 job 12 <0> Done$End
01:05:00 S -S- run #1 job 13 Req #215  Running DSK:(MAIL)MAILER.SAV
01:05:03 S -R- run #1 job 13 <0> Done$End
02:05:01 S -S- run #1 job 23 Req #216  Running DSK:(MAIL)MAILER.SAV
02:05:07 S -R- run #1 job 23 <0> Done$End
03:05:01 S -S- run #1 job 20 Req #217  Running DSK:(MAIL)MAILER.SAV
03:05:06 S -R- run #1 job 20 <0> Done$End
04:00:11 S -S- stream #4 Req #219 DSK:(JMS)FNDBAD.LOG=DSK:(JMS)FNDBAD.CTL
04:04:41 S ** 26-Nov-86 XEXEC %1(176) in frame 4 ** user OPER **
04:04:43 P Waiting for interlock
04:04:43 S Given interlock
04:04:44 P Got interlock
04:04:44 P EXECX Job Processor %1(200) starting in frame 23
04:04:45 S Starting job processor in frame 23
04:04:45 S -S- stream #5 Req #97 DSK:(NETDB)CLEAN.LST=DSK:(NETDB)CLEAN.PER
04:04:45 P Stream #1 Req #97 DSK:(NETDB)CLEAN.LST=DSK:(NETDB)CLEAN.PER
04:04:47 P Stream #2 Req #172 DSK:(OES)PRPOUT.MON=DSK:(OES)PRPJOB.MON
04:04:47 P Stream #2 Req #172 * aborted - :ERROR in job at line 1 *
04:04:49 P Stream #3 Req #179 DSK:(OES)AUDPRP.OUT=DSK:(OES)AUDIT.PRP
04:04:50 P ** invalid stream #2 **
04:04:50 P Stream #4 Req #219 DSK:(JMS)FNDBAD.LOG=DSK:(JMS)FNDBAD.CTL
04:04:51 P ** invalid stream #2 **
04:04:51 S -R- stream #2 Done-Error <0>
04:04:51 P Stream #5 file enter error (104) DSK:(NETDB)CLEAN.PER
04:04:51 P Stream #5 JobExit: 5,5
04:04:52 S -R- stream #2 Abort-License <0>
04:04:53 P ** invalid stream #2 **
04:04:54 P ** invalid stream #2 **
04:04:56 P ** invalid stream #2 **
04:05:01 S -R- stream #5 Abort-Enter <0>
04:05:02 P ** invalid stream #2 **
04:05:05 S -S- run #1 job 34 Req #218  Running DSK:(MAIL)MAILER.SAV
04:05:12 S -R- run #1 job 34 Done-End <0>
Not Found
04:05:12 P ** invalid stream #2 **
04:05:17 P ** invalid stream #2 **
04:05:23 P ** invalid stream #2 **
04:05:25 P ** invalid stream #2 **
04:05:27 P ** invalid stream #2 **
04:05:31 P ** invalid stream #2 **
04:05:33 P ** invalid stream #2 **
04:05:39 P ** invalid stream #2 **
04:05:42 P ** invalid stream #2 **
04:05:44 P ** invalid stream #2 **
04:05:50 P ** invalid stream #2 **
04:05:52 P ** invalid stream #2 **
04:05:57 P ** invalid stream #2 **
04:06:03 P ** invalid stream #2 **
04:06:09 P ** invalid stream #2 **
04:06:11 P ** invalid stream #2 **
04:06:13 P ** invalid stream #2 **
04:06:19 P ** invalid stream #2 **
04:06:20 P ** invalid stream #2 **
04:06:25 P ** invalid stream #2 **
04:06:30 P ** invalid stream #2 **
04:06:35 P ** invalid stream #2 **
04:06:41 P ** invalid stream #2 **
04:06:44 P ** invalid stream #2 **
04:06:47 P Stream #1 Req #97 * completed *
04:06:48 P ** invalid stream #2 **
04:06:49 S -R- stream #1 Done-End <0>
04:06:53 P ** invalid stream #2 **
04:06:59 P ** invalid stream #2 **
04:07:04 P ** invalid stream #2 **
04:07:10 P ** invalid stream #2 **
04:07:15 P ** invalid stream #2 **
04:07:21 P ** invalid stream #2 **
04:07:26 P ** invalid stream #2 **
04:07:31 P ** invalid stream #2 **
04:07:33 P ** invalid stream #2 **
04:07:39 P ** invalid stream #2 **
04:07:43 P ** invalid stream #2 **
04:07:44 P ** invalid stream #2 **
04:07:49 P ** invalid stream #2 **
04:07:54 P ** invalid stream #2 **
04:08:00 P ** invalid stream #2 **
04:08:05 P ** invalid stream #2 **
04:08:10 P ** invalid stream #2 **
04:08:11 P ** invalid stream #2 **
04:08:12 P ** invalid stream #2 **
04:08:18 P ** invalid stream #2 **
04:08:22 P ** invalid stream #2 **
04:08:27 P ** invalid stream #2 **
04:08:32 P ** invalid stream #2 **
04:08:38 P ** invalid stream #2 **
04:08:43 P ** invalid stream #2 **
04:08:44 P ** invalid stream #2 **
04:08:49 P ** invalid stream #2 **
04:08:53 P ** invalid stream #2 **
04:08:59 P ** invalid stream #2 **
04:09:04 P ** invalid stream #2 **
04:09:05 P ** invalid stream #2 **
04:09:05 P ** invalid stream #2 **
04:09:05 P ** invalid stream #2 **
04:09:08 P ** invalid stream #2 **
04:09:13 P ** invalid stream #2 **
04:09:18 P ** invalid stream #2 **
04:09:23 P ** invalid stream #2 **
04:09:29 P ** invalid stream #2 **
04:09:35 P ** invalid stream #2 **
04:09:35 P ** invalid stream #2 **
04:09:35 P Stream #4 Req #219 * completed *
05:05:04 S -S- run #1 job 20 Req #221  Running DSK:(MAIL)MAILER.SAV
 #2 **
05:05:05 P ** invalid stream #2 **
05:05:08 S -R- run #1 job 20 Done-End <0>
05:57:28 S ** 26-Nov-86 XEXEC %1(176) in frame 4 ** user OPER **
05:57:28 S -R- stream #1 Proc-Run <1>
05:57:28 S -R- stream #3 Proc-Run <1>
05:57:29 S -R- stream #4 Proc-Run <1>
05:57:29 S -S- run #1 job 1 Req #221  Running DSK:(MAIL)MAILER.SAV
05:57:34 S -R- run #1 job 1 Done-End <0>
06:00:04 S -S- stream #1 Req #173 DSK:(OES)PRPOUT.TUE=DSK:(OES)PRPJOB.TUE
06:00:11 P Waiting for interlock
06:00:12 S Given interlock
06:00:12 P Got interlock
06:00:12 P EXECX Job Processor %1(200) starting in frame 6
06:00:13 S Starting job processor in frame 6
06:00:13 P Stream #1 Req #173 DSK:(OES)PRPOUT.TUE=DSK:(OES)PRPJOB.TUE
06:00:14 P Stream #1 Req #173 * aborted - :ERROR in job at line 1 *
06:00:18 S -R- stream #1 Done-Error <0>
06:05:03 S -S- run #1 job 3 Req #222  Running DSK:(MAIL)MAILER.SAV
06:05:06 S -R- run #1 job 3 Done-End <0>
06:13:03 S -S- stream #1 Req #220 DSK:(JMS)FNDBAD.LOG=DSK:(JMS)FNDBAD.CTL
06:13:07 P Stream #1 Req #220 DSK:(JMS)FNDBAD.LOG=DSK:(JMS)FNDBAD.CTL
06:16:16 P Stream #1 Req #220 * completed *
06:16:18 S -R- stream #1 Done-End <0>
06:32:12 P Signing off.
07:05:04 S -S- run #1 job 8 Req #224  Running DSK:(MAIL)MAILER.SAV
07:05:08 S -R- run #1 job 8 Done-End <0>
08:05:04 S -S- run #1 job 8 Req #226  Running DSK:(MAIL)MAILER.SAV
08:05:07 S -R- run #1 job 8 Done-End <0>
09:00:06 S -S- stream #1 Req #208 DSK:(OES)AUDIT.OUT=DSK:(OES)AUDIT.SUB
09:00:15 P Waiting for interlock
09:00:15 S Given interlock
09:00:16 P Got interlock
09:00:17 P EXECX Job Processor %1(200) starting in frame 15
09:00:17 S Starting job processor in frame 15
09:00:21 P Stream #1 Req #208 DSK:(OES)AUDIT.OUT=DSK:(OES)AUDIT.SUB
09:01:07 P Stream #1 Req #208 * aborted - lost command port at line 5 *
09:01:10 S -R- stream #1 Abort-Zap <0>
09:05:04 S -S- run #1 job 17 Req #227  Running DSK:(MAIL)MAILER.SAV
09:05:08 S -R- run #1 job 17 Done-End <0>
09:16:17 P Signing off.
10:05:00 S -S- run #1 job 14 Req #228  Running DSK:(MAIL)MAILER.SAV
10:05:05 S -R- run #1 job 14 Done-End <0>
11:00:02 S -S- stream #1 Req #222 DSK:(NETDB)CLEAN.LST=DSK:(NETDB)CLEAN.PER
11:00:11 P Waiting for interlock
11:00:11 S Given interlock
11:00:12 P Got interlock
11:00:13 P EXECX Job Processor %1(200) starting in frame 14
11:00:13 S Starting job processor in frame 14
11:00:14 P Stream #1 Req #222 DSK:(NETDB)CLEAN.LST=DSK:(NETDB)CLEAN.PER
03:51:22 P Stream #1 Req #230 * aborted - halted by operator at line 0 *
 * aborted - halted by operator at line 0 *
03:51:28 P Stream #1 Req #230 * aborted - halted by operator at line 0 *
03:51:33 P Stream #1 Req #230 * aborted - halted by operator at line 0 *
03:51:39 P Stream #1 Req #230 * aborted - halted by operator at line 0 *
03:51:44 P Stream #1 Req #230 * aborted - halted by operator at line 0 *
03:51:50 P Stream #1 Req #230 * aborted - halted by operator at line 0 *
03:51:55 P Stream #1 Req #230 * aborted - halted by operator at line 0 *
03:52:00 P Stream #1 Req #230 * aborted - halted by operator at line 0 *
03:54:12 S ** 27-Nov-86 XEXEC %1(200) in frame 4 ** user OPER **
03:54:15 P Waiting for interlock
03:54:16 S Given interlock
03:54:17 P Got interlock
03:54:17 P EXECX Job Processor %1(200) starting in frame 7
03:54:17 S Starting job processor in frame 7
03:54:19 S -R- stream #1 Abort-Notice <0>
03:54:20 S -S- run #1 job 19 Req #229  Running DSK:(MAIL)MAILER.SAV
03:54:23 S ** 27-Nov-86 XEXEC %1(200) in frame 4 ** user OPER **
03:54:24 S run #1 job 19 grafted.
03:54:24 S -S- stream #1 Req #231 DSK:(OES)PRPOUT.TUE=DSK:(OES)PRPJOB.TUE
03:54:30 P Stream #1 Req #231 DSK:(OES)PRPOUT.TUE=DSK:(OES)PRPJOB.TUE
03:54:32 P Stream #1 Req #231 * aborted - :STOP at line 15 *
03:54:37 S -R- stream #1 Done-Stop <0>
03:54:42 S run #1 job 19 Uid 620 neq 622 sts=20310400000 que=300000000345
03:54:42 S -R- run #1 job 19 Done-End <0>
04:05:05 S -S- run #1 job 19 Req #232  Running DSK:(MAIL)MAILER.SAV
04:36:56 S ** 27-Nov-86 XEXEC %1(200) in frame 4 ** user OPER **
04:36:56 S -R- run #1 job 19 Proc-Run <1>
04:36:57 S -S- run #1 job 1 Req #232  Running DSK:(MAIL)MAILER.SAV
04:37:01 S -R- run #1 job 1 Done-End <0>
05:05:01 S -S- run #1 job 7 Req #232  Running DSK:(MAIL)MAILER.SAV
05:05:04 S -R- run #1 job 7 Done-End <0>
06:00:01 S -S- stream #1 Req #174 DSK:(OES)PRPOUT.WED=DSK:(OES)PRPJOB.WED
06:00:09 P Waiting for interlock
06:00:10 S Given interlock
06:00:11 P Got interlock
06:00:11 P EXECX Job Processor %1(200) starting in frame 6
06:00:11 S Starting job processor in frame 6
06:00:12 P Stream #1 Req #174 DSK:(OES)PRPOUT.WED=DSK:(OES)PRPJOB.WED
06:00:13 P Stream #1 Req #174 * aborted - :STOP at line 15 *
06:00:18 S -R- stream #1 Done-Stop <0>
06:05:02 S -S- run #1 job 8 Req #233  Running DSK:(MAIL)MAILER.SAV
06:05:04 S -R- run #1 job 8 Done-End <0>
06:13:02 S -S- stream #1 Req #225 DSK:(JMS)FNDBAD.LOG=DSK:(JMS)FNDBAD.CTL
06:13:08 P Stream #1 Req #225 DSK:(JMS)FNDBAD.LOG=DSK:(JMS)FNDBAD.CTL
06:17:25 P Stream #1 Req #225 * completed *
06:33:11 P Signing off.
Done-End <0>
09:00:04 S -S- stream #1 Req #208 DSK:(OES)AUDIT.OUT=DSK:(OES)AUDIT.SUB
09:00:12 P Waiting for interlock
09:00:13 S Given interlock
09:00:13 P Got interlock
09:00:13 P EXECX Job Processor %1(200) starting in frame 8
09:00:14 S Starting job processor in frame 8
09:00:15 P Stream #1 Req #208 DSK:(OES)AUDIT.OUT=DSK:(OES)AUDIT.SUB
10:24:52 P Stream #1 Req #208 * completed *
10:24:56 S -R- stream #1 Done-End <0>
10:40:18 P Signing off.
11:00:01 S -S- stream #1 Req #230 DSK:(NETDB)CLEAN.LST=DSK:(NETDB)CLEAN.PER
11:00:08 P Waiting for interlock
11:00:08 S Given interlock
11:00:09 P Got interlock
11:00:09 P EXECX Job Processor %1(200) starting in frame 7
11:00:09 S Starting job processor in frame 7
11:00:10 P Stream #1 Req #230 DSK:(NETDB)CLEAN.LST=DSK:(NETDB)CLEAN.PER
11:01:16 P Stream #1 Req #230 * completed *
11:01:20 S -R- stream #1 Done-End <0>
11:17:09 P Signing off.
06:00:01 S -S- stream #1 Req #175 DSK:(OES)PRPOUT.THU=DSK:(OES)PRPJOB.THU
06:00:10 P Waiting for interlock
06:00:10 S Given interlock
06:00:11 P Got interlock
06:00:11 P EXECX Job Processor %1(200) starting in frame 6
06:00:11 S Starting job processor in frame 6
06:00:12 P Stream #1 Req #175 DSK:(OES)PRPOUT.THU=DSK:(OES)PRPJOB.THU
06:00:13 P Stream #1 Req #175 * aborted - :STOP at line 15 *
06:00:18 S -R- stream #1 Done-Stop <0>
06:13:03 S -S- stream #1 Req #236 DSK:(JMS)FNDBAD.LOG=DSK:(JMS)FNDBAD.CTL
06:13:09 P Stream #1 Req #236 DSK:(JMS)FNDBAD.LOG=DSK:(JMS)FNDBAD.CTL
06:17:20 P Stream #1 Req #236 * completed *
06:17:21 S -R- stream #1 Done-End <0>
06:33:11 P Signing off.
09:00:03 S -S- stream #1 Req #237 DSK:(OES)AUDIT.OUT=DSK:(OES)AUDIT.SUB
09:00:11 S Given interlock
09:00:12 P Waiting for interlock
09:00:13 P Got interlock
09:00:13 P EXECX Job Processor %1(200) starting in frame 3
09:00:14 S Starting job processor in frame 3
09:00:14 P Stream #1 Req #237 DSK:(OES)AUDIT.OUT=DSK:(OES)AUDIT.SUB
10:02:44 P Stream #1 Req #237 * completed *
10:02:50 S -R- stream #1 Done-End <0>
10:18:13 P Signing off.
11:00:05 S -S- stream #1 Req #238 DSK:(NETDB)CLEAN.LST=DSK:(NETDB)CLEAN.PER
11:00:13 P Waiting for interlock
11:00:13 S Given interlock
11:00:14 P Got interlock
11:00:15 P EXECX Job Processor %1(200) starting in frame 13
11:00:15 S Starting job processor in frame 13
11:00:16 P Stream #1 Req #238 DSK:(NETDB)CLEAN.LST=DSK:(NETDB)CLEAN.PER
11:08:57 P Stream #1 Req #238 * completed *
11:09:01 S -R- stream #1 Done-End <0>
06:13:01 S -S- stream #1 Req #240 DSK:(JMS)FNDBAD.LOG=DSK:(JMS)FNDBAD.CTL
am #1 Req #176 DSK:(OES)PRPOUT.FRI=DSK:(OES)PRPJOB.FRI
06:13:06 P Stream #1 Req #240 DSK:(JMS)FNDBAD.LOG=DSK:(JMS)FNDBAD.CTL
06:16:37 P Stream #1 Req #240 * completed *
06:16:40 S -R- stream #1 Done-End <0>
06:32:15 P Signing off.
09:00:03 S -S- stream #1 Req #241 DSK:(OES)AUDIT.OUT=DSK:(OES)AUDIT.SUB
09:00:11 P Waiting for interlock
09:00:12 S Given interlock
09:00:13 P Got interlock
09:00:13 P EXECX Job Processor %1(200) starting in frame 10
09:00:13 S Starting job processor in frame 10
09:00:15 P Stream #1 Req #241 DSK:(OES)AUDIT.OUT=DSK:(OES)AUDIT.SUB
10:05:10 P Stream #1 Req #241 * completed *
10:05:13 S -R- stream #1 Done-End <0>
10:21:12 P Signing off.
11:00:03 S -S- stream #1 Req #242 DSK:(NETDB)CLEAN.LST=DSK:(NETDB)CLEAN.PER
11:00:10 P Waiting for interlock
11:00:11 S Given interlock
11:00:12 P Got interlock
11:00:12 P EXECX Job Processor %1(200) starting in frame 16
11:00:12 S Starting job processor in frame 16
11:00:13 P Stream #1 Req #242 DSK:(NETDB)CLEAN.LST=DSK:(NETDB)CLEAN.PER
11:01:54 P Stream #1 Req #242 * completed *
11:01:56 S -R- stream #1 Done-End <0>
11:17:14 P Signing off.
06:00:01 S -S- stream #1 Req #177 DSK:(OES)PRPOUT.SAT=DSK:(OES)PRPJOB.SAT
06:00:10 S Given interlock
06:00:10 P Waiting for interlock
06:00:12 P Got interlock
06:00:12 P EXECX Job Processor %1(200) starting in frame 3
06:00:13 S Starting job processor in frame 3
06:00:13 P Stream #1 Req #177 DSK:(OES)PRPOUT.SAT=DSK:(OES)PRPJOB.SAT
06:00:15 P Stream #1 Req #177 * aborted - :STOP at line 15 *
06:00:19 S -R- stream #1 Done-Stop <0>
06:13:04 S -S- stream #1 Req #244 DSK:(JMS)FNDBAD.LOG=DSK:(JMS)FNDBAD.CTL
06:13:08 P Stream #1 Req #244 DSK:(JMS)FNDBAD.LOG=DSK:(JMS)FNDBAD.CTL
06:17:15 P Stream #1 Req #244 * completed *
06:17:18 S -R- stream #1 Done-End <0>
06:33:12 P Signing off.
07:59:53 S Signing off.
11:05:03 S ** 30-Nov-86 XEXEC %1(200) in frame 4 ** user OPER **
11:05:03 S -S- stream #1 Req #245 DSK:(OES)AUDIT.OUT=DSK:(OES)AUDIT.SUB
11:05:11 P Waiting for interlock
11:05:11 S Given interlock
11:05:12 P Got interlock
11:05:12 P EXECX Job Processor %1(200) starting in frame 1
11:05:12 S Starting job processor in frame 1
11:05:13 S -S- stream #2 Req #246 DSK:(NETDB)CLEAN.LST=DSK:(NETDB)CLEAN.PER
11:05:13 P Stream #1 Req #245 DSK:(OES)AUDIT.OUT=DSK:(OES)AUDIT.SUB
11:05:14 P Stream #2 Req #246 DSK:(NETDB)CLEAN.LST=DSK:(NETDB)CLEAN.PER
11:06:59 P Stream #2 Req #246 * completed *
11:07:00 S -R- stream #2 Done-End <0>
11:49:00 P Stream #1 Req #245 * completed *
12:04:13 P Signing off.
Done-End <0>
06:00:01 S -S- stream #1 Req #171 DSK:(OES)PRPOUT.SUN=DSK:(OES)PRPJOB.SUN
06:00:10 P Waiting for interlock
06:00:10 S Given interlock
06:00:11 P Got interlock
06:00:11 P EXECX Job Processor %1(200) starting in frame 5
06:00:11 S Starting job processor in frame 5
06:00:12 P Stream #1 Req #171 DSK:(OES)PRPOUT.SUN=DSK:(OES)PRPJOB.SUN
06:00:14 P Stream #1 Req #171 * aborted - :STOP at line 15 *
06:00:18 S -R- stream #1 Done-Stop <0>
06:13:02 S -S- stream #1 Req #248 DSK:(JMS)FNDBAD.LOG=DSK:(JMS)FNDBAD.CTL
06:13:08 P Stream #1 Req #248 DSK:(JMS)FNDBAD.LOG=DSK:(JMS)FNDBAD.CTL
06:17:12 P Stream #1 Req #248 * completed *
06:17:16 S -R- stream #1 Done-End <0>
06:33:11 P Signing off.
09:00:02 S -S- stream #1 Req #250 DSK:(OES)AUDIT.OUT=DSK:(OES)AUDIT.SUB
09:00:09 P Waiting for interlock
09:00:10 S Given interlock
09:00:11 P Got interlock
09:00:11 P EXECX Job Processor %1(200) starting in frame 8
09:00:11 S Starting job processor in frame 8
09:00:12 P Stream #1 Req #250 DSK:(OES)AUDIT.OUT=DSK:(OES)AUDIT.SUB
10:21:09 P Stream #1 Req #250 * completed *
10:21:12 S -R- stream #1 Done-End <0>
10:37:11 P Signing off.
11:00:01 S -S- stream #1 Req #249 DSK:(NETDB)CLEAN.LST=DSK:(NETDB)CLEAN.PER
11:00:08 P Waiting for interlock
11:00:09 S Given interlock
11:00:09 P Got interlock
11:00:09 P EXECX Job Processor %1(200) starting in frame 14
11:00:10 S Starting job processor in frame 14
11:00:10 P Stream #1 Req #249 DSK:(NETDB)CLEAN.LST=DSK:(NETDB)CLEAN.PER
11:01:45 P Stream #1 Req #249 * completed *
11:01:46 S -R- stream #1 Done-End <0>
11:17:09 P Signing off.
15:44:02 S -S- stream #1 Req #255 DSK:(DONAHUE)LOG.MON=DSK:(DONAHUE)MAIL.MON
15:44:09 P Waiting for interlock
15:44:09 S Given interlock
15:44:10 P Got interlock
15:44:10 P EXECX Job Processor %1(200) starting in frame 26
15:44:10 S Starting job processor in frame 26
15:44:11 P Stream #1 Req #255 DSK:(DONAHUE)LOG.MON=DSK:(DONAHUE)MAIL.MON
16:30:01 S -S- stream #2 Req #258 DSK:(OES)PRPOUT.SUN=DSK:(OES)PRPJOB.SUN
16:30:07 P Stream #2 Req #258 DSK:(OES)PRPOUT.SUN=DSK:(OES)PRPJOB.SUN
16:30:08 P Stream #2 Req #258 * aborted - :STOP at line 17 *
16:30:11 S -R- stream #2 Done-Stop <0>
16:45:00 S -S- stream #2 Req #259 DSK:(OES)PRPOUT.SUN=DSK:(OES)PRPJOB.SUN
16:45:06 P Stream #2 Req #259 DSK:(OES)PRPOUT.SUN=DSK:(OES)PRPJOB.SUN
16:45:10 P Stream #2 Req #259 * aborted - :STOP at line 32 *
16:45:16 S -R- stream #2 Done-Stop <0>
16:55:00 S -S- stream #2 Req #260 DSK:(OES)PRPOUT.SUN=DSK:(OES)PRPJOB.SUN
16:55:37 P Stream #2 Req #260 * completed *
.SUN=DSK:(OES)PRPJOB.SUN
16:55:41 S -R- stream #2 Done-End <0>
01:45:11 P Stream #1 Req #255 * aborted - time limit exceeded at line 3 *
01:45:12 S -R- stream #1 Abort-Time <0>
02:01:12 P Signing off.
06:00:04 S -S- stream #1 Req #209 DSK:(OES)PRPMON.OUT=DSK:(OES)PRPJOB.MON
06:00:12 P Waiting for interlock
06:00:12 S Given interlock
06:00:13 P Got interlock
06:00:13 P EXECX Job Processor %1(200) starting in frame 8
06:00:13 S Starting job processor in frame 8
06:00:15 P Stream #1 Req #209 DSK:(OES)PRPMON.OUT=DSK:(OES)PRPJOB.MON
06:00:19 P Stream #1 Req #209 * aborted - :ERROR in job at line 15 *
06:00:25 S -R- stream #1 Done-Error <0>
06:13:04 S -S- stream #1 Req #252 DSK:(JMS)FNDBAD.LOG=DSK:(JMS)FNDBAD.CTL
06:13:10 P Stream #1 Req #252 DSK:(JMS)FNDBAD.LOG=DSK:(JMS)FNDBAD.CTL
06:17:30 P Stream #1 Req #252 * completed *
06:17:33 S -R- stream #1 Done-End <0>
06:33:13 P Signing off.
09:00:05 S -S- stream #1 Req #253 DSK:(OES)AUDIT.OUT=DSK:(OES)AUDIT.SUB
09:00:14 P Waiting for interlock
09:00:14 S Given interlock
09:00:15 P Got interlock
09:00:15 P EXECX Job Processor %1(200) starting in frame 9
09:00:16 S Starting job processor in frame 9
09:00:17 P Stream #1 Req #253 DSK:(OES)AUDIT.OUT=DSK:(OES)AUDIT.SUB
10:35:06 P Stream #1 Req #253 * completed *
10:35:09 S -R- stream #1 Done-End <0>
10:50:21 P Signing off.
11:00:03 S -S- stream #1 Req #254 DSK:(NETDB)CLEAN.LST=DSK:(NETDB)CLEAN.PER
11:00:11 P Waiting for interlock
11:00:12 S Given interlock
11:00:13 P Got interlock
11:00:13 P EXECX Job Processor %1(200) starting in frame 9
11:00:13 S Starting job processor in frame 9
11:00:14 P Stream #1 Req #254 DSK:(NETDB)CLEAN.LST=DSK:(NETDB)CLEAN.PER
11:01:43 P Stream #1 Req #254 * completed *
11:01:47 S -R- stream #1 Done-End <0>
11:17:14 P Signing off.
15:55:04 S -S- stream #1 Req #265 DSK:(OES)PRPOUT.MON=DSK:(OES)PRPJOB.MON
15:55:11 P Waiting for interlock
15:55:12 S Given interlock
15:55:13 P Got interlock
15:55:13 P EXECX Job Processor %1(200) starting in frame 12
15:55:13 S Starting job processor in frame 12
15:55:14 P Stream #1 Req #265 DSK:(OES)PRPOUT.MON=DSK:(OES)PRPJOB.MON
15:55:19 P Stream #1 Req #265 * aborted - :ERROR in job at line 15 *
15:55:25 S -R- stream #1 Done-Error <0>
16:11:13 P Signing off.
06:00:03 S -S- stream #1 Req #268 DSK:(OES)PRPOUT.TUE=DSK:(OES)PRPJOB.TUE
06:00:10 P Waiting for interlock
06:00:11 S Given interlock
06:00:12 P Got interlock
06:00:12 S Starting job processor in frame 5
06:01:22 P Stream #1 Req #268 * completed *
.TUE=DSK:(OES)PRPJOB.TUE
06:01:23 S -R- stream #1 Done-End <0>
06:13:05 S -S- stream #1 Req #262 DSK:(JMS)FNDBAD.LOG=DSK:(JMS)FNDBAD.CTL
06:13:10 P Stream #1 Req #262 DSK:(JMS)FNDBAD.LOG=DSK:(JMS)FNDBAD.CTL
06:17:07 P Stream #1 Req #262 * completed *
06:17:08 S -R- stream #1 Done-End <0>
06:32:12 P Signing off.
11:00:05 S -S- stream #1 Req #264 DSK:(NETDB)CLEAN.LST=DSK:(NETDB)CLEAN.PER
11:00:13 P Waiting for interlock
11:00:14 S Given interlock
11:00:15 P Got interlock
11:00:15 S Starting job processor in frame 11
11:00:15 P EXECX Job Processor %1(200) starting in frame 11
11:00:17 P Stream #1 Req #264 DSK:(NETDB)CLEAN.LST=DSK:(NETDB)CLEAN.PER
11:02:02 P Stream #1 Req #264 * completed *
11:02:08 S -R- stream #1 Done-End <0>
11:17:17 P Signing off.
   Soš