
Mr. & Mrs. Bill Alaimo**
Miss Gretchen Threadgill
6185 Camino Verde, Apt. R-9
San Jose, CA 95119

The Alexander Family **
7 East Wyoming Ave.
Melrose, Massachusetts 02176

Ms Marilyn Algere
650 E. 37th St., #6
Richmond, CA 94804

Ms Karen Allcox
2082 Roaring Camp Drive
Gold River, CA 95670-7635

Mr. Tommy Andrew   *
6282 Zulmida Avenue
Fremont, CA 94560

Mr. & Mrs. John Austin*
7607 Carlow Way
Dublin, CA 94568

Mr. & Mrs. Anthony Baltrunas***
1112 Quantril Way
Baltimore, MD 21205

Mr. George Baltrunas *
951 E. 10th St., #27
Tucson, AZ 85719

Mr & Mrs Michael Baltrunas
2602 Frederick Avenue   - divorcing (?) no longer there
Baltimore, MD 21223-2806

Mr. & Mrs. Paul Baltrunas***
342 East Belvedere Ave.
Baltimore, MD 21212

Mr. Stuart Barkley
2908 Newcastle Ave.
Silver Spring, MD 20910

Vivian & Ray Bock***
P. O. Box 5324
Carmel, CA 93921

Mr. & Mrs. Steve Boeck
1312 Biddle Court
Catonsville, MD 21228

Mr. & Mrs. Michael Bott***
489 Alexander Way
Milpitas, CA 95035

Mr. & Mrs. Laurie Boudreau
Wedgeport, Yarmouth Co.
Nova Scotia, Canada BOW5PO

Mr. Patrick Boudreau
V.P. Personnel
Trilogy Systems
10500 Ridgewood Court
Cupertino, CA 95014

Mr. & Mrs. Peter Bourque***
77 Sharon Road
Salem, N.H. 03079

Mrs. Jo Brescia***
1200 Salem St.
Malden, MA 02148

Mr. George Brizicky
15 Dartmouth Street, #2
Waltham, MA 02154

Mr. & Mrs. Bruce Burke
208 Laurel Street
Melrose, Massachusetts 02176

Bernadette & Joseph Burke***
8 Wilbur Ave.
Saugus, MA 01906

Ms. Cynthia Burke
65 Pleasant Street
Wakefield, MA  01880

Mr. & Mrs. John L. Burke***
Box 104
Tusket, Yarmouth Co.
Nova Scotia, Canada B0W3M0

Mr. & Mrs. Matthew Carino *
26 Bayberry Road
Abington. MA 02351

Brother George J. Carlonas **
Maryknoll Fathers
Maryknoll, N.Y. 10545

Miss Irene Carlonas
1130 Blair Avenue
Scranton, PA 18519

Mr & Mrs Walter Carlonas
R. 1220 Diamond Avenue
Scranton, PA 18508

Mrs. Betty Chalmers
P.O.Box 224
East Boston, MA 02128

Ms. Diane Chambers
4819 Clayton Rd., #7
Concord, CA 94521

Mr. & Mrs. Gary Chappell
571 Cascade Road
San Leandro, CA 94401

Eric Chevlen**
700 West Parr Ave.
Los Gatos, CA 95030

Arleen & Charles Clafford **
990 Rosedale Lane
Hoffman Estates, IL 60195-2620

Mr. & Mrs. Dennis Coffey
3577 Columbine Drive
San Jose, CA 95127

Mrs. Jill Conway
11140 Santa Theresa
Cupertino, CA 95014

Ms. Deborah Cottreau
120 Christie St.
Toronto, Ontario
Canada M6G 3B2


Mr. & Mrs. Walter Cottreau *
RR1 Arcadia
Box 3460
Plymouth Yarmouth County
Nova Scotia Canada B0W 1B0

Mr. Tim Cronin
2332 Potrero Ct.
Pinole, CA 94564-1826

Mrs. Charlie Crutchfield
382 Harris Road, #4
Hayward, CA 94544

Mr. & Mrs. Edward Cullen***
1857 St. Andrews Place
San Jose, CA 95132

Mr. & Mrs. George Curreia
1522 Piedia		DIVORCED
Walnut Creek, CA 94596

Ken Dawson & Chia Woo* *
834 Milo Court
San Jose, CA 95153

Diana & Danny Dechichio***
3 Canavan Drive
Randolph, MA 02368

Mr. & Mrs. Eugene DeCroteau
14 Rowe St.
Melrose, MA 02176

Ms Angela DeSouza
102 Princeton Arms
Cranbury, NJ 08512

Suzanne & Alain Deveau
RR #1 Arcadia
Box 4017
Yarmouth Co., Nova Scotia
Canada B0W 1B0
902-663-4595

Mr. & Mrs Robert Dinwoodie   *
RFD #3
91 Elm Street
Goffstown, N.H. 03045

Mrs. Ann Donnelly **
5832 Falon Way
San Jose, CA 95123

Mrs. Cathy Doucette Bourgeois

Mrs. Louise Doucette
RR1 
Weymouth, Digby County
Nova Scotia, Canada B0W 3T0

The Drinkwater Family***
131 Upham Street
Melrose, MA 02176

Mr. & Mrs. Michael Dunning
514 Harwood Ave.
Baltimore, MD 21212

Mrs. Janet Dustin
1055 30th Ave
Santa Cruz, CA 95062

The Dyson Family
530 Yurok Circle
San Jose, CA 95123

Ms. Anna Engs**
3657 Independence
Fremont, CA 94538

Mr. & Mrs. Dennis Ernst***
1254 Avis
San Jose, CA 95126

Judy & Ron Fraga
9324 N. Gazelle Place
Tucson, AZ 85741

Mr. Mike Friedland***
85 Richmond Street
Dorchester, MA 02124

Mr. Fred Gilson *
204 Bungalow Ave.
San Rafael, CA 94901

Mr. & Mrs. Richard Gramling
RFD #3				RETURNED; INSUFFICIENT ADDRESS
Brattleboro, VT 05301

Mr. & Mrs. Tony Graziano
2 Nixon Park
Portsmouth, N.H. 03801

Mr. & Mrs. Osman Guven
10336 Singleton Road
San Jose, CA 95111

Mr. Este Hada
1429 23rd Ave.
San Francisco, CA 94122

Mr. Mike Hanson
814 Carter Acres Lane
Martinez, CA 94553

Terry & Gary Harrington
16 Furness Circle
Wakefield, MA 01880

Karen & Jack Holmes***
1740 Kennedy Drive
Milpitas, CA 95035

Mr. & Mrs. Robert Hurley * 
7 Sycamore Road
Wakefield, MA 01880

Florence & Ian Humphries*
1637 Bittern Drive
Sunnyvale, CA 94087

Gloria & Victor Iglesias   *
1200 Pembroke Lane
Newport Beach, CA 92660

Beth & Buddy Ingeneri***
15 Dorchester Way
Nashua, N.H. 03060

Paul & Betsy Ingeneri   *
9200 49th St. North
Pinellas Park, FL 33565

Mr. & Mrs. Peter Ingeneri **
4 Kennedy Circle
Wakefield, MA 01880

The Jeffery Family
640 Tabor Drive
Scotts Valley, CA 95066

Mr. Ed Keller
6605 Rancho Adobe Drive
Sacramento, CA 95828-1406

Mr. & Mrs.Frank Kirk
2612 Hastings Drive
Belmont, CA 94002

Andrea Landry

Mr. & Mrs. Chet Lebida
836 Lincoln Street
Dickson City, PA 18519

Dot & Jimmie LeBlanc
37 Ruggles St.
Quincy, MA 02169

Mr. & Mrs. Melvin LeBlanc
286 Princeton St.
East Boston, MA 02128

Evelyn & Freddie LeBlanc
133 Fairmount Ave.
Saugus, MA 01906

Ms. Lois LeBlanc
286 Princeton St.
East Boston, MA 02128

Lorriane & Vernon LeBlanc **
44 Liberty Ave.
Somerville, MA 02143

Mary & Donald LeBlanc
65 Pleasant St.
Wakefield, MA 01880

Lois & Jack Lindley***
Star Route, Box 157
Redwood City, CA 94062

Mrs. Pat Lombard
Mr. Ed Mulrean
24709 Tandem Drive
Damascus, Maryland 20820

Queenie & Leo Lozado
41 Etna Court
San Ramon, CA 94583

Mrs. Dorothy Lozzi*
55 Hudson Road
Sudbury, MA 01776

The Lyons Family
323 Upham St.
Melrose, MA 02176

Melinda & Greg Lyons
SIL Session III
P.O.Box 1649
Uvalde, TX 78802-1649

4/1-5/15 - c/o Mrs. Birnbaum
3328 Stonybrae Drive
Falls Church, VA 22044

Financial - Wycliffe Bible Translators
Huntington Beach, CA 92647

Mr. Terry Lyons***
1120 Seminary
Oakland, CA 94621

Meryl & Bruce McGuy
170 Acalanes, Apt. A
Sunnyvale, CA 94086

Bob Marcil
117-3 Roxane Court	MOVED; NOT FORWARDABLE
Walnut Creek, CA 94596

The Marinelli Family***
72 Boardman Ave.
Melrose, MA 02176

Mr. & Mrs. Tony Marinelli***
87 East Emerson St.
Melrose, MA 02176

Mr. & Mrs. Joseph Marinelli***
1018 Chandler St.
Tewksbury, MA 01876

Mr. & Mrs. Severino Marinelli***
324 Upham Street
Melrose, MA 02176

The Marten Family
139 Belcrest Drive
Los Gatos, CA 95030

Jacqueline & Paul Mastrangeli
32 Groff Street - MOVED - LEFT NO ADDRESS
Concord, NC 28025

Wayne Melton & David Perez
507 Alexander Way
Milpitas, CA 95035

Mr. & Mrs. Marvin Mendonca *
     Abbott St.
Milpitas, CA 95035

Naomi & Franklyn Morris***
430 S. Bentalou St.
Baltimore, MD 21223

Mrs. Gladys Moss***
22 Sycamore Road
Melrose, Mass 02176

Debbie Nagle & Steve Tanner**



Mr. & Mrs. Francis Nagle
12 Cooper St.
Wakefield, MA 01880

Frieda Nathan

Santa Clara, CA 95051

Ms. Adele Newman **
100 El Camino Real West, #54
Mountian View, CA 94040

Mr. & Mrs. M.F.Okey, Jr.   *
223 Mountain View Avenue
San Jose, CA 95127

Ms. Valerie Osborne
1038 2nd St., #25 - UNABLE TO FORWARD
Lafayette, CA 9454

Mr. & Mrs. Blynn Paine**
2203 Tamie Lane
San Jose, CA 95130

Ms. Wendy Patrick
1851 Clarke Ave., #20
Palo Alto, CA 94303

The Prior Family
23 Casino Drive
Saratoga Springs, N.Y.

Mr. Jim Pritchard
25658 Camino Vista
Hayward, CA 94544 (?)

Mr. & Mrs. Robert Ravallo
Vista Terrace
Lake Mahapac, New York

Diane & Will Reichardt
197 Spinnaker Way UNABLE TO FORWARD
Pittsburg, CA 94565

Mrs. Amelia Reid
489 Halsey Ave.
San Jose, CA 95128

Karen & Joe Reives **
504 Orkney Road
Baltimore, MD 21212

Mrs. Bartus A. Rotan***
6 Sanford Avenue
Catonsville, MD 21228

Ms. Cindi Sanchez
173 Laurel Drive
Boulder Creek, CA 95062

Czarina & Belson Sanchez
P.O.Box 1665
Garden Grove, CA 92640

Carolyn Santorsola
20 Bellevue Ave.   - MOVED TO TEWKSBURY
Melrose, Mass. 02176

Miss Mary Ann Schneider***
840 Hobson St.
Union, N.J. 07083

Sally & Joe Smith***
38725 Lexington St., #247
Fremont, CA 94536

Michael & Peggy Tamres   *
214 Rodrigues Avenue
Milpitas, CA 95035

Francie & Charlie Tomacci***
45 Provo Lane
Danville, CA 94526

Mr. Tom Tomasello
2448 Boxwood Drive
San Jose, CA 95128

Mr. Bill Trautman
Ms. Thoi Tilley
915 Big Bear Court
Milpitas, CA 95035

Ellen & Stephen Travers
86 Beaver Road
Reading, MA 01867

Mr. & Mrs. Joseph Travers **
20 Thurston St.
East Boston, Mass. 02128

Linda & Larry Walton***
2302 Cherrystone
San Jose, CA 95128

Mary & Jack Westergren***
1140 Waterton Lane
San Jose, CA 95131

Diana & Steve Wright***
1254 N. Westervelt Ave.
Tucson, AZ 85710

JoAnne & Charlie Wright **
1104 Quantril Way
Baltimore, MD 21205




















 