27sep93 18:12:34 #7 (TYMNET) LOGIN  -11772-  :0 TID=AUX
27sep93 18:12:35 #7 (TYMNET) RUN (TYMNET)INIT
27sep93 18:12:35 #7 (TYMNET) PUTLSA (TYMNET)TBA.SV LIC=0,,0
27sep93 18:12:35 #7 (TYMNET) NEXIT (TYMNET)INIT
27sep93 18:12:35 #7 (TYMNET) RUN (SYS)COM
27sep93 18:12:35 #7 (TYMNET) EXIT (SYS)COM
27sep93 18:12:35 #7 (TYMNET) RUN (SYS)OPER
27sep93 18:12:35 #7 (TYMNET) RUNLIC 775717,,0
27sep93 18:12:43 #7 (TYMNET) TATTLE OPER CODEGEN 775617 (0) bad name
27sep93 18:12:43 #7 (TYMNET) NEXIT (SYS)OPER
27sep93 18:12:48 #7 (TYMNET) RUN (SYS)SYSTAT
27sep93 18:12:48 #7 (TYMNET) RUNLIC 402000,,0
27sep93 18:12:48 #7 (TYMNET) SETNAM WHO
27sep93 18:13:08 #7 (TYMNET) RUN (BILLING10)A
27sep93 18:13:08 #7 (TYMNET) RUNLIC 2010,,0
27sep93 18:13:34 #7 (TYMNET) NEXIT (BILLING10)A
27sep93 18:13:44 #7 (TYMNET) RUN (SYS)NONAME
27sep93 18:13:44 #7 (TYMNET) RUNLIC 102010,,0
27sep93 18:14:27 #7 (TYMNET) NEXIT (SYS)NONAME
27sep93 18:14:27 #7 (TYMNET) RUN (SYS)RPG
27sep93 18:14:27 #7 (TYMNET) RUNLIC 2000,,0
27sep93 18:14:28 #7 (TYMNET) RUN (SYS)DIRIT
27sep93 18:14:44 #7 (TYMNET) NEXIT (SYS)DIRIT
27sep93 18:15:05 #7 (TYMNET) RUN (SYS)RPG
27sep93 18:15:05 #7 (TYMNET) RUNLIC 2000,,0
27sep93 18:15:05 #7 (TYMNET) RUN (SYS)LISTER
27sep93 18:15:05 #7 (TYMNET) RUNLIC 12,,0
27sep93 18:15:48 #7 (TYMNET) NEXIT (SYS)LISTER
27sep93 18:18:03 #7 (TYMNET) RUN (SYS)RPG
27sep93 18:18:03 #7 (TYMNET) RUNLIC 2000,,0
27sep93 18:18:03 #7 (TYMNET) RUN (SYS)LISTER
27sep93 18:18:03 #7 (TYMNET) RUNLIC 12,,0
27sep93 18:18:03 #7 (TYMNET) NEXIT (SYS)LISTER
27sep93 18:18:24 #7 (TYMNET) RUN (SYS)COM
27sep93 18:19:29 #7 (TYMNET) RUN (SYS)LOGOUT
27sep93 18:19:29 #7 (TYMNET) RUNLIC 547000,,0
27sep93 18:19:29 #7 (TYMNET) LOGOUT TRUs = 65.8
27sep93 19:33:33 #14 (SSVALSUP) LOGIN  -11772-  :0 TID=AUX
27sep93 19:33:34 #14 (SSVALSUP) RUN (SSVALSUP)INIT
27sep93 19:33:39 #14 (SSVALSUP) RUN (SYS)SYSTAT
27sep93 19:33:39 #14 (SSVALSUP) RUNLIC 402000,,0
27sep93 19:33:39 #14 (SSVALSUP) SETNAM WHO
27sep93 19:33:46 #14 (SSVALSUP) RUN (SYS)RPG
27sep93 19:33:46 #14 (SSVALSUP) RUNLIC 2000,,0
27sep93 19:33:47 #14 (SSVALSUP) RUN (SYS)DIRIT
27sep93 19:33:55 #14 (SSVALSUP) NEXIT (SYS)DIRIT
27sep93 19:34:37 #14 (SSVALSUP) RUN (SYS)LOGOUT
27sep93 19:34:37 #14 (SSVALSUP) RUNLIC 547000,,0
27sep93 19:34:37 #14 (SSVALSUP) LOGOUT TRUs = 18.4
27sep93 23:42:44 #10 (TYMNET) LOGIN  -11772-  :0 TID=AUX
27sep93 23:42:45 #10 (TYMNET) RUN (TYMNET)INIT
27sep93 23:42:45 #10 (TYMNET) PUTLSA (TYMNET)TBA.SV LIC=0,,0
27sep93 23:42:45 #10 (TYMNET) NEXIT (TYMNET)INIT
27sep93 23:42:45 #10 (TYMNET) RUN (SYS)COM
27sep93 23:42:45 #10 (TYMNET) EXIT (SYS)COM
27sep93 23:42:45 #10 (TYMNET) RUN (SYS)OPER
27sep93 23:42:45 #10 (TYMNET) RUNLIC 775717,,0
27sep93 23:42:56 #10 (TYMNET) TATTLE OPER CODEGEN 775617 (0) bad name
27sep93 23:42:56 #10 (TYMNET) NEXIT (SYS)OPER
27sep93 23:43:05 #10 (TYMNET) RUN (SYS)RPG
27sep93 23:43:05 #10 (TYMNET) RUNLIC 2000,,0
27sep93 23:43:06 #10 (TYMNET) RUN (SYS)DIRIT
27sep93 23:43:33 #10 (TYMNET) RUN (SYS)LOGOUT
27sep93 23:43:33 #10 (TYMNET) RUNLIC 547000,,0
27sep93 23:43:33 #10 (TYMNET) LOGOUT TRUs = 14.2
28sep93 16:30:58 #9 (SSVALSUP) LOGIN  -11772-  :0 TID=AUX
28sep93 16:30:59 #9 (SSVALSUP) RUN (SSVALSUP)INIT
28sep93 16:31:15 #9 (SSVALSUP) RUN (SYS)NONAME
28sep93 16:31:15 #9 (SSVALSUP) RUNLIC 102010,,0
28sep93 16:31:34 #9 (SSVALSUP) NEXIT (SYS)NONAME
28sep93 16:31:35 #9 (SSVALSUP) RUN (SYS)RPG
28sep93 16:31:35 #9 (SSVALSUP) RUNLIC 2000,,0
28sep93 16:31:35 #9 (SSVALSUP) RUN (SYS)DIRIT
28sep93 16:31:44 #9 (SSVALSUP) NEXIT (SYS)DIRIT
28sep93 16:31:55 #9 (SSVALSUP) RUN (SYS)RPG
28sep93 16:31:55 #9 (SSVALSUP) RUNLIC 2000,,0
28sep93 16:31:55 #9 (SSVALSUP) RUN (SYS)LISTER
28sep93 16:31:55 #9 (SSVALSUP) RUNLIC 12,,0
28sep93 16:31:56 #9 (SSVALSUP) NEXIT (SYS)LISTER
28sep93 16:32:21 #9 (SSVALSUP) RUN (SYS)RPG
28sep93 16:32:21 #9 (SSVALSUP) RUNLIC 2000,,0
28sep93 16:32:21 #9 (SSVALSUP) RUN (SYS)DIRIT
28sep93 16:32:21 #9 (SSVALSUP) NEXIT (SYS)DIRIT
28sep93 16:32:32 #9 (SSVALSUP) RUN (SYS)RPG
28sep93 16:32:32 #9 (SSVALSUP) RUNLIC 2000,,0
28sep93 16:32:33 #9 (SSVALSUP) RUN (SYS)LISTER
28sep93 16:32:33 #9 (SSVALSUP) RUNLIC 12,,0
28sep93 16:32:33 #9 (SSVALSUP) NEXIT (SYS)LISTER
28sep93 16:32:47 #9 (SSVALSUP) RUN (SYS)RPG
28sep93 16:32:47 #9 (SSVALSUP) RUNLIC 2000,,0
28sep93 16:32:48 #9 (SSVALSUP) RUN (SYS)LOADER
28sep93 16:32:53 #9 (SSVALSUP) SETNAM USRVAL
28sep93 16:33:18 #9 (SSVALSUP) RUN (SYS)RPG
28sep93 16:33:18 #9 (SSVALSUP) RUNLIC 2000,,0
28sep93 16:33:18 #9 (SSVALSUP) RUN (SYS)DIRIT
28sep93 16:33:18 #9 (SSVALSUP) NEXIT (SYS)DIRIT
28sep93 16:33:46 #9 (SSVALSUP) RUN (SYS)RPG
28sep93 16:33:46 #9 (SSVALSUP) RUNLIC 2000,,0
28sep93 16:33:46 #9 (SSVALSUP) RUN (SYS)DIRIT
28sep93 16:33:46 #9 (SSVALSUP) NEXIT (SYS)DIRIT
28sep93 16:34:06 #9 (SSVALSUP) RUN (SYS)SYSTAT
28sep93 16:34:06 #9 (SSVALSUP) RUNLIC 402000,,0
28sep93 16:34:06 #9 (SSVALSUP) SETNAM WHO
28sep93 16:34:43 #9 (SSVALSUP) RUN (SYS)RPG
28sep93 16:34:43 #9 (SSVALSUP) RUNLIC 2000,,0
28sep93 16:34:43 #9 (SSVALSUP) RUN (SYS)DIRIT
28sep93 16:34:43 #9 (SSVALSUP) NEXIT (SYS)DIRIT
28sep93 16:34:54 #9 (SSVALSUP) RUN (SYS)RPG
28sep93 16:34:54 #9 (SSVALSUP) RUNLIC 2000,,0
28sep93 16:34:54 #9 (SSVALSUP) RUN (SYS)DIRIT
28sep93 16:34:54 #9 (SSVALSUP) NEXIT (SYS)DIRIT
28sep93 16:35:14 #9 (SSVALSUP) RUN (SYS)LOGOUT
28sep93 16:35:14 #9 (SSVALSUP) RUNLIC 547000,,0
28sep93 16:35:15 #9 (SSVALSUP) LOGOUT TRUs = 129.6
28sep93 17:40:31 #12 (SSVALSUP) LOGIN  -02626-  :0 TID='20
28sep93 17:40:31 #12 (SSVALSUP) RUN (SSVALSUP)INIT
28sep93 17:40:36 #12 (SSVALSUP) RUN (SYS)GETMUD
28sep93 17:40:36 #12 (SSVALSUP) RUNLIC 412,,0
28sep93 17:40:37 #12 (SSVALSUP) CREAUX NCUD1 port=170
28sep93 17:44:43 #12 (SSVALSUP) RUN (SYS)LOGOUT
28sep93 17:44:43 #12 (SSVALSUP) RUNLIC 547000,,0
28sep93 17:44:43 #12 (SSVALSUP) LOGOUT TRUs = 32.5
28sep93 23:26:36 #7 (SSVALSUP) LOGIN  -02626-  :0 TID='20
28sep93 23:26:37 #7 (SSVALSUP) RUN (SSVALSUP)INIT
28sep93 23:26:57 #7 (SSVALSUP) RUN (SYS)RPG
28sep93 23:26:57 #7 (SSVALSUP) RUNLIC 2000,,0
28sep93 23:26:57 #7 (SSVALSUP) RUN (SYS)DIRIT
28sep93 23:26:57 #7 (SSVALSUP) NEXIT (SYS)DIRIT
28sep93 23:27:04 #7 (SSVALSUP) RUN (SYS)GETMUD
28sep93 23:27:04 #7 (SSVALSUP) RUNLIC 412,,0
28sep93 23:27:05 #7 (SSVALSUP) CREAUX NCUD1 port=176
28sep93 23:33:29 #7 (SSVALSUP) CREAUX CUD10:34 port=174
28sep93 23:35:42 #7 (SSVALSUP) RUN (SYS)LOGOUT
28sep93 23:35:42 #7 (SSVALSUP) RUNLIC 547000,,0
28sep93 23:35:43 #7 (SSVALSUP) LOGOUT TRUs = 49.0
28sep93 23:36:05 #7 (SSVALSUP) LOGIN  -02626-  :0 TID='20
28sep93 23:36:06 #7 (SSVALSUP) RUN (SSVALSUP)INIT
28sep93 23:36:10 #7 (SSVALSUP) RUN (SYS)SYSTAT
28sep93 23:36:10 #7 (SSVALSUP) RUNLIC 402000,,0
28sep93 23:36:11 #7 (SSVALSUP) SETNAM WHO
28sep93 23:36:24 #7 (SSVALSUP) RUN (SYS)GETMUD
28sep93 23:36:24 #7 (SSVALSUP) RUNLIC 412,,0
28sep93 23:36:25 #7 (SSVALSUP) CREAUX NCUD1 port=177
28sep93 23:37:28 #7 (SSVALSUP) CREAUX CUD10:34 port=176
28sep93 23:51:01 #7 (SSVALSUP) RUN (SYS)LOGOUT
28sep93 23:51:01 #7 (SSVALSUP) RUNLIC 547000,,0
28sep93 23:51:02 #7 (SSVALSUP) LOGOUT TRUs = 55.8
28sep93 23:53:01 #7 (SSVALSUP) LOGIN  -02626-  :0 TID='20
28sep93 23:53:01 #7 (SSVALSUP) RUN (SSVALSUP)INIT
28sep93 23:53:06 #7 (SSVALSUP) RUN (SYS)SYSTAT
28sep93 23:53:06 #7 (SSVALSUP) RUNLIC 402000,,0
28sep93 23:53:06 #7 (SSVALSUP) SETNAM WHO
28sep93 23:53:25 #7 (SSVALSUP) RUN (SYS)GETMUD
28sep93 23:53:25 #7 (SSVALSUP) RUNLIC 412,,0
28sep93 23:53:26 #7 (SSVALSUP) CREAUX NCUD1 port=176
28sep93 23:55:36 #7 (SSVALSUP) NEXIT (SYS)GETMUD
28sep93 23:55:43 #7 (SSVALSUP) RUN (SYS)LOGOUT
28sep93 23:55:43 #7 (SSVALSUP) RUNLIC 547000,,0
28sep93 23:55:43 #7 (SSVALSUP) LOGOUT TRUs = 19.3
29sep93  0:08:05 #7 (SSVALSUP) LOGIN  -02626-  :0 TID='20
29sep93  0:08:05 #7 (SSVALSUP) RUN (SSVALSUP)INIT
29sep93  0:08:08 #7 (SSVALSUP) RUN (SYS)SYSTAT
29sep93  0:08:08 #7 (SSVALSUP) RUNLIC 402000,,0
29sep93  0:08:08 #7 (SSVALSUP) SETNAM WHO
29sep93  0:08:18 #7 (SSVALSUP) RUN (SYS)RPG
29sep93  0:08:18 #7 (SSVALSUP) RUNLIC 2000,,0
29sep93  0:08:18 #7 (SSVALSUP) RUN (SYS)DIRIT
29sep93  0:08:31 #7 (SSVALSUP) RUN (SYS)RPG
29sep93  0:08:31 #7 (SSVALSUP) RUNLIC 2000,,0
29sep93  0:08:31 #7 (SSVALSUP) RUN (SYS)DIRIT
29sep93  0:08:31 #7 (SSVALSUP) NEXIT (SYS)DIRIT
29sep93  0:09:01 #7 (SSVALSUP) RUN (SSVALSUP)CHGPSW
29sep93  0:09:10 #7 (SSVALSUP) RUN (SYS)RPG
29sep93  0:09:10 #7 (SSVALSUP) RUNLIC 2000,,0
29sep93  0:09:11 #7 (SSVALSUP) RUN (SYS)DIRIT
29sep93  0:09:11 #7 (SSVALSUP) NEXIT (SYS)DIRIT
29sep93  0:09:18 #7 (SSVALSUP) RUN (SYS)RPG
29sep93  0:09:18 #7 (SSVALSUP) RUNLIC 2000,,0
29sep93  0:09:18 #7 (SSVALSUP) RUN (SYS)DIRIT
29sep93  0:09:19 #7 (SSVALSUP) NEXIT (SYS)DIRIT
29sep93  0:09:37 #7 (SSVALSUP) RUN (SYS)RPG
29sep93  0:09:37 #7 (SSVALSUP) RUNLIC 2000,,0
29sep93  0:09:37 #7 (SSVALSUP) RUN (SYS)DIRIT
29sep93  0:09:37 #7 (SSVALSUP) NEXIT (SYS)DIRIT
29sep93  0:09:42 #7 (SSVALSUP) RUN (SYS)LOGOUT
29sep93  0:09:42 #7 (SSVALSUP) RUNLIC 547000,,0
29sep93  0:09:42 #7 (SSVALSUP) LOGOUT TRUs = 28.5
29sep93  0:17:26 #7 (SSVALSUP) LOGIN  -02626-  :0 TID='20
29sep93  0:17:26 #7 (SSVALSUP) RUN (SSVALSUP)INIT
29sep93  0:17:31 #7 (SSVALSUP) RUN (SYS)GETMUD
29sep93  0:17:31 #7 (SSVALSUP) RUNLIC 412,,0
29sep93  0:17:32 #7 (SSVALSUP) CREAUX NCUD1 port=174
29sep93  0:18:51 #7 (SSVALSUP) RUN (SYS)LOGOUT
29sep93  0:18:51 #7 (SSVALSUP) RUNLIC 547000,,0
29sep93  0:18:51 #7 (SSVALSUP) LOGOUT TRUs = 18.4
29sep93  0:19:05 #7 (SSVALSUP) LOGIN  -07457-  :0 TID='20
29sep93  0:19:06 #7 (SSVALSUP) RUN (SSVALSUP)INIT
29sep93  0:19:08 #7 (SSVALSUP) RUN (SYS)SYSTAT
29sep93  0:19:08 #7 (SSVALSUP) RUNLIC 402000,,0
29sep93  0:19:08 #7 (SSVALSUP) SETNAM WHO
29sep93  0:19:13 #7 (SSVALSUP) RUN (SYS)NONAME
29sep93  0:19:13 #7 (SSVALSUP) RUNLIC 102010,,0
29sep93  0:19:34 #7 (SSVALSUP) NEXIT (SYS)NONAME
29sep93  0:19:37 #7 (SSVALSUP) RUN (SYS)GETMUD
29sep93  0:19:37 #7 (SSVALSUP) RUNLIC 412,,0
29sep93  0:19:38 #7 (SSVALSUP) CREAUX NCUD1 port=174
29sep93  0:20:24 #7 (SSVALSUP) CREAUX CUD10:34 port=173
29sep93  0:24:27 #7 (SSVALSUP) RUN (SYS)LOGOUT
29sep93  0:24:27 #7 (SSVALSUP) RUNLIC 547000,,0
29sep93  0:24:27 #7 (SSVALSUP) LOGOUT TRUs = 33.8
29sep93  0:27:31 #9 (SSVALSUP) LOGIN  -02626-  :0 TID='20
29sep93  0:27:31 #9 (SSVALSUP) RUN (SSVALSUP)INIT
29sep93  0:27:34 #9 (SSVALSUP) RUN (SYS)SYSTAT
29sep93  0:27:34 #9 (SSVALSUP) RUNLIC 402000,,0
29sep93  0:27:34 #9 (SSVALSUP) SETNAM WHO
29sep93  0:27:43 #9 (SSVALSUP) RUN (SYS)GETMUD
29sep93  0:27:43 #9 (SSVALSUP) RUNLIC 412,,0
29sep93  0:27:44 #9 (SSVALSUP) CREAUX NCUD1 port=172
29sep93  0:28:20 #9 (SSVALSUP) CREAUX CUD10:34 port=171
29sep93  0:32:30 #9 (SSVALSUP) CREAUX CUD10:34 port=172
29sep93  0:32:31 #9 (SSVALSUP) CREAUX NCUD1 port=166
29sep93  0:33:33 #9 (SSVALSUP) NEXIT (SYS)GETMUD
29sep93  0:33:42 #9 (SSVALSUP) RUN (SYS)OPER
29sep93  0:33:42 #9 (SSVALSUP) RUNLIC 775717,,0
29sep93  0:33:48 #9 (SSVALSUP) RUN (SYS)RPG
29sep93  0:33:48 #9 (SSVALSUP) RUNLIC 2000,,0
29sep93  0:33:48 #9 (SSVALSUP) RUN (SYS)DIRIT
29sep93  0:33:59 #9 (SSVALSUP) RUN (SYS)LOGOUT
29sep93  0:33:59 #9 (SSVALSUP) RUNLIC 547000,,0
29sep93  0:33:59 #9 (SSVALSUP) LOGOUT TRUs = 118.6
29sep93 15:28:50 #11 (SSVALSUP) LOGIN  -02626-  :0 TID='20
29sep93 15:28:51 #11 (SSVALSUP) RUN (SSVALSUP)INIT
29sep93 15:28:56 #11 (SSVALSUP) RUN (SYS)SYSTAT
29sep93 15:28:56 #11 (SSVALSUP) RUNLIC 402000,,0
29sep93 15:28:56 #11 (SSVALSUP) SETNAM WHO
29sep93 15:29:08 #11 (SSVALSUP) RUN (SYS)GETMUD
29sep93 15:29:08 #11 (SSVALSUP) RUNLIC 412,,0
29sep93 15:29:09 #11 (SSVALSUP) CREAUX NCUD1 port=171
29sep93 15:29:39 #11 (SSVALSUP) CREAUX CUD10:34 port=167
29sep93 15:32:38 #11 (SSVALSUP) RUN (SYS)LOGOUT
29sep93 15:32:38 #11 (SSVALSUP) RUNLIC 547000,,0
29sep93 15:32:38 #11 (SSVALSUP) LOGOUT TRUs = 43.1
29sep93 15:33:12 #11 (SSVALSUP) LOGIN  -02626-  :0 TID='20
29sep93 15:33:13 #11 (SSVALSUP) RUN (SSVALSUP)INIT
29sep93 15:33:19 #11 (SSVALSUP) RUN (SYS)GETMUD
29sep93 15:33:19 #11 (SSVALSUP) RUNLIC 412,,0
29sep93 15:33:21 #11 (SSVALSUP) CREAUX NCUD1 port=171
29sep93 15:34:10 #11 (SSVALSUP) CREAUX CUD10:34 port=167
29sep93 15:34:42 #11 (SSVALSUP) CREAUX CUD10:34 port=171
29sep93 15:34:43 #11 (SSVALSUP) CREAUX NCUD1 port=164
29sep93 15:42:17 #11 (SSVALSUP) NEXIT (SYS)GETMUD
29sep93 15:42:33 #11 (SSVALSUP) RUN (SYS)SYSTAT
29sep93 15:42:33 #11 (SSVALSUP) RUNLIC 402000,,0
29sep93 15:42:33 #11 (SSVALSUP) SETNAM WHO
29sep93 15:42:38 #11 (SSVALSUP) RUN (SYS)LOGOUT
29sep93 15:42:38 #11 (SSVALSUP) RUNLIC 547000,,0
29sep93 15:42:39 #11 (SSVALSUP) LOGOUT TRUs = 216.5
29sep93 17:16:28 #13 (SSVALSUP) LOGIN  -07706-  :0 TID='20
29sep93 17:16:29 #13 (SSVALSUP) RUN (SSVALSUP)INIT
29sep93 17:16:31 #13 (SSVALSUP) RUN (SYS)SYSTAT
29sep93 17:16:31 #13 (SSVALSUP) RUNLIC 402000,,0
29sep93 17:16:31 #13 (SSVALSUP) SETNAM WHO
29sep93 17:16:45 #13 (SSVALSUP) RUN (SYS)GETMUD
29sep93 17:16:45 #13 (SSVALSUP) RUNLIC 412,,0
29sep93 17:16:47 #13 (SSVALSUP) CREAUX NCUD1 port=164
29sep93 17:19:43 #13 (SSVALSUP) NEXIT (SYS)GETMUD
29sep93 17:19:50 #13 (SSVALSUP) RUN (SYS)SYSTAT
29sep93 17:19:50 #13 (SSVALSUP) RUNLIC 402000,,0
29sep93 17:19:51 #13 (SSVALSUP) SETNAM WHO
29sep93 17:20:01 #13 (SSVALSUP) RUN (SYS)RPG
29sep93 17:20:01 #13 (SSVALSUP) RUNLIC 2000,,0
29sep93 17:20:01 #13 (SSVALSUP) NEXIT (SYS)RPG
29sep93 17:20:23 #13 (SSVALSUP) RUN (SYS)RPG
29sep93 17:20:23 #13 (SSVALSUP) RUNLIC 2000,,0
29sep93 17:20:24 #13 (SSVALSUP) RUN (SYS)DIRIT
29sep93 17:20:24 #13 (SSVALSUP) NEXIT (SYS)DIRIT
29sep93 17:20:50 #13 (SSVALSUP) RUN (SYS)RPG
29sep93 17:20:50 #13 (SSVALSUP) RUNLIC 2000,,0
29sep93 17:20:50 #13 (SSVALSUP) RUN (SYS)DIRIT
29sep93 17:20:50 #13 (SSVALSUP) NEXIT (SYS)DIRIT
29sep93 17:20:59 #13 (SSVALSUP) RUN (SYS)RPG
29sep93 17:20:59 #13 (SSVALSUP) RUNLIC 2000,,0
29sep93 17:21:02 #13 (SSVALSUP) RUN (SYS)PIP
29sep93 17:21:02 #13 (SSVALSUP) NEXIT (SYS)PIP
29sep93 17:21:08 #13 (SSVALSUP) RUN (SYS)RPG
29sep93 17:21:08 #13 (SSVALSUP) RUNLIC 2000,,0
29sep93 17:21:11 #13 (SSVALSUP) RUN (SYS)PIP
29sep93 17:21:11 #13 (SSVALSUP) NEXIT (SYS)PIP
29sep93 17:21:15 #13 (SSVALSUP) RUN (SYS)SYSTAT
29sep93 17:21:15 #13 (SSVALSUP) RUNLIC 402000,,0
29sep93 17:21:16 #13 (SSVALSUP) SETNAM WHO
29sep93 17:21:29 #13 (SSVALSUP) RUN (SYS)RPG
29sep93 17:21:29 #13 (SSVALSUP) RUNLIC 2000,,0
29sep93 17:21:32 #13 (SSVALSUP) RUN (SYS)PIP
29sep93 17:21:32 #13 (SSVALSUP) NEXIT (SYS)PIP
29sep93 17:21:41 #13 (SSVALSUP) RUN (SYS)RPG
29sep93 17:21:41 #13 (SSVALSUP) RUNLIC 2000,,0
29sep93 17:21:43 #13 (SSVALSUP) RUN (SYS)PIP
29sep93 17:21:43 #13 (SSVALSUP) NEXIT (SYS)PIP
29sep93 17:21:50 #13 (SSVALSUP) RUN (SYS)RPG
29sep93 17:21:50 #13 (SSVALSUP) RUNLIC 2000,,0
29sep93 17:21:54 #13 (SSVALSUP) RUN (SYS)PIP
29sep93 17:21:54 #13 (SSVALSUP) NEXIT (SYS)PIP
29sep93 17:22:09 #13 (SSVALSUP) RUN (SYS)LOGOUT
29sep93 17:22:09 #13 (SSVALSUP) RUNLIC 547000,,0
29sep93 17:22:10 #13 (SSVALSUP) LOGOUT TRUs = 45.7
30sep93 18:36:13 #9 (SSVALSUP) LOGIN  -11420-  :0 TID='20
30sep93 18:36:14 #9 (SSVALSUP) RUN (SSVALSUP)INIT
30sep93 18:36:21 #9 (SSVALSUP) RUN (SYS)SYSTAT
30sep93 18:36:21 #9 (SSVALSUP) RUNLIC 402000,,0
30sep93 18:36:21 #9 (SSVALSUP) SETNAM WHO
30sep93 18:36:29 #9 (SSVALSUP) RUN (SYS)GETMUD
30sep93 18:36:29 #9 (SSVALSUP) RUNLIC 412,,0
30sep93 18:36:30 #9 (SSVALSUP) CREAUX NCUD1 port=170
30sep93 18:37:50 #9 (SSVALSUP) CREAUX CUD10:34 port=167
30sep93 19:06:36 #9 (SSVALSUP) CREAUX CUD10:34 port=174
30sep93 19:07:33 #9 (SSVALSUP) CREAUX NCUD1 port=170
30sep93 19:10:09 #9 (SSVALSUP) NEXIT (SYS)GETMUD
30sep93 19:10:11 #9 (SSVALSUP) RUN (SYS)SYSTAT
30sep93 19:10:11 #9 (SSVALSUP) RUNLIC 402000,,0
30sep93 19:10:12 #9 (SSVALSUP) SETNAM WHO
30sep93 19:10:18 #9 (SSVALSUP) RUN (SYS)LOGOUT
30sep93 19:10:18 #9 (SSVALSUP) RUNLIC 547000,,0
30sep93 19:10:18 #9 (SSVALSUP) LOGOUT TRUs = 198.7
30sep93 20:40:16 #7 (SSVALSUP) LOGIN  -11420-  :0 TID='20
30sep93 20:40:16 #7 (SSVALSUP) RUN (SSVALSUP)INIT
30sep93 20:40:19 #7 (SSVALSUP) RUN (SYS)GETMUD
30sep93 20:40:19 #7 (SSVALSUP) RUNLIC 412,,0
30sep93 20:40:20 #7 (SSVALSUP) CREAUX NCUD1 port=172
30sep93 20:40:50 #7 (SSVALSUP) CREAUX CUD10:34 port=170
30sep93 20:46:38 #7 (SSVALSUP) NEXIT (SYS)GETMUD
30sep93 20:46:40 #7 (SSVALSUP) RUN (SYS)SYSTAT
30sep93 20:46:40 #7 (SSVALSUP) RUNLIC 402000,,0
30sep93 20:46:40 #7 (SSVALSUP) SETNAM WHO
30sep93 20:46:45 #7 (SSVALSUP) RUN (SYS)RPG
30sep93 20:46:45 #7 (SSVALSUP) RUNLIC 2000,,0
30sep93 20:46:45 #7 (SSVALSUP) RUN (SYS)DIRIT
30sep93 20:46:45 #7 (SSVALSUP) NEXIT (SYS)DIRIT
30sep93 20:46:48 #7 (SSVALSUP) RUN (SYS)GFD
30sep93 20:46:48 #7 (SSVALSUP) RUNLIC 5010,,0
30sep93 20:46:48 #7 (SSVALSUP) NEXIT (SYS)GFD
30sep93 20:46:51 #7 (SSVALSUP) RUN (SYS)LOGOUT
30sep93 20:46:51 #7 (SSVALSUP) RUNLIC 547000,,0
30sep93 20:46:51 #7 (SSVALSUP) LOGOUT TRUs = 43.9
30sep93 20:50:59 #7 (SSVALSUP) LOGIN  -11420-  :0 TID='20
30sep93 20:51:00 #7 (SSVALSUP) RUN (SSVALSUP)INIT
30sep93 20:51:03 #7 (SSVALSUP) RUN (SYS)GETMUD
30sep93 20:51:03 #7 (SSVALSUP) RUNLIC 412,,0
30sep93 20:51:04 #7 (SSVALSUP) CREAUX NCUD1 port=173
30sep93 20:52:53 #7 (SSVALSUP) CREAUX CUD10:34 port=176
30sep93 20:53:28 #7 (SSVALSUP) CREAUX NCUD1 port=173
30sep93 20:54:48 #7 (SSVALSUP) CREAUX CUD10:34 port=176
30sep93 20:59:11 #7 (SSVALSUP) CREAUX CUD10:34 port=173
30sep93 21:01:22 #7 (SSVALSUP) NEXIT (SYS)GETMUD
30sep93 21:01:24 #7 (SSVALSUP) RUN (SYS)RPG
30sep93 21:01:24 #7 (SSVALSUP) RUNLIC 2000,,0
30sep93 21:01:24 #7 (SSVALSUP) RUN (SYS)DIRIT
30sep93 21:01:30 #7 (SSVALSUP) RUN (SYS)SYSTAT
30sep93 21:01:30 #7 (SSVALSUP) RUNLIC 402000,,0
30sep93 21:01:31 #7 (SSVALSUP) SETNAM WHO
30sep93 21:01:36 #7 (SSVALSUP) RUN (SYS)LOGOUT
30sep93 21:01:36 #7 (SSVALSUP) RUNLIC 547000,,0
30sep93 21:01:37 #7 (SSVALSUP) LOGOUT TRUs = 73.4
30sep93 23:36:11 #7 (SSVALSUP) LOGIN  -11420-  :0 TID='20
30sep93 23:36:12 #7 (SSVALSUP) RUN (SSVALSUP)INIT
30sep93 23:36:17 #7 (SSVALSUP) RUN (SYS)GETMUD
30sep93 23:36:17 #7 (SSVALSUP) RUNLIC 412,,0
30sep93 23:36:18 #7 (SSVALSUP) CREAUX NCUD1 port=170
30sep93 23:52:55 #7 (SSVALSUP) NEXIT (SYS)GETMUD
30sep93 23:53:00 #7 (SSVALSUP) RUN (SYS)SYSTAT
30sep93 23:53:00 #7 (SSVALSUP) RUNLIC 402000,,0
30sep93 23:53:00 #7 (SSVALSUP) SETNAM WHO
30sep93 23:53:04 #7 (SSVALSUP) RUN (SYS)LOGOUT
30sep93 23:53:04 #7 (SSVALSUP) RUNLIC 547000,,0ep93 23:53:04 #7 (SSVALSUP) LOGOUT TRUs = 46.9
  F3
