.DO FUDGE2
*TTY:_HL1022.REL/L$
QTV	000032
QOV	001277
.MAIN	002573
QMAC	000151	000137
QMACH	000054
QF10	000256	000137
QF10H	000156
QCBL	000222	000137
QCBLH	000127
QTBA	000212	000137
QXF4	000144	000137
QXF4	000057
QF4	000261
QF4A	000134	000137
QF4H	000260
FQ	000651
DBAUTL	001725
X22OV.	000012
DBOPEN?DSK:HL1022.REL 001060 IS AN ILLEGAL BLOCK TYPE
*
TTY:_FTALOD.REL/L$
?DSK:FTALOD.REL 777760 IS AN ILLEGAL BLOCK TYPE
*
TTY:_HR1022.REL/L$
QEX	000002
.MAIN	000002
.MAIN	000001
QF10L	000333	000137
QCBLL	000326	000137
QMACL	000330	000137
QXF4	000320	000137
QF4L	000224
QF4A	000134	000137
QDBNX	000002
QHLC	000002
.MAIN	000002
QVER	000000
QJBCS	000004
QCPN	000000
QCY	000001
.MAIN	000011
.MAIN	000001
.MAIN	000012
QISC	000000
FORINI	000055	000136
*
TTY:_LOGOFF.REL/L$
	000000	777777
*
TTY:_LOG.REL/L$
	000000	777777
*

EXIT

.DO FUDGE2
*TTY:_EXIT.REL/L$
	000000	777777
*
TTY:_EXII.REL/L$
	000000	777777
*
TTY:_EXI.REL/L$
	000000	777777
*
TTY:_QUIT.REL/L$
	000000	777777
*
TTY:_INSTRU.REL/L$
	000000	777777
*

EXIT

.DO FUDGE2
*TTY:_HELP.REL/L$
	000000	777777
*
TTY:_SAILOW.REL/L$
LOWER	000514
*
TTY:_BAIIO2.REL/L$
BAIIO2	001244
*
TTY:_BAIIO1.REL/L$
BAIIO1	001037
*
TTY:_BAICLC.REL/L$
BAICLC	000276
*

EXIT

.DO FUDGE2
*TTY:_BAIPDA.REL/L$
BAIPDA	000000
*
TTY:_LIBSAA.REL/L$
?DSK:LIBSAA.REL 000571 IS AN ILLEGAL BLOCK TYPE
*
TTY:_BAIPRC.REL/L$
BAIPRC	000604
*
TTY:_BAIMSC.REL/L$
BAIMSC	001220
*
TTY:_HLBSAA.REL/L$
?DSK:HLBSAA.REL 000571 IS AN ILLEGAL BLOCK TYPE
*

EXIT

.DO FUDGE2
*TTY:_BAIL.REL/L$
BILGE	024543
*
TTY:_FTLIB4.REL/L$
?DSK:FTLIB4.REL 040000 IS AN ILLEGAL BLOCK TYPE
*
TTY:_TBAULB.REL/L$
PROSUB	011707	001254
GETPJC	400024
DAYNUM	000541	000063
FORPAK	000413	000170
EXITPE	000227	000033
IFTP	000007
IPPN	400017
SPPN	400163
STPERF	000201	000032
.SYSNO	000033
QCKSRT	001004	000163
STUFIB	000011
XWD	400007
SRTTBA	401167	000141
SRTSUB	401373	000066
SRTIO	400126	000011
SRTKEY	400053
SRTNMK	400157
TMPCOR	001003	000103
TMPMAC	000032
*
TTY:_TBAUND.REL/L$
?DSK:TBAUND.REL 000464 IS AN ILLEGAL BLOCK TYPE
*
TTY:_TBAUBG.REL/L$
?DSK:TBAUBG.REL 000461 IS AN ILLEGAL BLOCK TYPE
*

EXIT

.DO FUDGE2
*TTY:_TBALIB.REL/L$
?DSK:TBALIB.REL 024306 IS AN ILLEGAL BLOCK TYPE
*
TTY:_TBAEND.REL/L$
ENDP%$	400000	000533
*
TTY:_OVRLAY.REL/L$
OVRLAY	403271	000554
*
TTY:_FORLIB.REL/L$
?DSK:FORLIB.REL 163253 IS AN ILLEGAL BLOCK TYPE
*
TTY:_X22.REL/L$
QEX	000002
.MAIN	000002
.MAIN	000001
QF10L	000333	000137
QCBLL	000326	000137
QMACL	000330	000137
QXF4	000320	000137
QF4L	000224
QF4A	000134	000137
QDBNX	000002
QHLC	000002
.MAIN	000002
QVER	000000
QJBCS	000004
QCPN	000000
QCY	000001
.MAIN	000011
.MAIN	000001
.MAIN	000012
QISC	000000
FORINI	000055	000136
*

EXIT

.DO FUDGE2
*TTY:_FORDDT.REL/L$
FORDDT	011375	000140
*
TTY:_FTXLIB.REL/L$
?DSK:FTXLIB.REL 163253 IS AN ILLEGAL BLOCK TYPE
*
TTY:_JOBDAT.REL/L$
JOBDAT	000000
*
TTY:_SCAN.REL/L$
$SCNDC	000000
.SCAN	406522	000632
.VERBO	400070	000002
.TNEWL	400000
.TOUTS	400516	000001
.STOPB	400134
.CNTDT	400137
.GTPUT	400072
.SAVE	400055
*
TTY:_LIBSA9.REL/L$
SAILOR	000450
SAILUP	002142
SAIKNT	000126
SAICOD	000033
SAITG2	000230
SAITG1	000165
SAITG3	000202
SAITGI	000127
SAIPRC	002600
SAIIRP	000365
SAIPIT	000527
LEAP	005401
BACKTR	001371
SAIUSC	000026
SAIPRN	001016
SAISCC	000021
SAISBK	000102
SAIBRK	000154
SAILIN	000057
SAITTY	000325
SAIOPN	000365
SAISTS	000025
SAINUM	000607
SAILOK	000127
SAIOUT	000105
SAIINP	000270
SAIWRD	000311
SAITHR	000126
SAICLS	000031
SAIMTP	000174
SAITMP	000240
SAIREC	001625
SAISPC	000323
SAIARY	000604
SAICAT	000207
SAISUB	000064
SAIEQU	000021
SAIPNT	000011
SAIPTC	000020
SAICVS	000123
SAICVD	000043
SAISCN	000257
SAIABK	000105
SAICVC	000140
SAICVL	000014
SAICVF	000431
SAIDVF	000406
SAITBB	000043
SAIPTY	000024
SAISIM	000177
SAICHN	000042
SAIFIL	000067
SAIFLS	000102
SAIPOW	000761
SAISGC	001204
SAICOR	000664
SAIDM1	000004
SAIDM2	000004
SAIDM3	000004
SAIDM4	000005
SAIDM5	000001
WDTH	000000
SPARUT	000000
HASMSK	000000
ATTOP	000000
RGCOFF	000000
BLKTAB	000000
SCHDRQ	000000
TOPBYT	000000
CORINS	000000
$$FREL	000000
RGCRHO	000000
DISPAT	000000
STBLST	000000
LONGWD	000000
PRPN	000000
ARYLS	000000
INTQWP	000000
DATAB	000000
FSTATS	000000
XPAND	000000
PDL	000000
BKTPRV	000000
STTOP	000000
SGROUT	000000
INTQWT	000000
ST	000000
$$FLRL	000000
$$FREC	000000
FREITM	000000
INFOTA	000000
FUSER	000000
IPDP	000000
REBP	000000
SPLNK	000000
BKRELS	000000
CODAC	000000
SCBCHN	000000
SGCNUM	000000
PRTINF	000000
STACS	000000
INTPRC	000000
FRELST	000000
$$FINT	000000
IJBTPC	000000
STLIST	000000
PUBP	000000
ERBP	000000
MKBP	000000
ISPDP	000000
NOSHRK	000000
FRLOC	000000
FP2	000000
ARYDIR	000000
FP1	000000
TTYCVT	000000
PRNINF	000000
FUSER1	000000
BKTPTR	000000
BKOPEN	000000
LOWC	000000
SPDL	000000
HASTAB	000000
$$FSET	000000
STINCR	000000
$$FLST	000000
IRUNNR	000000
EXT	000000
WD3	000000
BRACKL	000000
RSGCL2	000000
PRILIS	000000
REMCHR	000000
$$FITM	000000
STREQD	000000
PGNNFL	000000
SGACS	000000
RMASK1	000000
DIGS	000000
RMASK2	000000
RMASK3	000000
RMASK4	000000
STRLNK	000000
LONG2	000000
FNAME	000000
LEABOT	000000
ITMTOP	000000
SGCWAS	000000
TIMER	000000
IJBCNI	000000
DFRINF	000000
CLER	000000
TGRADJ	000000
OFFSET	000000
SEGBOT	000000
JFRCEL	000000
MAXITM	000000
EXPCHR	000000
RACS	000000
SRELOC	000000
PROJ	000000
SGCCNT	000000
RSGCLK	000000
BKGETC	000000
$$PROU	000000
ENDREN	000000
$FSLIS	000000
STKURT	000000
SETLNK	000000
SGCTOT	000000
STBUCK	000000
TOP	000000
HASHP	000000
OLDITM	000000
CHANS	000000
GGDAD	000000
CDBLOC	000000
KNTLNK	000000
UUO1	000000
INTQRP	000000
$$FSTR	000000
SGCTIM	000000
INTQWB	000000
BUFACS	000000
SGLIGN	000000
BAILOC	000000
*

EXIT

.DO FUDGE2
*TTY:_HLBSA9.REL/L$
SAILOR	000450
SAILUP	402142
SAIKNT	400126
SAICOD	400033
SAITG2	400230
SAITG1	400165
SAITG3	400202
SAITGI	000127
SAIPRC	002600
SAIIRP	000365
SAIPIT	400527
LEAP	405376	000003
BACKTR	401371
SAIUSC	400026
SAIPRN	401016
SAISCC	400021
SAISBK	400102
SAIBRK	400154
SAILIN	400057
SAITTY	400325
SAIOPN	400365
SAISTS	400025
SAINUM	400607
SAILOK	400127
SAIOUT	400105
SAIINP	400270
SAIWRD	400311
SAITHR	400126
SAICLS	400031
SAIMTP	400174
SAITMP	400240
SAIREC	401625
SAISPC	000323
SAIARY	400604
SAICAT	400207
SAISUB	400064
SAIEQU	400021
SAIPNT	400011
SAIPTC	400020
SAICVS	400123
SAICVD	400043
SAISCN	400257
SAIABK	400105
SAICVC	400140
SAICVL	400014
SAICVF	400431
SAIDVF	400406
SAITBB	400043
SAIPTY	400024
SAISIM	400177
SAICHN	400042
SAIFIL	400067
SAIFLS	400102
SAIPOW	400761
SAISGC	401204
SAICOR	400664
SAIDM1	400004
SAIDM2	400004
SAIDM3	400004
SAIDM4	400005
SAIDM5	400001
WDTH	000000
SPARUT	000000
HASMSK	000000
ATTOP	000000
RGCOFF	000000
BLKTAB	000000
SCHDRQ	000000
TOPBYT	000000
CORINS	000000
$$FREL	000000
RGCRHO	000000
DISPAT	000000
STBLST	000000
LONGWD	000000
PRPN	000000
ARYLS	000000
INTQWP	000000
DATAB	000000
FSTATS	000000
XPAND	000000
PDL	000000
BKTPRV	000000
STTOP	000000
SGROUT	000000
INTQWT	000000
ST	000000
$$FLRL	000000
$$FREC	000000
FREITM	000000
INFOTA	000000
FUSER	000000
IPDP	000000
REBP	000000
SPLNK	000000
BKRELS	000000
CODAC	000000
SCBCHN	000000
SGCNUM	000000
PRTINF	000000
STACS	000000
INTPRC	000000
FRELST	000000
$$FINT	000000
IJBTPC	000000
STLIST	000000
PUBP	000000
ERBP	000000
MKBP	000000
ISPDP	000000
NOSHRK	000000
FRLOC	000000
FP2	000000
ARYDIR	000000
FP1	000000
TTYCVT	000000
PRNINF	000000
FUSER1	000000
BKTPTR	000000
BKOPEN	000000
LOWC	000000
SPDL	000000
HASTAB	000000
$$FSET	000000
STINCR	000000
$$FLST	000000
IRUNNR	000000
EXT	000000
WD3	000000
BRACKL	000000
RSGCL2	000000
PRILIS	000000
REMCHR	000000
$$FITM	000000
STREQD	000000
PGNNFL	000000
SGACS	000000
RMASK1	000000
DIGS	000000
RMASK2	000000
RMASK3	000000
RMASK4	000000
STRLNK	000000
LONG2	000000
FNAME	000000
LEABOT	000000
ITMTOP	000000
SGCWAS	000000
TIMER	000000
IJBCNI	000000
DFRINF	000000
CLER	000000
TGRADJ	000000
OFFSET	000000
SEGBOT	000000
JFRCEL	000000
MAXITM	000000
EXPCHR	000000
RACS	000000
SRELOC	000000
PROJ	000000
SGCCNT	000000
RSGCLK	000000
BKGETC	000000
$$PROU	000000
ENDREN	000000
$FSLIS	000000
STKURT	000000
SETLNK	000000
SGCTOT	000000
STBUCK	000000
TOP	000000
HASHP	000000
OLDITM	000000
CHANS	000000
GGDAD	000000
CDBLOC	000000
KNTLNK	000000
UUO1	000000
INTQRP	000000
$$FSTR	000000
SGCTIM	000000
INTQWB	000000
BUFACS	000000
SGLIGN	000000
BAILOC	000000
*
TTY:_BAIPD9.REL/L$
BAIPD9	000000
*
TTY:_RTYFV.REL/L$
RTYFV	000036
*
TTY:_HELPER.REL/L$
.HELPR	400151
*
TTY:_DYNFOR.REL/L$
RTYDYN	000000
*

EXIT

.DO FUDGE2
*TTY:_RTYRTN.REL/L$
RTYRTN	001525
*
TTY:_RTYF4.REL/L$
RTYF4	000035
*
TTY:_RTYBUF.REL/L$
RTYBUF	000334
*
TTY:_DISSPL.REL/L$
COLOR	400060	000017
HP7220	400014	000003
QQHP20	400510	000174
HP7221	400023	000005
QQHP	401147	000106
QQHPO	400122	000414
HPCOL	400041	000016
TEK	400031	000010
TK	400021	000006
QQTK	400714	000065
QQTKO	400117	000125
CALCMP	400017	000003
QQCLMP	400030	000005
ZETAAA	400030	000005
ZETAA	400023	000004
ZETA	400023	000004
QQZETA	400030	000005
TX4027	400042	000011
QQ4027	400540	000141
QQTX	400711	000063
QQTXA	400074	000014
QQTXN	400055	000007
QQTXO	400117	000125
SLIDES	400112	000030
QQSLID	400163	000015
QQVCTO	400076	000016
IRW	000045
DUMDEV	400027	000017
QQDUMD	400055	000030
PRTPLT	400122	000023
QQPRT	400620	000071
QQINCR	400037	000005
FASHON	400017	000003
FUTURA	400017	000003
SERIF	400017	000003
LOGO1	400017	000003
QQSHFA	400271	000707
QQSHFB	400271	002040
QQSHFC	400271	001065
QQSHFX	400271	001074
SHDCHR	400260	000106
INSERT	400206	000157
LTLINE	400436	000100
ENDTAB	400574	000106
LTSET	400145	000021
NEWSET	400004	000001
TABLET	400247	000046
TAB1	400065	000004
LBLANK	400031	000004
LBPREP	402113	004171
LBWORK	400114	000072
MAPDTA	400032	000013
MAPFIL	400154	000133
MAPGR	400251	000024
MAPMDE	400065	000044
MAPOLE	400107	000034
MAPREF	400101	000033
NOAZCH	400004	000001
NOLIST	400020	000005
NOMPCH	400004	000001
PROJCT	400105	000050
TCOARS	400144	000033
TPRINT	400172	000257
LBIT2	400017	000005
TROMML	400321	001307
XMPAXS	400352	000067
YMPAXS	400314	000045
QQARBP	401403	000110
QQGRCB	400540	000101
QQLBL	401553	000347
QQLBLP	401156	000354
QQMDTA	400766	000136
QQMPAX	401514	000121
QQLBFA	400046	000011
QQMAP	402644	000236
MYAZIM	400011	000003
MYPROJ	400022	000003
COMPRS	400011	000003
NOID	400020	000002
QQCPRS	400065	000012
QQPOST	400412	000173
QQYMBP	400131	000024
QQIDF	400002	000001
QQPACT	400027	000004
SPCIN	400117	000050
IDLINE	400015	000014
INPOST	400254	000063
IQQFRG	400007	000003
LQQUNB	400124	000031
QQALFT	400314	001023
QQPDS	400767	000211
QQPIN	400107	000033
QQPLT2	400070	000011
QQPLUS	401015	000043
IQQLST	400635	000135
LQQBUF	400264	000044
LQQDEC	400500	000111
QQINIP	400050	000006
QQPOUT	400711	000113
QQSOUT	400004	000001
QQWIND	400246	000012
SPCOUT	400004	000001
QQBOUT	400245	000052
QQDVC	400004	000002
QQDFL	400046	000014
ABSPT3	400066	000013
ALFCON	400061	000016
ALGPLT	400132	000045
ANGLE	400023	000005
APLPIE	400675	000150
AREA2D	400430	000076
AUXCV	400116	000020
AXES3D	400353	000130
AXSPLT	400146	000067
BANGLE	400017	000003
BARDOC	400160	000074
BARPAT	400034	000014
BARS	400032	000003
BARSHD	400753	000241
BARWID	400061	000034
BASALF	400043	000014
BASDAT	400047	000013
BASECV	400116	000020
BCOMON	400005	000002
BGNMAT	400171	000037
BLNK1	400447	000071
BLOWUP	400034	000016
BOX3D	400165	000074
BSCALE	400071	000005
BTRANS	400023	000002
CARTOG	400015	000003
CLUSTR	400065	000025
COMPLX	400015	000003
CONANG	400023	000005
CONBGN	400016	000005
CONCRV	400032	000007
CONEND	400016	000005
CONLIN	400254	000146
CONMAK	401473	000113
CONMIN	400016	000003
CONNPT	400143	000046
CONTHN	400022	000003
CONTUR	400176	000105
CROSS	400004	000001
CURV3D	400207	000110
DASH	400122	000005
DATFMT	400056	000027
DELLEG	400043	000005
DONEPL	400051	000007
DUPLX	400015	000003
ENDMAT	400052	000010
END3GR	400055	000011
FRAME	400116	000023
GETMAT	400354	000114
GOTHIC	400015	000003
GRACE	400034	000016
GRAF	400415	000103
GRAF3D	400255	000021
GRFITI	400140	000030
GRID	401103	000101
HEIGHT	400015	000003
HLDPLT	400017	000003
HOLDAY	400221	000070
HWAJST	400043	000004
HWCHAR	400102	000021
HWHUE	400106	000007
HWINPT	400124	000022
HWROT	400060	000025
HWSCAL	400040	000015
HWSHD	400027	000006
HWSPEC	400045	000007
INCDAT	400130	000035
INFDAT	400177	000064
INCH30	400037	000004
INTAXS	400045	000002
INTNO	400064	000007
IQQAND	000006
LEGEND	400154	000036
LEGLIN	400004	000001
LINEAR	400004	000001
LINES	400343	000157
LINESP	400015	000003
LINEST	400167	000062
LINPLT	400410	000100
LOGPLT	400234	000062
MARKER	400011	000002
MDFMAT	400023	000006
MESSAG	400071	000010
MOVCRV	400041	000016
MRKPLT	400005	000002
MRSCOD	400045	000010
MSHIFT	400106	000034
MX1ALF	400143	000016
MYJACT	400077	000037
MYLEGN	400104	000024
NOBRDR	400004	000001
NOCHEK	400004	000001
NOHIDE	400004	000001
NUMODE	400146	000047
OPNPLT	400017	000003
PAGE	400062	000024
PARA3	400013	000002
PARA5	400013	000002
PHYSOR	400140	000037
PICTRC	400156	000016
PIEDIG	400016	000003
PIELAB	400134	000026
PIEMOD	400123	000004
PIEPAT	400101	000023
PIEPOS	400163	000063
PIESIZ	400116	000021
PIESUM	400016	000003
POLORG	400015	000003
POLPLT	400233	000063
POLYAV	400013	000002
POLY3	400013	000002
POLY5	400013	000002
PSMTH	400013	000002
PSPLIN	400013	000002
XDATGR	400333	000102
XDTAXS	400355	000103
YDATGR	400316	000101
YDTAXS	400355	000103
NODAY	400014	000002
NOMON	400014	000002
NOYEAR	400014	000002
IQQDGX	402627	000257
QQQGRD	400354	000045
IQQTDY	400075	000007
IQQMNT	400564	000133
QQDTOI	400115	000037
QQITOD	400336	000041
QQUDAT	400100	000015
QQLABP	400342	000042
QQMINC	400377	000037
MYDATE	400051	000030
QQSHUF	400103	000021
QQWARN	400031	000020
QQYVAL	400072	000020
RANDM1	400003	000002
REALNO	400075	000010
REGR	400156	000032
REHEAD	400013	000005
RELPT3	400047	000010
REPLT	400047	000041
RESET	401234	000303
RETITL	400017	000011
ROTPIC	400005	000002
RRANGE	400030	000004
SCLFIX	400004	000001
SCLPIC	400015	000003
SCMPLX	400015	000003
SETALF	400275	000026
SETCLR	400076	000034
SETCV	400117	000020
SETDEV	400010	000003
SHADE	400365	000160
SHDCRV	400351	000100
SHDPAT	400005	000002
SIMPLX	400015	000003
SMOOTH	400013	000002
SPHR3D	400266	000020
SPLINE	400013	000002
STEP	400013	000002
SURFUN	400211	000025
SURMAT	400465	000153
SURSZE	400052	000006
SURTRN	400072	000021
SYMORG	400022	000003
THICRV	400024	000004
TITL3D	400037	000013
TRIPLX	400015	000003
TYPSET	400004	000001
UNITS	400055	000023
VBARS	402756	000436
VECTOR	400105	000011
VECTR3	400300	000035
VOLM3D	400132	000072
VUABS	400214	000023
XAXANG	400151	000020
XGRAF	400363	000101
XGRAXS	400304	000065
XINVRS	400213	000036
XLABEL	400145	000025
XLABGR	400246	000065
XLBAXS	400247	000041
XLEGND	400311	000027
XLGAXS	400257	000055
XLGPLT	400227	000056
XLOG	400277	000061
XMESS	400145	000041
XMNAXS	400241	000116
XMONGR	400261	000146
XNAME	400327	000041
XPOSN	400364	000077
XRANGE	400136	000007
XSTAXS	400272	000055
XYEPLT	400004	000001
XYLAB	400152	000031
X3DABS	400416	000031
YGRAF	400371	000076
YGRAXS	400305	000065
YLABGR	400246	000062
YLBAXS	400247	000041
YLGAXS	400252	000055
YLGPLT	400227	000056
YLOG	400313	000062
YMNAXS	400241	000116
YMONGR	400053	000075
YPRTRN	400147	000165
YSTAXS	400236	000037
ZAXANG	400103	000014
ZAXCTR	400022	000002
ZAXEND	400046	000025
ZLEVEL	400017	000003
ZTICKS	400005	000002
BARWIN	400122	000010
GRAPH	400324	000064
HEADIN	400607	000146
HWHSI	400104	000010
IQQLBX	401306	000105
IQQSL	400216	000051
IQQTDY	400075	000007
LOGLOG	400270	000102
MYBARD	400015	000007
PLTTR	400031	000010
POLAR	400407	000056
QQBLNK	400753	000105
QQBRIN	400150	000021
QQCTCA	401311	000150
QQCTUR	400277	000020
QQCYCS	400175	000024
QQDDIF	400065	000024
QQDOT	400367	000016
QQDTIC	400057	000012
QQGR3D	402417	000310
QQMESS	400342	000047
QQMK3D	400571	000103
QQMTH	400234	000076
QQMXAL	400174	000100
QQPAR3	400360	000076
QQPAR5	400356	000105
QQPGRD	400703	000137
QQPLIN	400247	000076
QQPLNP	400227	000050
QQPMTH	400241	000044
QQP3	400245	000064
QQP3IN	400236	000033
QQP5	400260	000073
QQQQS1	400051	000441
QQQQS2	400051	002247
QQQQS3	400051	003377
QQQQS4	400051	007273
QQQQS5	400051	001451
QQQQS6	400051	004374
QQQQS7	400051	005622
QQQZ24	400011	000002
QQQZ25	400011	000002
QQQZ26	400011	000002
QQQZ27	400011	000002
QQQZ28	400011	000002
QQQZ29	400011	000002
QQQZ30	400011	000002
QQQZ31	400011	000002
QQQXDG	400015	000004
QQQXDX	400017	000004
QQQYDG	400015	000004
QQQYDX	400017	000004
QQRPLT	400205	000015
QQSHAS	401357	000110
QQSMCO	401165	000112
QQSUR	401111	000132
QQSYSR	400004	000001
QQTEP	400116	000017
QQX3IN	400047	000015
QQX3ST	400125	000004
QQX5IN	400073	000023
QQX5ST	400235	000004
QQY3IN	400047	000015
QQY3ST	400125	000004
QQY5IN	400073	000023
QQY5ST	400235	000004
QQ3DPR	401360	000404
QQ3LV3	400015	000001
QQ3REV	400205	000021
QQ3RST	400121	000031
QQ3TRA	400052	000010
SBIT2	400024	000005
SHDPIE	404355	000623
QQVCTR	400703	000125
TITLE	401102	000140
XAXCTR	400072	000003
XAXEND	400127	000037
XTICKS	400130	000040
X3DMAT	400010	000004
Y3DMAT	400050	000025
BGNPL	400525	000113
CURVE	400027	000006
ENDPL	400742	000425
IQQAX3	400100	000017
IQQBLC	400077	000015
IQQINT	401742	000122
IQQJ1B	400161	000037
IQQLGX	402531	000156
IQQZ19	400016	000002
IQQORT	400076	000017
IQQTPS	400167	000016
IQQXAX	402500	000204
KQQSHF	401666	000142
MYPIE	400020	000010
QQAXHI	400312	000056
QQBNML	400202	000027
QQBNMO	400072	000017
QQBSET	400062	000003
QQCPTL	400002	000001
QQCTLB	403413	000233
QQCTLG	401015	000050
QQCTLP	401731	000112
QQCURV	400563	000066
QQEXTP	401616	000106
QQHIP	400254	000063
QQINNO	400255	000026
QQLINR	400422	000045
QQOFST	400347	000031
QQPCO	400251	000030
QQPK8	400072	000013
QQP3L1	400305	000031
QQQDAT	400146	000032
QQQGDT	400206	000024
QQQJUL	400116	000014
QQREL3	400140	000017
QQRLNO	400565	0000QRSTL	400016	000002
QQRTH	400077	000016
QQSTRY	402260	000312
QQSUNP	400170	000052
QQSYMB	400236	000076
QQSYSB	400002	000001
QQSYST	400004	000002
QQYMBT	400150	000026
QQ3SET	400046	000002
XINT	400026	000007
XREAL	400152	000025
IQQ	400156	000035
IQQCRX	400166	000045
IQQNBL	400117	000034
IQQSHD	401413	000304
MYCON	400024	000010
MYSPEC	400015	000010
PICTUR	400020	000007
QQBAR	400676	000060
QQBRES	400255	000057
QQCTGR	400675	000062
QQHIDE	401077	003767
QQPACK	400602	000200
QQPHI1	400041	000006
QQPHI2	400127	000024
QQPT3	400073	000015
QQQCNT	400166	000033
QQQCTN	400210	000032
QQREAD	400134	000013
QQYMBL	402374	000375
IQQASC	400035	000010
IQQDMA	400350	000043
IQQJOB	400764	000173
IQQSTS	400116	000007
IQQTRW	400145	000026
QQCBCD	400242	000050
QQCROS	401753	000061
QQJOB	400067	000007
QQNUMB	400041	000013
QQSYSI	400027	000013
IQQSLU	400274	000114
IQQTRA	400566	000062
QQINTN	400637	000071
QQMVC	400047	000016
IQQTRE	400657	000051
QQSYSM	400026	000005
IQQFNT	401232	000157
IQQLC4	400126	000014
MYJSUB	400023	000010
QQALFE	400215	001023
ALFBET	400002	000001
QQJOIN	400055	000010
QQDASH	400267	000030
QQPLT	400317	000026
TRANS	400004	000002
QQSCAL	400342	000015
QQTRA1	400421	000043
QQPLUT	401213	000347
QQLOAD	000074
QQERR	400073	000053
QQERRW	400022	000015
QQBURP	401662	001224
QQBYTE	000165
QQINCH	400057	000012
QQQCCN	400100	000010
*
TTY:_LIB40.REL/L$
?DSK:LIB40.REL 040000 IS AN ILLEGAL BLOCK TYPE
*

EXIT

.DO FUDGE2
*TTY:_EXPX22.REL/L$
QEX	000002
.MAIN	000002
.MAIN	000001
QF10L	000333	000137
QCBLL	000326	000137
QMACL	000330	000137
QXF4	000320	000137
QF4L	000224
QF4A	000134	000137
QDBNX	000002
QHLC	000002
.MAIN	000002
QVER	000000
QJBCS	000004
QCPN	000000
QCY	000001
.MAIN	000011
.MAIN	000001
.MAIN	000012
QISC	000000
FORINI	000055	000136
*
TTY:_RAID.REL/L$
RAID	014576
*
TTY:_FORFUN.REL/L$
FORFUN	400454
*
TTY:_COBDDT.REL/L$
COBDDT	007325
*
TTY:_LIBOL.REL/L$
?DSK:LIBOL.REL 026500 IS AN ILLEGAL BLOCK TYPE
*

EXIT

.DO FUDGE2
*TTY:_SAILWT.REL/L$
LOWER	000513
*
TTY:_HLBFTS.REL/L$
?DSK:HLBFTS.REL 000571 IS AN ILLEGAL BLOCK TYPE
*
TTY:_LIBFTS.REL/L$
?DSK:LIBFTS.REL 000571 IS AN ILLEGAL BLOCK TYPE
*
TTY:_DDT.REL/L$
UDDT	006374	000140
*
TTY:_HLBSA8.REL/L$
?DSK:HLBSA8.REL 000571 IS AN ILLEGAL BLOCK TYPE
*

EXIT

.DO FUDGE2
*TTY:_LIBSA8.REL/L$
?DSK:LIBSA8.REL 000571 IS AN ILLEGAL BLOCK TYPE
*
TTY:_HXLIB.REL/L$
?DSK:HXLIB.REL 526470 IS AN ILLEGAL BLOCK TYPE
*
TTY:_PRFGEN.REL/L$
PRFGEN	001114
*
TTY:_B10LIB.REL/L$
SIX1..	412646	000607
*
TTY:_BAIPD8.REL/L$
BAIPD8	000000
*

EXIT

.DO FUDGE2
*TTY:_SFOLIB.REL/L$
	000000	777777
*
TTY:_IOCS.REL/L$
?ENTRY BLOCK TOO LARGE, PROGRAM MIOCS
*
TTY:_CSMP.REL/L$
?DSK:CSMP.REL 400036 IS AN ILLEGAL BLOCK TYPE
*
TTY:_CMDPKG.REL/L$
CMD000	400004
CMD001	400006
CMD002	400022	000010
CMD003	400005
CMD004	400063	000002
CMD005	400200
CMD006	400002
CMD007	400026
CMD008	400013	000003
CSD000	000051	000002
CSD001	001041	000440
CSD002	000356	000003
CSD003	000037	000013
CSD004	000036	000005
CSD005	000012	000003
CSD006	000055	000026
CSD007	000022	000005
CSD008	000136	000006
CSD009	000051	000012
CSD010	000157	000011
CSD011	000247	000007
CSD012	000023	000005
CSD013	000103	000061
CSD014	000047	000016
CSD015	000133	000004
CSD016	000037	000010
CSD017	000044	000005
CSD018	000052	000005
CSD019	000046	000011
CSD020	000035	000005
CSD021	000053	000007
CMDPRM	400200	000411
CMD000	400004
CMD001	400006
CMD002	400022	000010
CMD003	400005
CMD004	400063	000002
CMD005	400200
CMD006	400002
CMD007	400026
CMD008	400013	000003
CSD000	000051	000002
CSD001	001041	000440
CSD002	000356	000003
CSD003	000037	000013
CSD004	000036	000005
CSD005	000012	000003
CSD006	000055	000026
CSD007	000022	000005
CSD008	000136	000006
CSD009	000051	000012
CSD010	000157	000011
CSD011	000247	000007
CSD012	000023	000005
CSD013	000103	000061
CSD014	000047	000016
CSD015	000133	000004
CSD016	000037	000010
CSD017	000044	000005
CSD018	000052	000005
CSD019	000046	000011
CSD020	000035	000005
CSD021	000053	000007
CMDPRM	400200	000411
CMD000	400004
CMD001	400006
CMD002	400022	000010
CMD003	400005
CMD004	400063	000002
CMD005	400200
CMD006	400002
CMD007	400026
CMD008	400013	000003
CSD000	000051	000002
CSD001	001041	000440
CSD002	000356	000003
CSD003	000037	000013
CSD004	000036	000005
CSD005	000012	000003
CSD006	000055	000026
CSD007	000022	000005
CSD008	000136	000006
CSD009	000051	000012
CSD010	000157	000011
CSD011	000247	000007
CSD012	000023	000005
CSD013	000103	000061
CSD014	000047	000016
CSD015	000133	000004
CSD016	000037	000010
CSD017	000044	000005
CSD018	000052	000005
CSD019	000046	000011
CSD020	000035	000005
CSD021	000053	000007
CMDPRM	400200	000411
*
TTY:_HIDDT.REL/L$
HIDDT	006261	000140
*

EXIT

.DO FUDGE2
*TTY:_SDDT.REL/L$
SDDTE	031212
*
TTY:_ALGLIB.REL/L$
ALGLIB	000000
ALGOBJ	000051	000125
ALGOBJ	000011	000125
POWER1	000061
POWER3	000037
POWER4	000025
POWER5	000061
DSIGN	000010
SIGN	000006
DABS	000043
DENTIE	000017
DINT	000005
DBOOL	000005
IR	000006
ILR	000006
ENTIER	000006
RLR	000002
ENTIEL	000017
LRR	000002
DSINE	000010
DCOSIN	000010
SINEC	000057
DARCSI	000010
ARCSIN	000020
DARCCO	000010
ARCCOS	000031
DARCTA	000010
ARCTAN	000060
DSQRT	000010
SQRT	000032
DLN	000010
LN	000037
DTAN	000010
TAN	000054
DSINH	000010
SINH	000037
DCOSH	000010
COSH	000017
DTANH	000010
TANH	000041
DEXP	000010
EXP	000050
DLSIN	000012
DLCOS	000012
LSINL	000175
DLARCT	000012
LARCTA	000146
DLSQRT	000012
LSQRT	000065
DLEXP	000012
LEXP	000164
DLLN	000012
LLN	000150
DFAD0	000005
DFSB0	000007
DFMP0	000013
DFDV0	000011
RDFSB0	000006
RDFDV0	000015
DFAD3	000005
DFSB3	000007
DFMP3	000013
DFDV3	000011
RDFSB3	000006
RDFDV3	000015
DFAD6	000005
DFSB6	000007
DFMP6	000013
DFDV6	000011
RDFSB6	000006
RDFDV6	000015
DFAD9	000005
DFSB9	000007
DFMP9	000013
DFDV9	000011
RDFSB9	000006
RDFDV9	000015
DIM	000007
LBUB	000026
IMINI	000045
RMINR	000046
LMINL	000063
GFIELD	000143
TAIL	000034
COPY	000063
TRAP	000053
CALLF	000163
NEWSTR	000050
LENGTH	000010
DELETE	000033
LINKL	000035
INSYMB	000012
OUTSYM	000007
NEXTSY	000013
SKIPSY	000005
BREAKO	000005
SPACE	000015
TAB	000015
NEWLIN	000021
PAGE	000023
READ	000146
WRITE	000142
PRINT	000040
READOC	000025
PRINTO	000031
INPUT	000071
SELIN	000017
RELEAS	000012
OPENFI	000100
CLOSEF	000011
TRANSF	000005
BACKSP	000011
ENDFIL	000011
REWIND	000011
IOCHAN	000013
*
TTY:_SLIB.REL/L$
SLIB	001101
*
TTY:_CSMPDF.REL/L$
S1
S2
S3
S4
S5
S6
S7
S8
S9
S10
S11
S12
S13
S14
S15
S16
S17
S18
S19
S20
*
TTY:_FDEBUG.REL/L$
FDEBUG	003440	000075
*

EXIT

.DO FUDGE2
*TTY:_VALPRI.REL/L$
VALPRI	000516	000140
*
TTY:_TRNBIL.REL/L$
TRNBIL	000475	000140
*

EXIT

.LOGOUT
113.09 tru
terminal time: 0:05:04
   _ 	@