     1     1 ^:-none-       v:ES5020       <:-none-       >:-none-      
ES5020       ^:     1     1 v:-none-       <:-none-       >:GEOD1       
GEOD1        ^:     1     1 v:-none-       <:ES5020       >:ROOT        
ROOT         ^:     1     1 v:ACSSUP       <:GEOD1        >:TXS         
ACSSUP       ^:ROOT         v:BATES        <:-none-       >:BARTLETW    
BATES        ^:ACSSUP       v:-none-       <:-none-       >:BUSPLN      
BUSPLN       ^:ACSSUP       v:-none-       <:BATES        >:CSC.SUPT    
CSC.SUPT     ^:ACSSUP       v:-none-       <:BUSPLN       >:FUJIMOTO    
FUJIMOTO     ^:ACSSUP       v:EDIE         <:CSC.SUPT     >:GAGLIARDI   
EDIE         ^:FUJIMOTO     v:-none-       <:-none-       >:-none-      
GAGLIARDI    ^:ACSSUP       v:-none-       <:FUJIMOTO     >:GMASTERS    
GMASTERS     ^:ACSSUP       v:-none-       <:GAGLIARDI    >:HACKWOOD    
HACKWOOD     ^:ACSSUP       v:-none-       <:GMASTERS     >:HSACHK      
HSACHK       ^:ACSSUP       v:-none-       <:HACKWOOD     >:LOGAN       
LOGAN        ^:ACSSUP       v:-none-       <:HSACHK       >:MAKIN       
MAKIN        ^:ACSSUP       v:-none-       <:LOGAN        >:STACKHOUSE  
STACKHOUSE   ^:ACSSUP       v:-none-       <:MAKIN        >:-none-      
BARTLETW     ^:ROOT         v:-none-       <:ACSSUP       >:BEDELL      
BEDELL       ^:ROOT         v:FUGITT       <:BARTLETW     >:BROWNK      
FUGITT       ^:BEDELL       v:-none-       <:-none-       >:GUILLOU     
GUILLOU      ^:BEDELL       v:-none-       <:FUGITT       >:JAY         
JAY          ^:BEDELL       v:-none-       <:GUILLOU      >:KAMOI       
KAMOI        ^:BEDELL       v:-none-       <:JAY          >:MARUSG      
MARUSG       ^:BEDELL       v:-none-       <:KAMOI        >:SLIGOS      
SLIGOS       ^:BEDELL       v:BARASZ       <:MARUSG       >:STRATMAN    
BARASZ       ^:SLIGOS       v:ARLETTE      <:-none-       >:GILLES      
ARLETTE      ^:BARASZ       v:-none-       <:-none-       >:BERNARD     
BERNARD      ^:BARASZ       v:-none-       <:ARLETTE      >:HENRI       
HENRI        ^:BARASZ       v:-none-       <:BERNARD      >:MARIE-ODILE 
MARIE-ODILE  ^:BARASZ       v:-none-       <:HENRI        >:-none-      
GILLES       ^:SLIGOS       v:-none-       <:BARASZ       >:SLICM       
SLICM        ^:SLIGOS       v:-none-       <:GILLES       >:SLIESA      
SLIESA       ^:SLIGOS       v:-none-       <:SLICM        >:THEO        
THEO         ^:SLIGOS       v:-none-       <:SLIESA       >:-none-      
STRATMAN     ^:BEDELL       v:-none-       <:SLIGOS       >:-none-      
BROWNK       ^:ROOT         v:-none-       <:BEDELL       >:CAIN        
CAIN         ^:ROOT         v:EVANSG       <:BROWNK       >:DIAMONDP    
EVANSG       ^:CAIN         v:-none-       <:-none-       >:KJJ         
KJJ          ^:CAIN         v:-none-       <:EVANSG       >:SDS         
SDS          ^:CAIN         v:GLE          <:KJJ          >:-none-      
GLE          ^:SDS          v:-none-       <:-none-       >:LINDLEY     
LINDLEY      ^:SDS          v:-none-       <:GLE          >:SME         
SME          ^:SDS          v:-none-       <:LINDLEY      >:-none-      
DIAMONDP     ^:ROOT         v:A/PINK       <:CAIN         >:DMULLIN     
A/PINK       ^:DIAMONDP     v:-none-       <:-none-       >:BETTY       
BETTY        ^:DIAMONDP     v:-none-       <:A/PINK       >:CUPPLESD    
CUPPLESD     ^:DIAMONDP     v:-none-       <:BETTY        >:ECKEL       
ECKEL        ^:DIAMONDP     v:-none-       <:CUPPLESD     >:FERGUSON    
FERGUSON     ^:DIAMONDP     v:ADRIANO      <:ECKEL        >:GUY         
ADRIANO      ^:FERGUSON     v:-none-       <:-none-       >:AKAISER     
AKAISER      ^:FERGUSON     v:-none-       <:ADRIANO      >:BILAR       
BILAR        ^:FERGUSON     v:-none-       <:AKAISER      >:BKORB       
BKORB        ^:FERGUSON     v:-none-       <:BILAR        >:BROUGH      
BROUGH       ^:FERGUSON     v:-none-       <:BKORB        >:CYOKLEY     
CYOKLEY      ^:FERGUSON     v:-none-       <:BROUGH       >:DCHING      
DCHING       ^:FERGUSON     v:-none-       <:CYOKLEY      >:DHATHAWAY   
DHATHAWAY    ^:FERGUSON     v:-none-       <:DCHING       >:DHOWARD     
DHOWARD      ^:FERGUSON     v:-none-       <:DHATHAWAY    >:DROGERS     
DROGERS      ^:FERGUSON     v:-none-       <:DHOWARD      >:DTROXELL    
DTROXELL     ^:FERGUSON     v:-none-       <:DROGERS      >:GMATTSON    
GMATTSON     ^:FERGUSON     v:-none-       <:DTROXELL     >:HOLLOWAY    
HOLLOWAY     ^:FERGUSON     v:-none-       <:GMATTSON     >:HULTMAN     
HULTMAN      ^:FERGUSON     v:-none-       <:HOLLOWAY     >:JADAMS      
JADAMS       ^:FERGUSON     v:-none-       <:HULTMAN      >:JJALA       
JJALA        ^:FERGUSON     v:-none-       <:JADAMS       >:JPIERCE     
JPIERCE      ^:FERGUSON     v:-none-       <:JJALA        >:KLAMBERT    
KLAMBERT     ^:FERGUSON     v:-none-       <:JPIERCE      >:KYHL        
KYHL         ^:FERGUSON     v:-none-       <:KLAMBERT     >:LNICHOLL    
LNICHOLL     ^:FERGUSON     v:-none-       <:KYHL         >:LU          
LU           ^:FERGUSON     v:-none-       <:LNICHOLL     >:LWONG       
LWONG        ^:FERGUSON     v:-none-       <:LU           >:MARSH       
MARSH        ^:FERGUSON     v:-none-       <:LWONG        >:MNEWTON     
MNEWTON      ^:FERGUSON     v:-none-       <:MARSH        >:MPOWELL     
MPOWELL      ^:FERGUSON     v:-none-       <:MNEWTON      >:MREINICK    
MREINICK     ^:FERGUSON     v:-none-       <:MPOWELL      >:RAY         
RAY          ^:FERGUSON     v:-none-       <:MREINICK     >:RLAWRENCE   
RLAWRENCE    ^:FERGUSON     v:-none-       <:RAY          >:RMISA       
RMISA        ^:FERGUSON     v:-none-       <:RLAWRENCE    >:ROWE        
ROWE         ^:FERGUSON     v:-none-       <:RMISA        >:RROUGEUX    
RROUGEUX     ^:FERGUSON     v:-none-       <:ROWE         >:RSEVEN      
RSEVEN       ^:FERGUSON     v:-none-       <:RROUGEUX     >:RWALLBAUM   
RWALLBAUM    ^:FERGUSON     v:-none-       <:RSEVEN       >:RWILLIAMS   
RWILLIAMS    ^:FERGUSON     v:-none-       <:RWALLBAUM    >:SANCHEZ     
SANCHEZ      ^:FERGUSON     v:-none-       <:RWILLIAMS    >:SMORSE      
SMORSE       ^:FERGUSON     v:-none-       <:SANCHEZ      >:SOCKWELL    
SOCKWELL     ^:FERGUSON     v:ABURUMUH     <:SMORSE       >:TEIMEN      
ABURUMUH     ^:SOCKWELL     v:-none-       <:-none-       >:ATKINS      
ATKINS       ^:SOCKWELL     v:-none-       <:ABURUMUH     >:BONSTOTT    
BONSTOTT     ^:SOCKWELL     v:-none-       <:ATKINS       >:DORIAN      
DORIAN       ^:SOCKWELL     v:-none-       <:BONSTOTT     >:MENAKER     
MENAKER      ^:SOCKWELL     v:-none-       <:DORIAN       >:TORRISI     
TORRISI      ^:SOCKWELL     v:-none-       <:MENAKER      >:-none-      
TEIMEN       ^:FERGUSON     v:-none-       <:SOCKWELL     >:THOLT       
THOLT        ^:FERGUSON     v:-none-       <:TEIMEN       >:TMCMINN     
TMCMINN      ^:FERGUSON     v:-none-       <:THOLT        >:TORRES      
TORRES       ^:FERGUSON     v:-none-       <:TMCMINN      >:UNGERN      
UNGERN       ^:FERGUSON     v:-none-       <:TORRES       >:WASHINGTON  
WASHINGTON   ^:FERGUSON     v:-none-       <:UNGERN       >:-none-      
GUY          ^:DIAMONDP     v:ABELEJ       <:FERGUSON     >:HFINCH      
ABELEJ       ^:GUY          v:-none-       <:-none-       >:BAKERS      
BAKERS       ^:GUY          v:-none-       <:ABELEJ       >:BARDINR     
BARDINR      ^:GUY          v:-none-       <:BAKERS       >:BENEKEQ     
BENEKEQ      ^:GUY          v:-none-       <:BARDINR      >:BIANCHINIP  
BIANCHINIP   ^:GUY          v:-none-       <:BENEKEQ      >:BIEGLER     
BIEGLER      ^:GUY          v:-none-       <:BIANCHINIP   >:BOYLE       
BOYLE        ^:GUY          v:-none-       <:BIEGLER      >:BRITT       
BRITT        ^:GUY          v:-none-       <:BOYLE        >:CASTILLOJ   
CASTILLOJ    ^:GUY          v:CROCKER      <:BRITT        >:CRHOADES    
CROCKER      ^:CASTILLOJ    v:-none-       <:-none-       >:DUHON       
DUHON        ^:CASTILLOJ    v:-none-       <:CROCKER      >:KINGD       
KINGD        ^:CASTILLOJ    v:-none-       <:DUHON        >:KINGM       
KINGM        ^:CASTILLOJ    v:-none-       <:KINGD        >:WANGT       
WANGT        ^:CASTILLOJ    v:-none-       <:KINGM        >:-none-      
CRHOADES     ^:GUY          v:-none-       <:CASTILLOJ    >:DEMARIA     
DEMARIA      ^:GUY          v:-none-       <:CRHOADES     >:DOBBSE      
DOBBSE       ^:GUY          v:-none-       <:DEMARIA      >:ECKLEYR     
ECKLEYR      ^:GUY          v:-none-       <:DOBBSE       >:FARINELLIV  
FARINELLIV   ^:GUY          v:-none-       <:ECKLEYR      >:FEMINELLA   
FEMINELLA    ^:GUY          v:-none-       <:FARINELLIV   >:FLEMINGD    
FLEMINGD     ^:GUY          v:-none-       <:FEMINELLA    >:GALE        
GALE         ^:GUY          v:-none-       <:FLEMINGD     >:GORDOND     
GORDOND      ^:GUY          v:-none-       <:GALE         >:GREENL      
GREENL       ^:GUY          v:-none-       <:GORDOND      >:GRINERJ     
GRINERJ      ^:GUY          v:-none-       <:GREENL       >:GROTTYB     
GROTTYB      ^:GUY          v:-none-       <:GRINERJ      >:GROVESK     
GROVESK      ^:GUY          v:-none-       <:GROTTYB      >:HADENR      
HADENR       ^:GUY          v:-none-       <:GROVESK      >:HAGANJ      
HAGANJ       ^:GUY          v:-none-       <:HADENR       >:HALE        
HALE         ^:GUY          v:-none-       <:HAGANJ       >:HARTZELLS   
HARTZELLS    ^:GUY          v:-none-       <:HALE         >:HERNANDEZG  
HERNANDEZG   ^:GUY          v:-none-       <:HARTZELLS    >:IVY         
IVY          ^:GUY          v:-none-       <:HERNANDEZG   >:JACKSONJ    
JACKSONJ     ^:GUY          v:-none-       <:IVY          >:JGOLIGHTLY  
JGOLIGHTLY   ^:GUY          v:-none-       <:JACKSONJ     >:K/WILKINSON 
K/WILKINSON  ^:GUY          v:-none-       <:JGOLIGHTLY   >:KEK         
KEK          ^:GUY          v:HALLMARK     <:K/WILKINSON  >:LARSON      
HALLMARK     ^:KEK          v:COLEMAN      <:-none-       >:JR/BELL     
COLEMAN      ^:HALLMARK     v:-none-       <:-none-       >:NEWSHAMM    
NEWSHAMM     ^:HALLMARK     v:-none-       <:COLEMAN      >:TOWERSJ     
TOWERSJ      ^:HALLMARK     v:-none-       <:NEWSHAMM     >:WALSHD      
WALSHD       ^:HALLMARK     v:-none-       <:TOWERSJ      >:-none-      
JR/BELL      ^:KEK          v:CYRANE       <:HALLMARK     >:K/OLINGER   
CYRANE       ^:JR/BELL      v:-none-       <:-none-       >:FERGY       
FERGY        ^:JR/BELL      v:-none-       <:CYRANE       >:FERGYD      
FERGYD       ^:JR/BELL      v:-none-       <:FERGY        >:LARSONR     
LARSONR      ^:JR/BELL      v:-none-       <:FERGYD       >:MARKH       
MARKH        ^:JR/BELL      v:-none-       <:LARSONR      >:MOOREJ      
MOOREJ       ^:JR/BELL      v:-none-       <:MARKH        >:MORTOND     
MORTOND      ^:JR/BELL      v:-none-       <:MOOREJ       >:PARKERT     
PARKERT      ^:JR/BELL      v:-none-       <:MORTOND      >:SMITHJ      
SMITHJ       ^:JR/BELL      v:-none-       <:PARKERT      >:SMITHT      
SMITHT       ^:JR/BELL      v:-none-       <:SMITHJ       >:WACHTERM    
WACHTERM     ^:JR/BELL      v:-none-       <:SMITHT       >:-none-      
K/OLINGER    ^:KEK          v:CLARKJ       <:JR/BELL      >:M/BAUGH     
CLARKJ       ^:K/OLINGER    v:-none-       <:-none-       >:DECKERB     
DECKERB      ^:K/OLINGER    v:-none-       <:CLARKJ       >:MUCKJ       
MUCKJ        ^:K/OLINGER    v:-none-       <:DECKERB      >:-none-      
M/BAUGH      ^:KEK          v:-none-       <:K/OLINGER    >:-none-      
LARSON       ^:GUY          v:-none-       <:KEK          >:LEELAA      
LEELAA       ^:GUY          v:-none-       <:LARSON       >:LUCASB      
LUCASB       ^:GUY          v:-none-       <:LEELAA       >:LWOLF       
LWOLF        ^:GUY          v:-none-       <:LUCASB       >:MAEGLIJ     
MAEGLIJ      ^:GUY          v:-none-       <:LWOLF        >:MERCIERB    
MERCIERB     ^:GUY          v:KIMMEL       <:MAEGLIJ      >:MILLERD     
KIMMEL       ^:MERCIERB     v:BLOYDG       <:-none-       >:MEIZISM     
BLOYDG       ^:KIMMEL       v:-none-       <:-none-       >:CALLAHANM   
CALLAHANM    ^:KIMMEL       v:-none-       <:BLOYDG       >:CAUDILLB    
CAUDILLB     ^:KIMMEL       v:-none-       <:CALLAHANM    >:DANIELSE    
DANIELSE     ^:KIMMEL       v:-none-       <:CAUDILLB     >:LINDONM     
LINDONM      ^:KIMMEL       v:-none-       <:DANIELSE     >:-none-      
MEIZISM      ^:MERCIERB     v:-none-       <:KIMMEL       >:NAVASB      
NAVASB       ^:MERCIERB     v:BRYANTC      <:MEIZISM      >:-none-      
BRYANTC      ^:NAVASB       v:-none-       <:-none-       >:COONM       
COONM        ^:NAVASB       v:-none-       <:BRYANTC      >:GREENERJ    
GREENERJ     ^:NAVASB       v:-none-       <:COONM        >:LUMMK       
LUMMK        ^:NAVASB       v:-none-       <:GREENERJ     >:MCDOWELLM   
MCDOWELLM    ^:NAVASB       v:-none-       <:LUMMK        >:MCGUCKIND   
MCGUCKIND    ^:NAVASB       v:-none-       <:MCDOWELLM    >:NEWILLB     
NEWILLB      ^:NAVASB       v:-none-       <:MCGUCKIND    >:PEFLEYR     
PEFLEYR      ^:NAVASB       v:-none-       <:NEWILLB      >:SIEPIERSKIR 
SIEPIERSKIR  ^:NAVASB       v:-none-       <:PEFLEYR      >:SOTEKM      
SOTEKM       ^:NAVASB       v:-none-       <:SIEPIERSKIR  >:WILKOS      
WILKOS       ^:NAVASB       v:-none-       <:SOTEKM       >:-none-      
MILLERD      ^:GUY          v:-none-       <:MERCIERB     >:MUCHOW      
MUCHOW       ^:GUY          v:-none-       <:MILLERD      >:NELSONJ     
NELSONJ      ^:GUY          v:-none-       <:MUCHOW       >:PALIUCA     
PALIUCA      ^:GUY          v:-none-       <:NELSONJ      >:PECK        
PECK         ^:GUY          v:-none-       <:PALIUCA      >:POBATF      
POBATF       ^:GUY          v:BLAKED       <:PECK         >:PRICE       
BLAKED       ^:POBATF       v:-none-       <:-none-       >:CHOWARD     
CHOWARD      ^:POBATF       v:-none-       <:BLAKED       >:FRINKD      
FRINKD       ^:POBATF       v:-none-       <:CHOWARD      >:MACEKS      
MACEKS       ^:POBATF       v:-none-       <:FRINKD       >:PWEGRZYN    
PWEGRZYN     ^:POBATF       v:-none-       <:MACEKS       >:RGAIKOWSKI  
RGAIKOWSKI   ^:POBATF       v:-none-       <:PWEGRZYN     >:SBROUGHTON  
SBROUGHTON   ^:POBATF       v:-none-       <:RGAIKOWSKI   >:STOCKTONG   
STOCKTONG    ^:POBATF       v:-none-       <:SBROUGHTON   >:TRYONS      
TRYONS       ^:POBATF       v:-none-       <:STOCKTONG    >:WALTERB     
WALTERB      ^:POBATF       v:-none-       <:TRYONS       >:-none-      
PRICE        ^:GUY          v:-none-       <:POBATF       >:REECET      
REECET       ^:GUY          v:-none-       <:PRICE        >:RTHOMAS     
RTHOMAS      ^:GUY          v:-none-       <:REECET       >:SCHNELLERB  
SCHNELLERB   ^:GUY          v:-none-       <:RTHOMAS      >:SLOVAKM     
SLOVAKM      ^:GUY          v:ADAMSR       <:SCHNELLERB   >:SVEST       
ADAMSR       ^:SLOVAKM      v:-none-       <:-none-       >:GARDNERT    
GARDNERT     ^:SLOVAKM      v:-none-       <:ADAMSR       >:GORDONS     
GORDONS      ^:SLOVAKM      v:-none-       <:GARDNERT     >:IRVINE      
IRVINE       ^:SLOVAKM      v:-none-       <:GORDONS      >:ROGACZEWSKI 
ROGACZEWSKI  ^:SLOVAKM      v:-none-       <:IRVINE       >:ROSSF       
ROSSF        ^:SLOVAKM      v:-none-       <:ROGACZEWSKI  >:SPRUELLR    
SPRUELLR     ^:SLOVAKM      v:-none-       <:ROSSF        >:-none-      
SVEST        ^:GUY          v:-none-       <:SLOVAKM      >:TLLOYD      
TLLOYD       ^:GUY          v:-none-       <:SVEST        >:VINSONJ     
VINSONJ      ^:GUY          v:-none-       <:TLLOYD       >:WILLIS      
WILLIS       ^:GUY          v:-none-       <:VINSONJ      >:WOELBLINGT  
WOELBLINGT   ^:GUY          v:-none-       <:WILLIS       >:WOLAK       
WOLAK        ^:GUY          v:WHITFIELD    <:WOELBLINGT   >:-none-      
WHITFIELD    ^:WOLAK        v:-none-       <:-none-       >:-none-      
HFINCH       ^:DIAMONDP     v:BLANDON      <:GUY          >:MASSUNG     
BLANDON      ^:HFINCH       v:-none-       <:-none-       >:DLEITER     
DLEITER      ^:HFINCH       v:-none-       <:BLANDON      >:FEASEL      
FEASEL       ^:HFINCH       v:-none-       <:DLEITER      >:MUSHA       
MUSHA        ^:HFINCH       v:-none-       <:FEASEL       >:ROACH       
ROACH        ^:HFINCH       v:-none-       <:MUSHA        >:THIESSEN    
THIESSEN     ^:HFINCH       v:-none-       <:ROACH        >:-none-      
MASSUNG      ^:DIAMONDP     v:-none-       <:HFINCH       >:MMILLER     
MMILLER      ^:DIAMONDP     v:-none-       <:MASSUNG      >:RAUSCHER    
RAUSCHER     ^:DIAMONDP     v:CFRICK       <:MMILLER      >:RSETZER     
CFRICK       ^:RAUSCHER     v:-none-       <:-none-       >:PAPERMEN    
PAPERMEN     ^:RAUSCHER     v:-none-       <:CFRICK       >:-none-      
RSETZER      ^:DIAMONDP     v:-none-       <:RAUSCHER     >:TROSUK      
TROSUK       ^:DIAMONDP     v:ALBERTAC     <:RSETZER      >:-none-      
ALBERTAC     ^:TROSUK       v:-none-       <:-none-       >:BEAULIEU    
BEAULIEU     ^:TROSUK       v:-none-       <:ALBERTAC     >:BEZJIAN     
BEZJIAN      ^:TROSUK       v:-none-       <:BEAULIEU     >:BPACINELLI  
BPACINELLI   ^:TROSUK       v:-none-       <:BEZJIAN      >:BROZENA     
BROZENA      ^:TROSUK       v:-none-       <:BPACINELLI   >:DRISCOLLT   
DRISCOLLT    ^:TROSUK       v:-none-       <:BROZENA      >:EARLY       
EARLY        ^:TROSUK       v:-none-       <:DRISCOLLT    >:FARANDA     
FARANDA      ^:TROSUK       v:-none-       <:EARLY        >:FINKEL      
FINKEL       ^:TROSUK       v:-none-       <:FARANDA      >:GEROSA      
GEROSA       ^:TROSUK       v:-none-       <:FINKEL       >:HINDS       
HINDS        ^:TROSUK       v:-none-       <:GEROSA       >:HROBLAK     
HROBLAK      ^:TROSUK       v:-none-       <:HINDS        >:HUFF        
HUFF         ^:TROSUK       v:-none-       <:HROBLAK      >:JCOLEMAN    
JCOLEMAN     ^:TROSUK       v:-none-       <:HUFF         >:JGRAY       
JGRAY        ^:TROSUK       v:-none-       <:JCOLEMAN     >:JOHNSON     
JOHNSON      ^:TROSUK       v:-none-       <:JGRAY        >:JUSTIC      
JUSTIC       ^:TRO     v:-none-       <:JOHNSON      >:KALINOWSKI  
KALINOWSKI   ^:TROSUK       v:-none-       <:JUSTIC       >:KIER        
KIER         ^:TROSUK       v:-none-       <:KALINOWSKI   >:KUMMER      
KUMMER       ^:TROSUK       v:-none-       <:KIER         >:LINKE       
LINKE        ^:TROSUK       v:-none-       <:KUMMER       >:LONGHWAYR   
LONGHWAYR    ^:TROSUK       v:-none-       <:LINKE        >:LYONS       
LYONS        ^:TROSUK       v:-none-       <:LONGHWAYR    >:MARTO       
MARTO        ^:TROSUK       v:-none-       <:LYONS        >:MATTERA     
MATTERA      ^:TROSUK       v:-none-       <:MARTO        >:MCONRAD     
MCONRAD      ^:TROSUK       v:-none-       <:MATTERA      >:MELASECCA   
MELASECCA    ^:TROSUK       v:-none-       <:MCONRAD      >:MISSYL      
MISSYL       ^:TROSUK       v:-none-       <:MELASECCA    >:MOSS        
MOSS         ^:TROSUK       v:-none-       <:MISSYL       >:NAUSEDAS    
NAUSEDAS     ^:TROSUK       v:-none-       <:MOSS         >:PEDANO      
PEDANO       ^:TROSUK       v:-none-       <:NAUSEDAS     >:PERRINO     
PERRINO      ^:TROSUK       v:-none-       <:PEDANO       >:PFISTER     
PFISTER      ^:TROSUK       v:BEAN         <:PERRINO      >:PLUMMERD    
BEAN         ^:PFISTER      v:-none-       <:-none-       >:BOSLEY      
BOSLEY       ^:PFISTER      v:-none-       <:BEAN         >:BREZNAY     
BREZNAY      ^:PFISTER      v:-none-       <:BOSLEY       >:BROSNAN     
BROSNAN      ^:PFISTER      v:-none-       <:BREZNAY      >:CBRATUN     
CBRATUN      ^:PFISTER      v:-none-       <:BROSNAN      >:CHAMPAGNE   
CHAMPAGNE    ^:PFISTER      v:-none-       <:CBRATUN      >:FALCONER    
FALCONER     ^:PFISTER      v:-none-       <:CHAMPAGNE    >:FALLIN      
FALLIN       ^:PFISTER      v:-none-       <:FALCONER     >:FINEIN      
FINEIN       ^:PFISTER      v:-none-       <:FALLIN       >:HANNAWAY    
HANNAWAY     ^:PFISTER      v:-none-       <:FINEIN       >:NEWSTED     
NEWSTED      ^:PFISTER      v:-none-       <:HANNAWAY     >:PELLAK      
PELLAK       ^:PFISTER      v:-none-       <:NEWSTED      >:RALPH       
RALPH        ^:PFISTER      v:-none-       <:PELLAK       >:REEDER      
REEDER       ^:PFISTER      v:-none-       <:RALPH        >:SCHRAMM     
SCHRAMM      ^:PFISTER      v:-none-       <:REEDER       >:STERN       
STERN        ^:PFISTER      v:-none-       <:SCHRAMM      >:THALL       
THALL        ^:PFISTER      v:-none-       <:STERN        >:TREVEY      
TREVEY       ^:PFISTER      v:-none-       <:THALL        >:-none-      
PLUMMERD     ^:TROSUK       v:-none-       <:PFISTER      >:RENNA       
RENNA        ^:TROSUK       v:BLACK        <:PLUMMERD     >:RICE        
BLACK        ^:RENNA        v:-none-       <:-none-       >:CARN        
CARN         ^:RENNA        v:-none-       <:BLACK        >:GRANT       
GRANT        ^:RENNA        v:-none-       <:CARN         >:HOOT        
HOOT         ^:RENNA        v:-none-       <:GRANT        >:KANE        
KANE         ^:RENNA        v:-none-       <:HOOT         >:SPRY        
SPRY         ^:RENNA        v:-none-       <:KANE         >:SWANSON     
SWANSON      ^:RENNA        v:-none-       <:SPRY         >:-none-      
RICE         ^:TROSUK       v:-none-       <:RENNA        >:ROSOLEN     
ROSOLEN      ^:TROSUK       v:-none-       <:RICE         >:SALMAZ      
SALMAZ       ^:TROSUK       v:-none-       <:ROSOLEN      >:SOLAZZO     
SOLAZZO      ^:TROSUK       v:-none-       <:SALMAZ       >:SORRELL     
SORRELL      ^:TROSUK       v:-none-       <:SOLAZZO      >:THOMAS      
THOMAS       ^:TROSUK       v:-none-       <:SORRELL      >:THOMPSONB   
THOMPSONB    ^:TROSUK       v:-none-       <:THOMAS       >:WANDELL     
WANDELL      ^:TROSUK       v:-none-       <:THOMPSONB    >:WILLIAMSON  
WILLIAMSON   ^:TROSUK       v:-none-       <:WANDELL      >:WINTERS     
WINTERS      ^:TROSUK       v:-none-       <:WILLIAMSON   >:YORKJ       
YORKJ        ^:TROSUK       v:-none-       <:WINTERS      >:ZANDERIGO   
ZANDERIGO    ^:TROSUK       v:-none-       <:YORKJ        >:ZIEG        
ZIEG         ^:TROSUK       v:-none-       <:ZANDERIGO    >:ZUMMO       
ZUMMO        ^:TROSUK       v:-none-       <:ZIEG         >:-none-      
DMULLIN      ^:ROOT         v:DMCCARVER    <:DIAMONDP     >:DSJ         
DMCCARVER    ^:DMULLIN      v:-none-       <:-none-       >:JBONDURANT  
JBONDURANT   ^:DMULLIN      v:-none-       <:DMCCARVER    >:LHOLLENBECK 
LHOLLENBECK  ^:DMULLIN      v:-none-       <:JBONDURANT   >:SBAYLER     
SBAYLER      ^:DMULLIN      v:-none-       <:LHOLLENBECK  >:SDUMOND     
SDUMOND      ^:DMULLIN      v:-none-       <:SBAYLER      >:SGREGORICH  
SGREGORICH   ^:DMULLIN      v:-none-       <:SDUMOND      >:SMACIEL     
SMACIEL      ^:DMULLIN      v:-none-       <:SGREGORICH   >:-none-      
DSJ          ^:ROOT         v:-none-       <:DMULLIN      >:EDIMAINT    
EDIMAINT     ^:ROOT         v:-none-       <:DSJ          >:FENN.AL     
FENN.AL      ^:ROOT         v:ALCORN       <:EDIMAINT     >:FISCHERB    
ALCORN       ^:FENN.AL      v:GORDON       <:-none-       >:EUSKE       
GORDON       ^:ALCORN       v:-none-       <:-none-       >:RBROWN      
RBROWN       ^:ALCORN       v:ACHERIN      <:GORDON       >:-none-      
ACHERIN      ^:RBROWN       v:-none-       <:-none-       >:BLISS       
BLISS        ^:RBROWN       v:ARDIS        <:ACHERIN      >:DRUPE       
ARDIS        ^:BLISS        v:-none-       <:-none-       >:HVBURTON    
HVBURTON     ^:BLISS        v:-none-       <:ARDIS        >:MIKEMO      
MIKEMO       ^:BLISS        v:-none-       <:HVBURTON     >:SCHARF      
SCHARF       ^:BLISS        v:-none-       <:MIKEMO       >:-none-      
DRUPE        ^:RBROWN       v:-none-       <:BLISS        >:DWALPOLE    
DWALPOLE     ^:RBROWN       v:-none-       <:DRUPE        >:HENGST      
HENGST       ^:RBROWN       v:-none-       <:DWALPOLE     >:OHLSONK     
OHLSONK      ^:RBROWN       v:-none-       <:HENGST       >:RAYCORB     
RAYCORB      ^:RBROWN       v:TAYLORE      <:OHLSONK      >:-none-      
TAYLORE      ^:RAYCORB      v:-none-       <:-none-       >:-none-      
EUSKE        ^:FENN.AL      v:COONSJ       <:ALCORN       >:HOLCOMB     
COONSJ       ^:EUSKE        v:EBS          <:-none-       >:DRAWSON     
EBS          ^:COONSJ       v:COMSTOCK     <:-none-       >:MANLEY      
COMSTOCK     ^:EBS          v:-none-       <:-none-       >:DAVARJ      
DAVARJ       ^:EBS          v:-none-       <:COMSTOCK     >:HENTRICHD   
HENTRICHD    ^:EBS          v:-none-       <:DAVARJ       >:-none-      
MANLEY       ^:COONSJ       v:-none-       <:EBS          >:MELCRUTS    
MELCRUTS     ^:COONSJ       v:-none-       <:MANLEY       >:RONGCHU     
RONGCHU      ^:COONSJ       v:-none-       <:MELCRUTS     >:-none-      
DRAWSON      ^:EUSKE        v:-none-       <:COONSJ       >:GAZEL       
GAZEL        ^:EUSKE        v:ALIN         <:DRAWSON      >:HSIEH       
ALIN         ^:GAZEL        v:-none-       <:-none-       >:BBUNYAN     
BBUNYAN      ^:GAZEL        v:-none-       <:ALIN         >:DCHANG      
DCHANG       ^:GAZEL        v:GAMIS        <:BBUNYAN      >:ERICV       
GAMIS        ^:DCHANG       v:-none-       <:-none-       >:RICHTENG    
RICHTENG     ^:DCHANG       v:-none-       <:GAMIS        >:-none-      
ERICV        ^:GAZEL        v:-none-       <:DCHANG       >:JLADEN      
JLADEN       ^:GAZEL        v:-none-       <:ERICV        >:SHSU        
SHSU         ^:GAZEL        v:-none-       <:JLADEN       >:SWEDEL      
SWEDEL       ^:GAZEL        v:-none-       <:SHSU         >:-none-      
HSIEH        ^:EUSKE        v:-none-       <:GAZEL        >:JONASD      
JONASD       ^:EUSKE        v:CASHOK       <:HSIEH        >:KOPF        
CASHOK       ^:JONASD       v:-none-       <:-none-       >:CRAY        
CRAY         ^:JONASD       v:-none-       <:CASHOK       >:ROLAND      
ROLAND       ^:JONASD       v:-none-       <:CRAY         >:-none-      
KOPF         ^:EUSKE        v:-none-       <:JONASD       >:LASATER     
LASATER      ^:EUSKE        v:RCHU         <:KOPF         >:-none-      
RCHU         ^:LASATER      v:DGRAHAM      <:-none-       >:RROUSSELLE  
DGRAHAM      ^:RCHU         v:-none-       <:-none-       >:-none-      
RROUSSELLE   ^:LASATER      v:ALANLO       <:RCHU         >:SMITHDE     
ALANLO       ^:RROUSSELLE   v:-none-       <:-none-       >:BECHLYT     
BECHLYT      ^:RROUSSELLE   v:-none-       <:ALANLO       >:CCHIANG     
CCHIANG      ^:RROUSSELLE   v:-none-       <:BECHLYT      >:JKATO       
JKATO        ^:RROUSSELLE   v:-none-       <:CCHIANG      >:LHU         
LHU          ^:RROUSSELLE   v:-none-       <:JKATO        >:-none-      
SMITHDE      ^:LASATER      v:BSORENSEN    <:RROUSSELLE   >:-none-      
BSORENSEN    ^:SMITHDE      v:-none-       <:-none-       >:MBERGER     
MBERGER      ^:SMITHDE      v:-none-       <:BSORENSEN    >:RGFOX       
RGFOX        ^:SMITHDE      v:-none-       <:MBERGER      >:-none-      
HOLCOMB      ^:FENN.AL      v:BAA          <:EUSKE        >:JAMISON     
BAA          ^:HOLCOMB      v:-none-       <:-none-       >:BJC         
BJC          ^:HOLCOMB      v:-none-       <:BAA          >:MEADOR      
MEADOR       ^:HOLCOMB      v:-none-       <:BJC          >:SALTGAVER   
SALTGAVER    ^:HOLCOMB      v:LVDIAS       <:MEADOR       >:-none-      
LVDIAS       ^:SALTGAVER    v:-none-       <:-none-       >:LVDIAZ      
LVDIAZ       ^:SALTGAVER    v:-none-       <:LVDIAS       >:MATUCHAD    
MATUCHAD     ^:SALTGAVER    v:-none-       <:LVDIAZ       >:NSDADM      
NSDADM       ^:SALTGAVER    v:-none-       <:MATUCHAD     >:SLM         
SLM          ^:SALTGAVER    v:BUNYAN       <:NSDADM       >:TURNER      
BUNYAN       ^:SLM          v:-none-       <:-none-       >:COHEN       
COHEN        ^:SLM          v:-none-       <:BUNYAN       >:KALENDA     
KALENDA      ^:SLM          v:-none-       <:COHEN        >:STIER       
STIER        ^:SLM          v:-none-       <:KALENDA      >:-none-      
TURNER       ^:SALTGAVER    v:-none-       <:SLM          >:WARNER      
WARNER       ^:SALTGAVER    v:-none-       <:TURNER       >:-none-      
JAMISON      ^:FENN.AL      v:-none-       <:HOLCOMB      >:MRUDE       
MRUDE        ^:FENN.AL      v:BURRIESCIN   <:JAMISON      >:NSULLIVAN   
BURRIESCIN   ^:MRUDE        v:-none-       <:-none-       >:DRISCOLL    
DRISCOLL     ^:MRUDE        v:AKSELROD     <:BURRIESCIN   >:ERNSTD      
AKSELROD     ^:DRISCOLL     v:ACHAO        <:-none-       >:ANEWMAN     
ACHAO        ^:AKSELROD     v:-none-       <:-none-       >:BONDAD      
BONDAD       ^:AKSELROD     v:-none-       <:ACHAO        >:HSING       
HSING        ^:AKSELROD     v:-none-       <:BONDAD       >:-none-      
ANEWMAN      ^:DRISCOLL     v:HUEYMA       <:AKSELROD     >:CSHAW       
HUEYMA       ^:ANEWMAN      v:-none-       <:-none-       >:N           
N            ^:ANEWMAN      v:-none-       <:HUEYMA       >:NETMID      
NETMID       ^:ANEWMAN      v:-none-       <:N            >:-none-      
CSHAW        ^:DRISCOLL     v:-none-       <:ANEWMAN      >:EBUELL      
EBUELL       ^:DRISCOLL     v:-none-       <:CSHAW        >:LMAURER     
LMAURER      ^:DRISCOLL     v:BKRUEGER     <:EBUELL       >:-none-      
BKRUEGER     ^:LMAURER      v:-none-       <:-none-       >:CARHART     
CARHART      ^:LMAURER      v:-none-       <:BKRUEGER     >:EDUARDO     
EDUARDO      ^:LMAURER      v:-none-       <:CARHART      >:JERICSON    
JERICSON     ^:LMAURER      v:-none-       <:EDUARDO      >:MJASTRZ     
MJASTRZ      ^:LMAURER      v:-none-       <:JERICSON     >:-none-      
ERNSTD       ^:MRUDE        v:DERNST       <:DRISCOLL     >:MALUBINA    
DERNST       ^:ERNSTD       v:-none-       <:-none-       >:-none-      
MALUBINA     ^:MRUDE        v:-none-       <:ERNSTD       >:MIKERUDE    
MIKERUDE     ^:MRUDE        v:STARR        <:MALUBINA     >:ROMOLO      
STARR        ^:MIKERUDE     v:-none-       <:-none-       >:-none-      
ROMOLO       ^:MRUDE        v:RAFFO        <:MIKERUDE     >:SBALDWIN    
RAFFO        ^:ROMOLO       v:-none-       <:-none-       >:-none-      
SBALDWIN     ^:MRUDE        v:-none-       <:ROMOLO       >:STIMAC      
STIMAC       ^:MRUDE        v:FELDMAN      <:SBALDWIN     >:-none-      
FELDMAN      ^:STIMAC       v:-none-       <:-none-       >:KANNER      
KANNER       ^:STIMAC       v:-none-       <:FELDMAN      >:PEGGYH      
PEGGYH       ^:STIMAC       v:-none-       <:KANNER       >:SELTZER     
SELTZER      ^:STIMAC       v:-none-       <:PEGGYH       >:SHEN        
SHEN         ^:STIMAC       v:-none-       <:SELTZER      >:TING        
TING         ^:STIMAC       v:-none-       <:SHEN         >:-none-      
NSULLIVAN    ^:FENN.AL      v:-none-       <:MRUDE        >:TYMES       
TYMES        ^:FENN.AL      v:-none-       <:NSULLIVAN    >:-none-      
FISCHERB     ^:ROOT         v:FAIRCHILDB   <:FENN.AL      >:GWALKER     
FAIRCHILDB   ^:FISCHERB     v:-none-       <:-none-       >:FREMONT     
FREMONT      ^:FISCHERB     v:ABRIAMZ      <:FAIRCHILDB   >:LELANDY     
ABRIAMZ      ^:FREMONT      v:-none-       <:-none-       >:BELLOPATRICK
BELLOPATRICK ^:FREMONT      v:-none-       <:ABRIAMZ      >:BURHAN      
BURHAN       ^:FREMONT      v:-none-       <:BELLOPATRICK >:CARTA       
CARTA        ^:FREMONT      v:-none-       <:BURHAN       >:DANIELSR    
DANIELSR     ^:FREMONT      v:-none-       <:CARTA        >:DICKINSON   
DICKINSON    ^:FREMONT      v:-none-       <:DANIELSR     >:DMILLER     
DMILLER      ^:FREMONT      v:-none-       <:DICKINSON    >:DONG        
DONG         ^:FREMONT      v:-none-       <:DMILLER      >:ELDREDC     
ELDREDC      ^:FREMONT      v:-none-       <:DONG         >:ELEFTERATOSE
ELEFTERATOSE ^:FREMONT      v:-none-       <:ELDREDC      >:ERICK       
ERICK        ^:FREMONT      v:-none-       <:ELEFTERATOSE >:FRMTDOC     
FRMTDOC      ^:FREMONT      v:-none-       <:ERICK        >:GHBARLOW    
GHBARLOW     ^:FREMONT      v:-none-       <:FRMTDOC      >:GRAFIL      
GRAFIL       ^:FREMONT      v:-none-       <:GHBARLOW     >:HIGHTOWER   
HIGHTOWER    ^:FREMONT      v:-none-       <:GRAFIL       >:HLE         
HLE          ^:FREMONT      v:-none-       <:HIGHTOWER    >:IRONHAT     
IRONHAT      ^:FREMONT      v:-none-       <:HLE          >:JONESD      
JONESD       ^:FREMONT      v:-none-       <:IRONHAT      >:JORGENSEN   
JORGENSEN    ^:FREMONT      v:-none-       <:JONESD       >:JORTIZ      
JORTIZ       ^:FREMONT      v:-none-       <:JORGENSEN    >:JWADE       
JWADE        ^:FREMONT      v:-none-       <:JORTIZ       >:JWALLACE    
JWALLACE     ^:FREMONT      v:-none-       <:JWADE        >:LARIOS      
LARIOS       ^:FREMONT      v:-none-       <:JWALLACE     >:LNOTARY     
LNOTARY      ^:FREMONT      v:-none-       <:LARIOS       >:MARCOTTE    
MARCOTTE     ^:FREMONT      v:-none-       <:LNOTARY      >:MBARENS     
MBARENS      ^:FREMONT      v:-none-       <:MARCOTTE     >:MCDONALD    
MCDONALD     ^:FREMONT      v:-none-       <:MBARENS      >:MCROMWELL   
MCROMWELL    ^:FREMONT      v:-none-       <:MCDONALD     >:ORTIZJ      
ORTIZJ       ^:FREMONT      v:-none-       <:MCROMWELL    >:PADILLA     
PADILLA      ^:FREMONT      v:-none-       <:ORTIZJ       >:PAL         
PAL          ^:FREMONT      v:-none-       <:PADILLA      >:PANCHAL     
PANCHAL      ^:FREMONT      v:-none-       <:PAL          >:PEREZC      
PEREZC       ^:FREMONT      v:-none-       <:PANCHAL      >:REBUILD10   
REBUILD10    ^:FREMONT      v:-none-       <:PEREZC       >:ROSENTRETER 
ROSENTRETER  ^:FREMONT      v:-none-       <:REBUILD10    >:SILVAM      
SILVAM       ^:FREMONT      v:-none-       <:ROSENTRETER  >:SMITH       
SMITH        ^:FREMONT      v:-none-       <:SILVAM       >:TERRY       
TERRY        ^:FREMONT      v:-none-       <:SMITH        >:TPOPERATOR  
TPOPERATOR   ^:FREMONT      v:-none-       <:TERRY        >:WAGNER      
WAGNER       ^:FREMONT      v:-none-       <:TPOPERATOR   >:WALLINGL    
WALLINGL     ^:FREMONT      v:-none-       <:WAGNER       >:WILLIAMSD   
WILLIAMSD    ^:FREMONT      v:-none-       <:WALLINGL     >:WITHERSPOON 
WITHERSPOON  ^:FREMONT      v:-none-       <:WILLIAMSD    >:WONGP       
WONGP        ^:FREMONT      v:-none-       <:WITHERSPOON  >:ZACHARY     
ZACHARY      ^:FREMONT      v:-none-       <:WONGP        >:ZACHARYE    
ZACHARYE     ^:FREMONT      v:-none-       <:ZACHARY      >:-none-      
LELANDY      ^:FISCHERB     v:MARCONI      <:FREMONT      >:ROOPE       
MARCONI      ^:LELANDY      v:ALDRIDGE     <:-none-       >:MERCER      
ALDRIDGE     ^:MARCONI      v:-none-       <:-none-       >:BENNETTR    
BENNETTR     ^:MARCONI      v:-none-       <:ALDRIDGE     >:CARKERL     
CARKERL      ^:MARCONI      v:-none-       <:BENNETTR     >:CASTILLOR   
CASTILLOR    ^:MARCONI      v:-none-       <:CARKERL      >:CHAMLEEG    
CHAMLEEG     ^:MARCONI      v:-none-       <:CASTILLOR    >:DCOPRINT    
DCOPRINT     ^:MARCONI      v:-none-       <:CHAMLEEG     >:DONHOUSE    
DONHOUSE     ^:MARCONI      v:-none-       <:DCOPRINT     >:DOUGC       
DOUGC        ^:MARCONI      v:-none-       <:DONHOUSE     >:DUVALD      
DUVALD       ^:MARCONI      v:-none-       <:DOUGC        >:ENGLISHJ    
ENGLISHJ     ^:MARCONI      v:-none-       <:DUVALD       >:ERWINLG     
ERWINLG      ^:MARCONI      v:-none-       <:ENGLISHJ     >:FINKJ       
FINKJ        ^:MARCONI      v:-none-       <:ERWINLG      >:GERRYM      
GERRYM       ^:MARCONI      v:-none-       <:FINKJ        >:GILBERTD    
GILBERTD     ^:MARCONI      v:-none-       <:GERRYM       >:GREENS      
GREENS       ^:MARCONI      v:-none-       <:GILBERTD     >:GUNTERC     
GUNTERC      ^:MARCONI      v:-none-       <:GREENS       >:GUZMANP     
GUZMANP      ^:MARCONI      v:-none-       <:GUNTERC      >:HANNAL      
HANNAL       ^:MARCONI      v:-none-       <:GUZMANP      >:HARRISS     
HARRISS      ^:MARCONI      v:-none-       <:HANNAL       >:HILLT       
HILLT        ^:MARCONI      v:-none-       <:HARRISS      >:HOLCOMBS    
HOLCOMBS     ^:MARCONI      v:-none-       <:HILLT        >:JONESM      
JONESM       ^:MARCONI      v:-none-       <:HOLCOMBS     >:LEHRMANN    
LEHRMANN     ^:MARCONI      v:-none-       <:JONESM       >:LISAB       
LISAB        ^:MARCONI      v:-none-       <:LEHRMANN     >:LOCKHARTD   
LOCKHARTD    ^:MARCONI      v:-none-       <:LISAB        >:MILLERP     
MILLERP      ^:MARCONI      v:-none-       <:LOCKHARTD    >:MORMANG     
MORMANG      ^:MARCONI      v:-none-       <:MILLERP      >:NASHB       
NASHB        ^:MARCONI      v:-none-       <:MORMANG      >:PAXTON      
PAXTON       ^:MARCONI      v:-none-       <:NASHB        >:PRICER      
PRICER       ^:MARCONI      v:-none-       <:PAXTON       >:RODDAMJ     
RODDAMJ      ^:MARCONI      v:-none-       <:PRICER       >:ROSES       
ROSES        ^:MARCONI      v:-none-       <:RODDAMJ      >:SMITHA      
SMITHA       ^:MARCONI      v:-none-       <:ROSES        >:SMITHD      
SMITHD       ^:MARCONI      v:-none-       <:SMITHA       >:TRINIDAD    
TRINIDAD     ^:MARCONI      v:-none-       <:SMITHD       >:WALLERB     
WALLERB      ^:MARCONI      v:-none-       <:TRINIDAD     >:WELLSG      
WELLSG       ^:MARCONI      v:-none-       <:WALLERB      >:ZONE        
ZONE         ^:MARCONI      v:-none-       <:WELLSG       >:-none-      
MERCER       ^:LELANDY      v:-none-       <:MARCONI      >:-none-      
ROOPE        ^:FISCHERB     v:CORBIN       <:LELANDY      >:WCO1        
CORBIN       ^:ROOPE        v:-none-       <:-none-       >:DEBBIE      
DEBBIE       ^:ROOPE        v:-none-       <:CORBIN       >:FREITASL    
FREITASL     ^:ROOPE        v:-none-       <:DEBBIE       >:GUERRERO    
GUERRERO     ^:ROOPE        v:-none-       <:FREITASL     >:INGRID      
INGRID       ^:ROOPE        v:-none-       <:GUERRERO     >:JACOBSR     
JACOBSR      ^:ROOPE        v:-none-       <:INGRID       >:JKRIVANEC   
JKRIVANEC    ^:ROOPE        v:-none-       <:JACOBSR      >:KHANHQN     
KHANHQN      ^:ROOPE        v:-none-       <:JKRIVANEC    >:LANDA       
LANDA        ^:ROOPE        v:-none-       <:KHANHQN      >:MIN         
MIN          ^:ROOPE        v:-none-       <:LANDA        >:SALPRINT    
SALPRINT     ^:ROOPE        v:ATLPRINT     <:MIN          >:SRAVAL      
ATLPRINT     ^:SALPRINT     v:-none-       <:-none-       >:BABPRINT    
BABPRINT     ^:SALPRINT     v:-none-       <:ATLPRINT     >:BATPRINT    
BATPRINT     ^:SALPRINT     v:-none-       <:BABPRINT     >:BOSPRINT    
BOSPRINT     ^:SALPRINT     v:-none-       <:BATPRINT     >:BRUPRINT    
BRUPRINT     ^:SALPRINT     v:-none-       <:BOSPRINT     >:BUFPRINT    
BUFPRINT     ^:SALPRINT     v:-none-       <:BRUPRINT     >:CHIPRINT    
CHIPRINT     ^:SALPRINT     v:-none-       <:BUFPRINT     >:CLEPRINT    
CLEPRINT     ^:SALPRINT     v:-none-       <:CHIPRINT     >:COMPRINT    
COMPRINT     ^:SALPRINT     v:-none-       <:CLEPRINT     >:CPPRINT     
CPPRINT      ^:SALPRINT     v:-none-       <:COMPRINT     >:DALPRINT    
DALPRINT     ^:SALPRINT     v:-none-       <:CPPRINT      >:DENPRINT    
DENPRINT     ^:SALPRINT     v:-none-       <:DALPRINT     >:DETPRINT    
DETPRINT     ^:SALPRINT     v:-none-       <:DENPRINT     >:DYNPRINT    
DYNPRINT     ^:SALPRINT     v:-none-       <:DETPRINT     >:FRAPRINT    
FRAPRINT     ^:SALPRINT     v:-none-       <:DYNPRINT     >:HARPRINT    
HARPRINT     ^:SALPRINT     v:-none-       <:FRAPRINT     >:HOUPRINT    
HOUPRINT     ^:SALPRINT     v:-none-       <:HARPRINT     >:LAPRINT     
LAPRINT      ^:SALPRINT     v:-none-       <:HOUPRINT     >:LONPRINT    
LONPRINT     ^:SALPRINT     v:-none-       <:LAPRINT      >:LOPEZ       
LOPEZ        ^:SALPRINT     v:-none-       <:LONPRINT     >:LWPRINT     
LWPRINT      ^:SALPRINT     v:-none-       <:LOPEZ        >:MAHPRINT    
MAHPRINT     ^:SALPRINT     v:-none-       <:LWPRINT      >:MIAPRINT    
MIAPRINT     ^:SALPRINT     v:-none-       <:MAHPRINT     >:MILPRINT    
MILPRINT     ^:SALPRINT     v:-none-       <:MIAPRINT     >:MINPRINT    
MINPRINT     ^:SALPRINT     v:-none-       <:MILPRINT     >:NETSPOOL    
NETSPOOL     ^:SALPRINT     v:-none-       <:MINPRINT     >:NEWARK      
NEWARK       ^:SALPRINT     v:-none-       <:NETSPOOL     >:NIGHTYM     
NIGHTYM      ^:SALPRINT     v:-none-       <:NEWARK       >:NJPRINT     
NJPRINT      ^:SALPRINT     v:-none-       <:NIGHTYM      >:NLAPRINT    
NLAPRINT     ^:SALPRINT     v:-none-       <:NJPRINT      >:NOPRINT     
NOPRINT      ^:SALPRINT     v:-none-       <:NLAPRINT     >:NWKPRINT    
NWKPRINT     ^:SALPRINT     v:-none-       <:NOPRINT      >:NYPRINT     
NYPRINT      ^:SALPRINT     v:-none-       <:NWKPRINT     >:OCPRINT     
OCPRINT      ^:SALPRINT     v:-none-       <:NYPRINT      >:OSAPRINT    
OSAPRINT     ^:SALPRINT     v:-none-       <:OCPRINT      >:OTISPRNT    
OTISPRNT     ^:SALPRINT     v:-none-       <:OSAPRINT     >:PARPRINT    
PARPRINT     ^:SALPRINT     v:-none-       <:OTISPRNT     >:PHIPRINT    
PHIPRINT     ^:SALPRINT     v:-none-       <:PARPRINT     >:PITPRINT    
PITPRINT     ^:SALPRINT     v:-none-       <:PHIPRINT     >:PORPRINT    
PORPRINT     ^:SALPRINT     v:-none-       <:PITPRINT     >:SACPRINT    
SACPRINT     ^:SALPRINT     v:-none-       <:PORPRINT     >:SCOPRINT    
SCOPRINT     ^:SALPRINT     v:-none-       <:SACPRINT     >:SDPRINT     
SDPRINT      ^:SALPRINT     v:-none-       <:SCOPRINT     >:SEAPRINT    
SEAPRINT     ^:SALPRINT     v:-none-       <:SDPRINT      >:SFPRINT     
SFPRINT      ^:SALPRINT     v:-none-       <:SEAPRINT     >:SJPRINT     
SJPRINT      ^:SALPRINT     v:-none-       <:SFPRINT      >:SLIPRINT    
SLIPRINT     ^:SALPRINT     v:-none-       <:SJPRINT      >:STAPRINT    
STAPRINT     ^:SALPRINT     v:-none-       <:SLIPRINT     >:STLPRINT    
STLPRINT     ^:SALPRINT     v:-none-       <:STAPRINT     >:SWAPRINT    
SWAPRINT     ^:SALPRINT     v:-none-       <:STLPRINT     >:TOKPRINT    
TOKPRINT     ^:SALPRINT     v:-none-       <:SWAPRINT     >:TORONTO     
TORONTO      ^:SALPRINT     v:-none-       <:TOKPRINT     >:WASHPRINT   
WASHPRINT    ^:SALPRINT     v:-none-       <:TORONTO      >:-none-      
SRAVAL       ^:ROOPE        v:5BE1MB2      <:SALPRINT     >:SSEREP      
5BE1MB2      ^:SRAVAL       v:-none-       <:-none-       >:ANS022      
ANS022       ^:SRAVAL       v:-none-       <:5BE1MB2      >:ANS025      
ANS025       ^:SRAVAL       v:-none-       <:ANS022       >:ANS026      
ANS026       ^:SRAVAL       v:-none-       <:ANS025       >:ANS101      
ANS101       ^:SRAVAL       v:-none-       <:ANS026       >:ANS120      
ANS120       ^:SRAVAL       v:-none-       <:ANS101       >:ANS121      
ANS121       ^:SRAVAL       v:-none-       <:ANS120       >:ANS123      
ANS123       ^:SRAVAL       v:-none-       <:ANS121       >:ANS124      
ANS124       ^:SRAVAL       v:-none-       <:ANS123       >:ANS125      
ANS125       ^:SRAVAL       v:-none-       <:ANS124       >:ANS126      
ANS126       ^:SRAVAL       v:-none-       <:ANS125       >:ANS127      
ANS127       ^:SRAVAL       v:-none-       <:ANS126       >:ANS128      
ANS128       ^:SRAVAL       v:-none-       <:ANS127       >:ANS129      
ANS129       ^:SRAVAL       v:-none-       <:ANS128       >:AREA3       
AREA3        ^:SRAVAL       v:-none-       <:ANS129       >:ARMYCORPS   
ARMYCORPS    ^:SRAVAL       v:-none-       <:AREA3        >:ATLANTA     
ATLANTA      ^:SRAVAL       v:-none-       <:ARMYCORPS    >:BANKINGSYS  
BANKINGSYS   ^:SRAVAL       v:-none-       <:ATLANTA      >:BAYAREA     
BAYAREA      ^:SRAVAL       v:-none-       <:BANKINGSYS   >:BOSTON      
BOSTON       ^:SRAVAL       v:-none-       <:BAYAREA      >:CANADA      
CANADA       ^:SRAVAL       v:-none-       <:BOSTON       >:CAPSEAST    
CAPSEAST     ^:SRAVAL       v:-none-       <:CANADA       >:CAPSWEST    
CAPSWEST     ^:SRAVAL       v:-none-       <:CAPSEAST     >:CBTCOORD    
CBTCOORD     ^:SRAVAL       v:-none-       <:CAPSWEST     >:CE13MW      
CE13MW       ^:SRAVAL       v:-none-       <:CBTCOORD     >:CEGITYM31   
CEGITYM31    ^:SRAVAL       v:-none-       <:CE13MW       >:CEGITYM32   
CEGITYM32    ^:SRAVAL       v:-none-       <:CEGITYM31    >:CHGPASIO    
CHGPASIO     ^:SRAVAL       v:-none-       <:CEGITYM32    >:CHICAGO     
CHICAGO      ^:SRAVAL       v:-none-       <:CHGPASIO     >:COE2STAFF   
COE2STAFF    ^:SRAVAL       v:-none-       <:CHICAGO      >:COEES CD    
COEES CD     ^:SRAVAL       v:-none-       <:COE2STAFF    >:COEESTEST   
COEESTEST    ^:SRAVAL       v:-none-       <:COEES CD     >:COMMERCIAL  
COMMERCIAL   ^:SRAVAL       v:-none-       <:COEESTEST    >:COMPMAINT   
COMPMAINT    ^:SRAVAL       v:-none-       <:COMMERCIAL   >:CONSUMER    
CONSUMER     ^:SRAVAL       v:-none-       <:COMPMAINT    >:CRISTE      
CRISTE       ^:SRAVAL       v:-none-       <:CONSUMER     >:CUM123      
CUM123       ^:SRAVAL       v:-none-       <:CRISTE       >:CUM125      
CUM125       ^:SRAVAL       v:-none-       <:CUM123       >:CUM127      
CUM127       ^:SRAVAL       v:-none-       <:CUM125       >:CUST28071   
CUST28071    ^:SRAVAL       v:-none-       <:CUM127       >:CUSTCESE0CDP
CUSTCESE0CDP ^:SRAVAL       v:-none-       <:CUST28071    >:CYBERDATA   
CYBERDATA    ^:SRAVAL       v:-none-       <:CUSTCESE0CDP >:DALLAS      
DALLAS       ^:SRAVAL       v:-none-       <:CYBERDATA    >:DALLAS04    
DALLAS04     ^:SRAVAL       v:-none-       <:DALLAS       >:DCOOPER     
DCOOPER      ^:SRAVAL       v:-none-       <:DALLAS04     >:DENVER      
DENVER       ^:SRAVAL       v:-none-       <:DCOOPER      >:DETROIT     
DETROIT      ^:SRAVAL       v:-none-       <:DENVER       >:DISCMN      
DISCMN       ^:SRAVAL       v:-none-       <:DETROIT      >:DISTRICT0   
DISTRICT0    ^:SRAVAL       v:-none-       <:DISCMN       >:DOROTHY     
DOROTHY      ^:SRAVAL       v:-none-       <:DISTRICT0    >:DYER        
DYER         ^:SRAVAL       v:-none-       <:DOROTHY      >:EASTAREA    
EASTAREA     ^:SRAVAL       v:-none-       <:DYER         >:EASTLOC     
EASTLOC      ^:SRAVAL       v:-none-       <:EASTAREA     >:ECOCS       
ECOCS        ^:SRAVAL       v:-none-       <:EASTLOC      >:EDI         
EDI          ^:SRAVAL       v:-none-       <:ECOCS        >:FISCHERU    
FISCHERU     ^:SRAVAL       v:-none-       <:EDI          >:GERMANY     
GERMANY      ^:SRAVAL       v:-none-       <:FISCHERU     >:GOVTAREA    
GOVTAREA     ^:SRAVAL       v:-none-       <:GERMANY      >:GOVTMRKG    
GOVTMRKG     ^:SRAVAL       v:-none-       <:GOVTAREA     >:GOVTSERV    
GOVTSERV     ^:SRAVAL       v:-none-       <:GOVTMRKG     >:HARTFORD    
HARTFORD     ^:SRAVAL       v:-none-       <:GOVTSERV     >:HENDERSON   
HENDERSON    ^:SRAVAL       v:-none-       <:HARTFORD     >:HICKORY     
HICKORY      ^:SRAVAL       v:-none-       <:HENDERSON    >:HOUSTON     
HOUSTON      ^:SRAVAL       v:-none-       <:HICKORY      >:HRTC5CRD    
HRTC5CRD     ^:SRAVAL       v:-none-       <:HOUSTON      >:IACS        
IACS         ^:SRAVAL       v:-none-       <:HRTC5CRD     >:IBIS        
IBIS         ^:SRAVAL       v:-none-       <:IACS         >:INVESTMENT  
INVESTMENT   ^:SRAVAL       v:-none-       <:IBIS         >:JAPAN       
JAPAN        ^:SRAVAL       v:-none-       <:INVESTMENT   >:JEFF        
JEFF         ^:SRAVAL       v:-none-       <:JAPAN        >:JEM04ARK    
JEM04ARK     ^:SRAVAL       v:-none-       <:JEFF         >:JERSEY      
JERSEY       ^:SRAVAL       v:-none-       <:JEM04ARK     >:JOTT        
JOTT         ^:SRAVAL       v:-none-       <:JERSEY       >:KCMODES     
KCMODES      ^:SRAVAL       v:-none-       <:JOTT         >:KONRAD      
KONRAD       ^:SRAVAL       v:-none-       <:KCMODES      >:LEARN1NG    
LEARN1NG     ^:SRAVAL       v:-none-       <:KONRAD       >:LLHQ1CDP    
LLHQ1CDP     ^:SRAVAL       v:-none-       <:LEARN1NG     >:LOIS        
LOIS         ^:SRAVAL       v:-none-       <:LLHQ1CDP     >:LONDONADM   
LONDONADM    ^:SRAVAL       v:-none-       <:LOIS         >:LONDONCITY  
LONDONCITY   ^:SRAVAL       v:-none-       <:LONDONADM    >:LONDONCORP  
LONDONCORP   ^:SRAVAL       v:-none-       <:LONDONCITY   >:LONDONOTH   
LONDONOTH    ^:SRAVAL       v:-none-       <:LONDONCORP   >:LONDONWEST  
LONDONWEST   ^:SRAVAL       v:-none-       <:LONDONOTH    >:LOSANGELES  
LOSANGELES   ^:SRAVAL       v:-none-       <:LONDONWEST   >:LOUMIXON    
LOUMIXON     ^:SRAVAL       v:-none-       <:LOSANGELES   >:LOURDES     
LOURDES      ^:SRAVAL       v:-none-       <:LOUMIXON     >:LTHOMAS     
LTHOMAS      ^:SRAVAL       v:-none-       <:LOURDES      >:LTSHELCE    
LTSHELCE     ^:SRAVAL       v:-none-       <:LTHOMAS      >:LTTR02CE    
LTTR02CE     ^:SRAVAL       v:-none-       <:LTSHELCE     >:LTTR0CCE    
LTTR0CCE     ^:SRAVAL       v:-none-       <:LTTR02CE     >:MARUBENI    
MARUBENI     ^:SRAVAL       v:-none-       <:LTTR0CCE     >:MCDAEC      
MCDAEC       ^:SRAVAL       v:-none-       <:MARUBENI     >:MDMISC      
MDMISC       ^:SRAVAL       v:-none-       <:MCDAEC       >:MDS         
MDS          ^:SRAVAL       v:-none-       <:MDMISC       >:MIDWEST     
MIDWEST      ^:SRAVAL       v:-none-       <:MDS          >:MIDWESTAREA 
MIDWESTAREA  ^:SRAVAL       v:-none-       <:MIDWEST      >:MILWAUKEE   
MILWAUKEE    ^:SRAVAL       v:-none-       <:MIDWESTAREA  >:MINNEAPOLIS 
MINNEAPOLIS  ^:SRAVAL       v:-none-       <:MILWAUKEE    >:MLP5ESS     
MLP5ESS      ^:SRAVAL       v:-none-       <:MINNEAPOLIS  >:MMB727      
MMB727       ^:SRAVAL       v:-none-       <:MLP5ESS      >:MREATOM     
MREATOM      ^:SRAVAL       v:-none-       <:MMB727       >:MUELLER     
MUELLER      ^:SRAVAL       v:-none-       <:MREATOM      >:NATIONAL    
NATIONAL     ^:SRAVAL       v:-none-       <:MUELLER      >:NATLUTIL    
NATLUTIL     ^:SRAVAL       v:-none-       <:NATIONAL     >:NB200CDP    
NB200CDP     ^:SRAVAL       v:-none-       <:NATLUTIL     >:NETAPP      
NETAPP       ^:SRAVAL       v:-none-       <:NB200CDP     >:NEWORLEANS  
NEWORLEANS   ^:SRAVAL       v:-none-       <:NETAPP       >:NEWYORK     
NEWYORK      ^:SRAVAL       v:-none-       <:NEWORLEANS   >:NTWKDATA    
NTWKDATA     ^:SRAVAL       v:-none-       <:NEWYORK      >:NYCONSUMER  
NYCONSUMER   ^:SRAVAL       v:-none-       <:NTWKDATA     >:OMACHQ1     
OMACHQ1      ^:SRAVAL       v:-none-       <:NYCONSUMER   >:OSAKA       
OSAKA        ^:SRAVAL       v:-none-       <:OMACHQ1      >:OUT5LAW     
OUT5LAW      ^:SRAVAL       v:-none-       <:OSAKA        >:PACHQTR     
PACHQTR      ^:SRAVAL       v:-none-       <:OUT5LAW      >:PARIS0      
PARIS0       ^:SRAVAL       v:-none-       <:PACHQTR      >:PARIS1      
PARIS1       ^:SRAVAL       v:-none-       <:PARIS0       >:PARIS2      
PARIS2       ^:SRAVAL       v:-none-       <:PARIS1       >:PARIS3      
PARIS3       ^:SRAVAL       v:-none-       <:PARIS2       >:PARIS4      
PARIS4       ^:SRAVAL       v:-none-       <:PARIS3       >:PARIS5      
PARIS5       ^:SRAVAL       v:-none-       <:PARIS4       >:PARIS6      
PARIS6       ^:SRAVAL       v:-none-       <:PARIS5       >:PARIS7      
PARIS7       ^:SRAVAL       v:-none-       <:PARIS6       >:PARIS8      
PARIS8       ^:SRAVAL       v:-none-       <:PARIS7       >:PARIS9      
PARIS9       ^:SRAVAL       v:-none-       <:PARIS8       >:PHILADELPHIA
PHILADELPHIA ^:SRAVAL       v:-none-       <:PARIS9       >:PMTS        
PMTS         ^:SRAVAL       v:-none-       <:PHILADELPHIA >:PMTS/FA     
PMTS/FA      ^:SRAVAL       v:-none-       <:PMTS         >:PNPW-CHG    
PNPW-CHG     ^:SRAVAL       v:-none-       <:PMTS/FA      >:POOLE       
POOLE        ^:SRAVAL       v:-none-       <:PNPW-CHG     >:POTOMAC     
POTOMAC      ^:SRAVAL       v:-none-       <:POOLE        >:PRODDEV     
PRODDEV      ^:SRAVAL       v:-none-       <:POTOMAC      >:PSD003      
PSD003       ^:SRAVAL       v:-none-       <:PRODDEV      >:PSD150      
PSD150       ^:SRAVAL       v:-none-       <:PSD003       >:PSD151      
PSD151       ^:SRAVAL       v:-none-       <:PSD150       >:PSD152      
PSD152       ^:SRAVAL       v:-none-       <:PSD151       >:PSD153      
PSD153       ^:SRAVAL       v:-none-       <:PSD152       >:PSD154      
PSD154       ^:SRAVAL       v:-none-       <:PSD153       >:PSD155      
PSD155       ^:SRAVAL       v:-none-       <:PSD154       >:PSD156      
PSD156       ^:SRAVAL       v:-none-       <:PSD155       >:PSD157      
PSD157       ^:SRAVAL       v:-none-       <:PSD156       >:PSD158      
PSD158       ^:SRAVAL       v:-none-       <:PSD157       >:PSD159      
PSD159       ^:SRAVAL       v:-none-       <:PSD158       >:PSD160      
PSD160       ^:SRAVAL       v:-none-       <:PSD159       >:PSD161      
PSD161       ^:SRAVAL       v:-none-       <:PSD160       >:PSD162      
PSD162       ^:SRAVAL       v:-none-       <:PSD161       >:PSD163      
PSD163       ^:SRAVAL       v:-none-       <:PSD162       >:PSD164      
PSD164       ^:SRAVAL       v:-none-       <:PSD163       >:PSD165      
PSD165       ^:SRAVAL       v:-none-       <:PSD164       >:PSD166      
PSD166       ^:SRAVAL       v:-none-       <:PSD165       >:PSD167      
PSD167       ^:SRAVAL       v:-none-       <:PSD166       >:PSD168      
PSD168       ^:SRAVAL       v:-none-       <:PSD167       >:PSD169      
PSD169       ^:SRAVAL       v:-none-       <:PSD168       >:PSD170      
PSD170       ^:SRAVAL       v:-none-       <:PSD169       >:PSD171      
PSD171       ^:SRAVAL       v:-none-       <:PSD170       >:PSD178      
PSD178       ^:SRAVAL       v:-none-       <:PSD171       >:PSWD        
PSWD         ^:SRAVAL       v:-none-       <:PSD178       >:PTD         
PTD          ^:SRAVAL       v:-none-       <:PSWD         >:RCS.SUPT    
RCS.SUPT     ^:SRAVAL       v:-none-       <:PTD          >:RECOMPSRV   
RECOMPSRV    ^:SRAVAL       v:-none-       <:RCS.SUPT     >:RETZLAFF    
RETZLAFF     ^:SRAVAL       v:-none-       <:RECOMPSRV    >:ROSS        
ROSS         ^:SRAVAL       v:-none-       <:RETZLAFF     >:RPMTEMP     
RPMTEMP      ^:SRAVAL       v:-none-       <:ROSS         >:SANFRAN     
SANFRAN      ^:SRAVAL       v:-none-       <:RPMTEMP      >:SDSSOUTH    
SDSSOUTH     ^:SRAVAL       v:-none-       <:SANFRAN      >:SEATTLE     
SEATTLE      ^:SRAVAL       v:-none-       <:SDSSOUTH     >:SEW/CIRE    
SEW/CIRE     ^:SRAVAL       v:-none-       <:SEATTLE      >:SHOLIMAN    
SHOLIMAN     ^:SRAVAL       v:-none-       <:SEW/CIRE     >:SNAN        
SNAN         ^:SRAVAL       v:-none-       <:SHOLIMAN     >:SNANCOEN    
SNANCOEN     ^:SRAVAL       v:-none-       <:SNAN         >:SNMEP       
SNMEP        ^:SRAVAL       v:-none-       <:SNANCOEN     >:SOLIMENE    
SOLIMENE     ^:SRAVAL       v:-none-       <:SNMEP        >:SOUTHERN    
SOUTHERN     ^:SRAVAL       v:-none-       <:SOLIMENE     >:SOUTHWEST   
SOUTHWEST    ^:SRAVAL       v:-none-       <:SOUTHERN     >:SRAQA       
SRAQA        ^:SRAVAL       v:-none-       <:SOUTHWEST    >:STAFFMGR    
STAFFMGR     ^:SRAVAL       v:-none-       <:SRAQA        >:STAMFORD    
STAMFORD     ^:SRAVAL       v:-none-       <:STAFFMGR     >:STLOUIS     
STLOUIS      ^:SRAVAL       v:-none-       <:STAMFORD     >:SWISS       
SWISS        ^:SRAVAL       v:-none-       <:STLOUIS      >:SYSTECH     
SYSTECH      ^:SRAVAL       v:-none-       <:SWISS        >:TIBBETS     
TIBBETS      ^:SRAVAL       v:-none-       <:SYSTECH      >:TNSC        
TNSC         ^:SRAVAL       v:-none-       <:TIBBETS      >:TOCHEPORT   
TOCHEPORT    ^:SRAVAL       v:-none-       <:TNSC         >:TOKYO       
TOKYO        ^:SRAVAL       v:-none-       <:TOCHEPORT    >:TTMS        
TTMS         ^:SRAVAL       v:-none-       <:TOKYO        >:TTMS.TRAVEL 
TTMS.TRAVEL  ^:SRAVAL       v:-none-       <:TTMS         >:TYMNET      
TYMNET       ^:SRAVAL       v:-none-       <:TTMS.TRAVEL  >:UIM121      
UIM121       ^:SRAVAL       v:-none-       <:TYMNET       >:UIM124      
UIM124       ^:SRAVAL       v:-none-       <:UIM121       >:UIM127      
UIM127       ^:SRAVAL       v:-none-       <:UIM124       >:UIM128      
UIM128       ^:SRAVAL       v:-none-       <:UIM127       >:UIM129      
UIM129       ^:SRAVAL       v:-none-       <:UIM128       >:UNITAX      
UNITAX       ^:SRAVAL       v:-none-       <:UIM129       >:UPSTATE     
UPSTATE      ^:SRAVAL       v:-none-       <:UNITAX       >:USPOSTAL    
USPOSTAL     ^:SRAVAL       v:-none-       <:UPSTATE      >:VALCOMP     
VALCOMP      ^:SRAVAL       v:-none-       <:USPOSTAL     >:VICTOR      
VICTOR       ^:SRAVAL       v:-none-       <:VALCOMP      >:W44462      
W44462       ^:SRAVAL       v:-none-       <:VICTOR       >:WACHAYA     
WACHAYA      ^:SRAVAL       v:-none-       <:W44462       >:WACHAYA1    
WACHAYA1     ^:SRAVAL       v:-none-       <:WACHAYA      >:WESTLOC     
WESTLOC      ^:SRAVAL       v:-none-       <:WACHAYA1     >:WESTUTIL    
WESTUTIL     ^:SRAVAL       v:-none-       <:WESTLOC      >:WSPASSCE    
WSPASSCE     ^:SRAVAL       v:-none-       <:WESTUTIL     >:-none-      
SSEREP       ^:ROOPE        v:-none-       <:SRAVAL       >:VALADM      
VALADM       ^:ROOPE        v:-none-       <:SSEREP       >:VIVIAN      
VIVIAN       ^:ROOPE        v:-none-       <:VALADM       >:-none-      
WCO1         ^:FISCHERB     v:-none-       <:ROOPE        >:-none-      
GWALKER      ^:ROOT         v:BARBOUR      <:FISCHERB     >:HOBART      
BARBOUR      ^:GWALKER      v:AUFFREDOU    <:-none-       >:BGRANDEY    
AUFFREDOU    ^:BARBOUR      v:-none-       <:-none-       >:BELLINI     
BELLINI      ^:BARBOUR      v:-none-       <:AUFFREDOU    >:BERGLUND    
BERGLUND     ^:BARBOUR      v:-none-       <:BELLINI      >:BEYSSON     
BEYSSON      ^:BARBOUR      v:-none-       <:BERGLUND     >:BOUCACHARD  
BOUCACHARD   ^:BARBOUR      v:-none-       <:BEYSSON      >:BWALLACE    
BWALLACE     ^:BARBOUR      v:-none-       <:BOUCACHARD   >:DULAM       
DULAM        ^:BARBOUR      v:-none-       <:BWALLACE     >:EMICHON     
EMICHON      ^:BARBOUR      v:-none-       <:DULAM        >:ETS         
ETS          ^:BARBOUR      v:-none-       <:EMICHON      >:FISBEIN     
FISBEIN      ^:BARBOUR      v:-none-       <:ETS          >:GOETZL      
GOETZL       ^:BARBOUR      v:-none-       <:FISBEIN      >:JEANGUY     
JEANGUY      ^:BARBOUR      v:-none-       <:GOETZL       >:JOHNSONP    
JOHNSONP     ^:BARBOUR      v:-none-       <:JEANGUY      >:LANCRENON   
LANCRENON    ^:BARBOUR      v:-none-       <:JOHNSONP     >:LARDILLEUX  
LARDILLEUX   ^:BARBOUR      v:-none-       <:LANCRENON    >:LEEWAKE     
LEEWAKE      ^:BARBOUR      v:-none-       <:LARDILLEUX   >:MHEY        
MHEY         ^:BARBOUR      v:-none-       <:LEEWAKE      >:MROUMILI    
MROUMILI     ^:BARBOUR      v:-none-       <:MHEY         >:MWALTERS    
MWALTERS     ^:BARBOUR      v:-none-       <:MROUMILI     >:MWITHERS    
MWITHERS     ^:BARBOUR      v:-none-       <:MWALTERS     >:PACCT       
PACCT        ^:BARBOUR      v:-none-       <:MWITHERS     >:PMELLET     
PMELLET      ^:BARBOUR      v:-none-       <:PACCT        >:PMGTOPS     
PMGTOPS      ^:BARBOUR      v:-none-       <:PMELLET      >:SIMON       
SIMON        ^:BARBOUR      v:-none-       <:PMGTOPS      >:TNSAMS      
TNSAMS       ^:BARBOUR      v:-none-       <:SIMON        >:TNSM        
TNSM         ^:BARBOUR      v:-none-       <:TNSAMS       >:TNSUKM      
TNSUKM       ^:BARBOUR      v:-none-       <:TNSM         >:UKMICTYM    
UKMICTYM     ^:BARBOUR      v:-none-       <:TNSUKM       >:UKMKTG      
UKMKTG       ^:BARBOUR      v:-none-       <:UKMICTYM     >:UKOPS       
UKOPS        ^:BARBOUR      v:-none-       <:UKMKTG       >:VBOHAN      
VBOHAN       ^:BARBOUR      v:-none-       <:UKOPS        >:YOUNGERC    
YOUNGERC     ^:BARBOUR      v:-none-       <:VBOHAN       >:-none-      
BGRANDEY     ^:GWALKER      v:BOURDEAU     <:BARBOUR      >:CLANGDON    
BOURDEAU     ^:BGRANDEY     v:-none-       <:-none-       >:GKING       
GKING        ^:BGRANDEY     v:-none-       <:BOURDEAU     >:HAGERMAN    
HAGERMAN     ^:BGRANDEY     v:-none-       <:GKING        >:TRAINING    
TRAINING     ^:BGRANDEY     v:-none-       <:HAGERMAN     >:-none-      
CLANGDON     ^:GWALKER      v:C/ROWE       <:BGRANDEY     >:DHALBROOK   
C/ROWE       ^:CLANGDON     v:-none-       <:-none-       >:JCREILLY    
JCREILLY     ^:CLANGDON     v:-none-       <:C/ROWE       >:JLUCAS      
JLUCAS       ^:CLANGDON     v:BCHEN        <:JCREILLY     >:SECTST      
BCHEN        ^:JLUCAS       v:-none-       <:-none-       >:JWANG       
JWANG        ^:JLUCAS       v:-none-       <:BCHEN        >:-none-      
SECTST       ^:CLANGDON     v:-none-       <:JLUCAS       >:SNILLUKA    
SNILLUKA     ^:CLANGDON     v:-none-       <:SECTST       >:-none-      
DHALBROOK    ^:GWALKER      v:FBARKER      <:CLANGDON     >:DHOUGE      
FBARKER      ^:DHALBROOK    v:AJAKOBITZ    <:-none-       >:HSKULLAR    
AJAKOBITZ    ^:FBARKER      v:BOBW         <:-none-       >:EWELSH      
BOBW         ^:AJAKOBITZ    v:-none-       <:-none-       >:CLAMPMAN    
CLAMPMAN     ^:AJAKOBITZ    v:-none-       <:BOBW         >:DTHORNTON   
DTHORNTON    ^:AJAKOBITZ    v:-none-       <:CLAMPMAN     >:GEIBL       
GEIBL        ^:AJAKOBITZ    v:-none-       <:DTHORNTON    >:KENRIGHT    
KENRIGHT     ^:AJAKOBITZ    v:-none-       <:GEIBL        >:-none-      
EWELSH       ^:FBARKER      v:ATKATSH      <:AJAKOBITZ    >:MMARBURGER  
ATKATSH      ^:EWELSH       v:AOLATUNDE    <:-none-       >:BESTARKS    
AOLATUNDE    ^:ATKATSH      v:-none-       <:-none-       >:ESIMMONS    
ESIMMONS     ^:ATKATSH      v:-none-       <:AOLATUNDE    >:MJACOBS     
MJACOBS      ^:ATKATSH      v:-none-       <:ESIMMONS     >:SALES       
SALES        ^:ATKATSH      v:-none-       <:MJACOBS      >:WONGE       
WONGE        ^:ATKATSH      v:-none-       <:SALES        >:-none-      
BESTARKS     ^:EWELSH       v:-none-       <:ATKATSH      >:GAUVIND     
GAUVIND      ^:EWELSH       v:BORSA        <:BESTARKS     >:INTRESG     
BORSA        ^:GAUVIND      v:-none-       <:-none-       >:CHERYLLB    
CHERYLLB     ^:GAUVIND      v:-none-       <:BORSA        >:HANNAM      
HANNAM       ^:GAUVIND      v:-none-       <:CHERYLLB     >:PMCLAUGHLIN 
PMCLAUGHLIN  ^:GAUVIND      v:-none-       <:HANNAM       >:WENDY       
WENDY        ^:GAUVIND      v:-none-       <:PMCLAUGHLIN  >:WFLAHERTY   
WFLAHERTY    ^:GAUVIND      v:-none-       <:WENDY        >:-none-      
INTRESG      ^:EWELSH       v:JDISANTO     <:GAUVIND      >:STEINISM    
JDISANTO     ^:INTRESG      v:-none-       <:-none-       >:PELKOVICH   
PELKOVICH    ^:INTRESG      v:-none-       <:JDISANTO     >:TSAMPSON    
TSAMPSON     ^:INTRESG      v:-none-       <:PELKOVICH    >:WEIDNERC    
WEIDNERC     ^:INTRESG      v:-none-       <:TSAMPSON     >:-none-      
STEINISM     ^:EWELSH       v:-none-       <:INTRESG      >:TCLARKE     
TCLARKE      ^:EWELSH       v:CCHUNG       <:STEINISM     >:-none-      
CCHUNG       ^:TCLARKE      v:-none-       <:-none-       >:DBOWMAN     
DBOWMAN      ^:TCLARKE      v:-none-       <:CCHUNG       >:FLIBE       
FLIBE        ^:TCLARKE      v:-none-       <:DBOWMAN      >:LSCHAAKE    
LSCHAAKE     ^:TCLARKE      v:-none-       <:FLIBE        >:PCAMPBELL   
PCAMPBELL    ^:TCLARKE      v:-none-       <:LSCHAAKE     >:RKARLSSON   
RKARLSSON    ^:TCLARKE      v:-none-       <:PCAMPBELL    >:RSARMAH     
RSARMAH      ^:TCLARKE      v:-none-       <:RKARLSSON    >:SGALLUPS    
SGALLUPS     ^:TCLARKE      v:-none-       <:RSARMAH      >:VWARKER     
VWARKER      ^:TCLARKE      v:-none-       <:SGALLUPS     >:-none-      
MMARBURGER   ^:FBARKER      v:CANDERSON    <:EWELSH       >:SWARTZM     
CANDERSON    ^:MMARBURGER   v:-none-       <:-none-       >:CMELO       
CMELO        ^:MMARBURGER   v:-none-       <:CANDERSON    >:CMELOWITZ   
CMELOWITZ    ^:MMARBURGER   v:-none-       <:CMELO        >:CNICOLL     
CNICOLL      ^:MMARBURGER   v:-none-       <:CMELOWITZ    >:CROWE       
CROWE        ^:MMARBURGER   v:-none-       <:CNICOLL      >:DAUERBACH   
DAUERBACH    ^:MMARBURGER   v:-none-       <:CROWE        >:DGAETANI    
DGAETANI     ^:MMARBURGER   v:-none-       <:DAUERBACH    >:DJROE       
DJROE        ^:MMARBURGER   v:-none-       <:DGAETANI     >:DSTEINMAN   
DSTEINMAN    ^:MMARBURGER   v:-none-       <:DJROE        >:GMINTEL     
GMINTEL      ^:MMARBURGER   v:-none-       <:DSTEINMAN    >:JLANE       
JLANE        ^:MMARBURGER   v:-none-       <:GMINTEL      >:JSWADE      
JSWADE       ^:MMARBURGER   v:-none-       <:JLANE        >:MARCG       
MARCG        ^:MMARBURGER   v:-none-       <:JSWADE       >:MBETTY      
MBETTY       ^:MMARBURGER   v:-none-       <:MARCG        >:MIKEB       
MIKEB        ^:MMARBURGER   v:-none-       <:MBETTY       >:PNTS        
PNTS         ^:MMARBURGER   v:-none-       <:MIKEB        >:RESZ        
RESZ         ^:MMARBURGER   v:SMYERS       <:PNTS         >:RGUTHRIDGE  
SMYERS       ^:RESZ         v:-none-       <:-none-       >:-none-      
RGUTHRIDGE   ^:MMARBURGER   v:-none-       <:RESZ         >:WTHORPE     
WTHORPE      ^:MMARBURGER   v:AHEALY       <:RGUTHRIDGE   >:-none-      
AHEALY       ^:WTHORPE      v:-none-       <:-none-       >:DESIMONE    
DESIMONE     ^:WTHORPE      v:-none-       <:AHEALY       >:DUPORT      
DUPORT       ^:WTHORPE      v:-none-       <:DESIMONE     >:DYOUNG      
DYOUNG       ^:WTHORPE      v:-none-       <:DUPORT       >:LFULLER     
LFULLER      ^:WTHORPE      v:-none-       <:DYOUNG       >:LICENSE     
LICENSE      ^:WTHORPE      v:-none-       <:LFULLER      >:LSILVERMAN  
LSILVERMAN   ^:WTHORPE      v:-none-       <:LICENSE      >:MCONWAY     
MCONWAY      ^:WTHORPE      v:-none-       <:LSILVERMAN   >:-none-      
SWARTZM      ^:FBARKER      v:ANN ARBOR    <:MMARBURGER   >:-none-      
ANN ARBOR    ^:SWARTZM      v:-none-       <:-none-       >:CAMP        
CAMP         ^:SWARTZM      v:-none-       <:ANN ARBOR    >:-none-      
HSKULLAR     ^:DHALBROOK    v:ANNIEN       <:FBARKER      >:LSINGLETON  
ANNIEN       ^:HSKULLAR     v:-none-       <:-none-       >:BURKSD      
BURKSD       ^:HSKULLAR     v:-none-       <:ANNIEN       >:BWAY        
BWAY         ^:HSKULLAR     v:-none-       <:BURKSD       >:CGAIR       
CGAIR        ^:HSKULLAR     v:-none-       <:BWAY         >:DARYAP      
DARYAP       ^:HSKULLAR     v:-none-       <:CGAIR        >:DAWNO       
DAWNO        ^:HSKULLAR     v:-none-       <:DARYAP       >:GILLIAMG    
GILLIAMG     ^:HSKULLAR     v:-none-       <:DAWNO        >:GPRICE      
GPRICE       ^:HSKULLAR     v:-none-       <:GILLIAMG     >:IVERSONL    
IVERSONL     ^:HSKULLAR     v:-none-       <:GPRICE       >:JFRITZ      
JFRITZ       ^:HSKULLAR     v:-none-       <:IVERSONL     >:LIANGS      
LIANGS       ^:HSKULLAR     v:-none-       <:JFRITZ       >:LONDONC     
LONDONC      ^:HSKULLAR     v:-none-       <:LIANGS       >:MAGNANJ     
MAGNANJ      ^:HSKULLAR     v:-none-       <:LONDONC      >:MICHELLE    
MICHELLE     ^:HSKULLAR     v:-none-       <:MAGNANJ      >:NSOTTO      
NSOTTO       ^:HSKULLAR     v:-none-       <:MICHELLE     >:PATSYD      
PATSYD       ^:HSKULLAR     v:-none-       <:NSOTTO       >:RFISHER     
RFISHER      ^:HSKULLAR     v:-none-       <:PATSYD       >:STEVEE      
STEVEE       ^:HSKULLAR     v:-none-       <:RFISHER      >:TFERRO      
TFERRO       ^:HSKULLAR     v:-none-       <:STEVEE       >:WILLHAUCKM  
WILLHAUCKM   ^:HSKULLAR     v:-none-       <:TFERRO       >:ZORTMANM    
ZORTMANM     ^:HSKULLAR     v:-none-       <:WILLHAUCKM   >:-none-      
LSINGLETON   ^:DHALBROOK    v:-none-       <:HSKULLAR     >:PKIEFER     
PKIEFER      ^:DHALBROOK    v:AJACOBSEN    <:LSINGLETON   >:TOMC        
AJACOBSEN    ^:PKIEFER      v:-none-       <:-none-       >:BHENSLEY    
BHENSLEY     ^:PKIEFER      v:-none-       <:AJACOBSEN    >:BTAM        
BTAM         ^:PKIEFER      v:-none-       <:BHENSLEY     >:CBROKMEYER  
CBROKMEYER   ^:PKIEFER      v:-none-       <:BTAM         >:CSPROUSE    
CSPROUSE     ^:PKIEFER      v:-none-       <:CBROKMEYER   >:CWOO        
CWOO         ^:PKIEFER      v:-none-       <:CSPROUSE     >:DGOAD       
DGOAD        ^:PKIEFER      v:-none-       <:CWOO         >:DMEYER      
DMEYER       ^:PKIEFER      v:-none-       <:DGOAD        >:DRAY        
DRAY         ^:PKIEFER      v:-none-       <:DMEYER       >:DSTEVENS    
DSTEVENS     ^:PKIEFER      v:-none-       <:DRAY         >:DSTUDER     
DSTUDER      ^:PKIEFER      v:-none-       <:DSTEVENS     >:DWARNER     
DWARNER      ^:PKIEFER      v:-none-       <:DSTUDER      >:FHICKS      
FHICKS       ^:PKIEFER      v:-none-       <:DWARNER      >:FSPECIALE   
FSPECIALE    ^:PKIEFER      v:-none-       <:FHICKS       >:HTSENG      
HTSENG       ^:PKIEFER      v:-none-       <:FSPECIALE    >:JBEDOUN     
JBEDOUN      ^:PKIEFER      v:-none-       <:HTSENG       >:JBELL       
JBELL        ^:PKIEFER      v:-none-       <:JBEDOUN      >:JMORDEN     
JMORDEN      ^:PKIEFER      v:-none-       <:JBELL        >:JPAPADOPOULO
JPAPADOPOULO ^:PKIEFER      v:-none-       <:JMORDEN      >:JTHOMAS     
JTHOMAS      ^:PKIEFER      v:-none-       <:JPAPADOPOULO >:KSTONE      
KSTONE       ^:PKIEFER      v:-none-       <:JTHOMAS      >:LKEISER     
LKEISER      ^:PKIEFER      v:-none-       <:KSTONE       >:LREYNOLDS   
LREYNOLDS    ^:PKIEFER      v:-none-       <:LKEISER      >:MKOWALKOWSKI
MKOWALKOWSKI ^:PKIEFER      v:-none-       <:LREYNOLDS    >:MYOUNG      
MYOUNG       ^:PKIEFER      v:-none-       <:MKOWALKOWSKI >:PPOBAT      
PPOBAT       ^:PKIEFER      v:-none-       <:MYOUNG       >:PSNEDDON    
PSNEDDON     ^:PKIEFER      v:-none-       <:PPOBAT       >:RAKRUL      
RAKRUL       ^:PKIEFER      v:-none-       <:PSNEDDON     >:RANDERSON   
RANDERSON    ^:PKIEFER      v:-none-       <:RAKRUL       >:RBABCOCK    
RBABCOCK     ^:PKIEFER      v:-none-       <:RANDERSON    >:RHOWLAND    
RHOWLAND     ^:PKIEFER      v:-none-       <:RBABCOCK     >:RMKRUL      
RMKRUL       ^:PKIEFER      v:-none-       <:RHOWLAND     >:SPETRYSZYN  
SPETRYSZYN   ^:PKIEFER      v:-none-       <:RMKRUL       >:WBADER      
WBADER       ^:PKIEFER      v:-none-       <:SPETRYSZYN   >:-none-      
TOMC         ^:DHALBROOK    v:JEFFM        <:PKIEFER      >:-none-      
JEFFM        ^:TOMC         v:-none-       <:-none-       >:TOMD        
TOMD         ^:TOMC         v:-none-       <:JEFFM        >:-none-      
DHOUGE       ^:GWALKER      v:-none-       <:DHALBROOK    >:DTSAO       
DTSAO        ^:GWALKER      v:DTAI         <:DHOUGE       >:ELLENBERG   
DTAI         ^:DTSAO        v:-none-       <:-none-       >:NCHIN       
NCHIN        ^:DTSAO        v:-none-       <:DTAI         >:-none-      
ELLENBERG    ^:GWALKER      v:CURRI        <:DTSAO        >:FREITAS     
CURRI        ^:ELLENBERG    v:-none-       <:-none-       >:JLIU        
JLIU         ^:ELLENBERG    v:-none-       <:CURRI        >:KNARAYAN    
KNARAYAN     ^:ELLENBERG    v:-none-       <:JLIU         >:MSADLER     
MSADLER      ^:ELLENBERG    v:-none-       <:KNARAYAN     >:SADLER      
SADLER       ^:ELLENBERG    v:-none-       <:MSADLER      >:TYEH        
TYEH         ^:ELLENBERG    v:-none-       <:SADLER       >:-none-      
FREITAS      ^:GWALKER      v:-none-       <:ELLENBERG    >:INTYM       
INTYM        ^:GWALKER      v:-none-       <:FREITAS      >:JOLIVETO    
JOLIVETO     ^:GWALKER      v:ASHUR        <:INTYM        >:LKYPKE      
ASHUR        ^:JOLIVETO     v:-none-       <:-none-       >:BBENNECOFF  
BBENNECOFF   ^:JOLIVETO     v:-none-       <:ASHUR        >:BTHOMSON    
BTHOMSON     ^:JOLIVETO     v:-none-       <:BBENNECOFF   >:BWELSH      
BWELSH       ^:JOLIVETO     v:-none-       <:BTHOMSON     >:CCHEN       
CCHEN        ^:JOLIVETO     v:-none-       <:BWELSH       >:DLANE       
DLANE        ^:JOLIVETO     v:-none-       <:CCHEN        >:DMARCHAND   
DMARCHAND    ^:JOLIVETO     v:-none-       <:DLANE        >:JBRIDGES    
JBRIDGES     ^:JOLIVETO     v:-none-       <:DMARCHAND    >:KBEDELL     
KBEDELL      ^:JOLIVETO     v:-none-       <:JBRIDGES     >:KCURTIS     
KCURTIS      ^:JOLIVETO     v:-none-       <:KBEDELL      >:KRF         
KRF          ^:JOLIVETO     v:-none-       <:KCURTIS      >:LCAESAR     
LCAESAR      ^:JOLIVETO     v:-none-       <:KRF          >:LHEINZEL    
LHEINZEL     ^:JOLIVETO     v:-none-       <:LCAESAR      >:RFMC        
RFMC         ^:JOLIVETO     v:-none-       <:LHEINZEL     >:SWHITE      
SWHITE       ^:JOLIVETO     v:-none-       <:RFMC         >:-none-      
LKYPKE       ^:GWALKER      v:-none-       <:JOLIVETO     >:MARTELL     
MARTELL      ^:GWALKER      v:-none-       <:LKYPKE       >:MREBMANN    
MREBMANN     ^:GWALKER      v:GARY         <:MARTELL      >:NGREGORY    
GARY         ^:MREBMANN     v:WONGS        <:-none-       >:MATTHEWS    
WONGS        ^:GARY         v:-none-       <:-none-       >:-none-      
MATTHEWS     ^:MREBMANN     v:LAMPMANT     <:GARY         >:-none-      
LAMPMANT     ^:MATTHEWS     v:-none-       <:-none-       >:-none-      
NGREGORY     ^:GWALKER      v:AMEGHJI      <:MREBMANN     >:NSMS        
AMEGHJI      ^:NGREGORY     v:-none-       <:-none-       >:BSTALING    
BSTALING     ^:NGREGORY     v:-none-       <:AMEGHJI      >:DBRUNETT    
DBRUNETT     ^:NGREGORY     v:-none-       <:BSTALING     >:-none-      
NSMS         ^:GWALKER      v:DH           <:NGREGORY     >:RCIUFIA     
DH           ^:NSMS         v:-none-       <:-none-       >:DIRK        
DIRK         ^:NSMS         v:-none-       <:DH           >:IBS         
IBS          ^:NSMS         v:-none-       <:DIRK         >:MC          
MC           ^:NSMS         v:-none-       <:IBS          >:PLM         
PLM          ^:NSMS         v:-none-       <:MC           >:-none-      
RCIUFIA      ^:GWALKER      v:-none-       <:NSMS         >:RSPRENKEL   
RSPRENKEL    ^:GWALKER      v:DZISA        <:RCIUFIA      >:SCHIANG     
DZISA        ^:RSPRENKEL    v:ADAZZI       <:-none-       >:GWALPOLE    
ADAZZI       ^:DZISA        v:-none-       <:-none-       >:LDAVENPORT  
LDAVENPORT   ^:DZISA        v:-none-       <:ADAZZI       >:LFANT       
LFANT        ^:DZISA        v:-none-       <:LDAVENPORT   >:NTALASKI    
NTALASKI     ^:DZISA        v:-none-       <:LFANT        >:SSTANKEY    
SSTANKEY     ^:DZISA        v:-none-       <:NTALASKI     >:SVOTH       
SVOTH        ^:DZISA        v:-none-       <:SSTANKEY     >:-none-      
GWALPOLE     ^:RSPRENKEL    v:-none-       <:DZISA        >:JGOMES      
JGOMES       ^:RSPRENKEL    v:CHENC        <:GWALPOLE     >:MCCUSKER    
CHENC        ^:JGOMES       v:-none-       <:-none-       >:DHUSSEY     
DHUSSEY      ^:JGOMES       v:-none-       <:CHENC        >:DLEE        
DLEE         ^:JGOMES       v:-none-       <:DHUSSEY      >:HCHENG      
HCHENG       ^:JGOMES       v:-none-       <:DLEE         >:JCLARIDGE   
JCLARIDGE    ^:JGOMES       v:-none-       <:HCHENG       >:MARNETT     
MARNETT      ^:JGOMES       v:-none-       <:JCLARIDGE    >:PMISTRY     
PMISTRY      ^:JGOMES       v:-none-       <:MARNETT      >:RAKELLA     
RAKELLA      ^:JGOMES       v:-none-       <:PMISTRY      >:-none-      
MCCUSKER     ^:RSPRENKEL    v:-none-       <:JGOMES       >:RDONNELLY   
RDONNELLY    ^:RSPRENKEL    v:-none-       <:MCCUSKER     >:-none-      
SCHIANG      ^:GWALKER      v:ASHARMA      <:RSPRENKEL    >:SULLIVANN   
ASHARMA      ^:SCHIANG      v:-none-       <:-none-       >:GBUBSEY     
GBUBSEY      ^:SCHIANG      v:-none-       <:ASHARMA      >:JMCKIERNAN  
JMCKIERNAN   ^:SCHIANG      v:-none-       <:GBUBSEY      >:PINGCHU     
PINGCHU      ^:SCHIANG      v:JBURROUGH    <:JMCKIERNAN   >:TFISTE      
JBURROUGH    ^:PINGCHU      v:-none-       <:-none-       >:-none-      
TFISTE       ^:SCHIANG      v:-none-       <:PINGCHU      >:-none-      
SULLIVANN    ^:GWALKER      v:-none-       <:SCHIANG      >:SUSAN       
SUSAN        ^:GWALKER      v:-none-       <:SULLIVANN    >:SWONG       
SWONG        ^:GWALKER      v:DANUP        <:SUSAN        >:-none-      
DANUP        ^:SWONG        v:-none-       <:-none-       >:DIANEP      
DIANEP       ^:SWONG        v:-none-       <:DANUP        >:ETAM        
ETAM         ^:SWONG        v:-none-       <:DIANEP       >:NSCTECH     
NSCTECH      ^:SWONG        v:-none-       <:ETAM         >:PACTECH     
PACTECH      ^:SWONG        v:-none-       <:NSCTECH      >:TCHOW       
TCHOW        ^:SWONG        v:-none-       <:PACTECH      >:-none-      
HOBART       ^:ROOT         v:MOULTON      <:GWALKER      >:JBALL       
MOULTON      ^:HOBART       v:CANNING      <:-none-       >:-none-      
CANNING      ^:MOULTON      v:BEIDLER      <:-none-       >:FOSS        
BEIDLER      ^:CANNING      v:-none-       <:-none-       >:FORWARD     
FORWARD      ^:CANNING      v:-none-       <:BEIDLER      >:JLEUNG      
JLEUNG       ^:CANNING      v:-none-       <:FORWARD      >:STEPHEN     
STEPHEN      ^:CANNING      v:-none-       <:JLEUNG       >:-none-      
FOSS         ^:MOULTON      v:-none-       <:CANNING      >:KOVACH      
KOVACH       ^:MOULTON      v:BUELNA       <:FOSS         >:LEEVER      
BUELNA       ^:KOVACH       v:-none-       <:-none-       >:DUVALL      
DUVALL       ^:KOVACH       v:-none-       <:BUELNA       >:GMOORE      
GMOORE       ^:KOVACH       v:-none-       <:DUVALL       >:LE          
LE           ^:KOVACH       v:-none-       <:GMOORE       >:RODRIGUES   
RODRIGUES    ^:KOVACH       v:-none-       <:LE           >:RODRIGUEZ   
RODRIGUEZ    ^:KOVACH       v:-none-       <:RODRIGUES    >:-none-      
LEEVER       ^:MOULTON      v:COONS        <:KOVACH       >:LUE         
COONS        ^:LEEVER       v:-none-       <:-none-       >:HALL        
HALL         ^:LEEVER       v:-none-       <:COONS        >:HUANG       
HUANG        ^:LEEVER       v:-none-       <:HALL         >:KEARNEY     
KEARNEY      ^:LEEVER       v:-none-       <:HUANG        >:NJAA        
NJAA         ^:LEEVER       v:-none-       <:KEARNEY      >:SAENZ       
SAENZ        ^:LEEVER       v:-none-       <:NJAA         >:WILKESI     
WILKESI      ^:LEEVER       v:-none-       <:SAENZ        >:-none-      
LUE          ^:MOULTON      v:CARRELL      <:LEEVER       >:MCDAVID     
CARRELL      ^:LUE          v:-none-       <:-none-       >:LEAVITT     
LEAVITT      ^:LUE          v:-none-       <:CARRELL      >:LEUNG       
LEUNG        ^:LUE          v:-none-       <:LEAVITT      >:MCCAFF      
MCCAFF       ^:LUE          v:-none-       <:LEUNG        >:PROYECT     
PROYECT      ^:LUE          v:-none-       <:MCCAFF       >:VBURKE      
VBURKE       ^:LUE          v:-none-       <:PROYECT      >:YOUNG       
YOUNG        ^:LUE          v:-none-       <:VBURKE       >:-none-      
MCDAVID      ^:MOULTON      v:SALEHI       <:LUE          >:ROY         
SALEHI       ^:MCDAVID      v:-none-       <:-none-       >:-none-      
ROY          ^:MOULTON      v:AGNE         <:MCDAVID      >:WADE        
AGNE         ^:ROY          v:-none-       <:-none-       >:JMD         
JMD          ^:ROY          v:-none-       <:AGNE         >:-none-      
WADE         ^:MOULTON      v:CLOVER       <:ROY          >:YOUNGSMA    
CLOVER       ^:WADE         v:-none-       <:-none-       >:COSTACCT    
COSTACCT     ^:WADE         v:-none-       <:CLOVER       >:JEANNIE     
JEANNIE      ^:WADE         v:-none-       <:COSTACCT     >:LISAH       
LISAH        ^:WADE         v:-none-       <:JEANNIE      >:MILES       
MILES        ^:WADE         v:-none-       <:LISAH        >:MISDBA      
MISDBA       ^:WADE         v:-none-       <:MILES        >:NICHOLS     
NICHOLS      ^:WADE         v:-none-       <:MISDBA       >:SB CONVERT  
SB CONVERT   ^:WADE         v:-none-       <:NICHOLS      >:SDM         
SDM          ^:WADE         v:-none-       <:SB CONVERT   >:SHARON      
SHARON       ^:WADE         v:-none-       <:SDM          >:WJCN        
WJCN         ^:WADE         v:-none-       <:SHARON       >:-none-      
YOUNGSMA     ^:MOULTON      v:STRONACH     <:WADE         >:ZIMMERMAN   
STRONACH     ^:YOUNGSMA     v:-none-       <:-none-       >:-none-      
ZIMMERMAN    ^:MOULTON      v:-none-       <:YOUNGSMA     >:-none-      
JBALL        ^:ROOT         v:-none-       <:HOBART       >:OHARAB      
OHARAB       ^:ROOT         v:CAROLH       <:JBALL        >:OPERATIONS  
CAROLH       ^:OHARAB       v:-none-       <:-none-       >:CHALIT      
CHALIT       ^:OHARAB       v:-none-       <:CAROLH       >:HWANGJ      
HWANGJ       ^:OHARAB       v:-none-       <:CHALIT       >:KGREDDY     
KGREDDY      ^:OHARAB       v:-none-       <:HWANGJ       >:MARELICH    
MARELICH     ^:OHARAB       v:-none-       <:KGREDDY      >:SHEPPARDA   
SHEPPARDA    ^:OHARAB       v:-none-       <:MARELICH     >:TSDCONTROL  
TSDCONTROL   ^:OHARAB       v:-none-       <:SHEPPARDA    >:-none-      
OPERATIONS   ^:ROOT         v:-none-       <:OHARAB       >:PEREGOY     
PEREGOY      ^:ROOT         v:CRABBS       <:OPERATIONS   >:PORCELLI    
CRABBS       ^:PEREGOY      v:MARIAM       <:-none-       >:-none-      
MARIAM       ^:CRABBS       v:-none-       <:-none-       >:SCHWARTZC   
SCHWARTZC    ^:CRABBS       v:-none-       <:MARIAM       >:-none-      
PORCELLI     ^:ROOT         v:SAL          <:PEREGOY      >:REX         
SAL          ^:PORCELLI     v:ABUELHAJG    <:-none-       >:-none-      
ABUELHAJG    ^:SAL          v:-none-       <:-none-       >:AMARTEL     
AMARTEL      ^:SAL          v:-none-       <:ABUELHAJG    >:ANDERSONK   
ANDERSONK    ^:SAL          v:-none-       <:AMARTEL      >:ANGIEB      
ANGIEB       ^:SAL          v:-none-       <:ANDERSONK    >:BRAHMB      
BRAHMB       ^:SAL          v:-none-       <:ANGIEB       >:CDARNABY    
CDARNABY     ^:SAL          v:-none-       <:BRAHMB       >:CFLYNN      
CFLYNN       ^:SAL          v:-none-       <:CDARNABY     >:CISNEROSM   
CISNEROSM    ^:SAL          v:-none-       <:CFLYNN       >:CRANKD      
CRANKD       ^:SAL          v:-none-       <:CISNEROSM    >:CROWELLV    
CROWELLV     ^:SAL          v:-none-       <:CRANKD       >:CSIRVINE    
CSIRVINE     ^:SAL          v:-none-       <:CROWELLV     >:CWILSON     
CWILSON      ^:SAL          v:-none-       <:CSIRVINE     >:DARLINGTOND 
DARLINGTOND  ^:SAL          v:-none-       <:CWILSON      >:DEMOULINL   
DEMOULINL    ^:SAL          v:-none-       <:DARLINGTOND  >:DHEINS      
DHEINS       ^:SAL          v:-none-       <:DEMOULINL    >:DTROL       
DTROL        ^:SAL          v:-none-       <:DHEINS       >:EYALOW      
EYALOW       ^:SAL          v:-none-       <:DTROL        >:GBAWA       
GBAWA        ^:SAL          v:-none-       <:EYALOW       >:GLENNC      
GLENNC       ^:SAL          v:-none-       <:GBAWA        >:GOKSELA     
GOKSELA      ^:SAL          v:-none-       <:GLENNC       >:HARVEYK     
HARVEYK      ^:SAL          v:-none-       <:GOKSELA      >:HBAILEY     
HBAILEY      ^:SAL          v:-none-       <:HARVEYK      >:HLEE        
HLEE         ^:SAL          v:-none-       <:HBAILEY      >:JLUSKER     
JLUSKER      ^:SAL          v:-none-       <:HLEE         >:JREID       
JREID        ^:SAL          v:-none-       <:JLUSKER      >:JWHITE      
JWHITE       ^:SAL          v:-none-       <:JREID        >:KENDIGE     
KENDIGE      ^:SAL          v:-none-       <:JWHITE       >:KRUMVP      
KRUMVP       ^:SAL          v:-none-       <:KENDIGE      >:MAGGIER     
MAGGIER      ^:SAL          v:-none-       <:KRUMVP       >:MARKM       
MARKM        ^:SAL          v:-none-       <:MAGGIER      >:MCKERNIE    
MCKERNIE     ^:SAL          v:-none-       <:MARKM        >:MCOLVIN     
MCOLVIN      ^:SAL          v:-none-       <:MCKERNIE     >:NATIVIDADT  
NATIVIDADT   ^:SAL          v:-none-       <:MCOLVIN      >:NELSONS     
NELSONS      ^:SAL          v:-none-       <:NATIVIDADT   >:PEMBAMOTOK  
PEMBAMOTOK   ^:SAL          v:-none-       <:NELSONS      >:PETRICHR    
PETRICHR     ^:SAL          v:-none-       <:PEMBAMOTOK   >:POSCODE     
POSCODE      ^:SAL          v:-none-       <:PETRICHR     >:PTD1        
PTD1         ^:SAL          v:-none-       <:POSCODE      >:RIPPLEH     
RIPPLEH      ^:SAL          v:-none-       <:PTD1         >:SDAVIS      
SDAVIS       ^:SAL          v:-none-       <:RIPPLEH      >:SLEE        
SLEE         ^:SAL          v:-none-       <:SDAVIS       >:SMITHC      
SMITHC       ^:SAL          v:-none-       <:SLEE         >:SSLADE      
SSLADE       ^:SAL          v:-none-       <:SMITHC       >:STOOPSE     
STOOPSE      ^:SAL          v:-none-       <:SSLADE       >:STUTZMANC   
STUTZMANC    ^:SAL          v:-none-       <:STOOPSE      >:SUET        
SUET         ^:SAL          v:-none-       <:STUTZMANC    >:WADSWORTHJ  
WADSWORTHJ   ^:SAL          v:-none-       <:SUET         >:WILLIAMSE   
WILLIAMSE    ^:SAL          v:-none-       <:WADSWORTHJ   >:WLAFORGE    
WLAFORGE     ^:SAL          v:-none-       <:WILLIAMSE    >:YOUNGV      
YOUNGV       ^:SAL          v:-none-       <:WLAFORGE     >:ZELENAKJ    
ZELENAKJ     ^:SAL          v:-none-       <:YOUNGV       >:-none-      
REX          ^:ROOT         v:-none-       <:PORCELLI     >:RLV         
RLV          ^:ROOT         v:CUDL         <:REX          >:RSERVICE    
CUDL         ^:RLV          v:-none-       <:-none-       >:ETM         
ETM          ^:RLV          v:JOHNSOND     <:CUDL         >:JD          
JOHNSOND     ^:ETM          v:BSS          <:-none-       >:PWK         
BSS          ^:JOHNSOND     v:-none-       <:-none-       >:DDH         
DDH          ^:JOHNSOND     v:-none-       <:BSS          >:STEINJ      
STEINJ       ^:JOHNSOND     v:AUGIE        <:DDH          >:-none-      
AUGIE        ^:STEINJ       v:-none-       <:-none-       >:DJW         
DJW          ^:STEINJ       v:-none-       <:AUGIE        >:HO          
HO           ^:STEINJ       v:-none-       <:DJW          >:KOCHMANNT   
KOCHMANNT    ^:STEINJ       v:-none-       <:HO           >:PNELSON     
PNELSON      ^:STEINJ       v:-none-       <:KOCHMANNT    >:SHUTICH     
SHUTICH      ^:STEINJ       v:-none-       <:PNELSON      >:SRICHARDS   
SRICHARDS    ^:STEINJ       v:-none-       <:SHUTICH      >:-none-      
PWK          ^:ETM          v:-none-       <:JOHNSOND     >:TKELLEY     
TKELLEY      ^:ETM          v:RBOCKMAN     <:PWK          >:-none-      
RBOCKMAN     ^:TKELLEY      v:-none-       <:-none-       >:RENSIMER    
RENSIMER     ^:TKELLEY      v:-none-       <:RBOCKMAN     >:-none-      
JD           ^:RLV          v:-none-       <:ETM          >:NOVAK       
NOVAK        ^:RLV          v:-none-       <:JD           >:STOY        
STOY         ^:RLV          v:-none-       <:NOVAK        >:-none-      
RSERVICE     ^:ROOT         v:SCHEIBS      <:RLV          >:RUSSELL     
SCHEIBS      ^:RSERVICE     v:-none-       <:-none-       >:-none-      
RUSSELL      ^:ROOT         v:FLOURNOY     <:RSERVICE     >:TERI        
FLOURNOY     ^:RUSSELL      v:-none-       <:-none-       >:NASON       
NASON        ^:RUSSELL      v:-none-       <:FLOURNOY     >:QUIRK       
QUIRK        ^:RUSSELL      v:-none-       <:NASON        >:-none-      
TERI         ^:ROOT         v:DARLENE      <:RUSSELL      >:TOMASI      
DARLENE      ^:TERI         v:-none-       <:-none-       >:-none-      
TOMASI       ^:ROOT         v:DJM          <:TERI         >:VAYSBURD    
DJM          ^:TOMASI       v:BTT          <:-none-       >:DUTRO       
BTT          ^:DJM          v:BONNIE       <:-none-       >:MACEK       
BONNIE       ^:BTT          v:-none-       <:-none-       >:BUDROW      
BUDROW       ^:BTT          v:-none-       <:BONNIE       >:DENNERK     
DENNERK      ^:BTT          v:-none-       <:BUDROW       >:EMILY       
EMILY        ^:BTT          v:-none-       <:DENNERK      >:FALKEVITZ   
FALKEVITZ    ^:BTT          v:-none-       <:EMILY        >:GERHART     
GERHART      ^:BTT          v:-none-       <:FALKEVITZ    >:IANIERI     
IANIERI      ^:BTT          v:-none-       <:GERHART      >:JAPARKER    
JAPARKER     ^:BTT          v:-none-       <:IANIERI      >:LISKOA      
LISKOA       ^:BTT          v:-none-       <:JAPARKER     >:MASSANOPOLI 
MASSANOPOLI  ^:BTT          v:-none-       <:LISKOA       >:PGROSSMAN   
PGROSSMAN    ^:BTT          v:-none-       <:MASSANOPOLI  >:QUEENB      
QUEENB       ^:BTT          v:-none-       <:PGROSSMAN    >:RMILLER     
RMILLER      ^:BTT          v:-none-       <:QUEENB       >:SCHWARTZ    
SCHWARTZ     ^:BTT          v:-none-       <:RMILLER      >:TKANE       
TKANE        ^:BTT          v:-none-       <:SCHWARTZ     >:WALLACED    
WALLACED     ^:BTT          v:-none-       <:TKANE        >:-none-      
MACEK        ^:DJM          v:ALCANTARA    <:BTT          >:MESSINA     
ALCANTARA    ^:MACEK        v:-none-       <:-none-       >:CHAVEZ      
CHAVEZ       ^:MACEK        v:-none-       <:ALCANTARA    >:DKRIER      
DKRIER       ^:MACEK        v:-none-       <:CHAVEZ       >:DSCHENDEL   
DSCHENDEL    ^:MACEK        v:-none-       <:DKRIER       >:ELEFTERATOS 
ELEFTERATOS  ^:MACEK        v:-none-       <:DSCHENDEL    >:HANSENK     
HANSENK      ^:MACEK        v:-none-       <:ELEFTERATOS  >:ORONA       
ORONA        ^:MACEK        v:-none-       <:HANSENK      >:REED        
REED         ^:MACEK        v:-none-       <:ORONA        >:ROAN        
ROAN         ^:MACEK        v:-none-       <:REED         >:SCAROTHERS  
SCAROTHERS   ^:MACEK        v:-none-       <:ROAN         >:-none-      
MESSINA      ^:DJM          v:-none-       <:MACEK        >:NETOPSPROG  
NETOPSPROG   ^:DJM          v:-none-       <:MESSINA      >:PASQUALE    
PASQUALE     ^:DJM          v:-none-       <:NETOPSPROG   >:STAFFORD    
STAFFORD     ^:DJM          v:EMY          <:PASQUALE     >:STARKS      
EMY          ^:STAFFORD     v:-none-       <:-none-       >:GREGORY     
GREGORY      ^:STAFFORD     v:-none-       <:EMY          >:KARENL      
KARENL       ^:STAFFORD     v:-none-       <:GREGORY      >:PATTI       
PATTI        ^:STAFFORD     v:-none-       <:KARENL       >:STEPHANIE   
STEPHANIE    ^:STAFFORD     v:-none-       <:PATTI        >:VICTORINO   
VICTORINO    ^:STAFFORD     v:-none-       <:STEPHANIE    >:-none-      
STARKS       ^:DJM          v:AMANDAC      <:STAFFORD     >:TAYLOR      
AMANDAC      ^:STARKS       v:-none-       <:-none-       >:BRANDONO    
BRANDONO     ^:STARKS       v:-none-       <:AMANDAC      >:BRYANL      
BRYANL       ^:STARKS       v:-none-       <:BRANDONO     >:CINDYS      
CINDYS       ^:STARKS       v:-none-       <:BRYANL       >:DONNAL      
DONNAL       ^:STARKS       v:-none-       <:CINDYS       >:GREGM       
GREGM        ^:STARKS       v:-none-       <:DONNAL       >:HOLLYT      
HOLLYT       ^:STARKS       v:-none-       <:GREGM        >:JAMIEH      
JAMIEH       ^:STARKS       v:-none-       <:HOLLYT       >:JAYS        
JAYS         ^:STARKS       v:-none-       <:JAMIEH       >:KELLYC      
KELLYC       ^:STARKS       v:-none-       <:JAYS         >:MARKR       
MARKR        ^:STARKS       v:-none-       <:KELLYC       >:MATRONAB    
MATRONAB     ^:STARKS       v:-none-       <:MARKR        >:MIKEH       
MIKEH        ^:STARKS       v:-none-       <:MATRONAB     >:NANCYK      
NANCYK       ^:STARKS       v:-none-       <:MIKEH        >:SCOTTM      
SCOTTM       ^:STARKS       v:-none-       <:NANCYK       >:SHEILAS     
SHEILAS      ^:STARKS       v:-none-       <:SCOTTM       >:SHERI       
SHERI        ^:STARKS       v:-none-       <:SHEILAS      >:SUSANP      
SUSANP       ^:STARKS       v:-none-       <:SHERI        >:-none-      
TAYLOR       ^:DJM          v:DAVIS        <:STARKS       >:-none-      
DAVIS        ^:TAYLOR       v:-none-       <:-none-       >:EVANS       
EVANS        ^:TAYLOR       v:-none-       <:DAVIS        >:JMILLER     
JMILLER      ^:TAYLOR       v:-none-       <:EVANS        >:KEPLINGER   
KEPLINGER    ^:TAYLOR       v:-none-       <:JMILLER      >:MYERS       
MYERS        ^:TAYLOR       v:-none-       <:KEPLINGER    >:NILAND      
NILAND       ^:TAYLOR       v:-none-       <:MYERS        >:PUNILEI     
PUNILEI      ^:TAYLOR       v:-none-       <:NILAND       >:WEBSTER     
WEBSTER      ^:TAYLOR       v:-none-       <:PUNILEI      >:-none-      
DUTRO        ^:TOMASI       v:-none-       <:DJM          >:JACK        
JACK         ^:TOMASI       v:BAGUA        <:DUTRO        >:RAJA        
BAGUA        ^:JACK         v:CODEGEN      <:-none-       >:CABRERA     
CODEGEN      ^:BAGUA        v:-none-       <:-none-       >:-none-      
CABRERA      ^:JACK         v:-none-       <:BAGUA        >:CAC         
CAC          ^:JACK         v:BRASMUSSEN   <:CABRERA      >:JHANNAH     
BRASMUSSEN   ^:CAC          v:-none-       <:-none-       >:CMCDAVID    
CMCDAVID     ^:CAC          v:-none-       <:BRASMUSSEN   >:EWESTON     
EWESTON      ^:CAC          v:-none-       <:CMCDAVID     >:JSORCI      
JSORCI       ^:CAC          v:-none-       <:EWESTON      >:KBUCHNER    
KBUCHNER     ^:CAC          v:-none-       <:JSORCI       >:-none-      
JHANNAH      ^:JACK         v:-none-       <:CAC          >:KAL         
KAL          ^:JACK         v:-none-       <:JHANNAH      >:TIO         
TIO          ^:JACK         v:-none-       <:KAL          >:TLC         
TLC          ^:JACK         v:-none-       <:TIO          >:TMP         
TMP          ^:JACK         v:-none-       <:TLC          >:-none-      
RAJA         ^:TOMASI       v:CHUNG        <:JACK         >:SCP         
CHUNG        ^:RAJA         v:JJOELS       <:-none-       >:-none-      
JJOELS       ^:CHUNG        v:-none-       <:-none-       >:PERSTATS    
PERSTATS     ^:CHUNG        v:-none-       <:JJOELS       >:PLANTOOL    
PLANTOOL     ^:CHUNG        v:-none-       <:PERSTATS     >:RKHUANG     
RKHUANG      ^:CHUNG        v:-none-       <:PLANTOOL     >:-none-      
SCP          ^:TOMASI       v:JWEISINGER   <:RAJA         >:STERLING    
JWEISINGER   ^:SCP          v:KADNEY       <:-none-       >:RCHUN       
KADNEY       ^:JWEISINGER   v:-none-       <:-none-       >:OBRIEN      
OBRIEN       ^:JWEISINGER   v:-none-       <:KADNEY       >:-none-      
RCHUN        ^:SCP          v:DOOLITTLER   <:JWEISINGER   >:-none-      
DOOLITTLER   ^:RCHUN        v:-none-       <:-none-       >:PCORCORAN   
PCORCORAN    ^:RCHUN        v:-none-       <:DOOLITTLER   >:WGORGES     
WGORGES      ^:RCHUN        v:-none-       <:PCORCORAN    >:-none-      
STERLING     ^:TOMASI       v:-none-       <:SCP          >:-none-      
VAYSBURD     ^:ROOT         v:-none-       <:TOMASI       >:WRS         
WRS          ^:ROOT         v:OSERANG      <:VAYSBURD     >:-none-      
OSERANG      ^:WRS          v:-none-       <:-none-       >:RMURPHY     
RMURPHY      ^:WRS          v:-none-       <:OSERANG      >:WWANG       
WWANG        ^:WRS          v:-none-       <:RMURPHY      >:-none-      
TXS          ^:     1     1 v:CARL         <:ROOT         >:-none-      
CARL         ^:TXS          v:SYS0025TT    <:-none-       >:DENCOFF     
SYS0025TT    ^:CARL         v:-none-       <:-none-       >:-none-      
DENCOFF      ^:TXS          v:-none-       <:CARL         >:FLETCHERC   
FLETCHERC    ^:TXS          v:JON          <:DENCOFF      >:JMS         
JON          ^:FLETCHERC    v:-none-       <:-none-       >:MOSSERJ     
MOSSERJ      ^:FLETCHERC    v:ABELE        <:JON          >:-none-      
ABELE        ^:MOSSERJ      v:-none-       <:-none-       >:ATWELLS     
ATWELLS      ^:MOSSERJ      v:-none-       <:ABELE        >:BAIGENT     
BAIGENT      ^:MOSSERJ      v:-none-       <:ATWELLS      >:BAKER       
BAKER        ^:MOSSERJ      v:-none-       <:BAIGENT      >:BSTRONG     
BSTRONG      ^:MOSSERJ      v:-none-       <:BAKER        >:CASTILLO    
CASTILLO     ^:MOSSERJ      v:-none-       <:BSTRONG      >:CFLETCHER   
CFLETCHER    ^:MOSSERJ      v:-none-       <:CASTILLO     >:CROWEP      
CROWEP       ^:MOSSERJ      v:-none-       <:CFLETCHER    >:FRANSCINIL  
FRANSCINIL   ^:MOSSERJ      v:-none-       <:CROWEP       >:HAHN        
HAHN         ^:MOSSERJ      v:-none-       <:FRANSCINIL   >:HANSENL     
HANSENL      ^:MOSSERJ      v:-none-       <:HAHN         >:HEALY       
HEALY        ^:MOSSERJ      v:-none-       <:HANSENL      >:JOHNSONPL   
JOHNSONPL    ^:MOSSERJ      v:-none-       <:HEALY        >:MCCOY       
MCCOY        ^:MOSSERJ      v:-none-       <:JOHNSONPL    >:MCDONALDT   
MCDONALDT    ^:MOSSERJ      v:-none-       <:MCCOY        >:MEYERG      
MEYERG       ^:MOSSERJ      v:-none-       <:MCDONALDT    >:RPJONES     
RPJONES      ^:MOSSERJ      v:-none-       <:MEYERG       >:SYORK       
SYORK        ^:MOSSERJ      v:-none-       <:RPJONES      >:TURNERS     
TURNERS      ^:MOSSERJ      v:-none-       <:SYORK        >:-none-      
JMS          ^:TXS          v:-none-       <:FLETCHERC    >:OSMAN       
OSMAN        ^:TXS          v:-none-       <:JMS          >:SPPOPER     
SPPOPER      ^:TXS          v:-none-       <:OSMAN        >:SSINSTALL   
SSINSTALL    ^:TXS          v:-none-       <:SPPOPER      >:SYSMAINT    
SYSMAINT     ^:TXS          v:-none-       <:SSINSTALL    >:TSUCOOP     
TSUCOOP      ^:TXS          v:-none-       <:SYSMAINT     >:TXS.MGR     
TXS.MGR      ^:TXS          v:HARDWARE     <:TSUCOOP      >:-none-      
HARDWARE     ^:TXS.MGR      v:BLOUIN       <:-none-       >:MARTINEZ    
BLOUIN       ^:HARDWARE     v:LANE         <:-none-       >:DONAHUE     
LANE         ^:BLOUIN       v:-none-       <:-none-       >:-none-      
DONAHUE      ^:HARDWARE     v:-none-       <:BLOUIN       >:POINTER     
POINTER      ^:HARDWARE     v:-none-       <:DONAHUE      >:RICHARDSON  
RICHARDSON   ^:HARDWARE     v:-none-       <:POINTER      >:RODRIGUEZL  
RODRIGUEZL   ^:HARDWARE     v:-none-       <:RICHARDSON   >:-none-      
MARTINEZ     ^:TXS.MGR      v:-none-       <:HARDWARE     >:OASYS       
OASYS        ^:TXS.MGR      v:-none-       <:MARTINEZ     >:SPOOLRM     
SPOOLRM      ^:TXS.MGR      v:-none-       <:OASYS        >:WCHOTLIST   
WCHOTLIST    ^:TXS.MGR      v:-none-       <:SPOOLRM      >:-none-      
    @>