!rename (tymout)=##5000.*,##5007.*,##5032.*,##5035.*,##5037.*,##5040.*

FILES RENAMED:
ND5035  BND
ND5040  BND
ND5037  BND
ND5037  TYM
ND5007  BND
ND5035  TYM
ND5040  TYM
ND5007  TYM
ND5007  NIB
ND5007  N00
ND5007  CMD
ND5007  C00
ND5007  C01
ND5007  N01
ND5007  T01
ND5007  C02
ND5007  T02
ND5007  N02
NW5000  TYM

!rename (tymout)=##5041.*,##5047.*,##5052.*,##5065.*,##5067.*,##5073.*

FILES RENAMED:
ND5073  BND
ND5073  TYM
ND5065  BND
ND5065  N02
ND5065  C02
ND5065  T02
ND5065  N03
ND5065  N01
ND5065  C01
ND5065  T01
ND5065  C00
ND5065  CMD
ND5065  TYM
ND5041  TYM

!rename (tymout)=##5107.*,##5144.*,##5154.*,##5155.*,##5167.*,##5202.*

FILES RENAMED:
FB5107  BND
FB5107  CMD
FB5107  TYM
ND5155  NOT
ND5154  NOT

!rename (tymout)=##5204.*,##5205.*,##5214.*,##5220.*,##5225.*,##5226.*

FILES RENAMED:
ND5220  BND
ND5220  TYM
ND5214  BND
ND5226  BND
ND5226  TYM
ND5214  TYM
ND5204  BND
ND5204  N02
ND5204  C00
ND5204  CMD
BK5204  TYM
ND5204  TYM
BK5204  BND
ND5204  N01
ND5204  T01
ND5204  C01
ND5205  BND
ND5205  TYM
ND5225  BND
ND5225  TYM
ND5204  T02
ND5205  C01
ND5204  N03
ND5205  T01

!rename (tymout)=##5235.*,##5245.*,##5247.*,##5254.*,##5261.*,##5271.*

FILES RENAMED:
ND5261  C02
ND5261  C01
ND5261  C00
ND5261  NIB
ND5261  TYM
ND5261  T02
ND5261  N02
ND5261  MER
ND5261  N00
ND5261  T01
ND5261  N01
ND5261  BND
ND5261  DOC
ND5271  BND
ND5271  N02
ND5271  C00
ND5271  CMD
ND5271  TYM
BK5271  TYM
BK5271  BND
ND5245  BND
ND5245  TYM
ND5245  N01
ND5245  T01
ND5245  C01
ND5271  N01
ND5271  T01
ND5271  C01
ND5245  C00
ND5245  CMD
BK5245  BND
BK5245  TYM
ND5245  N04
ND5254  N03
ND5245  ND
ND5247  BND
ND5247  TYM

!rename (tymout)=##5274.*,##5310.*,##5311.*,##5320.*,##5321.*,##5337.*

FILES RENAMED:
ND5311  BND
ND5310  BND
ND5311  TYM
ND5320  BND
ND5320  N05
ND5310  TYM
ND5320  N02
ND5320  N01
ND5320  T01
ND5320  T02
ND5321  N01
ND5321  BND
ND5320  C01
ND5320  TYM
ND5320  C00
ND5320  CMD
ND5320  C02
ND5321  C00
ND5321  TYM
ND5274  BND

!rename (tymout)=##5343.*,##5344.*,##5346.*,##5355.*,##5356.*,##5363.*

FILES RENAMED:
ND5363  CMD
ND5363  BND
ND5363  N02
ND5363  T02
ND5363  N03
ND5363  T03
ND5363  N00
ND5363  NIB
ND5363  TYM
ND5363  N04
ND5363  T04
ND5343  N02
ND5343  C02
ND5343  T02
ND5343  BND
ND5363  N01
ND5363  C00
NW5343  TST
ND5363  MER
ND5343  CMD
ND5343  C00
ND5343  C01
ND5343  T01
ND5343  TYM
ND5343  N01
ND5344  CMD
ND5344  C03
ND5344  TYM
ND5344  T03
ND5344  C01
ND5344  C00
ND5344  N03
ND5344  T01
ND5344  N01
ND5344  BND
ND5363  C02
ND5363  C04
ND5363  C03
ND5363  C01
ND5363  T01

!rename (tymout)=##5367.*,##5370.*,##5402.*,##5404.*,##5411.*,##5440.*

FILES RENAMED:
ND5370  BND
ND5402  BND
ND5402  N01
ND5370  TYM
ND5402  C00
ND5402  CMD
ND5402  TYM
ND5367  C00
ND5367  C02
ND5367  T02
ND5367  N02
ND5367  C01
ND5367  T01
ND5367  N01
ND5367  TYM
ND5367  N00
ND5367  NIB
ND5367  C04
ND5367  T04
ND5367  N04
ND5367  T03
ND5367  N03
ND5367  C03
ND5367  MER
ND5367  BND
ND5367  DOC
BK5402  BND
ND5402  T01
ND5402  C01
ND5404  BND
ND5367  CMD
ND5404  TYM
ND5402  N03
ND5411  TYM

!rename (tymout)=##5450.*,##5454.*,##5462.*,##5463.*,##5473.*,##5475.*

FILES RENAMED:
ND5462  BND
ND5462  TYM
BK5462  TYM
ND5450  BND
ND5450  C00
ND5450  CMD
ND5450  TYM
BK5450  TYM
BK5450  BND
ND5450  C02
BK5462  BND
ND5462  N02
ND5462  C02
ND5462  T02
ND5462  C01
ND5462  T01
ND5462  N01
ND5462  C00
ND5462  CMD
ND5462  N03
ND5462  T03
ND5462  C03
ND5450  N02
ND5450  T02
ND5450  N03
ND5475  TYM
ND5475  BND
ND5475  C00
ND5475  C01
ND5475  T01

!rename (tymout)=##5476.*,##5501.*,##5507.*,##5512.*,##5513.*,##5533.*

FILES RENAMED:
ND5501  BND
ND5533  BND
ND5513  BND
ND5533  N04
ND5501  N02
ND5501  T02
ND5501  C02
ND5513  TYM
ND5533  C00
ND5533  CMD
ND5533  TYM
ND5507  BND
ND5507  N02
ND5507  T02
ND5507  C02
BK5533  BND
ND5507  C00
ND5507  CMD
ND5507  TYM
BK5507  BND
ND5501  N03
ND5533  C01
ND5501  C03
ND5501  T03
ND5476  BND
ND5476  N01
ND5533  N03
ND5533  T03
ND5533  C03
ND5476  N02
ND5476  C02
ND5476  T02
ND5476  C00
ND5476  TYM
ND5501  TYM
PM5476  BND
ND5501  N01
ND5512  N01
ND5501  C00
ND5501  CMD
ND5533  N02
ND5533  N01
ND5533  T01
ND5533  C02
ND5533  T02
ND5476  N03
ND5507  N01
ND5501  T01

!rename (tymout)=##5564.*,##5571.*,##5571.*,##5574.*,##5575.*,##5604.*

FILES RENAMED:
ND5564  BND
ND5564  TYM
ND5571  N02
ND5571  N01
ND5571  TYM
ND5571  BND
ND5574  BND
ND5574  TYM
ND5575  BND
ND5575  N01
ND5575  C01
ND5575  T01
ND5575  TYM
ND5575  C00
ND5575  CMD
ND5564  N00
ND5564  NIB
ND5564  C00
ND5564  CMD
ND5574  C00
ND5574  SCM
ND5571  C00

!rename (tymout)=##5611.*,##5613.*,##5614.*,##5622.*,##5623.*,##5637.*

FILES RENAMED:
ND5637  TYM
ND5611  BND
ND5611  TYM
ND5614  C00
ND5613  C00
ND5623  TYM
ND5614  TYM
ND5622  TYM
ND5613  TYM
ND5637  BND
ND5613  BND
ND5637  C01
ND5637  T01
ND5613  N03
ND5613  T03
ND5613  C03
ND5614  BND
ND5613  N02
ND5614  N02
ND5614  T02
ND5613  T02
ND5614  C02
ND5613  C02
ND5614  N03
ND5614  T03
ND5614  C03
ND5623  C00
NW5622  BND
NW5623  TYM
NW5622  TYM
ND5614  N01
ND5613  T01
ND5614  T01
ND5614  C01
ND5613  N01
ND5613  C01
ND5623  BND
ND5622  BND
ND5623  N01
ND5623  T01
ND5623  C01
ND5623  N02
ND5623  T02
ND5623  MER
ND5623  C02
ND5614  MER
ND5613  T04
ND5613  C04
ND5613  MER
ND5613  N04

!rename (tymout)=##5643.*,##5647.*,##5650.*,##5651.*,##5653.*,##5655.*

FILES RENAMED:
NW5647  BND
ND5647  C00
ND5647  CMD
NW5647  TYM
ND5647  BND
ND5650  BND
ND5650  N01
ND5650  CMD
ND5650  TYM
ND5650  C01
PI5647  N04
PI5647  T04
PI5647  C04
ND5647  TYM
ND5650  C00
ND5650  T01
BK5650  TYM
ND5651  TYM
ND5651  BND
ND5655  TYM
ND5655  BND
ND5647  N02
ND5647  T02
ND5647  C02
ND5643  TYM
ND5643  BND
BK5650  BND
ND5647  N03
ND5647  N01

!rename (tymout)=##5657.*,##5660.*,##5664.*,##5666.*,##5672.*,##5726.*

FILES RENAMED:
ND5726  BND
ND5726  C00
ND5726  CMD
ND5726  TYM
ND5726  N02
ND5726  N01
ND5726  T01
ND5726  T02
ND5726  C02
ND5726  C01
BK5726  BND
BK5726  TYM
ND5657  BND
ND5657  N03
ND5664  TYM
ND5664  BND
ND5672  C00
ND5672  CMD
ND5664  N00
ND5664  NIB
ND5664  C00
ND5664  N03
ND5664  T03
ND5664  N01
ND5664  T01
ND5664  C01
ND5664  C03
ND5666  BND
ND5666  N00
ND5666  NIB
ND5666  TYM
ND5666  C00
ND5666  CMD
BK5666  TYM
ND5660  TYM
ND5664  T04
ND5664  N04
ND5664  C04
ND5664  N02
ND5664  C02
ND5664  T02
ND5666  TST
ND5660  BND
ND5657  C00
ND5657  CMD
ND5657  TYM
ND5672  BND
ND5672  TYM
ND5657  N02
ND5657  C02
ND5657  T02
ND5672  N03
BK5666  BND
ND5657  N01

!rename (tymout)=##5731.*,##5745.*,##5747.*,##5752.*,##5755.*,##5757.*

FILES RENAMED:
ND5747  BND
ND5747  CMD
ND5747  C00
ND5747  TYM
ND5745  BND
ND5745  N01
ND5745  T01
ND5745  C01
ND5745  N02
ND5745  T02
ND5745  C02
ND5731  BND
ND5731  C01
ND5747  N01
ND5747  T01
ND5747  C01
ND5747  N02
ND5747  T02
ND5731  N01
ND5731  T01
ND5745  C00
ND5745  CMD
ND5745  TYM
ND5731  CMD
ND5731  C00
ND5731  N00
ND5731  NIB
ND5731  TYM
ND5752  BND
ND5752  C00
ND5752  TYM
ND5747  C02
ND5752  N01
ND5752  T01
ND5752  C01

!rename (tymout)=##5764.*,##5765.*,##5766.*,##5767.*,##5771.*,##5775.*

FILES RENAMED:
ND5771  BND
ND5771  N01
ND5771  C01
ND5775  BND
ND5775  N03
ND5775  T03
ND5775  C03
ND5775  N05
ND5775  T05
ND5775  C05
ND5775  N02
ND5775  T02
ND5775  C02
ND5771  T01
ND5775  C00
ND5775  CMD
ND5775  TYM
BK5775  TYM
ND5775  N01
ND5775  T01
ND5775  C01
ND5771  C00
ND5771  TYM
ND5771  N02
PM5775  BND
PM5775  TYM

!rename (tymout)=##6000.*,##6004.*,##6007.*,##6012.*,##6013.*,##6021.*

FILES RENAMED:
ND6012  BND
ND6013  BND
ND6013  TYM
ND6012  TYM
ND6012  N02
ND6012  N01
ND6012  N03
ND6012  CMD
ND6012  N00
ND6012  NIB
ND6012  C00

!rename (tymout)=##6023.*,##6026.*,##6027.*,##6031.*,##6032.*,##6033.*

FILES RENAMED:
ND6023  BND
ND6026  TYM
ND6026  BND
BK6026  BND
ND6026  T01
ND6026  C01
ND6026  N01
ND6026  N00
ND6026  NIB
ND6026  C00
ND6023  TYM
ND6023  D55

!rename (tymout)=##6042.*,##6044.*,##6047.*,##6050.*,##6051.*,##6054.*

FILES RENAMED:
ND6054  BND
ND6054  N02
ND6054  TYM
ND6054  C00
ND6054  CMD
ND6042  BND
ND6042  TYM
BK6042  BND
BK6042  TYM
BK6054  BND
ND6054  N01
ND6054  T01
ND6054  C01
MS6042  BND
MS6042  CMD
MS6042  TYM

!rename (tymout)=##6056.*,##6073.*,##6075.*,##6101.*,##6107.*,##6110.*

FILES RENAMED:
ND6101  BND
ND6075  BND
ND6075  C00
ND6075  TYM
BK6075  BND
ND6075  N02
ND6073  BND
ND6073  C00
ND6073  CMD
BK6075  TYM
ND6073  TYM
ND6075  N01
ND6075  T01
ND6110  TYM
ND6110  BND
BK6073  BND
BK6073  TYM
ND6075  C01
ND6073  N01
NW6110  BND
NW6107  BND
NW6107  TYM
NW6110  TYM
ND6107  BND
ND6107  TYM
ND6101  TYM
ND6107  D02

!rename (tymout)=##6111.*,##6112.*,##6120.*,##6127.*,##6160.*,##6161.*

FILES RENAMED:
ND6112  CMD
ND6111  CMD
ND6112  BND
ND6112  N04
ND6112  T04
ND6112  N03
ND6112  C03
ND6112  T03
ND6112  N01
ND6112  T01
ND6111  BND
ND6112  NIB
ND6111  NIB
ND6112  TYM
ND6111  TYM
ND6112  C01
ND6111  N00
ND6112  N02
ND6112  T02
ND6160  BND
ND6111  N01
ND6111  T01
ND6160  N01
ND6160  T01
ND6160  C01
ND6160  TYM
ND6112  N00
ND6111  N02
ND6112  C00
ND6111  C00
ND6111  T02
ND6160  C00
ND6160  CMD
ND6111  MER
ND6112  MER
ND6111  C02
ND6111  C01
ND6112  C04
ND6112  C02
ND6120  BND
ND6120  TYM
ND6120  C00
AL6127  TYM
ND6127  TYM
ND6120  T01
ND6120  N01
ND6120  C01
ND6120  C02
ND6120  N02
ND6120  T02

!rename (tymout)=##6162.*,##6167.*,##6172.*,##6173.*,##6175.*,##6204.*

FILES RENAMED:
ND6173  BND
ND6173  N02
ND6173  T02
ND6173  C02
ND6173  N04
ND6173  T04
ND6173  C04
ND6173  N03
ND6173  T03
ND6173  C03
ND6173  C00
ND6173  CMD
ND6173  TYM
ND6173  N01
NW6172  BND
ND6172  C00
NW6172  TYM
ND6172  N01
ND6172  C01
ND6172  T01

!rename (tymout)=##6205.*,##6206.*,##6215.*,##6232.*,##6233.*,##6234.*

FILES RENAMED:
ND6215  BND
ND6215  C00
ND6215  TYM
ND6215  N02

!rename (tymout)=##6237.*,##6240.*,##6252.*,##6273.*,##6304.*,##6306.*

FILES RENAMED:
ND6252  T01
ND6252  C01
ND6252  N01
ND6252  R02
ND6252  C02
ND6252  L02
ND6252  N02
ND6252  T02
ND6252  MER
ND6252  REQ
BK6252  TYM
ND6252  NIB
ND6252  N00
BK6252  BND
ND6252  TYM
ND6252  CMD
ND6252  C00
ND6252  BND
ND6240  BND
ND6240  N04
ND6240  T04
ND6240  C00
ND6240  TYM
BK6240  TYM
ND6240  C04
BK6240  BND
ND6237  BND
ND6237  N02
ND6237  C02
ND6237  T02
ND6237  N01
BK6237  BND
ND6237  N03
ND6237  T03
ND6237  C00
ND6237  CMD
ND6237  TYM
II6240  N03
ND6237  C03
ND6304  TYM
ND6240  N02
ND6240  C02
ND6240  N01
ND6240  T02
ND6240  T01
ND6240  C01

!rename (tymout)=##6307.*,##6326.*,##6334.*,##6335.*,##6351.*,##6360.*

FILES RENAMED:
ND6335  BND
ND6351  BND
ND6351  N00
ND6335  N00
ND6351  NIB
ND6335  NIB
ND6351  C00
ND6351  CMD
ND6335  C00 **NOT RENAMED - DESTINATION FILE ALREADY EXISTS**
ND6335  CMD **NOT RENAMED - DESTINATION FILE ALREADY EXISTS**
ND6351  TYM
ND6335  TYM **NOT RENAMED - DESTINATION FILE ALREADY EXISTS**
ND6334  BND
ND6334  N05
ND6334  C00
ND6334  TYM
ND6326  BND
ND6326  N02
ND6326  C02
ND6326  T02
ND6307  BND
NW6307  BND
ND6307  C00
ND6307  CMD
ND6307  TYM
NW6307  TYM
BK6334  BND
ND6326  TYM
ND6326  C00
ND6326  CMD
BK6335  BND
ND6335  N05
ND6335  C05
ND6335  T05
ND6334  N02
BK6326  BND
ND6334  T02
ND6334  C02
ND6334  N01
ND6334  T01
ND6334  C01
ND6326  N01
ND6335  N03
ND6335  T03
ND6335  C03
ND6335  N01 **NOT RENAMED - DESTINATION FILE ALREADY EXISTS**
ND6335  T01 **NOT RENAMED - DESTINATION FILE ALREADY EXISTS**
ND6335  C01 **NOT RENAMED - DESTINATION FILE ALREADY EXISTS**
BK6307  BND
BK6326  TYM
ND6307  N02
BK6351  BND
ND6351  N01
ND6351  C01
ND6351  T01
NW6360  BND
ND6360  C00
NW6360  TYM
ND6307  N03
ND6335  C04 **NOT RENAMED - DESTINATION FILE ALREADY EXISTS**
ND6335  T04
ND6335  N04
BK6335  TYM
ND6351  N02
ND6351  T02
ND6351  C02
ND6335  C02
ND6335  T02
ND6335  N02
ND6351  C03
ND6351  T03
ND6351  N03
LR6360  TYM
ND6334  N03

!rename (tymout)=##6361.*,##6371.*,##6374.*,##6377.*,##6404.*,##6414.*

FILES RENAMED:
ND6371  BND
ND6371  N01
ND6371  T01
ND6371  C00
ND6371  CMD
ND6371  TYM
BK6371  BND
ND6371  N02
ND6371  T02
ND6371  C01
ND6371  C02
BK6371  TYM
NW6361  BND
ND6361  C00
NW6361  TYM
LR6361  TYM

!rename (tymout)=##6415.*,##6417.*,##6425.*,##6425.*,##6434.*,##6442.*

FILES RENAMED:
ND6434  BND
ND6434  C00
ND6434  CMD
ND6434  TYM
ND6425  BND
ND6425  N02
ND6425  C02
ND6425  T02
ND6417  BND
ND6417  TYM
BK6434  BND
ND6434  N01
ND6434  C01
ND6434  T01
ND6425  C00
ND6425  CMD
ND6425  TYM
ND6415  T01
ND6415  BND
ND6415  TYM
BK6434  TYM
ND6417  N03
BK6425  BND
ND6425  N01
ND6425  C01
ND6425  T01
ND6442  BND
ND6442  N01
ND6442  C01
ND6442  T01
ND6434  N02
ND6434  C02
ND6434  T02
ND6442  TYM
ND6415  C00
ND6415  CMD
BK6415  BND
ND6415  C01

!rename (tymout)=##6445.*,##6452.*,##6454.*,##6455.*,##6466.*,##6466.*

FILES RENAMED:
ND6454  BND
ND6445  BND
ND6445  NIB
ND6445  LGK
ND6445  N00
ND6445  LG0
ND6445  TYM
ND6445  C00
ND6445  N03
ND6445  T03
ND6445  MER
BK6445  BND
ND6445  N01
ND6445  C01
ND6445  T01
ND6445  T02
ND6445  N02
ND6445  C02
ND6445  C03
ND6454  TYM

!rename (tymout)=##6470.*,##6505.*,##6512.*,##6513.*,##6515.*,##6517.*

FILES RENAMED:
ND6505  TYM
ND6505  BND
ND6505  N03
ND6505  T03
ND6505  C03
ND6505  C00
ND6505  CMD
ND6505  N02
ND6505  T02
ND6505  C02
ND6505  N04
ND6505  T04
ND6505  C04
ND6505  N01
ND6512  TYM
ND6512  C00
ND6513  TYM
ND6513  C00
ND6512  N01
ND6513  N01
ND6512  BND
ND6513  BND
ND6512  C01
ND6513  C01
ND6512  T01
ND6513  T01
ND6505  T01
ND6505  C01

!rename (tymout)=##6530.*,##6541.*,##6543.*,##6571.*,##6572.*,##6600.*

FILES RENAMED:
ND6543  BND
ND6543  N04
ND6543  T04
ND6543  C04
ND6530  BND
ND6530  C00
ND6530  CMD
ND6530  TYM
ND6543  C00
ND6543  CMD
ND6543  TYM
BK6530  BND
NW6572  BND
ND6572  BND
ND6572  N03
ND6572  T03
ND6572  N02
ND6572  C02
ND6572  C03
ND6572  T02
ND6572  C00
ND6572  CMD
NW6572  TYM
ND6530  N02
ND6530  C02
ND6530  T02
ND6530  N01
ND6530  T01
ND6571  BND
ND6571  C00
ND6571  CMD
ND6571  TYM
ND6571  N04
ND6571  T04
ND6571  C04
BK6571  TYM
BK6571  BND
BK6543  BND
ND6543  N05
ND6572  TYM
BK6572  BND
BK6572  TYM
ND6530  N04
ND6571  N03
BK6543  TYM
ND6543  T05
ND6543  C05
ND6543  N02
ND6543  C02
ND6543  T02
NW6600  BND
ND6600  C00
NW6600  TYM
BK6530  TYM
ND6572  N04
ND6530  N03
ND6571  N01
ND6571  T01
ND6543  D16
ND6572  N01
ND6572  C01
ND6572  T01
ND6543  N03
ND6543  N01
ND6571  C01
ND6571  N02
ND6571  C02
ND6571  T02
ND6530  C01
ND6571  N05

!rename (tymout)=##6604.*,##6610.*,##6611.*,##6613.*,##6616.*,##6632.*

FILES RENAMED:
ND6611  BND
ND6604  BND
ND6610  BND
ND6610  T01
ND6610  N01
ND6610  C01
ND6610  TYM
ND6610  C00
ND6610  CMD
ND6616  BND
ND6616  N02
ND6604  TYM
ND6616  C00
ND6616  CMD
ND6616  TYM
ND6611  TYM
ND6613  BND
ND6613  TYM
ND6613  PVC

!rename (tymout)=##6637.*,##6646.*,##6653.*,##6653.*,##6657.*,##6661.*

FILES RENAMED:
ND6646  BND
ND6653  BND
ND6653  C00
ND6653  CMD
ND6653  N03
ND6653  C03
ND6653  T03
ND6653  TYM
BK6653  BND
BK6653  TYM
ND6653  N02
ND6653  C02
ND6653  T02
ND6637  BND
ND6637  TYM
ND6646  TYM
ND6653  T01
ND6653  N01
ND6653  C01
ND6657  BND
ND6657  TYM
ND6657  CMD
ND6657  C00

!rename (tymout)=##6665.*,##6666.*,##6667.*,##6670.*,##6676.*,##6720.*

FILES RENAMED:
ND6720  T01
ND6720  BND
ND6720  TYM
ND6720  C00
ND6720  CMD
BK6720  BND
ND6720  C01
ND6665  BND
ND6676  BND
ND6676  C00
ND6676  TYM

!rename (tymout)=##6721.*,##6722.*,##6724.*,##6760.*,##6761.*,##6777.*

FILES RENAMED:
ND6777  BND
ND6722  T01
ND6722  BND
ND6722  TYM
ND6721  T01
ND6721  BND
ND6721  TYM
ND6761  N06
ND6761  C06
ND6761  T06
ND6761  C05
ND6761  N05
ND6761  T05
ND6761  T04
ND6761  N04
ND6761  N03
ND6761  C03
ND6761  T03
ND6761  C02
ND6761  T02
ND6761  N02
ND6761  C01
ND6761  T01
ND6761  N01
ND6761  BND
ND6761  C00
ND6761  TYM
ND6777  TYM
ND6721  C00
ND6722  C00
ND6721  CMD
ND6722  CMD
BK6722  BND
BK6721  BND
ND6721  C01
ND6722  C01
ND6760  BND
ND6760  TYM
ND6760  CMD
ND6760  C00

!rename (tymout)=##7004.*,##7021.*,##7022.*,##7023.*,##7034.*,##7034.*

FILES RENAMED:
ND7034  BND
ND7034  N02
ND7034  T02
ND7034  C02
ND7021  T01
ND7021  BND
ND7021  TYM
ND7004  T01
ND7004  BND
ND7004  TYM
ND7034  C00
ND7034  TYM
BK7034  BND
ND7034  N01
ND7034  T01
ND7034  C01
ND7004  N01
BK7004  BND
ND7004  C00
ND7004  C01
BK7021  BND
ND7021  C00
ND7004  CMD
ND7021  CMD
ND7021  C01
ND7034  D14

!rename (tymout)=##7040.*,##7046.*,##7072.*,##7100.*,##7122.*,##7125.*

FILES RENAMED:
ND7072  BND
ND7072  C00
ND7072  CMD
ND7072  TYM
ND7040  BND
ND7040  TYM
ND7040  C00
ND7040  CMD
ND7040  N01
ND7040  T01
ND7040  N03
ND7040  C01
BK7040  BND
BK7040  TYM
BK7072  BND
ND7072  N02
ND7072  T02
ND7072  C02
BK7072  TYM
ND7040  N02
ND7040  T02
ND7040  C02
ND7072  N03
ND7122  BND
ND7122  C00
ND7122  CMD
ND7122  TYM
BK7122  BND
BK7122  TYM
ND7122  N03
ND7122  N01
ND7122  T01
ND7122  C01

!rename (tymout)=##7127.*,##7130.*,##7132.*,##7133.*,##7136.*,##7146.*

FILES RENAMED:
ND7136  BND
ND7136  TYM
PM7130  BND
PM7130  TYM
ND7146  TYM
ND7146  BND
ND7146  C00
ND7146  CMD
NW7133  BND
ND7133  C00
NW7133  TYM
BK7146  BND
BK7146  TYM
ND7133  N01
ND7133  T01
ND7133  C01
ND7132  TYM
ND7130  TYM
ND7146  N01
ND7132  BND
ND7130  BND

!rename (tymout)=##7152.*,##7153.*,##7165.*,##7170.*,##7172.*,##7173.*

FILES RENAMED:
ND7165  T01
ND7165  BND
ND7165  TYM
ND7170  BND
ND7170  N04
ND7170  N03
ND7170  C00
ND7170  CMD
ND7170  TYM
BK7170  TYM
ND7152  BND
ND7170  T02
ND7170  N02
ND7170  C02
ND7152  TYM
ND7170  N01
ND7170  T01
ND7170  C01
BK7165  BND
ND7165  C00
ND7165  CMD
ND7165  C01
ND7165  S27
ND7173  TI1
ND7173  T01
HD7153
HS7153  N01

!rename (tymout)=##7176.*,##7177.*,##7227.*,##7246.*,##7247.*,##7250.*

FILES RENAMED:
NW7227  TYM
ND7250  TYM
ND7177  BND
ND7177  C00
ND7177  TYM
ND7250  T01
ND7250  C01
ND7227  TYM

!rename (tymout)=##7262.*,##7271.*,##7272.*,##7273.*,##7274.*,##7277.*

FILES RENAMED:
ND7274  BND
ND7274  TYM
ND7273  BND
ND7273  N02
ND7273  C02
ND7273  T02
ND7273  N03
ND7273  T03
ND7273  C03
ND7273  C00
ND7273  CMD
ND7273  TYM
ND7273  N01
ND7277  TYM

!rename (tymout)=##7302.*,##7312.*,##7313.*,##7345.*,##7373.*,##7400.*

FILES RENAMED:
ND7345  BND
ND7373  BND
ND7345  TYM
ND7373  TYM
BK7313  BND
ND7313  C00
ND7313  C01
ND7313  TYM
ND7313  N00
ND7313  NIB
ND7313  C02
ND7313  N01
ND7313  T02
ND7313  N02
ND7313  MER
ND7313  BND
ND7313  DOC
ND7313  T01
ND7400  BND
ND7400  N02
ND7400  C00
ND7400  CMD
ND7400  TYM
FB7373  BND
FB7373  CMD
FB7373  TYM
AP7400  BND

!rename (tymout)=##7401.*,##7402.*,##7406.*,##7407.*,##7414.*,##7430.*

FILES RENAMED:
ND7401  BND
ND7401  TYM
ND7402  TYM
ND7402  BND
NW7402  BND
ND7402  C00
ND7402  CMD
NW7402  TYM
ND7401  N04
BK7401  BND
BK7402  BND
ND7402  N03
FB7430  BND
ND7430  BND
FB7430  CMD
FB7430  TYM
ND7430  TYM
ND7430  T01
ND7406  BND
ND7406  C00
ND7406  TYM
ND7430  T03
ND7430  C02
ND7430  T02
ND7430  C03
ND7430  C01

!rename (tymout)=##7431.*,##7436.*,##7445.*,##7474.*,##7475.*,##7476.*

FILES RENAMED:
ND7474  BND
ND7474  C00
ND7474  CMD
ND7474  TYM
ND7474  N03
ND7474  L03
ND7474  T03
ND7474  C03
BK7474  BND
ND7474  N02
BK7474  TYM
ND7445  BND
ND7445  C00
ND7445  TYM
NW7436  BND
ND7436  C00
NW7436  TYM
ND7436  N01
ND7436  T01
ND7436  C01
ND7474  N01
ND7474  C01
ND7474  T01
ND7445  N01

!rename (tymout)=##7502.*,##7510.*,##7516.*,##7517.*,##7520.*,##7521.*

FILES RENAMED:
ND7521  N01

!rename (tymout)=##7531.*,##7547.*,##7550.*,##7563.*,##7570.*,##7602.*

FILES RENAMED:
ND7570  BND
ND7570  N01
ND7570  N00
ND7570  NIB
ND7570  C01
ND7570  C00
ND7570  CMD
ND7570  MER
ND7570  T01
ND7570  TYM
ND7563  BND
ND7563  TYM
ND7550  R01
ND7550  L01
ND7550  DOC
ND7550  TYM
ND7550  BND
ND7550  N01
ND7550  T01
ND7550  C00
ND7550  C01
ND7550  N00
ND7550  NIB
ND7550  REQ
ND7550  RME
ND7550  MER
ND7550  LME
ND7531  BND
ND7531  C00
ND7531  CMD
ND7531  TYM
BK7531  TYM
BK7531  BND
ND7531  N03
ND7550  CMD
ND7531  N01
ND7531  C01
ND7531  T01
ND7531  N02
ND7531  T02
ND7531  C02
NW7570  TYM

!rename (tymout)=##7603.*,##7615.*,##7616.*,##7645.*,##7647.*,##7657.*

FILES RENAMED:
ND7657  BND
ND7657  TYM
ND7645  TYM
ND7645  BND

!rename (tymout)=##7660.*,##7661.*,##7666.*,##7667.*,##7673.*,##7700.*

FILES RENAMED:
ND7666  BND
ND7667  BND
ND7666  TYM
ND7661  TYM
ND7667  TYM
ND7661  BND
ND7661  C00
ND7661  CMD
ND7660  BND
ND7660  TYM
ND7673  TYM
ND7673  BND
BK7661  TYM
BK7661  BND
ND7661  N01

!rename (tymout)=##7715.*,##7727.*,##7732.*,##7732.*,##7734.*,##7751.*

FILES RENAMED:
NW7751  TYM
ND7727  BND
ND7727  N01
ND7727  TYM
ND7727  C00
ND7727  CMD
ND7751  BND
ND7732  BND
ND7732  N02
ND7732  N01
ND7751  N04
ND7732  T02
BK7727  BND
ND7751  TYM
ND7751  C00
ND7751  CMD
ND7732  C02
ND7732  C01
ND7732  T01
ND7715  BND
ND7715  N02
ND7715  TYM
ND7715  C00
ND7715  N01
ND7727  N02
ND7734  BND
ND7734  C00
ND7734  TYM
PM7734  TYM
ND7732  TYM
ND7732  C00
ND7732  CMD
PM7734  BND
ND7734  N01
BK7727  TYM
BK7732  BND

!rename (tymout)=##7756.*,##7757.*,##7761.*,##7765.*,#10000.*,#10003.*

FILES RENAMED:
ND7756  BND
ND7756  N03
ND7757  BND
ND7757  N02
ND7761  BND
ND7757  TYM
ND7757  C00
ND7765  BND
ND7765  N03
ND7756  C00
ND7756  TYM
ND7765  N02
ND7765  N01
ND7765  T02
ND7765  T01
ND7757  N01
ND7757  C01
ND7757  T01
BK7756  BND
ND7765  C02
ND7756  N01
ND7756  C01
ND7765  C00
ND7765  CMD
ND7765  TYM
N10003  BND
N10003  C00
N10003  CMD
N10003  TYM
ND7761  TYM
ND7765  C01
ND7756  N02
ND7756  T02
ND7756  C02
ND7756  T01
B10003  BND
N10000

!rename (tymout)=#10004.*,#10010.*,#10012.*,#10016.*,#10023.*,#10030.*

FILES RENAMED:
N10023  BND
T10023  BND
N10023  C00
N10023  CMD
N10023  TYM
T10023  TYM
N10030  BND
B10023  BND
N10023  N02
N10023  C02
N10016  BND
N10016  N01
N10016  T01
N10023  N03
N10016  C00
N10016  CMD
B10023  TYM
N10016  C01
N10023  T02
N10030  TYM
N10016  TYM
B10016  BND
N10016  N04
N10016  N03
N10023  C01
N10016  T03
N10016  C03
B10016  TYM
N10016  D10
N10016  N02
N10004  BND
N10004  C00
N10004  CMD
N10004  TYM
N10023  N01
N10023  T01
N10004  T02
N10004  C02
N10004  T03
N10004  T01
N10004  C01
N10004  C03

!rename (tymout)=#10037.*,#10047.*,#10051.*,#10055.*,#10066.*,#10073.*

FILES RENAMED:
N10055  BND
N10055  N05
N10055  C00
N10055  CMD
N10055  TYM
B10055  BND
N10055  N04
N10055  T04
N10055  N03
N10055  C03
N10055  T03
N10055  C04
N10055  N02
N10055  C02
N10055  T02
T10037  BND
N10037  CMD
T10037  TYM
B10055  TYM
N10037  BND
N10037  TYM
N10055  N01
N10073  BND
N10073  C00
N10073  TYM
N10073  N01
N10073  T01
N10073  C01

!rename (tymout)=#10074.*,#10075.*,#10101.*,#10107.*,#10111.*,#10112.*

FILES RENAMED:
N10112  BND
N10112  N02
N10112  C00
N10112  CMD
N10112  TYM
B10112  TYM
B10112  BND
N10112  N01
N10112  T01
N10112  C01
N10111  BND
N10111  TYM
N10107  TYM
N10107  BND
N10101  N01
N10101  C01
N10101  T01
N10107  N01
N10107  T01
N10107  C01
N10107  C00
N10107  CMD

!rename (tymout)=#10124.*,#10126.*,#10127.*,#10132.*,#10135.*,#10136.*

FILES RENAMED:
N10126  C00
N10126  CMD
N10126  BND
N10126  TYM
N10136  TYM
T10136  BND
N10136  C00
N10136  CMD
T10136  TYM
N10127  BND
N10127  C00
N10127  CMD
N10127  N01
N10127  T01
N10127  C01
N10127  TYM
N10126  N01
N10126  C01
N10126  T01
N10136  BND
N10136  T01
N10136  N01
N10136  C01

!rename (tymout)=#10141.*,#10156.*,#10160.*,#10161.*,#10162.*,#10163.*

FILES RENAMED:
N10163  BND
N10162  BND
N10161  BND
N10141  BND
N10141  C00
N10141  CMD
N10141  N01
N10141  C01
N10141  TYM
N10141  T01
B10141  BND
B10141  TYM
B10163  BND
B10162  BND
N10141  C03
N10141  T03
N10141  N03
N10163  TYM
N10161  TYM
N10162  TYM
N10141  N04
N10141  N02
N10141  C02
N10141  T02

!rename (tymout)=#10164.*,#10166.*,#10167.*,#10216.*,#10217.*,#10222.*

FILES RENAMED:
N10164  BND
N10167  BND
N10166  BND
N10167  TYM
N10166  TYM
N10164  TYM
N10167  D02
N10216  BND
N10216  C00
N10216  CMD
N10216  N01
N10216  T01
N10216  C01
N10216  TYM
T10167  TYM

!rename (tymout)=#10223.*,#10227.*,#10236.*,#10240.*,#10251.*,#10252.*

FILES RENAMED:
N10236  BND
N10236  N03
N10236  T03
N10236  C03
N10252  BND
N10251  BND
N10252  TYM
N10251  TYM
N10236  C00
N10236  CMD
N10236  TYM
N10236  N02
N10236  C02
N10236  T02
B10236  BND
N10236  N01

!rename (tymout)=#10260.*,#10265.*,#10275.*,#10302.*,#10303.*,#10312.*

FILES RENAMED:
N10265  BND
N10265  C00
N10265  CMD
N10265  TYM
N10312  BND
N10265  N04
B10265  BND
N10265  N00
N10265  NIB
N10265  N03
N10265  L03
B10265  TYM
N10265  C03
N10265  T03
N10265  R03
L10265  N02
N10312  TYM
T10275  BND
N10275  C00
N10275  CMD
T10275  TYM
T10303  TYM
T10302  TYM
L10303  TYM
L10302  TYM

!rename (tymout)=#10316.*,#10317.*,#10333.*,#10335.*,#10336.*,#10336.*

FILES RENAMED:
N10317  TYM

!rename (tymout)=#10340.*,#10344.*,#10345.*,#10350.*,#10354.*,#10356.*

FILES RENAMED:
N10344  BND
T10344  BND
N10344  C00
N10344  CMD
N10344  TYM
T10344  TYM
N10350  T01
N10350  BND
N10350  TYM
N10345  N03
N10345  N02
N10345  BND
N10345  C00
N10345  CMD
N10345  TYM
B10344  BND
L10344  N01
L10344  C01
L10344  T01
B10345  BND
B10345  TYM
B10344  TYM
N10354  BND
N10354  N02
N10354  T02
N10354  C02
N10350  C01
N10354  N01
N10350  C00
N10350  CMD
N10345  C01
N10345  T01
B10350  BND
N10354  TYM
N10354  C01
T10340  BND
N10340  C00
N10340  CMD
T10340  TYM
N10345  N01
N10354  N00
N10354  NIB
N10354  C00
N10354  CMD
N10344  N03
N10356  BND
N10356  C01
N10356  T01
N10356  C00
N10356  TYM
N10354  T01

!rename (tymout)=#10361.*,#10370.*,#10371.*,#10372.*,#10373.*,#10376.*

FILES RENAMED:
N10370  BND
N10370  N03
N10370  N02
N10370  C03
N10370  C02
N10370  T03
N10370  T02
N10370  N00
N10370  NIB
N10370  TYM
N10370  C00

!rename (tymout)=#10401.*,#10413.*,#10414.*,#10414.*,#10422.*,#10424.*

FILES RENAMED:
N10413  BND
N10413  TYM
T10414  BND
N10414  C00
N10414  CMD
T10414  TYM
N10424  BND
N10424  C00
N10424  CMD
N10424  TYM
G10422  BND

!rename (tymout)=#10427.*,#10435.*,#10440.*,#10441.*,#10442.*,#10443.*

FILES RENAMED:
N10441  BND
N10442  BND
N10443  BND
N10443  TYM
N10441  C00
N10441  CMD
N10440  TYM
N10442  TYM
N10440  BND
N10435  BND
N10435  C00
N10435  CMD
N10435  N01
N10435  C01
N10435  T01
N10435  TYM
N10441  TYM

!rename (tymout)=#10444.*,#10445.*,#10446.*,#10447.*,#10450.*,#10451.*

FILES RENAMED:
N10450  BND
N10446  BND
N10446  N03
N10447  BND
N10445  BND
N10444  BND
N10447  TYM
N10445  TYM
N10444  TYM
N10446  TYM
N10450  TYM
N10451  BND
N10451  TYM

!rename (tymout)=#10452.*,#10453.*,#10457.*,#10466.*,#10467.*,#10512.*

FILES RENAMED:
N10512  BND
N10512  N04
N10512  C04
N10512  T04
N10512  C00
N10512  CMD
N10512  TYM
B10512  BND
N10512  N02
N10453  BND
N10453  TYM
N10452  C00
N10452  CMD
N10512  T01
N10512  C01
N10512  N01
N10452  BND
N10452  TYM
N10512  NO1
B10512  TYM
N10512  N03
N10512  C03
N10512  T03

!rename (tymout)=#10513.*,#10513.*,#10531.*,#10550.*,#10554.*,#10564.*

FILES RENAMED:
T10513  BND
N10513  C00
N10513  CMD
T10513  TYM
N10513  BND
N10513  N05
N10513  TYM
N10531  TYM
N10513  N02
N10513  T02
B10513  BND
N10513  C02
N10550  BND
B10513  TYM
N10513  N04
N10513  T04
N10513  C04
N10550  C00
N10550  CMD
N10550  N02
N10550  T02
N10550  TYM
N10550  C02
A10550  TYM
A10550  BND
N10513  C03
N10513  N03
N10513  T03
N10554  LOD
N10554  NIB
N10554  N00
N10554  N01
N10554  C01
N10554  T01
N10554  C00
N10554  TYM
N10554  CMD
N10554  BND
N10550  N01
N10513  T01
N10513  N01
N10513  C01

!rename (tymout)=#10566.*,#10575.*,#10616.*,#10620.*,#10624.*,#10625.*

FILES RENAMED:
N10575  BND
N10616  BND
N10616  C00
N10616  CMD
N10616  TYM
N10575  TYM
B10616  TYM
B10616  BND
N10616  N01
N10616  T01
N10616  C01
N10566  C00
N10566  CMD
N10566  TYM
N10566  BND
N10566  N03
N10566  T03

!rename (tymout)=#10671.*,#10677.*,#10703.*,#10716.*,#10720.*,#10733.*

FILES RENAMED:
N10671  BND
N10671  N02
N10671  T02
N10671  C02
N10671  N01
N10671  T01
N10671  N00
N10671  NIB
N10671  TYM
N10671  CMD
N10671  C00
N10671  C01

!rename (tymout)=#10747.*,#10764.*,#10765.*,#10766.*,#10767.*,#10770.*

FILES RENAMED:
N10766  TYM
N10767  TYM
N10764  TYM
N10765  TYM

!rename (tymout)=#10771.*,#10772.*,#10773.*,#10773.*,#11000.*,#11004.*

FILES RENAMED:
N11000  CMD
N11000  C00
N11000  C01
N11000  TYM
N11000  NIB
N11000  N00
N11000  T01
N11000  N01
N11000  BND
N11000  DOC
T11004  BND
N11004  C00
N11004  CMD
T11004  TYM
N10771  TYM
N10773  TYM
N10772  TYM

!rename (tymout)=#11007.*,#11020.*,#11021.*,#11024.*,#11025.*,#11027.*

FILES RENAMED:
N11024  BND
N11024  N02
N11024  T02
N11024  C02
N11024  N00
N11024  NIB
N11024  TYM
N11024  CMD
N11024  N05
N11024  N04
N11024  N03
N11024  N01
N11024  C00
N11024  T03
N11024  T05
N11024  T01
N11024  C04
N11024  MER
N11024  T04
N11024  C05
N11024  C03
N11024  C01
T11021  BND
N11021  C00
N11021  CMD
T11021  TYM
N11021  N01
N11021  C01
N11021  T01
T11020  BND
T11020  TYM
N11020  C00
N11020  CMD
N11020  N01
N11020  C01
N11020  T01

!rename (tymout)=#11030.*,#11036.*,#11037.*,#11041.*,#11045.*,#11061.*

FILES RENAMED:
N11030  TYM

!rename (tymout)=#11110.*,#11111.*,#11122.*,#11125.*,#11126.*,#11154.*

FILES RENAMED:
N11111  TYM
N11154  TYM
N11122  TYM
N11122  BND
N11122  N01
N11122  C00
N11122  CMD

!rename (tymout)=#11203.*,#11204.*,#11216.*,#11224.*,#11245.*,#11252.*

FILES RENAMED:
N11252  BND
T11252  BND
N11252  C00
N11252  CMD
N11252  N01
N11252  T01
N11252  TYM
T11252  TYM
B11252  BND
B11252  TYM
N11252  C01
L11216  TYM

!rename (tymout)=#11253.*,#11254.*,#11255.*,#11277.*,#11310.*,#11327.*

FILES RENAMED:
N11310  BND
N11310  C00
N11310  CMD
N11310  TYM
N11310  N02
N11327  BND
N11327  TYM
N11255  BND
N11310  N03
N11253  BND
N11253  TYM
N11255  TYM
N11254  BND
N11254  TYM
N11253  C00
N11253  CMD
N11253  N01
N11253  T01
N11253  C01

!rename (tymout)=#11332.*,#11333.*,#11334.*,#11344.*,#11351.*,#11363.*

FILES RENAMED:
N11344  N02
N11344  BND
N11344  N01
N11344  T01
N11351  N02
N11351  T02
N11351  BND
N11363  BND
N11344  N00
N11344  NIB
N11344  TYM
N11351  N00
N11351  NIB
N11351  TYM
N11344  MER
N11344  C01
N11344  C00
N11344  CMD
N11351  CMD
N11351  C02
N11351  N01
N11351  T01
N11351  C01
N11351  MER
N11351  C00
N11363  TYM
N11344  T02
N11344  C02

!rename (tymout)=#11364.*,#11367.*,#11370.*,#11370.*,#11404.*,#11420.*

FILES RENAMED:
N11367  BND
N11364  TYM
N11367  TYM
N11364  BND
N11404  BND
N11404  N03
N11404  T03
N11420  TYM
N11404  TYM
N11404  N02
N11404  T02
N11404  N01
N11404  C01
N11404  T01
N11404  C03
N11404  C02
N11404  C00
N11404  CMD

!rename (tymout)=#11427.*,#11430.*,#11436.*,#11437.*,#11440.*,#11441.*

FILES RENAMED:
N11430  TYM
N11427  TYM

!rename (tymout)=#11442.*,#11443.*,#11444.*,#11455.*,#11462.*,#11465.*

FILES RENAMED:
N11465  TYM
N11462  BND
N11462  N01
N11462  C01
N11462  C00
N11462  CMD
N11462  TYM
N11462  T01

!rename (tymout)=#11473.*,#11474.*,#11642.*,#11643.*,#11646.*,#11665.*

FILES RENAMED:
N11473  BND
N11473  N02
N11473  T02
N11473  C02
N11473  C00
N11473  CMD
N11473  TYM
N11474  BND
N11474  N03
N11474  C00
N11474  CMD
N11474  TYM
B11473  BND
B11473  TYM
B11474  BND
N11665  TYM
N11665  BND
N11474  T02
N11474  N02
N11474  N01
N11474  T01
N11474  C02
N11474  C01

!rename (tymout)=#11667.*,#11670.*,#11707.*,#11720.*,#11721.*,#11722.*

FILES RENAMED:
N11707  TYM

!rename (tymout)=#11724.*,#11731.*,#11733.*,#11735.*,#11737.*,#11740.*

FILES RENAMED:
N11733  TYM
N11724  TYM
N11731  BND
N11731  C00
N11731  CMD
N11731  TYM

!rename (tymout)=#11766.*,#11772.*,#11773.*,#11774.*

FILES RENAMED:
N11774  N02
N11774  C02
N11774  T02
N11766  BND
N11772  BND
N11772  TYM
N11766  TYM
N11773  TYM
N11773  BND

!SEND CARL
Type letter:
; PCOM v1.63 - processed: (CARL)TYM5.LOG = (CARL)TYM5.CTL
; Options: DETACH  LOG NOAPPEND SUPERSEDE LICENSE 
; Limits: TIME:10000 TRULIMIT:0 
; Status: completed.
; Output recorded in file (CARL)TYM5.LOG.

End of SAIL execution
!LOGOUT
5375.81 tru
terminal time: 0:29:57
  : {å