.DO FUDGE2
*TTY:_RTYF4.REL/L$
RTYF4	000035
*
TTY:_RTYBUF.REL/L$
RTYBUF	000334
*
TTY:_RTYDYN.REL/L$
RTYDYN	000000
*
TTY:_RTYRTN.REL/L$
RTYRTN	001575
*
TTY:_DYNFOR.REL/L$
RTYDYN	000000
*
TTY:_PAGEIO.REL/L$
PAGEIO	000262
*
TTY:_ZLIB.REL/L$
PLOTS
PLOTF
AXIS
FACTOR
LINE
OFFSET
POFF
PON
TON
SCALE
WHERE
NUMBER
SYMBOL
UNPACK
NEWPEN
*
TTY:_ZLISFO.REL/L$
PLOTS	400050	000015
PLOTF	400053	000015
AXIS	401143	000227
FACTOR	400016	000007
LINE	400332	000074
OFFSET	400031	000012
POFF	400013	000004
PON	400013	000004
TON	400027	000010
SCALE	400336	000104
WHERE	400044	000013
NUMBER	400205	000146
SYMBOL	400233	000205
UNPACK	400221	000055
NEWPEN	400075	000033
PLOT	400105	000035
SMODE	400032	000010
ZERR	400024	000007
PLOT36	400137	000037
ALPHA	400743	001470
IANG	400065	000025
SLINE	400014	000007
CLINE	400014	000010
BPLOT	400053	000034
EPLOT	400063	000025
START	400033	000012
PEN	400136	000036
WRAPUP	400024	000006
POINT	401640	000505
SPEED	400113	000033
OUT	400473	001110
*
TTY:_ZLIB10.REL/L$
PLOTS	400047	000003
PLOTF	400054	000004
AXIS	401135	000143
FACTOR	400011	000002
LINE	400272	000044
OFFSET	400020	000005
TON	400041	000006
SCALE	400325	000044
WHERE	400041	000005
NUMBER	400202	000050
SYMBOL	400223	000153
UNPACK	400043	000014
NEWPEN	400111	000016
PLOT	400077	000011
SMODE	400021	000004
ZERR	400020	000004
PLOT36	400225	000021
ALPHA	400675	000217
IANG	400032	000007
SLINE	400010	000002
CLINE	400010	000002
BPLOT	400104	000017
EPLOT	400101	000016
START	400025	000002
PEN	400133	000007
POINT	401701	000162
SPEED	400104	000022
OUT	400532	000542
BDAT	400004	000001
ICHARL	000017
*
TTY:_XLIB.REL/L$
?DSK:XLIB.REL 400173 IS AN ILLEGAL BLOCK TYPE
*
TTY:_XLIB10.REL/L$
?DSK:XLIB10.REL 162626 IS AN ILLEGAL BLOCK TYPE
*
TTY:_UFDLIB.REL/L$
UFDLIB	000412
*
TTY:_X22.REL/L$
QEX	000002
QEX	000001
QEX	000001
QF10	000304	000137
QCBL	000277	000137
QF4	000176
QF4A	000067	000137
QCY	000001
QCY	000011
QCY	000001
QCY	000012
DBNOX	000002
QHLC	000001
QHLC	000002
QCPN	000000
QVER	000000
*
TTY:_TLIB.REL/L$
EZSUB
QUIKPL
ITGNLE
TGAXIS
TGDCDE
TGCURV
TGSCAL
TGLABE
TGGRID
TGORIG
TGPLOT
TGERRR
TGEND
TGMOVE
TGPRNT
TGRSET
TGUPDT
*
TTY:_SSP.REL/L$
?DSK:SSP.REL 140350 IS AN ILLEGAL BLOCK TYPE
*
TTY:_RCMLIB.REL/L$
RCMF..	400337
RCMP..	400120
RCMS..	400566
RCME..	400010
RCMH..	400174
RCMG..	400002	000173
RWTR..	401366
SIX1..	400006
MEMO..	407123
CSCA..	402444
JOBS..	400441
KLOS..	400135
KPGB..	400760
KPNI..	400053
KGLE..	400266
KOFC..	400753
KOPF..	400064
KIOA..	400247
PARS..	403115
COLC..	400144
UYES..	400146
CTMR..	400477
FATA..	400147
CEES..	400211
DOUBLE	000061
CSPC..	400265
CINI..	400151
CDIN..	400217
ULEX..	400462
CXCR..	400443
UMLS..	400067
KILI..	400017
KFRA..	400040
KSQL..	401155
KSQB..	400210
KREN..	400117
CHAS..	400026
CBTK..	400024
CEBU..	400031
CRTYC	000064
CINTRU	000172
TMPC..	400607
CRES..	400200
KTYP..	400230
CISC..	400500
CRWL..	400221
RTYRTN	001535
CISI..	400511
CLIN..	400200
KNOF..	400041
GLOB..	400002	002156
DOUBLE	000061
PGAR..	400136
UOUT..	400552
KWHY..	400621
KPRF..	400253
RCMF..	400337
RCMP..	400120
RCMS..	400566
RCME..	400010
RCMH..	400174
RCMG..	400002	000173
RWTR..	401366
SIX1..	400006
MEMO..	407123
CSCA..	402444
JOBS..	400441
KLOS..	400135
KPGB..	400760
KPNI..	400053
KGLE..	400266
KOFC..	400753
KOPF..	400064
KIOA..	400247
PARS..	403115
COLC..	400144
UYES..	400146
CTMR..	400477
FATA..	400147
CEES..	400211
DOUBLE	000061
CSPC..	400265
CINI..	400151
CDIN..	400217
ULEX..	400462
CXCR..	400443
UMLS..	400067
KILI..	400017
KFRA..	400040
KSQL..	401155
KSQB..	400210
KREN..	400117
CHAS..	400026
CBTK..	400024
CEBU..	400031
CRTYC	000064
CINTRU	000172
TMPC..	400607
CRES..	400200
KTYP..	400230
CISC..	400500
CRWL..	400221
RTYRTN	001535
CISI..	400511
CLIN..	400200
KNOF..	400041
GLOB..	400002	002156
DOUBLE	000061
PGAR..	400136
UOUT..	400552
KWHY..	400621
KPRF..	400253
*
TTY:_RCM.REL/L$
RCM..	400670	000177
*
TTY:_PROJC.REL/L$
PJCPKG	000344
*
TTY:_PLT325.REL/L$
PLOT
PLOTS
FACTOR
VECTOR
WHERE
OFFSET
SET
PCHAR
GSPRNT
GSPRT1
HLINE
VLINE
SYMBOL
GSCHAR
FILNUM
DELAY	000006
CRLF	000015
*
TTY:_PLOT21.REL/L$
ADRAW
AGLAX
AGP
AMOVE
ANG
ARCREL
ARCTOL
AXES
AXIS
AXY
CDIR
CFONT
CHANGE
CLIP
CLIPOF
CLIPON
CLIPER
CPLOT
CSIZE
CSIZEA
DASLNA
DATOUT
DELTA
DIGIT
DRAW
FACTOR
FRAME
FXD
GRID
GUTOPU
HSHAKE
IDRAW
IMOVE
INSERT
INTOPU
IPLOT
IPLOT1
IXY
LABOFF
LABON
LAXES
LBTERM
LGRID
LIMIT
LINE
LOCATE
LORG
MAPUU
MARGIN
MOVE
MSCALE
MUTOPU
NEWPEN
NMP
NUMBER
OERROR
OUTCK1
OUTEMP
OUTRE1
OUTRE3
OUTRE4
PDIR
PENDN
PENSPD
PENUP
PLOT
PLOTOF
PLOTON
PLOTS
PUTOGU
PUTOIN
PUTOMU
PUTOUN
PUTOUU
RANGOF
RANGON
RES
RPLOT
SCALE
SETGU
SETIN
SETUU
SHOW
SYMBOL
UUTOPU
WHERE
*
TTY:_PJCPRG.REL/L$
PJCPRG	000205
*
TTY:_PJC40.REL/L$
SETRCM	000155
BZPAD	000026
.MAIN	000001
*
TTY:_PASLIB.REL/L$
?DSK:PASLIB.REL 025523 IS AN ILLEGAL BLOCK TYPE
*
TTY:_MCOST.REL/L$
MAIN.	402163	000035
*
TTY:_PJCPKG.REL/L$
PJCPKG	000344
*
TTY:_LIBOL.REL/L$

ILL MEM REF for location 017731 at user 401427

.TTY:_HR1022.REL/L$?TTY?

.TTY:_HIPLOT.REL/L$?TTY?

.TTY:_GSIQ.REL/L$?TTY?

.TTY:_FTX22.REL/L$?TTY?

.TTY:_FASLIB.REL/L$?TTY?

.TTY:_F1022.REL/L$?TTY?

.TTY:_EXZLIB.REL/L$?TTY?

.TTY:_DRIVER.REL/L$?TTY?

.TTY:_COMAND.REL/L$?TTY?

.TTY:_COBLIB.REL/L$?TTY?

.TTY:_AUXLB8.REL/L$?TTY?

.TTY:_AUXLIB.REL/L$?TTY?

.LOGOUT
28.74 tru
terminal time: 0:00:25
