!users
Users=27 Det=8 [4,2], Queues: RUN=1 DIO=0 TIO=13 IO=0 SPC=13

!run users
Reading DUL...LUD...MFD...Done!

DUL entries missing LUD entries:
  1   7676  21727                DOPS525BA     

LUD entries missing DUL entries:
  1      1      3  DIAG                        
  2      1  65356  TCMS                        
  3      4 373646  MICROBAND                   
  4   7676 110560                              
  5   7676 110672  NY7200CE                    
  6   7676 121370                              
  7   7676 156520                              
  8   7676 235163                              
  9   7676 255417                              
 10   7676 274062                              
 11   7676 311131                              
 12   7676 311276                              
 13   7676 324416                              
 14   7676 331540                              
 15   7676 340264                              
 16   7676 401724                              
 17   7676 401730                              
 18   7676 410370                              
 19   7676 410400                              
 20   7676 411400                              
 21   7676 411402                              
 22   7676 411410                              
 23   7676 411411                              
 24   7676 411412                              
 25   7676 421135                              
 26   7676 421237                              
 27   7676 421312                              
 28   7676 422152                              
 29   7676 422547                              
 30   7676 422550                              
 31   7676 435635                              
 32   7676 435636                              
 33   7676 435637                              
 34   7676 435641                              
 35   7676 436557                              
 36   7676 471442                              
 37   7676 471444                              
 38   7676 472716                              
 39   7676 472722                              
 40   7676 500262                              
 41   7676 500263                              
 42   7676 500264                              
 43   7676 500267                              
 44   7676 500271                              
 45   7676 500275                              
 46   7676 500363                              
 47   7676 500364                              
 48   7676 500512                              
 49   7676 500516                              
 50   7676 500517                              
 51   7676 500520                              
 52   7676 500522                              
 53   7676 500525                              
 54   7676 500531                              
 55   7676 500534                              
 56   7676 500535                              
 57   7676 500540                              
 58   7676 500542                              
 59   7676 500551                              
 60   7676 500556                              
 61   7676 500557                              
 62   7676 500562                              
 63   7676 500563                              
 64   7676 500564                              
 65   7676 500565                              
 66   7676 500566                              
 67   7676 500567                              
 68   7676 500712                              
 69   7676 500744                              
 70   7676 500752                              
 71   7676 501161                              
 72   7676 501164                              
 73   7676 501170                              
 74   7676 501270                              
 75   7676 501275                              
 76   7676 501276                              
 77   7676 501277                              
 78   7676 501300                              
 79   7676 501301                              
 80   7676 501302                              
 81   7676 501303                              
 82   7676 501304                              
 83   7676 501305                              
 84   7676 501306                              
 85   7676 501307                              
 86   7676 501310                              
 87   7676 501311                              
 88   7676 501312                              
 89   7676 501313                              
 90   7676 502260                              
 91   7676 502261                              
 92   7676 502262                              
 93   7676 503131                              
 94   7676 503134                              
 95   7676 503643                              
 96   7676 503645                              
 97   7676 505060                              
 98   7676 510205                              
 99   7676 510210                              
100   7676 510217                              
101   7676 510222                              
102   7676 510243                              
103   7676 510255                              
104   7676 510257                              
105   7676 510263                              
106   7676 510267                              
107   7676 510271                              
108   7676 510274                              
109   7676 510305                              
110   7676 510314                              
111   7676 510317                              
112   7676 510355                              
113   7676 510364                              
114   7676 510365                              
115   7676 510366                              
116   7676 510367                              
117   7676 510370                              
118   7676 510371                              
119   7676 510372                              
120   7676 510373                              
121   7676 510375                              
122   7676 510377                              
123   7676 510400                              
124   7676 510412                              
125   7676 510413                              
126   7676 510415                              
127   7676 510416                              
128   7676 514464                              
129   7676 514475                              
130   7676 514505                              
131   7676 514510                              
132   7676 514517                              
133   7676 514524                              
134   7676 514531                              
135   7676 514537                              
136   7676 514546                              
137   7676 514547                              
138   7676 514550                              
139   7676 514551                              
140   7676 514563                              
141   7676 514564                              
142   7676 514565                              
143   7676 514567                              
144   7676 514573                              
145   7676 514574                              
146   7676 521521                              
147   7676 521524                              
148   7676 521525                              
149   7676 522475                              
150   7676 526155                              
151   7676 526203                              
152   7676 526204                              
153   7676 526205                              
154   7676 526206                              
155   7676 526211                              
156   7676 526213                              
157   7676 526215                              
158   7676 526222                              
159   7676 526225                              
160   7676 526237                              
161   7676 530331                              
162   7676 531437                              
163   7676 531444                              
164   7676 531445                              
165   7676 531446                              
166   7676 531450                              
167   7676 531451                              
168   7676 531452                              
169   7676 531453                              
170   7676 531515                              
171   7676 531520                              
172   7676 531554                              
173   7676 531565                              
174   7676 531567                              
175   7676 531570                              
176   7676 541646                              
177   7676 541661                              
178   7676 544416                              
179   7676 544422                              
180   7676 545647                              
181   7676 545651                              
182   7676 554764                              
183   7676 560524                              
184   7676 562331                              
185   7676 562401                              
186   7676 562402                              
187   7676 562403                              
188   7676 562743                              
189   7676 562744                              
190   7676 562745                              
191   7676 562746                              
192   7676 563364                              
193   7676 564352                              
194   7676 564353                              
195   7676 564354                              
196   7676 566465                              
197   7676 570506                              
198   7676 570507                              
199   7676 570515                              
200   7676 570516                              
201   7676 570517                              
202   7676 570520                              
203   7676 570521                              
204   7676 570524                              
205   7676 570534                              
206   7676 570535                              
207   7676 570536                              
208   7676 570537                              
209   7676 570540                              
210   7676 570541                              
211   7676 570542                              
212   7676 570543                              
213   7676 570544                              
214   7676 570545                              
215   7676 570546                              
216   7676 570547                              
217   7676 572353                              
218   7676 572375                              
219   7676 575434                              
220   7676 575436                              
221   7676 576174                              
222   7676 576175                              
223   7676 576176                              
224   7676 576177                              
225   7676 576550                              
226   7676 576552                              
227   7676 577215                              
228   7676 577350                              
229   7676 577355                              
230   7676 577437                              
231   7676 600633                              
232   7676 605141                              
233   7676 605343                              
234   7676 605346                              
235   7676 605347                              
236   7676 605351                              
237   7676 605425                              
238   7676 605426                              
239   7676 605427                              
240   7676 605444                              
241   7676 607227                              
242   7676 612447                              
243   7676 612456                              
244   7676 612461                              
245   7676 612470                              
246   7676 612475                              
247   7676 612476                              
248   7676 612503                              
249   7676 612505                              
250   7676 612506                              
251   7676 612507                              
252   7676 612530                              
253   7676 612531                              
254   7676 614167                              
255   7676 614172                              
256   7676 614545                              
257   7676 614546                              
258   7676 614550                              
259   7676 614552                              
260   7676 616465                              
261   7676 616502                              
262   7676 616504                              
263   7676 616505                              
264   7676 616506                              
265   7676 616507                              
266   7676 616510                              
267   7676 616511                              
268   7676 616512                              
269   7676 616513                              
270   7676 616514                              
271   7676 617021                              
272   7676 632672                              
273   7676 632673                              
274   7676 632674                              
275   7676 632706                              
276   7676 632711                              
277   7676 632712                              
278   7676 632716                              
279   7676 632725                              
280   7676 632726                              
281   7676 634530                              
282   7676 636451                              
283   7676 640433                              
284   7676 640434                              
285   7676 640746                              
286   7676 641323                              
287   7676 641747                              
288   7676 642044                              
289   7676 644011                              
290   7676 644212                              
291   7676 644213                              
292   7676 646734                              
293   7676 646735                              
294   7676 646736                              
295   7676 646737                              
296   7676 646740                              
297   7676 646741                              
298   7676 646742                              
299   7676 646743                              
300   7676 646744                              
301   7676 646745                              
302   7676 647166                              
303   7676 647167                              
304   7676 654334                              
305   7676 654335                              
306   7676 654337                              
307   7676 654350                              
308   7676 654360                              
309   7676 654361                              
310   7676 654362                              
311   7676 654363                              
312   7676 654364                              
313   7676 654365                              
314   7676 654366                              
315   7676 654544                              
316   7676 655600                              
317   7676 661173                              
318   7676 661174                              
319   7676 661175                              
320   7676 662254                              
321   7676 662255                              
322   7676 665121                              
323   7676 670227                              
324   7676 672413                              
325   7676 676007                              
326   7676 676010                              
327   7676 704406                              
328   7676 704407                              
329   7676 704410                              
330   7676 704563                              
331   7676 704725                              
332   7676 704736                              
333   7676 710724                              
334   7676 710725                              
335   7676 710726                              
336   7676 710727                              
337   7676 710730                              
338   7676 717064                              
339   7676 720064                              
340   7676 720067                              
341   7676 723571                              
342   7676 723775                              
343   7676 723776                              
344   7676 724001                              
345   7676 724243                              
346   7676 734007                              
347   7676 734711                              
348   7676 734712                              
349   7676 735714                              
350   7676 736520                              
351   7676 740360                              
352   7676 745572                              
353   7676 746017                              
354   7676 750007                              
355   7676 751627                              
356   7676 751630                              
357   7676 751631                              
358   7676 751632                              
359   7676 752337                              
360   7676 752340                              
361   7676 752341                              
362   7676 752343                              
363   7676 760103                              
364   7676 766441                              
365  10056 136376                              
366  10056 203305  XEXMAIL                     
367  10056 223272  BCMAIL                      
368  10056 223751  AMSMAIL                     
369  10056 413377  TRAOCMAIL                   
370  10056 472345  DIAL2MAIL                   
37056 557406                              
372  10056 570621  MDCHEMAIL                   
373  10056 571445  IVENLMAIL                   
374  10056 621507  TRINTEXMAIL                 
375  10056 644761                              
376  10056 654212                              
377  10056 661461                              
378  10056 715155  UPRMAIL                     
379  10056 717616                              
380  10056 762376  TCIMAIL                     
381  10056 763367  ALLTELMAIL                  
382  10547 274164  DISTRICT241A                
383  14130 454513  TYM33950                    
384  14130 463265  TYM63500                    
385  14130 541721  TYM42480                    
386  14130 557245  TYM34190                    
387  14130 743241  TYM35500                    
388  14717 441160  RODRIGUEZL                  
389  20577 167014  APMST                       
390  20735 356512  TYM51050                    
391  21477  20613  COSTACCT                    
392  23154 211157  DIST231A                    
393  32120  54356  DBAROY                      
394  41320   5170                              
395  41320  30442  NORTHERNMAIL                
396  41320  33415  EASTMAIL                    
397  53361 510436  CMXX00X                     
398  53361 510603  WE9914X                     
399  53361 511115  NY9126X                     

UFD entry without LUD and DUL entries:
  1  42460 746315  AGCO1BBX                    

Name mismatch:     UFD name      DUL name
--None--

Different hashes for same PPN:
      PPN        DUL Hash     DUL UserName
  Bad LUD Hash   UFD Hash     UFD Name

   7676 616505             0  
  237031071720  322474170714  

   7676 110672             0  
  635654016055  635654016055  NY7200CE    

   7676 750007             0  
  326401064030  322474170714  

   7676 612506             0  
  216143766535  322474170714  

   7676 724001             0  
  622741406736  322474170714  

   7676 501313             0  
  250601766317  322474170714  

   7676 570542             0  
  700323271257  322474170714  

   7676 501300             0  
  342355033314  322474170714  

   7676 576175             0  
  322516713507  322474170714  

   7676 500275             0  
  242055452447  322474170714  

   7676 505060             0  
  607171756053  322474170714  

   7676 110560             0  
  736276336622  322474170714  

   7676 435636             0  
  240134054365  322474170714  

   7676 654360             0  
  140623531357  322474170714  

   7676 710730             0  
  205614672320  322474170714  

   7676 522475             0  
  466461565720  322474170714  

   7676 724243             0  
  637262712452  322474170714  

  53361 510603             0  
  705271713501  705271713501  WE9914X     

  10056 715155             0  
  566525523415  566525523415  UPRMAIL     

   7676 605425             0  
  414250636221  322474170714  

   7676 501277             0  
  742521407554  322474170714  

   7676 410400             0  
  604611137000  322474170714  

   7676 531554             0  
  202157420253  322474170714  

   7676 510263             0  
  231732704411  322474170714  

   7676 501310             0  
  762644513534  322474170714  

   7676 647166             0  
  276272143702  322474170714  

   7676 526215             0  
  321321207317  322474170714  

   7676 526211             0  
  560645017122  322474170714  

   7676 570535             0  
  321016202156  322474170714  

   7676 576552             0  
  256231307227  322474170714  

   7676 641747             0  
  156610447654  322474170714  

   7676 500512             0  
  670424505320  322474170714  

  10056 644761             0  
  226542034757  322474170714  

   7676 510210             0  
  206373014411  322474170714  

   7676 634530             0  
  417452350720  322474170714  

   7676 605346             0  
  452021702044  322474170714  

   7676 471444             0  
  611324463525  322474170714  

   7676 510375             0  
  570256116325  322474170714  

   7676 501305             0  
  622520503534  322474170714  

   7676 710724             0  
    2745772320  322474170714  

   7676 530331             0  
  414362160231  322474170714  

   7676 751632             0  
  372734755452  322474170714  

   7676 570544             0  
  200677366334  322474170714  

   7676 562402             0  
  223300465720  322474170714  

   7676 531452             0  
  156272056170  322474170714  

   7676 670227             0  
  702370735612  322474170714  

   7676 617021             0  
  743766434230  322474170714  

   7676 752337             0  
   25770705753  322474170714  

   7676 500542             0  
   75775174502  322474170714  

   7676 570517             0  
  401046130723  322474170714  

   7676 734712             0  
  606270334000  322474170714  

   7676 723571             0  
  423521045622  322474170714  

   7676 500516             0  
  512462577320  322474170714  

   7676 510243             0  
  756511737254  322474170714  

   7676 501301             0  
  535506051457  322474170714  

   7676 500525             0  
  776410165654  322474170714  

   7676 570521             0  
  131474011530  322474170714  

   7676 575434             0  
  262245107072  322474170714  

   7676 720064             0  
  164464103224  322474170714  

  10056 203305             0  
  162272407274  162272407274  XEXMAIL     

   7676 570524             0  
  111473631530  322474170714  

   7676 612507             0  
  535231464554  322474170714  

   7676 500566             0  
  577654773054  322474170714  

   7676 502262             0  
  310461646432  322474170714  

   7676 654366             0  
   15532152401  322474170714  

   7676 255417             0  
  243264356310  322474170714  

   7676 562743             0  
  131501176454  322474170714  

   7676 531567             0  
  746721453140  322474170714  

   7676 500752             0  
  145766715707  322474170714  

   7676 616514             0  
  155134166163  322474170714  

   7676 514537             0  
  722742356061  322474170714  

  41320  30442             0  
  227006333317  227006333317  NORTHERNMAIL

   7676 564354             0  
  704727477320  322474170714  

   7676 500271             0  
  227145110143  322474170714  

   7676 514573             0  
  523616524362  322474170714  

   7676 514510             0  
  651211527572  322474170714  

   7676 501170             0  
  203144027362  322474170714  

   7676 661173             0  
  410045636272  322474170714  

   7676 514547             0  
  734023575647  322474170714  

   7676 612447             0  
    3374506762  322474170714  

   7676 526206             0  
  445346567054  322474170714  

  10056 763367             0  
  237706455727  237706455727  ALLTELMAIL  

   7676 541661             0  
   40642550527  322474170714  

   7676 411410             0  
  152502710644  322474170714  

   7676 501312             0  
  733730064074  322474170714  

   7676 531446             0  
  745545270165  322474170714  

   7676 435635             0  
  225706371517  322474170714  

  21477  20613             0  
  616513204055  616513204055  COSTACCT    

   7676 510370             0  
  321500216617  322474170714  

   7676 510217             0  
  576105607254  322474170714  

   7676 576177             0  
  700125617603  322474170714  

   7676 435641             0  
   57737637674  322474170714  

   7676 760103             0  
  425306704063  322474170714  

   7676 704563             0  
  446313226240  322474170714  

  10056 413377             0  
  503001461164  503001461164  TRAOCMAIL   

   7676 235163             0  
  257016250622  322474170714  

   7676 510305             0  
  535344620460  322474170714  

      4 373646             0  
  511634640255  511634640255  MICROBAND   

   7676 156520             0  
  753275161724  322474170714  

   7676 510355             0  
    3357347535  322474170714  

   7676 661174             0  
  542677076255  322474170714  

   7676 545651             0  
  522072715320  322474170714  

   7676 570547             0  
  106277146334  322474170714  

   7676 746017             0  
  371212662154  322474170714  

   7676 411402             0  
  154225325720  322474170714  

   7676 607227             0  
  125746673331  322474170714  

   7676 500564             0  
  305436504720  322474170714  

   7676 632711             0  
   70536474027  322474170714  

   7676 563364             0  
  212222522067  322474170714  

   7676 646744             0  
  505613344676  322474170714  

   7676 510314             0  
  412113262647  322474170714  

   7676 632726             0  
  640261764447  322474170714  

   7676 654335             0  
  473047740074  322474170714  

   7676 641323             0  
  670240466720  322474170714  

   7676 510255             0  
  133444176604  322474170714  

   7676 500363             0  
  432555305265  322474170714  

   7676 501161             0  
  726714351344  322474170714  

   7676 410370             0  
  662043777514  322474170714  

   7676 654361             0  
   34547601766  322474170714  

   7676 500567             0  
  505107001720  322474170714  

   7676 676007             0  
  144271546176  322474170714  

   7676 752340             0  
  750754756577  322474170714  

   7676 717064             0  
    3033577132  322474170714  

   7676 640433             0  
   63041167330  322474170714  

  10056 571445             0  
  741412115455  741412115455  IVENLMAIL   

  14130 463265             0  
  565657237234  565657237234  TYM63500    

   7676 510274             0  
  617162606606  322474170714  

   7676 521521             0  
  673410232720  322474170714  

   7676 710727             0  
  646627615627  322474170714  

   7676 646742             0  
  350323034225  322474170714  

   7676 421312             0  
  161770420455  322474170714  

   7676 274062             0  
  702444114553  322474170714  

   7676 510400             0  
  401353602031  322474170714  

   7676 514565             0  
  510177340176  322474170714  

   7676 503134             0  
   70076211454  322474170714  

   7676 612505             0  
  360600254632  322474170714  

   7676 411412             0  
  661224715567  322474170714  

   7676 605351             0  
   55471652434  322474170714  

   7676 501164             0  
  475166613654  322474170714  

   7676 570534             0  
  652676442714  322474170714  

   7676 500551             0  
  250775403170  322474170714  

   7676 640746             0  
  411502677134  322474170714  

   7676 720067             0  
   55257036617  322474170714  

   7676 500364             0  
  126576535265  322474170714  

   7676 531437             0  
  565604367455  322474170714  

   7676 521524             0  
  164754603534  322474170714  

   7676 710725             0  
  116320345627  322474170714  

   7676 545647             0  
  652325062115  322474170714  

   7676 510365             0  
  723764267322  322474170714  

   7676 654363             0  
  346427600164  322474170714  

   7676 735714             0  
  110745133150  322474170714  

   7676 636451             0  
  541020150720  322474170714  

   7676 616465             0  
  262302443530  322474170714  

   7676 605347             0  
  303733330525  322474170714  

   7676 422550             0  
  537562142654  322474170714  

   7676 510372             0  
  411562206135  322474170714  

   7676 704406             0  
  645260064527  322474170714  

   7676 514517             0  
  451301742427  322474170714  

   7676 510271             0  
  362526051512  322474170714  

   7676 647167             0  
  441256606225  322474170714  

   7676 646743             0  
  157133605762  322474170714  

   7676 526222             0  
  370732324374  322474170714  

   7676 672413             0  
   71270270557  322474170714  

   7676 531570             0  
  141365702076  322474170714  

   7676 612461             0  
  476120310030  322474170714  

   7676 421135             0  
  150106332736  322474170714  

   7676 736520             0  
  316632155605  322474170714  

   7676 751630             0  
  222631640444  322474170714  

   7676 510366             0  
  330362167330  322474170714  

   7676 752341             0  
  265432024700  322474170714  

   7676 526225             0  
  354707057525  322474170714  

   7676 723775             0  
  321306153555  322474170714  

  14130 541721             0  
  455660204345  455660204345  TYM42480    

   7676 501311             0  
   57412013463  322474170714  

   7676 510371             0  
  706422066476  322474170714  

   7676 570540             0  
  145244757177  322474170714  

   7676 612531             0  
  634136047531  322474170714  

   7676 632706             0  
  373723425712  322474170714  

   7676 600633             0  
  331723173501  322474170714  

   7676 605444             0  
  656276742714  322474170714  

   7676 500556             0  
  103505026265  322474170714  

   7676 500517             0  
  206657425727  322474170714  

   7676 500263             0  
  717422166134  322474170714  

   7676 311131             0  
  543216257134  322474170714  

   7676 616502             0  
  174107411532  322474170714  

   7676 766441             0  
  676673476673  322474170714  

   7676 570507             0  
  131133460334  322474170714  

   7676 570537             0  
  477107554222  322474170714  

   7676 632674             0  
  504510173631  322474170714  

   7676 436557             0  
  615037524221  322474170714  

   7676 644011             0  
  637570672752  322474170714  

   7676 500264             0  
  234644362342  322474170714  

   7676 572353             0  
  145340470615  322474170714  

   7676 646740             0  
  401615511753  322474170714  

   7676 605343             0  
  264013031535  322474170714  

   7676 576174             0  
  237621303436  322474170714  

   7676 510267             0  
  575072634444  322474170714  

   7676 577350             0  
  406644550052  322474170714  

   7676 514464             0  
  270027642156  322474170714  

   7676 510412             0  
  770324266422  322474170714  

   7676 503131             0  
  445406520320  322474170714  

      1      3             0  
  124657767127  124657767127  DIAG        

   7676 562331             0  
  100501212307  322474170714  

   7676 526237             0  
  236344353660  322474170714  

   7676 566465             0  
  150025763735  322474170714  

   7676 654350             0  
  413037600764  322474170714  

   7676 510367             0  
  650622016652  322474170714  

   7676 564352             0  
  427700532535  322474170714  

   7676 501303             0  
  446124453534  322474170714  

   7676 576550             0  
  416771026353  322474170714  

  10056 223272             0  
  755477673353  755477673353  BCMAIL      

   7676 616512             0  
  236604506430  322474170714  

   7676 646734             0  
  235242127630  322474170714  

   7676 654364             0  
  466744710143  322474170714  

   7676 562403             0  
  323020035217  322474170714  

   7676 531445             0  
  707711532474  322474170714  

   7676 740360             0  
  514164116137  322474170714  

  14130 743241             0  
  247441552062  247441552062  TYM35500    

   7676 751631             0  
  624320253514  322474170714  

   7676 514546             0  
  477256565526  322474170714  

  10056 661461             0  
  243641166644  322474170714  

   7676 646741             0  
  117107542260  322474170714  

   7676 577437             0  
  316112524753  322474170714  

   7676 745572             0  
  301237770177  322474170714  

   7676 510415             0  
  456562167430  322474170714  

  23154 211157             0  
  532022367706  532022367706  DIST231A    

   7676 570516             0  
  216245642570  322474170714  

   7676 676010             0  
  121026346101  322474170714  

  10056 557406             0  
  565302300101  322474170714  

   7676 500565             0  
  473517025524  322474170714  

   7676 503645             0  
  207005627027  322474170714  

   7676 704725             0  
  430040772544  322474170714  

   7676 632716             0  
  623470751742  322474170714  

   7676 401724             0  
  772501645231  322474170714  

   7676 501275             0  
  633261304355  322474170714  

   7676 570506             0  
  520703322304  322474170714  

   7676 531515             0  
  575121527161  322474170714  

   7676 570536             0  
  635234111252  322474170714  

   7676 514550             0  
  765162606302  322474170714  

      1  65356             0  
  423641133567  423641133567  TCMS        

   7676 614550             0  
  767421664320  322474170714  

   7676 646735             0  
  347472754630  322474170714  

   7676 501276             0  
  422665232535  322474170714  

   7676 654365             0  
  650057601166  322474170714  

   7676 576176             0  
  671671360017  322474170714  

   7676 531453             0  
  132271626336  322474170714  

  10056 472345             0  
  455316740705  455316740705  DIAL2MAIL   

   7676 562746             0  
   31427174471  322474170714  

   7676 616507             0  
  131730710736  322474170714  

   7676 662255             0  
  260024145330  322474170714  

   7676 646737             0  
  561307600160  322474170714  

   7676 510317             0  
  457756204722  322474170714  

   7676 500563             0  
  643145170222  322474170714  

   7676 500562             0  
     256471776  322474170714  

   7676 340264             0  
  320707357134  322474170714  

   7676 605427             0  
  345516642437  322474170714  

   7676 605426             0  
  462236777530  322474170714  

   7676 531444             0  
  655056512350  322474170714  

   7676 500522             0  
  446645012553  322474170714  

   7676 614172             0  
  472020332304  322474170714  

  10056 570621             0  
  425400717401  425400717401  MDCHEMAIL   

   7676 612475             0  
  616631701643  322474170714  

   7676 654544             0  
  117722707717  322474170714  

   7676 640434             0  
  326667573337  322474170714  

  41320  33415             0  
  714676177253  714676177253  EASTMAIL    

   7676 605141             0  
  546750026416  322474170714  

   7676 324416             0  
  401432432320  322474170714  

   7676 644212             0  
  620213576751  322474170714  

   7676 612476             0  
  652072741335  322474170714  

   7676 531565             0  
  237467702330  322474170714  

   7676 575436             0  
  624546420010  322474170714  

   7676 510413             0  
  220740746152  322474170714  

   7676 562745             0  
  533106754370  322474170714  

   7676 121370             0  
  417436262630  322474170714  

   7676 560524             0  
   24264012535  322474170714  

   7676 614552             0  
  641633402127  322474170714  

   7676 616510             0  
  106653556734  322474170714  

   7676 526203             0  
  644566644552  322474170714  

   7676 510364             0  
  452700433375  322474170714  

   7676 514563             0  
  472376154522  322474170714  

   7676 521525             0  
  421653330264  322474170714  

   7676 514551             0  
  413464405726  322474170714  

  14130 454513             0  
  562265044013  562265044013  TYM33950    

   7676 500557             0  
  467736141673  322474170714  

   7676 544416             0  
  460103731720  322474170714  

   7676 616513             0  
  553743740654  322474170714  

   7676 510377             0  
  263000165434  322474170714  

   7676 562401             0  
   75443722534  322474170714  

   7676 502260             0  
  455541415733  322474170714  

   7676 564353             0  
  703344752617  322474170714  

   7676 710726             0  
  354532645135  322474170714  

   7676 531451             0  
  271277745322  322474170714  

   7676 500540             0  
  671205005454  322474170714  

   7676 401730             0  
  153716226134  322474170714  

   7676 514524             0  
  445266371775  322474170714  

   7676 616511             0  
  723546120320  322474170714  

   7676 500744             0  
  750112473017  322474170714  

   7676 500712             0  
  175570676553  322474170714  

   7676 751627             0  
  451057741502  322474170714  

  10056 762376             0  
  546343721257  546343721257  TCIMAIL     

   7676 472722             0  
  742375000454  322474170714  

   7676 646736             0  
  457357427125  322474170714  

   7676 500520             0  
  364760445536  322474170714  

   7676 614545             0  
  432216403132  322474170714  

  53361 511115             0  
  557426123654  557426123654  NY9126X     

   7676 422152             0  
  770464312472  322474170714  

   7676 570541             0  
  771476764711  322474170714  

   7676 411411             0  
  727023605054  322474170714  

   7676 526213             0  
  201141044530  322474170714  

   7676 616506             0  
  772215717625  322474170714  

   7676 562744             0  
  272713462703  322474170714  

   7676 632712             0  
  300462727734  322474170714  

   7676 526205             0  
  415506525357  322474170714  

   7676 734711             0  
   65763405100  322474170714  

   7676 612470             0  
  710257704056  322474170714  

   7676 331540             0  
  341471723021  322474170714  

   7676 501306             0  
  776124533534  322474170714  

   7676 734007             0  
  104122117231  322474170714  

   7676 654362             0  
  740612413563  322474170714  

   7676 510205             0  
  757531617254  322474170714  

   7676 704736             0  
  103515033232  322474170714  

   7676 421237             0  
  405162260060  322474170714  

   7676 500267             0  
  105713032217  322474170714  

   7676 531520             0  
  426133702322  322474170714  

   7676 752343             0  
  203141020703  322474170714  

   7676 654334             0  
  307262541277  322474170714  

   7676 501307             0  
  521650563534  322474170714  

   7676 510222             0  
  333554706604  322474170714  

   7676 632673             0  
  325005161157  322474170714  

   7676 704407             0  
  612565057514  322474170714  

  53361 510436             0  
  536446135374  536446135374  CMXX00X     

   7676 554764             0  
  575036036025  322474170714  

   7676 570545             0  
  711474751530  322474170714  

  10056 717616             0  
  222221457620  322474170714  

   7676 577355             0  
  642607274161  322474170714  

   7676 501302             0  
  124236243140  322474170714  

   7676 616504             0  
  102131750036  322474170714  

  10547 274164             0  
  323747564355  323747564355  DISTRICT241A

   7676 612503             0  
  113323563127  322474170714  

   7676 500262             0  
  230513301720  322474170714  

   7676 655600             0  
  570415651511  322474170714  

   7676 544422             0  
  574577040531  322474170714  

  14130 557245             0  
   44622521320   44622521320  TYM34190    

   7676 570515             0  
  562300637530  322474170714  

   7676 531450             0  
  152412205114  322474170714  

   7676 632725             0  
  716253627726  322474170714  

  20577 167014             0  
  744753164015  744753164015  APMST       

   7676 577215             0  
  422232502054  322474170714  

   7676 723776             0  
  575411553256  322474170714  

   7676 642044             0  
  344440436454  322474170714  

   7676 500535             0  
  347545414654  322474170714  

   7676 570520             0  
  614210314670  322474170714  

   7676 570546             0  
  135633560170  322474170714  

   7676 510257             0  
  136115727254  322474170714  

   7676 704410             0  
  656007655050  322474170714  

   7676 612456             0  
  422425020252  322474170714  

   7676 526155             0  
  215174444531  322474170714  

   7676 541646             0  
  210203276335  322474170714  

   7676 570543             0  
  664220353141  322474170714  

  20735 356512             0  
  312617676013  312617676013  TYM51050    

   7676 612530             0  
  447026115320  322474170714  

  10056 621507             0  
  356601443256  356601443256  TRINTEXMAIL 

  32120  54356             0  
  355435331057  355435331057  DBAROY      

  41320   5170             0  
  254075756056  322474170714  

   7676 632672             0  
  522406441407  322474170714  

   7676 646745             0  
  426707602760  322474170714  

   7676 514564             0  
   30230337053  322474170714  

   7676 514505             0  
  352350464221  322474170714  

   7676 514574             0  
  540112374336  322474170714  

   7676 503643             0  
  337032470654  322474170714  

   7676 435637             0  
  670004025163  322474170714  

   7676 662254             0  
    6735722572  322474170714  

   7676 501304             0  
  723510423534  322474170714  

   7676 614167             0  
   52300107052  322474170714  

   7676 514567             0  
  676767307462  322474170714  

   7676 500531             0  
  713436176267  322474170714  

   7676 502261             0  
  236222633305  322474170714  

  10056 654212             0  
  640147650560  322474170714  

  10056 223751             0  
  150113456621  150113456621  AMSMAIL     

   7676 665121             0  
  607350156320  322474170714  

   7676 510373             0  
  717670161444  322474170714  

   7676 501270             0  
  527072773710  322474170714  

   7676 422547             0  
  320704200265  322474170714  

   7676 644213             0  
  315233017351  322474170714  

   7676 514531             0  
  364326270231  322474170714  

   7676 510416             0  
  264231734521  322474170714  

   7676 572375             0  
  447366314720  322474170714  

   7676 311276             0  
  562012150732  322474170714  

   7676 411400             0  
  457205606335  322474170714  

  14717 441160             0  
  533456570415  533456570415  RODRIGUEZL  

   7676 472716             0  
  161041705134  322474170714  

   7676 654337             0  
  234314125274  322474170714  

   7676 514475             0  
  546560653302  322474170714  

  10056 136376             0  
  701313763702  322474170714  

   7676 471442             0  
  334571034253  322474170714  

   7676 614546             0  
   27633550715  322474170714  

   7676 526204             0  
  424540306520  322474170714  

   7676 500534             0  
  526307300320  322474170714  

   7676 661175             0  
  772631545720  322474170714  


!exit
   o@