
             TAPE ROOM INVENTORY LIST         REV. 11/92

                ALL DATASET NAMES BEGIN WITH 'OFFSITE.'

TAPE #      DATE ARCHIVED     JOBNAME     DATASET NAME/DESCRIPTION
--------------------------------------------------------------------------
170038                       ** NO LABEL ON TAPE **
170065                       ** NO LABEL ON TAPE **
170066                        APS220UP    MDS.MLS201.MBKVMLS.G0009V00
170069                        APS220UP    MDS.APS522.MBKVAPPO.G0009V00
170070                        APS220UP    MDS.APS522.AP0002.MBKUP.G00010V00
170071                       ** NO LABEL ON TAPE **
170072         89/08          CMIS016A    ARS441.MONTHLY.D083189
170073         89/09          CMIS016A    ARS441.MONTHLY.D093089
170074         89/10          CMIS016A    ARS441.MONTHLY.D103189
170075         89/11          CMIS016A    ARS441.MONTHLY.D113089
170076         89/12          CMIS016A    ARS441.MONTHLY.D123189
170077         90/01          CMIS016A    ARS441.MONTHLY.D013190
170078         90/02          CMIS016A    ARS441.MONTHLY.D022890
170080         90/03          CMIS016A    ARS441.MONTHLY.D033190
170081         90/04          CMIS016A    ARS441.MONTHLY.D043090
170082         90/05          CMIS016A    ARS441.MONTHLY.D053190
170083         89/07          CMIS016A    ARS441.MONTHEND.D073189
170084         89/08          CMIS016A    ARS441.MONTHEND.D083189
170085         89/09          CMIS016A    ARS441.MONTHEND.D093089
170086         89/10          CMIS016A    ARS441.MONTHEND.D103189
170087         89/12          CMIS016A    ARS441.MONTHEND.D123189
170088         90/01          CMIS016A    ARS441.MONTHEND.D013190
170089         90/02          CMIS016A    ARS441.MONTHEND.D022890
170090         90/03          CMIS016A    ARS441.MONTHEND.D033190
170091         90/05          CMIS016A    ARS441.MONTHEND.D053190
170129                        APS220UP    MIS.MDS.MBKVMLS.G0001V00
170130                        APS220UP    MIS.MDS.MBKVMLS.G0001V00
170141         90/12          ARS210UP    ARS441.MONTHEND.D123190
170142         90/11          ARS210UP    ARS441.MONTHLY.D113090
170144                       ** NO LABEL ON TAPE **
170146                        APS220UP    MIS.MDS.MBKVMLS.G0001V00
170150         91/02          CMIS006A    MIS.APARCH.FY91BKP
170159         91/02          GLS270UP    GLS862.OFFSIT2.GLMAINT.FEB91
170161                        APS220UP    MIS.MDS.MBKVMLS.G0001V00
170162         91/02          GLS270UP    GLS862.OFFSIT1.GLMAINT.FEB91
170170         91/02          GLS270UP    GLS862.OFFSIT2.GLDATA.FEB91
170171         91/02          GLS270UP    GLS862.OFFSIT1.GLDATA.FEB91
170172         91/02          GLS270UP    GLS862.OFFSIT2.SYSINLIB.FEB91
170173         91/02          GLS270UP    GLS862.OFFSIT1.SYSINLIB.FEB91
170178                        GLS270UP    GLS862.OFFSIT2.BMVGL.G0001V00
170179                        GLS270UP    GLS862.OFFSIT1.BMGBLDB.G0001V00
170180                        GLS270UP    GLS862.OFFSIT2.BMGBLDB.G0001V00
170181                        GLS270UP    GLS862.OFFSIT1.BMVGL.G0001V00
170182                        GLS270UP    GLS862.OFFSIT2.BMVGL.G0001V00
170184         91/01          GLS270UP    GLS862.OFFSIT1.SYSINLIB.JAN91
170192         91/01          GLS270UP    GLS862.OFFSIT2.SYSINLIB.JAN91
170193         91/01          GLS270UP    GLS862.OFFSIT1.GLDATA.JAN91
170195         91/01          GLS270UP    GLS862.OFFSIT2.GLDATA.JAN91
170196         91/01          GLS270UP    GLS862.OFFSIT1.GLMAINT.JAN91
170198         91/01          GLS270UP    GLS862.OFFSIT2.GLMAINT.JAN91
170219         91/02          ARS210UP    ARS441.MONTHLY.D022891
170230         91/02          ARS210UP    ARS441.MONTHEND.D022891
170233         91/01          ARS2XXUP    ARS441.MONTHLY.D013191
170235                        GLS270UP    GLS862.OFFSIT1.BMVGL.G0001V00
170240                        OPER001M    GLS62.IE060187.ISPL
170241                        OPER001M    GLS862.DC8601.BAKISPL
170242                        OPER001M    GLS862.DC8601.BKISPL
170243         91/02          CMIS006A    MIS.APHIST.FY91BKP
170244         91/02          CMIS006A    MIS.APHIST.FY91BKP
170261         91/03          FAS280UP    FAS102.MONTHLY.D9103
170262         91/03          FAS280UP    FAS102.MONTHLY.D9103
170264         91/03          FAS580UP    FAS102.YEARLY.D9103A
170266         91/03          FAS580UP    FAS102.YEARLY.D9103A
170267         91/03          ARS210UP    ARS441.MONTHLY.D033191
170268         91/03          ARS210UP    ARS441.MONTHEND.D033191
170272         91/05          FAS280UP    FAS102.MONTHLY.D9105
170279         91/02          CMIS006A    MIS.APARCH.FY91BKP
170315                        GLS270UP    GLS862.OFFSIT2.BMGBLDB.G0001V00
170316         90/12          ARS210UP    ARS441.MONTHLY.D123190
170318                        GLS270UP    GLS862.OFFSIT1.BMGBLDB.G0001V00
170321         91/09          GLS270UP    GLS862.OFFSIT1.SYSINLIB.SEP91
170323         91/09          ASP250UP    ASP.J250.FAVERBK.M9109
170324         91/04          FAS280UP    FAS102.MONTHLY.D9104
170325                        GLS270UP    GLS862.OFFSIT2.BMVGL.G0001V00
170330         91/05          FAS280UP    FAS102.MONTHLY.D9105
170332         91/04          ARS210UP    ARS441.MONTHEND.D043091
170333         91/04          ARS210UP    ARS441.MONTHLY.D043091
170334         91/04          GLS270UP    GLS862.OFFSIT1.GLMAINT.APR91
170337         91/04          GLS270UP    GLS862.OFFSIT2.SYSINLIB.APR91
170339         91/04          GLS862RC    GLS862.INSTALL.LIST2
170341         91/04          GLS270UP    GLS862.OFFSIT2.GLMAINT.APR91
170342         91/04          GLS270UP    GLS862.OFFSIT1.BMVGL.G0001V00
170343         91/05          ARS210UP    ARS441.MONTHLY.D053191
170344         91/05          ARS210UP    ARS441.MONTHEND.D053191
170350         91/04          GLS270UP    GLS862.OFFSIT1.BMGBLDB.G0001V00
170351         91/04          GLS270UP    GLS862.OFFSIT1.SYSINLIB.APR91
170352         91/04          GLS270UP    GLS862.OFFSIT2.BMGBLDB.G0001V00
170353         91/04          GLS270UP    GLS862.OFFSIT1.BMVGL.G0001V00
170354         91/04          GLS270UP    GLS862.OFFSIT2.BMVGL.G0001V00
170355         91/04          FAS280UP    FAS102.MONTHLY.D9104
170356         91/04          GLS270UP    GLS862.OFFSIT1.GLDATA.APR91
170358         91/04          GLS270UP    GLS862.OFFSIT2.GLDATA.APR91
170366         91/05          GLS270UP    GLS862.OFFSIT2.BMGBLDB.G0001V00
170367         91/05          GLS270UP    GLS862.OFFSIT1.BMVGL.G0001V00
170368         91/05          GLS270UP    GLS862.OFFSIT1.BMGBLDB.G0001V00
170377         91/05          GLS775UP    MIS.GLS862.TAX91.C1011.ADDRESS
170382         91/05          GLS270UP    GLS862.OFFSIT1.BMVGL.G0001V00
170384         91/05          GLS270UP    GLS862.OFFSIT1.SYSINLIB.MAY91
170385         91/05          GLS270UP    GLS862.OFFSIT2.SYSINLIB.MAY91
170386         91/05          GLS270UP    GLS862.OFFSIT1.GLDATA.MAY91
170387         91/05          GLS270UP    GLS862.OFFSIT2.GLDATA.MAY91
170388         91/05          GLS270UP    GLS862.OFFSIT1.GLMAINT.MAY91
170389         91/05          GLS270UP    GLS862.OFFSIT2.GLMAINT.MAY91
170395         91/06          FAS280UP    FAS102.MONTHLY.D9106
170453         91/06          FAS280UP    FAS102.MONTHLY.D9106
170454         91/06          ASP223UP    ASP.J223.M9106
170455         91/06          ASP250UP    ASP.J250.FAVERBK.M9106
170456         91/06          ASP250UP    ASP.J250.FAVERBK.M9106
170457         91/06          ASI205UP    ASI.J205.FAVERBK.M9106
170458         91/06          ASI205UP    ASI.J205.FAVERBK.M9106
170461         91/07          GLS270UP    GLS862.OFFSIT2.GLMAINT.JUL91
170462         91/07          ARS210UP    ARS441.MONTHLY.D073191
170468         91/07          FAS280UP    FAS102.MONTHLY.D9107
170469         91/07          FAS280UP    FAS102.MONTHLY.D9107
170470         91/07          ARS210UP    ARS441.MONTHEND.D073191
170471         91/07          GLS270UP    GLS862.OFFSIT1.BMGBLDB.G0001V00
170472         91/07          GLS270UP    GLS862.OFFSIT2.BMGBLDB.G0001V00
170473         91/07          GLS270UP    GLS862.OFFSIT1.BMVGL.G0001V00
170474         91/07          GLS270UP    GLS862.OFFSIT2.BMVGL.G0001V00
170475         91/07          GLS270UP    GLS862.OFFSIT1.SYSINLIB.JUL91
170476         91/07          GLS270UP    GLS862.OFFSIT2.SYSINLIB.JUL91
170477         91/07          GLS270UP    GLS862.OFFSIT1.GLDATA.JUL91
170478         91/07          GLS270UP    GLS862.OFFSIT2.GLDATA.JUL91
170479         91/07          GLS270UP    GLS862.OFFSIT1.GLMAINT.JUL91
170480         91/06          ARS210UP    ARS441.MONTHLY.D063091
170481         91/06          ARS210UP    ARS441.MONTHEND.D063091
170483         91/06          GLS270UP    GLS862.OFFSIT1.BMGBLDB.G0001V00
170484         91/06          GLS270UP    GLS862.OFFSIT2.BMGBLDB.G0001V00
170485         91/06          GLS270UP    GLS862.OFFSIT1.BMVGL.G0001V00
170486         91/06          GLS270UP    GLS862.OFFSIT2.BMVGL.G0001V00
170487         91/06          GLS270UP    GLS862.OFFSIT1.SYSINLIB.JUN91
170488         91/06          GLS270UP    GLS862.OFFSIT2.SYSINLIB.JUN91
170489         91/05          GLS270UP    GLS862.OFFSIT1.GLDATA.MAY91
170490         91/06          GLS270UP    GLS862.OFFSIT2.GLDATA.JUN91
170491         91/06          GLS270UP    GLS862.OFFSIT1.GLMAINT.JUN91
170492         91/06          GLS270UP    GLS862.OFFSIT2.GLMAINT.JUN91
170493         91/07          ASP223UP    ASP.J223.M9107
170494         91/07          ASP250UP    ASP.J250.FAVERBK.M9107
170495         91/07          ASP250UP    ASP.250.M9107
170496         91/07          ASI205UP    ASI.J205.FAVERBK.M9107
170497         91/07          ASI205UP    ASI.J205.FAVERBK.M9107
170498         91/07          ASI205UP    ASI.J205.M9107
170503         91/08          ASP223UP    ASP.J223.M9108
170505         91/08          FAS280UP    FAS102.MONTHLY.D9108
170506         91/08          FAS280UP    FAS102.MONTHLY.D9108
170513         91/08          ASP250UP    ASP.J250.FAVERBK.M9108
170514         91/08          ASP250UP    ASP.J250.M9108
170515         91/08          ASI205UP    ASI.J205.FAVERBK.M9108
170516         91/08          ASI205UP    ASI.J205.FAVERBK.M9108
170517         91/08          ASI205UP    ASI.J205.FAVERBK.M9108
170518         91/08          ASI205UP    ASI.J205.M9108
170521         91/08          ARS210UP    ARS441.MONTHLY.D083191
170523         91/08          ARS210UP    ARS441.MONTHEND.D083191
170525         91/08          GLS270UP    GLS862.OFFSIT1.BMGBLDB.G0001V00
170526         91/08          GLS270UP    GLS862.OFFSIT2.BMGBLDB.G0001V00
170527         91/08          GLS270UP    GLS862.OFFSIT1.BMVGL.G0001V00
170528         91/08          GLS270UP    GLS862.OFFSIT2.BMVGL.G0001V00
170529         91/08          GLS270UP    GLS862.OFFSIT1.SYSINLIB.AUG91
170530         91/08          GLS270UP    GLS862.OFFSIT2.SYSINLIB.AUG91
170531         91/08          GLS270UP    GLS862.OFFSIT1.GLDATA.AUG91
170532         91/08          GLS270UP    GLS862.OFFSIT2.GLDATA.AUG91
170533         91/08          GLS270UP    GLS862.OFFSIT1.GLMAINT.AUG91
170534         91/08          GLS270UP    GLS862.OFFSIT2.GLMAINT.AUG91
CTODDR 3-5     91/09          EDIBILL     EDI MICROFICHE 9109
170538         91/09          ARS210UP    ARS441.MONTHLY.D093091
171004         91/09          GLS270UP    GLS862.OFFSIT2.BMGBLDB.G0001V00
171005         91/09          FAS280UP    FAS102.MONTHLY.D9109
171007         91/09          FAS280UP    FAS102.MONTHLY.D9109
171008         91/09          ASP250UP    ASP.J250.M9109
171009         91/09          GLS270UP    GLS862.OFFSIT1.BMGBLDB.G0001V00
171010         91/09          ASP223UP    ASP.J223.M9109
171011         91/09          ASI250UP    ASI.J250.FAVERBK.M9109
171012         91/09          ASI205UP    ASI.J205.FAVERBK.M9109
171013         91/09          ASI205UP    ASI.J205.M9109
171014         91/09          ARS210UP    ARS441.MONTHEND.D093091
171015         91/09          GLS270UP    GLS862.OFFSIT2.SYSINLIB.SEP91
171016         91/09          GLS270UP    GLS862.OFFSIT1.GLDATA.SEP91
171020         91/09          GLS270UP    GLS862.OFFSIT2.GLDATA.SEP91
171021         91/09          GLS270UP    GLS862.OFFSIT1.GLMAINT.SEP91
171022         91/09          GLS270UP    GLS862.OFFSIT2.GLMAINT.SEP91
170549         91/10          ASC205UP    MIS.ASC.J205.M9110
170552         91/10          ASI205UP    ASI.J205.M9110
170556         91/10          FAS280UP    FAS102.MONTHLY.D9110
170557         91/10          FAS280UP    FAS102.MONTHLY.D9110
170559         91/10          ASC205UP    MIS.ASC.J205.FAVERBK.M9110
170565         91/10          ARS210UP    ARS441.MONTHEND.D103191
170566         91/10          ARS210UP    ARS441.MONTHLY.D103191
170546         91/10          ASP250UP    MIS.ASP.J250.JRNL30BK.M9110
170547         91/10          ASP250UP    MIS.ASP.J250.JRNL30BK.M9110
170550         91/10          ASI205UP    ASI.J205.FAVERBK.M9110
170551         91/10          ASI205UP    ASI.J205.FAVERBK.M9110
170575         91/10          ASP250UP    MIS.ASP.J250.FAVERBK.M9110
170576         91/10          ASP223UP    ASP.J223.M9110
170563         91/10          GLS270UP    GLS862.OFFSIT1.BMGBLDB.G0001V00
170564         91/10          GLS270UP    GLS862.OFFSIT2.BMGBLDB.G0001V00
170567         91/10          GLS270UP    GLS862.OFFSIT2.BMVGL.G0001V00
170568         91/10          GLS270UP    GLS862.OFFSIT1.BMVGL.G0001V00
170569         91/10          GLS270UP    GLS862.OFFSIT1.SYSINLIB.OCT91
170570         91/10          GLS270UP    GLS862.OFFSIT2.SYSINLIB.OCT91
170571         91/10          GLS270UP    GLS862.OFFSIT1.GLDATA.OCT91
170572         91/10          GLS270UP    GLS862.OFFSIT2.GLDATA.OCT91

170573         91/10          GLS270UP    GLS862.OFFSIT1.GLMAINT.OCT91
170574         91/10          GLS270UP    GLS862.OFFSIT2.GLMAINT.OCT91
               91/10          EDIBILL     EDI MICROFICHE 9110
170578         91/10          ASICHG05    MIS.ASP.J250.MONACTBK.M9110
170553         91/11          ASP200UP    MIS.ASP.J200.FAVERBK
170579         91/11          ASP200UP    MIS.ASP.J200.FAVERBK
170580         91/11          ASP200UP    MIS.ASP.J200.MONACTBK
170581         91/11          ASP223UP    ASP.J223.M9111
170582         91/11          ASP250UP    MIS.ASP.J250.FAVERBK.M9111
170583         91/11          ASP250UP    MIS.ASP.J250.JRNL30BK.M9111
170584         91/11          ASC205UP    MIS.ASC.J205.FAVERBK.M9111
170585         91/11          ASC205UP    MIS.ASC.J205.M9111
170586         91/11          ASC205UP    MIS.ASC.J205.M9111
170587         91/11          ASC205UP    MIS.ASC.J205.M9111
170502         91/11          ARS210UP    ARS441.MONTHEND.D113091
170594         91/11          ARS210UP    ARS441.MONTHLY.D113091
170588         91/11          ASI205UP    ASI.J205.FAVERBK.M9111
170589         91/11          ASI205UP    ASI.J205.FAVERBK.M9111
170590         91/11          ASI205UP    ASI.J205.M9111
170592         91/11          FAS280UP    FAS102.MONTHLY.M9111
170593         91/11                      MIS.J330.C0057306.SOO.D9110
170595         91/11          GLS270UP    GLS862.OFFSIT1.GLDATA.NOV91
170596         91/11          FAS280UP    FAS102.MONTHLY.M9111
170608         91/11          GLS270UP    GLS862.OFFSIT2.GLMAINT.NOV91
170609         91/11          GLS270UP    GLS862.OFFSIT1.GLMAINT.NOV91
170610         91/11          GLS270UP    GLS862.OFFSIT2.GLDATA.NOV91
170611         91/11          GLS270UP    GLS862.OFFSIT1.SYSINLIB.NOV91
170612         91/11          GLS270UP    GLS862.OFFSIT2.SYSINLIB.NOV91
170613         91/11          GLS270UP    GLS862.OFFSIT2.BMGBLDB.G0001V00
170615         91/11          GLS270UP    GLS862.OFFSIT1.BMGBLDB.G0001V00
170616         91/11          GLS270UP    GLS862.OFFSIT1.BMVGL.G0001V00
170617         91/11          GLS270UP    GLS862.OFFSIT2.BMVGL.G0001V00
EDI MICRO.     91/12          EDIBILL     EDI MICROFICHE 9111
170605         91/12          FAS280UP    FAS102.MONTHLY.D9112
170606         91/12          ASP200UP    MIS.ASP.J200.FAVERBK
170607         91/12          ASP200UP    MIS.ASP.J200.FAVERBK
170621         91/12          FAS280UP    FAS102.MONTHLY.D9112
170622         91/12          ASP200UP    MIS.ASP.J200.MONACTBK
170626         91/12          ASC205UP    MIS.ASC.J205.FAVERBK.M9112
170627         91/12          ASC205UP    MIS.ASC.J205.M9112
170628         91/12          ASC205UP    MIS.ASC.J205.M9112
170629         91/12          ASC205UP    MIS.ASC.J205.M9112
170623         91/12          ASP223UP    ASP.J223.M9112
170624         91/12          ASP250UP    ASP.J250.FAVERBK.M9112
170625         91/12          ASP250UP    MIS.ASP.J250.JRNL30BK.M9112
170630         91/12          ASI205UP    ASI.J205.FAVERBK.M9112
170631         91/12          ASI205UP    ASI.J205.FAVERBK.M9112
170632         91/12          ASI205UP    ASI.J205.M9112
170217         91/12          ARS210UP    ARS441.MONTHLY.D123191
170633         91/12          ARS210UP    ARS441.MONTHEND.D123191
170221         91/12          GLS270UP    GLS862.OFFSIT1.GLDATA.DEC91
170634         91/12          GLS270UP    GLS862.OFFSIT1.BMGBLDB.G0001V00
170635         91/12          GLS270UP    GLS862.OFFSIT2.BMGBLDB.G0001V00
170636         91/12          GLS270UP    GLS862.OFFSIT1.BMVGL.G0001V00
170637         91/12          GLS270UP    GLS862.OFFSIT2.BMVGL.G0001V00
170638         91/12          GLS270UP    GLS862.OFFSIT2.SYSINLIB.DEC91
170639         91/12          GLS270UP    GLS862.OFFSIT1.SYSINLIB.DEC91
170640         91/12          GLS270UP    GLS862.OFFSIT2.GLMAINT.DEC91
171018         91/12          GLS270UP    GLS862.OFFSIT2.GLDATA.DEC91
171019         91/12          GLS270UP    GLS862.OFFSIT1.GLMAINT.DEC91
170652         92/01          ASP200UP    MIS.ASP.J200.FAVERBK
170653         92/01          ASP200UP    MIS.ASP.J200.FAVERBK
170665         92/01          ASC205UP    MIS.ASC.J205.FAVERBK.M9201
170666         92/01          ASP250UP    MIS.ASP.J250.FAVERBK.M9201
170667         92/01          ASP250UP    MIS.AS0.JRNL30BK.M9201
170668         92/01          ASC205UP    MIS.ASC.J205.M9201
170669         92/01          ASC205UP    MIS.ASC.J205.M9201
170670         92/01          ASI205UP    ASI.J205.FAVERBK.M9201
170671         92/01          ASI205UP    ASI.J205.FAVERBK.M9201
170672         92/01          ASI205UP    ASI.J205.M9201
170678         92/01          ASP223UP    ASP.J223.M9201
170679         92/01          ASP200UP    MIS.ASP.J200.MONACTBK
170544         92/02          ASP200UP    MIS.ASP.J200.FAVERBK
170676         92/02          ASP200UP    MIS.ASP.J200.FAVERBK
170680         92/02          ASP200UP    MIS.ASP.J200.MONACTBK
170682         92/02          ASP250UP    MIS.ASP.J250.FAVERBK.PI9201
170683         92/02          ASP250UP    MIS.ASP.J250.JRNL30BK.PI9201
170684         92/02          ASC205UP    MIS.ASC.J205.FAVERBK.PI9201
170685         92/02          ASC205UP    MIS.ASC.J205.PI9201
170686         92/02          ASI205UP    ASI.J205.FAVERBK.PI9201
170687         92/02          ASI205UP    ASI.J205.FAVERBK.PI9201
170688         92/02          ASI205UP    ASI.J205.PI9201
170681         92/02          ASP223UP    ASP.J223.M9202
170689         92/02          FAS280UP    FAS102.MONTHLY.D9201
170690         92/02          FAS280UP    FAS102.MONTHLY.D9201
170519         92/02          ARS210UP    ARS441.MONTHLY.D013192
170677         92/02          ARS210UP    ARS441.MONTHEND.D013192
170673         92/02          GLS270UP    GLS862.OFFSIT1.BMGBLDB.G0001V00
170675         92/02          GLS270UP    GLS862.OFFSIT2.BMGBLDB.G0001V00
170693         92/02          GLS270UP    GLS862.OFFSIT1.BMVGL.G0001V00
170694         92/02          GLS270UP    GLS862.OFFSIT2.BMVGL.G0001V00
170700         92/02          GLS270UP    GLS862.OFFSIT2.SYSINLIB.NOV87
170701         92/02          GLS270UP    GLS862.OFFSIT1.SYSINLIB.NOV87
170702         92/02          GLS270UP    GLS862.OFFSIT1.GLDATA.NOV87
170703         92/02          GLS270UP    GLS862.OFFSIT2.GLDATA.NOV87
170704         92/02          GLS270UP    GLS862.OFFSIT1.GLMAINT.NOV87
170705         92/02          GLS270UP    GLS862.OFFSIT2.GLMAINT.NOV87
EDI004         92/02          TYM047      EDI MICROFICHE 9201
EDI005         92/02          TYM047      EDI MICROFICHE NOV1-10'91
170710         92/03          ASP200UP    MIS.ASP.J200.FAVERBK
170719         92/03          ASP200UP    MIS.ASP.J200.FAVERBK
170695         92/03          ASP200UP    MIS.ASP.J200.MONACTBK
170729         92/03          ASP223UP    ASP.J223.M9203
170722         92/03          ASI205UP    ASI.J205.FAVERBK.M9202
170723         92/03          ASI205UP    ASI.J205.FAVERBK.M9202
170730         92/03          ASI205UP    ASI.J205.M9202
170727         92/03          ASP250UP    MIS.ASP.J250.JRNL30BK.M9202
170728         92/03          ASP250UP    MIS.ASP.J250.FAVERBK.M9202
170724         92/03          ASC205UP    MIS.ASC.J205.M9202
170725         92/03          ASC205UP    MIS.ASC.J205.M9202
170726         92/03          ASC205UP    MIS.ASC.J205.FAVERBK.M9202
170735         92/03          FAS280UP    FAS102.MONTHLY.D9202
170734         92/03          FAS280UP    FAS102.MONTHLY.D9202
170742         92/03          GLS270UP    GLS862.OFFSIT1.BMGBLDB.G0001V00
170744         92/03          GLS270UP    GLS862.OFFSIT2.BMGBLDB.G0001V00
170745         92/03          GLS270UP    GLS862.OFFSIT1.BMVGL.G0001V00
170746         92/03          GLS270UP    GLS862.OFFSIT2.BMVGL.G0001V00
170747         92/03          GLS270UP    GLS862.OFFSIT1.SYSINLIB.FEB92
170748         92/03          GLS270UP    GLS862.OFFSIT2.SYSINLIB.FEB92
170750         92/03          GLS270UP    GLS862.OFFSIT2.GLDATA.FEB92
170751         92/03          GLS270UP    GLS862.OFFSIT1.GLMAINT.FEB92
170752         92/03          GLS270UP    GLS862.OFFSIT2.GLMAINT.FEB92
EDI006         92/03          TYM047      EDI MICROFICHE 9202
P369           92/03          TYM047      EDI MICROFICHE 9112
170209         90/10          ARS210UP    ARS441.MONTHEND.D103190
170211         90/10          ARS210UP    ARS441.MONTHLY.D103190
170720         92/04          ASP200UP    MIS.ASP.J200.FAVERBK
170736         92/04          ASP200UP    MIS.ASP.J200.FAVERBK
170755         92/04          ASP200UP    MIS.ASP.J200.MONACTBK
170743         92/04          CMIS006A    MIS.APHIST.FY92BKP
170759         92/04          ASP250UP    MIS.ASP.J250.FAVERBK.M9203
170760         92/04          ASI205UP    ASI.J205.FAVERBK.M9203
170761         92/04          ASI205UP    ASI.J205.FAVERBK.M9203
170768         92/04          ASI205UP    ASI.J205.M9203
170771         92/04          CMIS006A    MIS.APHIST.FY92BKP
170772         92/04          CMIS006A    MIS.APHIST.FY92BKP
170773         92/04          ASP250UP    MIS.ASP.J250.JRNL30BK.M9203
170774         92/04          ASC205UP    MIS.ASC.J205.FAVERBK.M9203
170775         92/04          ASC205UP    MIS.ASC.J205.M9203
170776         92/04          ASC205UP    MIS.ASC.J205.M9203
170777         92/04          ASC205UP    MIS.ASC.J205.M9203
170758         92/04          ASP223UP    ASP.J223.M9204
170781         92/04          FAS280UP    FAS102.MONTHLY.D9203
170782         92/04          FAS280UP    FAS102.MONTHLY.D9203
170663         92/04          GLS270UP    GLS862.OFFSIT1.BMGBLDB.G0001V00
170664         92/04          GLS270UP    GLS862.OFFSIT2.BMGBLDB.G0001V00
170785         92/04          GLS270UP    GLS862.OFFSIT1.BMVGL.G0001V00
170786         92/04          GLS270UP    GLS862.OFFSIT2.BMVGL.G0001V00
170787         92/04          GLS270UP    GLS862.OFFSIT2.BMVGL.G0001V00
170788         92/04          GLS270UP    GLS862.OFFSIT1.BMVGL.G0001V00
170789         92/04          GLS270UP    GLS862.OFFSIT1.SYSINLIB.MAR92
170790         92/04          GLS270UP    GLS862.OFFSIT2.SYSINLIB.MAR92
170791         92/04          GLS270UP    GLS862.OFFSIT1.GLDATA.MAR92
170792         92/04          GLS270UP    GLS862.OFFSIT2.GLDATA.MAR92
170793         92/04          GLS270UP    GLS862.OFFSIT1.GLMAINT.MAR92
170794         92/04          GLS270UP    GLS862.OFFSIT2.GLMAINT.MAR92
170721         92/04          ARS210UP    ARS441.MONTHLY.D022992
170741         92/04          ARS210UP    ARS441.MONTHEND.D022992
170783         92/04          ARS210UP    ARS441.MONTHLY.D033192
170784         92/04          ARS210UP    ARS441.MONTHEND.D033192
170807         92/05          ASP200UP    MIS.ASP.J200.MONACTBK
170806         92/05          ASP200UP    MIS.ASP.J200.FAVERBK
170803         92/05          ASP200UP    MIS.ASP.J200.FAVERBK
P502           92/04          EDIBILL     EDI MICROFICHE 9203
170808         92/05          ASP223UP    ASP.J223.M9205
170809         92/05          ASP250UP    MIS.ASP.J250.FAVERBK.M9204
170810         92/05          ASP250UP    MIS.ASP.J250.JRNL30BK.M9204
170811         92/05          ASC205UP    MIS.ASC.J205.FAVERBK.M9204
170812         92/05          ASC205UP    MIS.ASC.J205.M9204
170813         92/05          ASC205UP    MIS.ASC.J205.M9204
170816         92/05          ASI205UP    ASI.J205.FAVERBK.M9204
170817         92/05          ASI205UP    ASI.J205.FAVERBK.M9204
170818         92/05          ASI205UP    ASI.J205.M9204
170820         92/05          FAS280UP    FAS102.MONTHLY.D9204
170821         92/05          FAS280UP    FAS102.MONTHLY.D9204
170822         92/05          ARS210UP    ARS441.MONTHLY.D043092
170823         92/05          ARS210UP    ARS441.MONTHEND.D043092
170828         92/05          GLS270UP    GLS862.OFFSIT1.BMGBLDB.G0001V00
170829         92/05          GLS270UP    GLS862.OFFSIT2.BMGBLDB.G0001V00
170830         92/05          GLS270UP    GLS862.OFFSIT1.BMVGL.G0001V00
170831         92/05          GLS270UP    GLS862.OFFSIT2.BMVGL.G0001V00
170832         92/05          GLS270UP    GLS862.OFFSIT1.BMVGL.G0001V00
170833         92/05          GLS270UP    GLS862.OFFSIT2.BMVGL.G0001V00
170834         92/05          GLS270UP    GLS862.OFFSIT2.SYSINLIB.APR92
170835         92/05          GLS270UP    GLS862.OFFSIT1.SYSINLIB.APR92
170836         92/05          GLS270UP    GLS862.OFFSIT1.GLDATA.APR92
170837         92/05          GLS270UP    GLS862.OFFSIT2.GLDATA.APR92

170838         92/05          GLS270UP    GLS862.OFFSIT1.GLMAINT.APR92
170839         92/05          GLS270UP    GLS862.OFFSIT2.GLMAINT.APR92
EDI007         92/04          TYM047      EDI MICROFICHE 9204
170869         92/06          ASP200UP    MIS.ASP.J200.FAVERBK
170870         92/06          ASP200UP    MIS.ASP.J200.FAVERBK
170871         92/06          ASP200UP    MIS.ASP.J200.MONACTBK
170872         92/06          ASP223UP    ASP.J223.M9206
170873         92/06          ASP250UP    ASP.J250.FAVERBK.M9205
170876         92/06          ASP250UP    MIS.ASP.J250.JRNL30BK.M9205
170877         92/06          ASC205UP    MIS.ASC.J205.FAVERBK.M9205
170878         92/06          ASC205UP    MIS.ASC.J205.M9205
170880         92/06          ASC205UP    MIS.ASC.J205.M9205
170881         92/06          ASI205UP    ASI.J205.FAVERBK.M9205
170882         92/06          ASI205UP    ASI.J205.FAVERBK.M9205
170883         92/06          ASI205UP    ASI.J205.M9205
170884         92/06          FAS280UP    FAS102.MONTHLY.D9205
170885         92/06          FAS280UP    FAS102.MONTHLY.D9205
170888         92/06          ARS210UP    ARS441.MONTHLY.D053192
170889         92/06          ARS210UP    ARS441.MONTHEND.D053192
170890         92/06          GLS270UP    GLS862.OFFSIT1.BMGBLDB.G0001V00
170891         92/06          GLS270UP    GLS862.OFFSIT2.BMGBLDB.G0001V00
170892         92/06          GLS270UP    GLS862.OFFSIT1.BMVGL.G0001V00
170893         92/06          GLS270UP    GLS862.OFFSIT2.BMVGL.G0001V00
170894         92/06          GLS270UP    GLS862.OFFSIT1.SYSINLIB.MAY92
170895         92/06          GLS270UP    GLS862.OFFSIT2.SYSINLIB.MAY92
170896         92/06          GLS270UP    GLS862.OFFSIT1.GLDATA.MAY92
170897         92/06          GLS270UP    GLS862.OFFSIT2.GLDATA.MAY92
170898         92/06          GLS270UP    GLS862.OFFSIT1.GLMAINT.MAY92
170899         92/06          GLS270UP    GLS862.OFFSIT2.GLMAINT.MAY92
170859         92/07          ASP200UP    MIS.ASP.J200.FAVERBK
170865         92/07          ASP200UP    MIS.ASP.J200.FAVERBK
170866         92/07          ASP200UP    MIS.ASP.J200.MONACTBK
170867         92/07          ASP223UP    ASP.J223.M9207
EDI 008        92/07          TYM047      EDI MICROFFICHE 9205
170929         92/07          ASP250UP    MIS.ASP.J250.FAVERBK.M9206
170930         92/07          ASP250UP    MIS.ASP.J250.JRNL30BK.M9206
170931         92/07          ASC205UP    MIS.ASC.J205.FAVERBK.M9206
170932         92/07          ASC205UP    MIS.ASC.J205.M9206
170933         92/07          ASC205UP    MIS.ASC.J205.M9206
170934         92/07          ASI205UP    ASI.J205.FAVERBK.M9206
170935         92/07          ASI205UP    ASI.J205.FAVERBK.M9206
170936         92/07          ASI205UP    ASI.J205.M9206
170937         92/07          FAS280UP    FAS102.MONTHLY.D9206
170938         92/07          FAS280UP    FAS102.MONTHLY.D9206
170062         92/07          GLS270UP    GLS862.OFFSIT1.BMVGL.G0001V00
170338         92/07          GLS270UP    GLS862.OFFSIT1.SYSINLIB.JUN92
170814         92/07          ARS210UP    ARS441.MONTHLY.D063092
170815         92/07          ARS210UP    ARS441.MONTHEND.D063092
170860         92/07          GLS270UP    GLS862.OFFSIT2.BMVGL.G0001V00
170861         92/07          GLS270UP    GLS862.OFFSIT2.BMBLDB.G0001V00
170875         92/07          GLS270UP    GLS862.OFFSIT2.SYSINLIB.JUN92
170939         92/07          GLS270UP    GLS862.OFFSIT1.BMGBLDB.G0001V00
170950         92/07          GLS270UP    GLS862.OFFSIT1.GLDATA.JUN92
170951         92/07          GLS270UP    GLS862.OFFSIT2.GLDATA.JUN92
170952         92/07          GLS270UP    GLS862.OFFSIT1.GLMAINT.JUN92
170953         92/07          GLS270UP    GLS862.OFFSIT2.GLMAINT.JUN92
170942         92/08          FAS280UP    FAS102.MONTHLY.D9207
170943         92/08          FAS280UP    FAS102.MONTHLY.D9207
EDI 009        92/08          TYM047      EDI MICROFICHE 9206
170945         92/08          ASC205UP    MIS.ASC.J205.FAVERBK.M9207
170946         92/08          ASC205UP    MIS.ASC.J205.M9207
170947         92/08          ASC205UP    MIS.ASC.J205.M9207
170948         92/08          ASC205UP    MIS.ASC.J205.M9207
170949         92/08          ASP250UP    MIS.ASP.J250.JRNL30BK.M9207
170955         92/08          ASP250UP    MIS.ASP.J250.FAVERBK.M9207
170956         92/08          ASP223UP    ASP.J223.M9208
170957         92/08          ASP200UP    MIS.ASP.J200.MONACTBK
170958         92/08          ASP200UP    MIS.ASP.J200.FAVERBK
170959         92/08          ASP200UP    MIS.ASP.J200.FAVERBK
170982         92/08          ASI205UP    ASI.J205.M9207
170983         92/08          ASI205UP    ASI.J205.FAVERBK.M9207
170984         92/08          ASI205UP    ASI.J205.FAVERBK.M9207
170981         92/08          ARS210UP    ARS441.MONTHEND.D073192
170995         92/08          ARS210UP    ARS441.MONTHLY.D073192
170980         92/08          GLS270UP    GLS862.OFFSIT2.BMVGL.G0001V00
170985         92/08          GLS270UP    GLS862.OFFSIT1.SYSINLIB.JUL92
170986         92/08          GLS270UP    GLS862.OFFSIT2.SYSINLIB.JUL92
170987         92/08          GLS270UP    GLS862.BMVGL.G0001V00
170988         92/08          GLS270UP    GLS862.OFFSIT2.BMGBLDB.G0001V00
170989         92/08          GLS270UP    GLS862.OFFSIT1.BMGBLDB.G0001V00
170990         92/08          GLS270UP    GLS862.OFFSIT1.GLDATA.JUL92
170991         92/08          GLS270UP    GLS862.OFFSIT2.GLDATA.JUL92
170992         92/08          GLS270UP    GLS862.OFFSIT1.GLMAINT.JUL92
170993         92/08          GLS270UP    GLS862.OFFSIT2.GLMAINT.JUL92
170997         92/08          ASP200UP    MIS.ASP.J200.MONACTBK
170998         92/08          ASP200UP    MIS.ASP.J200.FAVERBK
170999         92/08          ASP200UP    MIS.ASP.J200.FAVERBK
170996         92/08          ASP223UP    ASP.J223.M9209
171051         92/08          ASC205UP    MIS.ASC.J205.FAVERBK.PI9207
171052         92/08          ASI205UP    ASI.J205.FAVERBK.PI9207
171053         92/08          ASI205UP    ASI.J205.FAVERBK.PI9207
171042         92/08          ASP250UP    MIS.ASP.J250.JRNL30BK.PI9207
171044         92/08          ASC205UP    MIS.ASC.J205.PI9207
171047         92/08          ASI205UP    ASI.J205.PI9207
171048         92/08          ASI210UP    MIS.ASI.J210.SEC.V3R2.SOURCEBK
171049         92/08          ASP250UP    MIS.ASP.J250.FAVERBK.PI9207
171050         92/08          ASP250UP    MIS.ASP.J250.MONACTBK.PI9207
EDI 010        92/09          EDIBILL     EDI MICROFICHE 9207
171083         92/09          FAS280UP    FAS102.MONTHLY.D9208
171084         92/09          FAS280UP    FAS102.MONTHLY.D9208
171085         92/09          ASP250UP    MIS.ASP.J250.FAVERBK.M9208
171086         92/09          ASP223UP    ASP.J223.M9210
171087         92/09          ASP200UP    MIS.ASP.J200.MONACTBK
171088         92/09          ASP200UP    MIS.ASP.J200.FAVERBK
171089         92/09          ASP200UP    MIS.ASP.J200.FAVERBK
171090         92/09          ASI205UP    ASI.J205.FAVERBK.M9208
171091         92/09          ASC205UP    MIS.ASC.J205.M9208
171092         92/09          ASC205UP    MIS.ASC.J205.M9208
171093         92/09          ASC205UP    MIS.ASC.J205.FAVERBK.M9208
171094         92/09          ASP250UP    MIS.ASP.J250.JRNL30BK.M9208
171097         92/09          ASI210UP    MIS.ASI.J210.SEC.V3R2.SOURCEBK
171098         92/09          ASI205UP    ASI.J205.M9208
171099         92/09          ASI205UP    ASI.J205.FAVERBK.M9208
171072         92/09          GLS270UP    GLS862.OFFSIT2.BMVGL.G0001V00
171073         92/09          GLS270UP    GLS862.OFFSIT1.BMGBLDB.G0001V00
171074         92/09          GLS270UP    GLS862.OFFSIT2.BMGBLDB.G0001V00
171075         92/09          GLS270UP    GLS862.OFFSIT1.BMVGL.G0001V00
171076         92/09          GLS270UP    GLS862.OFFSIT1.SYSINLIB.AUG92
171077         92/09          GLS270UP    GLS862.OFFSIT2.SYSINLIB.AUG92
171078         92/09          GLS270UP    GLS862.OFFSIT1.GLDATA.AUG92
171079         92/09          GLS270UP    GLS862.OFFSIT2.GLDATA.AUG92
171100         92/09          GLS270UP    GLS862.OFFSIT1.GLMAINT.AUG92
171101         92/09          GLS270UP    GLS862.OFFSIT2.GLMAINT.AUG92
171071         92/09          ARS210UP    ARS441.MONTHEND.D083192
EDI 011        92/09          TYM047      EDI MICROFICHE 9208
171096         92/09          ARS210UP    ARS441.MONTHLY.D083192
171114         92/10          FAS280UP    FAS102.MONTHLY.D9209
171115         92/10          FAS280UP    FAS102.MONTHLY.D9209
171120         92/10          ASP223UP    ASP.J223.M9211
171121         92/10          ASP250UP    MIS.ASP.J250.FAVERBK.M9209
171122         92/10          ASP250UP    MIS.ASP.J250.JRNL30BK.M9209
171123         92/10          ASC205UP    MIS.ASC.J205.FAVERBK.M9209
171124         92/10          ASC205UP    MIS.ASC.J205.M9209
171125         92/10          ASC205UP    MIS.ASC.J205.M9209
171126         92/10          ASC205UP    MIS.ASC.J205.M9209
171127         92/10          ASI205UP    ASI.J205.FAVERBK.M9209
171128         92/10          ASI205UP    ASI.J205.FAVERBK.M9209
171129         92/10          ASI205UP    ASI.J205.M9209
171140         92/10          ASI210UP    MIS.ASI.J210.SEC.V3R2.SOURCEBK
171141         92/10          ARS210UP    ARS441.MONTHLY.D093092
171142         92/10          ARS210UP    ARS441.MONTHEND.D093092
171143         92/10          GLS270UP    GLS862.OFFSIT1.BMGBLDB.G0001V00
171144         92/10          GLS270UP    GLS862.OFFSIT2.BMGBLDB.G0001V00
171145         92/10          GLS270UP    GLS862.OFFSIT1.BMVGL.G0001V00
171146         92/10          GLS270UP    GLS862.OFFSIT2.BMVGL.G0001V00
171147         92/10          GLS270UP    GLS862.OFFSIT2.SYSINLIB.SEP92
171148         92/10          GLS270UP    GLS862.OFFSIT1.SYSINLIB.SEP92
171149         92/10          GLS270UP    GLS862.OFFSIT1.GLDATA.SEP92
171150         92/10          GLS270UP    GLS862.OFFSIT2.GLDATA.SEP92
171151         92/10          GLS270UP    GLS862.OFFSIT1.GLMAINT.SEP92
171152         92/10          GLS270UP    GLS862.OFFSIT2.GLMAINT.SEP92
170863         92/11          ASP200UP    MIS.ASP.J200.FAVERBK
171116         92/11          ASP200UP    MIS.ASP.J200.FAVERBK
171117         92/11          ASP200UP    MIS.ASP.J200.FAVERBK
171118         92/11          ASP200UP    MIS.ASP.J200.FAVERBK
171119         92/11          ASP200UP    MIS.ASP.J200.MONACTBK
171170         92/11          ASP250UP    MIS.ASP.J250.JRNL30BK.M9210
171171         92/11          ASC205UP    MIS.ASC.J205.FAVERBK.M9210
171172         92/11          ASC205UP    MIS.ASC.J205.M9210
171173         92/11          ASC205UP    MIS.ASC.J205.M9210
171174         92/11          ASC205UP    MIS.ASC.J205.M9210
171175         92/11          ASP250UP    MIS.ASP.J250.FAVERBK.M9210
171176         92/11          ASP200UP    MIS.ASP.J200.FAVERBK
171177         92/11          ASP200UP    MIS.ASP.J200.FAVERBK
171181         92/11          FAS280UP    FAS102.MONTHLY.D9210
171182         92/11          FAS280UP    FAS102.MONTHLY.D9210
171185         92/11          ASP223UP    ASP.J223.M9210
171186         92/11          ASP200UP    MIS.ASP.J200.MONACTBK
171190         92/11          ASI205UP    ASI.J205.FAVERBK.M9210
171191         92/11          ASP200UP    MIS.ASP.J200.FAVERBK
171192         92/11          ASP200UP    MIS.ASP.J200.FAVERBK
171193         92/11          ASP200UP    MIS.ASP.J200.MONACTBK
171194         92/11          ASP223UP    ASP.J223.P39210
171195         92/11          ASI205UP    ASI.J205.FAVERBK.M9210
171196         92/11          ASI205UP    ASI.J205.JRNL30BK.M9210
171197         92/11          ASI210UP    ASI.J210.SOURCEBK.M9210
171199         92/11          ASP200UP    MIS.ASP.J200.FAVERBK
171200         92/11          ASP250UP    MIS.ASP.J250.FAVERBK.P39210
171201         92/11          ASP250UP    MIS.ASP.J250.MONACTBK.P39210
171202         92/11          ASC205UP    MIS.ASC.J205.FAVERBK.P39210
171203         92/11          ASI205UP    ASI.J205.FAVERBK.P39210
171204         92/11          ASI205UP    ASI.J205.FAVERBK.P39210
171210         92/11          GLS270UP    GLS862.OFFSIT1.BMGBLDB.G0001V00
171211         92/11          GLS270UP    GLS862.OFFSIT2.BMGBLDB.G0001V00
171212         92/11          GLS270UP    GLS862.OFFSIT1.BMVGL.G0001V00
171213         92/11          GLS270UP    GLS862.OFFSIT2.BMVGL.G0001V00
171214         92/11          GLS270UP    GLS862.OFFSIT2.SYSINLIB.OCT92
171215         92/11          GLS270UP    GLS862.OFFSIT1.SYSINLIB.OCT92
171216         92/11          GLS270UP    GLS862.OFFSIT1.GLDATA.OCT92
171217         92/11          GLS270UP    GLS862.OFFSIT2.GLDATA.OCT92
171218         92/11          GLS270UP    GLS862.OFFSIT1.GLMAINT.OCT92
171219         92/11          GLS270UP    GLS862.OFFSIT2.GLMAINT.OCT92
171246         92/12          ASP200UP    MIS.ASP.J200.FAVERBK
171247         92/12          FAS280UP    FAS102.MONTHLY.D9211
171248         92/12          FAS280UP    FAS102.MONTHLY.D9211
171250         92/12          ASP200UP    MIS.ASP.J200.FAVERBK
171251         92/12          ASP200UP    MIS.ASP.J200.FAVERBK
171252         92/12          ASP200UP    MIS.ASP.J200.MONACTBK
171253         92/12          ASP223UP    ASP.J223.M9211
171254         92/12          ASP250UP    MIS.ASP.J250.FAVERBK.M9211
171255         92/12          ASC205UP    MIS.ASC.J205.FAVERBK.M9211
171256         92/12          ASC205UP    MIS.ASC.J205.M9211
171257         92/12          ASI205UP    ASI.J205.FAVERBK.M9211
171258         92/12          ASC205UP    MIS.ASC.J205.M9211
171259         92/12          ASP250UP    MIS.ASP.J250.JRNL30BK.M9211
171260         92/12          ASI205UP    ASI.J205.FAVERBK.M9211
171261         92/12          ASI205UP    ASI.J205.M9211
171262         92/12          ASI210UP    MIS.ASI.J210.SEC.V3R2.SOURCEBK
171270         92/12          GLS270UP    GLS862.OFFSIT1.SYSINLIB.NOV92
171271         92/12          GLS270UP    GLS862.OFFSIT2.BMGBLDB.G0001V00
171272         92/12          GLS270UP    GLS862.OFFSIT2.BMVGL.G0001V00
171273         92/12          GLS270UP    GLS862.OFFSIT1.BMGBLDB.G0001V00
171274         92/12          GLS270UP    GLS862.OFFSIT1.BMVGL.G0001V00
171275         92/12          GLS270UP    GLS862.OFFSIT2.GLDATA.NOV92
171276         92/12          GLS270UP    GLS862.OFFSIT1.GLDATA.NOV92
171277         92/12          GLS270UP    GLS862.OFFSIT2.SYSINLIB.NOV92
171278         92/12          GLS270UP    GLS862.OFFSIT1.GLMAINT.NOV92 
171279         92/12          GLS270UP    GLS862.OFFSIT2.GLMAINT.NOV92 
171266         92/12          OPER001X    MEB.J286.INVC.ARCH.CUST.G0017V00
171267         92/12          OPER001X    MEB.J286.INVC.ARCH.INVC.G0006V00
171198         93/01          CMIS016A    PRODMIS.ARS441.ODATA1A
171205         93/01          ARS210UP    ARS441.MONTHLY.D103192
171207         93/01          CMIS016A    ARS441.LASTBKUP
171208         93/01          ARS210UP    ARS441.MONTHEND.D103192
171268         93/01          CMIS016A    ARS520.MONTHEND.D921130
171269         93/01          CMIS016A    ARS520.MONTHEND.D921130
171295         93/01          CMIS016A    ARS520.MONTHLY.D921130
171299         93/01          FAS280UP    FAS102.MONTHLY.D9212
171300         93/01          CMIS016A    ARS520.MONTHLY.D921130
171308         93/01          FAS280UP    FAS102.MONTHLY.D9212
171310         93/01          ASP250UP    MIS.ASP.J250.FAVERBK.M9212
171311         93/01          ASP250UP    MIS.ASP.J250.JRNL30BK.M9212
171312         93/01          ASC205UP    MIS.ASC.J205.FAVERBK.M9212
171313         93/01          ASP223UP    ASP.J223.M9212
171315         93/01          ASC205UP    MIS.ASC.J205.M9212
171316         93/01          ASC205UP    MIS.ASC.J205.M9212
171317         93/01          ASI205UP    ASI.J205.FAVERBK.M9212
171318         93/01          ASI205UP    ASI.J205.FAVERBK.M9212
171319         93/01          ASC205UP    MIS.ASC.J205.M9212
171320         93/01          ASP200UP    MIS.ASP.J200.FAVERBK
171321         93/01          ASP200UP    MIS.ASP.J200.FAVERBK
171322         93/01          ASP200UP    MIS.ASP.J200.FAVERBK
171323         93/01          ASI205UP    ASI.J205.M9212
171324         93/01          ASI210UP    MIS.ASI.J210.SEC.V3R2.SOURCEBK
171325         93/01          MEB286IP    MEB.J286.INVC.ARCH.CUST.G0001V00
171326         93/01          MEB286IP    MEB.J286.INVC.ARCH.INVC.G0001V00
171327         93/01          ARS210UP    ARS520.MONTHLY.D123192
171328         93/01          ARS210UP    ARS520.MONTHLY.D123192
171329         93/01          ARS210UP    ARS520.MONTHEND.D123192
171330         93/01          ARS210UP    ARS520.MONTHEND.D123192
171314         93/01          ASP200UP    MIS.ASP.J200.MONACTBK
171333         93/01          GLS270UP    GLS862.OFFSIT1.BMGBLDB.G0001V00
171334         93/01          GLS270UP    GLS862.OFFSIT2.BMGBLDB.G0001V00
171335         93/01          GLS270UP    GLS862.OFFSIT2.BMVGL.G0001V00
171336         93/01          GLS270UP    GLS862.OFFSIT1.SYSINLIB.DEC92
171337         93/01          GLS270UP    GLS862.OFFSIT2.SYSINLIB.DEC92
171338         93/01          GLS270UP    GLS862.OFFSIT1.GLDATA.DEC92
171339         93/01          GLS270UP    GLS862.OFFSIT1.BMVGL.G0001V00
171340         93/01          GLS270UP    GLS862.OFFSIT2.GLDATA.DEC92
171341         93/01          GLS270UP    GLS862.OFFSIT1.GLMAINT.DEC92
171342         93/01          GLS270UP    GLS862.OFFSIT2.GLMAINT.DEC92
171342         93/01          gls270up    gls862.offsit2.GLMAINT.DEC92
171343         93/02          glmigrat    gl902.gls8602.secbkup
171344         93/02          glmigrat    gl902.gls8602.bkvgl
171346         93/02          glmigrat    gls902.gl8602.xixo
171349         93/02          glmigrat    gl902.gls8602.bdgbldb
171350         93/02          glmigrat    gls902.gl8602.gl8602.load
171351         93/02          glmigrat    gls902.gl8602.user.loadlib
171375         93/02          cmis031o    pdp.profile.asyold
171376         93/02          cmis031o    pdp.profile.asyold
171377         93/02          CMIS031P    PDP.PROFILE.CALLIN
171380         93/02          ASP200UP    MIS.ASP.J200.FAVERBK
171381         93/02          ASP200UP    MIS.ASP.J200.FAVERBK
171382         93/02          ASP200UP    MIS.ASP.J200.FAVERBK
171383         93/02          CMIS031O    PDP.PROFILE.REPLAC
171384         93/02          FAS280UP    FAS102.MONTHLY.D9301
171385         93/02          FAS280UP    FAS102.MONTHLY.D9301
171386         93/02          ASP223UP    ASP.J223.M9301
171387         93/02          ASC205UP    MIS.ASC.J205.FAVERBK.M9301
171388         93/02          ASP250UP    MIS.ASP.J250.FAVERBK.M9301
171389         93/02          ASP250UP    MIS.ASP.J250.JRNL30BK.M9301
171390         93/02          ASP200UP    MIS.ASP.J200.MONACTBK
171391         93/02          ASI205UP    ASI.J205.FAVERBK.M9301
171392         93/02          ASC205UP    MIS.ASC.J205.M9301
171393         93/02          ASC205UP    MIS.ASC.J205.M9301
171394         93/02          ASC205UP    MIS.ASC.J205.M9301
171395         93/02          MEB286IP    MEB.J286.INVC.ARCH.INVC.M9108
171396         93/02          MEB286IP    MEB.J286.INVC.ARCH.CUST.M9108
171397         93/02          ASI210UP    MIS.ASI.J210.SEC.V3R2.SOURCEBK
171398         93/02          ASI205UP    ASI.J205.M9301
171399         93/02          ASI205UP    ASI.J205.FAVERBK.M9301
171438         93/02          ASC205UP    MIS.ASC.J205.FAVERBK.PI9301
171440         93/02          ASP250UP    MIS.ASP.J250.FAVERBK.PI9301
171447         93/02          ASI210UP    MIS.ASI.J210.SEC.V3R2.SOURCEBK
171448         93/02          ASI205UP    ASI.J205.FAVERBK.PI9301
171449         93/02          ASI205UP    ASI.J205.FAVERBK.PI9301
171401         93/02          gls270up    GLS902.OFFSIT1.BMGBLDB.G0001V00
171406         93/02          GLS270UP    GLS902.OFFSIT2.BMGBLDB.G0001V00
171409         93/02          GLS270UP    GLS902.OFFSIT2.BMGBLDB.G0001V00
171420         93/02          GLS270UP    GLS902.OFFSIT1.BMGBLDB.G0001V00
171424         93/02          GLS270UP    GLS902.OFFSIT2.BMGM331.G0001V00
171428         93/02          GLS270UP    GLS902.OFFSIT1.BMVGL.G0001V00
171429         93/02          GLS270UP    GLS902.OFFSIT1.BMGM331.G0001V00
171430         93/02          GLS270UP    GLS902.OFFSIT2.BMVGL.G0001V00
171431         93/02          GLS270UP    GLS902.OFFSIT1.BMVGL.G0001V00
171432         93/02          GLS270UP    GLS902.OFFSIT2.BMVGL.G0001V00
171433         93/02          GLS270UP    GLS902.OFFSIT2.SYSINLIB.JAN93
171434         93/02          GLS270UP    GLS902.OFFSIT1.SYSINLIB.JAN93
171435         93/02          GLS270UP    GLS902.OFFSIT2.GLDATA.JAN93
171436         93/02          GLS270UP    GLS902.OFFSIT1.GLMAINT.JAN93
171437         93/02          GLS270UP    GLS902.OFFSIT2.GLMAINT.JAN93
171439         93/02          GLS270UP    GLS902.OFFSIT1.GLDATA.JAN93
171421         93/02          ASP200UP    MIS.ASP.J200.FAVERBK
171422         93/02          ASP200UP    MIS.ASP.J200.FAVERBK
171423         93/02          ASP200UP    MIS.ASP.J200.FAVERBK
171426         93/02          ASP200UP    MIS.ASP.J200.MONACTBK
171427         93/02          ASP223UP    ASP.J223.M9301 - PI
170740         93/02          FAS280UP    FAS102.MONTHLY.D9302
170868         93/02          FAS280UP    FAS102.MONTHLY.D9302
171402         93/02          ARS210UP    ARS520.MONTHEND.D013193
171403         93/02          ARS210UP    ARS520.MONTHEND.D013193
171404         93/02          ARS210UP    ARS520.MONTHLY.D013193
171405         93/02          ARS210UP    ARS520.MONTHLY.D013193
170962         93/03          ASP223UP    ASP.J223.M9303
170963         93/03          ARS210UP    ARS520.MONTHLY.D022893
170971         93/03          ARS210UP    ARS520.MONTHLY.D022893
112456         93/03          GLS270UP    GLS902.GL9002.SECBKUP
171206         93/03          CMIS006I    MIS.APPO.SOURCE
171460         93/03          ASI205UP    ASI.J205.FAVERBK.M9302
171461         93/03          ASI205UP    ASI.J205.FAVERBK.M9302
171463         93/03          ASC205UP    MIS.ASC.J205.FAVERBK.M9302
171464         93/03          ASP250UP    MIS.ASP.J250.FAVERBK.M9302
171465         93/03          CMIS006I    MIS.MLS201.BLOAD
171467         93/03          ARS210UP    ARS520.MONTHEND.D022893
171468         93/03          ARS210UP    ARS520.MONTHEND.D022893
171469         93/03          ASI210UP    MIS.ASI.J210.SEC.V3R2.SOURCEBK
171413         93/03          ASP200UP    MIS.ASP.J200.FAVERBK
171415         93/03          ASP200UP    MIS.ASP.J200.MONACTBK
171416         93/03          ASP200UP    MIS.ASP.J200.FAVERBK
171418         93/03          ASP200UP    MIS.ASP.J200.FAVERBK
171471         93/03          CMIS006I    MIS.POS210.LIST
171472         93/03          CMIS006I    MIS.VPS110.LIST
171480         93/03          GLS270UP    GLS902.OFFSIT1.BMGM331.G0001V00
171481         93/03          GLS270UP    GLS902.OFFSIT2.BMGM331.G0001V00
171482         93/03          GLS270UP    GLS902.OFFSIT1.BMVGL.G0001V00
171483         93/03          GLS270UP    GLS902.OFFSIT2.BMVGL.G0001V00
171484         93/03          GLS270UP    GLS902.OFFSIT2.SYSINLIB.FEB93
171485         93/03          GLS270UP    GLS902.OFFSIT1.SYSINLIB.FEB93
171486         93/03          GLS270UP    GLS902.OFFSIT1.GLDATA.FEB93
171487         93/03          GLS270UP    GLS902.OFFSIT2.GLDATA.FEB93
171488         93/03          GLS270UP    GLS902.OFFSIT1.GLMAINT.FEB93
171489         93/03          GLS270UP    GLS902.OFFSIT2.GLMAINT.FEB93
171395         93/04          MEB286IP    MEB.J286.INVC.ARCH.INVC.M9108
171396         93/04          MEB286IP    MEB.J286.INVC.ARCH.CUST.M9108
171508         93/04          CMIS006A    MIS.APHIST.FY93BKP
171509         93/04          CMIS006A    MIS.APHIST.FY93BKP
171510         93/04          CMIS006A    MIS.APHIST.FY93BKP
171511         93/04          FAS280UP    FAS102.MONTHLY.D9303
171512         93/04          FAS280UP    FAS102.MONTHLY.D9303
171530         93/04          FAS280UP    FAS102.MONTHLY.D9303
171531         93/04          ARS210UP    ARS520.MONTHEND.D033193
171532         93/04          ARS210UP    ARS520.MONTHEND.D033193
171533         93/04          ARS210UP    ARS520.MONTHLY.D033193
171534         93/04          ARS210UP    ARS520.MONTHLY.D033193
171535         93/04          GLS270UP    GLS902.OFFSIT1.BMVGL.G0001V00
171536         93/04          GLS270UP    GLS902.OFFSIT1.BMVGL.G0001V00
171537         93/04          GLS270UP    GLS902.OFFSIT1.BMVGL.G0003V00
171538         93/04          GLS270UP    GLS902.OFFSIT1.GLDATA.MAR93
171539         93/04          GLS270UP    GLS902.OFFSIT2.GLDATA.MAR93
171540         93/04          FAS280UP    FAS102.MONTHLY.D9303
171543         93/04          GLS270UP    GLS902.OFFSIT1.BMGBLDB.G0001V00
171545         93/04          GLS270UP    GLS902.OFFSIT1.BMGBLDB.G0001V00
171548         93/04          GLS270UP    GLS902.OFFSIT1.BMGM331.G0001V00
171550         93/04          GLS270UP    GLS902.OFFSIT1.BMVGL.G0002V00
171551         93/04          GLS270UP    GLS902.OFFSIT2.BMVGL.G0001V00
171552         93/04          GLS270UP    GLS902.OFFSIT1.BMVGL.G0002V00
171553         93/04          GLS270UP    GLS902.OFFSIT2.BMVGL.G0001V00
171556         93/04          GLS270UP    GLS902.OFFSIT2.SYSINLIB.MAR93
171557         93/04          GLS270UP    GLS902.OFFSIT1.SYSINLIB.MAR93
171558         93/04          GLS270UP    GLS902.OFFSIT1.GLDATA.MAR93
171559         93/04          GLS270UP    GLS902.OFFSIT2.GLDATA.MAR93
171560         93/04          GLS270UP    GLS902.OFFSIT1.GLMAINT.MAR93
171561         93/04          GLS270UP    GLS902.OFFSIT2.GLMAINT.MAR93
171564         93/04          GLS270UP    GLS902.OFFSIT2.GLMAINT.MAR93
171565         93/04          GLS270UP    GLS902.OFFSIT1.GLMAINT.MAR93
171566         93/04          GLS270UP    GLS902.OFFSIT1.SYSINLIB.MAR93
171567         93/04          GLS270UP    GLS902.OFFSIT2.SYSINLIB.MAR93
171568         93/04          GLS270UP    GLS902.OFFSIT2.BMGBLDB.G0002V00
171569         93/04          GLS270UP    GLS902.OFFSIT1.BMGBLDB.G0002V00
171570         93/04          GLS270UP    GLS902.OFFSIT1.BMVGL.G0003V00
171571         93/04          GLS270UP    GLS902.OFFSIT2.BMVGL.G0003V00
171424         93/05          GLS270UP    GLS902.OFFSIT2.BMGM331.G0001V00
171429         93/05          GLS270UP    GLS902.OFFSIT1.BMGM331.G0001V00
171480         93/05          GLS270UP    GLS902.OFFSIT1.BMGM331.G0001V00
171481         93/05          GLS270UP    GLS902.OFFSIT2.BMGM331.G0001V00
171513         93/05          ASP200UP    MIS.ASP.J200.FAVERBK
171514         93/05          ASP200UP    MIS.ASP.J200.FAVERBK
171515         93/05          ASP200UP    MIS.ASP.J200.FAVERBK
171516         93/05          ASP200UP    MIS.ASP.J200.MONACTBK
171517         93/05          ASP223UP    ASP.J223.M9303
171518         93/05          ASP250UP    MIS.ASP.J250.FAVERBK.M9303
171519         93/05          ASP250UP    MIS.ASP.J250.JRNL30BK.M9303
171520         93/05          ASP250UP    MIS.ASP.J250.JRNL30BK.M9303
171521         93/05          ASC205UP    MIS.ASC.J205.FAVERBK.M9303
171522         93/05          ASC205UP    MIS.ASC.J205.M9303
171523         93/05          ASC205UP    MIS.ASC.J205.M9303
171524         93/05          ASC205UP    MIS.ASC.J205.M9303
171525         93/05          ASI205UP    ASI.J205.FAVERBK.M9303
171526         93/05          ASI210UP    MIS.ASI.J210.SEC.V3R2.SOURCEBK
171527         93/05          ASI205UP    ASI.J205.M9303
171528         93/05          ASI205UP    ASI.J205.FAVERBK.M9303
171529         93/05          ASC205UP    MIS.ASC.J205.M9303
171541         93/05          MEB286IP    MEB.J286.INVC.ARCH.CUST.M9110
171542         93/05          FAS280UP    FAS102.MONTHLY.D9304
171544         93/05          FAS280UP    FAS102.MONTHLY.D9304
171546         93/05          MEB286IP    MEEB.J286.INVC.ARCH.INVC.M9110
171549         93/05          ASP200UP    MIS.ASP.J200.FAVERBK 
171563         93/05          ASP200UP    MIS.ASP.J200.FAVERBK 
171579         93/05          ASP200UP    MIS.ASP.J200.FAVERBK 
171592         93/05          ASP200UP    MIS.ASP.J200.MONACTBK
171593         93/05          ASP223UP    ASP.J223.M9305
171594         93/05          ASP250UP    MIS.ASP.J250.FAVERBK.M9304
171595         93/05          ASP250UP    MIS.ASP.J250.JRNL30BK.M9304
171596         93/05          ASC205UP    MIS.ASC.J205.FAVERBK.M9304
171597         93/05          ASC205UP    MIS.ASC.J205.M9304
171598         93/05          ASC205UP    MIS.ASC.J205.M9304
171599         93/05          ASC205UP    MIS.ASC.J205.M9304
171600         93/05          ASI205UP    ASI.J205.FAVERBK.M9304
171601         93/05          ASI205UP    ASI.J205.M9304
171602         93/05          ASI210UP    MIS.ASI.J210.SEC.V3R2.SOURCEBK
171604         93/05          ASI205UP    ASI.J205.FAVERBK.M9304
171606         93/05          ARS210UP    ARS520.MONTHLY.D043093
171607         93/05          ARS210UP    ARS520.MONTHLY.D043093
171608         93/05          ARS210UP    ARS520.MONTHEND.D043093
171610         93/05          ARS210UP    ARS520.MONTHEND.D043093
171586         93/05          GLS862XX    GLS862.USER.GLDATA
171587         93/05          GLS862XX    GLS862.USER.GLDATA
171588         93/05          GLS902DC    GLS902.DC9001.DATA
171590         93/05          GLS902GL    GLS902.GL9002.DATA
171591         93/05          GLS902IE    GLS902.IE9001.DATA
171603         93/05          GLS270UP    GLS902.OFFSIT1.BMVGL.G0001V00
171605         93/05          GLS270UP    GLS902.OFFSIT1.BMVGL.G0001V00
171618         93/05          GLS270UP    GLS902.OFFSIT1.BMGBLDB.G0001V00
171619         93/05          GLS270UP    GLS902.OFFSIT2.BMGBLDB.G0001V00
171620         93/05          GLS270UP    GLS902.OFFSIT2.BMGBLDB.G0001V00
171621         93/05          GLS270UP    GLS902.OFFSIT1.BMGBLDB.G0001V00
171623         93/05          GLS270UP    GLS902.OFFSIT2.BMGM331.G0001V00
171625         93/05          GLS270UP    GLS902.OFFSIT1.SYSINLIB.APR93
171626         93/05          GLS270UP    GLS902.OFFSIT2.SYSINLIB.APR93
171631         93/05          GLS270UP    GLS902.OFFSIT2.GLMAINT.APR93
171632         93/05          GLS270UP    GLS902.OFFSIT1.GLMAINT.APR93
171633         93/05          GLS270UP    GLS902.OFFSIT2.GLDATA.APR93
171634         93/05          GLS270UP    GLS902.OFFSIT1.GLDATA.APR93
171624         93/05          GLS270UP    GLS902.OFFSIT1.BMGM331.G0001V00
171656         93/06          FAS280UP    FAS102.MONTHLY.D9305
171657         93/06          FAS280UP    FAS102.MONTHLY.D9305
171659         93/06          GLS270UP    GLS902.OFFSIT1.BMVGL.G0001V00
171680         93/06          ASP250UP    MIS.ASP.J250.MONACTBK.M9305
171681         93/06          ASI205UP    ASI.J205.FAVERBK.M9305
171682         93/06          ASI205UP    ASI.J205.FAVERBK.M9305
171683         93/06          ASI205UP    ASI.J205.FAVERBK.M9305
171684         93/06          ASI210UP    MIS.ASI.J210.SEC.V3R2.SOURCEBK
171687         93/06          ARS210UP    ARS520.MONTHLY.D053193
171688         93/06          ARS210UP    ARS520.MONTHLY.D053193
171690         93/06          ARS210UP    ARS520.MONTHEND.D053193
171691         93/06          GLS270UP    GLS902.OFFSIT2.BMGBLDB.G0001V00
171692         93/06          GLS270UP    GLS902.OFFSIT1.BMGBLDB.G0001V00
171693         93/06          GLS270UP    GLS902.OFFSIT2.SYSINLIB.MAY93
171694         93/06          GLS270UP    GLS902.OFFSIT1.SYSINLIB.MAY93
171695         93/06          GLS270UP    GLS902.OFFSIT1.GLDATA.MAY93
171696         93/06          GLS270UP    GLS902.OFFSIT2.GLDATA.MAY93
171697         93/06          GLS270UP    GLS902.OFFSIT1.GLMAINT.MAY93
171698         93/06          GLS270UP    GLS902.OFFSIT2.GLMAINT.MAY93
171699         93/06          ARS210UP    ARS520.MONTHEND.D053193
170541         93/07          ASP250UP    MIS.ASP.J250.MONACTBK.M9306
170542         93/07          ASI205UP    ASI.J205.FAVERBK.M9306
170543         93/07          ASI205UP    ASI.J205.FAVERBK.M9306
170545         93/07          ASI205UP    ASI.J205.FAVERBK.M9306
171673         93/07          ARS210UP    ARS520.MONTHEND.D063093
171674         93/07          ARS210UP    ARS520.MONTHEND.D063093
171678         93/07          FAS280UP    FAS102.MONTHLY.D9306
171679         93/07          FAS280UP    FAS102.MONTHLY.D9306
171035         93/07          ASI210UP    MIS.ASI.J210.SEC.V3R2.SOURCEBK
171627         93/07          ARS210UP    ARS520.MONTHLY.D063093
171629         93/07          ARS210UP    ARS520.MONTHLY.D063093
171713         93/07          GLS270UP    GLS902.OFFSIT1.BMGBLDB.G0001V00
171714         93/07          GLS270UP    GLS902.OFFSIT2.BMGBLDB.G0001V00
171715         93/07          GLS270UP    GLS902.OFFSIT2.SYSINLIB.JUN93
171716         93/07          GLS270UP    GLS902.OFFSIT1.SYSINLIB.JUN93
171717         93/07          GLS270UP    GLS902.OFFSIT1.GLDATA.JUN93
171718         93/07          GLS270UP    GLS902.OFFSIT2.GLDATA.JUN93
171719         93/07          GLS270UP    GLS902.OFFSIT1.GLMAINT.JUN93
171720         93/07          GLS270UP    GLS902.OFFSIT1.BMVGL.G0001V00
171721         93/07          GLS270UP    GLS902.OFFSIT2.GLMAINT.JUN93
171746         93/08          FAS280UP    FAS102.MONTHLY.D9307
171747         93/08          FAS280UP    FAS102.MONTHLY.D9307
171751         93/08          ASP250UP    MIS.ASP.J250.MONACTBK.M9307
171752         93/08          ASI205UP    ASI.J205.FAVERBK.M9307
171753         93/08          ASI205UP    ASI.J205.FAVERBK.M9307
171754         93/08          ASI205UP    ASI.J205.FAVERBK.M9307
171755         93/08          ASI210UP    MIS.ASI.J210.SEC.V3R2.SOURCEBK
171760         93/08          ARS210UP    ARS520.MONTHLY.D073193
171761         93/08          ARS210UP    ARS520.MONTHLY.D073193
171762         93/08          ARS210UP    ARS520.MONTHEND.D073193
171763         93/08          ARS210UP    ARS520.MONTHEND.D073193
171755         93/08          GLS270UP    GLS902.OFFSIT1.BMVGL.G0001V00
171776         93/08          GLS270UP    GLS902.OFFSIT1.BMGBLDB.G0001V00
171777         93/08          GLS270UP    GLS902.OFFSIT2.BMGBLDB.G0001V00
171780         93/08          GLS270UP    GLS902.OFFSIT2.GLDATA.JUL93
171781         93/08          GLS270UP    GLS902.OFFSIT1.GLDATA.JUL93
171782         93/08          GLS270UP    GLS902.OFFSIT2.SYSINLIB.JUL93
171783         93/08          GLS270UP    GLS902.OFFSIT1.SYSINLIB.JUL93
171788         93/08          GLS270UP    GLS902.OFFSIT2.GLMAINT.JUL93
171789         93/08          GLS270UP    GLS902.OFFSIT1.GLMAINT.JUL93
171748         93/09          FAS280UP    FAS102.MONTHLY.D9308
171815         93/09          FAS280UP    FAS102.MONTHLY.D9308
171816         93/09          FAS280UP    FAS102.MONTHLY.D9308
171847         93/09          GLS270UP    GLS902.OFFSIT1.BMVGL.G0001V00
171848         93/09          GLS270UP    GLS902.OFFSIT2.BMGBLDB.G0001V00
171849         93/09          GLS270UP    GLS902.OFFSIT1.BMGBLDB.G0001V00
171852         93/09          GLS270UP    GLS902.OFFSIT1.SYSINLIB.AUG93
171853         93/09          GLS270UP    GLS902.OFFSIT2.SYSINLIB.AUG93
171854         93/09          GLS270UP    GLS902.OFFSIT1.GLDATA.AUG93
171855         93/09          GLS270UP    GLS902.OFFSIT2.GLDATA.AUG93
171856         93/09          GLS270UP    GLS902.OFFSIT1.GLMAINT.AUG93
171858         93/09          GLS270UP    GLS902.OFFSIT2.GLMAINT.AUG93
    5 `X