                                    TYMNET
                       PRIVATE NETWORK SYSTEMS ANALYSIS
                                   MAY 1988



               HOST 22         HOST 26         HOST 31         HOST 37
===============================================================================
MODEL / MEM:   KL  2048K       KL  4096K       KL  2048K       KL  4096K

TOTAL DRIVES:     16              20              16              20

ONLINE DRVS:      14              16              14              16

FREE PACKS:       2                4               2               4

DASD TYPE:    MEM 3352         MEM 3352        MEM 3350        MEM 3350

AVG PGS AVAIL: 191,868         *75,915          61,838          193,755

TOTAL FILES:    64,537          75,643          66,185           75,805

TOTAL PAGES:  1,245,162       1,586,567       1,376,691        1,471,070

PRIME TRU'S: 2,415,145      *12,263,499     *8,203,912         6,249,834

NON-P TRU'S:   557,446      *3,672,622      *1,043,441         2,988,655

TOTAL USERS:     501             440             521              580

AVG JOBS:       16.80           61.81           32.11            61.52

MAX JOBS:        29              116             54               101

AVG CPU:        23.89%          63.93%          39.16%           52.74%

MAX CPU:        100%             100%            100%             100%

TOP USERS:
        1)    ANZNET          OPER            TNSCTRAIN       ANZNET
        2)    PJ              GBRADING        INSCODE         OPER
        3)    BETATEST        TRAINLAB        OPER            TECHSERV
        4)    OPER            TECHTRAIN       PJ              SSTANKEY
        5)    JBRIDGES        WRONSTADT       TECHTRAIN       PJ
        6)    SOURCE          PJ              NCF             BETATEST
        7)    BDACODES        BILLING10       BETATEST        CIDNCODE
        8)    SRA             VACODE          GMINTEL         BILLING10
        9)    BILLING10       NCF             CAPCODE         ATKATSHJ
       10)    BSTALING        JMS             SOURCE          EXXNET
                              DOUGE
