
: 
: 
: 
: 
SYSTEM UNAVAILABLE
: 
SYSTEM UNAVAILABLE
: 
SYSTEM UNAVAILABLE
: 
SYSTEM UNAVAILABLE
: 
CIRCUIT ZAPPED - ABORTING,  SYSTEM 23

: 
CIRCUIT ZAPPED - ABORTING,  SYSTEM 23

: 
COPY STARTING

(BRUCES:34)SCLK2.NIB COPIED TO (BRUCES:26)SCLK2.NIB

3218 (2822) CHARS. TRANSMITTED

: 
COPY STARTING

(BRUCES:34)SCLK2.NAD COPIED TO (BRUCES:26)SCLK2.NAD

7682 (6723) CHARS. TRANSMITTED

: 
CIRCUIT ZAPPED - ABORTING,  SYSTEM 30

: 
CIRCUIT ZAPPED - ABORTING,  SYSTEM 30

: 
REPLACING FILE (BRUCES:33)SCLK2.NIB

COPY STARTING

(BRUCES:34)SCLK2.NIB COPIED TO (BRUCES:33)SCLK2.NIB

3218 (2822) CHARS. TRANSMITTED

: 
COPY STARTING

(BRUCES:34)SCLK2.NAD COPIED TO (BRUCES:33)SCLK2.NAD

7682 (6723) CHARS. TRANSMITTED

: 
"COPY TO" AND "COPY FROM" SYSTEM MUST NOT BE THE SAME.

: 
"COPY TO" AND "COPY FROM" SYSTEM MUST NOT BE THE SAME.

: 
CIRCUIT ZAPPED - ABORTING,  SYSTEM 38

: 
CIRCUIT ZAPPED - ABORTING,  SYSTEM 38

: 
CIRCUIT ZAPPED - ABORTING,  SYSTEM 74

: 
CIRCUIT ZAPPED - ABORTING,  SYSTEM 74

: 