
: 
: 
: 
: 
REPLACING FILE (OSMAN:23)MAIL.FWD

COPY STARTING

(OSMAN:74)MAIL.FWD COPIED TO (OSMAN:23)MAIL.FWD

14 (24) CHARS. TRANSMITTED

: 
REPLACING FILE (OSMAN:26)MAIL.FWD

COPY STARTING

(OSMAN:74)MAIL.FWD COPIED TO (OSMAN:26)MAIL.FWD

14 (24) CHARS. TRANSMITTED

: 
REPLACING FILE (OSMAN:30)MAIL.FWD

COPY STARTING

(OSMAN:74)MAIL.FWD COPIED TO (OSMAN:30)MAIL.FWD

14 (24) CHARS. TRANSMITTED

: 
REPLACING FILE (OSMAN:33)MAIL.FWD

COPY STARTING

(OSMAN:74)MAIL.FWD COPIED TO (OSMAN:33)MAIL.FWD

14 (24) CHARS. TRANSMITTED

: 
REPLACING FILE (OSMAN:34)MAIL.FWD

COPY STARTING

(OSMAN:74)MAIL.FWD COPIED TO (OSMAN:34)MAIL.FWD

14 (24) CHARS. TRANSMITTED

: 
REPLACING FILE (OSMAN:38)MAIL.FWD

COPY STARTING

(OSMAN:74)MAIL.FWD COPIED TO (OSMAN:38)MAIL.FWD

14 (24) CHARS. TRANSMITTED

: 
REPLACING FILE (OSMAN:56)MAIL.FWD

COPY STARTING

(OSMAN:74)MAIL.FWD COPIED TO (OSMAN:56)MAIL.FWD

14 (24) CHARS. TRANSMITTED

: 
REPLACING FILE (OSMAN:14)MAIL.FWD

COPY STARTING

(OSMAN:74)MAIL.FWD COPIED TO (OSMAN:14)MAIL.FWD

14 (24) CHARS. TRANSMITTED

: 
REPLACING FILE (OSMAN:17)MAIL.FWD

COPY STARTING

(OSMAN:74)MAIL.FWD COPIED TO (OSMAN:17)MAIL.FWD

14 (24) CHARS. TRANSMITTED

: 
REPLACING FILE (OSMAN:32)MAIL.FWD

COPY STARTING

(OSMAN:74)MAIL.FWD COPIED TO (OSMAN:32)MAIL.FWD

14 (24) CHARS. TRANSMITTED

: 
REPLACING FILE (OSMAN:37)MAIL.FWD

COPY STARTING

(OSMAN:74)MAIL.FWD COPIED TO (OSMAN:37)MAIL.FWD

14 (24) CHARS. TRANSMITTED

: 