!r dskcln

     D-S-K-C-L-N   version 37(110)

SYSTEM IS NOT IN AUTO-RESTART.
ONLY CHECKING FUNCTION WILL BE PERFORMED.
DSKB MODE CODE: 7

D25-P035/D-7
DSKB.  MODE: FULL.     ANALYSIS BEGUN AT  02:52:02  21-JAN-1989 GMT     UPTIME = 297 MINUTES

(TYMNET)ND2473.N01[21477,175251] unit 14 page 1474  DSKCLN detected hole
Unit DSKB14 page 1474 index 73, value 46,556560  reason   MUP

(TYMNET)ND2710.N01[21477,175251] unit 14 page 6050  DSKCLN detected hole
Unit DSKB14 page 6050 index 73, value 46,556560  reason   MUP
(TYMNET)ND2710.N01[21477,175251] unit 14 page 6050  DSKCLN detected hole
Unit DSKB14 page 6050 index 74, value 46,556560  reason   MUP
(TYMNET)ND2710.N01[21477,175251] unit 14 page 6050  DSKCLN detected hole
Unit DSKB14 page 6050 index 75, value 46,556560  reason   MUP
(TYMNET)ND2710.N01[21477,175251] unit 14 page 6050  DSKCLN detected hole
Unit DSKB14 page 6050 index 76, value 46,556560  reason   MUP
(TYMNET)ND2710.N01[21477,175251] unit 14 page 6050  DSKCLN detected hole
Unit DSKB14 page 6050 index 77, value 46,556560  reason   MUP
(TYMNET)ND2710.N01[21477,175251] unit 14 page 6050  DSKCLN detected hole
Unit DSKB14 page 6050 index 100, value 46,556560  reason   MUP
(TYMNET)ND2710.N01[21477,175251] unit 14 page 6050  DSKCLN detected hole
Unit DSKB14 page 6050 index 134, value 46,556560  reason   MUP
(TYMNET)ND2710.N01[21477,175251] unit 14 page 6050  DSKCLN detected hole
Unit DSKB14 page 6050 index 135, value 46,556560  reason   MUP
(TYMNET)ND2710.N01[21477,175251] unit 14 page 6050  DSKCLN detected hole
Unit DSKB14 page 6050 index 136, value 46,556560  reason   MUP
(TYMNET)ND2710.N01[21477,175251] unit 14 page 6050  DSKCLN detected hole
Unit DSKB14 page 6050 index 137, value 46,556560  reason   MUP

(TYMNET)BK3572.BND[21477,175251] unit 14 page 12721  DSKCLN detected hole
Unit DSKB14 page 12721 index 56, value 46,556560  reason   MUP

(TYMNET)ND4525.N01[21477,175251] unit 14 page 12223  DSKCLN detected hole
Unit DSKB14 page 12223 index 137, value 46,556560  reason   MUP

(TYMNET)ND2576.N00[21477,175251] unit 14 page 12257  DSKCLN detected hole
Unit DSKB14 page 12257 index 135, value 46,556560  reason   MUP

(TYMNET)ND2335.TYM[21477,175251] unit 14 page 10724  DSKCLN detected hole
Unit DSKB14 page 10724 index 52, value 46,556560  reason   MUP

(TYMNET)ND2576.N01[21477,175251] unit 14 page 12460  DSKCLN detected hole
Unit DSKB14 page 12460 index 215, value 46,556560  reason   MUP
(TYMNET)ND2576.N01[21477,175251] unit 14 page 12460  DSKCLN detected hole
Unit DSKB14 page 12460 index 216, value 46,556560  reason   MUP
(TYMNET)ND2576.N01[21477,175251] unit 14 page 12460  DSKCLN detected hole
Unit DSKB14 page 12460 index 217, value 46,556560  reason   MUP
(TYMNET)ND2576.N01[21477,175251] unit 14 page 12460  DSKCLN detected hole
Unit DSKB14 page 12460 index 220, value 46,556560  reason   MUP

(TYMNET)NW3132.TYM[21477,175251] unit 14 page 11340  DSKCLN detected hole
Unit DSKB14 page 11340 index 51, value 46,556560  reason   MUP

(TYMNET)ND3723.N01[21477,175251] unit 14 page 16230  DSKCLN detected hole
Unit DSKB14 page 16230 index 52, value 46,556560  reason   MUP

(TYMNET)ND2744.N02[21477,175251] unit 4 page 72655  DSKCLN detected hole
Unit DSKB4 page 72655 index 122, value 46,556560  reason   MUP

(TYMNET)ND2541.BND[21477,175251] unit 14 page 5050  DSKCLN detected hole
Unit DSKB14 page 5050 index 105, value 46,556560  reason   MUP

(TYMNET)ND2036.N01[21477,175251] unit 0 page 34730  DSKCLN detected hole
Unit DSKB0 page 34730 index 125, value 46,556560  reason   MUP

(TYMNET)ND2335.CMD[21477,175251] unit 14 page 17734  DSKCLN detected hole
Unit DSKB14 page 17734 index 51, value 46,556560  reason   MUP

(TYMNET)ND3613.BND[21477,175251] unit 14 page 13455  DSKCLN detected hole
Unit DSKB14 page 13455 index 160, value 46,556560  reason   MUP

(TYMNET)ND3513.TMP[21477,175251] unit 2 page 75761  UFD ALLOCATION MISMATCH
(TYMNET)ND3513.TMP[21477,175251] unit 2 page 75761  ALLOCATION WRONG
(TYMNET)ND3513.TMP[21477,175251] unit 2 page 75761  EOF MISMATCH

(TYMNET)ND2721.BND[21477,175251] unit 14 page 15200  DSKCLN detected hole
Unit DSKB14 page 15200 index 51, value 46,556560  reason   MUP
(TYMNET)ND2721.BND[21477,175251] unit 14 page 15200  DSKCLN detected hole
Unit DSKB14 page 15200 index 54, value 46,556560  reason   MUP

(TYMNET)ND4124.BND[21477,175251] unit 14 page 3107  DSKCLN detected hole
Unit DSKB14 page 3107 index 106, value 46,556560  reason   MUP
(TYMNET)ND4124.BND[21477,175251] unit 14 page 3107  DSKCLN detected hole
Unit DSKB14 page 3107 index 215, value 46,556560  reason   MUP
(TYMNET)ND4124.BND[21477,175251] unit 14 page 3107  DSKCLN detected hole
Unit DSKB14 page 3107 index 216, value 46,556560  reason   MUP

(TYMNET)ND4727.N01[21477,175251] unit 14 page 15226  DSKCLN detected hole
Unit DSKB14 page 15226 index 51, value 46,556560  reason   MUP

(TYMNET)ND3513.T01[21477,175251] unit 14 page 21174  DSKCLN detected hole
Unit DSKB14 page 21174 index 51, value 46,556560  reason   MUP
(TYMNET)ND3513.T01[21477,175251] unit 14 page 21174  DSKCLN detected hole
Unit DSKB14 page 21174 index 53, value 46,556560  reason   MUP
(TYMNET)ND3513.T01[21477,175251] unit 14 page 21174  DSKCLN detected hole
Unit DSKB14 page 21174 index 54, value 46,556560  reason   MUP
(TYMNET)ND3513.T01[21477,175251] unit 14 page 21174  DSKCLN detected hole
Unit DSKB14 page 21174 index 55, value 46,556560  reason   MUP

(TYMNET)NW2646.BND[21477,175251] unit 14 page 12775  DSKCLN detected hole
Unit DSKB14 page 12775 index 110, value 46,556560  reason   MUP
(TYMNET)NW2646.BND[21477,175251] unit 14 page 12775  DSKCLN detected hole
Unit DSKB14 page 12775 index 111, value 46,556560  reason   MUP
(TYMNET)NW2646.BND[21477,175251] unit 14 page 12775  DSKCLN detected hole
Unit DSKB14 page 12775 index 122, value 46,556560  reason   MUP

[21477,175251].UFD[1,1] unit 4 page 12  USED COUNT INCORRECT

(OSMAN)DSKCLN.LOG[3,156346] unit 14 page 13344  NOT MARKED IN SAT
(OSMAN)DSKCLN.LOG[3,156346] unit 14 page 13344  WRONG UFD TIME
[3,156346].UFD[1,1] unit 6 page 1650  USED COUNT INCORRECT

[21476,607171].UFD[1,1] unit 2 page 2200  USED COUNT INCORRECT

(UN1)012189.SAT[6,270] unit 14 page 15763  NOT MARKED IN SAT
(UN1)012189.SAT[6,270] unit 1 page 13170  Bad retrieval pointer
Unit DSKB1 page 13170 index 122, value 200030,17652  reason  FMUP
(UN1)012189.SAT[6,270] unit 1 page 13170  UFD ALLOCATION MISMATCH
(UN1)012189.SAT[6,270] unit 1 page 13170  ALLOCATION WRONG
[6,270].UFD[1,1] unit 6 page 3060  USED COUNT INCORRECT

(NETCON)ND2307.DS1[21477,175306] unit 14 page 21116  DSKCLN detected hole
Unit DSKB14 page 21116 index 160, value 46,556560  reason   MUP

(NETCON)ND2114.DS1[21477,175306] unit 14 page 231540  DSKCLN detected hole
Unit DSKB14 page 231540 index 243, value 46,556560  reason   MUP

(SOURCE)BBXS07.R01[21476,404152] unit 5 page 70743  WRONG UFD BITS1

(SOURCE)BBXS07.T01[21476,404152] unit 1 page 136535  WRONG UFD BITS1

(SOURCE)BBXS07.H01[21476,404152] unit 1 page 137727  WRONG UFD BITS1

(SOURCE)I2T105.D05[21476,404152] unit 7 page 153223  WRONG UFD BITS1

(SOURCE)I2T105.T05[21476,404152] unit 7 page 134641  WRONG UFD BITS1

(SOURCE)DINS01.L00[21476,404152] unit 7 page 135525  WRONG UFD BITS1

(SOURCE)DINS01.R00[21476,404152] unit 7 page 136314  WRONG UFD BITS1

(SOURCE)DINS01.I00[21476,404152] unit 7 page 140675  WRONG UFD BITS1

(SOURCE)I2T105.T03[21476,404152] unit 7 page 145235  WRONG UFD BITS1

(SOURCE)I2T105.C03[21476,404152] unit 7 page 146011  WRONG UFD BITS1

(SOURCE)TIIS04.WRT[21476,404152] unit 7 page 152002  WRONG UFD BITS1

(CCHUNG)023PEA.001[44062,526626] unit 14 page 224  DSKCLN detected hole
Unit DSKB14 page 224 index 66, value 46,556560  reason   MUP

(INTRESG)SMAE [44062,136325] unit 14 page 7576  DSKCLN detected hole
Unit DSKB14 page 7576 index 64, value 46,556560  reason   MUP
(INTRESG)SMAE [44062,136325] unit 14 page 7576  DSKCLN detected hole
Unit DSKB14 page 7576 index 65, value 46,556560  reason   MUP

[44062,136325].UFD[1,1] unit 4 page 4444  USED COUNT INCORRECT

(RFLEISHER)ND3322.T03[44062,407457] unit 14 page 14653  DSKCLN detected hole
Unit DSKB14 page 14653 index 51, value 46,556560  reason   MUP

[44062,407457].UFD[1,1] unit 11 page 4444  USED COUNT INCORRECT

(EST)BB2440.BND[36620,75314] unit 5 page 44001  DSKCLN detected hole
Unit DSKB5 page 44001 index 124, value 46,556560  reason   MUP
(EST)BB2440.BND[36620,75314] unit 5 page 44001  DSKCLN detected hole
Unit DSKB5 page 44001 index 125, value 46,556560  reason   MUP

(RMKRUL)BK4671.N03[44060,270446] unit 14 page 21122  DSKCLN detected hole
Unit DSKB14 page 21122 index 62, value 46,556560  reason   MUP

[44060,270446].UFD[1,1] unit 3 page 5324  USED COUNT INCORRECT

(TRTNET)ND3005.BND[44261,346250] unit 14 page 102474  DSKCLN detected hole
Unit DSKB14 page 102474 index 51, value 46,556560  reason   MUP

(SLIBUTI)DATATP.MPD[34355,546513] unit 7 page 74301  DSKCLN detected hole
Unit DSKB7 page 74301 index 51, value 46,556560  reason   MUP

[34355,546513].UFD[1,1] unit 13 page 5500  USED COUNT INCORRECT

(SLIBDEV)SJCINI.R30[34355,546522] unit 14 page 4007  DSKCLN detected hole
Unit DSKB14 page 4007 index 74, value 46,556560  reason   MUP

(SLIBPRO)DPXMPD.R10[34355,546504] unit 14 page 17553  DSKCLN detected hole
Unit DSKB14 page 17553 index 62, value 46,556560  reason   MUP

(BETATEST)ONTM23.R2D[21476,404153] unit 14 page 6757  DSKCLN detected hole
Unit DSKB14 page 31065 index 5, value 46,556560  reason   MUP
(BETATEST)ONTM23.R2D[21476,404153] unit 14 page 6757  DSKCLN detected hole
Unit DSKB14 page 31065 index 7, value 46,556560  reason   MUP
(BETATEST)ONTM23.R2D[21476,404153] unit 14 page 6757  DSKCLN detected hole
Unit DSKB14 page 31065 index 10, value 46,556560  reason   MUP
(BETATEST)ONTM23.R2D[21476,404153] unit 14 page 6757  DSKCLN detected hole
Unit DSKB14 page 31065 index 13, value 46,556560  reason   MUP
(BETATEST)ONTM23.R2D[21476,404153] unit 14 page 6757  DSKCLN detected hole
Unit DSKB14 page 31065 index 20, value 46,556560  reason   MUP

[11334,551052].UFD[1,1] unit 5 page 67257  USED COUNT INCORRECT

(SUPDEV)SUPSPR.DOC[11334,366127] unit 14 page 32407  DSKCLN detected hole
Unit DSKB14 page 32407 index 172, value 46,556560  reason   MUP
(SUPDEV)SUPSPR.DOC[11334,366127] unit 14 page 32407  DSKCLN detected hole
Unit DSKB14 page 32407 index 173, value 46,556560  reason   MUP

(ISISPCM)ND2111.N01[37071,27056] unit 14 page 3754  DSKCLN detected hole
Unit DSKB14 page 3754 index 270, value 46,556560  reason   MUP
(ISISPCM)ND2111.N01[37071,27056] unit 14 page 3754  DSKCLN detected hole
Unit DSKB14 page 3754 index 271, value 46,556560  reason   MUP
(ISISPCM)ND2111.N01[37071,27056] unit 14 page 3754  DSKCLN detected hole
Unit DSKB14 page 3754 index 272, value 46,556560  reason   MUP
(ISISPCM)ND2111.N01[37071,27056] unit 14 page 3754  DSKCLN detected hole
Unit DSKB14 page 3754 index 273, value 46,556560  reason   MUP
(ISISPCM)ND2111.N01[37071,27056] unit 14 page 3754  DSKCLN detected hole
Unit DSKB14 page 3754 index 274, value 46,556560  reason   MUP
(ISISPCM)ND2111.N01[37071,27056] unit 14 page 3754  DSKCLN detected hole
Unit DSKB14 page 3754 index 467, value 46,556560  reason   MUP
(ISISPCM)ND2111.N01[37071,27056] unit 14 page 3754  DSKCLN detected hole
Unit DSKB14 page 3754 index 470, value 46,556560  reason   MUP
(ISISPCM)ND2111.N01[37071,27056] unit 14 page 3754  DSKCLN detected hole
Unit DSKB14 page 3754 index 471, value 46,556560  reason   MUP
(ISISPCM)ND2111.N01[37071,27056] unit 14 page 3754  DSKCLN detected hole
Unit DSKB14 page 3754 index 472, value 46,556560  reason   MUP
(ISISPCM)ND2111.N01[37071,27056] unit 14 page 3754  DSKCLN detected hole
Unit DSKB14 page 3754 index 473, value 46,556560  reason   MUP

(ISISPCM)ND2120.N03[37071,27056] unit 14 page 14566  DSKCLN detected hole
Unit DSKB14 page 14566 index 51, value 46,556560  reason   MUP
(ISISPCM)ND2120.N03[37071,27056] unit 14 page 14566  DSKCLN detected hole
Unit DSKB14 page 14566 index 52, value 46,556560  reason   MUP
(ISISPCM)ND2120.N03[37071,27056] unit 14 page 14566  DSKCLN detected hole
Unit DSKB14 page 14566 index 53, value 46,556560  reason   MUP
(ISISPCM)ND2120.N03[37071,27056] unit 14 page 14566  DSKCLN detected hole
Unit DSKB14 page 14566 index 67, value 46,556560  reason   MUP
(ISISPCM)ND2120.N03[37071,27056] unit 14 page 14566  DSKCLN detected hole
Unit DSKB14 page 14566 index 441, value 46,556560  reason   MUP
(ISISPCM)ND2120.N03[37071,27056] unit 14 page 14566  DSKCLN detected hole
Unit DSKB14 page 14566 index 442, value 46,556560  reason   MUP
(ISISPCM)ND2120.N03[37071,27056] unit 14 page 14566  DSKCLN detected hole
Unit DSKB14 page 14566 index 443, value 46,556560  reason   MUP
(ISISPCM)ND2120.N03[37071,27056] unit 14 page 14566  DSKCLN detected hole
Unit DSKB14 page 14566 index 444, value 46,556560  reason   MUP
(ISISPCM)ND2120.N03[37071,27056] unit 14 page 14566  DSKCLN detected hole
Unit DSKB14 page 14566 index 445, value 46,556560  reason   MUP

(ISISPCM)ND2217.T02[37071,27056] unit 14 page 11417  DSKCLN detected hole
Unit DSKB14 page 11417 index 51, value 46,556560  reason   MUP

(ISISPCM)ND2121.N02[37071,27056] unit 14 page 15110  DSKCLN detected hole
Unit DSKB14 page 15110 index 57, value 46,556560  reason   MUP
(ISISPCM)ND2121.N02[37071,27056] unit 14 page 15110  DSKCLN detected hole
Unit DSKB14 page 15110 index 60, value 46,556560  reason   MUP
(ISISPCM)ND2121.N02[37071,27056] unit 14 page 15110  DSKCLN detected hole
Unit DSKB14 page 15110 index 241, value 46,556560  reason   MUP
(ISISPCM)ND2121.N02[37071,27056] unit 14 page 15110  DSKCLN detected hole
Unit DSKB14 page 15110 index 242, value 46,556560  reason   MUP
(ISISPCM)ND2121.N02[37071,27056] unit 14 page 15110  DSKCLN detected hole
Unit DSKB14 page 15110 index 244, value 46,556560  reason   MUP
(ISISPCM)ND2121.N02[37071,27056] unit 14 page 15110  DSKCLN detected hole
Unit DSKB14 page 15110 index 245, value 46,556560  reason   MUP

(ISISPCM)ND2147.N02[37071,27056] unit 14 page 13720  DSKCLN detected hole
Unit DSKB14 page 13720 index 75, value 46,556560  reason   MUP

(ISISPCM)BK2014.T02[37071,27056] unit 14 page 15047  DSKCLN detected hole
Unit DSKB14 page 15047 index 51, value 46,556560  reason   MUP
(ISISPCM)BK2014.T02[37071,27056] unit 14 page 15047  DSKCLN detected hole
Unit DSKB14 page 15047 index 52, value 46,556560  reason   MUP

(ISISPCM)ND2057.N03[37071,27056] unit 14 page 20020  DSKCLN detected hole
Unit DSKB14 page 20020 index 106, value 46,556560  reason   MUP
(ISISPCM)ND2057.N03[37071,27056] unit 14 page 20020  DSKCLN detected hole
Unit DSKB14 page 20020 index 107, value 46,556560  reason   MUP
(ISISPCM)ND2057.N03[37071,27056] unit 14 page 20020  DSKCLN detected hole
Unit DSKB14 page 20020 index 110, value 46,556560  reason   MUP
(ISISPCM)ND2057.N03[37071,27056] unit 14 page 20020  DSKCLN detected hole
Unit DSKB14 page 20020 index 111, value 46,556560  reason   MUP

[37071,27056].UFD[1,1] unit 4 page 6710  USED COUNT INCORRECT

(CAMPBELP)ND2217.N01[44054,214473] unit 14 page 21416  DSKCLN detected hole
Unit DSKB14 page 21416 index 64, value 46,556560  reason   MUP

(SUBMIT)881126.JQL[3,416154] unit 14 page 14001  DSKCLN detected hole
Unit DSKB14 page 14001 index 51, value 46,556560  reason   MUP
(SUBMIT)881126.JQL[3,416154] unit 14 page 14001  DSKCLN detected hole
Unit DSKB14 page 14001 index 55, value 46,556560  reason   MUP

(JJOELS)TYMLIN.DMI[11334,474103] unit 14 page 20676  DSKCLN detected hole
Unit DSKB14 page 20676 index 74, value 46,556560  reason   MUP
(JJOELS)TYMLIN.DMI[11334,474103] unit 14 page 20676  DSKCLN detected hole
Unit DSKB14 page 20676 index 112, value 46,556560  reason   MUP
(JJOELS)TYMLIN.DMI[11334,474103] unit 14 page 20676  DSKCLN detected hole
Unit DSKB14 page 20676 index 163, value 46,556560  reason   MUP

(JJOELS)TYMLU.DMI[11334,474103] unit 14 page 17202  DSKCLN detected hole
Unit DSKB14 page 17202 index 52, value 46,556560  reason   MUP

[11334,474103].UFD[1,1] unit 7 page 7240  USED COUNT INCORRECT

(CSPROUSE)TY3615.DM3[44054,34250] unit 14 page 1231  DSKCLN detected hole
Unit DSKB14 page 1231 index 56, value 46,556560  reason   MUP
(CSPROUSE)TY3615.DM3[44054,34250] unit 14 page 1231  DSKCLN detected hole
Unit DSKB14 page 1231 index 57, value 46,556560  reason   MUP
(CSPROUSE)TY3615.DM3[44054,34250] unit 14 page 1231  DSKCLN detected hole
Unit DSKB14 page 1231 index 74, value 46,556560  reason   MUP

[34355,512037].UFD[1,1] unit 7 page 7414  USED COUNT INCORRECT

(INSCODE)BACKUP.RPT[21477,101206] unit 14 page 15613  DSKCLN detected hole
Unit DSKB14 page 15613 index 51, value 46,556560  reason   MUP

[44060,666670].UFD[1,1] unit 4 page 7744  USED COUNT INCORRECT

(OPER)DAY4.D25[1,21] unit 14 page 1624  DSKCLN detected hole
Unit DSKB14 page 1624 index 61, value 46,556560  reason   MUP

[1,21].UFD[1,1] unit 2 page 10274  USED COUNT INCORRECT

(DIAG10D)INIT1.SAV[1,355614] unit 14 page 102  DSKCLN detected hole
Unit DSKB14 page 102 index 51, value 46,556560  reason   MUP

(APSSUP)LODSAV.LOG[21476,151426] unit 14 page 146443  DSKCLN detected hole
Unit DSKB14 page 146443 index 124, value 46,556560  reason   MUP

[44256,225441].UFD[1,1] unit 12 page 11000  USED COUNT INCORRECT

[44251,456341].UFD[1,1] unit 11 page 11660  USED COUNT INCORRECT

[10056,670610].UFD[1,1] unit 3 page 12034  USED COUNT INCORRECT

[44054,760342].UFD[1,1] unit 10 page 12210  USED COUNT INCORRECT

(SYS)SPAGES.SYS[1,4] unit 0 page 13  UFD ALLOCATION MISMATCH
(SYS)SPAGES.SYS[1,4] unit 0 page 13  ALLOCATION WRONG

(SYS)112688.DAT[1,4] unit 14 page 7542  DSKCLN detected hole
Unit DSKB14 page 7542 index 105, value 46,556560  reason   MUP
(SYS)112688.DAT[1,4] unit 14 page 7542  DSKCLN detected hole
Unit DSKB14 page 7542 index 106, value 46,556560  reason   MUP
(SYS)112688.DAT[1,4] unit 14 page 7542  DSKCLN detected hole
Unit DSKB14 page 7542 index 107, value 46,556560  reason   MUP
(SYS)112688.DAT[1,4] unit 14 page 7542  DSKCLN detected hole
Unit DSKB14 page 7542 index 110, value 46,556560  reason   MUP
(SYS)112688.DAT[1,4] unit 14 page 7542  DSKCLN detected hole
Unit DSKB14 7542 index 111, value 46,556560  reason   MUP

(SYS)LUD.BAD[1,4] unit 14 page 53  Other hole
Unit DSKB14 page 53 index 51, value 0,525563  reason  HOLE
(SYS)LUD.BAD[1,4] unit 14 page 53  UFD ALLOCATION MISMATCH
(SYS)LUD.BAD[1,4] unit 14 page 53  ALLOCATION WRONG

(SYS)012089.DAT[1,4] unit 0 page 65500  WRONG UFD TIME
(SYS)012089.DAT[1,4] unit 0 page 65500  WRONG UFD BITS1

(SYS)DRWSPR.EPO[1,4] unit 14 page 34315  NOT MARKED IN SAT
(SYS)DRWSPR.EPO[1,4] unit 14 page 4432  Bad retrieval pointer
Unit DSKB14 page 4432 index 67, value 200030,35125  reason  FMUP
(SYS)DRWSPR.EPO[1,4] unit 14 page 4432  Bad retrieval pointer
Unit DSKB14 page 4432 index 70, value 200030,35364  reason  FMUP
(SYS)DRWSPR.EPO[1,4] unit 14 page 4432  Bad retrieval pointer
Unit DSKB14 page 4432 index 71, value 200030,35365  reason  FMUP
(SYS)DRWSPR.EPO[1,4] unit 14 page 4432  Bad retrieval pointer
Unit DSKB14 page 4432 index 72, value 200030,35564  reason  FMUP
(SYS)DRWSPR.EPO[1,4] unit 14 page 4432  UFD ALLOCATION MISMATCH
(SYS)DRWSPR.EPO[1,4] unit 14 page 4432  ALLOCATION WRONG

(SYS)122288.DAT[1,4] unit 7 page 56464  DSKCLN detected hole
Unit DSKB7 page 56464 index 54, value 46,556560  reason   MUP

(SYS)112788.DAT[1,4] unit 14 page 12321  DSKCLN detected hole
Unit DSKB14 page 12321 index 105, value 46,556560  reason   MUP
(SYS)112788.DAT[1,4] unit 14 page 12321  DSKCLN detected hole
Unit DSKB14 page 12321 index 136, value 46,556560  reason   MUP

(SYS)120188.DAT[1,4] unit 14 page 35334  DSKCLN detected hole
Unit DSKB14 page 35334 index 62, value 46,556560  reason   MUP

(SYS)120888.DAT[1,4] unit 14 page 15524  DSKCLN detected hole
Unit DSKB14 page 15524 index 51, value 46,556560  reason   MUP

[1,4].UFD[1,1] unit 0 page 20712  USED COUNT INCORRECT

(MHEY)011PEA.001[27514,426414] unit 5 page 14122  DSKCLN detected hole
Unit DSKB5 page 14122 index 52, value 46,556560  reason   MUP
(MHEY)011PEA.001[27514,426414] unit 5 page 14122  DSKCLN detected hole
Unit DSKB5 page 14122 index 53, value 46,556560  reason   MUP
(MHEY)011PEA.001[27514,426414] unit 5 page 14122  DSKCLN detected hole
Unit DSKB5 page 14122 index 54, value 46,556560  reason   MUP
(MHEY)011PEA.001[27514,426414] unit 5 page 14122  DSKCLN detected hole
Unit DSKB5 page 14122 index 55, value 46,556560  reason   MUP

(JMS)ND4333.BAD[3,431116] unit 14 page 3106  ONLY RIPALC SET
(JMS)ND4333.BAD[3,431116] unit 14 page 3106  WRONG UFD BITS1
(JMS)ND4333.BAD[3,431116] unit 14 page 3106  UFD ALLOCATION MISMATCH
(JMS)ND4333.BAD[3,431116] unit 14 page 3106  ALLOCATION WRONG
(JMS)ND4333.BAD[3,431116] unit 14 page 3106  EOF MISMATCH

[3,431116].UFD[1,1] unit 3 page 13070  USED COUNT INCORRECT

(WUINET)BK3501.T01[44257,235242] unit 14 page 10477  DSKCLN detected hole
Unit DSKB14 page 10477 index 56, value 46,556560  reason   MUP
(WUINET)BK3501.T01[44257,235242] unit 14 page 10477  DSKCLN detected hole
Unit DSKB14 page 10477 index 57, value 46,556560  reason   MUP
(WUINET)BK3501.T01[44257,235242] unit 14 page 10477  DSKCLN detected hole
Unit DSKB14 page 10477 index 60, value 46,556560  reason   MUP
(WUINET)BK3501.T01[44257,235242] unit 14 page 10477  DSKCLN detected hole
Unit DSKB14 page 10477 index 61, value 46,556560  reason   MUP
(WUINET)BK3501.T01[44257,235242] unit 14 page 10477  DSKCLN detected hole
Unit DSKB14 page 10477 index 62, value 46,556560  reason   MUP
(WUINET)BK3501.T01[44257,235242] unit 14 page 10477  DSKCLN detected hole
Unit DSKB14 page 10477 index 63, value 46,556560  reason   MUP

(JORTIZ)HS2257.N01[1,450376] unit 14 page 4612  DSKCLN detected hole
Unit DSKB14 page 4612 index 111, value 46,556560  reason   MUP
(JORTIZ)HS2257.N01[1,450376] unit 14 page 4612  DSKCLN detected hole
Unit DSKB14 page 4612 index 112, value 46,556560  reason   MUP
(JORTIZ)HS2257.N01[1,450376] unit 14 page 4612  DSKCLN detected hole
Unit DSKB14 page 4612 index 113, value 46,556560  reason   MUP
(JORTIZ)HS2257.N01[1,450376] unit 14 page 4612  DSKCLN detected hole
Unit DSKB14 page 4612 index 152, value 46,556560  reason   MUP
(JORTIZ)HS2257.N01[1,450376] unit 14 page 4612  DSKCLN detected hole
Unit DSKB14 page 4612 index 167, value 46,556560  reason   MUP

(GONZALEZ)SUPER.DOC[27514,431132] unit 0 page 54274  DSKCLN detected hole
Unit DSKB0 page 54274 index 224, value 46,556560  reason   MUP
(GONZALEZ)SUPER.DOC[27514,431132] unit 0 page 54274  DSKCLN detected hole
Unit DSKB0 page 54274 index 514, value 46,556560  reason   MUP

(CCDR)SUP43.I03[11334,233364] unit 14 page 7615  DSKCLN detected hole
Unit DSKB14 page 7615 index 55, value 46,556560  reason   MUP
(CCDR)SUP43.I03[11334,233364] unit 14 page 7615  DSKCLN detected hole
Unit DSKB14 page 7615 index 56, value 46,556560  reason   MUP
(CCDR)SUP43.I03[11334,233364] unit 14 page 7615  DSKCLN detected hole
Unit DSKB14 page 7615 index 104, value 46,556560  reason   MUP
(CCDR)SUP43.I03[11334,233364] unit 14 page 7615  DSKCLN detected hole
Unit DSKB14 page 7615 index 105, value 46,556560  reason   MUP
(CCDR)SUP43.I03[11334,233364] unit 14 page 7615  DSKCLN detected hole
Unit DSKB14 page 7615 index 106, value 46,556560  reason   MUP

(SRA)CTYLOG.JAN[1,215254] unit 10 page 3212  DSKCLN detected hole
Unit DSKB10 page 3212 index 64, value 46,556560  reason   MUP
(SRA)CTYLOG.JAN[1,215254] unit 10 page 3212  DSKCLN detected hole
Unit DSKB10 page 3212 index 65, value 46,556560  reason   MUP

[1,215254].UFD[1,1] unit 4 page 14124  USED COUNT INCORRECT
[1,215254].UFD[1,1] unit 4 page 14124  MAXIMUM USED COUNT INCORRECT

(POSTECH)ND4744.N04[30455,463533] unit 14 page 21565  DSKCLN detected hole
Unit DSKB14 page 21565 index 65, value 46,556560  reason   MUP

(POSTECH)ND2775.N02[30455,463533] unit 14 page 12740  DSKCLN detected hole
Unit DSKB14 page 12740 index 51, value 46,556560  reason   MUP

(RHO)FCNCLR.TST[21476,30310] unit 14 page 21256  DSKCLN detected hole
Unit DSKB14 page 21256 index 51, value 46,556560  reason   MUP

[44054,417014].UFD[1,1] unit 12 page 45710  USED COUNT INCORRECT

(DBLACK)ND5262.N01[44060,471436] unit 14 page 16055  DSKCLN detected hole
Unit DSKB14 page 16055 index 55, value 46,556560  reason   MUP
(DBLACK)ND5262.N01[44060,471436] unit 14 page 16055  DSKCLN detected hole
Unit DSKB14 page 16055 index 61, value 46,556560  reason   MUP
(DBLACK)ND5262.N01[44060,471436] unit 14 page 16055  DSKCLN detected hole
Unit DSKB14 page 16055 index 141, value 46,556560  reason   MUP
(DBLACK)ND5262.N01[44060,471436] unit 14 page 16055  DSKCLN detected hole
Unit DSKB14 page 16055 index 142, value 46,556560  reason   MUP
(DBLACK)ND5262.N01[44060,471436] unit 14 page 16055  DSKCLN detected hole
Unit DSKB14 page 16055 index 143, value 46,556560  reason   MUP
(DBLACK)ND5262.N01[44060,471436] unit 14 page 16055  DSKCLN detected hole
Unit DSKB14 page 16055 index 144, value 46,556560  reason   MUP



D25-P035/D-7
DSKB.  MODE: FULL.     ANALYSIS BEGUN AT  03:38:30  21-JAN-1989 GMT     UPTIME = 343 MINUTES


? FILE ALLOCATION ERROR - A disk page is in use by more than one file.
Starting pass 2 to locate all other files using this page.
(ACTRTY)RTA056.DEC[4,134612] unit 5 page 13364  NOT MARKED IN SAT

(ACTRTY)RTC012.NOV[4,134612] unit 5 page 35621  NOT MARKED IN SAT

(TYMNET)ND2473.N01[21477,175251] unit 2 page 26423  NOT MARKED IN SAT

(TYMNET)ND2710.N01[21477,175251] unit 12 page 52554  NOT MARKED IN SAT

(TYMNET)BK3572.BND[21477,175251] unit 12 page 117063  NOT MARKED IN SAT

(TYMNET)ND4525.N01[21477,175251] unit 14 page 3174  NOT MARKED IN SAT

(TYMNET)ND2576.N00[21477,175251] unit 14 page 6776  NOT MARKED IN SAT

(TYMNET)ND3147.BND[21477,175251] unit 14 page 2224  NOT MARKED IN SAT

(TYMNET)ND2576.N01[21477,175251] unit 14 page 17533  NOT MARKED IN SAT

(TYMNET)ND3723.N01[21477,175251] unit 14 page 5440  NOT MARKED IN SAT

(TYMNET)ND2744.N02[21477,175251] unit 14 page 16005  NOT MARKED IN SAT

(TYMNET)ND3517.C03[21477,175251] unit 14 page 5465  NOT MARKED IN SAT

(TYMNET)ND2541.BND[21477,175251] unit 14 page 27367  NOT MARKED IN SAT

(TYMNET)ND2036.N01[21477,175251] unit 14 page 64574  NOT MARKED IN SAT

(TYMNET)ND4616.BND[21477,175251] unit 1 page 45374  NOT MARKED IN SAT

(TYMNET)ND2335.CMD[21477,175251] unit 2 page 30003  NOT MARKED IN SAT

(TYMNET)ND3613.BND[21477,175251] unit 14 page 24777  NOT MARKED IN SAT

(TYMNET)ND3513.TMP[21477,175251] unit 2 page 75761  UFD ALLOCATION MISMATCH
(TYMNET)ND3513.TMP[21477,175251] unit 2 page 75761  ALLOCATION WRONG
(TYMNET)ND3513.TMP[21477,175251] unit 2 page 75761  EOF MISMATCH

(TYMNET)ND3267.T01[21477,175251] unit 2 page 6165  NOT MARKED IN SAT

(TYMNET)ND4124.BND[21477,175251] unit 2 page 140437  NOT MARKED IN SAT

(TYMNET)ND4727.N01[21477,175251] unit 14 page 12441  RIB ERROR

(TYMNET)ND3513.T01[21477,175251] unit 14 page 21174  DSKCLN detected hole
Unit DSKB14 page 21174 index 51, value 46,556560  reason   MUP
(TYMNET)ND3513.T01[21477,175251] unit 14 page 21174  DSKCLN detected hole
Unit DSKB14 page 21174 index 53, value 46,556560  reason   MUP
(TYMNET)ND3513.T01[21477,175251] unit 14 page 21174  DSKCLN detected hole
Unit DSKB14 page 21174 index 54, value 46,556560  reason   MUP
(TYMNET)ND3513.T01[21477,175251] unit 14 page 21174  DSKCLN detected hole
Unit DSKB14 page 21174 index 55, value 46,556560  reason   MUP

(TYMNET)NW2646.BND[21477,175251] unit 14 page 12775  DSKCLN detected hole
Unit DSKB14 page 12775 index 110, value 46,556560  reason   MUP
(TYMNET)NW2646.BND[21477,175251] unit 14 page 12775  DSKCLN detected hole
Unit DSKB14 page 12775 index 111, value 46,556560  reason   MUP
(TYMNET)NW2646.BND[21477,175251] unit 14 page 12775  DSKCLN detected hole
Unit DSKB14 page 12775 index 122, value 46,556560  reason   MUP

[21477,175251].UFD[1,1] unit 4 page 12  USED COUNT INCORRECT


EXIT

!
!SEND OSMAN
Type letter:
; PCOM v1.63 - processed: (OSMAN)DSKCLN.LOG = (OSMAN)DSKCLN.CTL
   V WŒ