!PJ
Frame 34  TTY201  OSMAN[3,156346] at F26
----------
!ASS DSKB STR
DSKB assigned
----------
!TYP FNDBAD.RPT
[11334,317316].UFD(DECNET)      BDA 
(SWBNET)TII05.R10               HRE 

Legend:
  HRE: Hard Read Error (3 times)
  BDA: found Bad by Damage Assessment program (DSKCLN)
----------
!TSTSUP
$1B>>DATBRK   PAGE/   1   
USRNAM/   0   $"/UFD/
USRNAM+1/   0   
FNAME/   0   11334,,317316
FEXT/   0   $"/UFD/
RLOOK$X

<FOUND>
$1B>>DATBRK   PAGE/   200010,,5150   
RIBSTS[   0   D+RIBSTS[   400001,,400001   400000,,400000
WRITE$X
$1B>>DATBRK   PAGE/   200010,,5150   ^C
----------
!LKBDDT
FILE: (UFD).UFD

.RBNAM/   0   11334,,317316
.RBSTS/   0   
L$X

.RBSTS/   400000,,400000   R$X

^C
----------
!FNDBAD
Output file: 
Output to DSK:FNDBAD.RPT

EXIT

!TYP FNDBAD.RPT

!GF DECNET

!DIR/TOT

TOTAL PAGES 33696 FILES 1071

!DIR

DC2370  N01     135   7-OCT-88
DC2370  T02       5   7-OCT-88
DC2102  TYM       3   7-OCT-88
DC2372  N02     131   7-OCT-88
DC2212  BND      58   7-OCT-88
DC2212  TYM       4   7-OCT-88

!K
65.08 tru
terminal time: 0:17:30
