.DAY
5-JUL-1988 19:34:16 PDT

.DIR(TYMNET)NW2100.BND  

NW2100  BND      67   1-JUN-88

.DIR(TYMNET)NW2107.BND  

NW2107  BND      67   1-JUN-88

.DIR(TYMNET)NW2332.BND  

NW2332  BND      69   1-JUN-88

.DIR(TYMNET)NW2333.BND  

NW2333  BND      67   1-JUN-88

.DIR(TYMNET)NW3115.BND  

NW3115  BND      69   1-JUN-88

.DIR(TYMNET)NW3374.BND  

NW3374  BND      69   1-JUN-88

.DIR(TYMNET)NW4200.BND  

NW4200  BND      68   1-JUN-88

.DIR(TYMNET)NW4274.BND  

NW4274  BND      69   2-JUN-88

.DIR(TYMNET)NW4613.BND  

NW4613  BND      67   1-JUN-88

.DIR(TYMNET)NW4725.BND  

NW4725  BND      69   1-JUN-88

.;====================
.DIR(TYM5)NW5577.BND  

NW5577  BND      67  20-MAY-88

.DIR(TYM5)NW6415.BND  

NW6415  BND      69  14-JUN-88

.DIR(TYM5)NW6714.BND  

NW6714  BND      67  20-MAY-88

.DIR(TYM5)NW6716.BND  

NW6716  BND      69  20-MAY-88

.DIR(TYM5)NW6720.BND  

NW6720  BND      69  14-JUN-88

.DIR(TYM5)NW6721.BND  

NW6721  BND      69  20-MAY-88

.DIR(TYM5)NW6722.BND  

NW6722  BND      69  20-MAY-88

.DIR(TYM5)NW7004.BND  

NW7004  BND      69  20-MAY-88

.DIR(TYM5)NW7021.BND  

NW7021  BND      69  20-MAY-88

.DIR(TYM5)NW7165.BND  

NW7165  BND      69  20-MAY-88

.DIR(TYM5)NW0350.BND  

NW0350  BND      69  20-MAY-88

.SEND OSMAN
Type letter:
; PCOM v1.63 - processed: (OSMAN)LLOGTT.LOG = (OSMAN)TYMDIR.CTL
; Options: DETACH  LOG NOAPPEND SUPERSEDE LICENSE 
; Limits: TIME:60 TRULIMIT:0 
; Status: completed.
; Output recorded in file (OSMAN)LLOGTT.LOG.

End of SAIL execution
.LOGOUT
268.71 tru
terminal time: 0:10:28
