!rdist (reqtym)*.*/host:35/check/verbose
Master host: 34
(REQTYM      :  34) RVOJ0A.MP0     5 30-Sep-86 10:59 GIQVUS  ALL  RD  NO    200
(REQTYM      :  34) SUO0Y2.MP0     3 02-Feb-87 20:29 VOLPEX  ALL ALL  NO    200
(REQTYM      :  34) SUO0Y2.ME0     2 22-Aug-85 17:54 HUWNAN  ALL  RD  NO
(REQTYM      :  34) AKTITJ.ME0     6 22-Aug-85 18:20 KUZSEW  ALL  RD  NO
(REQTYM      :  34) QE8Q9E.MP0    14 02-Feb-87 20:30 SAHVEM  ALL  RD  NO    200
(REQTYM      :  34) QE8Q9E.ME0     6 22-Aug-85 18:41 CIBPOZ  ALL  RD  NO
(REQTYM      :  34) VJRHF9.MP0    15 02-Feb-87 20:37 PIZYEH  ALL  RD  NO    200
(REQTYM      :  34) VJRHF9.ME0     6 22-Aug-85 18:43 HEFXUM  ALL  RD  NO
(REQTYM      :  34) CF6WGG.MP0     4 04-Jun-86 11:30 ZIXWIN  ALL ALL  NO    200
(REQTYM      :  34) CFS1AH.MP0     4 04-Jun-86 11:28 ZELXAL  ALL ALL  NO    200
(REQTYM      :  34) CF6WGG.ME0     2 22-Aug-85 18:45 ZUXHOK  ALL  RD  NO
(REQTYM      :  34) CFS1AH.ME0     2 22-Aug-85 18:45 JOHNUW  ALL  RD  NO
(REQTYM      :  34) ACCESS.MSG     2 28-Aug-85 15:17 TUXRUF  ALL  RD  NO
(REQTYM      :  34) GPCP0J.MP0    12 15-Apr-87 11:30 GOHZOK  ALL  RD  NO    200
(REQTYM      :  34) RVOJ0A.ME0     3 29-Sep-86 11:17 ZESSIN  ALL  RD  NO
(REQTYM      :  34) SP1.V        272 28-Oct-86 10:12 QOBKAV  ALL  RD  NO
(REQTYM      :  34) DDHWKG.ME0     2 30-Dec-86 08:44 KUZNOQ  ALL  RD  NO
(REQTYM      :  34) QE8QAR.MP0    16 30-Mar-88 15:48 MIMZAC  ALL  RD  NO    200
(REQTYM      :  34) GPCP0J.ME0     4 15-Apr-87 11:29 PEFNOQ  ALL  RD  NO
(REQTYM      :  34) QE8QAR.ME0     6 30-Mar-88 15:47 WULXAS  ALL  RD  NO
(REQTYM      :  34) LV2          342 31-Mar-88 08:23 JOGGOQ  ALL  RD  NO
(REQTYM      :  34) VB.JAK        77 06-May-88 07:34 PONKIG  ALL  RD  NO
(REQTYM      :  34) 010TEL.COM     5 23-Aug-88 10:20 XIPDIF  ALL  RD  NO
(REQTYM      :  34) 010TEL.OUT    12 23-Aug-88 10:20 YESYIH  ALL  RD  NO
(REQTYM      :  34) A8W66F.MX0    57 30-Mar-88 16:37 SARVOT  ALL  RD  NO
(REQTYM      :  34) A8W66F.MA0     7 24-Aug-88 10:38 NOHJOV  ALL UPD  NO
(REQTYM      :  34) A8W66F.MD0    17 30-Mar-88 16:37 VODHEZ  ALL  RD  NO
(REQTYM      :  34) QZN69D.MR0    30 31-Mar-88 08:59 DIJZEG  ALL  RD  NO
(REQTYM      :  34) M04W9H.ME0     6 22-Aug-85 17:51 LIDKIV  ALL  RD  NO
(REQTYM      :  34) EABDXH.ME0     6 22-Aug-85 18:16 MAFLIG  ALL  RD  NO
(REQTYM      :  34) DIZAHX.ME0     4 22-Aug-85 18:22 WINKAS  ALL  RD  NO
(REQTYM      :  34) A8W66F.MS0     8 02-Feb-87 20:12 BEJFOG  ALL  RD  NO
(REQTYM      :  34) VXDYLF.ME0     2 22-Aug-85 18:34 FOBZAY  ALL  RD  NO
(REQTYM      :  34) ZF0OYI.MP0     4 04-Jun-86 11:47 SIZSOP  ALL ALL  NO    200
(REQTYM      :  34) ZF0OYI.ME0     2 22-Aug-85 18:35 NIBJAP  ALL  RD  NO
(REQTYM      :  34) M1NZSV.ME0     4 22-Aug-85 18:35 YEWJOQ  ALL  RD  NO
(REQTYM      :  34) WRC9BE.ME0     2 22-Aug-85 18:46 HIWTAS  ALL  RD  NO
(REQTYM      :  34) INIT.CMD       2 15-May-86 14:58 MAVTIG  ALL  RD  NO
(REQTYM      :  34) GZRV5J.ME0     3 28-Oct-86 14:55 FAHLAB  ALL  RD  NO
(REQTYM      :  34) SP2.CC       171 29-Oct-86 14:43 HIPNUP  ALL  RD  NO
(REQTYM      :  34) WRFC05.ME0     2 30-Mar-88 11:29 MIZNOR  ALL  RD  NO
(REQTYM      :  34) EABDXH.MP0    15 02-Feb-87 20:34 TIFXIC  ALL ALL  NO    200
(REQTYM      :  34) M1NZSV.MP0    10 02-Feb-87 20:35 VUGQOT  ALL ALL  NO    200
(REQTYM      :  34) ZPPUC6.MP0    12 29-Jul-87 10:29 BOFNOT  ALL ALL  NO    200
(REQTYM      :  34) WRC9BE.MP0     5 02-Feb-87 20:59 VIMKOF  ALL ALL  NO    200
(REQTYM      :  34) VXDYLF.MP0     7 03-Feb-87 11:34 DAKGAV  ALL ALL  NO    200
(REQTYM      :  34) ZPPUC6.ME0     5 29-Jul-87 10:28 QAKHUW  ALL  RD  NO
(REQTYM      :  34) JORGE.JAK      4 22-Aug-88 07:48 SOSLOZ  ALL  RD  NO
(REQTYM      :  34) S07VYR.ME0     2 22-Aug-85 17:55 BIBJIB  ALL  RD  NO
(REQTYM      :  34) PY3P0X.MP0     7 04-Jun-86 11:48 ZOYYIL  ALL  RD  NO    200
(REQTYM      :  34) CJHI2O.ME0     4 22-Aug-85 18:18 PUGZUD  ALL  RD  NO
(REQTYM      :  34) V01VT7.ME0     3 22-Aug-85 18:34 FAPRUK  ALL  RD  NO
(REQTYM      :  34) PY3P0X.ME0     3 22-Aug-85 18:39 BARGOP  ALL  RD  NO
(REQTYM      :  34) IMGEHJ.ME0     2 22-Aug-85 18:40 SETLUX  ALL  RD  NO
(REQTYM      :  34) RV6RY9.MR0   204 23-Aug-88 09:52 JIJDUY  ALL  RD  NO
(REQTYM      :  34) V7X5HY.MR0   700 23-Aug-88 09:52 VAZRUG  ALL  RD  NO
(REQTYM      :  34) AYH0PK.ME0     5 19-Dec-85 12:08 DUWXOK  ALL  RD  NO
(REQTYM      :  34) GZRV5D.ME0     6 28-Oct-86 09:59 CANMAM  ALL  RD  NO
(REQTYM      :  34) W66RSZ.ME0     3 28-Oct-86 15:00 FAHLAB  ALL  RD  NO
(REQTYM      :  34) SP3.AN       156 29-Oct-86 11:46 QOSDUT  ALL  RD  NO
(REQTYM      :  34) UXTY0T.ME0     2 29-Dec-86 08:43 MIHWOT  ALL  RD  NO
(REQTYM      :  34) S07VYR.MP0     3 29-Dec-86 11:33 GARNIX  ALL ALL  NO    200
(REQTYM      :  34) VERREL.CMD     2 31-Dec-86 12:38 JOXFAJ  ALL  RD  NO
(REQTYM      :  34) CJHI2O.MP0    12 02-Feb-87 20:28 FOLDUF  ALL ALL  NO    200
(REQTYM      :  34) UXTY0T.MP0     4 02-Feb-87 20:37 DOWLID  ALL  RD  NO    200
(REQTYM      :  34) AYH0PK.MP0    11 03-Feb-87 11:32 JAJJAN  ALL ALL  NO    200
(REQTYM      :  34) M66XF3.MP0    13 27-Feb-87 14:52 JARVAD  ALL ALL  NO    200
(REQTYM      :  34) M66XF3.ME0     5 27-Feb-87 14:50 XUXBIQ  ALL  RD  NO
(REQTYM      :  34) FBJHCI.ME0     8 30-Mar-88 14:02 PISGEL  ALL  RD  NO
(REQTYM      :  34) W66RU5.MP0     4 30-Mar-88 16:37 QOQPEG  ALL ALL  NO    200
(REQTYM      :  34) W66RU5.BAK     6 30-Mar-88 15:46 NOWZIZ  ALL  RD  NO
(REQTYM      :  34) W66RU5.ME0     2 30-Mar-88 16:37 YEKGAL  ALL  RD  NO
(REQTYM      :  34) COPA2.JAK      8 06-Apr-88 15:34 HIHHEY  ALL  RD  NO
(REQTYM      :  34) WS7JWA.MR0   861 23-Aug-88 09:51 XEWZAB  ALL  RD  NO
(REQTYM      :  34) WQ4J05.ME0     2 30-Mar-88 13:45 ZAHQEH  ALL  RD  NO
(REQTYM      :  34) SVBD46.ME0     6 22-Aug-85 18:15 BANVIQ  ALL  RD  NO
(REQTYM      :  34) KRB5DH.ME0    18 22-Aug-85 18:26 DEJBUP  ALL  RD  NO
(REQTYM      :  34) QKZH9E.MP0    12 02-Feb-87 20:22 BUDDAG  ALL  RD  NO    200
(REQTYM      :  34) QKZH9E.ME0     4 22-Aug-85 18:46 DOSYEJ  ALL  RD  NO
(REQTYM      :  34) WVWIT7.ME0     5 23-Aug-85 08:43 VACROW  ALL  RD  NO
(REQTYM      :  34) ICOM.SAV       2 23-Sep-85 15:38 GOKCAN  ALL  RD  NO
(REQTYM      :  34) WK2RHU.MR0  1476 23-Aug-88 09:52 REDQEK  ALL  RD  NO
(REQTYM      :  34) W66PUF.ME0     2 04-Jun-86 11:05 MEWVAT  ALL  RD  NO
(REQTYM      :  34) F6COUK.ME0     2 06-Jun-86 14:56 LOGFOR  ALL  RD  NO
(REQTYM      :  34) MMIUXV.ME0     2 08-Oct-86 16:08 VUJPIV  ALL  RD  NO
(REQTYM      :  34) QKZHAR.ME0     4 29-Dec-86 11:12 SIXSOQ  ALL  RD  NO
(REQTYM      :  34) S3O0XJ.ME0     2 09-Jan-87 09:14 SADLAQ  ALL  RD  NO
(REQTYM      :  34) QKZHAR.MP0    17 02-Feb-87 20:24 KIRYET  ALL  RD  NO    200
(REQTYM      :  34) RV2G5X.MP0    10 03-Feb-87 14:37 RENTUQ  ALL ALL  NO    200
(REQTYM      :  34) WVWIT7.MP0    13 03-Feb-87 11:20 LUGTOB  ALL ALL  NO    200
(REQTYM      :  34) SVBD46.MP0    17 03-Feb-87 11:35 LADXIF  ALL  RD  NO    200
(REQTYM      :  34) RV2G5X.ME0     3 03-Feb-87 14:35 JIXDUJ  ALL  RD  NO
(REQTYM      :  34) GZRV2H.ME0     5 09-Mar-87 16:44 WIVNEF  ALL  RD  NO
(REQTYM      :  34) GZRV2H.MP0    13 09-Mar-87 16:47 WOQBON  ALL ALL  NO    200
(REQTYM      :  34) E5JWCP.ME0     6 30-Mar-88 15:47 HOXGAQ  ALL  RD  NO
(REQTYM      :  34) FUJ.JAK        5 07-Jun-88 07:59 YUXSIP  ALL  RD  NO
(REQTYM      :  34) STATS.MZ0      2 24-Aug-88 10:38 WOXSEV  ALL  RD  NO
(REQTYM      :  34) WRIVWA.MR0     3 30-Mar-88 11:44 JEHWOW  ALL  RD  NO
(REQTYM      :  34) DG3P02.MR0     9 19-Nov-87 09:27 SANBUC  ALL  RD  NO
(REQTYM      :  34) P6TVJQ.ME0     3 22-Aug-85 17:53 ZODJAX  ALL  RD  NO
(REQTYM      :  34) P6TVJQ.MP0     9 04-Jun-86 11:50 DIWPOL  ALL ALL  NO    200
(REQTYM      :  34) R3YD46.ME0     7 22-Aug-85 18:16 COJSAY  ALL  RD  NO
(REQTYM      :  34) AJ7IIT.ME0     4 22-Aug-85 18:18 ZITXAP  ALL  RD  NO
(REQTYM      :  34) W2SLQY.ME0     7 22-Aug-85 18:21 KOXWEQ  ALL  RD  NO
(REQTYM      :  34) REQPRO.RND    15 22-Aug-85 18:27 ZUDVOV  ALL  RD  NO
(REQTYM      :  34) WCVLSC.MP0     8 30-Mar-88 16:31 GEYBUX  ALL  RD  NO    200
(REQTYM      :  34) WCVLSC.ME0     4 30-Mar-88 16:30 LUNQOB  ALL  RD  NO
(REQTYM      :  34) WS706E.MR0  2185 23-Aug-88 09:52 JEXDIF  ALL  RD  NO
(REQTYM      :  34) CF6W5H.ME0     3 21-Nov-85 12:30 FIXDUT  ALL  RD  NO
(REQTYM      :  34) GZRV5T.ME0     3 29-Oct-86 11:32 SALJUZ  ALL  RD  NO
(REQTYM      :  34) WRC9FR.ME0     3 29-Dec-86 09:05 KIHJUX  ALL  RD  NO
(REQTYM      :  34) VJRHI3.MP0    21 30-Mar-88 15:54 YILXAL  ALL  RD  NO    200
(REQTYM      :  34) AJ7IIT.MP0    11 02-Feb-87 20:26 KOBHOV  ALL ALL  NO    200
(REQTYM      :  34) WRC9FR.MP0     9 02-Feb-87 20:54 DOHLOX  ALL ALL  NO    200
(REQTYM      :  34) SWITCH.INI     2 25-Mar-86 19:38 DURKAH  ALL  RD  NO
(REQTYM      :  34) REQPRO.DOC    18 28-Mar-88 09:24 DEJBUP  ALL  RD  NO
(REQTYM      :  34) VJRHI3.BAK     8 30-Mar-88 15:16 NEDTAT  ALL  RD  NO
(REQTYM      :  34) VJRHI3.ME0     8 30-Mar-88 15:53 WUPWAM  ALL  RD  NO
(REQTYM      :  34) TYMCOM         2 11-Aug-88 14:54 PUFYEX  ALL  RD  NO
(REQTYM      :  34) 023TEL.COM     4 22-Aug-88 16:10 VUKXAN  ALL  RD  NO
(REQTYM      :  34) 023TEL.OUT    11 22-Aug-88 16:10 KONRAF  ALL  RD  NO
(REQTYM      :  34) WRIX6E.MR0     3 30-Mar-88 11:50 DEXFOM  ALL  RD  NO
(REQTYM      :  34) MAGNUM.DIR     2 24-Aug-88 10:38 JIWPEC  ALL  RD  NO
(REQTYM      :  34) WRIWZZ.MR0     3 19-Nov-87 11:50 QIHQUC  ALL  RD  NO
(REQTYM      :  34) WS7TVA.MR0     3 19-Nov-87 11:50 POYTEZ  ALL  RD  NO
(REQTYM      :  34) T5WDLG.ME0     4 22-Aug-85 17:46 SADLAF  ALL  RD  NO
(REQTYM      :  34) A37V36.ME0     4 22-Aug-85 17:48 JUHXAR  ALL  RD  NO
(REQTYM      :  34) REQHLP.RNH     2 22-Aug-85 18:34 GEJNEW  ALL  RD  NO
(REQTYM      :  34) EBMWWX.ME0     4 22-Aug-85 18:35 RICFAY  ALL  RD  NO
(REQTYM      :  34) WSJFAX.MP0     7 04-Jun-86 11:49 NAJTUL  ALL  RD  NO    200
(REQTYM      :  34) WSJFAX.ME0     3 22-Aug-85 18:40 BAFBUF  ALL  RD  NO
(REQTYM      :  34) SP8R6F.ME0     2 21-May-86 10:57 WODYUH  ALL  RD  NO
(REQTYM      :  34) DAEWH2.MP0     4 28-May-86 13:29 QOJYAG  ALL ALL  NO    200
(REQTYM      :  34) DAEWH2.ME0     2 28-May-86 13:29 QEVJUX  ALL  RD  NO
(REQTYM      :  34) X2WLOI.ME0     6 18-Nov-86 16:41 KETTEJ  ALL  RD  NO
(REQTYM      :  34) BVMUWW.ME0     2 15-Jan-87 10:10 CANTEY  ALL  RD  NO
(REQTYM      :  34) WS17ER.ME0     2 03-Sep-87 11:46 PESNOG  ALL  RD  NO
(REQTYM      :  34) X2WLOI.MP0    13 02-Feb-87 20:19 TILHUM  ALL ALL  NO    200
(REQTYM      :  34) A37V36.MP0    10 02-Feb-87 20:27 DIBTEJ  ALL ALL  NO    200
(REQTYM      :  34) V4Y5JG.MP0     8 23-Feb-87 14:18 FOSGIB  ALL ALL  NO    200
(REQTYM      :  34) WS17ER.MP0     4 03-Sep-87 11:47 BOQFIC  ALL ALL  NO    200
(REQTYM      :  34) BVMUWW.MP0     4 02-Feb-87 21:02 ZUSWOS  ALL ALL  NO    200
(REQTYM      :  34) W66PVG.ME0     2 03-Feb-87 11:30 FUHHIC  ALL  RD  NO
(REQTYM      :  34) SP8R6F.MP0     6 03-Feb-87 11:32 KOHDEK  ALL ALL  NO    200
(REQTYM      :  34) EBMWWX.MP0     8 03-Feb-87 11:37 XENXEY  ALL ALL  NO    200
(REQTYM      :  34) V4Y5JG.ME0     3 23-Feb-87 14:12 VEGMIN  ALL  RD  NO
(REQTYM      :  34) MAIL           2 30-Mar-88 15:13 QIZWOK  ALL  RD  NO
(REQTYM      :  34) COPA.JAK      38 06-Apr-88 15:04 SOWJOY  ALL  RD  NO
(REQTYM      :  34) NASH.JAK       4 11-Apr-88 09:21 VOQDEN  ALL  RD  NO
(REQTYM      :  34) RVO8D7.MR0   578 18-Aug-88 12:51 POKLAK  ALL  RD  NO
(REQTYM      :  34) WPP9VU.MR0     9 22-Feb-88 09:27 YIPBOC  ALL  RD  NO
(REQTYM      :  34) AE3DJ9.MR0    19 30-Mar-88 16:46 SAGMOR  ALL  RD  NO
(REQTYM      :  34) J75TWW.ME0     5 22-Aug-85 17:51 KEDNUN  ALL  RD  NO
(REQTYM      :  34) WQKLQY.ME0     6 22-Aug-85 18:20 MIDFON  ALL  RD  NO
(REQTYM      :  34) LR7KGJ.ME0     4 22-Aug-85 18:36 ZAVBOX  ALL  RD  NO
(REQTYM      :  34) W66PNW.MR0     3 30-Mar-88 11:55 VOBGOZ  ALL  RD  NO
(REQTYM      :  34) EKH0PK.MP0     7 22-Aug-85 18:46 MELGEF  ALL  RD  NO
(REQTYM      :  34) EKH0PK.ME0     3 22-Aug-85 18:46 VICHOQ  ALL  RD  NO
(REQTYM      :  34) REQUSR.RND    19 16-Apr-86 11:52 KAQNIZ  ALL  RD  NO
(REQTYM      :  34) REQUSR.DOC    22 16-Apr-86 11:52 KUMLET  ALL  RD  NO
(REQTYM      :  34) W6S83C.MP0     3 04-Jun-86 11:48 HARPIJ  ALL ALL  NO    200
(REQTYM      :  34) W6S83C.ME0     2 10-Feb-86 16:44 XIZWUB  ALL  RD  NO
(REQTYM      :  34) V9BOXG.ME0     6 27-Oct-86 15:48 YIYLIN  ALL  RD  NO
(REQTYM      :  34) VOCZK2.ME0     2 15-Jan-87 09:58 CANLEN  ALL  RD  NO
(REQTYM      :  34) W6RWDZ.ME0     4 02-Feb-87 20:11 TIQMAN  ALL  RD  NO
(REQTYM      :  34) TEST.CMD       2 02-Feb-87 20:17 PORNAQ  ALL  RD  NO
(REQTYM      :  34) TEST.OUT       2 02-Feb-87 20:17 KUZNAJ  ALL  RD  NO
(REQTYM      :  34) LR7KGJ.MP0    10 02-Feb-87 20:21 MAPYAX  ALL ALL  NO    200
(REQTYM      :  34) V9BOXG.MP0    17 03-Feb-87 11:33 HAPHOD  ALL  RD  NO    200
(REQTYM      :  34) TZB5Y3.MP0     7 27-Feb-87 16:35 KEYXEK  ALL ALL  NO    200
(REQTYM      :  34) TZB5Y3.ME0     2 27-Feb-87 16:35 RONPUQ  ALL  RD  NO
(REQTYM      :  34) 001PEA.001     3 03-Apr-87 15:24 YUNCEJ  ALL  RD  NO
(REQTYM      :  34) DAN.RPT        3 30-Mar-88 09:52 LOBYOR  ALL  RD  NO
(REQTYM      :  34) WIND.RPT       2 24-Nov-87 08:03 DEMHEM  ALL  RD  NO
(REQTYM      :  34) FUJ1.JAK       4 07-Jun-88 08:11 TOPYOT  ALL  RD  NO
(REQTYM      :  34) 016TEL.COM     4 22-Aug-88 09:44 TUSKIV  ALL  RD  NO
176 files on master system.
Slave hosts: 35
Checking host 35
(REQTYM      :  35) RVOJ0A.MP0     5 30-Sep-86 10:59 -- current
(REQTYM      :  35) SUO0Y2.MP0     3 02-Feb-87 20:29 -- current
(REQTYM      :  35) SUO0Y2.ME0     2 22-Aug-85 17:54 -- current
(REQTYM      :  35) AKTITJ.ME0     6 22-Aug-85 18:20 -- current
(REQTYM      :  35) QE8Q9E.MP0    14 02-Feb-87 20:30 -- current
(REQTYM      :  35) QE8Q9E.ME0     6 22-Aug-85 18:41 -- current
(REQTYM      :  35) VJRHF9.MP0    15 02-Feb-87 20:37 -- current
(REQTYM      :  35) VJRHF9.ME0     6 22-Aug-85 18:43 -- current
(REQTYM      :  35) CF6WGG.MP0     4 04-Jun-86 11:30 -- current
(REQTYM      :  35) CFS1AH.MP0     4 04-Jun-86 11:28 -- current
(REQTYM      :  35) CF6WGG.ME0     2 22-Aug-85 18:45 -- current
(REQTYM      :  35) CFS1AH.ME0     2 22-Aug-85 18:45 -- current
(REQTYM      :  35) ACCESS.MSG     2 28-Aug-85 15:17 -- current
(REQTYM      :  35) GPCP0J.MP0    12 15-Apr-87 11:30 -- current
(REQTYM      :  35) RVOJ0A.ME0     3 29-Sep-86 11:17 -- current
(REQTYM      :  35) SP1.V        272 28-Oct-86 10:12 -- current
(REQTYM      :  35) DDHWKG.ME0     2 30-Dec-86 08:44 -- current
(REQTYM      :  35) QE8QAR.MP0    16 30-Mar-88 15:48 -- current
(REQTYM      :  35) GPCP0J.ME0     4 15-Apr-87 11:29 -- current
(REQTYM      :  35) QE8QAR.ME0     6 30-Mar-88 15:47 -- current
(REQTYM      :  35) LV2          342 31-Mar-88 08:23 -- current
(REQTYM      :  35) VB.JAK        77 06-May-88 07:34 -- current
(REQTYM      :  35) 010TEL.COM     5 23-Aug-88 10:20 -- current
(REQTYM      :  35) 010TEL.OUT    12 23-Aug-88 10:20 -- current
(REQTYM      :  35) A8W66F.MX0    57 30-Mar-88 16:37 -- current
(REQTYM      :  35) A8W66F.MA0     7 23-Aug-88 19:42 -- bad checksum KOVVIT
                           should be 24-Aug-88 10:38 NOHJOV  ALL UPD  NO
(REQTYM      :  35) A8W66F.MD0    17 30-Mar-88 16:37 -- current
(REQTYM      :  35) QZN69D.MR0    30 31-Mar-88 08:59 -- current
(REQTYM      :  35) M04W9H.ME0     6 22-Aug-85 17:51 -- current
(REQTYM      :  35) EABDXH.ME0     6 22-Aug-85 18:16 -- current
(REQTYM      :  35) DIZAHX.ME0     4 22-Aug-85 18:22 -- current
(REQTYM      :  35) A8W66F.MS0     8 02-Feb-87 20:12 -- current
(REQTYM      :  35) VXDYLF.ME0     2 22-Aug-85 18:34 -- current
(REQTYM      :  35) ZF0OYI.MP0     4 04-Jun-86 11:47 -- current
(REQTYM      :  35) ZF0OYI.ME0     2 22-Aug-85 18:35 -- current
(REQTYM      :  35) M1NZSV.ME0     4 22-Aug-85 18:35 -- current
(REQTYM      :  35) WRC9BE.ME0     2 22-Aug-85 18:46 -- current
(REQTYM      :  35) INIT.CMD       2 15-May-86 14:58 -- current
(REQTYM      :  35) GZRV5J.ME0     3 28-Oct-86 14:55 -- current
(REQTYM      :  35) SP2.CC       171 29-Oct-86 14:43 -- current
(REQTYM      :  35) WRFC05.ME0     2 30-Mar-88 11:29 -- current
(REQTYM      :  35) EABDXH.MP0    15 02-Feb-87 20:34 -- current
(REQTYM      :  35) M1NZSV.MP0    10 02-Feb-87 20:35 -- current
(REQTYM      :  35) ZPPUC6.MP0    12 29-Jul-87 10:29 -- current
(REQTYM      :  35) WRC9BE.MP0     5 02-Feb-87 20:59 -- current
(REQTYM      :  35) VXDYLF.MP0     7 03-Feb-87 11:34 -- current
(REQTYM      :  35) ZPPUC6.ME0     5 29-Jul-87 10:28 -- current
(REQTYM      :  35) JORGE.JAK      4 22-Aug-88 07:48 -- current
(REQTYM      :  35) S07VYR.ME0     2 22-Aug-85 17:55 -- current
(REQTYM      :  35) PY3P0X.MP0     7 04-Jun-86 11:48 -- current
(REQTYM      :  35) CJHI2O.ME0     4 22-Aug-85 18:18 -- current
(REQTYM      :  35) V01VT7.ME0     3 22-Aug-85 18:34 -- current
(REQTYM      :  35) PY3P0X.ME0     3 22-Aug-85 18:39 -- current
(REQTYM      :  35) IMGEHJ.ME0     2 22-Aug-85 18:40 -- current
(REQTYM      :  35) RV6RY9.MR0   204 23-Aug-88 09:52 -- current
(REQTYM      :  35) V7X5HY.MR0   700 23-Aug-88 09:52 -- current
(REQTYM      :  35) AYH0PK.ME0     5 19-Dec-85 12:08 -- current
(REQTYM      :  35) GZRV5D.ME0     6 28-Oct-86 09:59 -- current
(REQTYM      :  35) W66RSZ.ME0     3 28-Oct-86 15:00 -- current
(REQTYM      :  35) SP3.AN       156 29-Oct-86 11:46 -- current
(REQTYM      :  35) UXTY0T.ME0     2 29-Dec-86 08:43 -- current
(REQTYM      :  35) S07VYR.MP0     3 29-Dec-86 11:33 -- current
(REQTYM      :  35) VERREL.CMD     2 31-Dec-86 12:38 -- current
(REQTYM      :  35) CJHI2O.MP0    12 02-Feb-87 20:28 -- current
(REQTYM      :  35) UXTY0T.MP0     4 02-Feb-87 20:37 -- current
(REQTYM      :  35) AYH0PK.MP0    11 03-Feb-87 11:32 -- current
(REQTYM      :  35) M66XF3.MP0    13 27-Feb-87 14:52 -- current
(REQTYM      :  35) M66XF3.ME0     5 27-Feb-87 14:50 -- current
(REQTYM      :  35) FBJHCI.ME0     8 30-Mar-88 14:02 -- current
(REQTYM      :  35) W66RU5.MP0     4 30-Mar-88 16:37 -- current
(REQTYM      :  35) W66RU5.BAK     6 30-Mar-88 15:46 -- current
(REQTYM      :  35) W66RU5.ME0     2 30-Mar-88 16:37 -- current
(REQTYM      :  35) COPA2.JAK      8 06-Apr-88 15:34 -- current
(REQTYM      :  35) WS7JWA.MR0   861 23-Aug-88 09:51 -- current
(REQTYM     5) WQ4J05.ME0     2 30-Mar-88 13:45 -- current
(REQTYM      :  35) SVBD46.ME0     6 22-Aug-85 18:15 -- current
(REQTYM      :  35) KRB5DH.ME0    18 22-Aug-85 18:26 -- current
(REQTYM      :  35) QKZH9E.MP0    12 02-Feb-87 20:22 -- current
(REQTYM      :  35) QKZH9E.ME0     4 22-Aug-85 18:46 -- current
(REQTYM      :  35) WVWIT7.ME0     5 23-Aug-85 08:43 -- current
(REQTYM      :  35) ICOM.SAV       2 23-Sep-85 15:38 -- current
(REQTYM      :  35) WK2RHU.MR0  1476 23-Aug-88 09:52 -- current
(REQTYM      :  35) W66PUF.ME0     2 04-Jun-86 11:05 -- current
(REQTYM      :  35) F6COUK.ME0     2 06-Jun-86 14:56 -- current
(REQTYM      :  35) MMIUXV.ME0     2 08-Oct-86 16:08 -- current
(REQTYM      :  35) QKZHAR.ME0     4 29-Dec-86 11:12 -- current
(REQTYM      :  35) S3O0XJ.ME0     2 09-Jan-87 09:14 -- current
(REQTYM      :  35) QKZHAR.MP0    17 02-Feb-87 20:24 -- current
(REQTYM      :  35) RV2G5X.MP0    10 03-Feb-87 14:37 -- current
(REQTYM      :  35) WVWIT7.MP0    13 03-Feb-87 11:20 -- current
(REQTYM      :  35) SVBD46.MP0    17 03-Feb-87 11:35 -- current
(REQTYM      :  35) RV2G5X.ME0     3 03-Feb-87 14:35 -- current
(REQTYM      :  35) GZRV2H.ME0     5 09-Mar-87 16:44 -- current
(REQTYM      :  35) GZRV2H.MP0    13 09-Mar-87 16:47 -- current
(REQTYM      :  35) E5JWCP.ME0     6 30-Mar-88 15:47 -- current
(REQTYM      :  35) FUJ.JAK        5 07-Jun-88 07:59 -- current
(REQTYM      :  35) STATS.MZ0      2 23-Aug-88 15:25 -- bad checksum LOGNIX
                           should be 24-Aug-88 10:38 WOXSEV  ALL  RD  NO
(REQTYM      :  35) WRIVWA.MR0     3 30-Mar-88 11:44 -- current
(REQTYM      :  35) DG3P02.MR0     9 19-Nov-87 09:27 -- current
(REQTYM      :  35) P6TVJQ.ME0     3 22-Aug-85 17:53 -- current
(REQTYM      :  35) P6TVJQ.MP0     9 04-Jun-86 11:50 -- current
(REQTYM      :  35) R3YD46.ME0     7 22-Aug-85 18:16 -- current
(REQTYM      :  35) AJ7IIT.ME0     4 22-Aug-85 18:18 -- current
(REQTYM      :  35) W2SLQY.ME0     7 22-Aug-85 18:21 -- current
(REQTYM      :  35) REQPRO.RND    15 22-Aug-85 18:27 -- current
(REQTYM      :  35) WCVLSC.MP0     8 30-Mar-88 16:31 -- current
(REQTYM      :  35) WCVLSC.ME0     4 30-Mar-88 16:30 -- current
(REQTYM      :  35) WS706E.MR0  2185 23-Aug-88 09:52 -- current
(REQTYM      :  35) CF6W5H.ME0     3 21-Nov-85 12:30 -- current
(REQTYM      :  35) GZRV5T.ME0     3 29-Oct-86 11:32 -- current
(REQTYM      :  35) WRC9FR.ME0     3 29-Dec-86 09:05 -- current
(REQTYM      :  35) VJRHI3.MP0    21 30-Mar-88 15:54 -- current
(REQTYM      :  35) AJ7IIT.MP0    11 02-Feb-87 20:26 -- current
(REQTYM      :  35) WRC9FR.MP0     9 02-Feb-87 20:54 -- current
(REQTYM      :  35) SWITCH.INI     2 25-Mar-86 19:38 -- current
(REQTYM      :  35) REQPRO.DOC    18 28-Mar-88 09:24 -- current
(REQTYM      :  35) VJRHI3.BAK     8 30-Mar-88 15:16 -- current
(REQTYM      :  35) VJRHI3.ME0     8 30-Mar-88 15:53 -- current
(REQTYM      :  35) TYMCOM         2 11-Aug-88 14:54 -- current
(REQTYM      :  35) 023TEL.COM     4 22-Aug-88 16:10 -- current
(REQTYM      :  35) 023TEL.OUT    11 22-Aug-88 16:10 -- current
(REQTYM      :  35) WRIX6E.MR0     3 30-Mar-88 11:50 -- current
(REQTYM      :  35) MAGNUM.DIR     2 23-Aug-88 19:42 -- bad checksum QASQEJ
                           should be 24-Aug-88 10:38 JIWPEC  ALL  RD  NO
(REQTYM      :  35) WRIWZZ.MR0     3 19-Nov-87 11:50 -- current
(REQTYM      :  35) WS7TVA.MR0     3 19-Nov-87 11:50 -- current
(REQTYM      :  35) T5WDLG.ME0     4 22-Aug-85 17:46 -- current
(REQTYM      :  35) A37V36.ME0     4 22-Aug-85 17:48 -- current
(REQTYM      :  35) REQHLP.RNH     2 22-Aug-85 18:34 -- current
(REQTYM      :  35) EBMWWX.ME0     4 22-Aug-85 18:35 -- current
(REQTYM      :  35) WSJFAX.MP0     7 04-Jun-86 11:49 -- current
(REQTYM      :  35) WSJFAX.ME0     3 22-Aug-85 18:40 -- current
(REQTYM      :  35) SP8R6F.ME0     2 21-May-86 10:57 -- current
(REQTYM      :  35) DAEWH2.MP0     4 28-May-86 13:29 -- current
(REQTYM      :  35) DAEWH2.ME0     2 28-May-86 13:29 -- current
(REQTYM      :  35) X2WLOI.ME0     6 18-Nov-86 16:41 -- current
(REQTYM      :  35) BVMUWW.ME0     2 15-Jan-87 10:10 -- current
(REQTYM      :  35) WS17ER.ME0     2 03-Sep-87 11:46 -- current
(REQTYM      :  35) X2WLOI.MP0    13 02-Feb-87 20:19 -- current
(REQTYM      :  35) A37V36.MP0    10 02-Feb-87 20:27 -- current
(REQTYM      :  35) V4Y5JG.MP0     8 23-Feb-87 14:18 -- current
(REQTYM      :  35) WS17ER.MP0     4 03-Sep-87 11:47 -- current
(REQTYM      :  35) BVMUWW.MP0     4 02-Feb-87 21:02 -- current
(REQTYM      :  35) W66PVG.ME0     2 03-Feb-87 11:30 -- current
(REQTYM      :  35) SP8R6F.MP0     6 03-Feb-87 11:32 -- current
(REQTYM      :  35) EBMWWX.MP0     8 03-Feb-87 11:37 -- current
(REQTYM      :  35) V4Y5JG.ME0     3 23-Feb-87 14:12 -- current
(REQTYM      :  35) MAIL           2 30-Mar-88 15:13 -- current
(REQTYM      :  35) COPA.JAK      38 06-Apr-88 15:04 -- current
(REQTYM      :  35) NASH.JAK       4 11-Apr-88 09:21 -- current
(REQTYM      :  35) RVO8D7.MR0   578 18-Aug-88 12:51 -- current
(REQTYM      :  35) WPP9VU.MR0     9 22-Feb-88 09:27 -- current
(REQTYM      :  35) AE3DJ9.MR0    19 30-Mar-88 16:46 -- current
(REQTYM      :  35) J75TWW.ME0     5 22-Aug-85 17:51 -- current
(REQTYM      :  35) WQKLQY.ME0     6 22-Aug-85 18:20 -- current
(REQTYM      :  35) LR7KGJ.ME0     4 22-Aug-85 18:36 -- current
(REQTYM      :  35) W66PNW.MR0     3 30-Mar-88 11:55 -- current
(REQTYM      :  35) EKH0PK.MP0     7 22-Aug-85 18:46 -- current
(REQTYM      :  35) EKH0PK.ME0     3 22-Aug-85 18:46 -- current
(REQTYM      :  35) REQUSR.RND    19 16-Apr-86 11:52 -- current
(REQTYM      :  35) REQUSR.DOC    22 16-Apr-86 11:52 -- current
(REQTYM      :  35) W6S83C.MP0     3 04-Jun-86 11:48 -- current
(REQTYM      :  35) W6S83C.ME0     2 10-Feb-86 16:44 -- current
(REQTYM      :  35) V9BOXG.ME0     6 27-Oct-86 15:48 -- current
(REQTYM      :  35) VOCZK2.ME0     2 15-Jan-87 09:58 -- current
(REQTYM      :  35) W6RWDZ.ME0     4 02-Feb-87 20:11 -- current
(REQTYM      :  35) TEST.CMD       2 02-Feb-87 20:17 -- current
(REQTYM      :  35) TEST.OUT       2 02-Feb-87 20:17 -- current
(REQTYM      :  35) LR7KGJ.MP0    10 02-Feb-87 20:21 -- current
(REQTYM      :  35) V9BOXG.MP0    17 03-Feb-87 11:33 -- current
(REQTYM      :  35) TZB5Y3.MP0     7 27-Feb-87 16:35 -- current
(REQTYM      :  35) TZB5Y3.ME0     2 27-Feb-87 16:35 -- current
(REQTYM      :  35) 001PEA.001     3 03-Apr-87 15:24 -- current
(REQTYM      :  35) DAN.RPT        3 30-Mar-88 09:52 -- current
(REQTYM      :  35) WIND.RPT       2 24-Nov-87 08:03 -- current
(REQTYM      :  35) FUJ1.JAK       4 07-Jun-88 08:11 -- current
(REQTYM      :  35) 016TEL.COM     4 22-Aug-88 09:44 -- current

End of SAIL execution
!k
271.93 tru
terminal time: 0:15:39
3#x	Í