DEC13.RAY.2
  DRIVE   MEDIA   CYL TRK SECT  HARD  SOFT RETRIES            LBN
  -----   -----   --- --- ----  ----  ---- -------            ---

 DP110
          PS      12.  8.   4.    0.    1.      5.          40734
                  17. 18.  14.    0.    2.     10.          57164
                  62.  9.   1.    0.    1.      5.         247304
                  70. 13.  19.    0.    1.      5.         275200
                 126. 16.   3.    0.    1.      4.         523760
                 135. 29.   5.    0.    1.      5.         555204
                 209.  5.  16.    0.    1.      4.        1062104
                 355.  0.  13.    0.    3.     15.        1672054
                 367.  1.  11.    0.    1.      4.        1732324
                 424.  8.   3.    0.    1.      4.        2164130
                 440. 12.  15.    0.    1.      4.        2237420
                 441. 17.  39.    0.    2.      4.        2242540
                 581. 10.  10.    0.    1.      5.        3032230
DEC14.RAY.2
  DRIVE   MEDIA   CYL TRK SECT  HARD  SOFT RETRIES            LBN
  -----   -----   --- --- ----  ----  ---- -------            ---

 DP110
          PS     355.  0.  13.    0.    3.     15.        1672054

DEC15.RAY.2
  DRIVE   MEDIA   CYL TRK SECT  HARD  SOFT RETRIES            LBN
  -----   -----   --- --- ----  ----  ---- -------            ---

 DP110
          PS     355.  0.  13.    0.    3.     15.        1672054
                 441. 17.  39.    0.    1.      5.        2242540

DEC16.RAY.2
  DRIVE   MEDIA   CYL TRK SECT  HARD  SOFT RETRIES            LBN
  -----   -----   --- --- ----  ----  ---- -------            ---

 DP110
          PS      17. 18.  14.    0.    1.      5.          57164
                  62.  9.   1.    0.    1.      5.         247304
                  70. 13.  19.    0.    1.      5.         275200
                 355.  0.  13.    0.    1.      5.        1672054

DEC17.RAY.2
  DRIVE   MEDIA   CYL TRK SECT  HARD  SOFT RETRIES            LBN
  -----   -----   --- --- ----  ----  ---- -------            ---

 DP110
          PS      17. 18.  14.    0.    1.      5.          57164
                  62.  9.   1.    0.    1.      5.         247304
                  70. 13.  19.    0.    1.      5.         275200
                 126. 16.   3.    0.    1.      4.         523760
                 135. 29.   5.    0.    1.      5.         555204
                 195. 24.  42.    0.    1.      2.        1016120
                 209.  5.  16.    0.    1.      4.        1062104
                 241. 15.  41.    0.    1.      2.        1211014
                 355.  0.  13.    0.    1.      5.        1672054

DEC18.RAY.2
  DRIVE   MEDIA   CYL TRK SECT  HARD  SOFT RETRIES            LBN
  -----   -----   --- --- ----  ----  ---- -------            ---

 DP110
          PS     355.  0.  13.    0.    1.      5.        1672054

DEC19.RAY.2
  DRIVE   MEDIA   CYL TRK SECT  HARD  SOFT RETRIES            LBN
  -----   -----   --- --- ----  ----  ---- -------            ---

 DP110
          PS     355.  0.  13.    0.    2.     10.        1672054

DEC20.RAY.2
  DRIVE   MEDIA   CYL TRK SECT  HARD  SOFT RETRIES            LBN
  -----   -----   --- --- ----  ----  ---- -------            ---

 DP110
          PS     355.  0.  13.    0.    1.      5.        1672054

DEC21.RAY.2
  DRIVE   MEDIA   CYL TRK SECT  HARD  SOFT RETRIES            LBN
  -----   -----   --- --- ----  ----  ---- -------            ---

 DP110
          PS      17. 18.  14.    0.    1.      5.          57164
                 167. 29.  33.    0.    6.     30.         703240
                 201. 29.  12.    0.    4.     16.        1036510
                 241. 15.  41.    0.    1.      2.        1211014
                 355.  0.  13.    0.    2.     10.        1672054

DEC22.RAY.2
 DRIVE   MEDIA   CYL TRK SECT  HARD  SOFT RETRIES            LBN
  -----   -----   --- --- ----  ----  ---- -------            ---

 DP110
          PS     167. 29.  33.    0.    3.     15.         703240
                 355.  0.  13.    0.    2.     10.        1672054

DEC23.RAY.2
 DRIVE   MEDIA   CYL TRK SECT  HARD  SOFT RETRIES            LBN
  -----   -----   --- --- ----  ----  ---- -------            ---

 DP110
          PS     201. 29.  12.    0.    1.      4.        1036510
                 355.  0.  13.    0.    1.      5.        1672054

DEC24.RAY.2
 DRIVE   MEDIA   CYL TRK SECT  HARD  SOFT RETRIES            LBN
  -----   -----   --- --- ----  ----  ---- -------            ---

 DP110
          PS     167. 29.  33.    0.    1.      5.         703240
                 355.  0.  13.    0.    4.     20.        1672054

DEC25.RAY.2
 DRIVE   MEDIA   CYL TRK SECT  HARD  SOFT RETRIES            LBN
  -----   -----   --- --- ----  ----  ---- -------            ---

 DP110
          PS      17. 18.  14.    0.    1.      5.          57164
                  62.  9.   1.    0.    1.      5.         247304
                  70. 13.  19.    0.    1.      5.         275200
                 126. 16.   3.    0.    1.      4.         523760
                 135. 29.   5.    0.    1.      5.         555204
                 153. 25.   0.    0.    1.      3.         635220
                 188.  4.  38.    0.    1.      3.         771520
                 230. 15.  41.    0.    1.      2.        1153354
                 241. 15.  41.    0.    1.      2.        1211014
                 355.  0.  13.    0.    2.     10.        1672054
                 367.  1.  11.    0.    1.      2.        1732324
                 441. 17.  39.    0.    1.      3.        2242540

DEC26.RAY.2
 DRIVE   MEDIA   CYL TRK SECT  HARD  SOFT RETRIES            LBN
  -----   -----   --- --- ----  ----  ---- -------            ---

 DP110
          PS     355.  0.  13.    0.    4.     20.        1672054

DEC27.RAY.2
 DRIVE   MEDIA   CYL TRK SECT  HARD  SOFT RETRIES            LBN
  -----   -----   --- --- ----  ----  ---- -------            ---

 DP110
          PS     355.  0.  13.    0.    1.      5.        1672054

DEC28.RAY.2
 DRIVE   MEDIA   CYL TRK SECT  HARD  SOFT RETRIES            LBN
  -----   -----   --- --- ----  ----  ---- -------            ---

 DP110
          PS     355.  0.  13.    0.    2.     10.        1672054

DEC29.RAY.2
 DRIVE   MEDIA   CYL TRK SECT  HARD  SOFT RETRIES            LBN
  -----   -----   --- --- ----  ----  ---- -------            ---

 DP110
          PS     201. 29.  12.    0.    2.      8.        1036510
                 355.  0.  13.    0.    1.      5.        1672054

DEC31.RAY.2
 DRIVE   MEDIA   CYL TRK SECT  HARD  SOFT RETRIES            LBN
  -----   -----   --- --- ----  ----  ---- -------            ---

 DP110
          PS      17. 18.  14.    0.    1.      5.          57164
                  62.  9.   1.    0.    1.      5.         247304
                  70. 13.  19.    0.    1.      5.         275200
                 126. 16.   3.    0.    1.      4.         523760
                 135. 29.   5.    0.    1.      5.         555204
                 232. 15.  41.    0.    1.      2.        1160654
                 355.  0.  13.    0.    6.     30.        1672054
                 369. 21.  38.    0.    1.      2.        1741414
                 440. 12.  15.    0.    1.      2.        2237420
                 441. 17.  39.    0.    1.      3.        2242540
                 588. 20.  27.    0.    1.      2.        3055764

JAN1.RAY.2
 DRIVE   MEDIA   CYL TRK SECT  HARD  SOFT RETRIES            LBN
  -----   -----   --- --- ----  ----  ---- -------            ---

 DP110
          PS     167. 29.  33.    0.    1.      5.         703240
                 292. 20.  30.    0.    1.      3.        1422370
                 355.  0.  13.    0.    1.      5.        1672054

JAN10.RAY.2
 DRIVE   MEDIA   CYL TRK SECT  HARD  SOFT RETRIES            LBN
  -----   -----   --- --- ----  ----  ---- -------            ---

 DP110
          PS      17. 18.  14.    0.    1.      5.          57164
                  52. 24.  18.    0.    1.      2.         215630
                  62.  9.   1.    0.    1.      5.         247304
                  70. 13.  19.    0.    1.      5.         275200
                 126. 16.   3.    0.    1.      4.         523760
                 135. 29.   5.    0.    1.      5.         555204
                 159. 17.   0.    0.    1.      2.         654570
                 167. 29.  33.    0.    1.      5.         703240
                 201. 29.  12.    0.    1.      4.        1036510
                 355.  0.  13.    0.    5.     25.        1672054
                 369. 21.  38.    0.    1.      2.        1741414
                 441. 17.  39.    0.    1.      4.        2242540

JAN11.RAY.2
 DRIVE   MEDIA   CYL TRK SECT  HARD  SOFT RETRIES            LBN
  -----   -----   --- --- ----  ----  ---- -------            ---

 DP110
          PS     201. 29.  12.    0.    2.      8.        1036510
                 355.  0.  13.    0.    2.     10.        1672054
                 474. 17.   1.    0.    1.      2.        2373234

JAN12.RAY.2
 DRIVE   MEDIA   CYL TRK SECT  HARD  SOFT RETRIES            LBN
  -----   -----   --- --- ----  ----  ---- -------            ---

 DP110
          PS     165. 29.  20.    0.    1.      4.         675720
                 355.  0.  13.    0.    2.     10.        1672054

JAN13.RAY.2
 DRIVE   MEDIA   CYL TRK SECT  HARD  SOFT RETRIES            LBN
  -----   -----   --- --- ----  ----  ---- -------            ---

 DP110
          PS     107. 20.  22.    0.    1.      2.         441220
                 165. 29.  20.    0.    3.     12.         675720
                 355.  0.  13.    0.    6.     30.        1672054
                 527. 29.  41.    0.    1.      2.        2612650

JAN14.RAY.2
 DRIVE   MEDIA   CYL TRK SECT  HARD  SOFT RETRIES            LBN
  -----   -----   --- --- ----  ----  ---- -------            ---

 DP110
          PS     154.  4.  18.    0.    1.      2.         636174
                 165. 29.  20.    0.    2.      8.         675720
                 294. 13.  26.    0.    1.      2.        1427210
                 355.  0.  13.    0.    2.     10.        1672054
                 527. 29.  41.    0.    1.      4.        2612650

JAN16.RAY.2
 DRIVE   MEDIA   CYL TRK SECT  HARD  SOFT RETRIES            LBN
  -----   -----   --- --- ----  ----  ---- -------            ---

 DP110
          PS     201. 29.  12.    0.    2.      8.        1036510
                 355.  0.  13.    0.    2.     10.        1672054
                 474. 17.   1.    0.    1.      2.        2373234

JAN17.RAY.2
 DRIVE   MEDIA   CYL TRK SECT  HARD  SOFT RETRIES            LBN
  -----   -----   --- --- ----  ----  ---- -------            ---

 DP110
          PS     165. 29.  20.    0.    1.      4.         675720
                 355.  0.  13.    0.    2.     10.        1672054

JAN18.RAY.2
 DRIVE   MEDIA   CYL TRK SECT  HARD  SOFT RETRIES            LBN
  -----   -----   --- --- ----  ----  ---- -------            ---

 DP110
          PS     107. 20.  22.    0.    1.      2.         441220
                 165. 29.  20.    0.    3.     12.         675720
                 355.  0.  13.    0.    6.     30.        1672054
                 527. 29.  41.    0.    1.      2.        2612650

JAN19.RAY.3
 DRIVE   MEDIA   CYL TRK SECT  HARD  SOFT RETRIES            LBN
  -----   -----   --- --- ----  ----  ---- -------            ---

 DP110
          PS     154.  4.  18.    0.    1.      2.         636174
                 165. 29.  20.    0.    2.      8.         675720
                 294. 13.  26.    0.    1.      2.        1427210
                 355.  0.  13.    0.    2.     10.        1672054
                 527. 29.  41.    0.    1.      4.        2612650

JAN2.RAY.2
 DRIVE   MEDIA   CYL TRK SECT  HARD  SOFT RETRIES            LBN
  -----   -----   --- --- ----  ----  ---- -------            ---

 DP110
          PS     165. 29.  20.    0.    1.      4.         675720
                 167. 29.  33.    0.    1.      5.         703240

JAN4.RAY.2
 DRIVE   MEDIA   CYL TRK SECT  HARD  SOFT RETRIES            LBN
  -----   -----   --- --- ----  ----  ---- -------            ---

 DP110
          PS     355.  0.  13.    0.    2.     10.        1672054
                 474. 17.   1.    0.    1.      2.        2373234

JAN5.RAY.2
 DRIVE   MEDIA   CYL TRK SECT  HARD  SOFT RETRIES            LBN
  -----   -----   --- --- ----  ----  ---- -------            ---

 DP110
          PS     165. 29.  20.    0.    1.      4.         675720
                 292. 20.  30.    0.    1.      2.        1422370
                 355.  0.  13.    0.    2.     10.        1672054

JAN6.RAY.2
 DRIVE   MEDIA   CYL TRK SECT  HARD  SOFT RETRIES            LBN
  -----   -----   --- --- ----  ----  ---- -------            ---

 DP110
          PS      34. 25.  20.    0.    1.      4.         135404
                 165. 29.  20.    0.    1.      4.         675720
                 355.  0.  13.    0.    1.      5.        1672054

JAN7.RAY.3
 DRIVE   MEDIA   CYL TRK SECT  HARD  SOFT RETRIES            LBN
  -----   -----   --- --- ----  ----  ---- -------            ---

 DP110
          PS     201. 29.  12.    0.    1.      4.        1036510
                 355.  0.  13.    0.    2.     10.        1672054

JAN8.RAY.2
 DRIVE   MEDIA   CYL TRK SECT  HARD  SOFT RETRIES            LBN
  -----   -----   --- --- ----  ----  ---- -------            ---

 DP110
          PS     355.  0.  13.    0.    7.     35.        1672054

JAN9.RAY.2
 DRIVE   MEDIA   CYL TRK SECT  HARD  SOFT RETRIES            LBN
  -----   -----   --- --- ----  ----  ---- -------            ---

 DP110
          PS     165. 29.  20.    0.    4.     16.         675720
                 320. 29.  35.    0.    1.      5.        1536400
                 355.  0.  13.    0.    2.     10.        1672054
                 474. 17.   1.    0.    1.      3.        2373234

    