

                          DISK USAGE REPORT
                               All Gans

Previous Run Date & Time :  6 JAN 86      15:26
Present  Run Date & Time : 17 JAN 86      11:20
Old File Date            :  1 JAN 64
File Storage is Shown in Pages

    USER               CURRENT     PREVIOUS    DIFFERENCE   OLD
----------------------------------------------------------------------
*1BATCH                 551        1336        -785           0
*6NEWS                   29          21           8           0
1213MGR                 311         311           0           0
ACT10                    20          20           0           0
ACTRTY                  752         666          86           0
ALANK                     0           0           0           0
ALONG                     0           0           0           0
AMARCIEL                  0           0           0           0
AMYKWOK                   0         175        -175           0
AMYLEE                 7642        2060        5582           0
ANEWMAN                3454        3448           6           0
APICHELL                  0           0           0           0
APSSUP                 8384        8147         237           0
ARCHIVES                270         270           0           0
ATFADM                   80          80           0           0
ATFBLD                    0           0           0           0
ATFCDR                    0           0           0           0
ATFLIB                    0           0           0           0
ATFMOV                    0           0           0           0
ATFOUT                    0           0           0           0
ATFSTO                    0           0           0           0
ATFTDR                    0           0           0           0
AUDLIB                  320         320           0           0
AWHITE                    0           0           0           0
BAIGENT                  25          25           0           0
BASELINE               4359        4191         168           0
BASELINEINT              44          36           8           0
BETATEST              25524       30767       -5243           0
BETATESTINT             832          31         801           0
BILLF                    27          27           0           0
BILLING10             11368        4369        6999           0
BOBJ                    264         264           0           0
BRING                   174         166           8           0
BUBBNET                 354         504        -150           0
BURNS1                   56          56           0           0
BURRIESCIN             4926        4829          97           0
CARL                   3963        3968          -5           0
CARRELLA                305         268          37           0
CC                     1074        1074           0           0
CCHANG                 1427        1566        -139           0
CHANGC                 2833        2977        -144           0
CHERIE                    0           0           0           0
CLAMBERT               1197        1197           0           0
COLLECTR                102         102           0           0
COMMPRO                   0           0           0           0
COPQ                   1765        1765           0           0
CORPTEL                   2           2           0           0
CPAPRINT               1258        1258           0           0
CRASH                   892         892           0           0
CREEGANC                 31          31           0           0
CUD10                 45199       45199           0           0
CUPCOPS                   2           2           0           0
CUPCWRN                 684         664          20           0
DALSWRN                 248         248           0           0
DAVARJ                 3159        2968         191           0
DBBILLING                 0           0           0           0
DBENDER                 252         252           0           0
DCD10051                  0           0           0           0
DCD10056                  0           0           0           0
DENCOFF                 769         723          46           0
DER-FAI                2906        2843          63           0
DIAG10C                  20          20           0           0
DIST10D1                  0           0           0           0
DIST10E1                  0           0           0           0
DIST10F1                  0           0           0           0
DIST123B                  0           0           0           0
DIST123C                  0           0           0           0
DIST123D                  0           0           0           0
DIST124A                 20          20           0           0
DIST128A                  0           0           0           0
DIST144C                  0           0           0           0
DIST231A                  0           0           0           0
DIST232A                  0           0           0           0
DIST26C                   0           0           0           0
DIST86B                   0           0           0           0
DNDSPEC                2617        2645         -28           0
DNDUTIL                 558         568         -10           0
DOCUMENT                  0           0           0           0
DONAHUE                  27          27           0           0
DUPJOB10                  0           0           0           0
EDITOR                  911         911           0           0
ELFCODE                1621        1621           0           0
ELFDEV                 2956        2956           0           0
EPASCAL                1430        1430           0           0
EPASCAL1               1801        1801           0           0
ERDEI                  6100        4964        1136           0
EVANSG                    0         932        -932           0
FBARTON                   0        ----        ----           0
FLETCHERC                 0           0           0           0
FRANK                    95          95           0           0
FRANKWU                1232        1282         -50           0
FREITAS2                  0           0           0           0
FREMWRN                 327         327           0           0
FRICKEL                 111         111           0           0
FSIEGEL                   0           0           0           0
FTMAGNUM               4503        4503           0           0
FTSYS                  2699        2686          13           0
FTSYSDOC                 15          15           0           0
FTTBA                   727         727           0           0
GAMBLE                    0        ----        ----           0
GBLOOD                   95          95           0           0
GDELSAD                5568        5346         222           0
GHBARLOW               5715        6856       -1141           0
HLE                    2947        2300         647           0
HOLCOMBK                  0           0           0           0
HOLD                   1403        1403           0           0
HUEYMA                 8060        6873        1187           0
IMPORT                  849         849           0           0
IRONHAT                4722        4632          90           0
ISINSTALL                16          16           0           0
ISIS                   2675        2753         -78           0
ISIS2                  5862        5862           0           0
ISISDOC                 849         739         110           0
JBALL                     0           0           0           0
JENNYG                    1           1           0           0
JENNYSHEN              1208        1243         -35           0
JMARCIN                4847        5993       -1146           0
JMS                      93          93           0           0
JORTIZ                 6283        6897        -614           0
JSALISBURY                0           0           0           0
JSPENCER                161         161           0           0
KATHRYNC                431         431           0           0
KDAWSON                  13         517        -504           0
KHYLEN                    3           0           3           0
KL10                      0           0           0           0
KRIVANEC                118         116           2           0
KRUMVP                   66          66           0           0
LINDLEY                3068        3037          31           0
LMORRIS                 114         123          -9           0
LNOTARY                3072        3525        -453           0
LVDIAS                    0        1377       -1377           0
M33                    2091        2092          -1           0
MAGNUM                 4013        4013           0           0
MAIL                    942         925          17           0
MARCONIT                 25          25           0           0
MEMALO                    0           0           0           0
MIKERUDE                 32           6          26           0
MOSSERJ                  44          44           0           0
MPL                    1492        1492           0           0
MSHEN                  2892        2892           0           0
MVSOTSD1                177         170           7           0
MVSOTSD2                  0           0           0           0
NANCYH                  268         268           0           0
NEMSOURCE               623         623           0           0
NETVALCODE             5424        4255        1169           0
NGA2                      0           0           0           0
NGAMIKE                   0           0           0           0
NOWAKJ                    0           0           0           0
NSDADM                 1242        1242           0           0
NSDLIB                    0           0           0           0
NTDDOC                  441           2         439           0
NTDLIBRARY                0        4512       -4512           0
NTDTIME                1043        1043           0           0
OHLSONK                   0           0           0           0
ONTYMEDOC              4940        4910          30           0
OPER                   3427        3572        -145           0
OSERANG                   0           0           0           0
OSIBASE                5225        5212          13           0
OSIDEV1                7616        6031        1585           0
OSIDEV2                3185        3227         -42           0
OSIOLD                    0           0           0           0
OSIRIS                 9887        9888          -1           0
OSITEST                5404        9263       -3859           0
OSIUTL1                1090        1060          30           0
OSIUTL2                3966        3938          28           0
OSMAN                    94          94           0           0
OSNF                      0           0           0           0
OSU                       2           2           0           0
PAKTOR                 5109        5065          44           0
PATROL                 3824        4140        -316           0
PAUYEUNG                525         525           0           0
PEAK                   2417        2482         -65           0
PEGGYH                 2304        1048        1256           0
PEREZG                    0           0           0           0
PERPOPER                  0           0           0           0
PHARVEY                1069         901         168           0
PJ                      145         143           2           0
PMANLEY                 244         204          40           0
PMETZ                    23          23           0           0
POINTERC                  0           0           0           0
POLKK                     0           0           0           0
PSCHIL                 1439        1439           0           0
PUB                     137         137           0           0
PWSLIB                   56          56           0           0
QABUILDOSC                0           0           0           0
QALIBSYM                  0           0           0           0
QASYS                   642         642           0           0
RAFFO                  8000        6231        1769           0
RAMDBUG                1691        1876        -185           0
RICHARDSON                7           7           0           0
RICHTENG                  0           0           0           0
RJK                       0           0           0           0
RKLUTE                    0        ----        ----           0
RMURPHY                9713        9672          41           0
RODRIGUESP                0           0           0           0
ROECHELJ                  0         203        -203           0
RTAYLOR                   0           0           0           0
RTEWS                     0        1022       -1022           0
SACPRINT                  0           0           0           0
SAILIB                  539         539           0           0
SAILTEST                290         290           0           0
SALTYRON                746         742           4           0
SANDERSC                  0           0           0           0
SBALDWIN               1108         804         304           0
SCHRAMM                 218         188          30           0
SCOHEN                    2           2           0           0
SKOEHLER                  0           0           0           0
SLLDCAIN                  0        5106       -5106           0
SLOTDUMP                472        2955       -2483           0
SOURCE                38485       39707       -1222           0
SOURCEINT               363         363           0           0
SPL                    1798        1794           4           0
SPOOL                  2486         972        1514           0
SPOOLING                  0           0           0           0
SPOOLRM                  59          51           8           0
SPPOPER                 741         720          21           0
SRA                     611         641         -30           0
SRA1                     32          32           0           0
SRABAK                    0           0           0           0
SRACRT                  583         583           0           0
SRAFDM                    0           0           0           0
SRAFRCST                143         143           0           0
SRAFT                     0           0           0           0
SRAINV                    0           0           0           0
SRAMOV                   38          38           0           0
SRARPTS                   0           0           0           0
SRASO                     0           0           0           0
SRATECH                 155         155           0           0
SRATEST                   0           0           0           0
SRATESTZ                  0           0           0           0
SRATREND                  0           0           0           0
SRAUTIL                 508         508           0           0
SRAVAL                  368         368           0           0
SSBACKUP                582         614         -32           0
SSEREP                  141         141           0           0
SSINSTALL              7382        7372          10           0
SSJREP                    0           0           0           0
SSPAMBIN                  6           6           0           0
SSPERP                    0           0           0           0
SSPRINT                1119        1119           0           0
SSSPOOL                   2           2           0           0
SSUTIL                   66          66           0           0
SSVALSUP                303         303           0           0
SYS                   21448       20579         869           0
SYSMAINT                569         569           0           0
SYSNEWS                 505         505           0           0
TAPEDIR                   0           0           0           0
TAPELIB                  20          20           0           0
TAPELIBE                592         592           0           0
TBATLIB                 779         779           0           0
TCMCON                   51          51           0           0
TECHSERV               2134        2122          12           0
TEDYEH                 4348        2923        1425           0
TELCOBUDGET              24          24           0           0
TIIDEV                    0           0           0           0
TMCSDEV                4377        3771         606           0
TMCSSOURCE             6388        6373          15           0
TQCNTRL                 788         776          12           0
TRUCONTROL                0           0           0           0
TSENG                     0           0           0           0
TSUCOOP                   3          10          -7           0
TXSSUP                 1517        1517           0           0
TYMGEN                    0           0           0           0
TYMNET                  315         315           0           0
TYMRES                    0           0           0           0
UAS                    1564        1564           0           0
UFD                       4           0           4           0
UN1                     443         388          55           0
UPL                    5733        5733           0           0
USEVAL                  263         263           0           0
UTIL                   2997        2845         152           0
VALDEV                   19          19           0           0
VALIDATE               2020        2016           4           0
VALNETCODE             3044        6741       -3697           0
VIVIAN                  654         654           0           0
WNFE                      0           2          -2           0
WRS                     683    683           0           0
WSEE                      0           0           0           0
WWANG                     0           0           0           0
XEXEC                   170         165           5           0
XMAGNUM                4499        4499           0           0
----------------------------------------------------------------------
TOTALS               452070      458502       -6432           0
----------------------------------------------------------------------

		}YW