 
 
 CS800 585450  91040     29 FRE   ARTHUR ANDERSEN      1 UK800   15.5
 CS800 585368  10576      0 NODE  MCI                  1 NFTEL   28.3
 CS800 585356  91011     20 FRE   BECTON DICKENSO      1 FLMTC   28.7
 NSSC  584254   7401      0 TURBO MCI                  1 CTSSL   45.2
 CS800 585287  13626  13626 PAP   QUOTRON              1 NFOTA   53.9
 CS800 585406   2475   2475 DIALU ISUZU                2 NFONE   25.5
 CS800 585395   3346   7135 SNA   IBP INC              2 NIS     26.1
 CS800 585369   7025   7026 DIALU AVENMORE             2 NFOCH   28.3
 CS800 585347   4060   4713 DIALU NABISCO              2 CS8CU   29.0
 CS800 585318   6366  20524 ISCS  MCI DATA/NETWOR      2 UK800   29.8
 CS800 585297  14745  14745 DIALU XEROX                2 NTS     30.3
 CS800 585294  11160  11160 DIALU PRUDENTAIL SECU      2 FLMTC   30.4
 CS800 585283  12774   9603 XCOM  RHOM & HAAS          2 AFPUB   54.1
 CS800 585225  14344   8363 XCOM  DOW JONES            2 NFOKP   57.3
 NSSC  585044   3047    433 XCOM  SW BELL              2 WTSDA   74.1
 CS800 584271   3464  13165 DG    FREMONT DATA CE      2 NFOSB  167.4
 NSSC  584195  15055      0 PROJ  POLYGRAM INT'L       2 NETCO  181.4
 CS800 583271  15643   7742 XCOM  APPLE COMPUTER       2 WTSSF  316.1
 CS800 570279   7661  21617 XCOM  PSS TYMDIAL          2 DTPSC 1714.4
 CS800 585263   7240   7405 DIALU DIALOG               3 WTSSF   55.5
 CS800 585037  10170      0 OTHER NOVADYNE             3 NTENG   74.5
 CS800 584542  15547  15547 DIALU AOL ENDUSER          3 AFPUB  146.4
 CS800 584337   3374   4213 OTHER FREMONT DATA         3 FMTOP  158.2
 CS800 584248   6720     34 OTHER MCI                  3 NFOSB  170.3
