-r (mpl)auxio
version 53
*c tymktl:40
[connected]

PROJECT CODE:.LOGON AT 06:36:56 PST THURSDAY 10/30/86
CMS: R3.P01.V34Q 10/22/86 10:07
V34Q 10/30/86 06:37
R; T=0.03/0.28 06:37:10

C>
R(00001); T=0.01/0.04 06:37:49

C>
R(01024); T=0.01/0.05 06:40:16

C>CMS

C>CONNECTED TO TYMKTL:34
;
R LETTER
C
S
5
1
SYSTEM D34 WILL BE TEMPORARILY UNAVAILABLE DURING 
THE FOLLOWING PERIOD(S):

CENTRAL: SAT 11/1 0200-0400

EASTERN: SAT 11/1 0300-0500

GMT: SAT 11/1 0800-1000

JAPAN: SAT 11/1 1700-1900

MOUNTAIN: SAT 11/1 0100-0300

PACIFIC: SAT 11/1 0000-0200

THANK YOU,
OPERATIONS
AWS 
^DC
Q
NEWFIN SYSTEM INFO.   CURRENT DATA FOR BUDGET =BUDGT1.06F
BACKUP FILE:F1=BUDGT1.##F, F2=BUDGT2.##F,BUDGET=BGT84.BGT
            FY. 84....BASE=BGT84.BSE

tymshare  2343  30-oct-1986

EXIT

-TTY WIDTH 132 RXE LC FORM

-
-r nad
1.1
%f   (tymktl)nd3371.n01

%g
;g
Data ranges read:
0-1C0F 10000-144A7 90000-92203 0E0000-0E011F 


;c   tymktl:1882
Working
Circuit ready

node: 3371
host: 1882

slot #: ;R01


Slot 01 running: DDT
*::?hist

Current system time is: 16:07:53
*::?host

No hosts in use
5d ports in use
*::?who

FF  *no one*
 0  JCM
 1* TYMKTL  {JCM}
 2  JCM
 3  JCM
 4  JCM
 5  JCM
 6  JCM
 7  JCM
*:r iring,irsize
24008  1C88  1C88  CC41  4EC3  C5A0  A9A0  53D4  41D2
24018  D4A0  B836  2EB1  302E  3330  2833  3033  A9A0
24028  B233  2E30  398D  0A0F  CA44  CAB7  3936  C9A0
24038  53D4  C550  2842  41CC  414E  C3C5  A0A9  A053
24048  D4CF  50A0  A0B8  362E  B130  2E33  3028  3330
24058  33A9  A0B2  332E  3039  A0C3  5055  A0D4  C94D
24068  C5BD  28A0  A0A0  304D  C94E  AC30  302E  3030
24078  53C5  C3A9  A056  C9D2  D4A0  53D4  CFD2  4147
24088  001F  9DC5  BDA0  A0A0  A030  4B42  A053  5953
24098  A053  D4CF  D241  47C5  BDA0  A0A0  A030  4B42
240A8  8D0A  0FCA  44CA  B4B8  30C9  A0A0  A0D4  C553
240B8  D42E  CCC9  4E4B  CCC9  42A0  A0A0  A0A0  A0A0
240C8  A0A0  A0A0  A0A0  A0A0  A0A0  A0A0  A0A0  A0A0
240D8  A0A0  A0A0  A0A0  A0A0  A0A0  4BC5  50D4  8D0A
240E8  0FCA  44CA  B4B8  30C9  A0A0  A056  534E  BD44
240F8  C953  4B30  B82E  8D0A  0FCA  44CA  B4B8  30C9
24108  A0A0  A0D8  53D2  D42E  CCC9  4E4B  CCC9  42A0
24118  A0A0  A0A0  A0A0  A0A0  A0A0  A0A0  A0A0  A0A0
24128  001F  98A0  A0A0  A0A0  A0A0  A0A0  A0A0  A0A0
24138  A0A0  A04B  C550  D48D  0A0F  CA44  CAB4  B830
24148  C9A0  A0A0  5653  4EBD  44C9  534B  30B2  2E8D
24158  0A0F  CA44  CAB4  B830  C9A0  A0A0  5359  53B8
24168  3633  3033  2ED4  B2B2  33B7  B4B2  2ED2  4130
24178  3030  2E4D  C5C3  3030  B435  352E  D4C5  4D50
24188  B433  A0A0  A0A0  A0A0  A044  C5CC  C5D4  C544
24198  8D0A  0FCA  44CA  B4B8  30C9  A0A0  A056  534E
241A8  BD44  C953  4B30  B72E  8D0A  0FCA  44CA  B4B8
241B8  30C9  A0A0  A053  5953  B836  3339  001F  9D30
241C8  332E  D4B2  B233  B7B4  B22E  D241  3030  302E
241D8  4DC5  C330  30B4  3535  2ED4  C54D  5030  C6A0
241E8  A0A0  A0A0  A0A0  44C5  CCC5  D4C5  448D  0A0F
241F8  CA44  CAB4  B830  C9A0  A0A0  5653  4EBD  44C9
24208  534B  3036  2E8D  0A0F  CA44  CAB4  B830  C9A0
24218  A0A0  5359  53B8  3633  3033  2ED4  B2B2  33B7
24228  B4B2  2ED2  4130  3030  2E4D  C5C3  3030  B435
24238  352E  D4C5  4D50  3044  A0A0  A0A0  A0A0  A044
24248  C5CC  C5D4  C544  8D0A  0FCA  44CA  B4B8  30C9
24258  A0A0  A056  534E  BD44  C953  4B30  001F  9D36
24268  2E8D  0A0F  CA44  CAB7  39B7  C9A0  CACF  42A0
24278  284D  C5C3  3030  B435  35A9  A053  D441  D2D4
24288  A0B8  362E  B130  2E33  3028  3330  33A9  A0B2
24298  B22E  33B7  8D0A  0FCA  44CA  B739  B8C9  A0CA
242A8  CF42  A028  4DC5  C330  30B4  3535  A9A0  53D4
242B8  CF50  A0A0  B836  2EB1  302E  3330  2833  3033
242C8  A9A0  B233  2E30  39A0  C350  55A0  D4C9  4DC5
242D8  BD28  A0A0  A035  4DC9  4EAC  3535  2E30  B753
242E8  C5C3  A98D  0A0F  8D0A  0FA0  A0A0  A0A0  A0A0
242F8  A0A0  A0AA  AAA0  A044  41D4  41A0  001F  9D53
24308  C5D4  A055  D4C9  CCC9  D459  A02D  A0CA  5344
24318  53C3  5059  A0A0  AAAA  A0A0  A0A0  A04D  C553
24328  5341  47C5  53A0  414E  44A0  C3CF  4ED4  D2CF
24338  CCA0  53D4  41D4  C54D  C54E  D453  A0A0  A0A0
24348  A0B8  362D  B130  2D33  30AC  A0B2  B23A  33B7
24358  3A35  B1A0  A050  4147  C5A0  3030  30B1  8D0A
24368  0FCA  5344  3335  B2C9  A0A0  AAD7  41D2  4EC9
24378  4E47  A02D  A0CF  55D4  5055  D4A0  D2C5  C3C6
24388  4DAF  CCD2  C5C3  CCAF  42CC  4B53  C95A  C5A0
24398  C3CF  50C9  C544  A0C6  D2CF  4DA0  001F  9DC9
243A8  4E50  55D4  8D0A  0F8D  0A0F  CA53  4433  35B4
243B8  C9A0  A0C5  4E44  A0CF  C6A0  4441  D441  A053
243C8  C5D4  2EA0  CF55  D450  55D4  A042  CC4B  BDA0
243D8  A0A0  A0A0  A0B4  B2B4  33AC  D2C5  C3BD  A0A0
243E8  A0A0  B235  B739  3636  8D0A  0FCA  5344  3335
243F8  35C9  A0A0  C54E  44A0  CFC6  A0CA  CF42  2EA0
24408  D2C5  D455  D24E  A0C3  CF44  C5A0  C953  A030
24418  3030  308D  0A0F  8D0A  0F55  30B1  C94E  BDBD
24428  BDBD  BDBD  BDBD  BDBD  BEA0  30B2  35B7  3936
24438  368D  0A0F  5530  B2C9  4EBD  BDBD  001F  9DBD
24448  BDBD  BDBD  BDBD  BEA0  3030  3033  B233  B28D
24458  0A0F  55B4  30CF  55D4  2841  D8D8  A9BD  BDBD
24468  BDBE  A030  30B7  B839  39B8  8D0A  0F55  B4B1
24478  CF55  D428  C5D8  D8A9  BDBD  BDBD  BEA0  30B1
24488  B439  3636  368D  0A0F  55B4  B2CF  55D4  28D8
24498  D8D8  A9BD  BDBD  BDBE  A030  3030  3030  3030
244A8  8D0A  0F55  B433  CF55  D428  42D8  D8A9  BDBD
244B8  BDBD  BEA0  3030  30B2  B1B7  338D  0A0F  55B4
244C8  B4CF  55D4  28C3  D8D8  A9BD  BDBD  BDBE  A030
244D8  3030  3030  3030  8D0A  0F55  B435  001F  9DCF
244E8  55D4  2844  D8D8  A9BD  BDBD  BDBE  A030  3030
244F8  3030  3030  8D0A  0F55  B436  CF55  D428  C6D8
24508  D8A9  BDBD  BDBD  BEA0  3030  3030  3030  308D
24518  0A0F  55B4  B7CF  55D4  28A0  D8D8  A9BD  BDBD
24528  BDBE  A030  3030  3030  30B1  8D0A  0F55  B4B8
24538  CF55  D428  59D8  D8A9  BDBD  BDBD  BEA0  3030
24548  3030  3030  308D  0A0F  55B4  39CF  55D4  2847
24558  D8D8  A9BD  BDBD  BDBE  A030  3030  3030  3030
24568  8D0A  0F55  3530  CF55  D428  4DD8  D8A9  BDBD
24578  BDBD  BEA0  3030  3030  3030  308D  001F  430A
24588  0F55  35B1  CF55  D428  A030  B2A9  BDBD  BDBD
24598  BEA0  3030  3030  3030  308D  0A0F  5536  3028
245A8  412D  D2C5  C3A9  BDBD  BDBD  BDBE  A030  3030
245B8  30B7  39B2  8D0A  0F55  3630  2842  2DD2  C5C3
245C8  A9BD  3036  001F  9DBD  BDBD  BDBE  A030  3030
245D8  3030  3030  8D0A  0F55  3630  2844  C54E  4ECF
245E8  A053  50A9  BDBD  BEA0  3030  B239  3536  B88D
245F8  0A0F  8D0A  0F8D  0A0F  A0A0  A0A0  A0A0  A0A0
24608  A0AA  AAA0  A053  2DB1  B2B1  B12D  B22D  3033
24618  2D30  B2A0  4EC9  A0A0  AAAA  A0A0  A0A0  A0A0
24628  A0A0  A0A0  A0A0  A0A0  A0A0  C5D8  D4C5  4E44
24638  C544  A0A0  53CF  D2D4  AF4D  C5D2  47C5  A0A0
24648  A0A0  A0A0  A0A0  A0A0  A0A0  A0A0  A0A0  A0A0
24658  B836  2DB1  302D  3330  A0A0  A0A0  B2B2  3A35
24668  B73A  B4B7  001F  9D8D  0A0F  8D0A  0FA0  53CF
24678  D2D4  A0C6  C9C5  CC44  53BD  2830  3030  B1AC
24688  30B2  30AC  C348  AC41  A98D  0A0F  A0D2  C5C3
24698  CFD2  44A0  D459  50C5  BDC6  ACCC  C54E  47D4
246A8  48BD  2830  3033  3030  A98D  0A0F  A0CA  5348
246B8  3035  3548  A0A0  C94E  53C5  D2D4  A0A0  A0B1
246C8  B439  3636  36AC  A044  C5CC  C5D4  C5A0  A0A0
246D8  B1B4  3936  3636  8D0A  0FA0  CA53  48B1  B2B4
246E8  C9A0  A0D4  D24B  A0A0  CF56  C5D2  2D41  CCCC
246F8  CFC3  A0C6  41C3  D4CF  D2BD  A050  D2C9  4DAF
24708  5553  C544  001F  9DBD  B12E  B18D  0A0F  A0CA
24718  5348  30B4  35C3  A0A0  C54E  44A0  53CF  D2D4
24728  A050  488D  0A0F  A0CA  5348  B2B4  36C9  A0A0
24738  C6C9  CCC5  53C9  5AC5  A0B4  B4AC  B839  39AC
24748  B830  30A0  4259  D4C5  538D  0A0F  A0CA  5348
24758  3035  B448  A0A0  D2C3  44A0  C94E  A0A0  A0A0
24768  A0A0  A0A0  30AC  A0CF  55D4  A0A0  A0A0  A0A0
24778  A0A0  308D  0A0F  A0CA  5348  3035  B2C9  A0A0
24788  C54E  44A0  53CF  D2D4  AF4D  C5D2  47C5  A0CF
24798  50D4  BDA0  4DAC  A0A0  4DC5  C330  30B4  3535
247A8  AC50  C5C9  0020  050F  30B2  B836  0020  0630
247B8  A0AF  AFA0  A04E  44A0  0020  06A0  A0A0  A0A0
247C8  A0C5  D455  0020  07A0  5350  41C3  C5BD  A030
247D8  0020  0B28  C359  CCAC  2833  30AC  35A9  BDBD
247E8  0020  06AC  D2CC  53C5  A9A0  30B2  0020  06AC
247F8  56CF  CCBD  5330  B2C9  0020  0BC5  D2BD  44C9
24808  534B  3036  8D0A  B400  001F  9D47  59CF  D7A0
24818  AC8D  0A0F  D4CF  D441  CCA0  C94E  5055  D4A0
24828  C3CF  554E  D4A0  C953  A030  B1B4  3936  3636
24838  8D0A  0F8D  0A0F  8D0A  0FA0  A0A0  A0A0  A0A0
24848  A0A0  AAAA  A0A0  532D  B1B2  B1B1  2DB2  2D30
24858  332D  30B2  A04E  A0A0  A0AA  AAA0  A0A0  A0A0
24868  A0A0  A0A0  A0A0  A0A0  A0A0  A0C5  D8D4  C54E
24878  44C5  44A0  A053  CFD2  D4AF  4DC5  D247  C5A0
24888  A0A0  A0A0  A0A0  A0A0  A0A0  A0A0  A0A0  A0A0
24898  A0B8  362D  B130  2D33  30A0  A0A0  A0B2  333A
248A8  30B7  3A35  B18D  0A0F  001F  908D  0A0F  A053
248B8  CFD2  D4A0  A0C6  C9C5  CC44  53BD  28B2  B8AC
248C8  B2B1  AC41  A9AC  C6CF  D24D  41D4  BDC3  48A0
248D8  A0A0  A0A0  A0A0  A0A0  A0A0  A0A0  A0A0  A0A0
248E8  A0A0  A0A0  A0A0  A0A0  A0A0  A0A0  A0A0  A0A0
248F8  A0A0  A0A0  A0A0  3030  3030  B239  3330  8D0A
24908  0F8D  0A0F  CAC5  D433  3536  B7B4  C9A0  CACF
24918  42A0  4DC5  C330  30B4  3528  D453  5530  3939
24928  30B8  A9A0  4841  53A0  4ECF  A048  C5CC  44A0
24938  CF55  D450  55D4  8D0A  0FD2  BEBD  0020  040F
24948  CAC5  D430  0020  0633  35B7  B835  C9D4  2847
24958  0020  0CA0  CACF  42A0  4DC5  C330  30B4  3530
24968  0020  0735  28CA  CF42  30B1  4DD8  0020  05B7
24978  3936  A9A0  0020  0653  5542  4DC9  D405  430A
24988  0020  05D4  C544  8D0A  001E  010F  001E  06A0
24998  CA44  CAB2  B730  3030  001E  0635  C9A0  4DC5
249A8  C32D  D2C5  001E  0630  30B4  3535  A030  3030
249B8  001E  0653  D441  D2D4  C530  2842  001E  1344
249C8  A0D4  C94D  C5BD  B233  2EB1  352E  3036  8D0A
249D8  0FA0  3030  001E  06CA  44CA  B2B7  354E  4ECF
249E8  001E  20C9  A04D  C5C3  3030  B435  35AC  53D4
249F8  C550  A0AC  A0AC  53D4  C550  A053  D441  D2D4
24A08  C544  A0A0  001E  0FD4  C94D  C5BD  B233  2EB1
24A18  352E  3036  8D0A  A0A0  001E  030F  A0CA  3A35
24A28  001E  0644  CAB4  3930  C90F  8D0A  001E  06A0
24A38  4DC5  C330  30C5  CC44  001E  06B4  3535  AC53
24A48  D4B2  30AC  001E  06C5  50A0  ACA0  ACD2  C5C3
24A58  001E  2053  D4C5  50A0  C54E  44C5  44A0  D2D4
24A68  4EA0  C3CF  44C5  BD30  3030  30A0  D4C9  4DC5
24A78  BDB2  3348  001E  192E  B1B8  2EB2  B48D  0A0F
24A88  A0CA  44CA  B2B7  35C9  A04D  C5C3  3030  B435
24A98  001E  2035  AC41  C953  3530  B430  A0AC  A0AC
24AA8  53D4  C550  A053  D441  D2D4  C544  A0D4  C94D
24AB8  C5BD  B2C6  001E  0933  2EB1  B82E  B235  8D0A
24AC8  001E  050F  A0CA  44CA  001E  07B4  3930  C9A0
24AD8  4DC5  0A0F  001E  05C3  3030  B435  001E  0635
24AE8  AC41  C953  35A0  C953  001E  0630  B430  A0AC
24AF8  A00A  0F8D  001E  20AC  53D4  C550  A0C5  4E44
24B08  C544  A0D2  D44E  A0C3  CF44  C5BD  3030  3030
24B18  A0D4  C94D  C5BD  B2A0  001E  2033  2EB2  362E
24B28  3333  8D0A  0FA0  CA44  CAB2  B735  C9A0  4DC5
24B38  C330  30B4  3535  AC41  C953  35C5  001E  2030
24B48  3530  D4AC  A0AC  53D4  C550  A053  D441  D2D4
24B58  C544  A0D4  C94D  C5BD  B233  2EB2  362E  333A
24B68  001E  0333  8D0A  0A0F  001E  020F  A030  3030
24B78  001E  07CA  44CA  B439  30C9  2842  001E  05A0
24B88  4DC5  C330  001E  0630  B435  35AC  4136  8D0A
24B98  001E  06C9  5335  3035  30CA  B2B7  001E  20D4
24BA8  ACA0  AC53  D4C5  50A0  C54E  44C5  44A0  D2D4
24BB8  4EA0  C3CF  44C5  BD30  3030  30A0  D4C9  4DD4
24BC8  001E  20C5  BDB2  332E  3335  2E30  B78D  0A0F
24BD8  A0CA  44CA  B2B7  35C9  A04D  C5C3  3030  B435
24BE8  35AC  5000  001E  20C5  C947  59CF  D7A0  ACA0
24BF8  AC53  D4C5  50A0  53D4  41D2  D4C5  44A0  D4C9
24C08  4DC5  BDB2  332E  3383  001E  0635  2E30  B88D
24C18  0A07  B99D  001E  050F  CA44  C5B2  001E  05B1
24C28  B2C9  A041  001E  06C3  D4C9  56C5  A000  0083
24C38  001E  06D4  4153  4B53  A007  B99D  001E  06B2
24C48  332E  B435  2E82  0000  001E  2030  338D  0A0F
24C58  A0A0  A030  3030  3036  A041  C3D4  C956  C5A0
24C68  CACF  4253  A0A0  3030  30B1  3506  001E  20A0
24C78  41C3  D4C9  56C5  A0C9  4EC9  D4C9  41D4  CFD2
24C88  538D  0A0F  A053  41D2  44A0  A0A0  A0A0  CC80
24C98  001E  20CF  47A0  A0A0  A0A0  A0A0  A0A0  A0A0
24CA8  A0A0  A0A0  A0A0  56BD  56A0  A0A0  A04D  C5C3
24CB8  3030  B404  001E  2035  35A0  50C5  C947  59CF
24CC8  D7A0  A0A0  A0A0  A0A0  A0A0  A0A0  A0A0  56BD
24CD8  568D  0A0F  A0CA  53C3  001E  2053  33A0  A0A0
24CE8  A0A0  CA53  5333  A0A0  A0A0  A0CA  44CA  50D2
24CF8  CFC3  A0A0  A0A0  56BD  56A0  A050  001E  20A0
24D08  A0C3  C350  4D4E  A0A0  A0A0  C3C3  50A0  A0A0
24D18  A0A0  A0CA  44CA  50D2  CFC3  A0A0  A0A0  562E
24D28  001E  20BD  568D  0A0F  A056  D44D  A0A0  A0A0
24D38  A0A0  56D4  4DA0  A0A0  A0A0  A056  D44D  A0A0
24D48  A0A0  A0AC  001E  20A0  A0A0  56BD  56A0  A0A0
24D58  A0D4  5353  A0A0  A0A0  A0A0  D453  53A0  A0A0
24D68  A0A0  A0D4  5353  A00F  001E  0CA0  A0A0  A0A0
24D78  A0A0  56BD  568D  0A80  001E  020F  A000  0000
24D88  001E  06CA  44CA  B439  3030  09B0  001E  06C9
24D98  A04D  C5C3  3000  0083  001E  0630  B435  35AC
24DA8  5007  B99D  001E  06C5  C947  59CF  D782  0000
24DB8  001E  20A0  ACA0  AC53  D4C5  50A0  C54E  44C5
24DC8  44A0  D2D4  4EA0  C3CF  44C5  BD30  3030  30A0
24DD8  D4C9  4D06  001E  0CC5  BDB2  332E  B435  2EB1
24DE8  B28D  0A10  001E  020F  A006  B400  001E  06CA
24DF8  44CA  B2B7  3500  0000  001E  18C9  A04D  C5C3
24E08  3030  B435  35AC  53CF  D2D4  A0AC  A0AC  53D4
24E18  C550  A004  001E  1753  D441  D2D4  C544  A0D4
24E28  C94D  C5BD  B233  2EB4  352E  B133  8D0A  1982
24E38  001E  030F  CA44  B439  001E  05C5  B2B1  B2C9
24E48  001E  06A0  41C3  D4C9  5635  35AC  001E  07C5
24E58  A0D4  4153  4B53  3035  001E  05A0  B233  2EB4
24E68  001E  2035  2EB2  B78D  0A0F  A0A0  A030  3030
24E78  3035  A041  C3D4  C956  C5A0  D453  53A0  5553
24E88  C5D2  53C5  001E  118D  0A0F  A0A0  4BD4  CC30
24E98  3930  B1A0  A04D  C5C3  001E  0F30  30B2  39A0
24EA8  A04D  C5C3  3030  B2B8  A0A0  59CF  001E  124D
24EB8  C5C3  3030  B435  A0A0  4DC5  C330  3035  308D
24EC8  0AC5  BDB2  001C  B200  0A08  0A0F  001C  B400
24ED8  001C  B600  0030  384B  000C  3535  001C  B920
24EE8  001C  B013  001C  B012  001C  B011  001C  B010
24EF8  001C  B010  001C  B00E  001C  B00D  001C  B00C
24F08  001C  B00B  001C  B00A  001C  B009  001C  B008
24F18  001C  B007  001C  B006  001C  B004  001C  B003
24F28  001C  B002  001C  B001  001C  B000  001C  B101
24F38  0007  0018  001C  B102  006D  06F9  001C  B103
24F48  0100  0083  001C  B100  0043  4D8D  001C  B100
24F58  0106  9F35  001C  033B  8D0A  0000  001C  2052
24F68  204C  4554  5445  520D  0A43  0D0A  530D  0A35
24F78  0D0A  310D  0A53  5953  5445  4D20  4433  3406
24F88  001C  2020  5749  4C4C  2042  4520  5445  4D50
24F98  4F52  4152  494C  5920  554E  4156  4149  4C41
24FA8  424C  4580  001C  2020  4455  5249  4E47  200D
24FB8  0A54  4845  2046  4F4C  4C4F  5749  4E47  2050
24FC8  4552  494F  4428  5304  001C  2029  3A0D  0A0D
24FD8  0A43  454E  5452  414C  3A20  5341  5420  3131
24FE8  2F31  2030  3230  302D  3034  30C5  001C  2030
24FF8  0D0A  0D0A  4541  5354  4552  4E3A  2053  4154
25008  2031  312F  3120  3033  3030  2D30  3530  300F
25018  001C  200D  0A0D  0A47  4D54  3A20  5341  5420
25028  3131  2F31  2030  3830  302D  3130  3030  0D0A
25038  0D0A  4AC9  001C  2041  5041  4E3A  2053  4154
25048  2031  312F  3120  3137  3030  2D31  3930  300D
25058  0A0D  0A4D  4F55  4EA0  001C  2054  4149  4E3A
25068  2053  4154  2031  312F  3120  3031  3030  2D30
25078  3330  300D  0A0D  0A50  4143  49C5  001C  2046
25088  4943  3A20  5341  5420  3131  2F31  2030  3030
25098  302D  3032  3030  0D0A  0D0A  5448  414E  4BA0
250A8  001C  2020  594F  552C  0D0A  4F50  4552  4154
250B8  494F  4E53  0D0A  4157  5320  0D0A  5E44  430D
250C8  0A51  0D50  001C  200A  0D0A  7479  6D73  6861
250D8  7265  2020  3233  3436  2020  3330  2D6F  6374
250E8  2D31  3938  360D  0A0F  001C  200D  0A6F  706E
250F8  6F74  6963  6520  7761  6974  696E  670D  0A0D
25108  0A45  5849  540D  0A0D  0A2D  52BD  001C  2055
25118  4E20  2855  504C  4B54  2950  3337  4F46  460D
25128  0A0D  0A45  5849  540D  0A0D  0A2D  5454  59A0
25138  001C  0920  5459  5045  2031  0D0A  001C  B110
25148  0104  06CA  001C  B110  0130  09B0  001C  130D
25158  0A2D  5454  5920  5749  4454  4820  3133  320D
25168  0A0D  B99D  001C  050A  2D0D  0A2D  001C  AA00
25178  001C  1E2D  5741  5443  4820  5255  4E0D  0A0D
25188  0A2D  4441  590D  0A33  302D  4F43  542D  3139
25198  38C9  4D06  001C  1A36  2032  333A  3034  3A33
251A8  3420  4A53  540D  0A0D  0A2D  5220  4B4F  5059
251B8  0D06  B400  001C  200A  4652  4F4D  2046  494C
251C8  453A  2041  4C4C  2E54  5241  0D0A  544F  2046
251D8  494C  453A  2041  4CD4  001C  204C  5452  412E
251E8  4133  300D  0A5B  312E  3837  2020  205D  0D0A
251F8  0D0A  2D44  4543  2041  4C4C  2082  001C  2052
25208  4420  4E4F  2053  475A  5A41  4E2E  4441  0D0A
25218  0D0A  5B31  2E35  3120  2020  5D0D  0A0D  0A83
25228  001C  202D  4544  4954  0D0A  2A52  2044  554D
25238  4D59  2E44  4154  0D0A  2077  6F72  6B73  7061
25248  6365  20A0  001C  2069  7320  6B61  7461  206B
25258  616E  610D  0A32  3034  2043  6861  7273  0D0A
25268  2A52  2052  5452  418D  001C  204E  2E44  410D
25278  0A33  3434  3030  3820  4368  6172  730D  0A2A
25288  5220  414C  4C2E  5452  410D  0AA0  001C  2030
25298  2043  6861  7273  0D0A  2A52  2044  554D  4D59
252A8  2E44  410D  0A30  2043  6861  7273  0D0A  2A4D
252B8  001C  2045  580D  0A54  6F3A  2054  5241  4E2E
252C8  544D  500D  0A20  4E65  7720  6669  6C65  202D
252D8  4F4B  3F00  001C  2020  590D  0A33  3434  3230
252E8  3820  4368  6172  730D  0A5B  3131  372E  3634
252F8  2020  205D  0D0A  0D0E  001C  200A  6F70  6E6F
25308  7469  6365  2077  6169  7469  6E67  0D0A  2D45
25318  4449  540D  0A2A  5220  4455  4D04  001C  204D
25328  592E  4441  540D  0A20  776F  726B  7370  6163
25338  6520  6973  206B  6174  6120  6B61  6E61  0D03
25348  001C  200A  3230  3420  4368  6172  730D  0A2A
25358  5220  524D  5354  462E  4441  0D0A  3131  3036
25368  3730  3851C  2020  4368  6172  730D  0A2A
25378  5220  4455  4D4D  592E  4441  0D0A  3020  4368
25388  6172  730D  0A2A  454C  001C  2058  0D0A  546F
25398  3A20  5452  414E  2E4D  5354  0D0A  204E  6577
253A8  2066  696C  6520  2D4F  4B3F  2049  001C  2059
253B8  0D0A  3131  3036  3930  3820  4368  6172  730D
253C8  0A5B  3430  312E  3632  2020  205D  0D0A  0D0D
253D8  001C  1A0A  2D45  4449  540D  0A2A  5220  4455
253E8  4D4D  592E  4441  540D  0A20  776F  7206  2030
253F8  001C  206B  7370  6163  6520  6973  206B  6174
25408  6120  6B61  6E61  0D0A  3230  3420  4368  6172
25418  730D  0A0D  001C  202A  5220  524D  4443  4D2E
25428  4441  0D0A  4669  6C65  206E  6F74  2066  6F75
25438  6E64  0D0A  2A52  2041  001C  2044  554D  4D59
25448  2E44  410D  0A30  2043  6861  7273  0D0A  2A45
25458  580D  0A54  6F3A  2054  5241  4E54  001C  202E
25468  4D44  430D  0A20  4E65  7720  6669  6C65  202D
25478  4F4B  3F20  590D  0A32  3034  2043  6861  7246
25488  001C  2073  0D0A  5B32  2E37  3920  2020  5D0D
25498  0A0D  0A2D  4544  4954  0D0A  2A52  2044  554D
254A8  4D59  2E20  001C  2044  4154  0D0A  2077  6F72
254B8  6B73  7061  6365  2069  7320  6B61  7461  206B
254C8  616E  610D  0A32  300A  001C  2034  2043  6861
254D8  7273  0D0A  2A52  2052  594F  5341  4E2E  4441
254E8  0D0A  4669  6C65  206E  6F74  200D  001C  2066
254F8  6F75  6E64  0D0A  2A52  2044  554D  4D59  2E44
25508  410D  0A30  2043  6861  7273  0D0A  2A45  5855
25518  001C  200D  0A54  6F3A  2059  4F53  414E  2E44
25528  4154  0D0A  2045  7869  7374  696E  6720  6669
25538  6C65  2020  001C  202D  4F4B  3F20  590D  0A32
25548  3034  2043  6861  7273  0D0A  5B32  2E38  3020
25558  2020  5D0D  0A0D  0A49  001C  202D  4544  4954
25568  0D0A  2A52  2044  554D  4D59  2E44  4154  0D0A
25578  2077  6F72  6B73  7061  6365  2055  001C  2069
25588  7320  6B61  7461  206B  616E  610D  0A32  3034
25598  2043  6861  7273  0D0A  2A52  2052  4745  4E33
255A8  001C  2044  4F2E  4441  0D0A  4669  6C65  206E
255B8  6F74  2066  6F75  6E64  0D0A  2A52  2044  554D
255C8  4D59  2E41  001C  2044  410D  0A30  2043  6861
255D8  7273  0D0A  2A45  580D  0A54  6F3A  2047  454E
255E8  444F  2E44  4154  0D2E  001C  200A  2045  7869
255F8  7374  696E  6720  6669  6C65  202D  4F4B  3F20
25608  590D  0A32  3034  2043  6861  722E  001E  010F
25618  001E  06A0  CA44  CAB4  3920  5D0D  001E  0D30
25628  C9A0  4DC5  C330  30B4  3535  AC53  001E  05CF
25638  D2D4  A0AC  001C  1A73  0D0A  5B32  2E37  3220
25648  2020  5D0D  0A0D  0A2D  4445  4C20  5452  414E
25658  2E6E  610D  001E  18A0  AC53  D4C5  50A0  C54E
25668  44C5  44A0  D2D4  4EA0  C3CF  44C5  BD30  300D
25678  001E  1230  30A0  D4C9  4DC5  BDB2  332E  B4B7
25688  2EB2  308D  0A2E  5452  001E  050F  A0CA  44CA
25698  001E  06B2  B735  C9A0  4D52  2044  001C  2042
256A8  494C  2C54  5241  4E2E  4441  2C42  494C  4C2E
256B8  414C  4C2C  5452  414E  2E42  4931  2C54  522E
256C8  001E  1EC5  C330  30B4  3535  AC42  554E  50D2
256D8  CFA0  ACA0  AC53  D4C5  50A0  53D4  41D2  D4C5
256E8  4420  4368  001E  10A0  D4C9  4DC5  BDB2  332E
256F8  B4B7  2EB2  B18D  0A0E  001C  2041  4E2E  4249
25708  322C  5452  414E  2E41  4C4C  0D0A  0D0A  4649
25718  4C45  5320  4445  4C45  5445  4441  001C  203A
25728  0D0A  5452  414E  2020  2020  4441  0D0A  5452
25738  414E  2020  2020  414C  4C0D  0A5B  312E  3820
25748  001C  2030  2020  205D  0D0A  0D0A  2D44  454C
25758  2044  412E  2A0D  0A0D  0A4E  4F20  4649  4C45
25768  5320  532A  001C  2041  5449  5346  5949  4E47
25778  2052  4551  5545  5354  0D0A  5B31  2E33  3020
25788  2020  5D0D  0A0D  0A32  001C  202D  4445  4C20
25798  5323  2323  2323  2E44  410D  0A0D  0A46  494C
257A8  4553  2044  454C  4554  4544  3A6F  001C  200D
257B8  0A53  475A  5A41  4E20  2044  410D  0A53  415A
257C8  5A41  4E20  2044  410D  0A53  5452  414E  2072
257D8  001C  2020  2044  410D  0A53  5348  5A41  4E20
257E8  2044  410D  0A5B  322E  3132  2020  205D  0D0A
257F8  0D0A  2D0A  001C  2044  454C  2052  4550  2323
25808  232E  2A0D  0A0D  0A46  494C  4553  2044  454C
25818  4554  4544  3A0D  0A54  001C  2052  4550  3536
25828  2020  2054  5341  0D0A  5245  5030  3220  2020
25838  5447  410D  0A52  4550  3536  5743  001C  2020
25848  2054  5341  0D0A  5245  5031  3120  2020  5447
25858  410D  0A52  4550  3039  2020  2054  4741  0D4D
25868  001C  200A  5245  5031  3442  2020  5447  410D
25878  0A52  4550  3430  2020  2054  5341  0D0A  5B32
25888  2E36  380D  001C  2020  2020  5D0D  0A0D  0A2D
25898  4D41  470D  0A33  302D  4F43  542D  3139  3836
258A8  2020  3233  3A32  356E  001C  203A  3034  0D0A
258B8  0D0A  3D3A  5343  4845  4D41  204D  4853  0D0A
258C8  4E4F  5445  202A  2A2A  2020  550A  001C  2053
258D8  4552  204E  414D  4520  2248  5954  4543  4822
258E8  202A  2A2A  0D0A  0D0A  3A44  4F20  502E  4269
258F8  001C  1A41  434B  5550  0D0A  4261  636B  7570
25908  206F  6620  4441  5441  4E55  4D2E  4638  3020
25918  001C  2049  4C20  4372  6561  7465  642E  0D0A
25928  4261  636B  7570  206F  6620  5348  4F48  494E
25938  2E46  4972  001C  204C  2043  7265  6174  6564
25948  2E0D  0A42  6163  6B75  7020  6F66  2047  4F5A
25958  414E  2E46  494C  200A  001C  2043  7265  6174
25968  6564  2E0D  0A42  6163  6B75  7020  6F66  2053
25978  484F  4143  2E46  494C  2043  7252  001C  2065
25988  6174  6564  2E0D  0A42  6163  6B75  7020  6F66
25998  2055  5249  2E46  494C  2043  7265  6174  654E
259A8  001C  2064  2E0D  0A42  6163  6B75  7020  6F66
259B8  2050  4C41  432E  4649  4C20  4372  6561  7465
259C8  642E  0D32  001C  200A  4261  636B  7570  206F
259D8  6620  594F  4B49  4E2E  4B41  5249  2E46  494C
259E8  2043  7265  6174  65B4  001C  2064  2E0D  0A42
259F8  6163  6B75  7020  6F66  2054  414E  414F  524F
25A08  5348  492E  4649  4C20  4372  6520  001C  2061
25A18  7465  642E  0D0A  4261  636B  7570  206F  6620
25A28  5552  4959  414B  552E  4649  4C20  4372  650D
25A38  001C  2061  7465  642E  0D0A  4261  636B  7570
25A48  206F  6620  5348  4959  4F2E  4649  4C20  4372
25A58  6561  74B2  001C  2065  642E  0D0A  4261  636B
25A68  7570  206F  6620  5348  4949  5245  2E55  5249
25A78  2E46  494C  2043  724E  001C  2065  6174  6564
25A88  2E0D  0A42  6163  6B75  7020  6F66  204D  4443
25A98  2E4E  4F2E  4649  4C20  4372  65D4  001C  2061
25AA8  7465  642E  0D0A  4261  636B  7570  206F  6620
25AB8  5052  4F43  2E52  454C  2043  7265  6174  6500
25AC8  001C  2064  2E0D  0A42  6163  6B75  7020  6F66
25AD8  2050  524F  432E  434F  4E20  4372  6561  7465
25AE8  642E  0D41  001C  200A  4261  636B  7570  206F
25AF8  6620  534F  484A  552E  4649  4C20  4372  6561
25B08  7465  642E  0D0A  4220  001C  2061  636B  7570
25B18  206F  6620  5348  5553  4849  2E46  494C  2043
25B28  7265  6174  6564  2E0D  0A42  6145  001C  2063
25B38  6B75  7020  6F66  204B  4549  5941  4B55  2E46
25B48  494C  2043  7265  6174  6564  2E0D  0A42  6107
25B58  001C  1A63  6B75  7020  6F66  204D  4443  2E55
25B68  5249  2E46  494C  2043  7265  6174  6549  4E47
25B78  001C  2064  2E0D  0A0D  0A3A  5255  4E20  502E
25B88  4644  3036  2E34  0D0A  4C4F  4144  494E  4720
25B98  502E  4623  001C  2044  3036  2E34  0D0A  4558
25BA8  4543  5554  494F  4E0D  0A0D  0A4E  756D  6572
25BB8  6963  2069  6E70  7520  001C  2074  2072  6571
25BC8  7569  7265  6420  666F  7220  2244  522E  4143
25BD8  2220  696E  2072  6563  6F72  6448  001C  2020
25BE8  2320  310D  0A0D  0A45  5845  4355  5449  4F4E
25BF8  2043  4F4D  504C  4554  4544  0D0A  0D0A  3A23
25C08  001C  2052  554E  2041  4953  4430  310D  0A4C
25C18  4F41  4449  4E47  2041  4953  4430  310D  0A45
25C28  5845  4354  001C  2055  5449  4F4E  0D0A  0D0A
25C38  2A20  4149  5344  3031  2053  5441  5254  0D0A
25C48  2E2E  2E2E  2E2E  2E45  001C  202E  2E2E  2A20
25C58  5348  4959  4F53  4849  4B49  4E20  5348  5553
25C68  414E  2C44  4159  5320  5550  4420  001C  1B41
25C78  5445  202A  0D0A  2A20  502E  4D53  542E  4620
25C88  5354  4152  540D  0A0D  0A2D  5D0D  001E  050F
25C98  A0CA  44CA  001E  06B4  3930  C9A0  4D43  4822
25CA8  001E  06C5  C330  30B4  3544  4F20  001E  0635
25CB8  A0C5  4E44  C54B  5550  001E  0744  A0D4  C94D
25CC8  C5BD  6620  001E  0AB2  332E  3530  2EB2  B78D
25CD8  0A06  2049  0020  040F  30B2  B865  0020  0636
25CE8  30A0  AFAF  A070  206F  0020  06A0  A0A0  A0A0
25CF8  A046  4972  0020  07A0  A053  5041  C3C5  6564
25D08  0020  05BD  28C3  59CC  0020  0CAC  2833  30AC
25D18  35A9  ACD2  CC53  C50A  0020  06A9  AC56  CFCC
25D28  BD64  2E0D  0020  0653  C5D2  BD44  C966  2053
25D38  0020  0653  4B30  368D  0A43  7252  0020  060F
25D48  30B2  B8B7  300D  0A42  0020  0CA0  AFAF  5359
25D58  53CF  55D4  A0A0  A04C  0020  0644  44A0  A053
25D68  5906  2064  0020  0753  CF55  D4BD  AA8D  6F66
25D78  0020  050A  0F30  B2B8  0020  06B8  30A0  AFAF
25D88  532E  0D32  0020  0659  5350  D2C9  4E70  206F
25D98  0020  06D4  A044  44A0  A041  5249  0020  4853
25DA8  5953  CF55  D4BD  AA8D  0A0F  30B2  B839  30A0
25DB8  AFAF  53CF  D2D4  D74B  30B1  A044  44A0  A055
25DC8  4EC9  D4BD  5359  5344  41AC  56CF  CCBD  53C5
25DD8  D2BD  44C9  534B  3033  AC53  5041  C3C5  BD28
25DE8  C359  CCAC  28B2  302E  0020  50AC  35A9  A98D
25DF8  0A0F  30B2  3930  30A0  AFAF  53CF  D2D4  D74B
25E08  30B2  A044  44A0  A055  4EC9  D4BD  5359  5344
25E18  41AC  56CF  CCBD  53C5  D2BD  44C9  534B  3033
25E28  AC53  5041  C3C5  BD28  C359  CCAC  28B2  30AC
25E38  35A9  A98D  0A0F  30B2  39B1  3065  0020  4CA0
25E48  AFAF  53CF  D2D4  D74B  3033  A044  44A0  A055
25E58  4EC9  D4BD  4441  5344  AC56  CFCC  BD53  C5D2
25E68  BD44  C953  4B30  36AC  5350  41C3  C5BD  28C3
25E78  59CC  AC28  B230  AC35  A9A9  8D0A  0F30  B239
25E88  B230  A0AF  AF53  5953  C94E  A075  0020  50A0
25E98  A0A0  4444  A0A0  AA8D  0A0F  30B2  3933  30A0
25EA8  A053  CFD2  D4A0  A0C6  C9C5  CC44  53BD  28B2
25EB8  B8AC  B2B1  AC41  A9AC  C6CF  D24D  41D4  BDC3
25EC8  488D  0A0F  30B2  39B4  30A0  AFAA  8D0A  0F30
25ED8  B239  3530  A0AF  AF42  554E  50D2  CFA0  A043
25EE8  0020  50A0  C5D8  C5C3  A050  474D  BD42  554E
25EF8  50D2  CF8D  0A0F  30B2  3936  30A0  AFAF  5359
25F08  5344  42CF  55D4  A044  44A0  A053  5953  CF55
25F18  D4BD  AA8D  0A0F  30B2  39B7  30A0  AFAF  5359
25F28  53CF  55D4  A0A0  A044  44A0  A053  5953  CF55
25F38  D4BD  CC64  0020  4AAC  48CF  CC44  BD59  C553
25F48  8D0A  0F30  B239  B830  A0AF  AF55  30B1  A0A0
25F58  A0A0  A0A0  4444  A0A0  4453  4EBD  A6A6  D4C5
25F68  4D50  3044  AC44  C953  50BD  28CF  CC44  AC44
25F78  C5CC  C5D4  C5A9  8D0A  0F30  B239  3930  A0AF
25F88  AF69  7265  0020  5055  30B2  A0A0  A0A0  A0A0
25F98  4444  A0A0  4453  4EBD  A6A6  D4C5  4D50  30C5
25FA8  AC44  C953  50BD  284E  C5D7  AC50  4153  53A9
25FB8  AC55  4EC9  D4BD  4441  5344  AC8D  0A0F  3033
25FC8  3030  30A0  AFAF  A0A0  A0A0  A0A0  A0A0  A044
25FD8  C342  BD28  D2C5  C341  0020  20C6  4DBD  C642
25FE8  ACCC  D2C5  C3CC  BDB4  39B7  AC42  CC4B  53C9
25FF8  5AC5  BD33  39B7  36A9  AC8D  0A41  0020  010F
*:z:z
 Logging off? 
Aux circuit lost
%q
EXIT

-
-exi

CIRCUIT TO TYMKTL:34 ZAPPED - NOW AT SYSTEM 40
R(00012); T=0.22/18.33 07:10:05

C>CONNECT=     00:33:17 TRU=        19.54 TIO=      59,275
3330 TEMP-DISK USE=        11.06 CYL-HR
LOGOFF AT 07:10:13 PST THURSDAY 10/30/86

[circuit zapped]

*q

-sys
TYMSHARE D34-P034/P37 9-30-86
-who.
16* MURTAUGH +

-time
125.04 TRU
125.04 TRU
terminal time: 34:41.00
-exi
3Y: