START OF SAVE SET SAILTEST ON FTA3 BACKUP VERSION 1(52) FORMAT 1
SYSTEM C36-P033/LA UNKNOWN MONITOR 0 APR#1275
1600 BPI 9 TRACK  18-JUL-79	02:28:10


ACCESS	LIS	1		15-FEB-79
ARRAY		88		22-JUN-78
ARYSER		59		 2-AUG-78
BAICLC	FAI	4		20-JUN-79
BAICLC	OLD	4		25-APR-79
BAIIO1	FAI	12		20-JUN-79
BAIIO1	OLD	12		25-APR-79
BAIIO2	FAI	14		20-JUN-79
BAIIO2	OLD	14		25-APR-79
BAIL	SAI	344		18-OCT-78
BAILDD	OLD	2		22-MAR-78
BAIMSC	FAI	15		20-JUN-79
BAIMSC	OLD	15		25-APR-79
BAIPRC	FAI	9		20-JUN-79
BAIPRC	OLD	9		25-APR-79
BAISM1	FAI	27		20-JUN-79
BAISM1	OLD	27		25-APR-79
BEGEND	SAI	2		18-APR-79
BKTBL	BKT	2		29-APR-77
BUGMAN	SAI	1		12-APR-79
BUGSUB	SAI	1		12-APR-79
CKS	LST	11		 9-MAY-79
CKS	OUT	10		 9-MAY-79
CKS	SAI	14		 9-MAY-79
CKS	SAV	54		 9-MAY-79
COMSER		43		24-SEP-77
DATA		1		24-SEP-77
DIFDIF	OUT	21		 9-MAY-79
DIFDIF	SAI	14		 9-MAY-79
ENDDAT		1		24-SEP-77
EXPRS		157		 8-APR-78
FOO2		56		12-JAN-78
FTSAIL	CMD	1		25-APR-79
FTSAIL	HED	1		10-APR-79
FTSAIL	INS	3		24-APR-79
GEN		451		26-OCT-78
GOGOL		385		21-FEB-79
GOGOL	OLD	388		11-OCT-78
GOGTAB	DOC	9		20-JUN-79
GOGTAB	OSA	9		20-JUN-79
GOGTAB	SAI	10		20-JUN-79
HEAD		90		 8-JUN-79
HEAD	COM	117		24-APR-79
HEAD	OLD	117		26-OCT-78
HEL		102		 5-JUL-78
IOSER		203		13-DEC-78
IOSER	OLD	201		10-OCT-78
LEAP		189		21-MAY-79
LEAP	OLD	157		24-SEP-77
LEPRUN		337		15-OCT-77
LOW		2		24-SEP-77
MAKTAB	SAI	9		24-SEP-77
MY	DIR	2		 9-JUL-79
NEWSAI	DOC	10		14-NOV-78
NWORLD		147		27-MAR-79
ORDER		3		24-SEP-77
PARSE		103		17-APR-79
PARSE	SAI	3		15-NOV-78
PROCSS		14		24-SEP-77
PROFIL	NEW	78		 7-JUL-79
PROFIL	SAI	105		 8-DEC-78
PROTST	SAI	4		13-NOV-78
PRUNE	DAT	12		 8-JUN-79
PRUNE	SAI	4		 9-JUN-79
PTRAN	SAI	51		24-SEP-77
RECSER		75		24-SEP-77
RECSER	NEW	84		 2-MAY-79
RENCSW		1		24-SEP-77
REPORT		11		12-OCT-78
RTRAN	SAI	45		22-OCT-77
SAIL		251		 9-DEC-78
SAIL	CMD	1		 6-JUL-78
SAIL	KVL	904		 7-SEP-78
SAIL	LOG	9		26-OCT-78
SAIL	OLD	255		 5-JUL-78
SAISEG	CMD	1		 1-DEC-77
SCISS	SAI	50		24-MAY-78
SCNCMD	SAI	20		24-SEP-77
SDEBUG	DOC	7		15-NOV-78
SPARES		5		 9-JAN-78
STATS		270		28-FEB-78
STEP1	BAS	2		24-APR-79
STEP1	PER	3		24-APR-79
STEP2		1		25-APR-79
STEP3		1		25-APR-79
STROPS	SAI	25		 6-DEC-78
STRSER		153		18-MAY-78
STRTRY	SAI	8		 6-DEC-78
SYM		304		16-MAY-79
SYM	BAK	303		 6-DEC-78
TAILOR		3		24-SEP-77
TEST4	SAI	1		13-DEC-78
TOTAL		269		17-APR-79
TRIGS		59		24-SEP-77
UP		10		24-SEP-77
WNTSLS	SAI	1		24-SEP-77
WRDGET		53		24-SEP-77
X2	OUT	3		 6-DEC-78
X2	SAI	10		 6-DEC-78
XTCHDR	FAI	2		24-SEP-77

END OF SAVE SET SAILTEST ON FTA3 BACKUP VERSION 1(52) FORMAT 1
SYSTEM C36-P033/LA UNKNOWN MONITOR 0 APR#1275
1600 BPI 9 TRACK  18-JUL-79	02:29:10

START OF SAVE SET DANIELSS ON FTA3 BACKUP VERSION 1(52) FORMAT 1
SYSTEM C36-P033/LA UNKNOWN MONITOR 0 APR#1275
1600 BPI 9 TRACK  18-JUL-79	02:29:37

1022	PUB	42		14-MAR-79
22TES	DMD	1		17-FEB-79
22TES	DMI	1		 2-FEB-79
22TES	DMS	5		 6-MAR-79
ACCOMP	Q2	2		15-JUL-79
ADDT22	SAI	2		27-FEB-79
ADDX22	HDR	3		12-MAR-79
ADDX22	MID	21		24-FEB-79
ADDX22	REL	21		13-MAR-79
ADDX22	SAI	23		13-MAR-79
ALLX22	HDR	1		24-FEB-79
ANAPUB	SAI	11		19-MAR-79
AT	BAI	20		 4-JUL-79
AT	LOG	2		 4-JUL-79
AT	REL	29		 4-JUL-79
AT	SAI	17		 4-JUL-79
AT	SAV	281		 4-JUL-79
AT	SM1	9		 4-JUL-79
ATOKEN	REL	15		24-OCT-78
ATOKEN	REQ	1		24-OCT-78
ATOKEN	SAI	15		24-OCT-78
B1	REL	2		 3-MAY-79
B1	RMP	13		 1-MAY-79
B1	SAI	1		 3-MAY-79
B2	REL	2		 2-MAY-79
B2	RMP	13		 1-MAY-79
B2	SAI	1		 1-MAY-79
BCHK	REL	2		 2-MAY-79
BCHK	RMP	16		 2-MAY-79
BCHK	SAI	1		 2-MAY-79
BGL	SAI	4		16-MAY-79
BITST	CRF	17		24-OCT-78
BITST	REL	2		 9-MAY-79
BITST	SAI	1		24-OCT-78
BUG		3		 1-MAY-79
BUG	6	1		25-APR-79
BUG	BAK	1		30-APR-79
BUG	RCD	2		 1-MAY-79
BUG	REL	6		 2-MAY-79
BX	BAI	15		22-MAR-79
BX	SAI	6		22-MAR-79
BX	SAV	272		22-MAR-79
CDBCHK	REL	7		26-APR-79
CDBCHK	SAI	3		22-MAR-79
CHAREX	SAI	3		28-FEB-79
CHAREX	SAV	37		28-FEB-79
CHKCDB	SAI	1		11-DEC-78
CHKCVD	SAI	1		25-OCT-78
CIOX22	SAI	6		14-MAR-79
CKNAM	SAI	1		10-APR-79
CLASS	X22	3		16-FEB-79
COMTAB		2		24-OCT-78
CORMAP	SAI	3		21-FEB-79
COROUT	SAI	3		22-FEB-79
CORX22	SAI	7		14-MAR-79
CV	SAI	2		25-OCT-78
CVTOKE	SAI	2		24-OCT-78
CX	LOW	169		16-MAY-79
CX	SHR	256		16-MAY-79
D	PUB	128		28-FEB-79
DBNAME	REL	5		 6-MAR-79
DBNAME	SAI	3		 6-MAR-79
DBNAME	SM1	3		 6-MAR-79
DECONS	SAI	8		30-NOV-78
DIFDIF	SAI	14		 9-MAY-79
F	MAC	1		 3-MAR-79
F	SAV	1		 3-MAR-79
FILES	Q2	10		15-JUL-79
FULLDR	SAV	69		15-JUL-79
G	MAC	1		24-OCT-78
G	SAV	1		24-OCT-78
GRIPE	SAI	7		31-AUG-78
HL1022	REL	238		 6-FEB-79
INIT	MAC	3		27-FEB-79
INIT	SAV	1		27-FEB-79
INTRPT	REL	5		 9-MAY-79
INTRPT	SAI	4		 9-MAY-79
IOCHK	SAI	3		21-MAR-79
IT1	SAI	8		 4-JUL-79
L2		1		 6-MAR-79
LUK	SAV	63		13-FEB-79
LUK	STD	1		13-FEB-79
MAIL	BOX	4		 6-MAR-79
MAKPNT	HDR	1		14-FEB-79
MAKPNT	SAI	11		16-FEB-79
MAP	MAP	4		15-JUL-79
MEMO		15		28-FEB-79
MORX22	SAI	2		14-MAR-79
MY	H	5		28-FEB-79
MYEX	SAV	242		21-APR-79
NAMESC	SAI	4		24-OCT-78
NASTY	REL	3		14-FEB-79
NEW	IN	5		11-APR-79
NEWBUG	SAI	5		25-OCT-78
NEWSAI	DOC	5		24-FEB-79
NEWX22	HDR	2		14-MAR-79
NEWX22	REL	9		14-MAR-79
NEWX22	SAI	8		14-MAR-79
NOW	DIR	4		 9-MAY-79
NRAID	FAI	311		 3-JUL-79
NRAID	REL	85		 3-JUL-79
NUMS	SAI	4		28-NOV-78
OPNX22	SAI	3		24-FEB-79
OPTAB	RES	9		24-OCT-78
OPTAB	SAI	26		24-OCT-78
P10	SAI	1		28-NOV-78
PLVI	REL	6		 3-MAY-79
PLVI	SAI	4		 3-MAY-79
PUBSTD	DFS	4		28-FEB-79
QX	REL	12		16-FEB-79
R2	SAV	44		 4-JUL-79
RAID	DOC	108		28-FEB-79
RAID	MAN	102		30-JAN-79
RAID	PUB	2		28-FEB-79
README	TXT	7		 6-MAR-79
RECTMP	SAI	5		25-APR-79
REMIND	DAT	2		18-JUL-79
RPG	INI	1		24-MAY-79
SAIL20	DOC	40		 2-JUN-79
SAITMP	DOC	3		 2-MAY-79
SAIX22	HDR	3		12-MAR-79
SAIX22	MID	14		26-FEB-79
SAIX22	REL	21		14-MAR-79
SAIX22	SAI	15		14-MAR-79
SAMPLE	DMD	2		12-MAR-79
SAMPLE	DMI	1		12-MAR-79
SAMPLE	DMS	6		12-MAR-79
SAMPLE	REL	3		13-MAR-79
SAMPLE	SAI	2		13-MAR-79
SAMPLE	SAV	244		12-MAR-79
SCHELL		3		15-MAR-79
SNAFU	SAI	6		21-MAR-79
STABS	SAV	46		 9-JUN-79
STEST	SAI	38		25-APR-79
SUBJCT	SAI	20		24-OCT-78
SWF	SAV	1		12-SEP-78
SYMTAB	DOC	2		24-OCT-78
SYSVBL	X22	1		14-MAR-79
T	SAV	64		 3-FEB-79
T2	DMD	2		 6-MAR-79
T2	DMI	1		 6-MAR-79
T2	DMS	6		 6-MAR-79
TABPRT	OUT	1		31-JAN-79
TABPRT	SAI	10		 1-FEB-79
TEST	SAI	7		14-MAR-79
TEST	SAV	253		14-MAR-79
TMPX	REL	4		 9-MAY-79
TMPX	SAI	2		 9-MAY-79
TMPX	SAV	43		 9-MAY-79
TODO	MEM	2		22-MAR-79
TRIM	SAI	3		 3-JUL-79
TRUMP	HGH	78		30-APR-79
TRUMP	LOW	1		30-APR-79
TRYINT	SAI	3		 9-MAY-79
TRYLON	SAI	1		10-MAY-79
TVSTRI	NGS	1		15-JUL-79
URAID	FAI	1		 3-JUL-79
URAID	REL	1		 3-JUL-79
URAID	SAV	61		 3-JUL-79
UTOKEN	REL	12		24-OCT-78
UTOKEN	SAI	8		24-OCT-78
X	DOC	39		14-MAR-79
X	PUB	1		13-MAR-79
X2	REL	6		13-JUL-79
X2	SAI	4		 9-MAY-79
X22	FIL	1		13-FEB-79
X22	FOR	4		13-DEC-78
X22AUX	SAI	3		 8-MAR-79
X2TST	SAI	4		17-FEB-79
XENIA	BAS	2		28-FEB-79
XOTHER	SAI	7		12-DEC-78
XP	SAI	2		27-MAR-79
XW	SAI	1		14-APR-79
XX	LOW	169		16-MAY-79
XX	SHR	264		16-MAY-79
XXX	DFS	4		28-FEB-79
Z	BAK	4		14-APR-79
Z	SAI	1		14-APR-79
Z2	SAI	5		14-APR-79
ZZZ	REL	8		 9-MAY-79
ZZZ	SAI	4		14-APR-79
ZZZZ	SAI	4		14-APR-79

END OF SAVE SET DANIELSS ON FTA3 BACKUP VERSION 1(52) FORMAT 1
SYSTEM C36-P033/LA UNKNOWN MONITOR 0 APR#1275
1600 BPI 9 TRACK  18-JUL-79	02:30:34

