.RUN RDIST;*.SAV,ROUTER.DAT
Master host: 34
14 files on master system.
Slave hosts: 26,34,38
Checking host 26

?unable to build circuit to MAIL:26
?host unavailable

?unable to build circuit to MAIL:26
?host unavailable

?unable to build circuit to MAIL:26
?host unavailable

?unable to build circuit to MAIL:26
?host unavailable

?unable to build circuit to MAIL:26
?host unavailable
Creaux failed to MAIL:26
Checking host 34
Checking host 38
(MAIL        :  38) RDMAIL.SAV    24 24-Jun-92 02:23 -- protection ALL  RD  NO
                           should be 27-Aug-89 03:09 KIJCIS  ALL  RD RUN 140002
(MAIL        :  38) EXEC.SAV      28 24-Jun-92 02:21 -- bad license 140002
                           should be 30-Jun-91 01:50 CUYDOT  ALL  RD  NO
(MAIL        :  38) TUMS.SAV      83 24-Jun-92 02:08 -- protection ALL  RD  NO
                           should be 09-Feb-89 13:06 BAJFOC  ALL  RD RUN 140002
(MAIL        :  38) SENDMA.SAV    36 24-Jun-92 01:48 -- protection ALL  RD  NO
                           should be 07-Feb-89 12:32 RAVQUH  ALL  RD RUN 140002

End of SAIL execution
.LOGOUT
41.18 tru
terminal time: 0:01:15

; Req #20566 completed
