  16   3060   61091   52065  CDW0CAD  
  16   6054   18011   52065  CDW0DN   
  16   6054   18011   52065  CDW1DN   
  16   6054   61091   52065  CN1REC   
  16   6054   61091   52065  CN2REC   
  16   6054   61091   52065  CTADM    
  16   6054   61091   52065  CTR1     
  16   6054   61091   52065  CTR2     
  16   6054   61091   52065  CTSRPT   
  16   6054   61820   52065  CADAM1   
  16   6054   61820   52065  CDADM    
  16   6054   61820   52065  CDR0     
  16   6054   61820   52065  CDR1     
  16   6054   61820   52065  CDR2     
  16   6054   61820   52065  CDR3     
  16   6054   61820   52065  CDR4     
  16   6054   61820   52065  CDR5     
  16   6054   61820   52065  CDSRPT   
  16   6054   61820   52065  CDSTRA   
  60   3060    8011   14353  CAPSW    
  60   3060    8011   14353  CAPSWNAC 
  61   3061    2694    5166  CAPSMGMT 
  61   3061    2694    5166  CDE0FM   
  61   3061    2694    5166  TASCLBY  
  61   3061    2694    5166  TASCUPL  
 143   6054   18011   11017  CDW1EIS  
 143   6054   18011   11017  CDW2EIS  
 143   6054   18011   11017  CDW3EIS  
 143   6054   18011   11017  CDW4EIS  
 143   6054   18011   11017  CDW5EIS  
 143   6054   18011   11017  CDW6EIS  
 143   6054   18011   11017  CDW8EIS  
 143   6054   18011   11017  CDW9EIS  
 143   6054   18011   11017  FXC3SW   
 144   3144   18011   11011  GMASTERS 
 144   3144   18011   11011  RKLUTE   
 144   3350   18011   11011  ONTYMBIL 
 144   3565   18011   11011  SKING    
 144   4037   18011   11011  MICRO    
 144   4037   18011   11011  PWSLIB   
 144   6017   18011   11011  FXC01    
 144   6017   18011   11011  FXC07    
 144   6017   18011   11011  XCHGOPS  
 144   6017   18011   11011  XCHGSW   
 144   6020   18011   11011  ACCESS00 
 144   6020   18011   11011  ACCESS01 
 144   6020   18011   11011  ACCESS02 
 144   6020   18011   11011  ACCESS03 
 144   6020   18011   11011  ACCESS04 
 144   6020   18011   11011  ACCESS05 
 144   6020   18011   11011  ACCESS06 
 144   6020   18011   11011  ACCESS07 
 144   6020   18011   11011  ACCESS08 
 144   6020   18011   11011  ACCESS09 
 144   6020   18011   11011  ACCESS10 
 144   6020   18011   11011  ACCESS11 
 144   6020   18011   11011  ACCESS12 
 144   6020   18011   11011  ACCESS13 
 144   6020   18011   11011  ACCESS14 
 144   6020   18011   11011  ACCESS15 
 144   6020   18011   11011  ACCESS16 
 144   6020   18011   11011  ACCESS17 
 144   6020   18011   11011  ACCESS18 
 144   6020   18011   11011  ACCESS19 
 144   6020   18011   11011  ACCESS20 
 144   6020   18011   11011  ACSFACTS 
 144   6020   18011   11011  ACSMON   
 144   6020   18011   11011  FXC2SW   
 144   6020   18011   11011  IDEF1REC 
 144   6020   18011   11011  IDEF2REC 
 144   6020   18011   11011  IDEF3REC 
 144   6020   18011   11011  IDEF4REC 
 144   6020   18011   11011  IDEF5REC 
 144   6020   18011   11011  IDEFADM  
 144   6020   18011   11011  IDEFSHR  
 144   6020   18011   11011  IDEFSOFT 
 144   6020   18011   11011  IDEFSRV  
 144   6020   18011   11011  NSMITH   
 144   6020   18011   11011  PNCMON   
 144   6054   18011   11011  ACSBATCH 
 144   6054   18011   11011  ACSHSA   
 144   6054   18011   11011  ACSSRC   
 144   6054   18011   11011  ACSSTART 
 144   6054   18011   11011  CACSUSE  
 144   6054   18011   11011  CDMON    
 144   6054   18011   11011  FXC2CODE 
 144   6054   18011   11011  FXC2SOFT 
 144   6054   18011   11011  FXMON    
 144   6054   18011   11011  FXSOFT   
 144   6054   18011   11011  H2HDEV   
 144   6054   18011   11011  H2HQUIET 
 144   6054   18011   11011  H2HTEST  
 144   6054   18011   11011  HACKWOOD 
 144   6054   18011   11011  HSABILL  
 144   6054   18011   11011  ISINSTALL
 144   6054   18011   11011  XCHGSW1  
 144   6054   18011   44643  FVLTST   
 144   6054   18011   44643  FVLTST01 
 144   6054   18011   44643  FVLTST02 
 144   6054   18011   44643  FVLTST03 
 144   6054   18011   44643  FVLTST04 
 144   6054   18011   44643  FVLTST05 
 144   6054   18011   44643  FVLTST06 
 144   6054   18011   44643  FVLTST07 
 144   6054   18011   44643  FVLTST08 
 144   6054   18011   44643  FVLTST09 
 144   6054   18011   44643  FVLTST10 
 144   6054   18011   44643  FVLTST11 
 144   6054   18011   44643  FVLTST12 
 144   6054   18011   44643  FVLTST13 
 144   6054   18011   44643  FVLTST14 
 144   6054   18011   44643  FVLTST15 
 144   6054   18011   44643  FVLTST16 
 144   6054   18011   44643  FVLTST17 
 144   6054   18011   44643  FVLTST18 
 144   6054   18011   44643  FVLTST19 
 144   6054   18011   44643  FVLTST20 
 144   6054   18011   44643  FVLTST21 
 144   6054   18011   44643  FVLTST22 
 144   6054   18011   44643  FVLTST23 
 144   6054   18011   44643  FVLTST24 
 144   6054   18011   44643  FVLTST25 
 144   6054   18011   44643  FVLTST26 
 144   6054   18011   44643  FVLTST27 
 144   6054   18011   44643  FVLTST28 
 144   6054   18011   44643  FVLTST29 
 144   6054   18011   44643  FVLTST30 
 144   6054   61967   52600  CDESOURC 
 144   6054   62501   53304  CDE1FGL  
 144   6054   62501   53304  CDE2FGL  
 144   6054   62501   53304  CDE3FGL  
 144   6054   62501   53304  CDE4FGL  
 144   6054   62501   53304  CDE5FGL  
 144   6054   62501   53304  CDE6FGL  
 144   6054   62501   53304  CDE7FGL  
 144   6054   62501   53304  CDE8FGL  
 144   6054   62536   53324  FIBRF001 
 144   6054   62536   53324  FIBRF002 
 144   6054   62536   53324  FIBRF003 
 144   6054   62536   53324  FIBRF004 
 144   6054   62536   53324  FIBRFADM 
 144   6054   62536   53324  FIBRFREG 
 144   6054   62536   53324  FIBRFVAL 
 144   6054   62536   53324  FIBRFZZZ 
 144   6054   62964   53304  FORDF001 
 144   6054   62964   53304  FORDF002 
 144   6054   62964   53304  FORDF003 
 144   6054   62964   53304  FORDF004 
 144   6054   62964   53304  FORDF005 
 144   6054   62964   53304  FORDF006 
 144   6054   62964   53304  FORDF007 
 144   6054   62964   53304  FORDF008 
 144   6054   62964   53304  FORDF009 
 144   6054   62964   53304  FORDF010 
 144   6054   62964   53304  FORDFADM 
 144   6054   62964   53304  FORDFGLS 
 144   6054   62964   53304  FORDFML  
 144   6054   62964   53304  FORDRJE  
 144   6054   62964   53304  FORDSOFT 
 144   6054   62964   53304  FRDTF001 
 144   6054   62964   53304  FRDTFADM 
 144   6054   62964   53304  FRDTFGLS 
 144   6054   62964   53304  FRDTFML  
 144   6054   62964   53304  FRDTSOFT 
 144   6054   63665   11017  EISSW    
 144   6054   63665   11017  EISUP    
 144   6054   64407   56051  PNCCFB2  
 144   6054   64407   56051  PNCPNB   
 144   6054   64407   56051  PNCPRV2  
 146   3044   14144   35676  EDILRB   
 146   3144   14144   35676  KLUTE    
 146   5207   14144   35676  EDIGEN   
