   2       2       4  ACOOK     
   2       2       4  AFUNG     
   2       2       4  AUSIBILL  
   2       2       4  BAKOUSI   
   2       2       4  BELGBILL  
   2       2       4  BILLING   
   2       2       4  BOBH      
   2       2       4  CANBILL   
   2       2       4  CARMS     
   2       2       4  CORPTEL   
   2       2       4  CUDASCO   
   2       2       4  DMOULTON  
   2       2       4  EISNHART  
   2       2       4  EMCDONEL  
   2       2       4  EUROPEHQ  
   2       2       4  F40MVS    
   2       2       4  FCANNING  
   2       2       4  FRANBILL  
   2       2       4  GERMBILL  
   2       2       4  GL.DATA   
   2       2       4  GL.MAINT  
   2       2       4  GL.TEST   
   2       2       4  GLDATA    
   2       2       4  GLNEW     
   2       2       4  GULFBILL  
   2       2       4  HKBILL    
   2       2       4  IDMSMAIL  
   2       2       4  ITALBILL  
   2       2       4  JDUDEK    
   2       2       4  JPNBILL   
   2       2       4  JWONG     
   2       2       4  MARSTEST  
   2       2       4  MESSINEO  
   2       2       4  MGRAHN    
   2       2       4  MISDOC    
   2       2       4  MISTAPE   
   2       2       4  MNICHOLS  
   2       2       4  MSPAK     
   2       2       4  NETHBILL  
   2       2       4  NEWZBILL  
   2       2       4  NSCFINPL  
   2       2       4  NZEABILL  
   2       2       4  PAYROLL   
   2       2       4  PLUE      
   2       2       4  PORTSDLY  
   2       2       4  PPSWRITE  
   2       2       4  RAMMIS    
   2       2       4  REALTYDV  
   2       2       4  REALTYPD  
   2       2       4  RODRIGUZ  
   2       2       4  RSMITH    
   2       2       4  SHAMPE    
   2       2       4  SINGBILL  
   2       2       4  SJTYMC    
   2       2       4  SJTYMC40  
   2       2       4  SPANBILL  
   2       2       4  SWEDBILL  
   2       2       4  SWTZBILL  
   2       2       4  UAS       
   2       2       4  UKBILL    
   2       2       4  WILKESI   
   3   35958   25475  BUDGET    
   3   35958   25475  BUDGETDV  
 205   18708   25475  BUDGETD   
 205   18708   25475  CHSIAO    
 205   18708   25475  GLADMIN   
 205   18708   26040  TSCC1000  
 205   18708   26040  TSCC1211  
 205   18708   26040  TSCC1214  
 205   18708   26040  TSCC1220  
 205   18708   26040  TSCC1228  
 205   18708   26040  TSCC1230  
 205   18708   26040  TSCC1233  
 205   18708   26040  TSCC1238  
 205   18708   26040  TSCC1239  
 205   18708   26040  TSCC1240  
 205   18708   26040  TSCC1242  
 205   18708   26040  TSCC1247  
 205   18708   26040  TSCC1248  
 205   18708   26040  TSCC1256  
 205   18708   26040  TSCC1265  
 205   18708   26040  TSCC1267  
 205   18708   26040  TSCC1275  
 205   18708   26040  TSCC1279  
 205   18708   26040  TSCC1280  
 205   18708   26040  TSCC1281  
 205   18708   26040  TSCC1282  
 205   18708   26040  TSCC1283  
 205   18708   26040  TSCC1284  
 205   18708   26040  TSCC1285  
 205   18708   26040  TSCC1287  
 205   18708   26040  TSCC1288  
 205   18708   26040  TSCC1290  
 205   18708   26040  TSCC1291  
 205   18708   26040  TSCC1292  
 205   18708   26040  TSCC1293  
 205   18708   26040  TSCC1294  
 205   18708   26040  TSCC1295  
 205   18708   26040  TSCC1296  
 205   18708   26040  TSCC1297  
 205   18708   26040  TSCC1300  
 205   18708   26040  TSCC1304  
 205   18708   26040  TSCC1306  
 205   18708   26040  TSCC1310  
 205   18708   26040  TSCC1311  
 205   18708   26040  TSCC1323  
 205   18708   26040  TSCC1326  
 205   18708   26040  TSCC1330  
 205   18708   26040  TSCC1334  
 205   18708   26040  TSCC1369  
 205   18708   26040  TSCC1381  
 205   18708   26040  TSCC1383  
 205   18708   26040  TSCC1386  
 205   18708   26040  TSCC1387  
 205   18708   26040  TSCC1390  
 205   18708   26040  TSCC1407  
 205   18708   26040  TSCC1408  
 205   18708   26040  TSCC1415  
 205   18708   26040  TSCC1418  
 205   18708   26040  TSCC1420  
 205   18708   26040  TSCC1422  
 205   18708   26040  TSCC1426  
 205   18708   26040  TSCC1441  
 205   18708   26040  TSCC1446  
 205   18708   26040  TSCC1450  
 205   18708   26040  TSCC1451  
 205   18708   26040  TSCC1454  
 205   18708   26040  TSCC1455  
 205   18708   26040  TSCC1459  
 205   18708   26040  TSCC1501  
 205   18708   26040  TSCC1504  
 205   18708   26040  TSCC1505  
 205   18708   26040  TSCC1507  
 205   18708   26040  TSCC1510  
 205   18708   26040  TSCC1513  
 205   18708   26040  TSCC1514  
 205   18708   26040  TSCC1515  
 205   18708   26040  TSCC1516  
 205   18708   26040  TSCC1517  
 205   18708   26040  TSCC1522  
 205   18708   26040  TSCC1523  
 205   18708   26040  TSCC1524  
 205   18708   26040  TSCC1535  
 205   18708   26040  TSCC1562  
 205   18708   26040  TSCC2110  
 205   18708   26040  TSCC2111  
 205   18708   26040  TSCC2603  
 205   18708   26040  TSCC4098  
 205   18708   26040  TSCC5004  
 205   18708   26040  TSCC5025  
 205   18708   26040  TSCC5030  
 205   18708   26040  TSCC5032  
 205   18708   26040  TSCC5033  
 205   18708   26040  TSCC5039  
 205   18708   26040  TSCC5045  
 205   18708   26040  TSCC5100  
 205   18708   26040  TSCC5102  
 205   18708   26040  TSCC5105  
 205   18708   26040  TSCC5208  
 205   18708   26040  TSCC5620  
