     1       5  ACOSTAP       
     1       5  DANIELSR      
     1       5  HIGHTOWER     
     1       5  HOLD          
     1       5  PALS          
     1       5  SILVAM        
     1       8  FTSYS         
     1       9  CUD10         
     1       9  FREITAS2      
     1       9  OPER          
     1       9  SRA           
     1       9  SRAMOV        
     1       9  SRATECH       
     1       9  SRAUTIL       
     1       9  SRAVAL        
     1       9  SYS           
     1       9  SYSNEWS       
     1      95  BILLING10     
     1   35948  *1BATCH       
     1   35948  BILLF         
     1   35948  CRASH         
     1   35948  PERPOPER      
     1   35948  SPOOL         
     1   35948  UFD           
     1   35948  UTIL          
     3       5  MAIL          
     3       8  CARL          
     3       8  INFO          
     3       8  JMS           
     3       8  LINK10        
     3       8  M33           
     3       8  MPL           
     3       8  NDT           
     3       8  OSMAN         
     3       8  OSNF          
     3       8  OSP           
     3       8  OSU           
     3       8  PEAK          
     3       8  SAILIB        
     3       8  SPL           
     3       8  SPPOPER       
     3       8  SUBMIT        
     3       8  TXSDOC        
     3       8  TXSSUP        
     3       8  TXSTEST       
     3       8  TXSTEXT       
     3       8  XEXEC         
     3       8  YEUX          
     3   20389  WRS           
     4       2  UAS           
     4      95  ACTRTY        
     6       9  *6NEWS        
     6   35948  PJ            
     6   35948  UN1           
     7       9  FTMAGNUM      
     7       9  MAGNUM        
    11   35948  UPL           
 10056   13516  TYMRES5       
 11011   18011  GMASTERS      
 11011   18011  RKLUTE        
 11011   18011  SKING         
 11016       2  SPOOLRM       
 11020      79  ARICHARDSON   
 11020      79  BETADIAG      
 11020      79  BRUCES        
 11020      79  DDREW         
 11020      79  MBENOIT       
 11020      79  MOORING       
 11020      79  NOVAFIELD     
 11020      79  NTS           
 11020      79  PKRUMV        
 11020      79  RVIVIER       
 11020      79  SNILLUKA      
 11020      79  TELECOMSUP    
 11020      79  TKOCHMANN     
 11334   20389  CDMTICKET     
 11334   20389  DECNET        
 11334   20389  ISIS2         
 11334   24619  MARELICH      
 11346       8  WAR           
 11447       1  SSPAMBIN      
 11447       9  JCLMIN        
 11447       9  QASYS         
 11447       9  SSBACKUP      
 11447   20389  SALTYRON      
 11447   20389  SSINSTALL     
 11447   20389  VALIDATE      
 13107   24619  PLARSON       
 16316   65370  EDICONTROL    
 21476   13516  BBELL         
 21476   13516  CHANGC        
 21476   13516  CLEN          
 21476   13516  CMCKIEVER     
 21476   13516  DOUGE         
 21476   13516  FLMTECH       
 21476   13516  JMORDEN       
 21476   13516  JWANG         
 21476   13516  MZORTMAN      
 21476   13516  NTDPAPER      
 21476   13516  PSNEDDON      
 21476   13516  SMURRAY       
 21476   13516  TECHSERV      
 21476   13516  TYEH          
 21476   13516  WALKERG       
 21476   13516  WRFS          
 21476   20490  BCHEN         
 21476   20490  FIRNNET       
 21477   13516  BTFR          
 21477   13516  CSS800        
 21477   13516  DESIMONEJ     
 21477   13516  HUSSEYD       
 21477   13516  MURTAUGH      
 21477   13516  NETCON        
 21477   13516  NETCONTS      
 21477   13516  NSSC          
 21477   13516  PAPDEV        
 21477   13516  ROY           
 21477   13516  TIP           
 21477   13516  TNT           
 21477   13516  TRWLOOKUP     
 21477   13516  TYMNET        
 21477   13516  WESTVSN       
 21477   35271  ACCG1         
 23036     208  NSCNET        
 23407   24619  BKING         
 23407   24619  CKOPP         
 23407   24619  CNAGASAWA     
 23407   24619  CSCHAEFER     
 23407   24619  CSMITH        
 23407   24619  DHEYDN        
 23407   24619  JMCELENEY     
 23407   24619  RPAYNTER      
 23407   24619  SCARTWRIGHT   
 23407   24619  STYLER        
 23407   24619  TLY           
 23407   24619  TSDCONTROL    
 27514   20188  BTFSERV       
 27514   20188  DULAM         
 27514   20188  ENOPS         
 27514   20188  FISBEIN       
 27514   20188  GCSC1         
 27514   20188  TNSM          
 27514   61951  BTSWE         
 27514   61952  BTSZ          
 27514   63259  AROSS         
 27514   65700  RADIOAS       
 27514   66563  ECSC          
 27514   66563  ENMC          
 27515   20188  SERVICEM      
 27515   55964  EMSG          
 27515   55964  EWMG          
 27515   59609  EPSG          
 32120     117  DBENG         
 32120     117  DBTAR         
 32120   13516  DBVAL         
 32120   13516  JRACE         
 37512   13516  JVALDEZ       
 42651   38404  BTJAPAN       
 43403   60389  BOFAOPS       
 44047   13516  ACHASE        
 44047   13516  AJENKINS      
 44047   13516  JBARGANIER    
 44047   13516  JBLOOM        
 44047   13516  KWIEDERIN     
 44047   13516  MREEVES       
 44047   13516  RFISHER       
 44047   13516  VERICKSON     
 44047   13516  WATECH        
 44047   20490  APALIUCA      
 44054   13516  ETSVA         
 44054   13516  KDOTY         
 44054   13516  MNEWSHAM      
 44054   13516  PCOURSEY      
 44054   20490  ATHAKUR       
 44054   20490  CTS           
 44054   20490  EDONATELL     
 44054   20490  KPATEL        
 44054   20490  LNGUYEN       
 44054   20490  MYOUNG        
 44054   20490  STONEK        
 44054   20490  WARNERD       
 44055   55416  BLAFONT       
 44060   13516  AFOX          
 44060   13516  ELEWIS        
 44060   13516  JCOLEMAN      
 44060   13516  JOLEARY       
 44060   13516  JSHANNON      
 44060   13516  KBIRSE        
 44060   13516  LREYNOLDS     
 44060   13516  LWOLF         
 44060   13516  MKEAY         
 44060   13516  RMKRUL        
 44060   13516  SMAZZURCO     
 44060   13516  TPENNIMAN     
 44060   13516  WRONSTADT     
 44060   58803  DWARDEN       
 44061   13516  DOYLEM        
 44061   13516  LMEDLEY       
 44061   13516  LREID         
 44061   13516  SMARTIN       
 44061   13516  SMURPHY       
 44061   13516  SRJEDKIN      
 44061   13516  SSETO         
 44061   13516  TALLISON      
 44061   13516  TSAMPSON      
 44062   13516  DHOLDERNESS   
 44062   13516  DRHODES       
 44062   13516  DSTOFKO       
 44062   13516  LGAYER        
 44062   13516  MBETTY        
 44062   13516  PPHILLIPS     
 44062   13516  RCRANFORD     
 44062   13516  USGSNET       
 44062   13516  VBSCONF       
 44062   50360  ETSRE         
 44155   53642  SIRTITAS      
 44251   13516  DYOUNG        
 44252   66218  SYNCORDIA     
 44266   13516  ETAM          
 44266   64006  PHILCOM       
 44266   64006  SDS           
 44266   64159  MNEWTON       
 44267   20490  BTAUS         
 44267   20490  BTHK          
 44515   13516  DIALNET       
 44632   13516  BWEAVER       
 44632   13516  NSCEAST       
 44632   13516  NSCWEST       
 44635   13516  CKENNEY       
 44635   13516  MPAEZ         
 44635   56802  LINKOPS       
 47055   20490  UL6NET        
 47232   13516  SWBNET        
 47256   61950  ACROWHURST    
 47256   61950  ALJONES       
 47256   61950  BDOWLEY       
 47256   61950  DBARBER       
 47256   61950  FANDREOU      
 47256   61950  FRCOPS        
 47256   61950  GCSCA         
 47256   61950  JWOOD         
 47256   61950  LEEWAKE       
 47256   61950  MCOLLINS      
 47256   61950  SBRUNO        
 47256   61950  TTSMON        
 47256   61950  UK800         
 47256   61950  UKCS          
 47256   61950  UKMSG         
 47256   61950  UKOPS         
 47256   61950  UKSUP         
 47256   61954  TSBNL         
 47426   13516  SPNMC         
 50231   59306  PCINET        
 50527   18011  ONTSUPT       
 50540   13516  FNBCVSN       
 50562   60097  EDIATS        
 51134   20389  BTNEWCO       
 51134   22091  MCOSTELLO     
 51134   22091  TRAY          
 51173   60589  DGODARD       
 51173   65637  RWONG         
 51173   65659  DGRIXTI       
 53764   13516  TELTEST       
 56361   13516  BTSPN         
 56373   13516  BTGER         
 56373   13516  FSGER         
 56374   13516  BTITA         
 56406   64639  PNAIR         
 56706   65365  FTHANE        
 56714   65365  ROCKOPNS      
 56714   65369  MSGCONTROL    
 56714   66597  GMILLAR       
 56714   66597  MHABIB        
 56773   13516  TEDWARDS      
 57322   65661  ASIU          
 57322   65661  SLEUNG        
 57652   20490  DUPONT        
 60061   14282  CSTRUNK       
 60061   14282  DCOLEMAN      
 60061   14282  FRSPT         
 60061   14282  JSHATTUCK     
 60061   14282  LKING         
 60061   14282  RBUTLER       
 60061   14282  RCOOPER       
 60061   14282  SGREGORICH    
 60061   14282  SMACIEL       
 60061   14282  SMUSSON       
 60061   14282  SPLUNKETT     
 60551   61950  UKMYEL        
 60551   66325  ASIAPAC       
 60551   66325  BTSNG         
 60551   66325  MHARGIS       
 60551   66536  SINGTEL       
 64172   13516  NCAMPBELL     
 64172   13516  PMAY          
 64311   64316  BTDUBAI       
 66316   13516  TLOMBRITTO    
 70274   64316  NTNOR         
 70424       2  DFENIMOR      
 70424   13516  AZARATE       
 70424   13516  BBORQUE       
 70424   13516  CHART         
 70424   13516  IPLOTZ        
 70424   13516  JNIETO        
 70424   13516  JSAEGER       
 70424   13516  LWARWICK      
 70424   13516  PHOSS         
 70424   13516  RZOBELL       
 70424   13516  WIEGERSMA     
  