Dist   UUN     Username
----   ------  ---------
   0        2  *1BATCH      
   0      237  *6NEWS       
   0   134612  ACTRTY       
   0    40051  BILLF        
   0    44355  BILLING10    
   0   161424  BURNS1       
   0    77445  CRASH        
   0    42313  CUD10        
   0   142734  DANIELSR     
   0    65072  FREITAS2     
   0   146117  FTMAGNUM     
   0   254654  FTTBA        
   0   315623  GWEBB        
   0   151773  HOLD         
   0   271412  JCLMIN       
   0   151272  KEITHD       
   0   136224  MAGNUM       
   0   167357  MAIL         
   0       21  OPER         
   0   306053  OUTRAIL      
   0   223234  PALS         
   0   214216  PERPOPER     
   0      214  PJ           
   0   121324  QASYS        
   0   230617  SILVAM       
   0   133677  SPOOL        
   0   115244  SPOOLING     
   0   215254  SRA          
   0   257377  SRAMOV       
   0   173236  SRATECH      
   0   242452  SRAUTIL      
   0   101723  SRAVAL       
   0   142660  SSBACKUP     
   0   320663  SSEREP       
   0   142661  SSINSTALL    
   0    74305  SSVALSUP     
   0        4  SYS          
   0   154217  SYSNEWS      
   0        1  UFD          
   0      270  UN1          
   0      562  UPL          
   0   144222  USEVAL       
   0       36  UTIL         
   0   364312  VALDEV       
   2   111413  FRANK        
   2   165320  SPOOLRM      
   2   125552  UAS          
   3   200234  ARICHARDSON  
   3   565721  BETADIAG     
   3    30722  BRUCES       
   3   165226  DDREW        
   3   232355  ECKEL        
   3   325575  ENGDIAG      
   3   227415  JCM          
   3   150553  MAINTDIAG    
   3   472474  MFGNET       
   3   171731  NTS          
   3   612662  NTSNET       
   3   601566  PKRUMV       
   3   231230  RVIVIER      
   3   423637  SNILLUKA     
   3   173737  STEINJ       
   3    33713  TKOCHMANN    
   3   136150  WNFE         
 200   220740  BURRIESCIN   
 200    50017  CURR11       
 200      667  DNDUTIL      
 200   201464  ISIS         
 200   265070  ISIS2        
 200    50021  NEW11        
 200   552415  NSDADM2      
 200   241624  OLD11        
 200   314326  RAFFO        
 200   543717  RBOCKMAN     
 200        7  ROLAND       
 200   143725  SALTYRON     
 200   565202  TINET        
 200    50023  TOOLS11      
 200   673705  TTRUONG      
 200   113407  VALIDATE     
 200   225443  WRS          
 228    60152  BDOWLEY      
 228   731317  BTSUB        
 228   634507  COTILLON     
 228   541237  CPRMNET      
 228   436377  CYOUNGER     
 228    64231  DBARBER      
 228   731320  DEVSUB       
 228   703671  EDUSUB       
 228   333056  FISBEIN      
 228   137465  GEMAYEL      
 228   440431  GONET        
 228   416212  HGNET        
 228   416213  HGTYME       
 228   765371  HMORGAN      
 228   703674  IBSUB        
 228   731316  ICINET       
 228   276351  ITALTAS      
 228   544147  JCARRICK     
 228   400523  JLINDBACK    
 228   402734  JOHNSONP     
 228   446333  JWOOD        
 228   752302  KBSUB        
 228   440744  LENET        
 228   440125  LETYM        
 228   426414  MHEY         
 228   703673  MISSUB       
 228   703670  MKTSUB       
 228   143016  ONTFRA       
 228   143511  SCHOUDHRY    
 228   276437  SIRTITAS     
 228   560434  SLSUB        
 228   265411  SPS          
 228   577656  SPSUB        
 228   437707  STSUB        
 228   752301  TASUB        
 228   202062  TEANET       
 228   505147  THNET        
 228   504753  THTYME       
 228   416216  TNSCNET      
 228   745542  TNSM         
 228    50523  TNSUKM       
 228   751224  TPOTURAJ     
 228   406060  UKBKBONE     
 228   654651  UKFETRAIN    
 228   765367  UKGEN        
 228   416512  UKL          
 228   355731  UKLAB        
 228   426312  UKMICTYM     
 228   212632  UKNOPS       
 228   426063  UKOPS        
 228   650040  UKREPAIR     
 228   416511  UKSEED       
 228   577646  UKSUP        
 228   661424  UKX25DEV     
 228   440430  WLSUB        
 228   730504  XADA         
 229   451262  ACHASE       
 229   175763  AMFEDSM      
 229   750767  ASYNCPAT     
 229   774005  ATHAKUR      
 229   404146  BASELINE     
 229    66656  BBENNECOFF   
 229   121017  BCHEN        
 229   404153  BETATEST     
 229   765373  BPLESCHER    
 229   750770  BSCPAT       
 229   710227  CAPCODE      
 229    24241  CASGEN       
 229    55131  CHANGC       
 229   773133  CLEN         
 229   751124  CMTPAT       
 229   136151  CNFE         
 229   333303  CSS800       
 229   664024  CTS          
 229    32433  CWHKGEN      
 229   471436  DBLACK       
 229   305225  DBSCHED      
 229   106042  DEPTECH      
 229   674263  DFANG        
 229   404145  DNDSPEC      
 229   744305  DONTLOADTHIS 
 229   772425  DRHODES      
 229   437254  DSTOFKO      
 229   536620  DSTUDER      
 229   555115  EIANIERI     
 229   403763  EMORI        
 229   136364  ENFE         
 229   551130  EXXCODE      
 229   435545  EXXNET       
 229    34750  HQLAB        
 229   513353  HQSNA        
 229   751122  ISISPAT      
 229   302460  ISISTECH     
 229   761004  JBARGANIER   
 229   326704  JLAW         
 229   476341  JLIU         
 229   542201  JMINTEL      
 229   401664  JMORDEN      
 229   555533  JREILLY      
 229    32337  JWANG        
 229   475251  LDAVENPORT   
 229   524612  LNGUYEN      
 229   136373  LOADII       
 229   506632  LPARKHURST   
 229   545673  LREYNOLDS    
 229   500355  MBETTY       
 229   751123  MISCPAT      
 229   757464  MNEWTON      
 229   416456  MREEVES      
 229   353503  MURTAUGH     
 229   175306  NETCON       
 229   521515  NETSNY       
 229   404137  NSDADM       
 229   147773  NSSC         
 229   537506  PNTS         
 229   552217  PSNEDDON     
 229   426160  RABDULLAH    
 229   463771  RCHAN        
 229   440507  RCRANFORD    
 229   751125  RJEPAT       
 229   477370  SMURRAY      
 229   751120  SNAPAT       
 229   404152  SOURCE       
 229   701426  SSETO        
 229   113415  SSPAMBIN     
 229   113414  SSPAMSYM     
 229   267663  STEINISM     
 229   400007  STONEK       
 229   751121  SUPPAT       
 229   410534  SWASHAK      
 229   226315  TCHOW        
 229   122167  TDCODE       
 229   261167  TECHSERV     
 229   121651  THOMASJ      
 229   751117  TIIPAT       
 229   401665  TSAMPSON     
 229   643602  TTURNER      
 229   446432  TYEH         
 229   550560  TYM5         
 229   175251  TYMNET       
 229   744306  TYMOLD       
 229   566670  TYMOUT       
 229   516343  UKNET        
 229   750771  UTSPAT       
 229   267432  WARNERD      
 229   251216  WATECH       
 229   557574  WCHU         
 229   161320  WNFEOPS      
 229   125050  WRFS         
 229   464662  WRONSTADT    
 229   750766  XCOMPAT      
 230   252327  MARUNET      
 238   455426  AJOHL        
 238   455427  AMOSAFFA     
 238   352477  CARL         
 238   212143  DOCAIL       
 238   216521  DONAHUE      
 238   317016  EBUS         
 238   232631  EXECX        
 238   315372  FTSYS        
 238   232154  INFO         
 238   121014  JGOLIGHTLY   
 238   431116  JMS          
 238   222635  KL10         
 238   230623  KS2020       
 238   536656  KSDIAG       
 238   163564  LINK10       
 238    42754  M33          
 238   123054  MONDOC       
 238   213211  MPL          
 238   156346  OSMAN        
 238   140673  OSNF         
 238   140674  OSP          
 238   330611  OSU          
 238    35556  PEAK         
 238   441160  RODRIGUEZL   
 238   212145  SAILIB       
 238   324525  SPL          
 238   234620  SPPOPER      
 238   121021  SSUM         
 238   416154  SUBMIT       
 238   251616  SYSMAINT     
 238   254616  TBAFTDEB     
 238   231227  TXSDOC       
 238   410765  TXSINFO      
 238   160031  TXSSUP       
 238   346701  TXSTEST      
 238   300745  TXSTEXT      
 238   217757  WAR          
 238   250536  WWOO         
 238   275244  XEXEC        
 238   253600  YAMM         
 238   377412  YEUX         
 240   522275  GOKSELA      
 240   424417  KPHAM        
    