   0       5  ACOSTAP  
   0       5  BACKUP10 
   0       5  CHECKSPL 
   0       5  CPFRIEND 
   0       5  ENDURE   
   0       5  ESTIVAW  
   0       5  EXEC370  
   0       5  JBENA    
   0       5  JCHAVEZ  
   0       5  MMARTIN  
   0       5  OPER370  
   0       5  OPERATOR 
   0       5  PALS     
   0       5  SUPPORT  
   0       5  TREYES   
   0       9  ACNTTYM  
   0       9  BT370M   
   0       9  C.JONES  
   0       9  JCLMIN   
   0       9  JMILLER  
   0       9  KDANA    
   0       9  KEITHD   
   0       9  LUD370   
   0       9  NEW370   
   0       9  SRA      
   0       9  SRADBUG  
   0       9  SRAMAP   
   0       9  SRAMOV   
   0       9  SRATECH  
   0       9  SRAUTIL  
   0       9  SRAVAL   
   0       9  SSDOC    
   0       9  SSTRACK  
   0       9  SSUTIL   
   0       9  SSVAL    
   0       9  SSVALSUP 
   0       9  STEVEW   
   0       9  SYSADM   
   0       9  TAPELIB  
   0       9  TAPELIBE 
   0       9  TAPEOPER 
   0       9  UPL370   
   0       9  VMMAP    
   0       9  VMONTYME 
   0       9  VMUPDATE 
   0     376  ANDYYEE  
   0     376  CALLISON 
   0     376  EDINANCY 
   0     376  KMOFFETT 
   0     376  LIRAM    
   0     376  NANCY    
   0     376  NEEDHAM  
   0     376  SWEAVER  
   0     376  VMRMAINT 
   0     376  VMTAPE   
   0   21386  ABEND    
   0   21386  BATCHTYM 
   0   21386  CPEREP   
   0   21386  DSCMACH  
   0   21386  LINEADM  
   0   21386  RELINFO  
   0   21386  SRATREND 
   0   21386  VAL370   
   0   21386  VMBADCYL 
   0   21386  VMOSUTIL 
   0   21386  VMRTM    
   0   21386  VMSYSCYL 
   0   21386  VMSYSDIR 
   0   21386  VMSYSLIB 
   0   21386  VMUTIL   
   0   21386  VSMART   
   0   35948  BILLF    
   0   35948  SSEREP   
   0   59973  ACTGTYM  
   0   59973  ACTGTYMA 
   0   59973  ACTGTYMX 
   0   59973  BTYMDEV  
   0   59973  CMSABND1 
   0   59973  CMSABND2 
   0   59973  CMSMAINT 
   0   59973  FOCUSTEC 
   0   59973  PASSADM  
   0   59973  PDDLIB   
   0   59973  RSCS     
   0   59973  RSCSMON  
   0   59973  SSINSTAL 
   0   59973  VMCMSSYS 
   0   59973  VMCMST1  
   0   59973  VMCP3.0  
   0   59973  VMCPSYS  
   0   59973  VMSP1    
   0   59973  VMVSP1A  
   0   60240  BATSER1  
   0   60240  BATSER2  
   0   60240  BATSER3  
   0   60240  BATSER4  
   0   60240  SYBOPER  
   1     381  VMRAIL   
   2       2  ACOOK    
   2       2  AFUNG    
   2       2  BAKOUSI  
   2       2  CARMS    
   2       2  CUDASCO  
   2       2  DFENIMOR 
   2       2  EDIBIL2  
   2       2  EDIBILL  
   2       2  EDIBKUP  
   2       2  EDIMIS   
   2       2  EDIVIEW  
   2       2  EDIVIEW1 
   2       2  EDIVIEW2 
   2       2  EISNHART 
   2       2  F40MVS   
   2       2  FCANNING 
   2       2  IDMSMAIL 
   2       2  JDUDEK   
   2       2  JWONG    
   2       2  MARSTEST 
   2       2  MGRAHN   
   2       2  MNICHOLS 
   2       2  MSPAK    
   2       2  NSCFINPL 
   2       2  PLUE     
   2       2  PORTSDLY 
   2       2  PPSWRITE 
   2       2  RODRIGUZ 
   2       2  SHAMPE   
   2       2  SJTYMC   
   2       2  SJTYMC40 
   2       2  SPOOLRM  
   2       2  SPOOLRMX 
   2       2  UAS      
   2      21  BLGBASE  
   2      21  NSCTAX   
   2      71  EDPROD   
   2   26055  HRDLOC   
   3      79  ANVERM   
   3      79  BRUCES   
   3      79  MOORING  
   3      88  WFACDB   
  13   51730  EDIECOM  
  16   18011  CDW0DN   
  16   18011  CDW1DN   
  16   61091  CDW0CAD  
  16   61091  CN1REC   
  16   61091  CN2REC   
  16   61820  CADAM1   
  16   61820  CDSTRA   
  60    8011  CAPSW    
  60    8011  CAPSWNAC 
  61    2694  CAPSMGMT 
  61    2694  CDE0FM   
  61    2694  TASCLBY  
  61    2694  TASCUPL  
  73     245  CTMKTG3  
  73     245  CTMKTGA  
  73     245  CTMKTGB  
  73     245  CTMKTGE  
  73     245  CTMKTGF  
  73     245  CTMKTGG  
  73     245  EC0PCO   
  73     245  EUROPAR  
  73     245  EUROSCDB 
  73     245  GBECACS  
  73     245  GBECALQ  
  73     245  GBECDP   
  73     245  GBECERM  
  73     245  GBECFCD1 
  73     245  GBECFCD2 
  73     245  GBECFCD3 
  73     245  GBECFDM  
  73     245  GBECFG   
  73     245  GBECJB   
  73     245  GBECJJ   
  73     245  GBECMD   
  73     245  GBECMK   
  73     245  GBECPBH  
  73     245  GBECRPT  
  73     245  GBECRT   
  73     245  GBECTB   
  73     245  MDF1PCO  
  73     245  MDF2PCO  
  73     245  MDF3PCO  
  73     245  MDF4PCO  
  73     245  MDF5PCO  
  73     245  MDF6PCO  
  73     245  MDF7PCO  
  73     245  MDF8PCO  
  73     245  MNASACS  
  73     245  MNASAUT  
  73     245  MNASBNL  
  73     245  MNASBTU  
  73     245  MNASEP   
  73     245  MNASFRA  
  73     245  MNASFSD  
  73     245  MNASGE   
  73     245  MNASICS  
  73     245  MNASITA  
  73     245  MNASMAIN 
  73     245  MNASPAC  
  73     245  MNASSWI  
  73     245  MNASUED  
  73     245  MNASUK   
  73     245  PARACCT  
  73     245  PCO0     
  73     245  PCO1     
  73     245  PCO2     
  73     245  PCOACCON 
  73     245  PCOXACC  
  73     245  PCOXFIC  
  73     245  PCOXGTW1 
  73     245  PCOXGTW2 
  73     245  PCOXGTWY 
  73     245  PCOXPL   
  73     245  TSG1PCO  
  73     245  TSG2PCO  
  73     245  TSG3PCO  
  73     245  UPLBT    
  73   52316  EUROP0   
  73   52316  EUROP1   
  73   52316  EUROP2   
  73   52316  EUROP3   
  73   52316  EUROP4   
  73   52316  EUROP5   
  73   52316  EURTLM   
  73   52461  SN.COM   
  73   52461  SN.COM1  
  73   52461  SN.COM2  
  73   52461  SN.COM3  
  73   52461  SN.COM4  
  73   52461  SN.COM5  
  73   52461  SN.COM6  
  73   52461  SNCOM0   
  73   57285  DAC0PCO  
  73   57285  DAC1PCO  
  73   57285  DAC2PCO  
  73   57285  DAC3PCO  
  73   57285  DAC4PCO  
  73   57285  DAC5PCO  
  73   57285  DAC6PCO  
  73   57285  DACRP    
  73   57817  CGS0PCO  
  73   57817  CGS1APCO 
  73   57817  CGS1PCO  
  73   57817  CGS2APCO 
  73   57817  CGS2PCO  
  73   57817  CGS3APCO 
  73   57817  CGS3PCO  
  73   57817  CGS4APCO 
  73   57817  CGS4PCO  
  73   57817  CGS5APCO 
  73   57817  CGS5PCO  
  73   57817  CGS6APCO 
  73   57817  CGS6PCO  
  73   57817  CGS7APCO 
  73   57817  CGS7PCO  
  73   57817  CGS8APCO 
  73   57817  CGS8PCO  
  73   57817  CGS9PCO  
  73   58008  CLI0PCO  
  73   58008  CLI1PCO  
  73   58008  CLI2PCO  
  73   58008  CLI3PCO  
  73   59247  EXPLOIT  
  73   59247  PLEGRAND 
  73   59247  RSANCHIS 
  73   59802  ST0PCO   
  73   59802  ST1PCO   
  73   59802  ST2PCO   
  73   59802  ST3PCO   
  73   59802  ST4PCO   
  73   59802  ST5PCO   
  73   59802  ST6PCO   
  73   59802  ST7PCO   
  73   59802  ST8PCO   
  73   59802  ST9PCO   
  73   59802  STTRANS  
  73   60266  MG0PCO   
  73   60858  GBECPDM0 
  73   60858  GBECPDM1 
  73   60858  GBECPDM2 
  73   60858  GBECPDM3 
  73   60858  GBECPDM4 
  73   60858  GBECPDM5 
  73   60858  GBECPDM6 
  73   60858  GBECPIL0 
  73   60858  GBECPIL1 
  73   60858  GBECPIL2 
  73   60858  GBECPIL3 
  73   60858  GBECPIL4 
  73   60858  GBECPIL5 
  73   60858  GBECPIL6 
  73   61046  CRLY0PCO 
  73   61046  CRLY1PCO 
  73   61046  CRLY2PCO 
  73   61046  CRLY3PCO 
  73   61046  CRLY4PCO 
  73   61046  CRLY5PCO 
  73   61046  CRLY6PCO 
  73   61046  CRLY7PCO 
  73   61046  CRLY8PCO 
  73   61083  VER0PCO  
  73   61083  VER1PCO  
  73   61083  VER2PCO  
  73   61083  VER3PCO  
  73   61083  VER4PCO  
  73   61083  VER5PCO  
  73   61083  VER6PCO  
  73   61083  VER7PCO  
  73   61083  VER8PCO  
  73   61114  RN0PCO   
  73   61114  RN1PCO   
  73   61114  RN2PCO   
  73   61114  RN3PCO   
  73   61114  RN4PCO   
  73   61114  RN5PCO   
  73   61114  RN6PCO   
  73   61114  RN7PCO   
  73   61114  RN8PCO   
  73   62167  PR0PCO   
  73   62167  PR1PCO   
  73   62167  PR2PCO   
  73   62167  PR3PCO   
  73   62167  PR4PCO   
  73   62167  PR5PCO   
  73   62167  PR6PCO   
  73   62167  PR7PCO   
  73   62167  PR8PCO   
  73   62168  TGP0PCO  
  73   62168  TGP1PCO  
  73   62168  TGP2PCO  
  73   62168  TGP3PCO  
  73   62168  TGP4PCO  
  73   62168  TGP5PCO  
  73   62168  TGP6PCO  
  73   62168  TGP7PCO  
  73   62168  TGP8PCO  
  73   62644  CCF0PCO  
  73   62644  CCF1PCO  
  73   62644  CCF2PCO  
  73   62644  CCF3PCO  
  73   62644  CCF4PCO  
  73   62644  CCF5PCO  
  73   62644  CCF6PCO  
  73   62644  CCF7PCO  
  73   62644  CCF8PCO  
  73   62891  HDS0PCO  
  73   62891  HDS1PCO  
  73   62891  HDS2PCO  
  73   62891  HDS3PCO  
  73   62891  HDS4PCO  
  73   62891  HDS5PCO  
  73   62891  HDS6PCO  
  73   62891  HDS7PCO  
  73   62891  HDS8PCO  
  73   62932  TOT0PCO  
  73   62932  TOT1PCO  
  73   62932  TOT2PCO  
  73   62932  TOT3PCO  
  73   62932  TOT4PCO  
  73   62932  TOT5PCO  
  73   62932  TOT6PCO  
  73   62932  TOT7PCO  
  73   62932  TOT8PCO  
  73   63316  HER0PCO  
  73   63316  HER1PCO  
  73   63316  HER2PCO  
  73   63316  HER3PCO  
  73   63316  HER4PCO  
  73   63316  HER5PCO  
  73   63316  HER6PCO  
  73   63316  HER7PCO  
  73   63316  HER8PCO  
  73   64397  MG10PCO  
  73   64397  MG1PCO   
  73   64397  MG2PCO   
  73   64397  MG3PCO   
  73   64397  MG4PCO   
  73   64397  MG5PCO   
  73   64397  MG6PCO   
  73   64397  MG7PCO   
  73   64397  MG8PCO   
  73   64397  MG9PCO   
  73   64527  SOM0PCO  
  73   64527  SOM1PCO  
  73   64527  SOM2PCO  
  73   64527  SOM3PCO  
  73   64527  SOM4PCO  
  73   64527  SOM5PCO  
  73   64527  SOM6PCO  
  73   64527  SOM7PCO  
  73   64527  SOM8PCO  
  73   64549  BSN0PCO  
  73   64549  BSN1PCO  
  73   64549  BSN2PCO  
  73   64549  BSN3PCO  
  73   64549  BSN4PCO  
  73   64549  BSN5PCO  
  73   64549  BSN6PCO  
  73   64549  BSN7PCO  
  73   64549  BSN8PCO  
  73   64742  KBL0PCO  
  73   64742  KBL1PCO  
  73   64742  KBL2PCO  
  73   64742  KBL3PCO  
  73   64742  KBL4PCO  
  73   64742  KBL5PCO  
  73   64742  KBL6PCO  
  73   64742  KBL7PCO  
  73   64742  KBL8PCO  
  73   64786  SEN0PCO  
  73   64786  SEN1PCO  
  73   64786  SEN2PCO  
  73   64786  SEN3PCO  
  73   64786  SEN4PCO  
  73   64786  SEN5PCO  
  73   64786  SEN6PCO  
  73   64786  SEN7PCO  
  73   64786  SEN8PCO  
  73   64787  SCOA0PCO 
  73   64787  SCOA1PCO 
  73   64787  SCOA2PCO 
  73   64787  SCOA3PCO 
  73   64787  SCOA4PCO 
  73   64787  SCOA5PCO 
  73   64787  SCOA6PCO 
  73   64787  SCOA7PCO 
  73   64787  SCOA8PCO 
  73   65331  TEM0PCO  
  73   65331  TEM1PCO  
  73   65331  TEM2PCO  
  73   65331  TEM3PCO  
  73   65331  TEM4PCO  
  73   65331  TEM5PCO  
  73   65331  TEM6PCO  
  73   65331  TEM7PCO  
  73   65331  TEM8PCO  
  73   65331  TEMTRANS 
  73   65573  DSR0PCO  
  73   65573  DSR1PCO  
  73   65573  DSR2PCO  
  73   65573  DSR3PCO  
  73   65573  DSR4PCO  
  73   65573  DSR5PCO  
  73   65573  DSR6PCO  
  73   65573  DSR7PCO  
  73   65573  DSR8PCO  
  73   66229  MID0PCO  
  73   66229  MID1PCO  
  73   66229  MID2PCO  
  73   66229  MID3PCO  
  73   66229  MID4PCO  
  73   66229  MID5PCO  
  73   66229  MID6PCO  
  73   66229  MID7PCO  
  73   66229  MID8PCO  
  73   66230  BFA0PCO  
  73   66230  BFA1PCO  
  73   66230  BFA2PCO  
  73   66230  BFA3PCO  
  73   66230  BFA4PCO  
  73   66230  BFA5PCO  
  73   66230  BFA6PCO  
  73   66230  BFA7PCO  
  73   66230  BFA8PCO  
  73   66231  NOBI0PCO 
  73   66231  NOBI1PCO 
  73   66231  NOBI2PCO 
  73   66231  NOBI3PCO 
  73   66231  NOBI4PCO 
  73   66231  NOBI5PCO 
  73   66231  NOBI6PCO 
  73   66231  NOBI7PCO 
  73   66231  NOBI8PCO 
 143   18011  CDW1EIS  
 143   18011  CDW2EIS  
 143   18011  CDW3EIS  
 143   18011  CDW4EIS  
 143   18011  CDW5EIS  
 143   18011  CDW6EIS  
 143   18011  CDW8EIS  
 143   18011  CDW9EIS  
 143   18011  FXC3SW   
 144   18011  ACCESS00 
 144   18011  ACCESS01 
 144   18011  ACCESS02 
 144   18011  ACCESS03 
 144   18011  ACCESS04 
 144   18011  ACCESS05 
 144   18011  ACCESS06 
 144   18011  ACCESS07 
 144   18011  ACCESS08 
 144   18011  ACCESS09 
 144   18011  ACCESS10 
 144   18011  ACCESS11 
 144   18011  ACCESS12 
 144   18011  ACCESS13 
 144   18011  ACCESS14 
 144   18011  ACCESS15 
 144   18011  ACCESS16 
 144   18011  ACCESS17 
 144   18011  ACCESS18 
 144   18011  ACCESS19 
 144   18011  ACCESS20 
 144   18011  ACSBATCH 
 144   18011  ACSFACTS 
 144   18011  ACSHSA   
 144   18011  ACSMON   
 144   18011  ACSSRC   
 144   18011  ACSSTART 
 144   18011  CACSUSE  
 144   18011  CDMON    
 144   18011  FVLTST   
 144   18011  FVLTST01 
 144   18011  FVLTST02 
 144   18011  FVLTST03 
 144   18011  FVLTST04 
 144   18011  FVLTST05 
 144   18011  FVLTST06 
 144   18011  FVLTST07 
 144   18011  FVLTST08 
 144   18011  FVLTST09 
 144   18011  FVLTST10 
 144   18011  FVLTST11 
 144   18011  FVLTST12 
 144   18011  FVLTST13 
 144   18011  FVLTST14 
 144   18011  FVLTST15 
 144   18011  FVLTST16 
 144   18011  FVLTST17 
 144   18011  FVLTST18 
 144   18011  FVLTST19 
 144   18011  FVLTST20 
 144   18011  FVLTST21 
 144   18011  FVLTST22 
 144   18011  FVLTST23 
 144   18011  FVLTST24 
 144   18011  FVLTST25 
 144   18011  FVLTST26 
 144   18011  FVLTST27 
 144   18011  FVLTST28 
 144   18011  FVLTST29 
 144   18011  FVLTST30 
 144   18011  FXC01    
 144   18011  FXC07    
 144   18011  FXC2CODE 
 144   18011  FXC2SOFT 
 144   18011  FXC2SW   
 144   18011  FXMON    
 144   18011  FXSOFT   
 144   18011  GMASTERS 
 144   18011  H2HDEV   
 144   18011  H2HQUIET 
 144   18011  H2HTEST  
 144   18011  HACKWOOD 
 144   18011  HSABILL  
 144   18011  IDEF1REC 
 144   18011  IDEF2REC 
 144   18011  IDEF3REC 
 144   18011  IDEF4REC 
 144   18011  IDEF5REC 
 144   18011  IDEFADM  
 144   18011  IDEFSHR  
 144   18011  IDEFSOFT 
 144   18011  IDEFSRV  
 144   18011  MICRO    
 144   18011  NSMITH   
 144   18011  ONTYMBIL 
 144   18011  PNCMON   
 144   18011  PWSLIB   
 144   18011  RKLUTE   
 144   18011  XCHGOPS  
 144   18011  XCHGSW   
 144   18011  XCHGSW1  
 144   61967  CDESOURC 
 144   62501  CDE1FGL  
 144   62501  CDE2FGL  
 144   62501  CDE3FGL  
 144   62501  CDE4FGL  
 144   62501  CDE5FGL  
 144   62501  CDE6FGL  
 144   62501  CDE7FGL  
 144   62501  CDE8FGL  
 144   62536  FIBRF001 
 144   62536  FIBRF002 
 144   62536  FIBRF003 
 144   62536  FIBRF004 
 144   62536  FIBRFADM 
 144   62536  FIBRFREG 
 144   62536  FIBRFVAL 
 144   62536  FIBRFZZZ 
 144   62964  FORDF001 
 144   62964  FORDF002 
 144   62964  FORDF003 
 144   62964  FORDF004 
 144   62964  FORDF005 
 144   62964  FORDF006 
 144   62964  FORDF007 
 144   62964  FORDF008 
 144   62964  FORDF009 
 144   62964  FORDF010 
 144   62964  FORDFADM 
 144   62964  FORDFGLS 
 144   62964  FORDFML  
 144   62964  FORDRJE  
 144   62964  FORDSOFT 
 144   62964  FRDTF001 
 144   62964  FRDTFADM 
 144   62964  FRDTFGLS 
 144   62964  FRDTFML  
 144   62964  FRDTSOFT 
 144   63665  EISSW    
 144   63665  EISUP    
 144   64407  PNCCFB2  
 144   64407  PNCPNB   
 144   64407  PNCPRV2  
 146   14144  EDIGEN   
 146   14144  EDILRB   
 190     203  DIST190A 
 190     203  DIST190B 
 190     203  DIST190C 
 190     203  UPLTT    
 190   21126  TO2BS    
 191     255  DIST191B 
 199   18374  DIST199  
 200   20389  AKSELROD 
 200   20389  AMORRISS 
 200   20389  BECHLYT  
 200   20389  BLACKM   
 200   20389  CHANG    
 200   20389  CRUISING 
 200   20389  DRAWSON  
 200   20389  HULLR    
 200   20389  ICAMAIL  
 200   20389  JJOELS   
 200   20389  JOHNSONL 
 200   20389  MAICHANG 
 200   20389  MAILARIA 
 200   20389  MATUCHAD 
 200   20389  MIKERUDE 
 200   20389  NETDVDOC 
 200   20389  NSR      
 200   20389  NSRADM   
 200   20389  NSRDEV   
 200   20389  NSRRPT   
 200   20389  NTDPIR   
 200   20389  PMSFILES 
 200   20389  PNETS    
 200   20389  ROLAND   
 200   20389  SANDYMF  
 200   20389  STOY     
 200   20389  TYMTS    
 200   20389  VALIDATE 
 200   20389  WRS      
 201   35271  DAULTON  
 201   35282  GHWANG   
 201   35282  MSEDSEL  
 201   35282  NETSTAT  
 201   35282  RHUANG   
 201   35282  STATNET  
 205   31292  ACCNTRL  
 205   52230  GL.CORP1 
 205   52230  GL.CSSF  
 221   20515  DB131    
 226   20488  DB130    
 227   20489  DB132    
 228   20188  FNOYER   
 228   20188  MKHELLAF 
 228   61950  BFERGUSN 
 228   61950  IBARNES  
 228   61950  MSMITH   
 228   62719  STATOPS1 
 228   62719  STATOPS2 
 229       3  X3T55    
 229      78  CFACDB   
 229     117  DBTAR    
 229     186  CANET    
 229     186  NEWENG   
 229   13516  AGINTZ   
 229   13516  ANALYSIS 
 229   13516  ANNARBOR 
 229   13516  APEREZ   
 229   13516  AUTODIST 
 229   13516  AVROC    
 229   13516  BTCAN    
 229   13516  BTGER    
 229   13516  CHARPER  
 229   13516  COUCHE   
 229   13516  CSS800   
 229   13516  CTORDA   
 229   13516  CWPNETS  
 229   13516  DBAMIKE  
 229   13516  DBCENTRL 
 229   13516  DBCNI    
 229   13516  DBPACCT  
 229   13516  DBTARIFF 
 229   13516  DBTIP    
 229   13516  DBTLC    
 229   13516  DBWCNI   
 229   13516  DDD      
 229   13516  DHINGLE  
 229   13516  DMIELKE  
 229   13516  GNSSPT   
 229   13516  GRENWOOD 
 229   13516  GSTEWARD 
 229   13516  HOFFMANN 
 229   13516  HULTQUIS 
 229   13516  IFACDB   
 229   13516  JLAZOR   
 229   13516  JMAGNAN  
 229   13516  JOLEARY  
 229   13516  KGOOD    
 229   13516  KROGERS  
 229   13516  LAMPMAN  
 229   13516  LARTIGUE 
 229   13516  LASALES  
 229   13516  LAWRENCE 
 229   13516  LKDP1    
 229   13516  LKDP2    
 229   13516  LUME     
 229   13516  MBUSCH   
 229   13516  MJACOBS  
 229   13516  MREEVES  
 229   13516  MSANCHEZ 
 229   13516  MSILVA   
 229   13516  MSOTRAC  
 229   13516  MSSPROG  
 229   13516  NETCON   
 229   13516  NETMKTG  
 229   13516  NPARIKH  
 229   13516  NSDADM   
 229   13516  NSSC     
 229   13516  NSSU     
 229   13516  NSTECH   
 229   13516  NTRACK 229   13516  NWHITE   
 229   13516  NWPNETS  
 229   13516  PERSTATS 
 229   13516  PGROW    
 229   13516  PHILJ    
 229   13516  PLANTOOL 
 229   13516  PNS      
 229   13516  PROJMGT  
 229   13516  PROPOSAL 
 229   13516  PUBMARK  
 229   13516  PUBNET   
 229   13516  RCHUN    
 229   13516  REQTRAC  
 229   13516  RESTONSE 
 229   13516  RHOWLAND 
 229   13516  ROY      
 229   13516  SCANSET  
 229   13516  SMURPHY  
 229   13516  SUGIMOTO 
 229   13516  SWARTZM  
 229   13516  SWBELL   
 229   13516  SWBNET   
 229   13516  TCHOW    
 229   13516  TCSUP1   
 229   13516  TECHSERV 
 229   13516  TESTDDD  
 229   13516  TGBILL   
 229   13516  TGRUSS   
 229   13516  TYM/COMM 
 229   13516  VERDUGO  
 229   13516  WATECH   
 229   13516  WESTBILL 
 229   13516  WESTERNR 
 229   13516  WRPNETS  
 229   13516  WSMITH   
 229   13516  WTHORPE  
 229   14280  AMERDIS  
 229   14280  EASTLINE 
 229   14282  EFACDB   
 229   14282  HBARBER  
 229   14282  JANDERSN 
 229   14282  WFACDB   
 229   20490  AMARYLND 
 229   20490  BSMITH   
 229   20490  CTS      
 229   20490  CTSFORD  
 229   20490  DB136    
 229   20490  ENGSTAFF 
 229   20490  HERTNSTN 
 229   20490  JBEDOUN  
 229   20490  MYOUNG   
 229   20490  NEDIST   
 229   20490  NETENG   
 229   20490  NTPLAN   
 229   20490  PATCOTE  
 229   20490  PRIVATE  
 229   20490  QOSRPT   
 229   20490  RASMUSSE 
 229   20490  SCSALES  
 229   20490  SCSALES2 
 229   28060  EDI5     
 229   28060  EDISCR   
 229   28060  HSARBOX  
 229   28060  INDIAL1  
 229   28060  INDIAL2  
 229   35988  TTEREG   
 229   60137  FNBCTOPS 
 229   65637  DKINGLND 
 229   66046  EPORTER  
 229   66046  MDOUGLAS 
 229   66046  NIEMILER 
 230     208  DEMOIDI1 
 230     208  DEMOIDI2 
 230     208  DIST230A 
 230     208  DIST230B 
 230     208  DIST230C 
 230     208  IDICOMM  
 230     208  IDIDEMO  
 230     208  IDIDEMO1 
 230     208  IDIDEMO2 
 230     208  IDIDEMO3 
 230     208  IDIDEMO4 
 230     208  IDIDEMO5 
 230     208  IDIDEMO6 
 230     208  IDIDEMO7 
 230     208  IDIDEMO8 
 230     208  IDIDEV   
 230     208  IDILIB   
 230     208  IDM      
 230     208  KTLADM   
 230     208  KTLCOMM  
 230     208  KTLDEM01 
 230     208  KTLDEM02 
 230     208  KTLDEMO1 
 230     208  KTLDEMO2 
 230     208  KTLDEV0  
 230     208  KTLDEV1  
 230     208  KTLDEV2  
 230     208  KTLDEV7  
 230     208  KTLDEV8  
 230     208  MINOUE   
 230     208  NISFE    
 230     208  NISFEOSK 
 230     208  NISFETOK 
 230     208  NISLIB   
 230     208  NISMRD   
 230     208  NISNYK   
 230     208  NISOES   
 230     208  NISONT   
 230     208  NSCNET   
 230     208  SAEGUSA1 
 230     208  TOKPRINT 
 230     208  UPLKT    
 230   15898  TYMKTL   
 230   17161  MARUBENI 
 230   17161  MARUBGK0 
 230   17161  MARULIM0 
 230   17161  MARUTAP0 
 230   17161  MARUTOK3 
 230   17161  MARUTOK7 
 230   17161  MARUTOK8 
 230   60531  DCANJ    
 230   60531  DCCOMMON 
 230   60531  DCJOSK   
 230   60531  DCJTOK   
 230   65601  MSTCOMM  
 230   65601  MSTLDN1  
 230   65644  LDN      
 230   65644  TOK      
 231     210  DIST231A 
 231     210  DIST231B 
 231     210  DIST231C 
 231     210  KTLDEV3  
 231     210  KTLDEV4  
 231   18820  C0000000 
 231   18820  C0008950 
 231   18820  C0009260 
 231   18820  C0009270 
 231   18820  C0009990 
 231   31857  CONVESCO 
 231   31857  IMLBHX   
 231   31857  ISUZU    
 231   31857  ISZCOMON 
 231   31857  ISZPARTS 
 231   31857  OMORI    
 231   51926  ANSK2    
 231   51926  AUTL1    
 231   51926  H-NSK    
 231   51926  KNSK2    
 231   51926  LNSK2    
 231   51926  NSKCOMM  
 231   51926  PERMA    
 231   51926  PLEE2    
 231   51926  SNSK2    
 231   51926  T-NSK    
 231   51926  T-NSK2   
 231   51926  TAS40    
 231   51926  TNSK2    
 231   51926  TS362    
 231   51926  TT04     
 231   56102  WLIYAKU1 
 231   57782  NWKCOMM  
 231   57782  NWKHKG   
 231   57782  NWKLDN   
 231   57782  NWKNYC   
 231   57782  NWKSLU   
 231   57782  NWKTYO   
 231   57989  PYRC000  
 231   57989  PYRC001  
 231   57989  PYTC001  
 231   57989  YRC001   
 231   57989  YRCOMMON 
 231   57989  YTA001   
 231   57989  YTC001   
 231   57989  YTV001   
 231   59156  NKPEN    
 231   60171  JPN7ZNQQ 
 231   60212  YAMASA   
 231   62072  OKICOMM  
 231   62072  OKIJPN   
 231   62072  OKIOAI   
 231   62072  OKIODA   
 231   62072  OKIOEE   
 231   62072  OKIOEL   
 231   62072  OKIOHK   
 231   62072  OKIOSG   
 231   62072  OKIOTG   
 231   62072  OKIOUK   
 231   62428  ATGMH02  
 231   62428  NTICH1   
 231   62428  NTICM1   
 231   62428  NTIJP1   
 231   62428  NTILA1   
 231   62428  NTINY1   
 231   62688  CNNCPX   
 231   62688  HINETOS1 
 231   62688  HINETOS2 
 231   62688  HINETTS1 
 231   62688  HINETTS2 
 231   62688  HINETTS3 
 231   62688  HINETTST 
 231   62688  HITSTCO2 
 231   62688  HITSTCOM 
 231   62873  ASA001   
 231   62873  AST001   
 231   62873  CHI001   
 231   62873  CHOGIN0  
 231   62873  CMD001   
 231   62873  COD001   
 231   62873  EUR001   
 231   62873  FEM001   
 231   62873  GCP001   
 231   62873  HK001    
 231   62873  IGA001   
 231   62873  INT001   
 231   62873  ISD001   
 231   62873  LA001    
 231   62873  LDN001   
 231   62873  MBG001   
 231   62873  MBS001   
 231   62873  NY001    
 231   62873  PA001    
 231   62873  SID001   
 231   62873  SIN001   
 231   62873  SWZ001   
 231   62873  TAD001   
 231   62873  TRD001   
 231   62873  TRU001   
 231   63474  CNNTEST  
 231   63474  NSANETBO 
 231   63474  NSANETCG 
 231   63474  NSANETSF 
 231   63474  NSNETCOM 
 231   63474  NSNETJPN 
 231   63494  IDIX25   
 231   63494  JYC1     
 231   63494  YCA1     
 231   63494  YEF1     
 231   63494  YES1     
 231   63494  YEW1     
 231   63494  YEW2     
 231   63494  YEW3     
 231   63494  YEWCOM   
 231   63494  YEWCOM2  
 231   63494  YKO1     
 231   63566  HCMCOMM  
 231   63566  HCMHQ    
 231   63566  HCMTST   
 231   63793  KADEN    
 231   63793  KADENCOM 
 231   64299  NKCOMM   
 231   64299  NKHQ     
 231   64299  NKMAY    
 231   65577  SANSSA01 
 231   65577  SANSSJ01 
 231   65577  SSSCOM   
 231   65824  COLOGNE  
 231   65824  MUNICH   
 231   65824  PARSS    
 231   65824  SSE      
 231   65824  STAINES  
 231   65824  SYPRESS  
 231   65824  TKYCOMM  
 231   65824  TOKYS    
 231   65925  FELICOM  
 231   65925  FH921002 
 231   65925  FJ921001 
 231   65925  FJ921003 
 232   20402  DIST232A 
 232   20402  DIST232B 
 232   20402  DIST232C 
 232   20402  KTLDEV5  
 232   20402  KTLDEV6  
 232   20402  OSAPRINT 
 233   61081  INTACT   
 233   61081  KBEDELL  
 240   24619  CRABBS   
 240   24619  HWANGJ   
 240   24619  MARELICH 
 240   24619  MDPSC1   
 240   24619  MDPSC10  
 240   24619  MDPSC2   
 240   24619  MDPSC3   
 240   24619  MDPSC4   
 240   24619  MDPSC5   
 240   24619  MDPSC6   
 240   24619  MDPSC7   
 240   24619  MDPSC8   
 240   24619  MDPSC9   
 240   24619  SPINALE  
 240   24619  SSLADE   
 249   53353  ABCBOX   
 249   53353  ABCLB01  
 249   53353  ANS1BOX  
 249   53353  ANS1PROC 
 249   53353  ANS2BOX  
 249   53353  ANS2PROC 
 249   53353  APLLB01  
 249   53353  APLLB02  
 249   53353  BRTPBBX  
 249   53353  BVMBOX   
 249   53353  BVMOPS   
 249   53353  CAPFO1A  
 249   53353  CAPFO1B  
 249   53353  CAPFO2A  
 249   53353  CAPFO2B  
 249   53353  CSLIB    
 249   53353  CSUPPORT 
 249   53353  DBOESFE  
 249   53353  DEMOBOX  
 249   53353  DISCLB01 
 249   53353  DMO10BOX 
 249   53353  DMO11BOX 
 249   53353  DMO12BOX 
 249   53353  DMO13BOX 
 249   53353  DMO14BOX 
 249   53353  DMO15BOX 
 249   53353  DMO16BOX 
 249   53353  DMO17BOX 
 249   53353  DMO18BOX 
 249   53353  DMO19BOX 
 249   53353  DMO1BOX  
 249   53353  DMO20BOX 
 249   53353  DMO21BOX 
 249   53353  DMO22BOX 
 249   53353  DMO23BOX 
 249   53353  DMO24BOX 
 249   53353  DMO25BOX 
 249   53353  DMO2BOX  
 249   53353  DMO3BOX  
 249   53353  DMO4BOX  
 249   53353  DMO5BOX  
 249   53353  DMO6BOX  
 249   53353  DMO7BOX  
 249   53353  DMO8BOX  
 249   53353  DMO9BOX  
 249   53353  DNSLB01  
 249   53353  DNSLB02  
 249   53353  DUPSWTCH 
 249   53353  EDI2DEV  
 249   53353  EDI3BACK 
 249   53353  EDI3DIST 
 249   53353  EDI4BACK 
 249   53353  EDI4DIST 
 249   53353  EDI5BACK 
 249   53353  EDI5DIST 
 249   53353  EDIACTNG 
 249   53353  EDIARCH  
 249   53353  EDIBAT   
 249   53353  EDIBATCH 
 249   53353  EDIBB    
 249   53353  EDIBLAKE 
 249   53353  EDICAP   
 249   53353  EDICAPT  
 249   53353  EDICB    
 249   53353  EDICOLL  
 249   53353  EDICSTRF 
 249   53353  EDIDEAD  
 249   53353  EDIDIST  
 249   53353  EDIDOC   
 249   53353  EDIDOUG  
 249   53353  EDIFRANK 
 249   53353  EDILB01  
 249   53353  EDILB02  
 249   53353  EDILIB   
 249   53353  EDILOGS  
 249   53353  EDIMFS   
 249   53353  EDIMIKE  
 249   53353  EDIMINN  
 249   53353  EDIMKT   
 249   53353  EDIMKTTB 
 249   53353  EDIMONTR 
 249   53353  EDINW    
 249   53353  EDIOPN11 
 249   53353  EDIOPN13 
 249   53353  EDIOPN14 
 249   53353  EDIOPN15 
 249   53353  EDIOPNS  
 249   53353  EDIOPNS2 
 249   53353  EDIOPNS3 
 249   53353  EDIOPNS4 
 249   53353  EDIOPNS5 
 249   53353  EDIOPNS6 
 249   53353  EDIOPNS7 
 249   53353  EDIOPNS8 
 249   53353  EDIOPNS9 
 249   53353  EDIOPNY  
 249   53353  EDIOPSCK 
 249   53353  EDIOUT5  
 249   53353  EDIOUTDL 
 249   53353  EDIPDF   
 249   53353  EDIPMS   
 249   53353  EDIPROC  
 249   53353  EDIPROC1 
 249   53353  EDIPROC2 
 249   53353  EDIPRT1  
 249   53353  EDIPRT2  
 249   53353  EDIPS    
 249   53353  EDIQC    
 249   53353  EDIRITA  
 249   53353  EDIRMSGS 
 249   53353  EDIRSCS  
 249   53353  EDIRSCSI 
 249   53353  EDIRSCSO 
 249   53353  EDISCRIP 
 249   53353  EDISEND  
 249   53353  EDISMART 
 249   53353  EDISONNY 
 249   53353  EDISPL1  
 249   53353  EDISPL2  
 249   53353  EDISUPER 
 249   53353  EDISWBU  
 249   53353  EDITBILL 
 249   53353  EDITRAFF 
 249   53353  FORLB01  
 249   53353  FSUPPORT 
 249   53353  GREGGBOX 
 249   53353  HDRSWTCH 
 249   53353  IMMBOX   
 249   53353  IMMOUT   
 249   53353  IMMOUT1  
 249   53353  IMMOUT2  
 249   53353  IMMOUT3  
 249   53353  IMMOUT4  
 249   53353  IMMOUT5  
 249   53353  LOWE     
 249   53353  MICRODMO 
 249   53353  OLDBILL  
 249   53353  OUTDIAL2 
 249   53353  OUTIMFS  
 249   53353  POPSPROC 
 249   53353  RAILDEV2 
 249   53353  RAILINST 
 249   53353  REDIBBX  
 249   53353  RICKBOX  
 249   53353  ROBINSON 
 249   53353  SPECBILL 
 249   53353  SRCCIBBX 
 249   53353  SRCCIPBX 
 249   53353  STATID01 
 249   53353  STATID02 
 249   53353  STATID03 
 249   53353  STATID04 
 249   53353  STATID05 
 249   53353  STATLIB  
 249   53353  STATPROC 
 249   53353  STILB01  
 249   53353  STILB02  
 249   53353  SVLIB    
 249   53353  SVTSTLIB 
 249   53353  TMMMBOX  
 249   53353  TRAFFERR 
 249   53353  TRAFFPRT 
 249   53353  TRANBACK 
 249   53353  TRANTRAK 
 249   53353  TYMBOX   
 249   53353  TYMBOX2  
 249   53353  TYMBOX3  
 249   53353  UCSACTNG 
 249   53353  UCSBOX   
 249   53353  UK1BOX   
 249   53353  UK2BOX   
 249   58709  EDI01SDS 
 249   58709  EDI02SDS 
 249   58709  EDI03SDS 
 249   58709  EDI04SDS 
 249   58709  EDI05SDS 
 249   58709  EDI06SDS 
 249   58709  EDI07SDS 
 249   58709  EDI08SDS 
 249   58709  EDI09SDS 
 249   58709  EDI98SDS 
 249   58709  EDI99SDS 
 249   58709  EDISDS   
 249   58711  BVMF01A  
 249   58711  BVMF01B  
 249   58711  BVMF02A  
 249   58711  BVMF02B  
 249   58711  BVMF03A  
 249   58711  BVMF03B  
 249   58711  BVMF04A  
 249   58711  BVMF04B  
 249   58711  EDILISTS 
 249   58711  EDIOUT   
 249   58711  EDIOUT1  
 249   58711  EDIOUT2  
 249   58711  EDIOUT3  
 249   58711  EDIOUT4  
 249   58711  EDISPLIT 
 249   58711  EDITIME  
 249   58711  UCSIN    
 249   58711  UCSMONTR 
 249   58711  UCSOUT   
 249   58711  UCSSYSTM 
 249   60097  AAMESPBX 
 249   60097  ACSLB01  
 249   60097  ADCSLB01 
 249   60097  ADVSLB01 
 249   60097  AIRCOBBX 
 249   60097  ALIEDMBX 
 249   60097  ALPOPBX  
 249   60097  AMDBBX   
 249   60097  AMKOYBBX 
 249   60097  AMPACPBX 
 249   60097  AMPD2BBX 
 249   60097  ANIXBOX  
 249   60097  ANSILBTS 
 249   60097  APLMTPBX 
 249   60097  APPARBBX 
 249   60097  ARVEYPBX 
 249   60097  ATDOC    
 249   60097  ATI0PBX  
 249   60097  ATSFPBX  
 249   60097  ATSOURCE 
 249   60097  ATTBBX   
 249   60097  BANKBOX  
 249   60097  BANKTEST 
 249   60097  BCGLB01  
 249   60097  BELL1PBX 
 249   60097  BELLAPBX 
 249   60097  BESTLPBX 
 249   60097  BGRENPBX 
 249   60097  BOLUSPBX 
 249   60097  BOVAIPBX 
 249   60097  BRAWBMBX 
 249   60097  BVMRAILA 
 249   60097  BVMRAILB 
 249   60097  BVMRAILC 
 249   60097  CCPACPBX 
 249   60097  CERTAPBX 
 249   60097  CHANTBOX 
 249   60097  CITWCBBX 
 249   60097  CNCP1PBX 
 249   60097  CNCP2PBX 
 249   60097  CNCP3PBX 
 249   60097  CNCP4PBX 
 249   60097  CNCP5PBX 
 249   60097  CNCP6PBX 
 249   60097  COLCLPBX 
 249   60097  COLGTPBX 
 249   60097  COLGUPBX 
 249   60097  COMPUPBX 
 249   60097  CONBOX   
 249   60097  CROWMBX  
 249   60097  CSHENPBX 
 249   60097  CSTSTBBX 
 249   60097  CSTSTPBX 
 249   60097  CTILB01  
 249   60097  CTILB02  
 249   60097  D50A1PBX 
 249   60097  D85A2PBX 
 249   60097  D85A3PBX 
 249   60097  D85A6PBX 
 249   60097  D85A7PBX 
 249   60097  D85A9PBX 
 249   60097  D95A4MBX 
 249   60097  D95E4MBX 
 249   60097  DBOES01  
 249   60097  DBOES02  
 249   60097  DBOES03  
 249   60097  DBOES04  
 249   60097  DBOES05  
 249   60097  DBOES06  
 249   60097  DBOES07  
 249   60097  DBOES08  
 249   60097  DBOES09  
 249   60097  DBOES10  
 249   60097  DBOESTST 
 249   60097  DBSLB01  
 249   60097  DNSAOPBX 
 249   60097  DNSB1PBX 
 249   60097  DNSB2PBX 
 249   60097  DNSBOPBX 
 249   60097  DNSCHPBX 
 249   60097  DNSICPBX 
 249   60097  DNSLB04  
 249   60097  DNSLB05  
 249   60097  DNSLB06  
 249   60097  DNUILB01 
 249   60097  DNUILB02 
 249   60097  DOWLIB   
 249   60097  DOWLIB2  
 249   60097  DUPBRBBX 
 249   60097  EDI      
 249   60097  EDI2     
 249   60097  EDI4     
 249   60097  EDIBELLO 
 249   60097  EDIDADM  
 249   60097  EDIDAN   
 249   60097  EDIDAVID 
 249   60097  EDIDEV2  
 249   60097  EDIGLENN 
 249   60097  EDIJD    
 249   60097  EDIKEN   
 249   60097  EDIMAINT 
 249   60097  EDIQRDRS 
 249   60097  EDIROCK  
 249   60097  EDISRCCM 
 249   60097  EDISTATS 
 249   60097  EDISYS   
 249   60097  EDITEST  
 249   60097  EDITEST1 
 249   60097  EDITPBX  
 249   60097  EDITTPBX 
 249   60097  EDIX     
 249   60097  EDSCLB01 
 249   60097  ENGELBBX 
 249   60097  ENGL2BBX 
 249   60097  EVAYSBUR 
 249   60097  EXCHBOX  
 249   60097  EXIBOX   
 249   60097  EXXO2BBX 
 249   60097  EXXONBBX 
 249   60097  FCHGOMBX 
 249   60097  FISHEBBX 
 249   60097  FOOD1MBX 
 249   60097  FZNSVMBX 
 249   60097  GESMBX   
 249   60097  GESUPMBX 
 249   60097  GRAPHBOX 
 249   60097  HARBIBBX 
 249   60097  HARDMBX  
 249   60097  HEARTPBX 
 249   60097  HNZBBX   
 249   60097  HPBOX    
 249   60097  HPTXTBBX 
 249   60097  HSAR2    
 249   60097  HTROYMBX 
 249   60097  HUBFBPBX 
 249   60097  IAITEST  
 249   60097  IAIUCS1  
 249   60097  IAIUCS10 
 249   60097  IAIUCS11 
 249   60097  IAIUCS12 
 249   60097  IAIUCS13 
 249   60097  IAIUCS14 
 249   60097  IAIUCS15 
 249   60097  IAIUCS16 
 249   60097  IAIUCS17 
 249   60097  IAIUCS18 
 249   60097  IAIUCS19 
 249   60097  IAIUCS2  
 249   60097  IAIUCS20 
 249   60097  IAIUCS21 
 249   60097  IAIUCS22 
 249   60097  IAIUCS23 
 249   60097  IAIUCS24 
 249   60097  IAIUCS25 
 249   60097  IAIUCS26 
 249   60097  IAIUCS27 
 249   60097  IAIUCS28 
 249   60097  IAIUCS29 
 249   60097  IAIUCS3  
 249   60097  IAIUCS30 
 249   60097  IAIUCS31 
 249   60097  IAIUCS32 
 249   60097  IAIUCS33 
 249   60097  IAIUCS34 
 249   60097  IAIUCS35 
 249   60097  IAIUCS36 
 249   60097  IAIUCS37 
 249   60097  IAIUCS4  
 249   60097  IAIUCS5  
 249   60097  IAIUCS6  
 249   60097  IAIUCS7  
 249   60097  IAIUCS8  
 249   60097  IAIUCS9  
 249   60097  ILLEEMBX 
 249   60097  INDAIMBX 
 249   60097  INDIEPBX 
 249   60097  INDISBBX 
 249   60097  INERSPBX 
 249   60097  INOVLB01 
 249   60097  INOVLB02 
 249   60097  INTACPBX 
 249   60097  INTADPBX 
 249   60097  INTAEPBX 
 249   60097  INTAFPBX 
 249   60097  INTERMBX 
 249   60097  INTERPBX 
 249   60097  ITSDOCM  
 249   60097  JDINSBBX 
 249   60097  JONESPBX 
 249   60097  KELLBOX  
 249   60097  KKBOX    
 249   60097  LBALB01  
 249   60097  LBALB02  
 249   60097  LBBOX    
 249   60097  LBPROD   
 249   60097  LBTEST1  
 249   60097  LITTLPBX 
 249   60097  LJPBOX   
 249   60097  LMI01BBX 
 249   60097  LMI02BBX 
 249   60097  LMI03BBX 
 249   60097  LMI04BBX 
 249   60097  LMI05MBX 
 249   60097  LMI07BBX 
 249   60097  LMI08BBX 
 249   60097  LMI09BBX 
 249   60097  LMI10BBX 
 249   60097  LMI11BBX 
 249   60097  LMI12BBX 
 249   60097  LMI14MBX 
 249   60097  LMI15MBX 
 249   60097  LMI19MBX 
 249   60097  LMI20MBX 
 249   60097  LMORRIS  
 249   60097  MANCIMBX 
 249   60097  MANNKPBX 
 249   60097  MARSBOX  
 249   60097  MASTMBX  
 249   60097  MATSNMBX 
 249   60097  MAYESPBX 
 249   60097  MCDONALD 
 249   60097  MCSLB01  
 249   60097  MDAISBBX 
 249   60097  METRLB01 
 249   60097  METRLB02 
 249   60097  MICHAELB 
 249   60097  MISN2PBX 
 249   60097  MISNEPBX 
 249   60097  MITSUPBX 
 249   60097  MMSSLB01 
 249   60097  MOFISPBX 
 249   60097  MOR5MBX  
 249   60097  MTSTSPBX 
 249   60097  MUNSNPBX 
 249   60097  MWSTAPBX 
 249   60097  NAB2BBX  
 249   60097  NECAMPBX 
 249   60097  NNILB01  
 249   60097  NYKAAPBX 
 249   60097  NYKABPBX 
 249   60097  NZTAAPBX 
 249   60097  NZTAHPBX 
 249   60097  NZTAIPBX 
 249   60097  NZTAKPBX 
 249   60097  NZTALPBX 
 249   60097  NZTAMPBX 
 249   60097  NZTANPBX 
 249   60097  NZTAOPBX 
 249   60097  NZTAPPBX 
 249   60097  NZTAQPBX 
 249   60097  NZTARPBX 
 249   60097  NZTASPBX 
 249   60097  NZTATPBX 
 249   60097  NZTAUPBX 
 249   60097  NZTAVPBX 
 249   60097  NZTAWPBX 
 249   60097  NZTAXPBX 
 249   60097  NZTBAPBX 
 249   60097  NZTBBPBX 
 249   60097  NZTBCPBX 
 249   60097  NZTBDPBX 
 249   60097  NZTBEPBX 
 249   60097  NZTBFPBX 
 249   60097  NZTBGPBX 
 249   60097  NZTBHPBX 
 249   60097  NZTBIPBX 
 249   60097  NZTBJPBX 
 249   60097  NZTBKPBX 
 249   60097  NZTBLPBX 
 249   60097  NZTBMPBX 
 249   60097  NZTBNPBX 
 249   60097  NZTBOPBX 
 249   60097  NZTBPPBX 
 249   60097  NZTBQPBX 
 249   60097  NZTBRPBX 
 249   60097  NZTBSPBX 
 249   60097  NZTCCPBX 
 249   60097  NZTCDPBX 
 249   60097  NZTCEPBX 
 249   60097  NZTCFPBX 
 249   60097  NZTCGPBX 
 249   60097  NZTCHPBX 
 249   60097  NZTCIPBX 
 249   60097  NZTCJPBX 
 249   60097  NZTCKPBX 
 249   60097  NZTCLPBX 
 249   60097  NZTCMPBX 
 249   60097  NZTCNPBX 
 249   60097  NZTCOPBX 
 249   60097  NZTCPPBX 
 249   60097  NZTCQPBX 
 249   60097  NZTCRPBX 
 249   60097  NZTCSPBX 
 249   60097  NZTPPPBX 
 249   60097  OGONTPBX 
 249   60097  OSCARBBX 
 249   60097  PIEDLB01 
 249   60097  PIEDLB02 
 249   60097  POPS2BBX 
 249   60097  POPS3BBX 
 249   60097  POPS4BBX 
 249   60097  PPCBOX   
 249   60097  PPCPROC  
 249   60097  PRSEKABX 
 249   60097  PRSHHABX 
 249   60097  PRSMMABX 
 249   60097  PRSMSABX 
 249   60097  PRSSCABX 
 249   60097  PRTHSMBX 
 249   60097  PSTV1PBX 
 249   60097  PSTV2PBX 
 249   60097  PURBOX   
 249   60097  PWRLNPBX 
 249   60097  RAILLB01 
 249   60097  RCABOX   
 249   60097  REICHBBX 
 249   60097  REYSMBBX 
 249   60097  RGLTTBBX 
 249   60097  RIVERTST 
 249   60097  RLSMGBBX 
 249   60097  RMSLB01  
 249   60097  RMSLB02  
 249   60097  RTCRQBBX 
 249   60097  RWMBBX   
 249   60097  SAMMBX   
 249   60097  SANDBOX  
 249   60097  SCEBOX   
 249   60097  SCHEMBBX 
 249   60097  SOULDMBX 
 249   60097  SOUNDBBX 
 249   60097  SPSLB01  
 249   60097  SPSLB02  
 249   60097  SRC3780B 
 249   60097  SRC3780C 
 249   60097  SRCBSCBV 
 249   60097  SRCBSCCM 
 249   60097  SRCCIMBX 
 249   60097  SRCMVETM 
 249   60097  SRCSVHSA 
 249   60097  SRCXMODM 
 249   60097  SRCXPCSR 
 249   60097  SRGCOPBX 
 249   60097  SSI01PBX 
 249   60097  SSI02PBX 
 249   60097  SSIPRO   
 249   60097  SSIPRO10 
 249   60097  SSIPRO11 
 249   60097  SSIPRO12 
 249   60097  SSIPRO13 
 249   60097  SSIPRO14 
 249   60097  SSIPRO15 
 249   60097  SSIPRO16 
 249   60097  SSIPRO17 
 249   60097  SSIPRO18 
 249   60097  SSIPRO2  
 249   60097  SSIPRO3  
 249   60097  SSIPRO4  
 249   60097  SSIPRO5  
 249   60097  SSIPRO6  
 249   60097  SSIPRO7  
 249   60097  SSIPRO8  
 249   60097  SSIPRO9  
 249   60097  SSITEST  
 249   60097  SSIUCS1  
 249   60097  SSIUCS10 
 249   60097  SSIUCS11 
 249   60097  SSIUCS12 
 249   60097  SSIUCS13 
 249   60097  SSIUCS14 
 249   60097  SSIUCS15 
 249   60097  SSIUCS16 
 249   60097  SSIUCS17 
 249   60097  SSIUCS18 
 249   60097  SSIUCS2  
 249   60097  SSIUCS3  
 249   60097  SSIUCS4  
 249   60097  SSIUCS5  
 249   60097  SSIUCS6  
 249   60097  SSIUCS7  
 249   60097  SSIUCS8  
 249   60097  SSIUCS9  
 249   60097  STANTON  
 249   60097  STATID06 
 249   60097  STATID07 
 249   60097  STATID08 
 249   60097  STATID09 
 249   60097  STATID10 
 249   60097  STATID11 
 249   60097  STATID12 
 249   60097  STATID13 
 249   60097  STATID14 
 249   60097  STATID15 
 249   60097  STATID16 
 249   60097  STATID17 
 249   60097  STATID18 
 249   60097  STATID19 
 249   60097  STUCKBOX 
 249   60097  SWBTBBX  
 249   60097  TAD6NPBX 
 249   60097  TANDBOX  
 249   60097  TARGETTR 
 249   60097  TELCMPBX 
 249   60097  TESTBBX  
 249   60097  TEXABBX  
 249   60097  TIMK1BBX 
 249   60097  TOPGIMBX 
 249   60097  TRUSTMBX 
 249   60097  TTINCMBX 
 249   60097  UCSLBTST 
 249   60097  UNELEMBX 
 249   60097  UNIONMBX 
 249   60097  USRBABBX 
 249   60097  UYARNMBX 
 249   60097  V3780SRC 
 249   60097  WISCBMBX 
 249   60097  WSTINBBX 
 249   60097  WSTNGBBX 
 249   60097  XEROXMBX 
 249   60097  ZEUSMBX  
 249   60097  ZIEGBBX  
 249   60156  DCSMAINT 
hJJ*