 15054     245  CTMKTGB  
 15054     245  CTMKTGF  
 15054     245  EC0PCO   
 15054     245  GBECACS  
 15054     245  GBECALQ  
 15054     245  GBECDP   
 15054     245  GBECERM  
 15054     245  GBECFCD1 
 15054     245  GBECFCD2 
 15054     245  GBECFCD3 
 15054     245  GBECFDM  
 15054     245  GBECFG   
 15054     245  GBECJB   
 15054     245  GBECJJ   
 15054     245  GBECMD   
 15054     245  GBECMK   
 15054     245  GBECPBH  
 15054     245  GBECRPT  
 15054     245  GBECRT   
 15054     245  GBECTB   
 15054     245  MDF1PCO  
 15054     245  MDF2PCO  
 15054     245  MDF3PCO  
 15054     245  MDF4PCO  
 15054     245  MDF5PCO  
 15054     245  MDF6PCO  
 15054     245  MDF7PCO  
 15054     245  MDF8PCO  
 15054     245  PCO0     
 15054     245  PCO1     
 15054     245  PCO2     
 15054     245  PCOXPL   
 15054     245  TSG1PCO  
 15054     245  TSG2PCO  
 15054     245  TSG3PCO  
 16436     245  CTMKTG3  
 16436     245  CTMKTGA  
 16436     245  CTMKTGE  
 16436     245  CTMKTGG  
 16436     245  PCOACCON 
 16436     245  PCOXACC  
 16436     245  PCOXFIC  
 16436     245  PCOXGTW1 
 16436     245  PCOXGTW2 
 16436     245  PCOXGTWY 
 16436     245  UPLBT    
 36445     245  MNASACS  
 36445     245  MNASAUT  
 36445     245  MNASBNL  
 36445     245  MNASBTU  
 36445     245  MNASFRA  
 36445     245  MNASFSD  
 36445     245  MNASGE   
 36445     245  MNASICS  
 36445     245  MNASMAIN 
 36445     245  MNASPAC  
 36445     245  MNASSWI  
 36445     245  MNASUED  
 36445     245  MNASUK   
 36445     245  PARACCT  
 36445     245  SCONET   
 43473   52316  EUROP0   
 43473   52316  EUROP1   
 43473   52316  EUROP2   
 43473   52316  EUROP3   
 43473   52316  EUROP4   
 43473   52316  EUROP5   
 43473   52316  EURTLM   
 43534   52461  SN.COM   
 43534   52461  SN.COM1  
 43534   52461  SN.COM2  
 43534   52461  SN.COM3  
 43534   52461  SN.COM4  
 43534   52461  SN.COM5  
 43534   52461  SN.COM6  
 43534   52461  SNCOM0   
 44221     245  EUROPAR  
 44312     245  EUROSCDB 
 45700   57285  DAC0PCO  
 45700   57285  DAC1PCO  
 45700   57285  DAC2PCO  
 45700   57285  DAC3PCO  
 45700   57285  DAC4PCO  
 45700   57285  DAC5PCO  
 45700   57285  DAC6PCO  
 45700   57285  DACRP    
 46250   57817  CGS0PCO  
 46250   57817  CGS1APCO 
 46250   57817  CGS1PCO  
 46250   57817  CGS2APCO 
 46250   57817  CGS2PCO  
 46250   57817  CGS3APCO 
 46250   57817  CGS3PCO  
 46250   57817  CGS4APCO 
 46250   57817  CGS4PCO  
 46250   57817  CGS5APCO 
 46250   57817  CGS5PCO  
 46250   57817  CGS6APCO 
 46250   57817  CGS6PCO  
 46250   57817  CGS7APCO 
 46250   57817  CGS7PCO  
 46250   57817  CGS8APCO 
 46250   57817  CGS8PCO  
 46250   57817  CGS9PCO  
 46360   58008  CLI0PCO  
 46360   58008  CLI1PCO  
 46360   58008  CLI2PCO  
 46360   58008  CLI3PCO  
 50150   59802  ST0PCO   
 50150   59802  ST1PCO   
 50150   59802  ST2PCO   
 50150   59802  ST3PCO   
 50150   59802  ST4PCO   
 50150   59802  ST5PCO   
 50150   59802  ST6PCO   
 50150   59802  ST7PCO   
 50150   59802  ST8PCO   
 50150   59802  ST9PCO   
 50150   59802  STTRANS  
 50735   60266  MG0PCO   
 50735   60266  MG10PCO  
 50735   60266  MG1PCO   
 50735   60266  MG2PCO   
 50735   60266  MG3PCO   
 50735   60266  MG4PCO   
 50735   60266  MG5PCO   
 50735   60266  MG6PCO   
 50735   60266  MG7PCO   
 50735   60266  MG8PCO   
 50735   60266  MG9PCO   
 51460   60858  GBECPDM0 
 51460   60858  GBECPDM1 
 51460   60858  GBECPDM2 
 51460   60858  GBECPDM3 
 51460   60858  GBECPDM4 
 51460   60858  GBECPDM5 
 51460   60858  GBECPDM6 
 51460   60858  GBECPIL0 
 51460   60858  GBECPIL1 
 51460   60858  GBECPIL2 
 51460   60858  GBECPIL3 
 51460   60858  GBECPIL4 
 51460   60858  GBECPIL5 
 51460   60858  GBECPIL6 
 51672   61046  CRLY0PCO 
 51672   61046  CRLY1PCO 
 51672   61046  CRLY2PCO 
 51672   61046  CRLY3PCO 
 51672   61046  CRLY4PCO 
 51672   61046  CRLY5PCO 
 51672   61046  CRLY6PCO 
 51672   61046  CRLY7PCO 
 51672   61046  CRLY8PCO 
 51737   61083  VER0PCO  
 51737   61083  VER1PCO  
 51737   61083  VER2PCO  
 51737   61083  VER3PCO  
 51737   61083  VER4PCO  
 51737   61083  VER5PCO  
 51737   61083  VER6PCO  
 51737   61083  VER7PCO  
 51737   61083  VER8PCO  
 51765   61114  RN0PCO   
 51765   61114  RN1PCO   
 51765   61114  RN2PCO   
 51765   61114  RN3PCO   
 51765   61114  RN4PCO   
 51765   61114  RN5PCO   
 51765   61114  RN6PCO   
 51765   61114  RN7PCO   
 51765   61114  RN8PCO   
 52772   62167  PR0PCO   
 52772   62167  PR1PCO   
 52772   62167  PR2PCO   
 52772   62167  PR3PCO   
 52772   62167  PR4PCO   
 52772   62167  PR5PCO   
 52772   62167  PR6PCO   
 52772   62167  PR7PCO   
 52772   62167  PR8PCO   
 52773   62168  TGP0PCO  
 52773   62168  TGP1PCO  
 52773   62168  TGP2PCO  
 52773   62168  TGP3PCO  
 52773   62168  TGP4PCO  
 52773   62168  TGP5PCO  
 52773   62168  TGP6PCO  
 52773   62168  TGP7PCO  
 52773   62168  TGP8PCO  
 53375   62644  CCF0PCO  
 53375   62644  CCF1PCO  
 53375   62644  CCF2PCO  
 53375   62644  CCF3PCO  
 53375   62644  CCF4PCO  
 53375   62644  CCF5PCO  
 53375   62644  CCF6PCO  
 53375   62644  CCF7PCO  
 53375   62644  CCF8PCO  
 53730   62891  HDS0PCO  
 53730   62891  HDS1PCO  
 53730   62891  HDS2PCO  
 53730   62891  HDS3PCO  
 53730   62891  HDS4PCO  
 53730   62891  HDS5PCO  
 53730   62891  HDS6PCO  
 53730   62891  HDS7PCO  
 53730   62891  HDS8PCO  
 53763   62932  TOT0PCO  
 53763   62932  TOT1PCO  
 53763   62932  TOT2PCO  
 53763   62932  TOT3PCO  
 53763   62932  TOT4PCO  
 53763   62932  TOT5PCO  
 53763   62932  TOT6PCO  
 53763   62932  TOT7PCO  
 53763   62932  TOT8PCO  
 54350   63316  HER0PCO  
 54350   63316  HER1PCO  
 54350   63316  HER2PCO  
 54350   63316  HER3PCO  
 54350   63316  HER4PCO  
 54350   63316  HER5PCO  
 54350   63316  HER6PCO  
 54350   63316  HER7PCO  
 54350   63316  HER8PCO  
 55653   59247  EXPLOIT  
 55653   59247  RSANCHIS 
 56165     245  MNASITA  
 56166     245  MNASEP   
 56224   64527  SOM0PCO  
 56224   64527  SOM1PCO  
 56224   64527  SOM2PCO  
 56224   64527  SOM3PCO  
 56224   64527  SOM4PCO  
 56224   64527  SOM5PCO  
 56224   64527  SOM6PCO  
 56224   64527  SOM7PCO  
 56224   64527  SOM8PCO  
 56245   64549  BSN0PCO  
 56245   64549  BSN1PCO  
 56245   64549  BSN2PCO  
 56245   64549  BSN3PCO  
 56245   64549  BSN4PCO  
 56245   64549  BSN5PCO  
 56245   64549  BSN6PCO  
 56245   64549  BSN7PCO  
 56245   64549  BSN8PCO  
 56532   64742  KBL0PCO  
 56532   64742  KBL1PCO  
 56532   64742  KBL2PCO  
 56532   64742  KBL3PCO  
 56532   64742  KBL4PCO  
 56532   64742  KBL5PCO  
 56532   64742  KBL6PCO  
 56532   64742  KBL7PCO  
 56532   64742  KBL8PCO  
 56570   64786  SEN0PCO  
 56570   64786  SEN1PCO  
 56570   64786  SEN2PCO  
 56570   64786  SEN3PCO  
 56570   64786  SEN4PCO  
 56570   64786  SEN5PCO  
 56570   64786  SEN6PCO  
 56570   64786  SEN7PCO  
 56570   64786  SEN8PCO  
 56571   64787  SCOA0PCO 
 56571   64787  SCOA1PCO 
 56571   64787  SCOA2PCO 
 56571   64787  SCOA3PCO 
 56571   64787  SCOA4PCO 
 56571   64787  SCOA5PCO 
 56571   64787  SCOA6PCO 
 56571   64787  SCOA7PCO 
 56571   64787  SCOA8PCO 
 56644   65331  TEM0PCO  
 56644   65331  TEM1PCO  
 56644   65331  TEM2PCO  
 56644   65331  TEM3PCO  
 56644   65331  TEM4PCO  
 56644   65331  TEM5PCO  
 56644   65331  TEM6PCO  
 56644   65331  TEM7PCO  
 56644   65331  TEM8PCO  
 56644   65331  TEMTRANS 
 57151   65573  DSR0PCO  
 57151   65573  DSR1PCO  
 57151   65573  DSR2PCO  
 57151   65573  DSR3PCO  
 57151   65573  DSR4PCO  
 57151   65573  DSR5PCO  
 57151   65573  DSR6PCO  
 57151   65573  DSR7PCO  
 57151   65573  DSR8PCO  
 60015   59247  PLEGRAND 
 60402   66229  MID0PCO  
 60402   66229  MID1PCO  
 60402   66229  MID2PCO  
 60402   66229  MID3PCO  
 60402   66229  MID4PCO  
 60402   66229  MID5PCO  
 60402   66229  MID6PCO  
 60402   66229  MID7PCO  
 60402   66229  MID8PCO  
 60403   66231  NOBI0PCO 
 60403   66231  NOBI1PCO 
 60403   66231  NOBI2PCO 
 60403   66231  NOBI3PCO 
 60403   66231  NOBI4PCO 
 60403   66231  NOBI5PCO 
 60403   66231  NOBI6PCO 
 60403   66231  NOBI7PCO 
 60403   66231  NOBI8PCO 
 60404   66230  BFA0PCO  
 60404   66230  BFA1PCO  
 60404   66230  BFA2PCO  
 60404   66230  BFA3PCO  
 60404   66230  BFA4PCO  
 60404   66230  BFA5PCO  
 60404   66230  BFA6PCO  
 60404   66230  BFA7PCO  
 60404   66230  BFA8PCO  
   