    1    370   0 VAL370  
    1   3604   0 SRADBUG 
    1  30773   0 TAPELIB 
    1  37306   0 STEVEW  
    1  37307   0 KDANA   
    1  40051   0 BILLF   
    1  40544   0 C.JONES 
    1  45374   0 VMONTYME
    1  72726   0 JCHAVEZ 
    1  72727   0 TREYES  
    1  77364   0 MMARTIN 
    1 101723   0 SRAVAL  
    1 104543   0 ACTGTYM 
    1 113031   0 SUPPORT 
    1 115413   0 CPFRIEND
    1 117161   0 OPERATOR
    1 117167   0 VMSYSCYL
    1 117200   0 ABEND   
    1 117212   0 CPEREP  
    1 121254   0 BACKUP10
    1 126511   0 BATCHTYM
    1 127316   0 BATSER1 
    1 127321   0 BATSER2 
    1 127323   0 BATSER3 
    1 127325   0 BATSER4 
    1 127327   0 BATSER5 
    1 127330   0 BATSER6 
    1 127331   0 BATSER7 
    1 127332   0 BATSER8 
    1 127333   0 BATSER9 
    1 127334   0 BATSER10
    1 131720   0 VMBADCYL
    1 133435   0 VMSYSDIR
    1 141173   0 VMSYSLIB
    1 142013   0 ACNTTYM 
    1 150017   0 DSCMACH 
    1 151272   0 KEITHD  
    1 152470   0 ENDURE  
    1 161024   0 LINEADM 
    1 166430   0 ESTIVAW 
    1 173236   0 SRATECH 
    1 203231   0 ROOPED  
    1 213464   0 TAPELIBE
    1 215254   0 SRA     
    1 216231   0 NEEDHAM 
    1 223234   0 PALS    
    1 230245   0 EXEC370 
    1 240337   0 EDINANCY
    1 242452   0 SRAUTIL 
    1 257377   0 SRAMOV  
    1 267756   0 SRATREND
    1 276146   0 NANCY   
    1 277731   0 JMILLER 
    1 305646   0 VMRTM   
    1 306376   0 VMTAPE  
    1 306441   0 VMRMAINT
    1 307547   0 SRAMAP  
    1 314377   0 KMOFFETT
    1 314516   0 OPER370 
    1 315170   0 LUD370  
    1 320663   0 SSEREP  
    1 335541   0 NEW370  
    1 370370   0 SYSADM  
    1 402476   0 LEOIVES 
    1 402477   0 JBENA   
    1 407062   0 BT370M  
    1 416147   0 SSDOC   
    1 426365   0 ANDYYEE 
    1 430727   0 CALLISON
    1 430733   0 HSAIO   
    1 430746   0 SWEAVER 
    1 431046   0 VMMAP   
    1 436142   0 LIRAM   
    1 447400   0 ACOSTAP 
    1 453416   0 KSIGAL  
    1 544003   0 TAPEOPER
    1 546153   0 VMOSUTIL
    1 611217   0 CADPLA  
    1 650004   0 SSVAL   
    1 702427   0 VSMART  
    1 764670   0 CHECKSPL
    3 225443 200 WRS     
    4  66655   2 JDUDEK  
    4 123411   2 MGRAHN  
    4 123422   2 RODRIGUZ
    4 125552   2 UAS     
    4 126042   2 F40MVS  
    4 132017   0 ACTGTYMA
    4 140341   0 ACTGTYMX
    4 177122   2 ACOOK   
    4 212411   2 SJTYMC40
    4 216433   2 SJTYMC  
    4 241763   2 BAKOUSI 
    4 257202   2 FCANNING
    4 343447   2 PLUE    
    4 345257   2 CARMS   
    4 403621   2 PPSWRITE
    4 456110   2 MNICHOLS
    4 501226   2 MARSTEST
    4 522425   2 AFUNG   
    4 541326   2 PORTSDLY
    4 545636   2 CUDASCO 
    4 611161   2 SHAMPE  
    4 611503   2 MSPAK   
    4 641450   2 EDPROD  
    4 642421   2 JWONG   
    4 725740   2 IDMSMAIL
    4 746432   2 NSCFINPL
    4 776573   2 EISNHART
   14  14016   0 VMVSP1A 
   14 117165   0 VMUPDATE
   14 126423   0 VMCMSSYS
   14 162346   0 CMSMAINT
   14 163655   0 VMCP3.0 
   14 174205   0 PDDLIB  
   14 221037   0 BTYMDEV 
   14 253551   0 VMCPSYS 
   14 311411   0 CMSABND1
   14 311413   0 CMSABND2
   14 330515 229 X3T55   
   14 543166   0 VMCMST1 
   14 746566   0 VMSP1   
 5166   4071  61 CAPSMGMT
 5166 151636  61 TASCLBY 
 5166 167473  61 TASCUPL 
 5166 522021  61 CDE0FM  
10056 215607 229 LASALES 
10056 263666 229 SCSALES 
10056 645312 229 LKDP1   
10056 645313 229 LKDP2   
10056 773301 229 SCSALES2
11010 131062 233 KBEDELL 
11010 200472 233 INTACT  
11011  21273 249 EDI03SDS
11011  22732 249 EDI01SDS
11011  25215 249 EDILOGS 
11011  25220 249 EDIOPNY 
11011  36004 144 ONTYMBIL
11011  44026 144 PNCMON  
11011  53103 249 EDIOPNS3
11011 117737 144 PWSLIB  
11011 132012   0 UPL370  
11011 140266 144 ACSMON  
11011 147412 249 EDISPLIT
11011 147413 249 EDIDIST 
11011 147414 249 EDIOUT  
11011 147416 249 EDIOUT2 
11011 147417 249 EDITIME 
11011 155737 249 EDIACTNG
11011 155742 249 EDIOUT1 
11011 202605 249 EDI02SDS
11011 221701 249 EDISDS  
11011 227133 249 EDIOPNS2
11011 233424 249 EDICB   
11011 242232 144 ACCESS00
11011 242233 144 ACCESS01
11011 242234 144 ACCESS02
11011 242235 144 ACCESS03
11011 242236 144 ACCESS04
11011 242237 144 ACCESS05
11011 242240 144 ACCESS06
11011 242241 144 ACCESS07
11011 242242 144 ACCESS08
11011 242243 144 ACCESS09
11011 242244 144 ACCESS10
11011 242245 144 ACCESS11
11011 242247 144 ACCESS12
11011 242250 144 ACCESS13
11011 242251 144 ACCESS14
11011 242252 144 ACCESS15
11011 242253 144 ACCESS16
11011 242254 144 ACCESS17
11011 242255 144 ACCESS18
11011 242256 144 ACCESS19
11011 242257 144 ACCESS20
11011 264245 144 RKLUTE  
11011 272766 249 EDINW   
11011 272767 249 EDIPS   
11011 272770 249 EDIBB   
11011 330506   1 VMRAIL  
11011 356243 249 EDI04SDS
11011 357661 249 EDI05SDS
11011 363752 249 EDI06SDS
11011 365235   0 FOCUSTEC
11011 406573 249 EDI07SDS
11011 406574 249 EDI08SDS
11011 406575 249 EDI09SDS
11011 406576 249 EDI98SDS
11011 406577 249 EDI99SDS
11011 411377 144 ACSBATCH
11011 411467 144 ACSSRC  
11011 415031 249 EDIOPNS5
11011 415032 249 EDIOPNS4
11011 416720 144 CACSUSE 
11011 420346 144 GMASTERS
11011 424125 249 EDIMKT  
11011 425570 144 MICRO   
11011 445605 249 EDIMKTTB
11011 462360 249 TRANBACK
11011 462361 249 TRANTRAK
11011 463704 249 DEMOBOX 
11011 503416 249 GREGGBOX
11011 525133 144 ACSHSA  
11011 562073 144 IDEFSRV 
11011 562074 144 IDEFSOFT
11011 562077 144 IDEFSHR 
11011 562101 144 IDEFADM 
11011 562104 144 IDEF1REC
11011 562105 144 IDEF2REC
11011 562117 144 IDEF3REC
11011 562120 144 IDEF4REC
11011 562121 144 IDEF5REC
11011 562414 144 XCHGSW  
11011 571533 144 FXMON   
11011 574503 144 XCHGOPS 
11011 640163 249 SVLIB   
11011 643540 144 ACSFACTS
11011 644071 144 FXC01   
11011 644760 249 EDIARCH 
11011 650552 249 SVTSTLIB
11011 651141 144 NSMITH  
11011 663025 144 HSABILL 
11011 664243 144 H2HDEV  
11011 664244 144 H2HTEST 
11011 667573 144 HACKWOOD
11011 670375 144 FXC07   
11011 671545 144 FXC2SW  
11011 703253 144 FXSOFT  
11011 720275 144 H2HQUIET
11011 721261 249 EDIOUTDL
11011 745724 144 FXC2CODE
11011 746006 144 FXC2SOFT
11011 750533 144 CDMON   
11011 772701 144 ACSSTART
11011 774010 144 XCHGSW1 
11015 227101 249 EDISYS  
11016 122520   0 RELINFO 
11016 165320   2 SPOOLRM 
11016 301770   2 SPOOLRMX
11017 547124 143 FXC3SW  
11017 575763 143 CDW4EIS 
11017 575764 143 CDW1EIS 
11017 575765 143 CDW2EIS 
11017 575766 143 CDW3EIS 
11017 575767 143 CDW5EIS 
11017 575770 143 CDW6EIS 
11017 575771 143 CDW8EIS 
11017 575772 143 CDW9EIS 
11017 726373 144 EISUP   
11017 726374 144 EISSW   
11020  30722   3 BRUCES  
11020 245657 229 CFACDB  
11020 316407   3 MOORING 
11020 352523   3 WFACDB  
11020 421343   3 ANVERM  
11020 510030 229 TTEREG  
11334  24034 200 CHANG   
11334 101172 200 AKSELROD
11334 153153 200 DRAWSON 
11334 160217 200 MAILARIA
11334 242737 200 SANDYMF 
11334 247122 200 MIKERUDE
11334 276170 200 DSSGRAF 
11334 314235 200 NETDVDOC
11334 316647 200 CRUISING
11334 344776 200 BECHLYT 
11334 352212 200 NSRRPT  
11334 352214 200 NSRDEV  
11334 352217 200 TYMTS   
11334 352220 200 NSR     
11334 355573 200 RESUME  
11334 356424 200 PNETS   
11334 404763 200 NSRADM  
11334 421002 200 NDADOC  
11334 430501 200 MATUCHAD
11334 444112 229 COUCHE  
11334 456123 200 AMORRISS
11334 474103 200 JJOELS  
11334 515576 200 STOY    
11334 531426 200 HULLR   
11334 655117 240 MARELICH
11334 673501 200 MAICHANG
11334 776375 200 BLACKM  
11447  14424   0 SSTRACK 
11447  41220 240 SSLADE  
11447  74305   0 SSVALSUP
11447 113407 200 VALIDATE
11447 132500   0 SSUTIL  
11447 177453   0 SSINSTAL
11447 216572   0 VMUTIL  
11447 240114   0 PASSADM 
11447 271412   0 JCLMIN  
13107  15207 240 SPINALE 
13107  61012 240 CRABBS  
13107 451500 200 ICAMAIL 
14353  36147  60 CAPSWNAC
14353 136074  60 CAPSW   
15054 140042  73 MDF4PCO 
15054 140043  73 MDF5PCO 
15054 140047  73 MDF6PCO 
15054 140074  73 MDF7PCO 
15054 140075  73 MDF8PCO 
15054 152665  73 GBECMK  
15054 152667  73 GBECMD  
15054 226010  73 GBECJJ  
15054 417073  73 TSG1PCO 
15054 417074  73 TSG2PCO 
15054 417075  73 TSG3PCO 
15054 436361  73 CTMKTGB 
15054 437417  73 PCO0    
15054 437420  73 PCO1    
15054 437421  73 PCO2    
15054 443332  73 EC0PCO  
15054 520116  73 PCOXPL  
15054 523237  73 CTMKTGF 
15054 562660  73 GBECALQ 
15054 562662  73 GBECJB  
15054 577435  73 GBECFG  
15054 577436  73 GBECFDM 
15054 612236  73 GBECTB  
15054 612242  73 GBECPBH 
15054 612244  73 GBECERM 
15054 620134  73 GBECRPT 
15054 721401  73 GBECRT  
15054 731264  73 MDF1PCO 
15054 731265  73 MDF2PCO 
15054 731266  73 MDF3PCO 
15054 733232  73 GBECACS 
15054 755367  73 GBECDP  
15054 755453  73 GBECFCD1
15054 755454  73 GBECFCD2
15054 755455  73 GBECFCD3
16316  15046 249 EDIOUT3 
16316  15047 249 EDIOUT4 
16316  15050 249 EDIOUT5 
16316  46350 249 UCSIN   
16316  46353 249 UCSOUT  
16316  57506 249 UCSACTNG
16316  57507 249 UCSSYSTM
16316 130111 249 EDIMFS  
16316 136637 249 EDISCRIP
16316 200127 249 BVMF01A 
16316 201552 249 TYMBOX  
16316 230147 249 TYMBOX3 
16316 230150 249 TYMBOX2 
16316 254465 249 UCSBOX  
16316 272345 249 BVMF03A 
16316 302222 249 BVMF03B 
16316 302226 249 BVMF01B 
16316 302232 249 BVMF04B 
16316 302233 249 BVMF02B 
16316 302234 249 BVMF02A 
16316 302705 249 BVMF04A 
16316 315467 249 EDIMINN 
16316 412773 249 CAPFO1A 
16316 413000 249 CAPFO1B 
16316 413005 249 CAPFO2A 
16316 413562 249 EDISMART
16316 413563 249 EDICAP  
16316 434735 249 CAPFO2B 
16316 442717 249 TMMMBOX 
16316 443025 249 EDITRAFF
16316 444552 249 EDIPDF  
16316 447443 249 EDIPRT1 
16316 447445 249 EDIPRT2 
16316 452114 249 ROBINSON
16316 452154 249 EDILIB  
16316 457174 249 EDICAPT 
16316 476114 249 RAILDEV2
16316 476414 249 MICRODMO
16316 476420 249 DMO1BOX 
16316 476431 249 DMO2BOX 
16316 476437 249 DMO3BOX 
16316 476443 249 DMO4BOX 
16316 476451 249 DMO5BOX 
16316 476461 249 DMO6BOX 
16316 476462 249 DMO7BOX 
16316 476463 249 DMO8BOX 
16316 476464 249 DMO9BOX 
16316 476465 249 DMO10BOX
16316 476466 249 DMO11BOX
16316 476467 249 DMO12BOX
16316 476470 249 DMO13BOX
16316 476522 249 DMO14BOX
16316 476530 249 DMO15BOX
16316 500020 249 DMO16BOX
16316 500021 249 DMO17BOX
16316 500022 249 DMO18BOX
16316 500023 249 DMO19BOX
16316 500024 249 DMO20BOX
16316 500025 249 DMO21BOX
16316 500026 249 DMO22BOX
16316 500027 249 DMO23BOX
16316 500030 249 DMO24BOX
16316 500031 249 DMO25BOX
16316 512072 249 EDI3BACK
16316 512076 249 EDI3DIST
16316 512107 249 IMMOUT  
16316 527241 249 EDIOPNS6
16316 527247 249 EDIOPNS7
16316 537212 249 FSUPPORT
16316 537414 249 UK1BOX  
16316 540222 249 UK2BOX  
16316 541153 249 EDI2DEV 
16316 567161 249 EDI4BACK
16316 567543 249 EDI4DIST
16316 573271 249 IMMBOX  
16316 573272 249 OUTIMFS 
16316 575734 249 TRAFFPRT
16316 577017 249 DNSLB02 
16316 577763 249 SRCCIPBX
16316 577764 249 SRCCIBBX
16316 577765 249 STILB01 
16316 600031 249 DNSLB01 
16316 600404 249 STILB02 
16316 601041 249 TRAFFERR
16316 604760 249 EDISONNY
16316 606446 249 EDIOPNS9
16316 606702 249 EDILB02 
16316 606710 249 ABCLB01 
16316 606716 249 EDILB01 
16316 607565 249 APLLB02 
16316 607566 249 APLLB01 
16316 611221 249 FORLB01 
16316 611766 249 EDIDEAD 
16316 612756 249 DISCLB01
16316 613065 249 EDIRSCSI
16316 613067 249 EDIRSCSO
16316 642215 249 EDIOPN11
16316 672042 249 EDISWBU 
16316 713717 249 IMMOUT1 
16316 713723 249 IMMOUT2 
16316 713731 249 IMMOUT3 
16316 713736 249 IMMOUT4 
16316 713743 249 IMMOUT5 
16316 732467 249 EDIPROC 
16316 743353 249 CSLIB   
16316 745210 249 EDI5DIST
16316 745211 249 EDI5BACK
16316 761301 249 EDIRMSGS
16436 100654  73 PCOACCON
16436 152447  73 CTMKTG3 
16436 271332  73 PCOXGTWY
16436 273605  73 UPLBT   
16436 275634  73 PCOXGTW1
16436 275635  73 PCOXGTW2
16436 300554  73 PCOXACC 
16436 434001  73 CTMKTGA 
16436 523235  73 CTMKTGE 
16436 567246  73 CTMKTGG 
16436 575265  73 PCOXFIC 
20653 167420 190 DIST190A
20653 167543 190 DIST190B
20653 437275 190 DIST190C
20653 717065 190 UPLTT   
21215 263271   2 NSCTAX  
21472 266065 229 EASTLINE
21472 535736 229 AMERDIS 
21475  50351 229 PNS     
21476      7 200 ROLAND  
21476  14437 229 TYM/COMM
21476  14441 229 PERSTATS
21476 114241 229 NETMKTG 
21476 127164 229 NSTECH  
21476 174510 229 PUBNET  
21476 223537 229 NSSU    
21476 230777 229 MSANCHEZ
21476 261167 229 TECHSERV
21476 403075 229 TESTDDD 
21476 404137 229 NSDADM  
21476 412510 229 PHILJ   
21476 415636 229 HULTQUIS
21476 426745 229 NWPNETS 
21476 426755 229 CWPNETS 
21476 434221 229 WESTERNR
21476 545177 229 DDD     
21476 551245 229 NTRACK  
21476 555111 229 PUBMARK 
21476 636434 229 MSSPROG 
21476 747454 229 SCANSET 
21477   2737 229 EFACDB  
21477   2740 229 WFACDB  
21477   5375 229 WSMITH  
21477  14033 229 CANET   
21477  14373 229 RHOWLAND
21477 100032 229 PGROW   
21477 100741 229 WESTBILL
21477 110326 229 DIST216 
21477 125613 229 PRIVATE 
21477 130074 201 DAULTON 
21477 141511 229 RCHUN   
21477 145664 229 WTHORPE 
21477 145765 229 LAMPMAN 
21477 147773 229 NSSC    
21477 157563 229 LUME    
21477 166324 229 VERDUGO 
21477 166326 229 MSILVA  
21477 166331 229 CTORDA  
21477 166332 229 LARTIGUE
21477 166334 229 APEREZ  
21477 166340 229 SUGIMOTO
21477 175306 229 NETCON  
21477 205634 229 ANALYSIS
21477 205635 201 NETSTAT 
21477 230570 229 ATLANTIC
21477 235561 229 NETENG  
21477 272531 229 DHINGLE 
21477 275251 201 MSEDSEL 
21477 276122 229 NEDIST  
21477 306503 229 QOSRPT  
21477 310432 229 TCSUP1  
21477 321033 229 ROY     
21477 326450 201 GHWANG  
21477 333303 229 CSS800  
21477 346706 229 AVROC   
21477 346745 229 WRPNETS 
21477 375203 229 TGBILL  
21477 375204 229 TGRUSS  
21477 377050 229 P/SMITH 
21477 407317 229 CHARPER 
21477 414533 229 REQTRAC 
21477 415677 229 AUTODIST
21477 423633 229 RASMUSSE
21477 430173 229 NTPLAN  
21477 442665 229 HOFFMANN
21477 454503 229 PLANTOOL
21477 476700 229 NEWENG  
21477 516370 229 BSMITH  
21477 533607 229 ENGSTAFF
21477 536221 229 AGINTZ  
21477 536244 229 MSOTRAC 
21477 541753 229 IFACDB  
21477 551254 229 GRENWOOD
21477 646764 229 MBUSCH  
21477 717100 201 STATNET 
21477 745025 229 KROGERS 
21477 760703 201 RHUANG  
22013 344063 249 RAILINST
23036  30440 230 KTLCOMM 
23036 174226 230 KTLDEM01
23036 174227 230 KTLDEM02
23036 210116 230 KTLDEMO2
23036 210160 230 KTLDEMO1
23036 210162 230 SAEGUSA1
23036 210163 230 KTLDEV0 
23036 211071 230 DIST230B
23036 211072 230 DIST230A
23036 211201 230 TOKPRINT
23036 276116 230 KTLDEV7 
23036 276132 230 KTLDEV8 
23036 304122 230 UPLKT   
23036 321437 230 DIST230C
23036 321442 230 KTLDEV1 
23036 321443 230 KTLDEV2 
23036 402677 230 IDIDEMO 
23036 434002 230 NISOES  
23036 450020 230 NSCNET  
23036 466370 230 DEMOIDI1
23036 466401 230 DEMOIDI2
23036 514655 230 IDIDEMO1
23036 514661 230 IDIDEMO2
23036 514663 230 IDIDEMO3
23036 514666 230 IDIDEMO4
23036 514673 230 IDILIB  
23036 514741 230 IDICOMM 
23036 526062 230 IDIDEMO5
23036 526110 230 IDIDEMO6
23036 526144 230 IDIDEMO7
23036 526153 230 IDIDEMO8
23036 555170 230 IDIDEV  
23036 555425 230 KTLADM  
23036 577470 230 NISMRD  
23036 634467 230 IDM     
23036 640367 230 NISFE   
23036 644450 230 NISLIB  
23036 667167 230 NISNYK  
23036 670342 230 MINOUE  
23036 675753 230 NISFETOK
23036 675762 230 NISFEOSK
23036 715006 230 NISONT  
23154 211157 231 DIST231A
23154 211163 231 DIST231B
23154 321436 231 DIST231C
23154 321440 231 KTLDEV3 
23154 321441 231 KTLDEV4 
23401 217456 200 NTDPIR  
23401 463121 200 JOHNSONL
23401 640634 200 PMSFILES
23407  37472 240 TSPRINT1
23407  37473 240 TSPRINT2
23571 215111 230 TYMKTL  
23761 100470 249 EDIDOC  
23761 105111 249 UCSMONTR
23762 216651 191 DIST191B
25412 232744   2 BLGBASE 
25671 235542 199 DIST199 
26442 645274 240 MDPSC1  
26442 645275 240 MDPSC2  
26442 645276 240 MDPSC3  
26442 645277 240 MDPSC4  
26442 645300 240 MDPSC5  
26442 645301 240 MDPSC6  
26442 645302 240 MDPSC7  
26442 645303 240 MDPSC8  
26442 645304 240 MDPSC9  
26442 645306 240 MDPSC10 
27514 671241 228 FNOYER  
27514 672474 228 MKHELLAF
27576 173430 232 KTLDEV5 
27576 173431 232 KTLDEV6 
27576 257360 232 DIST232A
27576 260142 232 DIST232B
27576 260144 232 OSAPRINT
27576 321435 232 DIST232C
30247 326365 190 TO2BS   
30455 107741 240 CHALIT  
30455 126237 240 WARRENT 
30455 145104 240 GNOFTS1 
30455 152747 240 TSKUU   
30455 227151 240 HWANGJ  
30455 432011 240 ROMINEB 
30455 441002 240 PMARINO 
30455 464564 240 SMITHS  
30455 465042 240 CORLD   
30455 507324 240 CUSNODE 
32120  27147 229 DBTLC   
32120  67260 229 DBAMIKE 
32120 164320 229 DB136   
32120 305222 229 DBTAR   
32120 305256 221 DB131   
32120 305262 226 DB130   
32120 305263 227 DB132   
32120 402037 229 DBTARIFF
32120 435124 229 DBPACCT 
32120 461204 229 DBCENTRL
32120 525504 229 DBWCNI  
32120 525505 229 DBCNI   
32120 774470 229 DBTIP   
33676 332553   2 HRDLOC  
34776 121635 229 INDIAL1 
34776 121636 229 INDIAL2 
34776 167063 249 EDIMAINT
34776 410474 229 EDISCR  
34776 416726 229 EDI5    
34776 433143 249 BVMRAILA
34776 433144 249 BVMRAILB
34776 433145 249 BVMRAILC
34776 433205 229 HSARBOX 
34776 443053 249 HSAR2   
35676   2003 249 OUTDIAL2
35676  27350 249 EDI     
35676  27461 249 STANTON 
35676  55433 249 EDI2    
35676  72556 249 EDITEST 
35676 106426 249 EDITEST1
35676 111252 249 EDIX    
35676 125616 249 ATDOC   
35676 125621 249 ATSOURCE
35676 126057 249 EDIDEV2 
35676 152116 146 EDIGEN  
35676 162775 249 LMORRIS 
35676 425267 249 EVAYSBUR
35676 431663 249 LOWE    
35676 432070 146 EDILRB  
35676 441437 249 EDI4    
35676 444760 249 EDIDADM 
36445 164113  73 MNASBTU 
36445 164122  73 MNASAUT 
36445 400075  73 MNASGE  
36445 400076  73 MNASFSD 
36445 530040  73 MNASMAIN
36445 530041  73 MNASBNL 
36445 530042  73 MNASACS 
36445 530046  73 MNASFRA 
36445 563751  73 MNASPAC 
36445 572130  73 MNASSWI 
36445 572137  73 MNASICS 
36445 632063  73 MNASUK  
36445 715755  73 MNASUED 
36445 734024  73 PARACCT 
37101 23275 ACCNTRL 
37343 242335 231 CONVESCO
37343 422715 231 ISUZU   
37343 621470 231 ISZCOMON
37343 621471 231 OMORI   
37343 757314 231 ISZPARTS
37343 757320 231 IMLBHX  
41536 120064 249 DOWLIB  
41536 721221 249 DBOES01 
41536 721224 249 DBOES02 
41536 721226 249 DBOES03 
41536 721231 249 DBOES04 
41536 721232 249 DBOES05 
41536 721233 249 DBOES06 
41536 721234 249 DBOES07 
41536 721235 249 DBOES08 
41536 721236 249 DBOES09 
41536 721237 249 DBOES10 
41536 721240 249 DBOESTST
41536 721307 249 DOWLIB2 
42151 177442 249 TARGETTR
42353 147127 249 PURBOX  
43242 237225  13 EDIECOM 
43253 214053 249 LBBOX   
43253 443207 249 LBTEST1 
43254 214054 249 MARSBOX 
43311  64704 231 AUTL1   
43311 432247 231 TAS40   
43311 506120 231 NSKCOMM 
43311 506143 231 ANSK2   
43311 506150 231 SNSK2   
43311 506152 231 PLEE2   
43311 506153 231 TNSK2   
43311 577175 231 T-NSK   
43311 577176 231 H-NSK   
43311 610200 231 TT04    
43311 635570 231 TS362   
43311 642262 231 KNSK2   
43311 656231 231 T-NSK2  
43311 672371 231 PERMA   
43311 763145 231 LNSK2   
43421 117502 205 GL.CSSF 
43421 250622 205 GL.CORP1
43473 477756  73 EUROP0  
43473 477757  73 EUROP1  
43473 477760  73 EUROP2  
43473 516206  73 EURTLM  
43473 522637  73 EUROP3  
43473 522643  73 EUROP4  
43473 522645  73 EUROP5  
43522 257510 249 IAIUCS1 
43522 315405 249 IAITEST 
43522 333365 249 IAIUCS2 
43522 417543 249 IAIUCS12
43522 425737 249 IAIUCS3 
43522 425740 249 IAIUCS4 
43522 442720 249 IAIUCS5 
43522 462441 249 IAIUCS6 
43522 475335 249 IAIUCS7 
43522 503020 249 IAIUCS8 
43522 503025 249 IAIUCS9 
43522 536526 249 IAIUCS10
43522 544474 249 IAIUCS11
43523  74200 249 SSIUCS2 
43523 257504 249 SSIUCS1 
43523 315413 249 SSITEST 
43523 417331 249 SSIUCS3 
43523 425367 249 SSIUCS4 
43523 435464 249 SSIUCS5 
43523 453514 249 SSIUCS6 
43523 555746 249 SSIUCS7 
43534 426747  73 SN.COM  
43534 437010  73 SN.COM1 
43534 437011  73 SN.COM2 
43534 503271  73 SN.COM3 
43534 503272  73 SN.COM4 
43534 504226  73 SN.COM5 
43534 504227  73 SN.COM6 
43534 521142  73 SNCOM0  
43671 230675 249 HPBOX   
43757  40021 249 EDIMONTR
43757  55020 249 EDIBAT  
43757  70044 249 EDITBILL
43757  71616   2 EDIBILL 
43757  72057 249 EDIRSCS 
43757  77736 249 EDIBLAKE
43757 131123 249 EDILISTS
43757 176655 249 MCDONALD
43757 207403   2 EDIBKUP 
43757 230443   2 EDIVIEW 
43757 236216 249 ANS2BOX 
43757 236217 249 ANS1PROC
43757 236321 249 ANS2PROC
43757 236323 249 ANS1BOX 
43757 241203 249 EDIBELLO
43757 264523 249 EDIOPNS 
43757 275043 249 EDIPMS  
43757 301635 249 BVMOPS  
43757 341464   2 EDIVIEW1
43757 341465   2 EDIVIEW2
43757 346060 249 DCSTST80
43757 410600 249 DUPSWTCH
43757 411506 249 EDIQC   
43757 415564 249 EDISUPER
43757 436734 249 CSUPPORT
43757 441053 249 EDIRITA 
43757 441054 249 EDIFRANK
43757 441337   2 EDIBIL2 
43757 441650 249 EDIDOUG 
43757 456714 249 REDIBBX 
43757 461506 249 MICHAELB
43757 463050 249 EDICOLL 
43757 464724   2 EDIMIS  
43757 473215 249 BVMBOX  
43757 536521 249 HDRSWTCH
43757 551036 249 RICKBOX 
43757 552612 249 ABCBOX  
43757 566562 249 EDIOPNS8
43757 567207 249 EDICSTRF
43757 610271 249 EDIMIKE 
43757 631332 249 POPSPROC
43757 647245 249 EDIPROC1
43757 647246 249 EDIPROC2
43757 647247 249 SPECBILL
43757 647777 249 EDIBATCH
43757 704362 249 STATLIB 
43757 704363 249 STATPROC
43757 721006 249 STATID01
43757 721010 249 STATID02
43757 721023 249 STATID03
43757 721033 249 STATID04
43757 721037 249 STATID05
43757 721374 249 DCSMAINT
43757 724723 249 OLDBILL 
43757 731235 249 EDISEND 
43757 733726 249 DBOESFE 
43757 760445 249 EDIOPN13
43757 760446 249 EDIOPN14
43757 765075 249 EDIOPSCK
43757 765120 249 EDISPL1 
43757 765137 249 EDISPL2 
43757 775341 249 EDIOPN15
44047  32755 229 JMAGNAN 
44047 251216 229 WATECH  
44047 416456 229 MREEVES 
44047 626056 229 KGOOD   
44054 275771 229 PATCOTE 
44054 277757 229 HERTNSTN
44054 417014 229 AMARYLND
44054 477052 229 PROJMGT 
44054 552104 229 MYOUNG  
44054 650542 229 JBEDOUN 
44054 664024 229 CTS     
44054 677441 229 DMIELKE 
44054 762674 229 CTSFORD 
44060 131656 229 JLAZOR  
44060 133537 229 ANNARBOR
44060 270445 229 SWARTZM 
44060 575453 229 LAWRENCE
44060 703370 229 JOLEARY 
44061 677765 229 MJACOBS 
44061 722772 229 SMURPHY 
44062  76004 229 NWHITE  
44062 214015 229 RESTONSE
44221 304435  73 EUROPAR 
44251  67241 229 NPARIKH 
44251 112611 229 GNSSPT  
44266 226315 229 TCHOW   
44266 463770 229 GSTEWARD
44312 302224  73 EUROSCDB
44500  21444 249 SCEBOX  
44500 312542 249 RCABOX  
44500 451505 249 ZEUSMBX 
44500 543307 249 HARDMBX 
44633  61610 231 C0009270
44633 450630 231 C0008950
44633 664123 231 C0009260
44633 664125 231 C0000000
44633 664126 231 C0009990
44643 462271 144 FVLTST01
44643 462273 144 FVLTST02
44643 462274 144 FVLTST03
44643 462275 144 FVLTST04
44643 462276 144 FVLTST05
44643 462277 144 FVLTST06
44643 462300 144 FVLTST07
44643 462301 144 FVLTST08
44643 462302 144 FVLTST09
44643 462303 144 FVLTST10
44643 462304 144 FVLTST11
44643 462305 144 FVLTST12
44643 462306 144 FVLTST13
44643 462307 144 FVLTST14
44643 462310 144 FVLTST15
44643 462311 144 FVLTST16
44643 462314 144 FVLTST17
44643 462315 144 FVLTST18
44643 462325 144 FVLTST19
44643 462326 144 FVLTST20
44643 462327 144 FVLTST21
44643 462330 144 FVLTST22
44643 462331 144 FVLTST23
44643 462332 144 FVLTST24
44643 462335 144 FVLTST25
44643 462336 144 FVLTST26
44643 462337 144 FVLTST27
44643 462340 144 FVLTST28
44643 462341 144 FVLTST29
44643 462342 144 FVLTST30
44643 723737 144 FVLTST  
44725  21321 249 PPCPROC 
44725 177206 249 PPCBOX  
45566 413351 230 NISTOK  
45566 413620 230 COMTOK  
45566 561217 230 MARUTOKB
45566 561302 230 MARUCGO1
45566 675441 230 VISLSAX 
45700 420245  73 DACRP   
45700 427742  73 DAC1PCO 
45700 427743  73 DAC2PCO 
45700 427764  73 DAC0PCO 
45700 466113  73 DAC3PCO 
45700 466114  73 DAC4PCO 
45700 466115  73 DAC5PCO 
45700 466612  73 DAC6PCO 
46212 432612 249 KKBOX   
46234 433546 231 NWKTYO  
46234 434762 231 NWKLDN  
46234 537056 231 NWKNYC  
46234 537061 231 NWKSLU  
46234 537065 231 NWKCOMM 
46234 545730 231 NWKHKG  
46250  30615  73 CGS0PCO 
46250 407664  73 CGS1APCO
46250 407666  73 CGS2APCO
46250 407667  73 CGS3APCO
46250 407670  73 CGS4APCO
46250 407672  73 CGS5APCO
46250 407673  73 CGS6APCO
46250 407675  73 CGS7APCO
46250 407677  73 CGS8APCO
46250 435506  73 CGS1PCO 
46250 435507  73 CGS2PCO 
46250 435510  73 CGS3PCO 
46250 435511  73 CGS4PCO 
46250 435512  73 CGS5PCO 
46250 513463  73 CGS6PCO 
46250 513464  73 CGS7PCO 
46250 513465  73 CGS8PCO 
46250 513466  73 CGS9PCO 
46353 633760 231 YTA001  
46353 673524 231 YRC001  
46353 673525 231 YTC001  
46353 673526 231 YTV001  
46353 673527 231 YRCOMMON
46360 442022  73 CLI0PCO 
46360 442212  73 CLI1PCO 
46360 442223  73 CLI2PCO 
46360 442224  73 CLI3PCO 
46633 454050 229 PROPOSAL
47112 477475 249 EXCHBOX 
47232 176244 229 SWBELL  
47232 266440 229 SWBNET  
47256 123455 228 BFERGUSN
47256 270076 228 IBARNES 
47256 270077 228 MSMITH  
47356 342033 231 RCGOTOK 
47356 342034 231 SCGOTOK 
47356 357610 231 NKPEN   
47423 514163 249 BANKBOX 
47423 536207 249 GRAPHBOX
47423 536234 249 TANDBOX 
47423 536240 249 ANIXBOX 
47423 536533 249 BANKTEST
47465 516557 249 CHANTBOX
47553 521711 249 LJPBOX  
47574 542370 249 RIVERTST
47575 522443 249 SANDBOX 
47602 522527 249 CONBOX  
47646 525344 249 KELLBOX 
47725 530624 249 STUCKBOX
50104 570244   0 RSCS    
50104 642533   0 RSCSMON 
50111 544575 249 UNIONMBX
50116 544665 249 GESMBX  
50150 547254  73 ST0PCO  
50150 547255  73 ST1PCO  
50150 547256  73 ST2PCO  
50150 547257  73 ST3PCO  
50150 547260  73 ST4PCO  
50150 547261  73 ST5PCO  
50150 547262  73 ST6PCO  
50150 547263  73 ST7PCO  
50150 547264  73 ST8PCO  
50150 547265  73 ST9PCO  
50150 675430  73 STTRANS 
50207 551075 249 MASTMBX 
50366 541337 230 MARUTOK9
50366 541522 230 MARUTOKA
50366 541631 230 MARUCGO0
50366 560636 230 KBTTOK  
50366 643264 230 KBTWGTOK
50366 643265 230 KBTWGMJS
50366 643266 230 KBTLSA  
50530 402431 249 SWBTBBX 
50562  25674 249 JONESPBX
50562  44504 249 ALPOPBX 
50562 105753 249 TESTBBX 
50562 124156 249 NZTCJPBX
50562 124157 249 NZTCKPBX
50562 124161 249 NZTCLPBX
50562 124166 249 NZTCMPBX
50562 124201 249 NZTCNPBX
50562 200272 249 NZTCOPBX
50562 200273 249 NZTCPPBX
50562 200274 249 NZTCQPBX
50562 200300 249 NZTCRPBX
50562 217470 249 NZTCSPBX
50562 230760 249 BGRENPBX
50562 262471 249 RTCRQBBX
50562 314147 249 D50A1PBX
50562 403335 249 NAB2BBX 
50562 410402 249 INDISBBX
50562 412055 249 SSI02PBX
50562 412071 249 IAIUCS35
50562 412224 249 SRC3780C
50562 412225 249 SRC3780B
50562 412226 249 SRCBSCCM
50562 412231 249 SRCBSCBV
50562 412232 249 SRCXPCSR
50562 413075 249 PIEDLB02
50562 413100 249 TEXABBX 
50562 414264 249 IAIUCS25
50562 416653 249 DNSLB06 
50562 422757 249 FOOD1MBX
50562 427166 249 LMI20MBX
50562 427167 249 LMI19MBX
50562 427175 249 DNSBOPBX
50562 431032 249 EDIKEN  
50562 431513 249 ATTBBX  
50562 431735 249 HARBIBBX
50562 432347 249 SSIPRO18
50562 433612 249 TRUSTMBX
50562 433615 249 CSHENPBX
50562 434003 249 ALIEDMBX
50562 434046 249 V3780SRC
50562 434705 249 SSIUCS15
50562 436254 249 IAIUCS36
50562 437677 249 AIRCOBBX
50562 445130 249 NZTASPBX
50562 445151 249 NZTBAPBX
50562 445160 249 NZTBCPBX
50562 450626 249 BOLUSPBX
50562 451720 249 INTACPBX
50562 451721 249 INTADPBX
50562 451722 249 INTAEPBX
50562 451723 249 INTAFPBX
50562 451731 249 MITSUPBX
50562 453621 249 D85A7PBX
50562 453637 249 D85A6PBX
50562 455402 249 BELL1PBX
50562 460170 249 INTERMBX
50562 462747 249 SRCSVHSA
50562 462753 249 SRCXMODM
50562 463031 249 EDIDAVID
50562 463501 249 AMDBBX  
50562 465500 249 ADVSLB01
50562 470737 249 WSTNGBBX
50562 473076 249 INTERPBX
50562 473354 249 NZTATPBX
50562 473360 249 NZTAUPBX
50562 473563 249 NZTAVPBX
50562 473564 249 NZTAWPBX
50562 473566 249 NZTAXPBX
50562 473660 249 NZTBBPBX
50562 473663 249 NZTBDPBX
50562 473664 249 NZTBEPBX
50562 473665 249 NZTBFPBX
50562 473740 249 NZTBGPBX
50562 473743 249 NZTBHPBX
50562 475073 249 MANNKPBX
50562 477437 249 PRSEKABX
50562 477440 249 PRSSCABX
50562 477441 249 PRSMMABX
50562 500367 249 INOVLB02
50562 500370 249 STATID11
50562 501101 249 CNCP1PBX
50562 501102 249 CNCP2PBX
50562 501103 249 CNCP3PBX
50562 501104 249 CNCP4PBX
50562 501105 249 CNCP5PBX
50562 501110 249 CNCP6PBX
50562 501525 249 STATID12
50562 503702 249 IAIUCS37
50562 504561 249 HEARTPBX
50562 507552 249 LBPROD  
50562 507557 249 GESUPMBX
50562 510174 249 IAIUCS26
50562 512723 249 SSIPRO13
50562 512726 249 CTILB02 
50562 513155 249 NZTBIPBX
50562 513446 249 NZTBJPBX
50562 513564 249 NZTBKPBX
50562 513734 249 NZTBLPBX
50562 513777 249 NZTBMPBX
50562 514003 249 NZTBNPBX
50562 514026 249 NZTBOPBX
50562 514167 249 NZTPPPBX
50562 514307 249 NZTBQPBX
50562 514320 249 NZTBRPBX
50562 514445 249 NZTBSPBX
50562 514716 249 NZTAHPBX
50562 514740 249 NZTAAPBX
50562 515437 249 SRCCIMBX
50562 515464 249 NZTCCPBX
50562 515471 249 NZTCDPBX
50562 515503 249 NZTCEPBX
50562 515505 249 NZTCFPBX
50562 515515 249 NZTCGPBX
50562 515521 249 NZTCHPBX
50562 515522 249 NZTCIPBX
50562 515655 249 STATID13
50562 517304 249 INDIEPBX
50562 520643 249 LMI01BBX
50562 520644 249 LMI02BBX
50562 520645 249 LMI03BBX
50562 524644 249 STATID15
50562 524645 249 STATID16
50562 524646 249 STATID17
50562 524647 249 STATID18
50562 524650 249 STATID19
50562 526606 249 SSIUCS16
50562 526607 249 CSTSTPBX
50562 526610 249 CSTSTBBX
50562 527563 249 NECAMPBX
50562 530616 249 MCSLB01 
50562 535631 249 MTSTSPBX
50562 541050 249 IAIUCS27
50562 542214 249 IAIUCS13
50562 542601 249 SSIUCS8 
50562 544373 249 DUPBRBBX
50562 545441 249 TIMK1BBX
50562 545515 249 SSIPRO14
50562 545540 249 CERTAPBX
50562 545550 249 D85A9PBX
50562 550417 249 NZTAIPBX
50562 550421 249 NZTAKPBX
50562 550422 249 NZTALPBX
50562 550423 249 NZTAMPBX
50562 550425 249 NZTANPBX
50562 550426 249 NZTAOPBX
50562 550427 249 NZTAPPBX
50562 550430 249 NZTAQPBX
50562 550433 249 NZTARPBX
50562 551152 249 BOVAIPBX
50562 551224 249 NZTBPPBX
50562 551771 249 IAIUCS28
50562 552627 249 MOR5MBX 
50562 562404 249 SSIPRO  
50562 563212 249 BRTPBBX 
50562 563340 249 ZIEGBBX 
50562 563343 249 LMI04BBX
50562 563345 249 LMI05MBX
50562 563347 249 LMI07BBX
50562 563565 249 IAIUCS29
50562 567732 249 LBALB01 
50562 567736 249 MDAISBBX
50562 572243 249 IAIUCS14
50562 572415 249 LMI08BBX
50562 572416 249 LMI09BBX
50562 572420 249 LMI10BBX
50562 572423 249 LMI11BBX
50562 572425 249 LMI12BBX
50562 573065 249 OSCARBBX
50562 573431 249 SSIPRO2 
50562 574176 249 HPTXTBBX
50562 575517 249 SSIPRO15
50562 575540 249 LMI15MBX
50562 575552 249 XEROXMBX
50562 576147 249 REYSMBBX
50562 577200 249 SRCMVETM
50562 600022 249 INERSPBX
50562 600024 249 TELCMPBX
50562 600034 249 SOULDMBX
50562 600272 249 IAIUCS15
50562 601045 249 PRSMSABX
50562 602275 249 IAIUCS30
50562 604366 249 MISNEPBX
50562 604367 249 SSIUCS17
50562 605344 249 ENGELBBX
50562 606531 249 EDISTATS
50562 607634 249 EXXONBBX
50562 611024 249 COMPUPBX
50562 611027 249 ILLEEMBX
50562 611644 249 D95A4MBX
50562 611772 249 ARVEYPBX
50562 612502 249 SSIUCS9 
50562 614117 249 SSIPRO3 
50562 614174 249 ENGL2BBX
50562 615161 249 MANCIMBX
50562 617460 249 POPS4BBX
50562 620435 249 SAMMBX  
50562 620445 249 HTROYMBX
50562 624231 249 UCSLBTST
50562 624232 249 ANSILBTS
50562 625541 249 EDIDAN  
50562 630773 249 LBALB02 
50562 631500 249 FISHEBBX
50562 631772 249 SSIPRO16
50562 632130 249 MAYESPBX
50562 632515 249 LITTLPBX
50562 633244 249 IAIUCS16
50562 634753 249 AMPACPBX
50562 634764 249 EDITTPBX
50562 634773 249 UNELEMBX
50562 635252 249 SSIUCS10
50562 636244 249 BESTLPBX
50562 636531 249 IAIUCS31
50562 641105 249 COLCLPBX
50562 641124 249 INDAIMBX
50562 641440 249 MISN2PBX
50562 643372 249 SSIPRO4 
50562 643373 249 ACSLB01 
50562 644561 249 IAIUCS32
50562 645005 249 SRGCOPBX
50562 646024 249 IAIUCS17
50562 647257 249 COLGTPBX
50562 647476 249 HUBFBPBX
50562 647707 249 MWSTAPBX
50562 647710 249 EDIQRDRS
50562 653602 249 BRAWBMBX
50562 655651 249 UYARNMBX
50562 656256 249 FCHGOMBX
50562 656333 249 AAMESPBX
50562 662423 249 APLMTPBX
50562 664245 249 JDINSBBX
50562 664410 249 SSIUCS11
50562 665114 249 FZNSVMBX
50562 666257 249 SOUNDBBX
50562 667207 249 SSIPRO5 
50562 667731 249 USRBABBX
50562 670075 249 CCPACPBX
50562 672570 249 REICHBBX
50562 675660 249 EXXO2BBX
50562 676472 249 NNILB01 
50562 676625 249 EDISRCCM
50562 677533 249 SSIPRO6 
50562 677542 249 SSIPRO7 
50562 700307 249 COLGUPBX
50562 700623 249 TAD6NPBX
50562 701340 249 OGONTPBX
50562 702225 249 SSIPRO8 
50562 702726 249 SSI01PBX
50562 703317 249 NYKAAPBX
50562 703321 249 NYKABPBX
50562 703750 249 PSTV1PBX
50562 704560 249 RAILLB01
50562 706353 249 RMSLB01 
50562 706604 249 AMKOYBBX
50562 707724 249 SSIUCS12
50562 711234 249 DBSLB01 
50562 711726 249 RMSLB02 
50562 713677 249 LMI14MBX
50562 714663 249 MUNSNPBX
50562 714672 249 SPSLB01 
50562 715040 249 CITWCBBX
50562 715051 249 STATID14
50562 716753 249 EDIJD   
50562 717120 249 EDIGLENN
50562 717267 249 MOFISPBX
50562 720021 249 D85A2PBX
50562 720033 249 EDIROCK 
50562 723072 249 RWMBBX  
50562 723240 249 WSTINBBX
50562 723641 249 IAIUCS18
50562 723650 249 D95E4MBX
50562 725153 249 PRSHHABX
50562 726272 249 IAIUCS33
50562 726655 249 SSIPRO9 
50562 727271 249 PIEDLB01
50562 732314 249 SSIUCS13
50562 732403 249 CROWMBX 
50562 734057 249 EDITPBX 
50562 734065 249 IAIUCS19
50562 734066 249 IAIUCS21
50562 734067 249 IAIUCS20
50562 734070 249 SSIPRO10
50562 735720 249 RLSMGBBX
50562 736132 249 MMSSLB01
50562 737110 249 PWRLNPBX
50562 740334 249 PRTHSMBX
50562 741003 249 DNUILB02
50562 741043 249 DNUILB01
50562 741223 249 POPS2BBX
50562 741743 249 ADCSLB01
50562 741755 249 PSTV2PBX
50562 742276 249 POPS3BBX
50562 743330 249 ATI0PBX 
50562 744414 249 EXIBOX  
50562 744745 249 TTINCMBX
50562 744760 249 SSIUCS18
50562 745031 249 HNZBBX  
50562 745525 249 MATSNMBX
50562 750700 249 BCGLB01 
50562 751072 249 CTILB01 
50562 751073 249 ITSDOCM 
50562 751223 249 SPSLB02 
50562 752715 249 WISCBMBX
50562 753424 249 D85A3PBX
50562 753464 249 SSIPRO17
50562 753466 249 EDSCLB01
50562 754766 249 INOVLB01
50562 755077 249 METRLB02
50562 755100 249 METRLB01
50562 755102 249 AMPD2BBX
50562 756552 249 SSIPRO11
50562 762075 249 TOPGIMBX
50562 762230 249 IAIUCS22
50562 763502 249 SSIUCS14
50562 764405 249 IAIUCS34
50562 767571 249 APPARBBX
50562 770632 249 ATSFPBX 
50562 772051 249 STATID10
50562 772052 249 STATID09
50562 772053 249 STATID07
50562 772054 249 STATID06
50562 772055 249 STATID08
50562 773743 249 BELLAPBX
50562 774660 249 DNSLB04 
50562 774701 249 DNSLB05 
50562 775517 249 IAIUCS24
50562 775520 249 IAIUCS23
50562 776523 249 SSIPRO12
50562 777177 249 DNSB1PBX
50562 777200 249 DNSB2PBX
50562 777201 249 DNSAOPBX
50562 777203 249 DNSICPBX
50562 777205 249 DNSCHPBX
50617 431063 229 FNBCTOPS
50651 444732 231 JPN7ZNQQ
50673 452024 231 YAMASA  
50735 355732  73 MG10PCO 
50735 470330  73 MG0PCO  
50735 470331  73 MG1PCO  
50735 471643  73 MG2PCO  
50735 471645  73 MG3PCO  
50735 471646  73 MG4PCO  
50735 471647  73 MG5PCO  
50735 471650  73 MG6PCO  
50735 471656  73 MG7PCO  
50735 471661  73 MG8PCO  
50735 471664  73 MG9PCO  
50764 506213 228 STATOPS1
50764 506216 228 STATOPS2
51105 114672 230 DCJOSK  
51105 564075 230 DCJTOK  
51105 564100 230 DCANJ   
51105 564456 230 DCCOMMON
51460 614676  73 GBECPDM0
51460 614677  73 GBECPDM1
51460 614700  73 GBECPDM2
51460 614701  73 GBECPDM3
51460 614702  73 GBECPDM4
51460 614703  73 GBECPDM5
51460 614704  73 GBECPDM6
51460 614705  73 GBECPIL0
51460 614706  73 GBECPIL1
51460 614712  73 GBECPIL2
51460 614714  73 GBECPIL3
51460 614715  73 GBECPIL4
51460 614716  73 GBECPIL5
51460 614717  73 GBECPIL6
51543 630122 249 RGLTTBBX
51672 643474  73 CRLY0PCO
51672 643622  73 CRLY1PCO
51672 643623  73 CRLY2PCO
51672 643624  73 CRLY3PCO
51672 643625  73 CRLY4PCO
51672 643626  73 CRLY5PCO
51672 643627  73 CRLY6PCO
51672 643630  73 CRLY7PCO
51672 643631  73 CRLY8PCO
51717 672722 249 SCHEMBBX
51737 650554  73 VER0PCO 
51737 650643  73 VER1PCO 
51737 650656  73 VER2PCO 
51737 650657  73 VER3PCO 
51737 650660  73 VER4PCO 
51737 650661  73 VER5PCO 
51737 650662  73 VER6PCO 
51737 650663  73 VER7PCO 
51737 650664  73 VER8PCO 
51765 654240  73 RN0PCO  
51765 654367  73 RN1PCO  
51765 654371  73 RN2PCO  
51765 654373  73 RN3PCO  
51765 654400  73 RN4PCO  
51765 654401  73 RN5PCO  
51765 654402  73 RN6PCO  
51765 654403  73 RN7PCO  
51765 654404  73 RN8PCO  
52065 663002  16 CADAM1  
52065 663022  16 CDW0CAD 
52065 667442  16 CN1REC  
52065 667443  16 CN2REC  
52065 677577  16 CDSTRA  
52065 775277  16 CDW0DN  
52065 775311  16 CDW1DN  
52315  61611 230 MARUMLA0
52315 273575 230 MARUOIS1
52315 273576 230 MARUDET1
52315 455645 230 MARUTOK3
52315 455646 230 MARUBGK0
52315 531423 230 MARUTOK4
52315 531424 230 MARUNYK2
52315 620717 230 MARUTOK5
52315 620724 230 MARUTOK6
52315 620726 230 MARUNYK3
52315 703064 230 MARUBENI
52315 703340 230 MARUOSA0
52315 703341 230 MARUNYK1
52315 741044 230 MARUTOK0
52315 741045 230 MARUTOK1
52315 741046 230 MARUNYK0
52315 741050 230 MARUHKG0
52315 765372 230 MARUTAP0
52333 705524 231 PYRC000 
52333 705554 231 PYRC001 
52333 705674 231 PYTC001 
52600 725167 144 CDESOURC
52667 276145 231 OKIOEL  
52667 421711 231 OKIOHK  
52667 546000 231 OKIOAI  
52667 553760 231 OKIOTG  
52667 654754 231 OKIOUK  
52667 703324 231 OKIOEE  
52667 734062 231 OKICOMM 
52667 734063 231 OKIJPN  
52667 734064 231 OKIOSG  
52667 775272 231 OKIODA  
52751  52623 231 HAPUSHP 
52751 123643 231 HEGPC1  
52751 264666 231 XHITACOM
52751 331350 231 DUSDR   
52751 411344 231 HFTC    
52751 416463 231 HALNYC  
52751 416477 231 HINETXOA
52751 740555 231 HINETCOM
52751 740556 231 HINETIDI
52751 766415 231 HDSSC   
52772 742014  73 PR0PCO  
52772 742302  73 PR1PCO  
52772 742305  73 PR2PCO  
52772 742310  73 PR3PCO  
52772 742313  73 PR4PCO  
52772 742315  73 PR5PCO  
52772 742320  73 PR6PCO  
52772 742324  73 PR7PCO  
52772 742327  73 PR8PCO  
52773 742015  73 TGP0PCO 
52773 742332  73 TGP1PCO 
52773 742336  73 TGP2PCO 
52773 742341  73 TGP3PCO 
52773 742344  73 TGP4PCO 
52773 742347  73 TGP5PCO 
52773 742352  73 TGP6PCO 
52773 742355  73 TGP7PCO 
52773 742360  73 TGP8PCO 
53043 413375 231 COSCOBJG
53043 440227 231 COSCOQIN
53043 734501 231 VSTARBNE
53043 753745 231 CMCLHKG 
53206  70310 231 SDAAISC 
53206  70311 231 ACNTAAIC
53206 104405 231 ATI     
53206 104410 231 DAC     
53206 104421 231 AFS     
53206 104424 231 ASP     
53206 106136 231 ACNTATNS
53206 265415 231 GIGAT01 
53206 411470 231 ATGMH02 
53206 411472 231 AUK     
53206 760265 231 ADVANCOM
53206 760266 231 ATGMH01 
53206 760267 231 SPDT01  
53206 777224 231 ADVANVSP
53206 777225 231 EDPOAAT 
53206 777226 231 EDPATEG 
53206 777227 231 MISAAI  
53206 777231 231 CEATCE  
53206 777232 231 CEAAIC  
53304 457241 144 FORDF001
53304 457242 144 FORDFADM
53304 460545 144 FORDFML 
53304 460546 144 FORDFGLS
53304 500573 144 FORDSOFT
53304 557072 144 FORDF002
53304 557073 144 FORDF003
53304 557074 144 FORDF004
53304 557077 144 FORDF005
53304 557101 144 FORDF006
53304 557103 144 FORDF007
53304 557106 144 FORDF008
53304 557111 144 FORDF009
53304 557114 144 FORDF010
53304 565550 144 CDE7FGL 
53304 565551 144 CDE8FGL 
53304 730327 144 FORDRJE 
53304 741455 144 FRDTFML 
53304 741456 144 FRDTFGLS
53304 741460 144 FRDTFADM
53304 741462 144 FRDTF001
53304 741463 144 FRDTSOFT
53304 770064 144 CDE1FGL 
53304 770065 144 CDE2FGL 
53304 770066 144 CDE3FGL 
53304 770067 144 CDE4FGL 
53304 770073 144 CDE5FGL 
53304 770074 144 CDE6FGL 
53324 772236 144 FIBRFVAL
53324 772237 144 FIBRFREG
53324 772240 144 FIBRF001
53324 772241 144 FIBRF002
53324 772242 144 FIBRF003
53324 772243 144 FIBRF004
53324 772244 144 FIBRFZZZ
53324 772250 144 FIBRFADM
53375 776216  73 CCF0PCO 
53375 776304  73 CCF2PCO 
53375 776305  73 CCF1PCO 
53375 776306  73 CCF3PCO 
53375 776307  73 CCF4PCO 
53375 776310  73 CCF5PCO 
53375 776311  73 CCF6PCO 
53375 776314  73 CCF7PCO 
53375 776320  73 CCF8PCO 
53435 404174 231 HITSTCO2
53435 404176 231 HINETTS1
53435 404177 231 HINETTS2
53435 404200 231 HINETTS3
53435 404201 231 HINETOS1
53435 404202 231 HINETOS2
53435 443170 231 HITSTCOM
53435 443171 231 HINETTST
53700 116416 231 PA001   
53700 436352 231 LA001   
53700 436354 231 LDN001  
53700 436355 231 INT001  
53700 436356 231 SIN001  
53700 436357 231 ISD001  
53700 436360 231 NY001   
53700 436366 231 CHOGIN0 
53700 453757 231 CHI001  
53700 572507 231 EUR001  
53700 572610 231 SWZ001  
53700 572615 231 TRU001  
53700 572640 231 ASA001  
53700 572643 231 MBS001  
53700 572650 231 HK001   
53700 617323 231 COD001  
53700 617324 231 GCP001  
53700 617325 231 TAD001  
53700 617327 231 IGA001  
53700 617330 231 CMD001  
53700 617331 231 MBG001  
53700 617332 231 TRD001  
53700 617336 231 SID001  
53700 617343 231 FEM001  
53700 631264 231 AST001  
53730 443173  73 HDS0PCO 
53730 444360  73 HDS1PCO 
53730 444364  73 HDS2PCO 
53730 444370  73 HDS3PCO 
53730 444400  73 HDS4PCO 
53730 444404  73 HDS5PCO 
53730 444413  73 HDS6PCO 
53730 444417  73 HDS7PCO 
53730 444423  73 HDS8PCO 
53763 453324  73 TOT0PCO 
53763 453760  73 TOT1PCO 
53763 453762  73 TOT2PCO 
53763 453765  73 TOT3PCO 
53763 453767  73 TOT4PCO 
53763 453774  73 TOT5PCO 
53763 453775  73 TOT6PCO 
53763 453777  73 TOT7PCO 
53763 454000  73 TOT8PCO 
54330 575214 231 SCBKCOM 
54330 575216 231 SCBKBR  
54330 575223 231 SCBKHQ  
54350 601655  73 HER0PCO 
54350 604153  73 HER1PCO 
54350 604154  73 HER2PCO 
54350 604155  73 HER3PCO 
54350 604156  73 HER4PCO 
54350 604157  73 HER5PCO 
54350 604160  73 HER6PCO 
54350 604161  73 HER7PCO 
54350 604162  73 HER8PCO 
54523 174571 231 CNNTEST 
54523 175401 231 CNNCPX  
54523 647620 231 NSNETCOM
54523 647622 231 NSNETJPN
54523 647623 231 NSANETCG
54523 647624 231 NSANETBO
54523 647625 231 NSANETSF
54547 437410 231 YEWCOM2 
54547 437411 231 YEW3    
54547 522252 231 IDIX25  
54547 531310 231 JYC1    
54547 531325 231 YEW2    
54547 661444 231 YEWCOM  
54547 661446 231 YEW1    
54547 661447 231 YKO1    
54547 674021 231 YES1    
54547 674022 231 YCA1    
54547 674023 231 YEF1    
54623 401732 230 MARUTOK8
54623 676752 230 MARUTOK7
54623 677203 230 MARUCCS0
54623 677204 230 MARUMEX0
54623 754306 230 MARULIM0
54637 703535 231 HCMCOMM 
54637 703541 231 HCMHQ   
54637 703542 231 HCMTST  
55076  26446 231 KADEN   
55076 416770 231 KADENCOM
55653 256711  73 EXPLOIT 
55653 376147  73 RSANCHIS
55664 507663 231 NKCOMM  
55664 507665 231 NKHQ    
55664 507674 231 NKMAY   
56051 243122 144 PNCCFB2 
56051 302543 144 PNCPRV2 
56051 472362 144 PNCPNB  
56165 417301  73 MNASITA 
56166 417302  73 MNASEP  
56224 525300  73 SOM0PCO 
56224 535272  73 SOM1PCO 
56224 535307  73 SOM2PCO 
56224 535354  73 SOM3PCO 
56224 535357  73 SOM4PCO 
56224 535476  73 SOM5PCO 
56224 535500  73 SOM6PCO 
56224 535506  73 SOM7PCO 
56224 535515  73 SOM8PCO 
56245 544562  73 BSN0PCO 
56245 546206  73 BSN1PCO 
56245 546207  73 BSN2PCO 
56245 546210  73 BSN3PCO 
56245 546211  73 BSN4PCO 
56245 546212  73 BSN5PCO 
56245 546213  73 BSN6PCO 
56245 546214  73 BSN7PCO 
56245 546215  73 BSN8PCO 
56373  23276 229 BTGER   
56373 201250 229 BTCAN   
56532  44226  73 KBL0PCO 
56532  44453  73 KBL1PCO 
56532  44454  73 KBL2PCO 
56532  44456  73 KBL3PCO 
56532  44457  73 KBL4PCO 
56532  44460  73 KBL5PCO 
56532  44462  73 KBL6PCO 
56532  44465  73 KBL7PCO 
56532  44466  73 KBL8PCO 
56570  55021  73 SEN0PCO 
56570  55256  73 SEN1PCO 
56570  55257  73 SEN2PCO 
56570  55260  73 SEN3PCO 
56570  55261  73 SEN4PCO 
56570  55262  73 SEN5PCO 
56570  55263  73 SEN6PCO 
56570  55264  73 SEN7PCO 
56570  55265  73 SEN8PCO 
56571  55022  73 SCOA0PCO
56571  55246  73 SCOA1PCO
56571  55247  73 SCOA2PCO
56571  55250  73 SCOA3PCO
56571  55251  73 SCOA4PCO
56571  55252  73 SCOA5PCO
56571  55253  73 SCOA6PCO
56571  55254  73 SCOA7PCO
56571  55255  73 SCOA8PCO
56644  64247  73 TEM0PCO 
56644  64467  73 TEM1PCO 
56644  64470  73 TEM2PCO 
56644  64471  73 TEM3PCO 
56644  64472  73 TEM4PCO 
56644  64473  73 TEM5PCO 
56644  64474  73 TEM6PCO 
56644  64504  73 TEM7PCO 
56644  64510  73 TEM8PCO 
56644  70312  73 TEMTRANS
56654  64527 231 JFCCOM  
56654  64530 231 JFCTYO  
56654  64531 231 JFCLAX  
56654  74430 231 HEIJFC  
56654 106317 231 JFCSFO  
56654 106320 231 JFCCHI  
56654 106321 231 JFCDTT  
56654 106322 231 JFCNYC  
56654 167736 231 HEISNG  
56654 167743 231 HEILAX  
56654 317430 231 HEIAMS  
57151 107352  73 DSR0PCO 
57151 107470  73 DSR1PCO 
57151 107472  73 DSR2PCO 
57151 107473  73 DSR3PCO 
57151 107474  73 DSR4PCO 
57151 107475  73 DSR5PCO 
57151 107476  73 DSR6PCO 
57151 107477  73 DSR7PCO 
57151 107500  73 DSR8PCO 
57157 107674 231 SSSCOM  
57157 107675 231 SANSSJ01
57157 107676 231 SANSSA01
57223 110545 230 MSTLDN1 
57223 110550 230 MSTCOMM 
57270 116415 229 DKINGLND
57277 117275 230 TOK     
57277 117276 230 LDN     
57542 141436 231 TOKYS   
57542 141437 231 SSE     
57542 141440 231 TKYCOMM 
57542 153117 231 STAINES 
57542 153120 231 PARSS   
57542 153121 231 COLOGNE 
57542 153125 231 MUNICH  
57542 175724 231 SYPRESS 
57700 161060 231 FELICOM 
57700 161062 231 FJ921001
57700 161063 231 FH921002
57700 413712 231 FJ921003
60015 171357  73 PLEGRAND
60032 173137 229 NIEMILER
60032 173140 229 MDOUGLAS
60032 173141 229 EPORTER 
60402 225672  73 MID0PCO 
60402 226012  73 MID1PCO 
60402 226013  73 MID2PCO 
60402 226014  73 MID3PCO 
60402 226015  73 MID4PCO 
60402 226016  73 MID5PCO 
60402 226017  73 MID6PCO 
60402 226020  73 MID7PCO 
60402 227616  73 MID8PCO 
60403 225673  73 NOBI0PCO
60403 226022  73 NOBI1PCO
60403 226023  73 NOBI2PCO
60403 226024  73 NOBI3PCO
60403 226025  73 NOBI4PCO
60403 226026  73 NOBI5PCO
60403 226027  73 NOBI6PCO
60403 226030  73 NOBI7PCO
60403 226031  73 NOBI8PCO
60404 226011  73 BFA0PCO 
60404 227171  73 BFA1PCO 
60404 227174  73 BFA2PCO 
60404 227201  73 BFA3PCO 
60404 227202  73 BFA4PCO 
60404 227210  73 BFA5PCO 
60404 227212  73 BFA6PCO 
60404 227216  73 BFA7PCO 
60404 227221  73 BFA8PCO 
60510 346564   0 OALLEGRO
61141 266660 230 MARUNDAT
61141 266770 230 MARUNDAL
62135 343206 231 WLIYAKU1
62352 356563   0 SYBOPER 
63070  13142 231 NTICM1  
63070  13143 231 NTIJP1  
63070  13144 231 NTINY1  
63070  13145 231 NTILA1  
63070  13146 231 NTICH1  
63206  30320 231 SSLETOK 
63206  30321 231 RSLETOK 
63206  30322 231 STOKSLE 
64045 122012 229 JANDERSN
64562 170073 229 HBARBER 
n<eP