 230   3414     208   23036  NSCNET   
 230   5005     208   23036  DEMOIDI1 
 230   5005     208   23036  DEMOIDI2 
 230   5005     208   23036  DIST230A 
 230   5005     208   23036  DIST230B 
 230   5005     208   23036  DIST230C 
 230   5005     208   23036  IDICOMM  
 230   5005     208   23036  IDIDEMO  
 230   5005     208   23036  IDIDEMO1 
 230   5005     208   23036  IDIDEMO2 
 230   5005     208   23036  IDIDEMO3 
 230   5005     208   23036  IDIDEMO4 
 230   5005     208   23036  IDIDEMO5 
 230   5005     208   23036  IDIDEMO6 
 230   5005     208   23036  IDIDEMO7 
 230   5005     208   23036  IDIDEMO8 
 230   5005     208   23036  IDIDEV   
 230   5005     208   23036  IDILIB   
 230   5005     208   23036  IDM      
 230   5005     208   23036  KTLADM   
 230   5005     208   23036  KTLCOMM  
 230   5005     208   23036  KTLDEM01 
 230   5005     208   23036  KTLDEM02 
 230   5005     208   23036  KTLDEMO1 
 230   5005     208   23036  KTLDEMO2 
 230   5005     208   23036  KTLDEV0  
 230   5005     208   23036  KTLDEV1  
 230   5005     208   23036  KTLDEV2  
 230   5005     208   23036  KTLDEV7  
 230   5005     208   23036  KTLDEV8  
 230   5005     208   23036  MINOUE   
 230   5005     208   23036  NISFE    
 230   5005     208   23036  NISFEOSK 
 230   5005     208   23036  NISFETOK 
 230   5005     208   23036  NISLIB   
 230   5005     208   23036  NISMRD   
 230   5005     208   23036  NISNYK   
 230   5005     208   23036  NISOES   
 230   5005     208   23036  NISONT   
 230   5005     208   23036  SAEGUSA1 
 230   5005     208   23036  TOKPRINT 
 230   5005     208   23036  UPLKT    
 230   5005   15898   23571  TYMKTL   
 230   5005   17161   45566  COMTOK   
 230   5005   17161   45566  MARUCGO1 
 230   5005   17161   45566  MARUTOKB 
 230   5005   17161   45566  NISTOK   
 230   5005   17161   45566  VISLSA   
 230   5005   17161   45566  VISLSAX  
 230   5005   17161   50366  KBTLSA   
 230   5005   17161   50366  KBTTOK   
 230   5005   17161   50366  KBTWGMJS 
 230   5005   17161   50366  KBTWGTOK 
 230   5005   17161   50366  MARUCGO0 
 230   5005   17161   50366  MARUTOK9 
 230   5005   17161   50366  MARUTOKA 
 230   5005   17161   52315  MARUBENI 
 230   5005   17161   52315  MARUBGK0 
 230   5005   17161   52315  MARUDET1 
 230   5005   17161   52315  MARUHKG0 
 230   5005   17161   52315  MARUMLA0 
 230   5005   17161   52315  MARUNYK0 
 230   5005   17161   52315  MARUNYK1 
 230   5005   17161   52315  MARUNYK2 
 230   5005   17161   52315  MARUNYK3 
 230   5005   17161   52315  MARUOIS1 
 230   5005   17161   52315  MARUOSA0 
 230   5005   17161   52315  MARUTAP0 
 230   5005   17161   52315  MARUTOK0 
 230   5005   17161   52315  MARUTOK1 
 230   5005   17161   52315  MARUTOK3 
 230   5005   17161   52315  MARUTOK4 
 230   5005   17161   52315  MARUTOK5 
 230   5005   17161   52315  MARUTOK6 
 230   5005   17161   54623  MARUCCS0 
 230   5005   17161   54623  MARULIM0 
 230   5005   17161   54623  MARUMEX0 
 230   5005   17161   54623  MARUTOK7 
 230   5005   17161   54623  MARUTOK8 
 230   5005   17161   61141  MARUNDAL 
 230   5005   17161   61141  MARUNDAT 
 230   5005   38404   42651  BTJAPAN  
 230   5005   60531   51105  DCANJ    
 230   5005   60531   51105  DCCOMMON 
 230   5005   60531   51105  DCJOSK   
 230   5005   60531   51105  DCJTOK   
 230   5005   65601   57223  MSTCOMM  
 230   5005   65601   57223  MSTLDN1  
 230   5005   65644   57277  LDN      
 230   5005   65644   57277  TOK      
 231   5005     210   23154  DIST231A 
 231   5005     210   23154  DIST231B 
 231   5005     210   23154  DIST231C 
 231   5005     210   23154  KTLDEV3  
 231   5005     210   23154  KTLDEV4  
 231   5005   18820   44633  C0000000 
 231   5005   18820   44633  C0008950 
 231   5005   18820   44633  C0009260 
 231   5005   18820   44633  C0009270 
 231   5005   18820   44633  C0009990 
 231   5005   31857   37343  CONVESCO 
 231   5005   31857   37343  IMLBHX   
 231   5005   31857   37343  ISUZU    
 231   5005   31857   37343  ISZCOMON 
 231   5005   31857   37343  ISZPARTS 
 231   5005   31857   37343  OMORI    
 231   5005   51926   43311  ANSK2    
 231   5005   51926   43311  AUTL1    
 231   5005   51926   43311  H-NSK    
 231   5005   51926   43311  KNSK2    
 231   5005   51926   43311  LNSK2    
 231   5005   51926   43311  NSKCOMM  
 231   5005   51926   43311  PERMA    
 231   5005   51926   43311  PLEE2    
 231   5005   51926   43311  SNSK2    
 231   5005   51926   43311  T-NSK    
 231   5005   51926   43311  T-NSK2   
 231   5005   51926   43311  TAS40    
 231   5005   51926   43311  TNSK2    
 231   5005   51926   43311  TS362    
 231   5005   51926   43311  TT04     
 231   5005   56102   62135  WLIYAKU1 
 231   5005   57782   46234  NWKCOMM  
 231   5005   57782   46234  NWKHKG   
 231   5005   57782   46234  NWKLDN   
 231   5005   57782   46234  NWKNYC   
 231   5005   57782   46234  NWKSLU   
 231   5005   57782   46234  NWKTYO   
 231   5005   57989   46353  YRC001   
 231   5005   57989   46353  YRCOMMON 
 231   5005   57989   46353  YTA001   
 231   5005   57989   46353  YTC001   
 231   5005   57989   46353  YTV001   
 231   5005   57989   52333  PYRC000  
 231   5005   57989   52333  PYRC001  
 231   5005   57989   52333  PYTC001  
 231   5005   59156   47356  NKPEN    
 231   5005   59156   47356  RCGOTOK  
 231   5005   59156   47356  SCGOTOK  
 231   5005   60171   50651  JPN7ZNQQ 
 231   5005   60212   50673  YAMASA   
 231   5005   62072   52667  OKICOMM  
 231   5005   62072   52667  OKIJPN   
 231   5005   62072   52667  OKIOAI   
 231   5005   62072   52667  OKIODA   
 231   5005   62072   52667  OKIOEE   
 231   5005   62072   52667  OKIOEL   
 231   5005   62072   52667  OKIOHK   
 231   5005   62072   52667  OKIOHS   
 231   5005   62072   52667  OKIOSG   
 231   5005   62072   52667  OKIOTG   
 231   5005   62072   52667  OKIOUK   
 231   5005   62146   52751  AXW00100 
 231   5005   62146   52751  DUSDR    
 231   5005   62146   52751  HALNYC   
 231   5005   62146   52751  HAPUSHP  
 231   5005   62146   52751  HDSSC    
 231   5005   62146   52751  HEGPC1   
 231   5005   62146   52751  HFTC     
 231   5005   62146   52751  HINETCOM 
 231   5005   62146   52751  HINETIDI 
 231   5005   62146   52751  HINETXOA 
 231   5005   62146   52751  SHIGERUC 
 231   5005   62146   52751  THAI0000 
 231   5005   62146   52751  XHITACOM 
 231   5005   62212   53043  CMCLHKG  
 231   5005   62212   53043  COSCOBJG 
 231   5005   62212   53043  COSCOQIN 
 231   5005   62212   53043  VSTARBNE 
 231   5005   62428   53206  ACNTAAIC 
 231   5005   62428   53206  ACNTATNS 
 231   5005   62428   53206  ADVANCOM 
 231   5005   62428   53206  ADVANVSP 
 231   5005   62428   53206  AFS      
 231   5005   62428   53206  ASP      
 231   5005   62428   53206  ATGMH01  
 231   5005   62428   53206  ATGMH02  
 231   5005   62428   53206  ATI      
 231   5005   62428   53206  AUK      
 231   5005   62428   53206  CEAAIC   
 231   5005   62428   53206  CEATCE   
 231   5005   62428   53206  DAC      
 231   5005   62428   53206  EDPATEG  
 231   5005   62428   53206  EDPOAAT  
 231   5005   62428   53206  GIGAT01  
 231   5005   62428   53206  MISAAI   
 231   5005   62428   53206  SDAAISC  
 231   5005   62428   53206  SPDT01   
 231   5005   62428   63070  DSSMAC3  
 231   5005   62428   63070  NTICH1   
 231   5005   62428   63070  NTICM1   
 231   5005   62428   63070  NTIJP1   
 231   5005   62428   63070  NTILA1   
 231   5005   62428   63070  NTINY1   
 231   5005   62428   63070  TOKB262  
 231   5005   62428   63206  RSLETOK  
 231   5005   62428   63206  SSLETOK  
 231   5005   62428   63206  STOKSLE  
 231   5005   62688   53435  HINETOS1 
 231   5005   62688   53435  HINETOS2 
 231   5005   62688   53435  HINETTS1 
 231   5005   62688   53435  HINETTS2 
 231   5005   62688   53435  HINETTS3 
 231   5005   62688   53435  HINETTST 
 231   5005   62688   53435  HITSTCO2 
 231   5005   62688   53435  HITSTCOM 
 231   5005   62688   54523  CNNCPX   
 231   5005   62873   53700  ASA001   
 231   5005   62873   53700  AST001   
 231   5005   62873   53700  CHI001   
 231   5005   62873   53700  CHOGIN0  
 231   5005   62873   53700  CMD001   
 231   5005   62873   53700  COD001   
 231   5005   62873   53700  EUR001   
 231   5005   62873   53700  FEM001   
 231   5005   62873   53700  GCP001   
 231   5005   62873   53700  HK001    
 231   5005   62873   53700  IGA001   
 231   5005   62873   53700  INT001   
 231   5005   62873   53700  ISD001   
 231   5005   62873   53700  LA001    
 231   5005   62873   53700  LDN001   
 231   5005   62873   53700  MBG001   
 231   5005   62873   53700  MBS001   
 231   5005   62873   53700  NY001    
 231   5005   62873   53700  PA001    
 231   5005   62873   53700  SID001   
 231   5005   62873   53700  SIN001   
 231   5005   62873   53700  SWZ001   
 231   5005   62873   53700  TAD001   
 231   5005   62873   53700  TRD001   
 231   5005   62873   53700  TRU001   
 231   5005   63288   54330  SCBKBR   
 231   5005   63288   54330  SCBKCOM  
 231   5005   63288   54330  SCBKHQ   
 231   5005   63474   54523  CNNTEST  
 231   5005   63474   54523  NSANETBO 
 231   5005   63474   54523  NSANETCG 
 231   5005   63474   54523  NSANETSF 
 231   5005   63474   54523  NSNETCOM 
 231   5005   63474   54523  NSNETJPN 
 231   5005   63494   54547  IDIX25   
 231   5005   63494   54547  JYC1     
 231   5005   63494   54547  YCA1     
 231   5005   63494   54547  YEF1     
 231   5005   63494   54547  YES1     
 231   5005   63494   54547  YEW1     
 231   5005   63494   54547  YEW2     
 231   5005   63494   54547  YEW3     
 231   5005   63494   54547  YEWCOM   
 231   5005   63494   54547  YEWCOM2  
 231   5005   63494   54547  YKO1     
 231   5005   63566   54637  HCMCOMM  
 231   5005   63566   54637  HCMHQ    
 231   5005   63566   54637  HCMTST   
 231   5005   63741   55016  HASHK    
 231   5005   63741   55016  HELMUN   
 231   5005   63741   55016  HELWAT   
 231   5005   63741   55016  MUSASICM 
 231   5005   63741   55016  MUSASIDA 
 231   5005   63741   55016  MUSASILS 
 231   5005   63741   55016  MUSASIMC 
 231   5005   63741   55016  NISSEIEU 
 231   5005   63793   55076  KADEN    
 231   5005   63793   55076  KADENCOM 
 231   5005   64299   55664  NKCOMM   
 231   5005   64299   55664  NKHQ     
 231   5005   64299   55664  NKMAY    
 231   5005   65339   56654  HEIAMS   
 231   5005   65339   56654  HEIJFC   
 231   5005   65339   56654  HEILAX   
 231   5005   65339   56654  HEISNG   
 231   5005   65339   56654  JFCCHI   
 231   5005   65339   56654  JFCCOM   
 231   5005   65339   56654  JFCDTT   
 231   5005   65339   56654  JFCLAX   
 231   5005   65339   56654  JFCNYC   
 231   5005   65339   56654  JFCSFO   
 231   5005   65339   56654  JFCTYO   
 231   5005   65577   57157  SANSSA01 
 231   5005   65577   57157  SANSSJ01 
 231   5005   65577   57157  SSSCOM   
 231   5005   65824   57542  COLOGNE  
 231   5005   65824   57542  MUNICH   
 231   5005   65824   57542  PARSS    
 231   5005   65824   57542  SSE      
 231   5005   65824   57542  STAINES  
 231   5005   65824   57542  SYPRESS  
 231   5005   65824   57542  TKYCOMM  
 231   5005   65824   57542  TOKYS    
 231   5005   65925   57700  FELICOM  
 231   5005   65925   57700  FH921002 
 231   5005   65925   57700  FJ921001 
 231   5005   65925   57700  FJ921003 
 232   5005   20402   27576  DIST232A 
 232   5005   20402   27576  DIST232B 
 232   5005   20402   27576  DIST232C 
 232   5005   20402   27576  KTLDEV5  
 232   5005   20402   27576  KTLDEV6  
 232   5005   20402   27576  OSAPRINT 
 233   3414   61081   11010  INTACT   
 233   3414   61081   11010  KBEDELL  
