100-AE                  PCBA EXPANDER 32 PORT DCA   PMRB
100-CP2                 PCBA CP2 CONTROLLER DCA     PRC                406.0000
100-CP2R                PCBA CP2 CONT + RCO DCA     PRC                465.0000
10427-04-001            P/S CDS RM224 RACK ASSY     PMRB
110-4TE                 STAT MUX DCA 4 PORT         PSR
110-8TE                 STAT MUX DCA 8 PORT         PSR                288.0000
120-TTE                 STAT MUX DCA 16 PORT        PSR                522.0000
1200                    MODEM HAYES SMART EXTERNAL  PSR                 60.0000
125-CP2R                PCBA CP2R CONT 3125 DCA     PRC
125-TTE                 CARDFILE 3125 DCA           PSR
151-1132-001            MICOM PAD DCE 12 PORT       PSR                395.0000
160-1608                MICOM FEATUREPAK CARTRIDGE  PSR                300.0000
160-1856-001            MICOM FEATUREPAK CARTRIDGE  PSR                300.0000
160001-002              CABLE EIA TO PARADYNE 10'   PMRB   0.0000
160001-003              CABLE EIA TO PARADYNE 25'   PMRB   0.0000
160001-004              CABLE EIA TO PARADYNE 35'   PMRB   0.0000
160001-005              CABLE EIA TO PARADYNE 50'   PMRB   0.0000
160001-006              CABLE,EIA TO PARAD 15       PMRB   0.0000
160001-007              CABLE UNIVERSAL ANALYSIS 25 PMRB   0.0000
160002-001              CABLE EIA BRIDGE CASCADE    PMRB   0.0000
160004-001              CABLE ASSY.LISA VOICE UNIT  PMRB   0.0000
160006-001              CABLE FOR SYNC MODEM        PMRB   0.0000
160007-001              CABLE 113 DATASET 15'       PMRB   0.0000
160007-002              CABLE ASSY 113 DATASET 25'  PMRB   0.0000
160007-003              CABLE ASSY 113 DATASET 35'  PMRB   0.0000
160007-004              CABLE ASSY 113 DATASET 50'  PMRB   0.0000
160008-003              CABLE ASSY FOR TAPE CONTRLR PMRB   0.0000
160010-001              CABLE 113 DATASET 5'        PMRB 134.9508        2.4900
160010-002              CABLE 113 DATASET 15'       PMRB 143.3628
160010-003              CABLE 113 DATASET 25'       PMRB 151.7748
160010-004              CABLE 113 DATASET 35'       PMRB 165.3868
160010-005              CABLE 113 DATASET 50'       PMRB 178.0048
160010-006              CABLE 113 DATASET 100'      PMRB   0.0000
160010-007              CABLE 113 DATASET 150'      PMRB 256.9248
160010-008              CABLE ASSY 113 DATASET 0.5F PMRB   0.0000
160011-001              CABLE 202 DATASET 25'       PMRB   0.0000
160011-002              CABLE ASSY 202 DATA SET 1   PMRB
160013-001              CABLE SYNC REMOTE 3'        PMRB  94.2143
160013-002              CABLE SYNC REMOTE 15'       PMRB 115.6923
160013-003              CABLE SYNC REMOTE 25'       PMRB 135.3323
160013-005              CABLE ASSY SYNC REMOTE 50'  PMRB   0.0000
160013-006              CABLE ASSY SYNC REMOTE 100' PMRB 235.8123
160014-001              CABLE SYNC SUPERVISOR 3'    PMRB   0.0000
160014-002              CABLE SYNC SUPERVISOR 6'    PMRB   0.0000
160014-003              CABLE SYNC SUPERVISOR 15'   PMRB   0.0000
160014-004              CABLE SYNC SUPERVISOR 25'   PMRB   0.0000
160014-005              CABLE SYNC SUPERVISOR 50'   PMRB   0.0000
160014-006              CABLE ASSY, SYNC SUPERVISOR PMRB 109.1963
160014-007              CABLE ASSY,SYNC SUPERVISOR  PMRB   0.0000
160015-001              CABLE MOD 600 DATASET       PMRB   0.0000
160015-002              CABLE ASSY MOD.600 CASSETTE PMRB   0.0000
160017-001              CABLE ASSY MONITOR PANEL    PMRB  55.4753
160019-002              CABLE ASSY , POWERFAIL      PMRB   0.0000
160020-001              CABLE ASSY 8" CAP INTERCONN PMRB   0.0000
160021-001              CABLE FRONT TO BKPLANE      PMRB  30.8927
160021-002              CABLE ASSY FRNT-BKPL INTERC PMRB  30.4823
160022-001              CABLE PWR TO #2 CHASSIS     PMRB   0.0000
160023-001              CABLE MONITOR PANEL PWR.    PMRB  28.8906
160026-001              CABLE CONN. PANEL GROUND    PMRB   0.0000
160027-001              CABLE PWR CONN GROUND 36"   PMRB  21.9206
160027-002              CABLE CHASSIS TO CONN PANEL PMRB   0.0000
160028-001              CABLE PWR FRONT CONCOLE     PMRB  18.8616       14.1000
160028-003              CABLE PWR FRONT CONSOLE     PMRB  23.4099
160029-001              CABLE PWR. TO CHASSIS GRO   PMRB   6.2920
160029-002              CABLE P/S TO CHAS GRND INTE PMRB  14.1200
160029-003              CABLE ASSY,PWR SPLY TO CHAS PMRB  17.2176
160030-001              CABLE MONITOR PANEL 50P     PMRB   0.0000
160032-001              CABLE PWR. CONTROL TO CHA   PMRB   7.1677
160032-002              CABLE PWR CONTROL & FAN     PMRB   0.0000
160032-003              CABLE ASSY PWR CONT & FAN 5 PMRB   0.0000
160033-001              CABLE MAC DMA (26 PIN)      PMRB  20.6274
160034-001              CABLE MAC DMA (34 PIN)      PMRB  20.9352
160034-002              CABLE MAC DMA (3 FT.)       PMRB   0.0000
160034-003              CABLE MAC DMA (34 PIN)      PMRB  22.0532
160034-004              CABLE BUCKET TO NEIGHBOR 9' PMRB   0.0000
160034-005              CABLE MAC DMA (2 FT)        PMRB   0.0000
160034-006              CABLE CONTRLR TO MOTHER BD  PMRB   0.0000
160036-001              CABLE ASSY POWER (J1)       PMRB   0.0000
160037-001              CABLE PWR. SUPPLY           PMRB   0.0000
160038-001              CABLE ASSY SIGNAL           PMRB   0.0000
160039-001              CABLE V.35 TERM.            PMRB   0.0000
160040-001              CABLE ASSY DC RETURN 9.63"  PMRB  38.1720
160040-002              CABLE ASSY DC RETURN 7.00"  PMRB   0.0000
160040-003              CABLE ASSY DC RETURN 3.38"  PMRB  32.4464
160040-004              CABLE ASSY DC RETURN 15.50" PMRB   0.0000
160041-001              CABLE NETWORK LOADING       PMRB   0.0000
160042-001              CABLE ASSY AC HARNESS #1    PMRB   0.0000
160042-002              CABLE ASSY AC HARNESS #2    PMRB   0.0000
160043-001              CABLE ASSY FAN AND CONTROL  PMRB  62.3641
160044-001              CABLE ASYNC                 PMRB   0.0000
160045-001              CABLE SYNC INTERCONNECT PAN PMRB   0.0000
160046-001              CABLE ASSY HWIRE TERML INTC PMRB   0.0000
160047-001              CABLE ASSY ANALOG METER INT PMRB  46.1780
160049-001              CABLE ASSY S RIBBON SIO 4 C PMRB   0.0000
160050-001              CABLE ASSY POWER 220V ENGIN PMRB   0.0000
160051-001              CABLE CDC 9322 DRIVE        PMRB   0.0000
160052-001              CABLE ASSY 801/103 DATA SET PMRB   0.0000
160053-005              CABLE V.35 INTF 120" F      PMRB  89.8410
160053-006              CABLE V.35 INTF 300" F      PMRB 124.2530
160053-007              CABLE V.35 INTF 420" F      PMRB 140.2610
160053-008              CABLE V.35 INTF 600" F      PMRB 169.4730
160054-002              CABLE 50' OCL               PMRB  42.3974
160054-003              CABLE 100 FT. OCL.          PMRB  56.3774
160054-004              CABLE OCL CROSSOVER F TO F  PMRB  18.1672
160055-001              CABLE SIO-RIB. BUS          PMRB  60.5731
160056-001              CABLE PRINTER               PMRB   0.0000
160057-001              CABLE ASSY CURRENT LOOP INT PMRB   0.0000
160058-001              CABLE CONSOLE "S"           PMRB   0.0000
160058-002              CABLE ASSY "S" TICKLER      PMRB   0.0000
160059-001              CABLE ASSY MICROCONCNTRTR S PMRB   0.0000
160060-001              CABLE MICRONODE LINK        PMRB  36.3996
160061-001              CABLE ASSY MICR-CONCNTRTR C PMRB   0.0000
160063-001              CABLE 300MB DISC "A"        PMRB  43.6026
160063-002              CABLE,300MB SMD"A"          PMRB  31.0886
160064-001              CABLE 300MB DISC "B"        PMRB  25.9025
160066-001              CABLE HARNESS MINI-ENG A.C. PMRB  23.4070
160067-001              CABLE ASSY, PWR TO DISTRIBU PMRB 112.5662
160068-001              CABLE ASSY, COMMON GROUND   PMRB   6.0360
160068-004              CABLE ASSY COMMON GROUND    PMRB   0.0000
160069-001              CABLE MINI ENG POWER        PMRB  19.6477
160069-002              CABLE MINI ENG POWER        PMRB   0.0000
160070-001              CABLE FAN & CONSOLE PWR     PMRB   0.0000
160071-001              CABLE ASSY, A-C OUTLET      PMRB  16.8725
160072-001              CABLE ASSY, D-C RETURN (MIN PMRB  21.7608
160073-001              CABLE ASSY, REMOTE VOLT. CN PMRB  42.1471       26.6200
160074-001              CABLE ASSY, A-C NEUT. DISTR PMRB   5.6851
160075-001              CABLE EIA TEST              PMRB   0.0000
160076-001              CABLE WWVB TEST             PMRB   0.0000
160077-001              CABLE ASSY CONTROL CONS     PMRB  55.3857
160078-001              CABLE PRINTER               PMRB   0.0000
160079-001              CABLE SIO DOUBLE PWR        PMRB   0.0000
160080-001              CABLE ASSY INTERCON PANEL   PMRB  32.3449
160081-001              CABLE V.35 CROSSOVER        PMRB   0.0000
160082-001              CABLE SIO INTF COAX         PMRB 143.4126
160082-002              CABLE SIO INTF COAX         PMRB  64.6126
160082-003              CABLE SIO INTF COAX         PMRB   0.0000
160082-004              CABLE SIO INTF COAX         PMRB 116.9792
160082-005              CABLE SIO INTF COAX         PMRB   0.0000
160086-001              CABLE "S" RIBBON 72"        PMRB  15.0782       14.1000
160086-002              CABLE "S" RIBBON 108"       PMRB  21.2718
160086-003              CABLE "S" RIBBON 144"       PMRB  22.2654
160086-004              CABLE "S" RIBBON 12"        PMRB  18.6222
160086-005              CABLE "S" RIBBON 24"        PMRB  13.7534
160087-001              CABLE TELFON EXT 50PIN 25'  PMRB   0.0000
160089-001              CABLE DC PWR MOUSE KEYSET   PMRB   0.0000
160091-001              CABLE MOUSE KEYSET 2PIN     PMRB   0.0000
160091-002              CABLE MOUSE KEYSET 24PIN    PMRB   0.0000
160098-001              CABLE ADV SYS HOST 3'       PMRB   0.0000
160098-002              CABLE ADV SYS HOST 15'      PMRB   0.0000
160098-003              CABLE ADV SYS HOST 25'      PMRB   0.0000
160098-004              CABLE ADV SYS HOST 35'      PMRB   0.0000
160098-005              CABLE ADV SYS HOST 50'      PMRB   0.0000
160098-006              CABLE ADV SYS HOST 100'     PMRB   0.0000
160099-001              CABLE ADV SYS TERM TO MODEM PMRB   0.0000
160099-002              CABLE ADV SYS TERM TO MODEM PMRB 141.2017
160099-003              CABLE ADV SYS TERM TO MODEM PMRB 149.6137
160099-004              CABLE,ADV SYS,TERM TO MODEM PMRB   0.0000
160099-005              CABLE ADV SYS TERM TO MODEM PMRB   0.0000
160099-006              CABLE ADV SYS TERM TO MODEM PMRB   0.0000
160102-002              CABLE CONSOLE TO MICRO      PMRB
160103-001              CABLE RIBBON                PMRB   0.0000
160107-001              CABLE QUICKLATCH TO 029     PMRB   0.0000
160108-001              CABLE RIBBON "C"            PMRB
160109-001              CABLE ASSY MI-CONCNTRTR ASY PMRB   0.0000
160110-002              CABLE ASSY DATA SET DB25    PMRB  48.4428
160110-003              CABLE ASSY DATA SET DB25    PMRB   0.0000
160110-004              CABLE ASSY DATA SET DB25    PMRB   0.0000
160110-005              CABLE ASSY DATA SET DB25    PMRB  57.6126
160110-006              CABLE ASSY DATA SET DB25    PMRB  61.3366
160110-007              CABLE ASSY DATA SET DB25    PMRB  79.7466
160110-008              CABLE ASSY DATA SET DB25    PMRB   0.0000
160110-009              CABLE ASSY DATA SET DB25    PMRB   0.0000
160110-011              CABLE ASSY DATA SET DB25    PMRB   0.0000
160110-012              CABLE ASSY DATA SET DB25    PMRB  56.3556
160110-013              CABLE ASSY DATA SET DB25    PMRB  62.6796
160110-015              CABLE ASSY DATA SET DB25    PMRB  81.0896
160110-016              CABLE ASSY DATA SET DB25    PMRB   0.0000
160110-018              CABLE ASSY DATA SET DB25    PMRB  30.8970
160110-019              CABLE ASSY DATA SET DB25    PMRB   0.0000
160110-020              CABLE ASSY DATA SET DB25    PMRB   0.0000
160110-021              CABLE ASSY DATA SET DB25    PMRB  46.9886
160110-022              CABLE ASSY DATA SET DB25    PMRB   0.0000
160110-023              CABLE ASSY DATA SET DB25    PMRB   0.0000
160110-024              CABLE ASSY DATA SET DB25    PMRB   0.0000
160110-026              CABLE ASSY DATA SET DB25    PMRB   0.0000
160110-027              CABLE DATASET J/J 5'        PMRB   0.0000
160110-028              CABLE DATASET J/J 6'        PMRB  33.4734
160110-029              CABLE DATASET J/J 6"        PMRB  25.2752
160110-030              CABLE DATASET J/J 100'      PMRB   0.0000
160110-031              CABLE DATASET J/J 125'      PMRB   0.0000
160110-032              CABLE DATASET J/J 15'       PMRB  40.9522
160110-033              CABLE DATASET J/J 150'      PMRB   0.0000
160110-034              CABLE DATASET J/J 200'      PMRB   0.0000
160110-035              CABLE DATASET J/J 25'       PMRB  44.1082
160110-036              CABLE DATASET J/J 300'      PMRB   0.0000
160110-037              CABLE DATASET J/J 50'       PMRB   0.0000
160110-038              CABLE DATASET J/J 75'       PMRB   0.0000
160110-039              CABLE DATASET J/J REQ.FT    PMRB   0.0000
160110-040              CABLE DATASET J/P 2'        PMRB   0.0000
160110-041              CABLE DATASET J/P 5'        PMRB   0.0000
160110-042              CABLE ASSY DATA SET DB25    PMRB   0.0000
160110-044              CABLE DATASET J/P 100'      PMRB   0.0000
160110-045              CABLE ASSY DATA SET DB25    PMRB  40.8352
160110-046              CABLE DATASET J/P 150'      PMRB   0.0000
160110-047              CABLE DATASET J/P 200'      PMRB   0.0000
160110-048              CABLE DATASET J/P 25'       PMRB  33.5912
160110-049              CABLE ASSY DATA SET DB25    PMRB   0.0000
160110-050              CABLE DATASET J/P 300'      PMRB   0.0000
160110-051              CABLE DATASET J/P 50'       PMRB  41.4812
160110-052              CABLE DATASET J/P 75'       PMRB  59.7712
160110-053              CABLE DATASET P/P 3'        PMRB   0.0000
160110-054              CABLE DATASET P/P 5'        PMRB  27.1622
160110-055              CABLE DATASET P/P 6"        PMRB  25.0412
160110-056              CABLE DATASET P/P 10'       PMRB   0.0000
160110-057              CABLE DATASET P/P 100'      PMRB  57.1442
160110-058              CABLE DATASET P/P 15'       PMRB  30.3182
160110-059              CABLE DATASET P/P 150'      PMRB  93.7142
160110-060              CABLE DATASET P/P 175'      PMRB   0.0000
160110-061              CABLE DATASET P/P 200'      PMRB   0.0000
160110-063              CABLE DATASET P/P 300'      PMRB   0.0000
160110-064              CABLE ASSY DATA SET DB25    PMRB   0.0000
160110-065              CABLE DATASET P/P 40'       PMRB   0.0000
160110-067              CABLE DATASET P/P 75'       PMRB  49.2542
160110-068              CABLE ASSY DATA SET DB25    PMRB   0.0000
160110-069              CABLE ASSY DATA SET DB25    PMRB   0.0000
160110-070              CABLE ASSY DATA SET DB25    PMRB   0.0000
160110-071              CABLE ASSY DATA SET DB25    PMRB   0.0000
160110-072              CABLE ASSY DATA SET DB25    PMRB   0.0000
160110-074              CABLE ASSY DATA SET DB25    PMRB   0.0000
160110-075              CABLE ASSY DATA SET DB25    PMRB   0.0000
160110-077              CABLE ASSY DATA SET DB25    PMRB   0.0000
160110-079              CABLE ASSY DATA SET DB25    PMRB   0.0000
160110-080              CABLE ASSY DATA SET DB25    PMRB   0.0000
160110-081              CABLE ASSY DATA SET DB25    PMRB   0.0000
160110-082              CABLE ASSY DATA SET DB25    PMRB   0.0000
160110-083              CABLE ASSY DATA SET DB25    PMRB   0.0000
160110-084              CABLE ASSY DATA SET DB25    PMRB   0.0000
160110-086              CABLE ASSY DATA SET DB25    PMRB   0.0000
160110-089              CABLE ASSY DATA SET DB25    PMRB   0.0000
160110-090              CABLE ASSY DATA SET DB25    PMRB   0.0000
160110-091              CABLE ASSY DATA SET DB25    PMRB   0.0000
160110-092              CABLE ASSY DATA SET DB25    PMRB   0.0000
160110-094              CABLE ASSY DATA SET DB25    PMRB   0.0000
160110-095              CABLE ASSY DATA SET DB25    PMRB   0.0000
160110-096              CABLE ASSY DATA SET DB25    PMRB  32.5730
160110-097              CABLE ASSY DATA SET DB25    PMRB  16.9650
160110-098              CABLE ASSY DATA SET DB25    PMRB  51.3190
160110-099              CABLE ASSY DATA SET DB25    PMRB  33.6850
160110-100              CABLE ASSY DATA SET DB25    PMRB  51.9750
160110-101              CABLE ASSY DATA SET DB25    PMRB   0.0000
160110-102              CABLE ASSY DATA SET DB25    PMRB   0.0000
160110-103              CABLE ASSY DATA SET DB25    PMRB   0.0000
160110-104              CABLE ASSY DATA SET DB25    PMRB  30.6100
160110-105              CABLE ASSY DATA SET DB25    PMRB  25.8826
160110-106              CABLE ASSY DATA SET DB25    PMRB  30.4588
160110-107              CABLE ASSY DATA SET DB25    PMRB  44.0148
160110-108              CABLE ASSY DATA SET DB25    PMRB  41.5048
160110-109              CABLE ASSY DATA SET DB25    PMRB  63.1020
160110-110              CABLE ASSY DATA SET DB25    PMRB   0.0000
160110-111              CABLE ASSY DATA SET DB25    PMRB   0.0000
160110-112              CABLE ASSY DATA SET DB25    PMRB   0.0000
160110-114              CABLE ASSY DATA SET DB25    PMRB  26.6548
160110-115              CABLE ASSY DATA SET DB25    PMRB  31.2310
160110-116              CABLE ASSY DATA SET DB25    PMRB  34.3870
160110-117              CABLE ASSY DATA SET DB25    PMRB  41.2474
160110-118              CABLE ASSY DATA SET DB25    PMRB   0.0000
160110-119              CABLE ASSY DATA SET DB25    PMRB   0.0000
160110-120              CABLE ASSY DATA SET DB25    PMRB   0.0000
160110-121              CABLE ASSY DATA SET DB25    PMRB   0.0000
160110-122              CABLE DATASET J/J 10'       PMRB   0.0000
160110-123              CABLE DATASET J/P 15'       PMRB  30.7160
160110-125              CABLE ASSY DATA SET DB25    PMRB   0.0000
160110-127              CABLE ASSY DATA SET DB25    P29.5126
160111-001              CABLE PWR SYSTEM SIGNAL     PMRB 137.4680      136.4700
160112-001              CABLE HARNESS AC POWER SYST PMRB  94.4765
160112-002              CABLE HARNESS AC POWER SYST PMRB  96.2960
160113-001              CABLE OUTPUT COMN GRND MOD  PMRB  10.9496
160113-002              CABLE OUTPUT COMN GRND MOD  PMRB  10.9192
160114-001              CABLE CURRENT SHUNT TO PWR  PMRB  23.4650
160114-002              CABLE CURRENT SHUNT TO PWR  PMRB  18.3520
160115-001              CABLE ASSY POWER SYSTEM 2 J PMRB 113.0977
160119-001              CABLE DAA LISA              PMRB
160120-001              CABLE V.35 TEST CLOCK ADAPT PMRB  19.6560
160121-001              CABLE VOLT METER MONITOR    PMRB   0.0000
160122-001              CABLE GROUND PWR SPLY 2 MIC PMRB   6.2315
160123-001              CABLE PWR SPLY 2-I/O MICRO  PMRB   5.6235
160124-001              CABLE AC PWR SPLY 2 MICRO E PMRB   6.2953
160125-001              CABLE BATT PWR SPLY 12V 6'  PMRB   0.0000
160126-001              CABLE I/O BD POWER MICRO EN PMRB  25.1600
160127-001              CABLE CPU BD POWER MICRO EN PMRB  18.8968
160128-001              CABLE MEM BD POWER MICRO EN PMRB  15.7450
160130-001              CABLE FRONT PANEL/LED MICRO PMRB  19.4559
160131-001              CABLE GROUND MICRO ENG      PMRB   5.7355
160133-001              CABLE 25 COND MICRO ENG     PMRB  18.8928
160133-002              CABLE 25 COND MICRO ENG     PMRB  18.7174
160133-003              CABLE 25 COND MICRO ENG     PMRB  19.0682
160133-004              CABLE 25 COND MICRO ENG     PMRB  19.4190
160133-005              CABLE 25 COND MICRO ENG     PMRB  19.5944
160133-006              CABLE 25 COND MICRO ENG     PMRB  17.6650
160133-007              CABLE 25 COND MICRO ENG     PMRB  18.7174
160133-008              CABLE 25 COND MICRO ENG     PMRB  18.7174
160133-009              CABLE 25 COND MICRO ENG     PMRB  17.6650
160134-001              CABLE 37 COND MICRO ENG     PMRB  22.1805
160134-002              CABLE 37 COND MICRO ENG     PMRB  20.5665
160134-003              CABLE 37 COND MICRO ENG     PMRB  20.5665
160134-004              CABLE 37 COND MICRO ENG     PMRB  20.5665
160134-005              CABLE 37 COND MICRO ENG     PMRB  22.4495
160134-006              CABLE 37 COND MICRO ENG     PMRB  24.5115
160134-007              CABLE 37 COND MICRO ENG     PMRB  23.4355
160135-001              CABLE 50 COND RIBBON        PMRB  11.8166
160135-002              CABLE 50 COND RIBBON        PMRB  13.0091
160136-003              WIRE AC POWER MICRO ENG     PMRB   0.0000
160137-001              WIRE AC GROUND MICRO ENG    PMRB   2.9274
160138-001              CABLE AC HARNESS MICRO ENG  PMRB  26.7420
160139-001              CABLE ASSY BOOT MICRO ENG   PMRB  13.2264
160140-001              WIRE GROUND PWR SPLY MINI   PMRB   0.0000
160141-001              CABLE CONSOLE RIBBON MICRO  PMRB  10.1551
160142-001              CABLE CONSOLE POWER MICRO E PMRB  14.6945
160144-001              CABLE ASSY SYNC,BREAKOUT 36 PMRB   0.0000
160144-002              CABLE ASSY SYNC,BREAKOUT 36 PMRB   0.0000
160144-003              CABLE ASSY SYNC,BREAKOUT 36 PMRB   0.0000
160144-004              CABLE ASSY SYNC,BREAKOUT 36 PMRB   0.0000
160144-005              CABLE ASSY SYNC,BREAKOUT 36 PMRB   0.0000
160144-006              CABLE ASSY SYNC,BREAKOUT 36 PMRB   0.0000
160145-001              CABLE TI-725 RS232 ADPTR    PMRB   0.0000
160146-001              CABLE ASSY MODEM 125/126    PMRB   0.0000
160147-001              CABLE 25 COND MICRONODE     PMRB  11.6610
160147-002              CABLE ASSY 25 COND ATC      PMRB   0.0000
160147-003              CABLE ASSY 25 COND ATC      PMRB   0.0000
160147-004              CABLE ASSY 25 COND ATC      PMRB   0.0000
160148-001              CABLE ASSY FRONT PANEL/LED  PMRB   0.0000
160149-001              CABLE D.C. BATT BACKUP      PMRB  41.8797
160151-001              CABLE BATT TO BATT BACKUP   PMRB  36.6858
160156-001              CABLE GROUND BATT BACKUP    PMRB   0.0000
160157-001              CABLE SYNC 50P BRKOUT       PMRB  29.2500        7.5100
160157-501              CABLE,SYNC 50P BRKOUT       PMRB 163.8406
160157-502              CABLE,SYNC 50P BRKOUT       PMRB 174.5937
160157-503              CABLE,SYNC 50P BRKOUT       PMRB 205.5302
160157-504              CABLE,SYNC 50P BRKOUT       PMRB 222.9062
160158-001              CABLE,ASYNC 50P BRKOUT      PMRB 149.8758        7.5100
160158-002              CABLE,ASYNC 50P BRKOUT      PMRB  58.5000
160158-003              CABLE,ASYNC 50P BRKOUT      PMRB 219.5142
160158-004              CABLE,ASYNC 50P BRKOUT      PMRB   0.0000        7.5200
160158-501              CABLE SYNC 50P BRKOUT       PMRB 127.5300
160158-502              CABLE SYNC 50P BRKOUT       PMRB 184.4330
160158-503              CABLE SYNC 50P BRKOUT       PMRB 330.3569
160159-009              CABLE 50P TO 50P 3' M TO M  PMRB  64.6016        2.4900
160159-501              CABLE 50P TO 50P            PMRB 122.9358
160159-502              CABLE 50P TO 50P            PMRB 126.6798        5.8000
160159-503              CABLE 50P TO 50P            PMRB   0.0000
160159-504              CABLE 50P TO 50P            PMRB 160.1578
160159-505              CABLE 50P TO 50P            PMRB   0.0000
160159-506              CABLE 50P TO 50P            PMRB   0.0000
160159-507              CABLE 50P TO 50P            PMRB   0.0000
160159-508              CABLE 50P TO 50P            PMRB   0.0000
160160-001              CABLE FRONT PANEL LED ATC   PMRB  24.5347
160161-001              WIRE ASSY, AC, ATC          PMRB  11.8751
160162-001              WIRE ASSY, DC, ATC          PMRB  12.7972
160163-001              CABLE PWR RETURN 2'         PMRB  11.6984
160163-002              STRAP GROUND FOR ENG 4'     PMRB  12.9968
160163-003              STRAP GROUND FOR DUPLEX 6'  PMRB  14.2952
160163-004              STRAP GROUND DUPLEX OR TRIP PMRB  15.5936
160163-005              STRAP GROUND FOR TRIPLEX 10 PMRB  16.8920
160165-002              CABLE REDUNDANT POWER 6'    PMRB  25.0566
160165-003              CABLE REDUNDANT POWER 18'   PMRB  26.0070
160165-004              CABLE REDUNDANT POWER 12'   PMRB  26.9574
160168-001              CABLE HEARTBEAT MONITOR 3'  PMRB  19.5090
160168-002              CABLE HEARTBEAT MONITOR 6'  PMRB  20.5026
160168-003              CABLE HEARTBEAT MONITOR 9'  PMRB  21.4962
160168-004              CABLE HEARTBEAT MONITOR 12' PMRB  22.4898
160173-001              CABLE,ENG/MINI TO BKUP      PMRB  21.2238
160174-001              CABLE HARNESS XFMR BATT BKU PMRB  18.0263
160175-001              CABLE HARNESS AC BATT BKUP  PMRB  18.7120
160176-001              CABLE OCL BREAKOUT PANEL    PMRB   0.0000
160176-501              CABLE OCL BREAKOUT PANEL    PMRB   0.0000
160176-502              CABLE OCL BREAKOUT PANEL    PMRB   0.0000
160176-503              CABLE OCL BREAKOUT PANEL    PMRB   0.0000
160177-001              CABLE OCL BREAKOUT PANEL 4' PMRB 113.0138
160177-005              CABLE OCL BREAKOUT PANEL 4' PMRB   0.0000
160177-506              CABLE OCL BREAKOUT PANEL    PMRB 185.0094
160177-507              CABLE OCL BREAKOUT PANEL    PMRB   0.0000
160177-508              CABLE OCL BREAKOUT PANEL    PMRB 198.7877
160178-501              CABLE V.35 BREAKOUT 4'      PMRB 193.1416       12.0900
160178-502              CABLE V.35 BREAKOUT 10'     PMRB 213.3304
160178-503              CABLE V.35 BREAKOUT 25'     PMRB 294.9824
160178-504              CABLE V.35 BREAKOUT 35'     PMRB 349.9351
160179-001              CABLE HRTBT SLV RETRAN 1'   PMRB   0.0000
160179-002              CABLE HRTBT SLV RETRAN 3'   PMRB  11.0510
160179-003              CABLE HRTBT SLV RETRAN 6'   PMRB  11.4686
160179-004              CABLE HRTBT SLV RETRAN 9'   PMRB   0.0000
160180-001              CABLE PLESIOHERMAPHRODITIC  PMRB  40.3790
160182-001              CABLE,CNTRL TO SIO MB       PMRB   0.0000
160182-002              CABLE,CNTRL TO SIO MB       PMRB  60.7702
160182-003              CABLE,CNTRL TO SIO MB       PMRB   0.0000
160182-501              CABLE,CNTRL TO SIO MB       PMRB  58.6410
160182-502              CABLE,CNTRL TO SIO MB       PMRB  60.7470
160182-503              CABLE,CNTRL TO SIO MB       PMRB  62.8530
160182-504              CABLE,CNTRL TO SIO MB       PMRB   0.0000
160185-001              CABLE 16COND RIBBON LAN1    PMRB  13.4024
160186-001              CABLE 50COND RIBBON XPI     PMRB  11.4208
160190-001              CABLE OCL XOVER FEM-FEM 6"  PMRB  18.1672
160190-002              CABLE OCL XOVER FEM-FEM     PMRB   0.0000
160190-003              CABLE OCL XOVER FEM-FEM 50' PMRB   0.0000
160190-004              CABLE OCL XOVER FEM-FEM 100 PMRB   0.0000
160191-001              CABLE PWR 600V 25AMP        PMRB  26.2085
160191-002              CABLE PWR 600V 25AMP        PMRB   0.0000
160192-001              CABLE PWR 300V 15AMP        PMRB   0.0000
160193-002              CABLE 34P "S" PSM 6'        PMRB  17.8340
160193-003              CABLE 34P "S" PSM 9'        PMRB  19.9364
160193-004              CABLE 34P "S" PSM 12'       PMRB  22.0388
160194-001              CABLE ASSY, PWR SUPPLY TO T PMRB   0.0000
160195-001              CABLE LAN1 POWER (AUX.)     PMRB  23.0702
160195-002              CABLE LAN1 POWER (AUX.)     PMRB   0.0000
160195-003              CABLE LAN1 POWER (AUX.)     PMRB   0.0000
160196-001              CABLE ASSY,ALARM CNTL INTFC PMRB   0.0000
160200-001              CABLE ASSY,48V PWR          PMRB  11.2557
160203-001              CABLE COAX 50 OHM ETHERNET  PMRB  14.0400
160203-002              CABLE COAX 50 OHM ETHERNET  PMRB   0.0000
160203-003              CABLE COAX 50 OHM ETHERNET  PMRB   0.0000
160205-001              CABLE PWR SPLY/BUS BAR      PMRB   0.0000
160205-002              CABLE PWR SPLY/BUS BAR      PMRB   0.0000
160207-001              CABLE ASSY MICRO IV ENCLOSU PMRB   0.0000
160207-002              CABLE ASSY MICRO IV ENCLOSU PMRB   0.0000
160207-003              CABLE ASSY MICRO IV ENCLOSU PMRB   0.0000
160207-004              CABLE ASSY MICRO IV ENCLOSU PMRB   0.0000
160207-005              CABLE ASSY MICRO IV ENCLOSU PMRB   0.0000
160207-006              CABLE ASSY MICRO IV ENCLOSU PMRB   0.0000
160210-001              CABLE PS2 DC I/O MICRO IV   PMRB   0.0000
160211-001              CABLE HARNESS TIPRING MICRO PMRB   0.0000
160211-002              CABLE HARNESS TIPRING MICRI PMRB   0.0000
160211-003              CABLE HARNESS TIPRING MICRO PMRB   0.0000
160212-001              STRAP AC POWER MICRO IV     PMRB   0.0000
160212-002              STRAP AC POWER MICRO IV     PMRB   0.0000
160212-003              STRAP AC POWER MICRO IV     PMRB   0.0000
160214-001              CABLE HARNESS PWR MICRO IV  PMRB   0.0000
160215-001              CABLE ASSY DC PS1 MICRO IV  PMRB   0.0000
160216-001              CABLE ASSY AC PS1 MICRO IV  PMRB   0.0000
160217-001              CABLE GROUND MICRO IV       PMRB   0.0000
160219-001              CABLE PWR 10 AWG 3 COND ENG PMRB  67.8998
160221-001              CABLE ASSY TIP/RING MICRO I PMRB   0.0000
160222-001              CABLE ASSY A/C PS2 MICRO IV PMRB   0.0000
160228-001              CABLE ASSY 9" SIGNAL GND WI PMRB   0.0000
160229-001              CABLE TI SOFT HRDW ADAPTR   PMRB  25.4826
160230-001              CABLE ASSY BISYNC/ASYNC ACU PMRB   0.0000
160232-001              CABLE ASSY E-BUS RBN TW PR  PMRB   0.0000
160232-002              CABLE ASSY E-BUS RBN TW PR  PMRB  19.9438
160232-003              CABLE ASSY E-BUS RBN TW PR  PMRB   0.0000
160234-001              CABLE ASSY FILTER ASSY      PMRB  25.5958
160234-002              CABLE ASSY FILTER ASSY      PMRB  23.8068
160234-003              CABLE ASSY FILTER ASSY      PMRB  22.7447
160234-004              CABLE ASSY FILTER ASSY      PMRB  23.8068
160237-001              CABLE ASSY 56KB ADAPTER CAB PMRB   0.0000
160238-001              CABLE ASSY 56KBPS DATA CBL  PMRB   0.0000
160238-002              CABLE ASSY 56KBPS DATA CBL  PMRB   0.0000
160244-001              CABLE ASSY CONTROL DRIVE 1  PMRB   0.0000
160248-004              CABLE ASSEMBLY SYNC REMOTE  PMRB 131.4211
160248-005              CABLE ASSEMBLY SYNC REMOTE  PMRB 132.6631
160248-006              CABLE ASSEMBLY SYNC REMOTE  PMRB 152.3931
160249-001              CABLE ASSY ATTIS FOUR       PMRB   0.0000
160250-001              CABLE ASSY DATA PH          PMRB   0.0000
160251-001              CABLE ASSY DATA SIGNAL      PMRB   0.0000
160252-001              CABLE ASSY DISK DRIVE PWR C PMRB   0.0000
160253-001              CABLE ASSY SASI BUS         PMRB   0.0000
160254-001              CABLE ENCL "D" SUB SOCKET   PMRB   0.0000
160254-002              CABLE ENCL "D" SUB SOCKET   PMRB   0.0000
160254-003              CABLE ENCL "D" SUB SOCKET   PMRB   0.0000
160255-001              CABLE ASSY ENCL "D" SUB (PI PMRB   0.0000
160255-002              CABLE ASSY ENCL "D" SUB (PI PMRB   0.0000
160255-003              CABLE ASSY ENCL "D" SUB (PI PMRB   0.0000
160260-001              CABLE ASSY PWR DISTR ASSY   PMRB   0.0000
160261-001              CABLE ASSY PWR DISTR ASSY J PMRB   0.0000
160262-001              CABLE ASSY PWR DISTR ASSY J PMRB   0.0000
160263-001              CABLE ASSY PWR DISTR ASSY J PMRB   0.0000
160263-002              CABLE ASSY PWR DISTR ASSY J PMRB   0.0000
160263-003              CABLE ASSY PWR DISTR ASSY J PMRB   0.0000
160263-004              CABLE ASSY PWR DISTR ASSY J PMRB   0.0000
160264-001              CABLE ASSY PWR DISTR ASSY S PMRB   0.0000
160267-001              CABLE DC PWR DISK DRIVE     PMRB   0.0000
160268-001              CABLE ASSY V.A. CABLE 10.00 PMRB 147.9710
160268-002              CABLE ASSY V.A. CABLE 15.00 PMRB   0.0000
160268-003              CABLE ASSY V.A. CABLE 20.00 PMRB   0.0000
160269-001              CABLE ASSY,PWR VME (J1) +12 PMRB   0.0000
160270-001              CABLE ASSY,PWR +5V (J1)     PMRB   0.0000
160270-002              CABLE ASSY,PWR +5V (J1)     PMRB   0.0000
160273-001              CABLE ASSY,UPI-VME          PMRB   0.0000
160274-001              CABLE ASSY SASI TO CONTROL  PMRB   0.0000
160275-001              CABLE ASSY,DISK TO CTRL DAT PMRB   0.0000
160275-002              CABLE ASSY,DISK TO CTRL DAT PMRB   0.0000
160276-001              CABLE ASSY DISK TO CONTROL  PMRB   0.0000
160276-002              CABLE ASSY DISK TO CONTROL  PMRB   0.0000
160277-001              CABLE ASSY,TAPE TO CTRL     PMRB   0.0000
160278-001              CABLE ASSY,FLOPPY TO CTRL   PMRB   0.0000
160280-001              CABLE ASSY,PWR DISK DRIVE   PMRB   0.0000
160280-002              CABLE ASSY,PWR DISK DRIVE   PMRB   0.0000
160281-001              CABLE ASSY,PWR DRIVE CONT   PMRB   0.0000
160281-002              CABLE ASSY,PWR DRIVE CONT   PMRB   0.0000
160282-001              CABLE ASSY,PWR STANDBY (J1) PMRB   0.0000
160283-001              CABLE ASSY +12V -12V GND    PMRB   0.0000
160284-001              CABLE ASSY,PWR +5V J2       PMRB   0.0000
160285-001              CABLE ASSY AC JUMPER        PMRB   0.0000
160285-002              CABLE ASSY AC JUMPER        PMRB   0.0000
160286-001              CABLE ASSY,PWR VME (J1) -12 PMRB   0.0000
160289-001              CABLE ASSY POWER MINI ENG M PMRB  10.8970
160289-002              CABLE ASSY POWER MINI ENG M PMRB   0.0000
160290-001              CABLE ASSY PWR/TRANSFORMER  PMRB  62.4380
160291-001              CABLE ASSY TRANSFORMER/FILT PMRB  42.4979
160292-001              CABLE ASSY REMOTE SENSE     PMRB   0.0000
160292-002              CABLE ASSY REMOTE SENSE     PMRB   0.0000
160294-001              CABLE ASSY HDLC BOOT        PMRB  22.3752
160295-001              CABLE ASSY, SHROUD          PMRB  11.9792
160296-001              CABLE ASSY,AC FILTER        PMRB   0.0000
160297-001              CABLE ASSY,JUMPER AC/FILTER PMRB   0.0000
160298-001              STRAP,GROUND                PMRB  17.4190       28.1900
160298-002              STRAP,GROUND                PMRB  18.0244
160300-001              CABLE VA MICRO TO MODEM ADA PMRB   0.0000
160301-001              CABLE PWR FAN               PMRB   0.0000
160302-001              CABLE P/S TO CARD CAGE      PMRB   0.0000
160303-001              CABLE P/S RETURN HARNESS    PMRB   0.0000
160304-001              CABLE P/S CONTROL/SENSE     PMRB  56.1681
160305-001              CABLE P/S TO I/O BKPLANE    PMRB   0.0000
160306-001              CABLE ASSY PWR FAIL/+5V     PMRB   0.0000
160307-001              CABLE ASSY,JUMPER P2        PMRB   0.0000
160308-001              CABLE ASSY,PWR DISK DRIVE B PMRB   0.0000
160308-002              CABLE ASSY,PWR DISK DRIVE B PMRB   0.0000
160309-001              CABLE ASSY,PWR DISK DRIVE A PMRB   0.0000
160309-002              CABLE ASSY,PWR DISK DRIVE A PMRB   0.0000
160310-001              CABLE ASSY,VME FAN ASSY/PWR PMRB   0.0000
160310-002              CABLE ASSY,VME FAN ASSY/PWR PMRB   0.0000
160311-001              CABLE ASSY,VME FAN ASSY/PWR PMRB   0.0000
160311-002              CABLE ASSY,VME FAN ASSY/PWR PMRB   0.0000
160319-001              CABLE ASSY TTY TO TERMINAL  PMRB  35.5157
160329-001              CABLE ASSY DC POWER SUPPLY  PMRB  34.5495       21.7900
160360-001              CABLE SCSI 43" RIBON DSK    PRC   27.1608
160361-001              CABLE POWER DC/BUS/DISC     PRC    0.0000
160510-001              BOP SMALL V.35 DB25         PRC  115.8300
160511-001              BOP SMALL RS422 DB25        PRC    0.0000
160512-001              BOP SML RS232 DB25 ASYN X8  PRC  149.7600
160519-001              BOP SMALL RS422 DB37        PRC    0.0000
160520-001              BOP SMALL V.35 WIN34        PRC  170.8200
160558-001              BOP SMALL RS232 DB9         PRC  141.5700
1616-03                 RACK PENRIL ALX RE 16 SLOT  PMRB
170001-001              BLOWER,MINI KP528A          PMRB 120.9194
170001-002              BLOWER,MODEM CAB.2EB512A91  PMRB
170098-001              CARD CAGE RETAINER          PMRB  13.4132
170098-003              CARD CAGE RETAINER 8 SLOT   PMRB  13.8929
170349-001              GROUND STRAP ASSY           PMRB   0.0000
170349-002              GROUNDING STRAP ASSY 3.25"  PMRB   0.0000
    k*XÖ