470100-001         PCB 300 & 160 MB  133               1   TYM 0180    88/01/11
470137-002         PCB CPU MAC III   1677-0008         2   TYM 0199    88/01/11
                                     24-1-80               TYM 0199    88/01/11
470136-003         PCB ROM I/O MAC   4-1-80            1   TYM 0199    88/01/11
470112-001         PCB SYNC ENH      00065853          1   TYM 200     88/01/11
470123-001         PCB SIO MOTHER    1584-1236         1   TYM 200     88/01/11
470112-001         PCB SYNC ENH      1368-1637         1   TYM 0195    88/01/12
470230-001         PCB XP1 MOTHER B  0070              1   TYM 200     88/01/12
470123-001         PCB SIO MOTHER    V661-0099         1   ALA 115     88/01/14
470123-001         PCB SIO MOTHER    1691-1009         3   TYM 0196    88/01/14
                                     V1372-0045            TYM 0196    88/01/14
                                     1681-0079             TYM 0196    88/01/14
470214-001         PCB 8CH UNSW OCL  1172-7004         1   TYM 0196    88/01/14
                                                                               
300042-001         RES. MOD 220/330                    20  PPARTS      88/01/18
SP54110079         RES. 470 OHM 1/4                    10  PPARTS      88/01/18
250010-005         WIRE 30 GA.                         2'  PPARTS      88/01/18
470123-001         PCB SIO MOTHER    1316-1015         1   ALA 117     88/01/26
470228-001         PCB ETHERNET INT  8014-0013         1   TNS 89      88/01/26
470228-001         PCB ETHERNET INT  0V0262            1   TNS 91      88/01/26
470230-001         PCB XP1 MOTHER B  0263-0023         1   TNS 94      88/01/26
470228-001         PCB ETHERNET INT  0262-0050         1   TNS 113     88/01/26
470230-001         PCB XP1 MOTHER B  1193-0042         1   TNS 113     88/01/26
470230-001         PCB XP1 MOTHER B  1193-0058         1   TYM 0193    88/01/28
470230-001         PCB XP1 MOTHER B  0099              1   TYM-0180    88/01/29
470137-002         PCB CPU MAC III   1086-1136         1   TYM-0193    88/01/29
470137-002         PCB CPU MAC III   2137-172          6   TYM 0201    88/01/29
                                     00047533              TYM 0201    88/01/29
                                     0258-0037             TYM 0201    88/01/29
                                     V2581-0050            TYM 0201    88/01/29
                                     7007-0013             TYM 0201    88/01/29
                                     0320-0038             TYM 0201    88/01/29
470147-001         PCB SEMI MEM FUL  1910-0100         3   TTY-0201    88/01/29
470123-001         PCB SIO MOTHER    0V0242-044        1   TTY-0201    88/01/29
470147-001         PCB SEMI MEM FUL  00051230          3   TTY-0201    88/01/29
470123-001         PCB SIO MOTHER    1511-1571         1   TTY-0201    88/01/29
470109-001         PCB MAC-2         2092-0033         1   TTY-0201    88/01/29
470136-003         PCB ROM I/O MAC   B0045769          2   TTY-0201    88/01/29
                                     B0045638              TTY-0201    88/01/29
470147-001         PCB SEMI MEM FUL  00051230          3   TTY-0201    88/01/29
                                     0V0242-044            TTY-0201    88/01/29
                                     1910-0100             TTY-0201    88/01/29
470123-001         PCB SIO MOTHER    1511-1571         1   TTY-0201    88/01/29
470109-001         PCB MAC-2         2092-0033         1   TTY-0201    88/01/29
470147-001         PCB SEMI MEM FUL  00051230          3   TTY-0201    88/01/29
                                     0V0242-044            TTY-0201    88/01/29
                                     1910-0100             TTY-0201    88/01/29
470123-001         PCB SIO MOTHER    1511-1571         1   TTY-0201    88/01/29
470109-001         PCB MAC-2         2092-0033         1   TTY-0201    88/01/29
470137-002         PCB CPU MAC III   2137-172          6   TTY-0201    88/01/29
                                     00047533              TTY-0201    88/01/29
                                     1790-0305             TTY-0201    88/01/29
                                     V2581-0050            TTY-0201    88/01/29
                                     7007-0013             TTY-0201    88/01/29
                                     0320-0038             TTY-0201    88/01/29
470137-001         PCB PROCESSOR/CP  8020-0028         1   SWB-0202    88/01/29
470137-001         PCB PROCESSOR/CP  8020-0028         1   SWB-0202    88/01/29
470230-001         PCB XP1 MOTHER B  1193-0010         1   TYM-0193    88/01/29
866-8736-0111      P/S 9.6 MPX MODE                    12              88/02/05
866-8702-0024      COVER                               7               88/02/05
470228-001         PCB ETHERNET INT  1192-0081         1   TNS-113     88/02/05
470230-001         PCB XP1 MOTHER B  00076478          1   TNS-89      88/02/05
470136-003         PCB ROM I/O MAC   1196-1349         2   SWB-0204    88/02/05
                                     1678-0037             SWB-0204    88/02/05
470140-001         CONN 0 TERM BD.   3078-0201         1   SWB-0204    88/02/05
470123-001         PCB SIO MOTHER    1366-1554         3   SWB-0203    88/02/05
                                     2627-0285             SWB-0203    88/02/05
                                     9015-0045             SWB-0203    88/02/05
470136-003         PCB ROM I/O MAC   2519-0031         2   SWB-0203    88/02/05
                                     2-5-80                SWB-0203    88/02/05
470192-001         PCB 8CH ASYNC UN  3006-0267         2   SWB-0203    88/02/05
                                     J0058995              SWB-0203    88/02/05
470137-001         PCB PROCESSOR/CP  2137-137          1   SWB-0203    88/02/05
640023-001         FRONT CONSOLE AS  0V0203-0003       3   TTY-0201    88/02/05
                                     1266-1814             TTY-0201    88/02/05
                                     0107-0025             TTY-0201    88/02/05
470143-001         PCB MULTIFUNCTIO  1109-0018         2   TTY-0201    88/02/05
                                     0258-0037             TTY-0201    88/02/05
470112-001         PCB SYNC ENH      2087-0055         2   TTY-0201    88/02/05
                                     2087-0049             TTY-0201    88/02/05
470161-001         PCB ASYNC I/O II  00047212          1   TTY-0201    88/02/05
470147-001         PCB SEMI MEM FUL  1910-0083         1   TTY-0201    88/02/05
470123-001         PCB SIO MOTHER    0V0138-0052       1   TTY-0201    88/02/05
470137-002         PCB CPU MAC III   9003-0046         1   TYM-0196    88/02/05
470122-001         PCB SUPER CLOCK   0083-0019         1   TYM-0192    88/02/05
470140-001         CONN 0 TERM BD.   3078-0201         1   SWB-0204    88/02/08
470100-001         PCB 300 & 160 MB  0V0292-6004       2   TYM-0190    88/02/08
                                     8004-7374             TYM-0190    88/02/08
470212-002         PCB 4CH SYNC RS2  0050              8   TYM-0155    88/02/09
                                     1170-1135             TYM-0155    88/02/09
                                     0111-0002             TYM-0155    88/02/09
                                     1170-0052             TYM-0155    88/02/09
                                     0111-0011             TYM-0155    88/02/09
                                     0111-0010             TYM-0155    88/02/09
470212-002         PCB 4CH SYNC RS2  1170-1137         2   TYM-0155    88/02/09
                                     0109-0053             TYM-0155    88/02/09
470212-004         PCB 4CH SYNC RS2  0111-0008         1   TYM-0155    88/02/09
470228-001         PCB ETHERNET INT  0262-0048         2   TNS-116     88/02/15
                                     B0042981              TNS-116     88/02/15
470228-001         PCB ETHERNET INT  11920048          2   TNS-116     88/02/15
                                     1192-0085             TNS-116     88/02/15
470230-001         PCB XP1 MOTHER B  8013-0006         6   TNS-116     88/02/15
                                     0263-0005             TNS-116     88/02/15
                                     00078116              TNS-116     88/02/15
                                     00078119              TNS-116     88/02/15
                                     00078100              TNS-116     88/02/15
                                     J0038319              TNS-116     88/02/15
470136-003         PCB ROM I/O MAC   1403-1679         1   SWAP        88/02/23
470172-002         MIRCO ENG. CPU B  76599             2   TNS 120     88/02/26
                                     76606                 TNS 120     88/02/26
470173-003         FULL MEEG.        76133             2   TNS 120     88/02/26
                                     76128                 TNS 120     88/02/26
470254-001         I/O               61069             2   TNS 120     88/02/26
                                     61086                 TNS 120     88/02/26
470269-001         PCB MAC III BOAR  0125              6   GENRAD BD   88/03/01
                                     77861                 GENRAD BD   88/03/01
                                     78465                 GENRAD BD   88/03/01
                                     M146                  GENRAD BD   88/03/01
                                     M114                  GENRAD BD   88/03/01
                                     M111                  GENRAD BD   88/03/01
470269-001         PCB MAC III BOAR  00077851          4   GENRAD BD   88/03/01
                                     J0045049              GENRAD BD   88/03/01
                                     M116                  GENRAD BD   88/03/01
                                     78334                 GENRAD BD   88/03/01
600017-001         PCB 128K MEMORY   1190              1   ETC-119     88/03/03
470112-001         PCB SYNC ENH      1188-1037         1   ETC-119     88/03/03
470112-001         PCB SYNC ENH      1368-1631         2   TTY -0201   88/03/03
                                     0V0317-0040           TTY -0201   88/03/03
470109-001         PCB MAC-2         V2521-0012        1   SWB-0207    88/03/04
470136-003         PCB ROM I/O MAC   B00464601         3   TYM 0206    88/03/04
                                     V772-0020             TYM 0206    88/03/04
                                     1268-15               TYM 0206    88/03/04
470124-001         PCB SIO OCL DAUG  0415-1044         3   TYM 0206    88/03/04
                                     1459-1278             TYM 0206    88/03/04
470213-001         PCB 8CH ASYNC RS  501100-0018       2   TYM 0206    88/03/04
                                     0028-0V07051          TYM 0206    88/03/04
470112-001         PCB SYNC ENH      1068-1007         2   TYM 0206    88/03/04
                                     B004585               TYM 0206    88/03/04
470143-001         PCB MULTIFUNCTIO  0258-0067         1   TYM 0206    88/03/04
470128-001         PCB SIO/SYNC RS2  1697-0086         3   TYM 0206    88/03/04
                                     V662-0010             TYM 0206    88/03/04
                                     1310-1017             TYM 0206    88/03/04
470136-003         PCB ROM I/O MAC   4-1-80            2   TYM 0206    88/03/04
                                     1196-1347             TYM 0206    88/03/04
470111-001         PCB ASYNC ENH     1083-1084         1   TYM 0206    88/03/04
470112-001         PCB SYNC ENH      B0043325          2   TYM 0206    88/03/04
                                     2515-0022             TYM 0206    88/03/04
640023-001         FRONT CONSOLE AS  V2579-0017        1   TYM 0206    88/03/04
470123-001         PCB SIO MOTHER    J0052778          1   TYM 0206    88/03/04
470143-001         PCB MULTIFUNCTIO  0V7011-0015       1   TYM 0206    88/03/04
470161-001         PCB ASYNC I/O II  2544-0040         1   TYM 0206    88/03/04
470109-001         PCB MAC-2         V409-0116         3   TYM-0208    88/03/07
                                     V823-0006             TYM-0208    88/03/07
                                     1137-0039             TYM-0208    88/03/07
470147-001         PCB SEMI MEM FUL  8022-0025         3   TYM-0208    88/03/07
                                     V776-0065             TYM-0208    88/03/07
470147-001         PCB SEMI MEM FUL  8022-0066         1   TYM-0208    88/03/07
470136-003         PCB ROM I/O MAC   00051954          1   TYM-0208    88/03/07
470137-002         PCB CPU MAC III   0110-014          1   TYM-0208    88/03/07
470172-001         PCB CPU           00026003          1   TYM-0208    88/03/07
470212-001         PCB 4CH UNSW SYN  1170-6005         2   TYM 0209    88/03/07
                                     1170-6002             TYM 0209    88/03/07
470111-001         PCB ASYNC ENH     0220-0080         1   TYM 0209    88/03/07
470161-001         PCB ASYNC I/O II  V1395-0053        1   TYM 0209    88/03/07
640026-001         HALF BD W/MULTIF  V413-0071         1   TYM 0209    88/03/07
470143-001         PCB MULTIFUNCTIO  1151-0021         1   TYM 0209    88/03/07
470277-001         UNSWITCH 4 CHN S  0023              1   TYM 0209    88/03/07
470147-001         PCB SEMI MEM FUL  V2603-0025        1   SWB -0210   88/03/08
470264-001         SYNENH            0010              2   TYM 0206    88/03/15
                                     0014                  TYM 0206    88/03/15
470112-001         PCB SYNC ENH      1188-1023         1   TYM 0206    88/03/15
470128-001         PCB SIO/SYNC RS2  2091-0029         1   TYM 0206    88/03/15
470147-001         PCB SEMI MEM FUL  V411-0051         2   TYM 0208    88/03/15
                                     1910-0137             TYM 0208    88/03/15
470136-003         PCB ROM I/O MAC   1507-2080         1   TYM 0208    88/03/15
470137-002         PCB CPU MAC III   1454-1824         1   TYM 0208    88/03/15
470212-003         PCB 4CH SYNC RS2  1183-0061         1   TYM 0208    88/03/15
470128-002         PCB SIO/SYNC V.3  1382-1422         1   TYM 0208    88/03/15
470200-001         PCB 8CH ASYNC SW  3188              2   TYM 0209    88/03/15
                                     3188-1                TYM 0209    88/03/15
470212-002         PCB 4CH SYNC RS2  1016-0005         2   TYM 0209    88/03/15
                                     1016-0048             TYM 0209    88/03/15
470204-001         PCB 4CH SYNC SW   1167-0043         1   TYM 0209    88/03/15
600052-001         MODEM 9.6 SOFTSW  293723            8   MDC-0211    88/03/16
                                     278982                MDC-0211    88/03/16
                                     309335                MDC-0211    88/03/16
                                     176069                MDC-0211    88/03/16
                                     279755                MDC-0211    88/03/16
                                     176060                MDC-0211    88/03/16
600052-001         MODEM 9.6 SOFTSW  279655            2   MDC-2011    88/03/16
                                     293761                MDC-2011    88/03/16
470123-001         PCB SIO MOTHER    00071728          1   MDI 121     88/03/21
570013-001         8CH ASYNC TERM C  5022              1   SWB 0212    88/03/21
470109-001         PCB MAC-2         V409-0053         1   ALA 0213    88/03/22
GENRAD             TEST FIXTURE      531               1   GENRAD      88/03/30
470161-001         PCB ASYNC I/O II  J0056471          2   SWB 0214    88/03/30
                                     V1395-0071            SWB 0214    88/03/30
470112-001         PCB SYNC ENH      9024-0045         2   SWB 0214    88/03/30
                                     9024-0021             SWB 0214    88/03/30
470109-001         PCB MAC-2         8024-0027         1   SWB 0214    88/03/30
470136-001         PCB ROM I/O SYNC  8020-0013         1   SWB 0214    88/03/30
470123-001         PCB SIO MOTHER    2627-0045         1   SWB 0214    88/03/30
470143-001         PCB MULTIFUNCTIO  0V07010-0006      1   SWB 0214    88/03/30
470192-001         PCB 8CH ASYNC UN  J0059921          1   SWB 0214    88/03/30
470193-001         PCB 4CH SYNC UNS  S03009-0231       1   SWB 0214    88/03/30
570013-001         8CH ASYNC TERM C  0226              1   ALA-0215    88/04/01
470128-001         PCB SIO/SYNC RS2  00076272          1   MDC-124     88/04/01
390006-001         PWR SUP MODULE 5  72595             1               88/04/01
570011-001         MICRO ENG 1/2 ME  M132              1   SWB-0216    88/04/04
GR2225             GENRAD TEST FIXT  KNOWN             1   GENRAD      88/04/11
570011-001         MICRO ENG 1/2 ME  M132              1   SWB-0217    88/04/18
600052-001         MODEM 9.6 SOFTSW  309285            1   MDC-125     88/04/20
600052-001         MODEM 9.6 SOFTSW  254729            1   MDC-125     88/04/20
600052-001         MODEM 9.6 SOFTSW  279520            1   MDC-125     88/04/20
600052-001         MODEM 9.6 SOFTSW  273061            1   MDC-125     88/04/20
600052-001         MODEM 9.6 SOFTSW  279696            1   MDC-125     88/04/20
600052-001         MODEM 9.6 SOFTSW  279615            1   MDC-125     88/04/20
600052-001         MODEM 9.6 SOFTSW  279036            1   MDC-125     88/04/20
600052-001         MODEM 9.6 SOFTSW  243065            1   MDC-125     88/04/20
600052-001         MODEM 9.6 SOFTSW  257582            1   MDC-125     88/04/20
600052-001         MODEM 9.6 SOFTSW  182267            1   MDC-125     88/04/20
866-8703-0113      SINGLE CARD BEZE  N/A               1   MDC-0211    88/04/20
470172-002         CPU/ROM MICRO     00076599          1   MDI 127     88/04/25
570011-008         TOP ASSY MICRO E  2028              1   MDI 127     88/04/25
570011-002         MICRO ENG 1/2 ME  M1150             1   MDI 127     88/04/25
470269-001         PCB MAC III BOAR  J0035906          1   MAC III     88/04/25
470269-001         PCB MAC III BOAR  M193              1   TYM 0  88/04/25
470137-002         PCB CPU MAC III   V771-0021         1   TNS-126     88/05/05
470137-002         PCB CPU MAC III   V770-0001         1   TNS-126     88/05/05
470137-002         PCB CPU MAC III   0V0109-0022       1   TNS-126     88/05/05
470137-002         PCB CPU MAC III   J0039666          1   TNS-126     88/05/05
470137-002         PCB CPU MAC III   1140-0030         1   TNS-126     88/05/05
470137-002         PCB CPU MAC III   0V05030080        1   TNS-126     88/05/05
470137-002         PCB CPU MAC III   V1377-0089        1   TNS-126     88/05/05
470137-002         PCB CPU MAC III   1140-0001         1   TNS-126     88/05/05
470136-003         PCB ROM I/O MAC   0V9029-0011       1   TNS-126     88/05/05
470136-003         PCB ROM I/O MAC   B0038919          1   TNS-126     88/05/05
470136-003         PCB ROM I/O MAC   B0039149          1   TNS-126     88/05/05
470136-003         PCB ROM I/O MAC   V772-0008         1   TNS-126     88/05/05
470136-003         PCB ROM I/O MAC   V772-0036         1   TNS-126     88/05/05
470136-003         PCB ROM I/O MAC   V773-0014         1   TNS-126     88/05/05
470136-003         PCB ROM I/O MAC   J0040626          1   TNS-126     88/05/05
470136-003         PCB ROM I/O MAC   9004-0024         1   TNS-126     88/05/05
470136-003         PCB ROM I/O MAC   B0045952          1   TNS-126     88/05/05
470136-003         PCB ROM I/O MAC   0005-1945         1   TNS-126     88/05/05
470136-003         PCB ROM I/O MAC   B0039150          1   TNS-126     88/05/05
470109-001         PCB MAC-2         1138-9074         1   TNS-126     88/05/05
470109-001         PCB MAC-2         0307-0015         1   TNS-126     88/05/05
470109-001         PCB MAC-2         V1379-0110        1   TNS-126     88/05/05
2092-0189                                                  TNS-126     88/05/05
470109-001         PCB MAC-2         0322-0036         1   TNS-126     88/05/06
470109-001         PCB MAC-2         B0044191          1   TNS-126     88/05/06
470109-001         PCB MAC-2         V1249-0131        1   TNS-126     88/05/06
470109-001         PCB MAC-2         2092-0189         1   TNS-126     88/05/06
470109-001         PCB MAC-2         V823-0057         1   TNS-126     88/05/06
470109-001         PCB MAC-2         V823-0096         1   TNS-126     88/05/06
470269-001         PCB MAC III BOAR  J0060801          1   TNS-126     88/05/06
470269-001         PCB MAC III BOAR  J0060575          1   TNS-126     88/05/06
470147-001         PCB SEMI MEM FUL  0V05060003        1   TNS-126     88/05/06
470147-001         PCB SEMI MEM FUL  V1384-0089        1   TNS-126     88/05/06
470143-001         PCB MULTIFUNCTIO  0325-0050         1   TNS-126     88/05/06
470143-001         PCB MULTIFUNCTIO  1043-0038         1   TNS-126     88/05/06
470143-001         PCB MULTIFUNCTIO  B0047078          1   TNS-126     88/05/06
470143-001         PCB MULTIFUNCTIO  V1385-0016        1   TNS-126     88/05/06
470143-001         PCB MULTIFUNCTIO  00066096          1   TNS-126     88/05/06
470123-001         PCB SIO MOTHER    00074557          1   TNS-126     88/05/06
470123-001         PCB SIO MOTHER    00074540          1   TNS-126     88/05/06
470123-001         PCB SIO MOTHER    J0046987          1   TNS-126     88/05/06
470123-001         PCB SIO MOTHER    00071701          1   TNS-126     88/05/06
470123-001         PCB SIO MOTHER    00074553          1   TNS-126     88/05/06
470123-001         PCB SIO MOTHER    00056801          1   TNS-126     88/05/06
470123-001         PCB SIO MOTHER    00078268          1   TNS-126     88/05/06
470123-001         PCB SIO MOTHER    2627-0279         1   TNS-126     88/05/06
470112-001         PCB SYNC ENH      J0039980          1   TNS-126     88/05/06
470100-001         PCB 300 & 160 MB  J0030341          1   TNS-126     88/05/06
470230-001         PCB XP1 MOTHER B  00076741          1   TNS-126     88/05/06
470230-001         PCB XP1 MOTHER B  00075969          1   TNS-126     88/05/06
470230-001         PCB XP1 MOTHER B  00076737          1   TNS-126     88/05/06
470230-001         PCB XP1 MOTHER B  0062              1   TNS-126     88/05/06
470230-001         PCB XP1 MOTHER B  J0041418          1   TNS-126     88/05/06
470230-001         PCB XP1 MOTHER B  00076726          1   TNS-126     88/05/06
470230-001         PCB XP1 MOTHER B  0078115           1   TNS-126     88/05/06
470230-001         PCB XP1 MOTHER B  8015-0009         1   TNS-126     88/05/06
470230-001         PCB XP1 MOTHER B  1193-0091         1   TNS-126     88/05/06
470230-001         PCB XP1 MOTHER B  80130002          1   TNS-126     88/05/06
470230-001         PCB XP1 MOTHER B  0082              1   TNS-126     88/05/06
470230-001         PCB XP1 MOTHER B  80150008          1   TNS-126     88/05/06
470230-001         PCB XP1 MOTHER B  00076464          1   TNS-126     88/05/06
470230-001         PCB XP1 MOTHER B  00076725          1   TNS-126     88/05/06
470230-001         PCB XP1 MOTHER B  0091              1   TNS-126     88/05/06
470230-001         PCB XP1 MOTHER B  0053              1   TNS-126     88/05/06
470230-001         PCB XP1 MOTHER B  00076768          1   TNS-126     88/05/06
470230-001         PCB XP1 MOTHER B  0054              1   TNS-126     88/05/06
470230-001         PCB XP1 MOTHER B  0055              1   TNS-126     88/05/06
470230-001         PCB XP1 MOTHER B  00075968          1   TNS-126     88/05/06
470147-001         PCB SEMI MEM FUL  00052461          1   TNS-126     88/05/06
470147-001         PCB SEMI MEM FUL  0V0242-038        1   TNS-126     88/05/06
470193-001         PCB 4CH SYNC UNS  00071837          1   MDC-118     88/05/09
570013-002         ATC 8 PORT @220V  5206              1   MDC-118     88/05/09
570013-002         ATC 8 PORT @220V  5207              1   MDC-118     88/05/09
470109-001         PCB MAC-2         1684-1008         1   MDC-128     88/05/10
470111-001         PCB ASYNC ENH     28579             1   MDC-128     88/05/10
570013-001         8CH ASYNC TERM C  0519              1   SWB-0218    88/05/11
570011-001         MICRO ENG 1/2 ME  S0596             1   SWB-0221    88/05/13
470161-001         PCB ASYNC I/O II  B0044377          1   SWB-0221    88/05/13
470212-001         PCB 4CH UNSW SYN  J0068695          1   SWB-0221    88/05/13
570011-002         MICRO ENG 1/2 ME  M843              1   MDI-130     88/05/17
570011-006         MICRO ENG 1 MEG   M687              1   MDI-130     88/05/17
570011-006         MICRO ENG 1 MEG   M854              1   MDI-130     88/05/17
470123-001         PCB SIO MOTHER    0217-0040         1   MDI-130     88/05/17
470212-001         PCB 4CH UNSW SYN  0034-0V10038      1   MDI-130     88/05/17
470212-001         PCB 4CH UNSW SYN  1180-0093         1   MDI-130     88/05/17
470112-001         PCB SYNC ENH      2511-026          1   TYT-0220    88/05/18
470112-001         PCB SYNC ENH      1450-2060         1   TYT-0220    88/05/18
470112-001         PCB SYNC ENH      V766-0038         1   TYT-0220    88/05/18
470112-001         PCB SYNC ENH      V1374-0098        1   TYT-0220    88/05/18
470112-001         PCB SYNC ENH      0V0317-0064       1   TYT-0220    88/05/18
470143-001         PCB MULTIFUNCTIO  1322-1847         1   TYT-0220    88/05/18
470137-002         PCB CPU MAC III   2137-172          1   TYT-0220    88/05/18
470109-001         PCB MAC-2         0V0521-0049       1   TYT-0220    88/05/18
470136-003         PCB ROM I/O MAC   1268-1592         1   TYT-0220    88/05/18
470136-003         PCB ROM I/O MAC   0V1116-0034       1   TYT-0220    88/05/18
470136-003         PCB ROM I/O MAC   B0045769          1   TYT-0220    88/05/18
470136-003         PCB ROM I/O MAC   2-12-79           1   TYT-0220    88/05/18
470123-001         PCB SIO MOTHER    1945-0096         1   TYT-0220    88/05/18
470123-001         PCB SIO MOTHER    V1372-0045        1   TYT-0220    88/05/18
470147-001         PCB SEMI MEM FUL  0257-0069         1   TYT-0220    88/05/18
470128-001         PCB SIO/SYNC RS2  1413-44           1   TYT-0220    88/05/18
600052-001         MODEM 9.6 SOFTSW  117437            1   TYT-0220    88/05/18
600052-001         MODEM 9.6 SOFTSW  149179            1   TYT-0220    88/05/18
600052-001         MODEM 9.6 SOFTSW  309339            1   TYT-0220    88/05/18
600052-001         MODEM 9.6 SOFTSW  278913            1   TYT-0220    88/05/18
470123-001         PCB SIO MOTHER    V931-00096        1   TNS-126     88/05/18
470123-001         PCB SIO MOTHER    1722-0076         1   TNS-126     88/05/18
470123-001         PCB SIO MOTHER    V931-00042        1   TNS-126     88/05/18
470123-001         PCB SIO MOTHER    1722-0077         1   TNS-126     88/05/18
470123-001         PCB SIO MOTHER    V931-00052        1   TNS-126     88/05/18
470137-002         PCB CPU MAC III   V770-0061         1   TNS-126     88/05/18
470137-002         PCB CPU MAC III   00054829          1   TNS-126     88/05/18
470137-002         PCB CPU MAC III   V771-0024         1   TNS-126     88/05/18
470147-001         PCB SEMI MEM FUL  03090033          1   TNS-126     88/05/18
470147-001         PCB SEMI MEM FUL  1143-0011         1   TNS-126     88/05/18
470147-001         PCB SEMI MEM FUL  1110-0015         1   TNS-126     88/05/18
470147-001         PCB SEMI MEM FUL  0V0212-0013       1   TNS-126     88/05/18
470147-001         PCB SEMI MEM FUL  0V0408-0041       1   TNS-126     88/05/18
470136-003         PCB ROM I/O MAC   0223-0035         1   TNS-126     88/05/18
470136-003         PCB ROM I/O MAC   V408-0065         1   TNS-126     88/05/18
470136-003         PCB ROM I/O MAC   V772-0045         1   TNS-126     88/05/18
470136-003         PCB ROM I/O MAC   V1378-0093        1   TNS-126     88/05/18
570011-001         MICRO ENG 1/2 ME  M111              1   ALA-0222    88/05/23
470111-001         PCB ASYNC ENH     1314-1208         1   MDC-131     88/05/25
470137-002         PCB CPU MAC III   1319-1125         1   MDC-131     88/05/25
470123-001         PCB SIO MOTHER    0071-0101         1   TYT-0220    88/06/01
470136-003         PCB ROM I/O MAC   00051975          1   TYT-0220    88/06/01
470137-002         PCB CPU MAC III   1454-1867         1   TYT-0220    88/06/01
470143-001         PCB MULTIFUNCTIO  1242-1862         1   TYT-0220    88/06/01
570011-001         MICRO ENG 1/2 ME  M242              1   SWB-0-22    88/06/15
160028-001         CABLE PWR FRT CO  N/A               1   ALA-0227    88/06/15
640023-001         FRONT CONSOLE AS  0221-0088         1   ALA-0227    88/06/15
640046-001         PWR SUP SGL OR D  0010              1   ALA-0227    88/06/15
470111-001         PCB ASYNC ENH     27-1-80           1   MDC-132     88/06/15
600052-001         MODEM 9.6 SOFTSW  278942            1   MDC-132     88/06/15
470269-001         PCB MAC III BOAR  J0035906          1   7518        88/06/16
570011-005         MICRO ENG 1 MEG   M1674             1   MDC-133     88/06/20
570011-005         MICRO ENG 1 MEG   M267              1   MDC-133     88/06/20
470147-001         PCB SEMI MEM FUL  V776-0074         1   TYM -020    88/06/20
836-4206-0011      CHASSIS & P/S  6  10801             1   NSC0223     88/06/21
836-4206-0011      CHASSIS & P/S  6  8342              1   NSC0223     88/06/21
836-4206-0011      CHASSIS & P/S  6  4787              1   NSC0223     88/06/21
836-4206-0011      CHASSIS & P/S  6  12477             1   NSC0223     88/06/21
836-4206-0011      CHASSIS & P/S  6  2044              1   NSC0223     88/06/21
836-4206-0011      CHASSIS & P/S  6  10489             1   NSC0223     88/06/21
836-4206-0011      CHASSIS & P/S  6  7211              1   NSC0223     88/06/21
836-4206-0011      CHASSIS & P/S  6  00005695          1   NSC0223     88/06/21
836-4206-0011      CHASSIS & P/S  6  60350             1   NSC-0223    88/06/21
836-4206-0011      CHASSIS & P/S  6  00002655          1   NSC-0223    88/06/21
836-4206-0011      CHASSIS & P/S  6  6696              1   NSC-0223    88/06/21
836-4206-0011      CHASSIS & P/S  6  9028              1   NSC-0223    88/06/21
836-4202-5061      PCB INTERFACE  6  20769             1   NSC-0223    88/06/21
836-4202-5061      PCB INTERFACE  6  15147             1   NSC-0223    88/06/21
836-4202-5061      PCB INTERFACE  6  16397             1   NSC-0223    88/06/21
836-4202-5061      PCB INTERFACE  6  3486              1   NSC-0223    88/06/21
836-4202-5061      PCB INTERFACE  6  11674             1   NSC-0223    88/06/21
836-4202-5061      PCB INTERFACE  6  9463              1   NSC-0223    88/06/21
836-4202-5061      PCB INTERFACE  6  14999             1   NSC-0223    88/06/21
836-4202-5061      PCB INTERFACE  6  17195             1   NSC-0223    88/06/21
836-4202-5061      PCB INTERFACE  6  12511             1   NSC-0223    88/06/21
836-4202-5061      PCB INTERFACE  6  4124              1   NSC-0223    88/06/21
836-4202-5061      PCB INTERFACE  6  12655             1   NSC-0223    88/06/21
836-4202-5061      PCB INTERFACE  6  10036             1   NSC-0223    88/06/21
836-4201-5061      PCB MULTIPROC  6  8216              1   NSC-0223    88/06/21
836-4201-5061      PCB MULTIPROC  6  11408             1   NSC-0223    88/06/21
836-4201-5061      PCB MULTIPROC  6  15343             1   NSC-0223    88/06/21
836-4201-5061      PCB MULTIPROC  6  6426              1   NSC-0223    88/06/21
836-4201-5061      PCB MULTIPROC  6  12042             1   NSC-0223    88/06/21
836-4201-5061      PCB MULTIPROC  6  3455              1   NSC-0223    88/06/21
836-4201-5061      PCB MULTIPROC  6  3049              1   NSC-0223    88/06/21
836-4201-5061      PCB MULTIPROC  6  17425             1   NSC-0223    88/06/21
836-4201-5061      PCB MULTIPROC  6  2686              1   NSC-0223    88/06/21
836-4201-5061      PCB MULTIPROC  6  20723             1   NSC-0223    88/06/21
836-4201-5061      PCB MULTIPROC  6  15713             1   NSC-0223    88/06/21
836-4201-5061      PCB MULTIPROC  6  20808             1   NSC-0223    88/06/21
600052-001         MODEM 9.6 SOFTSW  355               1   NSC-0223    88/06/21
600052-001         MODEM 9.6 SOFTSW  279497            1   NSC-0223    88/06/21
600052-001         MODEM 9.6 SOFTSW  277949            1   NSC-0223    88/06/21
600052-001         MODEM 9.6 SOFTSW  278827            1   NSC-0223    88/06/21
600052-001         MODEM 9.6 SOFTSW  278807            1   NSC-0223    88/06/21
600052-001         MODEM 9.6 SOFTSW  256907            1   NSC-0223    88/06/21
600052-001         MODEM 9.6 SOFTSW  296430            1   NSC-0223    88/06/21
600052-001         MODEM 9.6 SOFTSW  279296            1   NSC-0223    88/06/21
600052-001         MODEM 9.6 SOFTSW  446               1   NSC-0223    88/06/21
600052-001         MODEM 9.6 SOFTSW  314               1   NSC-0223    88/06/21
600052-001         MODEM 9.6 SOFTSW  296534            1   NSC-0223    88/06/21
600052-001         MODEM 9.6 SOFTSW  137844            1   NSC-0223    88/06/21
600052-001         MODEM 9.6 SOFTSW  136616            1   NSC-0223    88/06/21
600052-001         MODEM 9.6 SOFTSW  163720            1   NSC-0223    88/06/21
600052-001         MODEM 9.6 SOFTSW  278938            1   NSC-0223    88/06/21
600052-001         MODEM 9.6 SOFTSW  254611            1   NSC-0223    88/06/21
600052-001         MODEM 9.6 SOFTSW  278407            1   NSC-0223    88/06/21
600052-001         MODEM 9.6 SOFTSW  296577            1   NSC-0223    88/06/21
600052-001         MODEM 9.6 SOFTSW  196548            1   NSC-0223    88/06/21
600052-001         MODEM 9.6 SOFTSW  485               1   NSC-0223    88/06/21
600052-001         MODEM 9.6 SOFTSW  278797            1   NSC-0223    88/06/21
600052-001         MODEM 9.6 SOFTSW  254538            1   NSC-0223    88/06/21
600052-001         MODEM 9.6 SOFTSW  254563            1   NSC-0223    88/06/21
600052-001         MODEM 9.6 SOFTSW  176               1   NSC-0223    88/06/21
600052-001         MODEM 9.6 SOFTSW  309292            1   NSC-0223    88/06/21
600091-001         MODEM STD ALONE   00035-12369       1   NSC-0223    88/06/21
ADM 31             LEAR SIEGLER TER  301099            1               88/06/27
ADM 31             LEAR SIEGLER TER  20505             1               88/06/27
CS20003414         PRISM KEYBOARD A  V4214             1               88/06/27
470109-001         PCB MAC-2         9020-0046         1   SWB 0224    88/06/28
470147-001         PCB SEMI MEM FUL  V2603-0015        1   SWB 0224    88/06/28
600052-001         MODEM 9.6 SOFTSW  279618            1   MDC-135     88/06/28
600052-001         MODEM 9.6 SOFTSW  309569            1   MDC-135     88/06/28
600052-001         MODEM 9.6 SOFTSW  278396            1   MDC-135     88/06/28
600052-001         MODEM 9.6 SOFTSW  296385            1   MDC-135     88/06/28
470147-001         PCB SEMI MEM FUL  00072138          1   TNS-126     88/06/30
470147-001         PCB SEMI MEM FUL  V1384-0040        1   TNS-126     88/06/30
470147-001         PCB SEMI MEM FUL  0309-0054         1   TNS-126     88/06/30
470147-001         PCB SEMI MEM FUL  2143-0008         1   TNS-126     88/06/30
470147-001         PCB SEMI MEM FUL  2143-0033         1   TNS-126     88/06/30
470147-001         PCB SEMI MEM FUL  V1384-0084        1   TNS-126     88/06/30
470147-001         PCB SEMI MEM FUL  00039405          1   TNS-126     88/06/30
470147-001         PCB SEMI MEM FUL  00076049          1   TNS-126     88/06/30
470123-001         PCB SIO MOTHER    V931-00077        1   TNS-126     88/06/30
470137-002         PCB CPU MAC III   B0043074          1   TNS-126     88/06/30
470228-001         PCB ETHERNET INT  2120-0063         1   TNS-129     88/06/30
470230-001         PCB XP1 MOTHER B  00076747          1   TNS-129     88/06/30
470230-001         PCB XP1 MOTHER B  J0049329          1   TNS-129     88/06/30
470228-001         PCB ETHERNET INT  1192-0006         1   TNS-116     88/06/30
470230-001         PCB XP1 MOTHER B  0072              1   TNS-116     88/06/30
470109-001         PCB MAC-2         2139-0024         1   ALA-0225    88/06/30
470143-001         PCB MULTIFUNCTIO  1192-0040         1   ALA-0225    88/06/30
470147-001         PCB SEMI MEM FUL  V775-0084         1   ALA-0225    88/06/30
470123-001         PCB SIO MOTHER    V661-0099         1   ALA-0225    88/06/30
470140-003         CONN 0 TERM BD M  2209-01           1   ALA-0225    88/06/30
470116-001         PCB CONN 1 TERM   0538-0056         1   ALA-0225    88/06/30
470175-001         PCB DMA CBL CONN  07803             1   ALA-0225    88/06/30
836-4206-0011      CHASSIS & P/S  6  5654              1   NSC-0223    88/06/30
836-4206-0011      CHASSIS & P/S  6  8381              1   NSC-0223    88/06/30
836-4206-0011      CHASSIS & P/S  6  3408              1   NSC-0223    88/06/30
836-4206-0011      CHASSIS & P/S  6  00005322          1   NSC-0223    88/06/30
836-4206-0011      CHASSIS & P/S  6  00009109          1   NSC-0223    88/06/30
836-4206-0011      CHASSIS & P/S  6  5738              1   NSC-0223    88/06/30
836-4206-0011      CHASSIS & P/S  6  6432              1   NSC-0223    88/06/30
836-4206-0011      CHASSIS & P/S  6  4738              1   NSC-0223    88/06/30
836-4201-5061      PCB MULTIPROC  6  5516              1   NSC-0223    88/06/30
836-4201-5061      PCB MULTIPROC  6  19333             1   NSC-0223    88/06/30
836-4201-5061      PCB MULTIPROC  6  5488              1   NSC-0223    88/06/30
836-4201-5061      PCB MULTIPROC  6  11631             1   NSC-0223    88/06/30
836-4201-5061      PCB MULTIPROC  6  20746             1   NSC-0223    88/06/30
836-4201-5061      PCB MULTIPROC  6  5796              1   NSC-0223    88/06/30
836-4201-5061      PCB MULTIPROC  6  10416             1   NSC-0223    88/06/30
836-4201-5061      PCB MULTIPROC  6  17163             1   NSC-0223    88/06/30
836-4202-5061      PCB INTERFACE  6  9500              1   NSC-0223    88/06/30
836-4202-5061      PCB INTERFACE  6  15319             1   NSC-0223    88/06/30
836-4202-5061      PCB INTERFACE  6  12368             1   NSC-0223    88/06/30
836-4202-5061      PCB INTERFACE  6  16383             1   NSC-0223    88/06/30
836-4202-5061      PCB INTERFACE  6  11624             1   NSC-0223    88/06/30
836-4202-5061      PCB INTERFACE  6  1815              1   NSC-0223    88/06/30
836-4202-5061      PCB INTERFACE  6  12974             1   NSC-0223    88/06/30
836-4202-5061      PCB INTERFACE  6  20671             1   NSC-0223    88/06/30
2223050-0004       T.I. PRO. COMP.   4464140022        1   REPAIR/R    88/07/12
600097-001         MODEM TRI-SPEED   132               1   MDC-136     88/07/14
335-201            CRD. FILE W/DUAL  50010             1               88/07/14
335-201            CRD. FILE W/DUAL  71052             1               88/07/14
570011-001         MICRO ENG 1/2 ME  S0596             1   SWB-0228    88/07/20
570011-001         MICRO ENG 1/2 ME  M324              1   SWB-0232    88/07/20
470136-003         PCB ROM I/O MAC   2130-8070         1   SWB-0230    88/07/21
470136-003         PCB ROM I/O MAC   1148-0015         1   SWB-0230    88/07/21
470136-003         PCB ROM I/O MAC   0016-V2586        1   SWB-0230    88/07/21
470136-003         PCB ROM I/O MAC   1147-0022         1   SWB-0230    88/07/21
470136-003         PCB ROM I/O MAC   0V1146-0032       1   SWB-0230    88/07/21
470136-003         PCB ROM I/O MAC   V408-0098         1   SWB-0230    88/07/21
470137-002         PCB CPU MAC III   2137-0001         1   SWB-0230    88/07/21
470137-002         PCB CPU MAC III   0V1114-0040       1   SWB-0230    88/07/21
470137-002         PCB CPU MAC III   0641-0026         1   SWB-0230    88/07/21
470137-002         PCB CPU MAC III   10869-911         1   SWB-0230    88/07/21
470137-002         PCB CPU MAC III   2137-0019         1   SWB-0230    88/07/21
470137-002         PCB CPU MAC III   2520-0018         1   SWB-0230    88/07/21
470140-001         CONN 0 TERM BD.   FS0124-0008       1   SWB-0230    88/07/21
470140-001         CONN 0 TERM BD.   FS0124-0010       1   SWB-0230    88/07/21
470140-001         CONN 0 TERM BD.   0210-0028         1   SWB-0230    88/07/21
470140-001         CONN 0 TERM BD.   FS0124-0063       1   SWB-0230    88/07/21
470140-003         CONN 0 TERM BD M  0038              1   SWB-0230    88/07/21
470128-001         PCB SIO/SYNC RS2  2003-0096         1   ALA-0235    88/07/21
470111-001         PCB ASYNC ENH     1046-1009         1   TYM-0229    88/07/21
470111-001         PCB ASYNC ENH     6-4-80            1   TYM-0229    88/07/21
470111-001         PCB ASYNC ENH     1522-1208         1   TYM-0229    88/07/21
470111-001         PCB ASYNC ENH     62-3-80           1   TYM-0229    88/07/21
470136-003         PCB ROM I/O MAC   1528-1051         1   TYM-0229    88/07/21
470136-003         PCB ROM I/O MAC   J0070634          1   TYM-0229    88/07/21
470143-001         PCB MULTIFUNCTIO  2527-0029         1   TYM-0229    88/07/21
470123-001         PCB SIO MOTHER    V1392-0013        1   TYM-0229    88/07/21
640023-001         FRONT CONSOLE AS  1452-2179         1   TRT-0233    88/07/25
160028-001         CABLE PWR FRT CO  N/A               1   TRT-0233    88/07/25
160086-001         CABLE ASSY "S" R  N/A               1   TRT-0233    88/07/25
470109-001         PCB MAC-2         00076370          1   SWB-0236    88/07/25
470109-001         PCB MAC-2         B0043639          1   SWB-0236    88/07/25
470212-002         PCB 4CH SYNC RS2  034-0V10039       1   SWB-0236    88/07/25
470212-002         PCB 4CH SYNC RS2  0049-0V10039      1   SWB-0236    88/07/25
470123-001         PCB SIO MOTHER    00075161          1   SWB-0236    88/07/25
470214-001         PCB 8CH UNSW OCL  1186-0063         1   SWB-0236    88/07/25
335-201            CRD. FILE W/DUAL  50010             1   MIS-0234    88/07/29
335-201            CRD. FILE W/DUAL  71052             1   MIS-0234    88/07/29
836-4206-0011      CHASSIS & P/S  6  5738              1   NSC-0238    88/08/04
836-4206-0011      CHASSIS & P/S  6  4738              1   NSC-0238    88/08/04
836-4206-0011      CHASSIS & P/S  6  8381              1   NSC-0238    88/08/04
836-4201-5061      PCB MULTIPROC  6  5796              1   NSC-0238    88/08/04
836-4201-5061      PCB MULTIPROC  6  19333             1   NSC-0238    88/08/04
836-4201-5061      PCB MULTIPROC  6  17163             1   NSC-0238    88/08/04
836-4202-5061      PCB INTERFACE  6  15319             1   NSC-0238    88/08/04
836-4202-5061      PCB INTERFACE  6  1815              1   NSC-0238    88/08/04
836-4202-5061      PCB INTERFACE  6  20671             1   NSC-0238    88/08/04
470228-001         PCB ETHERNET INT  1192-0044         1   TNS-116     88/08/04
470228-001         PCB ETHERNET INT  J0045429          1   TNS-116     88/08/04
470228-001         PCB ETHERNET INT  J0050596          1   TNS-116     88/08/04
470147-001         PCB SEMI MEM FUL  0V01516-0061      1   TNS-126     88/08/04
470147-001         PCB SEMI MEM FUL  0V0408-0012       1   TNS-126     88/08/04
470147-001         PCB SEMI MEM FUL  V776-0005         1   TNS-126     88/08/04
/                                                          TNS-126     88/08/04
470269-001         PCB MAC III BOAR  00077584          1   TNS-126     88/08/04
GR2225             GENRAD PORTABLE   531               1               88/08/04
470109-001         PCB MAC-2         0307-0003         1   TRT-0240    88/08/17
3-3601             MODEM CADET 1200  4831              1   WARRANTY    88/08/17
3-3602             MODEM  CADET 240  1865              1   WARRANTY    88/08/17
3-3602             MODEM  CADET 240  1085              1   WARRANTY    88/08/17
3-3606             MODEM  PENRIL DA  1620              1   WARRANTY    88/08/17
3-3607             MODEM  PENRIL DA  2255              1   WARRANTY    88/08/17
3-3607             MODEM  PENRIL DA  2419              1   WARRANTY    88/08/17
3-3608             MODEM  PENRIL DA  2303              1   WARRANTY    88/08/17
3-3602             MODEM  CADET 240  300               1   OUT OF W    88/08/17
3-3606             MODEM  PENRIL DA  1024              1   OUT OF W    88/08/17
3-3606             MODEM  PENRIL DA  433               1   OUT OF W    88/08/17
3-3607             MODEM  PENRIL DA  1636              1   OUT OF W    88/08/17
3-3607             MODEM  PENRIL DA  478               1   OUT OF W    88/08/17
4464140022         P/S T.I. P/C      144082839         1               88/08/17
2223219-3          MONTOR T.I. P/C   FU4332864         1               88/08/17
470123-001         PCB SIO MOTHER    3366-1514         1   TYM-0237    88/08/18
470109-001         PCB MAC-2         1137-0039         1   TYM-0237    88/08/18
470137-002         PCB CPU MAC III   2-1-80            1   TYM-0237    88/08/18
470136-003         PCB ROM I/O MAC   1403-1702         1   TYM-0237    88/08/18
470112-001         PCB SYNC ENH      0V0402-0039       1   TYM-0237    88/08/18
470112-001         PCB SYNC ENH      1058-0025         1   TYM-0237    88/08/18
470147-001         PCB SEMI MEM FUL  V776-0055         1   TYM-0237    88/08/18
470147-001         PCB SEMI MEM FUL  1145-0047         1   TYM-0237    88/08/18
470212-002         PCB 4CH SYNC RS2  1181-0001         1   TYM-0237    88/08/18
470212-002         PCB 4CH SYNC RS2  1016-0210         1   TYM-0237    88/08/18
470213-002         PCB 8CH ASYNC RS  0V07052-0025      1   TYM-0237    88/08/18
470213-002         PCB 8CH ASYNC RS  0V07030-0044      1   TYM-0237    88/08/18
470214-001         PCB 8CH UNSW OCL  0V03014-0059      1   TYM-0237    88/08/18
470213-001         PCB 8CH ASYNC RS  0V07052-0026      1   TYM-0237    88/08/18
470228-001         PCB ETHERNET INT  J0019508          1   TYM-0237    88/08/18
470254-001         MICRO HDLC I/O    0V01502-037       1   TYM-0237    88/08/18
390013-001         5V P/S (MICRO EN  104154            1   TYM-0237    88/08/18
470136-003         PCB ROM I/O MAC   1147-0022         1   SWB-0239    88/08/18
470136-003         PCB ROM I/O MAC   0V1146-0032       1   SWB-0239    88/08/18
470136-003         PCB ROM I/O MAC   B0035669          1   SWB-0239    88/08/18
470136-003         PCB ROM I/O MAC   8021-0004         1   SWB-0239    88/08/18
470137-002         PCB CPU MAC III   B0043064          1   SWB-0239    88/08/18
470137-002         PCB CPU MAC III   0108-0007         1   SWB-0239    88/08/18
470137-002         PCB CPU MAC III   B0034593          1   SWB-0239    88/08/18
470137-002         PCB CPU MAC III   2137-0001         1   SWB-0239    88/08/18
470140-003         CONN 0 TERM BD M  FS0128-0057       1   SWB-0239    88/08/18
470140-003         CONN 0 TERM BD M  S09005-0031       1   SWB-0239    88/08/18
470140-003         CONN 0 TERM BD M  0061              1   SWB-0239    88/08/18
470140-003         CONN 0 TERM BD M  2557-0029         1   SWB-0239    88/08/18
470140-003         CONN 0 TERM BD M  2557-0020         1   SWB-0239    88/08/18
470136-003         PCB ROM I/O MAC   B0046974          1   SWB-0239    88/08/26
570011-008         TOP ASSY MICRO E  2035              1   MDI-134     88/08/26
650013-002         BATTERY BACKUP 2  2287              1   MDI-134     88/08/26
470112-001         PCB SYNC ENH      B0039227          1   DEC-0001    88/09/13
470112-001         PCB SYNC ENH      0V0302-0056       1   DEC-0001    88/09/13
470112-001         PCB SYNC ENH      J0044080          1   DEC-0001    88/09/13
470112-001         PCB SYNC ENH      B0036258          1   DEC-0001    88/09/13
470112-001         PCB SYNC ENH      B0046868          1   DEC-0001    88/09/13
470112-001         PCB SYNC ENH      B0047122          1   DEC-0001    88/09/13
470128-001         PCB SIO/SYNC RS2  0533-0079         1   MDC-138     88/09/16
570013-003         4CH ASYNC TERM C  5178              1   MDC-138     88/09/16
470230-001         PCB XP1 MOTHER B  0263-0021         1   TNS-81      88/09/16
470228-001         PCB ETHERNET INT  1192-0053         1   TNS-116     88/09/16
470228-001         PCB ETHERNET INT  B0047290          1   TNS-0123    88/09/16
470228-001         PCB ETHERNET INT  1192-0070         1   TNS-0123    88/09/16
470228-001         PCB ETHERNET INT  J0042531          1   TNS-0123    88/09/16
470230-001         PCB XP1 MOTHER B  0077              1   TNS-0123    88/09/16
470230-001         PCB XP1 MOTHER B  00076756          1   TNS-0123    88/09/16
470230-001         PCB XP1 MOTHER B  00078102          1   TNS-0123    88/09/16
470230-001         PCB XP1 MOTHER B  B0046448          1   TNS-0123    88/09/16
470230-001         PCB XP1 MOTHER B  B0047349          1   TNS-0123    88/09/16
470230-001         PCB XP1 MOTHER B  0263-0008         1   TNS-123     88/09/16
470230-001         PCB XP1 MOTHER B  J0050415          1   TNS-123     88/09/16
/                  PCB XP1 MOTHER B  /                 1   TNS-123     88/09/16
570011-002         MICRO ENG 1/2 ME  M2289             1   MDI-137     88/09/16
570011-002         MICRO ENG 1/2 ME  M658              1   MDI-137     88/09/16
470123-001         PCB SIO MOTHER    J0065235          1   SWB-0242    88/09/16
470192-001         PCB 8CH ASYNC UN  00077750          1   SWB-0242    88/09/16
160159-502         PSM CABLE 50P-50  1986              1   SWB-0242    88/09/16
470111-001         PCB ASYNC ENH     315               1   SWB-0242    88/09/16
470161-001         PCB ASYNC I/O II  B0043464          1   SWB-0242    88/09/16
470112-001         PCB SYNC ENH      1182-1502         1   SWB-0242    88/09/16
570013-001         8CH ASYNC TERM C  0530              1   SWB-0242    88/09/16
640047-001         PWR SUP MINI ENG  525               1   SWB-0242    88/09/16
650014-001         ASSY 50P BREAKOU  0V03008-0020      1   SWB-0242    88/09/16
650014-001         ASSY 50P BREAKOU  J0061219          1   SWB-0242    88/09/16
650014-001         ASSY 50P BREAKOU  00066683          1   SWB-0242    88/09/16
470140-003         CONN 0 TERM BD M  218219            1   SWB-0245    88/09/16
470140-003         CONN 0 TERM BD M  848586            1   SWB-0245    88/09/16
470140-003         CONN 0 TERM BD M  7248-0036         1   SWB-0245    88/09/16
470140-001         CONN 0 TERM BD.   0412-0027         1   SWB-0245    88/09/16
470137-002         PCB CPU MAC III   2520-0020         1   SWB-0245    88/09/16
470137-002         PCB CPU MAC III   0525-0042         1   SWB-0245    88/09/16
470137-002         PCB CPU MAC III   2137-134          1   SWB-0245    88/09/16
470137-002         PCB CPU MAC III   0641-0064         1   SWB-0245    88/09/16
470137-002         PCB CPU MAC III   00057795          1   SWB-0245    88/09/16
470136-003         PCB ROM I/O MAC   1147-0022         1   SWB-0245    88/09/16
470136-003         PCB ROM I/O MAC   0V1146-0032       1   SWB-0245    88/09/16
470136-003         PCB ROM I/O MAC   B0046974          1   SWB-0245    88/09/16
470136-003         PCB ROM I/O MAC   1268-157          1   SWB-0245    88/09/16
470136-003         PCB ROM I/O MAC   0V0644-0040       1   SWB-0245    88/09/16
2310100705-AD      CONCORD RACK MOU  28682             1   FSU-0244    88/09/16
2310100705-AD      CONCORD RACK MOU  M7L0035           1   FSU-0244    88/09/16
2310100705-AD      CONCORD RACK MOU  M7L0034           1   FSU-0244    88/09/16
2310100705-AD      CONCORD RACK MOU  28681             1   FSU-0244    88/09/16
2310100705-AD      CONCORD RACK MOU  28672             1   FSU-0244    88/09/16
2310100705-AD      CONCORD RACK MOU  28673             1   FSU-0244    88/09/16
2310100705-AD      CONCORD RACK MOU  28669             1   FSU-0244    88/09/16
470143-001         PCB MULTIFUNCTIO  1792-0104         1   ALA-0231    88/09/16
470123-001         PCB SIO MOTHER    V931-00038        1   ALA-0231    88/09/16
470109-001         PCB MAC-2         2092-0099         1   ALA-0231    88/09/16
470140-002         CONN 0 TERM BD.   6788              1   ALA-0231    88/09/16
470116-001         PCB CONN 1 TERM   2251-0009         1   ALA-0231    88/09/16
470142-001         PCB CONNECTOR DM  58680             1   ALA-0231    88/09/16
470140-001         CONN 0 TERM BD.   8768              1   ALA-0231    88/09/16
470109-001         PCB MAC-2         00064112          1   TYM-0243    88/09/16
470254-001         MICRO HDLC I/O    00060775          1   TYM-0243    88/09/16
470254-001         MICRO HDLC I/O    00060715          1   TYM-0243    88/09/16
470123-001         PCB SIO MOTHER    1511-1565         1   TYM-0243    88/09/16
470137-002         PCB CPU MAC III   1194-1530         1   TYM-0243    88/09/16
470161-001         PCB ASYNC I/O II  2544-0050         1   TYM-0243    88/09/16
470254-001         MICRO HDLC I/O    0V01502-049       1   TYM-0243    88/09/16
470128-001         PCB SIO/SYNC RS2  1378-1378         1   TYM-0243    88/09/16
470128-001         PCB SIO/SYNC RS2  0146-0067         1   TYM-0243    88/09/16
470277-001         PSM NRZI BD       0023              1   TYM-0243    88/09/16
470214-001         PCB 8CH UNSW OCL  1186-0044         1   TYM-0243    88/09/16
470109-001         PCB MAC-2         701120086         1   SWB-160     88/09/16
470109-001         PCB MAC-2         V2521-0027        1   TYM-0158    88/09/16
470136-003         PCB ROM I/O MAC   J0064176          1   WUW 139     88/10/11
650041-001         PWR SUP NEW STYL  1683              1   TYM-0247    88/10/17
470136-003         PCB ROM I/O MAC   B0039189          1   TYM-0247    88/10/17
470137-002         PCB CPU MAC III   10861128          1   TYM-0247    88/10/17
470147-001         PCB SEMI MEM FUL  J0050389          1   TYM-0247    88/10/17
470134-001         PCB MAC I OBSOLE  1422-1063         1   TYM-0247    88/10/17
470143-001         PCB MULTIFUNCTIO  0325-0018         1   TYM-0247    88/10/17
470109-001         PCB MAC-2         0505-0016         1   TYT-0246    88/10/17
470109-001         PCB MAC-2         1949-0094         1   TYT-0246    88/10/17
470109-001         PCB MAC-2         0V0240-0053       1   TYT-0246    88/10/17
470143-001         PCB MULTIFUNCTIO  0258-0023         1   TYT-0246    88/10/17
470143-001         PCB MULTIFUNCTIO  B0038057          1   TYT-0246    88/10/17
470147-001         PCB SEMI MEM FUL  0120-0084         1   TYT-0246    88/10/17
470147-001         PCB SEMI MEM FUL  0208-0074         1   TYT-0246    88/10/17
470147-001         PCB SEMI MEM FUL  0V01516-0053      1   TYT-0246    88/10/17
470212-004         PCB 4CH SYNC RS2  1170-6005         1   TYM-0243    88/10/17
470212-004         PCB 4CH SYNC RS2  1170-6002         1   TYM-0243    88/10/17
470254-001         MICRO HDLC I/O    00060735          1   TYM-0243    88/10/17
470173-001         PCB MEMORY  MICR  00027872          1   TYM-0243    88/10/17
470147-001         PCB SEMI MEM FUL  V1384-0124        1   MDC-141     88/10/17
470137-002         PCB CPU MAC III   1140-002          1   MDC-141     88/10/17
570011-002         MICRO ENG 1/2 ME  M2250             1   MDI-140     88/10/20
470123-001         PCB SIO MOTHER    1122-0032       1   TYT-024 TYMTR 88/11/15
470123-001         PCB SIO MOTHER    0V0245-0032     1   TYT-024 TYMTR 88/11/15
470123-001         PCB SIO MOTHER    1123-0036       1   TYT-024 TYMTR 88/11/15
470109-001         PCB MAC-2         V824-0076       1   TYT-024 TYMTR 88/11/15
470109-001         PCB MAC-2         0V0521-0093     1   TYT-024 TYMTR 88/11/15
640026-001         HALF BD W/MULTIF  B0036468        1   TYT-024 TYMTR 88/11/15
470109-001         PCB MAC-2         00052357        1   TYM-024 TYM1  88/11/15
470147-001         PCB SEMI MEM FUL  8022-0066       1   TYM-024 TYM1  88/11/15
640026-001         HALF BD W/MULTIF  1792-0130       1   TYM-024 TYM1  88/11/15
470128-001         PCB SIO/SYNC RS2  1382-1433       1   TYM-024 TYM1  88/11/15
470128-001         PCB SIO/SYNC RS2  2566-0049       1   TYM-024 TYM1  88/11/15
470212-004         PCB 4CH SYNC RS2  1170-6011       1   TYM-024 TYM1  88/11/15
470212-002         PCB 4CH SYNC RS2  1055-0016       1   TYM-024 TYM1  88/11/15
470212-002         PCB 4CH SYNC RS2  1016-0029       1   TYM-024 TYM1  88/11/15
470212-002         PCB 4CH SYNC RS2  1016-0025       1   TYM-024 TYM1  88/11/15
470212-001         PCB 4CH UNSW SYN  00076933        1   TYM-024 TYM1  88/11/15
470212-001         PCB 4CH UNSW SYN  0100-0V01524    1   TYM-024 TYM1  88/11/15
470212-001         PCB 4CH UNSW SYN  0042-0V12001    1   TYM-024 TYM1  88/11/15
470212-001         PCB 4CH UNSW SYN  0018-0V01510    1   TYM-024 TYM1  88/11/15
470212-001         PCB 4CH UNSW SYN  1179-0096       1   TYM-024 TYM1  88/11/15
470212-001         PCB 4CH UNSW SYN  0027-0V01524    1   TYM-024 TYM1  88/11/15
470212-001         PCB 4CH UNSW SYN  0025-0V01510    1   TYM-024 TYM1  88/11/15
470212-001         PCB 4CH UNSW SYN  00076045        1   TYM-024 TYM1  88/11/15
470212-001         PCB 4CH UNSW SYN  0043-0V12001    1   TYM-024 TYM1  88/11/15
470212-001         PCB 4CH UNSW SYN  00076944        1   TYM-024 TYM1  88/11/15
470212-001         PCB 4CH UNSW SYN  00076930        1   TYM-024 TYM1  88/11/15
470212-001         PCB 4CH UNSW SYN  00064413        1   TYM-024 TYM1  88/11/15
470136-003         PCB ROM I/O MAC   2519-0043       1   SWB-024 SWB8  88/11/15
470136-003         PCB ROM I/O MAC   2138-0106       1   SWB-024 SWB8  88/11/15
470136-003         PCB ROM I/O MAC   00055891        1   SWB-024 SWB8  88/11/15
470136-003         PCB ROM I/O MAC   0V1146-0032     1   SWB-024 SWB8  88/11/15
470137-002         PCB CPU MAC III   2520-0021       1   SWB-024 SWB8  88/11/15
470137-002         PCB CPU MAC III   B0046097        1   SWB-024 SWB8  88/11/15
470137-002         PCB CPU MAC III   2137-0008       1   SWB-024 SWB8  88/11/15
470137-002         PCB CPU MAC III   028184          1   SWB-024 SWB8  88/11/15
470136-003         PCB ROM I/O MAC   0223-0084       1   ALA-024 ALA1  88/11/22
470140-003         CONN 0 TERM BD M  2145-0078       1   SWB-024 SWB8  88/11/23
470140-003         CONN 0 TERM BD M  1386-0188       1   SWB-024 SWB8  88/11/23
470140-003         CONN 0 TERM BD M  1386-0018       1   SWB-024 SWB8  88/11/23
470136-003         PCB ROM I/O MAC   B0046974        1   SWB-024 SWB8  88/11/23
470123-001         PCB SIO MOTHER    V1392-0008      1   MDC-146 MDC3  88/11/23
470128-001         PCB SIO/SYNC RS2  J0087112        1   MDC-146 MDC3  88/11/23
470136-003         PCB ROM I/O MAC   1320-1828       1   MDC-146 MDC3  88/11/23
570011-005         MICRO ENG 1 MEG   M267            1   MDC-151 MDC3  88/12/05
470323-001         8 CH SYNC PCBA (  1047-1028       1   DEC PRO BOSR- 88/12/06
470323-001         8 CH SYNC PCBA (  0V0402-0034     1   DEC PRO BOSR- 88/12/06
470323-001         8 CH SYNC PCBA (  2135-0009       1   DEC PRO BOSR- 88/12/06
470323-001         8 CH SYNC PCBA (  2-4-80          1   DEC PRO BOSR- 88/12/06
470323-001         8 CH SYNC PCBA (  0V03020056      1   DEC PRO BOSR- 88/12/06
  @