640026-001         HALF BD W/MULTIF  2556-5001       1   TYT-250 TYMTR 89/01/10
640026-001         HALF BD W/MULTIF  2556-0014       1   TYT-250 TYMTR 89/01/10
470112-001         PCB SYNC ENH      0801-0033       1   TYT-250 TYMTR 89/01/10
570013-001         8CH ASYNC TERM C  5187            1   TYT-250 TYMTR 89/01/10
640026-001         HALF BD W/MULTIF  13-4-80         1   TYT-250 TYMTR 89/01/10
470136-003         PCB ROM I/O MAC   0V0112-0003     1   TYT-250 TYMTR 89/01/10
470136-003         PCB ROM I/O MAC   1147-0006       1   TYT-250 TYMTR 89/01/10
470136-003         PCB ROM I/O MAC   0504-0039       1   TYT-250 TYMTR 89/01/10
470109-001         PCB MAC-2         0116-0010       1   TYM-250 TYMTR 89/01/10
470109-001         PCB MAC-2         0V0521-0011     1   TYM-250 TYMTR 89/01/10
470109-001         PCB MAC-2         0073-0V0240     1   TYM-250 TYMTR 89/01/10
640026-001         HALF BD W/MULTIF  1242-1862       1   TYT-024 TYMTR 89/01/10
600052-001         MODEM 9.6 SOFTSW  183126          1   MDG-147 MDG1  89/01/10
600052-001         MODEM 9.6 SOFTSW  272964          1   MDG-147 MDG1  89/01/10
600102-001         CHASSIS TRI-SPEE  000292          1   MDC-149 MDC3  89/01/10
470147-001         PCB SEMI MEM FUL  ZPL0007-032     1   ALA-025 ALA1  89/01/10
470147-001         PCB SEMI MEM FUL  ZPL0007-032     1   ALA-025 ALA1  89/01/10
836-4202-5061      PCB INTERFACE  6  19997           1   MDC-156 MDC5  89/01/13
836-4201-5061      PCB MULTIPROC  6  7935            1   MDC-156 MDC5  89/01/13
836-4200-0011      CHASSIS & P/S  6  00006596        1   MDC-156 MDC5  89/01/13
600052-001         MODEM 9.6 SOFTSW  293781          1   MDC-154 MDC3  89/01/13
836-4202-5061      PCB INTERFACE  6  4182            1   MDC-154 MDC3  89/01/13
836-4201-5061      PCB MULTIPROC  6  11877           1   MDC-154 MDC3  89/01/13
836-4200-0011      CHASSIS & P/S  6  00006507        1   MDC-154 MDC3  89/01/13
470212-002         PCB 4CH SYNC RS2  B0041539        1   SWB-025 SWB8  89/01/13
570011-008         TOP ASSY MICRO E  2152            1   BET 157 BET 1 89/01/19
470147-001         PCB SEMI MEM FUL  ZPL009-022      1   MDC-152 MDC5  89/01/20
470112-001         PCB SYNC ENH      233-7-79        1   MDC-145 MDCSC 89/01/20
470112-001         PCB SYNC ENH      0V0287-0021     1   MDC-145 MDCSC 89/01/20
470112-001         PCB SYNC ENH      1397-1701       1   MDC-145 MDCSC 89/01/20
470112-001         PCB SYNC ENH      1009-1008       1   MDC-145 MDCSC 89/01/20
470134-001         PCB MAC I OBSOLE  1010-1011       1   MDC-145 MDCSC 89/01/20
470134-001         PCB MAC I OBSOLE  1422-1079       1   MDC-145 MDCSC 89/01/20
470136-003         PCB ROM I/O MAC   0524-0093       1   MDC-145 MDCSC 89/01/20
470136-003         PCB ROM I/O MAC   1006-1019       1   MDC-145 MDCSC 89/01/20
470136-003         PCB ROM I/O MAC   160             1   MDC-145 MDCSC 89/01/20
470136-003         PCB ROM I/O MAC   1403-1621       1   MDC-145 MDCSC 89/01/20
470136-003         PCB ROM I/O MAC   1006-1049       1   MDC-145 MDCSC 89/01/20
470137-002         PCB CPU MAC III   0V0204-0047     1   MDC-145 MDCSC 89/01/20
470137-002         PCB CPU MAC III   1005-1028       1   MDC-145 MDCSC 89/01/20
470137-002         PCB CPU MAC III   1005-1042       1   MDC-145 MDCSC 89/01/20
470137-002         PCB CPU MAC III   136             1   MDC-145 MDCSC 89/01/20
470137-002         PCB CPU MAC III   1402-1353       1   MDC-145 MDCSC 89/01/20
470161-001         PCB ASYNC I/O II  00047165        1   MDC-145 MDCSC 89/01/20
470161-001         PCB ASYNC I/O II  V1395-0120      1   MDC-145 MDCSC 89/01/20
470161-001         PCB ASYNC I/O II  V1395-0122      1   MDC-145 MDCSC 89/01/20
640026-001         HALF BD W/MULTIF  16              1   MDC-145 MDCSC 89/01/20
640026-001         HALF BD W/MULTIF  0258-0011       1   MDC-145 MDCSC 89/01/20
640026-001         HALF BD W/MULTIF  1011-1019       1   MDC-145 MDCSC 89/01/20
640026-001         HALF BD W/MULTIF  1011-1014       1   MDC-145 MDCSC 89/01/20
640026-001         HALF BD W/MULTIF  1423-1205       1   MDC-145 MDCSC 89/01/20
570011-006         MICRO ENG 1 MEG   M2198           1   MDI-142 MDA4  89/01/26
470137-002         PCB CPU MAC III   0253-0020       1   MDI-142 MDA4  89/01/26
570011-002         MICRO ENG 1/2 ME  M2264           1   MDI-150 MDA4  89/01/26
570011-002         MICRO ENG 1/2 ME  M2145           1   MDA-153 MDA4  89/01/26
470109-001         PCB MAC-2         6055-35         1   MDA-148 MDA4  89/01/26
470208-001         PCB CONTROL CARD  1027-0000       1   MDA-148 MDA4  89/01/26
470212-002         PCB 4CH SYNC RS2  1072-0072       1   MDA-148 MDA4  89/01/26
470212-003         PCB 4CH SYNC RS2  J0059553        1   MDA-148 MDA4  89/01/26
470212-003         PCB 4CH SYNC RS2  J0108621        1   MDA-148 MDA4  89/01/26
470212-003         PCB 4CH SYNC RS2  J0079392        1   MDA-148 MDA4  89/01/26
470212-003         PCB 4CH SYNC RS2  J0068884        1   MDA-148 MDA4  89/01/26
470212-003         PCB 4CH SYNC RS2  J0051432        1   MDA-148 MDA4  89/01/26
470212-003         PCB 4CH SYNC RS2  J0108618        1   MDA-148 MDA4  89/01/26
470323-001         PCB SYNC (8 PORT  0V0523-0080     1   DEC-026 BOSR  89/01/26
470323-001         PCB SYNC (8 PORT  0V0402-0083     1   DEC-026 BOSR  89/01/26
470323-001         PCB SYNC (8 PORT  0V0288-0019     1   DEC-026 BOSR  89/01/26
470323-001         PCB SYNC (8 PORT  B0036957        1   DEC-026 BOSR  89/01/26
390013-001         5V P/S (MICRO EN  096184          1   TYT-025 TYMTR 89/01/26
470140-003         CONN 0 TERM BD M  1368-0188       1   SWB-025 SWB8  89/01/26
470137-002         PCB CPU MAC III   0V0405-0027     1   SWB-025 SWB8  89/01/26
470137-002         PCB CPU MAC III   0108-0010       1   SWB-025 SWB8  89/01/26
470136-003         PCB ROM I/O MAC   2519-0043       1   SWB-025 SWB8  89/01/26
470136-003         PCB ROM I/O MAC   2519-0034       1   SWB-025 SWB8  89/01/26
470136-003         PCB ROM I/O MAC   1147-0023       1   SWB-025 SWB8  89/01/26
470136-003         PCB ROM I/O MAC   1072-1061       1   SWB-025 SWB8  89/01/26
470136-003         PCB ROM I/O MAC   00047399        1   SWB-025 SWB8  89/01/26
470137-002         PCB CPU MAC III   2520-0026       1   SWB-025 SWB8  89/01/26
470137-002         PCB CPU MAC III   2137-0027       1   SWB-025 SWB8  89/01/26
470140-003         CONN 0 TERM BD M  1386-0018       1   SWB-025 SWB8  89/01/26
470140-003         CONN 0 TERM BD M  FS0272-0005     1   SWB-025 SWB8  89/01/26
470140-003         CONN 0 TERM BD M  0891-0003       1   SWB-025 SWB8  89/01/26
470122-001         PCB SUPER CLOCK   0083-0019       1   TYM-024 TYM1  89/01/26
470147-001         PCB SEMI MEM FUL  V1384-0077      1   TYM-024 TYM1  89/01/26
470212-001         PCB 4CH UNSW SYN  0V07025-0010    1   TYM-024 TYM1  89/01/26
470212-002         PCB 4CH SYNC RS2  1170-6007       1   TYM-024 TYM1  89/01/26
470147-001         PCB SEMI MEM FUL  2598-0001       1   TYM-020 TYM1  89/01/26
570013-001         8CH ASYNC TERM C  0530            1   SWB-025 SWB2  89/01/26
570013-001         8CH ASYNC TERM C  AT5518          1   SWB-025 SWB2  89/01/26
470208-001         PCB CONTROL CARD  0V01522-0003    1   SWB-025 SWB2  89/01/26
470208-001         PCB CONTROL CARD  J0084666        1   SWB-025 SWB2  89/01/26
470136-003         PCB ROM I/O MAC   2188-0889       1   SWB-025 SWB2  89/01/26
470192-001         PCB 8CH ASYNC UN  00073461        1   SWB-025 SWB2  89/01/26
470192-001         PCB 8CH ASYNC UN  00073472        1   SWB-025 SWB2  89/01/26
470192-001         PCB 8CH ASYNC UN  00073300        1   SWB-025 SWB2  89/01/26
470192-001         PCB 8CH ASYNC UN  J0057694        1   SWB-025 SWB2  89/01/26
470230-001         PCB XP1 MOTHER B  0076745         1   TNS-123 MDC2  89/01/26
470230-001         PCB XP1 MOTHER B  J0039659        1   TNS-123 MDC2  89/01/26
640047-001         PWR SUP MINI ENG  470             1   SWB-025 SWB2  89/02/01
470128-001         PCB SIO/SYNC RS2  8880            1   TYT-024 TYM4  89/02/01
470123-001         PCB SIO MOTHER    8006-0011       1   SWB-025 SWB2  89/02/10
470123-001         PCB SIO MOTHER    J0065235        1   SWB-025 SWB2  89/02/10
470112-001         PCB SYNC ENH      9026-0009       1   SWB-025 SWB2  89/02/10
470123-001         PCB SIO MOTHER    J0083703        1   SWB-025 SWB2  89/02/10
470147-001         PCB SEMI MEM FUL  1145-0029       1   SWB-025 SWB2  89/02/10
470123-001         PCB SIO MOTHER    1584-1238       1   TYM-024 TYM1  89/02/10
570011-001         MICRO ENG 1/2 ME  M2580           1   MDC-156 MDC5  89/02/10
470123-001         PCB SIO MOTHER    2627-0274       1   MDI-142 MDA4  89/02/10
640034-001         CPU BACKPLANE &   2766            1   SANA1-0 SANA1 89/02/20
470264-001         SYNC II PCBA      J0076107        1   MDCH-16 MDC1  89/02/24
470264-001         SYNC II PCBA      J0100398        1   MDCH-16 MDC1  89/02/24
470174-001         PCB I/O  MICRO E  00040370        1   MDCH-16 MDC1  89/02/24
470136-003         PCB ROM I/O       2549-0017       1   MDA-161 MDA1  89/02/24
640047-001         PWR SUP MINI ENG  817             1   MDA-164 MDA4  89/02/24
470124-001         PCB SIO OCL DAUG  J0084530        1   TYM-025 TYM1  89/02/24
640023-001         FRONT CONSOLE AS  V769-0035       1   TYM-025 TYM1  89/02/24
470173-001         PCB MEMORY  MICR  00036479        1   TYM-025 TYM1  89/02/24
470112-001         PCB SYNC ENH      1187-1126       1   TYM-025 TYM1  89/02/24
470123-001         PCB SIO MOTHER    1376-1051       1   TYM-025 TYM1  89/02/24
470174-001         PCB I/O  MICRO E  00022184        1   TYM-025 TYM1  89/02/24
470172-002         HDLC CPU PCBA     8016-0034       1   TYM-025 TYM1  89/02/24
470136-003         PCB ROM I/O       1072-1030       1   TYM-025 TYM1  89/02/24
640047-001         PWR SUP MINI ENG  1285            1   TYM-025 TYM1  89/02/24
470136-003         PCB ROM I/O       1403-1702       1   TYM-025 TYM1  89/02/24
470137-002         PCB CPU           1193-1134       1   TYM-025 TYM1  89/02/24
470112-001         PCB SYNC ENH      B0039533        1   TYM-025 TYM1  89/02/24
470136-003         PCB ROM I/O       1075-1051       1   TYM-025 TYM1  89/02/24
470136-003         PCB ROM I/O       35              1   TYM-025 TYM1  89/02/24
470137-002         PCB CPU           00054810        1   TYM-025 TYM1  89/02/24
470174-001         PCB I/O  MICRO E  00035973        1   TYM-025 TYM1  89/02/24
470208-001         PCB CONTROL CARD  0V010012-0071   1   TYM-025 TYM1  89/02/24
470111-001         PCB ASYNC ENH     1313-1752       1   TYM-025 TYM1  89/02/24
640026-001         MULTIFUNCTION AS  1061            1   TYM-025 TYM1  89/02/24
470109-001         PCB MAC-2         2249-1414       1   TYM-025 TYM1  89/02/24
470109-001         PCB MAC-2         2007-0003       1   TYM-025 TYM1  89/02/24
470147-001         PCB SEMI MEM FUL  8022-0017       1   TYM-025 TYM1  89/02/24
470161-001         PCB ASYNC I/O II  2544-0050       1   TYM-025 TYM1  89/02/24
640026-001         MULTIFUNCTION AS  0V0264-00010    1   TYM-024 TYM1  89/02/24
640046-001         PWR SUP 4 SGL &   0028            1   MDC-163 MDC3  89/03/03
570011-001         MICRO ENG 1/2 ME  M392            1   MDC-163 MDC3  89/03/03
470137-002         PCB CPU           0238-0042       1   SWB-025 SWB8  89/03/03
470214-001         PCB 8CH UNSW OCL  1052-0027       1   MDC-167 MDC3  89/03/03
470214-001         PCB 8CH UNSW OCL  J0119288        1   MDC-167 MDC3  89/03/03
470208-001         PCB CONTROL CARD  0V07017-0039    1   MDC-167 MDC3  89/03/03
640047-001         PWR SUP MINI ENG  127             1   MIAA1*0 BTC1  89/03/08
470111-001         PCB ASYNC ENH     1314-1344       1   ITT-026 WUC1  89/03/08
470111-001         PCB ASYNC ENH     1314-1344       1   ITT-026 WUC1  89/03/08
470111-001         PCB ASYNC ENH     1314-1344       1   ITT-026 WUC1  89/03/08
570013-001         8CH ASYNC TERM C  0044            1   ACR-168 ACR1  89/03/09
640047-001         PWR SUP MINI ENG  470             1   SWB-026 SWB2  89/03/09
470214-001         PCB 8CH UNSW OCL  1187-0061       1   SWB-026 SWB2  89/03/09
470213-001         PCB 8CH ASYNC RS  J0118037        1   SWB-026 SWB2  89/03/09
470192-001         PCB 8CH ASYNC UN  J0130592        1   SWB-026 SWB2  89/03/09
470212-001         PCB 4CH UNSW SYN  1055-0039       1   SWB-026 SWB2  89/03/09
470137-002         PCB CPU           J0052804        1   SWB-026 SWB2  89/03/09
470136-003         PCB ROM I/O       J0076099        1   SWB-026 SWB2  89/03/09
470136-003         PCB ROM I/O       0V9004-00022    1   SWB-026 SWB2  89/03/09
470137-002         PCB CPU           J0117059        1   SWB-026 SWB2  89/03/09
470136-003         PCB ROM I/O       J0083737        1   SWB-026 SWB2  89/03/09
470123-001         PCB SIO MOTHER    J0132133        1   SWB-026 SWB2  89/03/09
570011-008         TOP ASSY MICRO E  2311            1   MDA-159 MDA4  89/03/17
570011-002         MICRO ENG 1/2 ME  M620            1   MDA-159 MDA4  89/03/17
570011-002         MICRO ENG 1/2 ME  M1151           1   MDA-159 MDA4  89/03/17
570011-002         MICRO ENG 1/2 ME  M829            1   MDA-158 MDA4  89/03/17
570011-008         TOP ASSY MICRO E  2032            1   MDA-153 MDA4  89/03/17
570011-002         MICRO ENG 1/2 ME  M2327           1   MDA-148 MDA4  89/03/17
570011-008         TOP ASSY MICRO E  2028            1   MDI-137 MDA4  89/03/17
600142-001         MODEM TRI-ROCK R  M8H0096         1   MDC-166 MDC3  89/03/20
600052-001         MODEM 9.6 SOFTSW  249448          1   MDC-166 MDC3  89/03/20
836-4200-0011      CHASSIS & P/S  M  8432            1   MDC-166 MDC3  89/03/20
836-4201-5061      PCB MULTIPROC  M  19530           1   MDC-166 MDC3  89/03/20
836-4202-5061      PCB INTERFACE  M  713             1   MDC-166 MDC3  89/03/20
470269-001         PCB MAC III BOAR  J0091188        1   N/A     MDNSC 89/03/24
470269-001         PCB MAC III BOAR  J0091195        1   N/A     MDNSC 89/03/24
470269-001         PCB MAC III BOAR  J0086099        1   N/A     MDNSC 89/03/24
600009-001         PCB DISK CONTROL  1045            1   ALA-026 ALA1  89/03/29
570011-005         MICRO ENG 1 MEG   M2269           1   TPC-165 TPC1  89/03/29
390014-001         PWR SUP VADIC RA  94904092        1   TYM-026 TYM4  89/03/29
390014-001         PWR SUP VADIC RA  05102092        1   TYM-026 TYM4  89/03/29
600044-001         MODEM (VADIC) RA  03224059        1   TYM-026 TYM4  89/03/29
600044-001         MODEM (VADIC) RA  02013011        1   TYM-026 TYM4  89/03/29
570013-001         8CH ASYNC TERM C  0119            1   TYM-026 TYM4  89/03/29
470111-001         PCB ASYNC ENH     1-5-80          1   TYM-026 TYM4  89/03/29
470111-001         PCB ASYNC ENH     1314-1280       1   TYM-026 TYM4  89/03/29
470111-001         PCB ASYNC ENH     1522-1105       1   TYM-026 TYM4  89/03/29
470111-001         PCB ASYNC ENH     1905-1638       1   TYM-026 TYM4  89/03/29
470111-001         PCB ASYNC ENH     1263-1680       1   TYM-026 TYM4  89/03/29
470112-001         PCB SYNC ENH      V766-0038       1   TYM-026 TYM4  89/03/29
470112-001         PCB SYNC ENH      B0037650        1   TYM-026 TYM4  89/03/29
470136-003         PCB ROM I/O       0406-0043       1   TYM-026 TYM4  89/03/29
470136-003         PCB ROM I/O       B0035661        1   TYM-026 TYM4  89/03/29
470172-002         HDLC CPU PCBA     B0027209        1   TYM-026 TYM4  89/03/29
470174-001         PCB I/O  MICRO E  00026203        1   TYM-026 TYM4  89/03/29
470214-001         PCB 8CH UNSW OCL  J0023657        1   TYM-026 TYM4  89/03/29
640026-001         MULTIFUNCTION AS  0002            1   TYM-026 TYM4  89/03/29
640026-001         MULTIFUNCTION AS  0325-0031       1   TYM-026 TYM4  89/03/29
570011-005         MICRO ENG 1 MEG   M2269           1   TPC-165 TPC1  89/03/30
470140-003         CONN 0 TERM BD M  226227          1   SWB-026 SWB8  89/03/31
470140-003         CONN 0 TERM BD M  FS0272-0005     1   SWB-026 SWB8  89/03/31
470136-003         PCB ROM I/O       B0042024        1   SWB-026 SWB8  89/03/31
470136-003         PCB ROM I/O       B0041050        1   SWB-026 SWB8  89/03/31
470136-003         PCB ROM I/O       0111-0009       1   SWB-026 SWB8  89/03/31
470136-003         PCB ROM I/O       9011-0014       1   SWB-026 SWB8  89/03/31
470136-003         PCB ROM I/O       0193            1   SWB-026 SWB8  89/03/31
470136-003         PCB ROM I/O       0V0113-0060     1   SWB-026 SWB8  89/03/31
470137-002         PCB CPU           B0041260        1   SWB-026 SWB8  89/03/31
470137-002         PCB CPU           00066917        1   SWB-026 SWB8  89/03/31
470137-002         PCB CPU           00047855        1   SWB-026 SWB8  89/03/31
470137-002         PCB CPU           00065900        1   SWB-026 SWB8  89/03/31
02620-60002        HP SWEEP PCBA     1911-42         1   MDHK    TRC   89/03/31
02620-69003        HP PROCESSOR PCB  2104-42         1   MDHK    TRC   89/03/31
PLATO HANDLE       PLATO SOLDERING   N/A             1   RA#9696 PLATO 89/04/06
PLATO HANDLE       PLATO SOLDERING   N/A             1   RA#9696 PLATO 89/04/06
PLATO HANDLE       PLATO SOLDERING   N/A             1   RA#9696 PLATO 89/04/06
PLATO BASE         PLATO SOLDERING   S633-107        1   RA#9696 PLATO 89/04/06
PLATO BASE         PLATO SOLDERING   S639-107        1   RA#9696 PLATO 89/04/06
570011-007         TOP ASSY MICRO E  2344            1   TPC-171 TPC1  89/04/06
640047-001         PWR SUP MINI ENG  0470            1   SWB-026 SWB2  89/04/06
-                                                        LOANER  SWB2  89/04/13
640047-001         PWR SUP MINI ENG  758             1   LOANER  SWB2  89/04/13
600097-001         MODEM TRI-SPEED   212             1   MDC-160 MDC3  89/04/14
600097-001         MODEM TRI-SPEED   263             1   MDC-160 MDC3  89/04/14
470208-001         PCB CONTROL CARD  2027-033        1   MDC-160 MDC3  89/04/14
470208-001         PCB CONTROL CARD  0V07055-003     1   MDC-160 MDC3  89/04/14
470123-001         PCB SIO MOTHER    2626-0337       1   MDC-160 MDC3  89/04/14
600097-001         MODEM TRI-SPEED   245             1   MDC-170 MDC6  89/04/14
600097-001         MODEM TRI-SPEED   373             1   MDC-170  89/04/14
160010-002         CABLE ASSY 113 D  N/A             1   MDC-170 MDC6  89/04/14
600009-001         PCB DISK CONTROL  4433            1   TYM-025 TYM1  89/04/14
470137-002         PCB CPU           1454-1824       1   TYM-025 TYM1  89/04/14
470137-002         PCB CPU           7-12-79         1   TYM-025 TYM1  89/04/14
470109-001         PCB MAC-2         V2521-0027      1   TYM-025 TYM1  89/04/14
600097-001         MODEM TRI-SPEED   245             1   MDC-170 MDC6  89/04/14
600097-001         MODEM TRI-SPEED   373             1   MDC-170 MDC6  89/04/14
160010-002         CABLE ASSY 113 D  N/A             1   MDC-170 MDC6  89/04/14
570013-001         8CH ASYNC TERM C  0530            1   SWB-027 SWB2  89/04/17
570011-005         MICRO ENG 1 MEG   M2330           1   MDC-176 MDC6  89/04/21
836-4200-0011      CHASSIS & P/S  M  0009108         1   MDC-177 MDC3  89/04/21
836-4201-5061      PCB MULTIPROC  M  64079           1   MDC-177 MDC3  89/04/21
836-4202-5061      PCB INTERFACE  M  13632           1   MDC-177 MDC3  89/04/21
600052-001         MODEM 9.6 SOFTSW  278654          1   MDC-178 MDC5  89/04/21
600052-001         MODEM 9.6 SOFTSW  293686          1   MDC-178 MDC5  89/04/21
570011-008         TOP ASSY MICRO E  MC2401          1   MDA-169 MDA4  89/04/21
570011-007         TOP ASSY MICRO E  MC2481          1   MDA-169 MDA4  89/04/21
570011-002         MICRO ENG 1/2 ME  MC2418          1   MDA-169 MDA4  89/04/21
570011-002         MICRO ENG 1/2 ME  M815            1   MDA-169 MDA4  89/04/21
570011-001         MICRO ENG 1/2 ME  0649            1   SWB-026 SWB2  89/04/21
470216-001         PWR SUP PORT SWI  J0082323        1   SWB-026 SWB2  89/04/21
650013-001         BATTERY B/U NEW   2685            1   SWB-026 SWB2  89/04/21
470123-001         PCB SIO MOTHER    J0104456        1   SWB-026 SWB2  89/04/21
470208-001         PCB CONTROL CARD  J0086185        1   SWB-026 SWB2  89/04/21
160054-001         CBL ASSY SIO TWI  N/A             1   SWB-026 SWB2  89/04/21
160159-009         CABLE ASSY 50P T  N/A             1   SWB-026 SWB2  89/04/21
570011-007         TOP ASSY MICRO E  1001            1   TYT-025 TYM4  89/04/21
470173-001         PCB MEMORY  MICR  00038148        1   TYT-025 TYM4  89/04/21
470174-001         PCB I/O  MICRO E  M0012           1   TYT-025 TYM4  89/04/21
570011-001         MICRO ENG 1/2 ME  M1239           1   TYM-026 TYM4  89/04/21
650013-001         BATTERY B/U NEW   2685            1   SWB-026 SWB2  89/04/21
570011-001         MICRO ENG 1/2 ME  0649            1   SWB-026 SWB2  89/04/21
470123-001         PCB SIO MOTHER    J0104456        1   SWB-026 SWB2  89/04/21
470208-001         PCB CONTROL CARD  J0086185        1   SWB-026 SWB2  89/04/21
470216-001         PWR SUP PORT SWI  J0082323        1   SWB-026 SWB2  89/04/21
160054-001         CBL ASSY SIO TWI  N/A             1   SWB-026 SWB2  89/04/21
160159-009         CABLE ASSY 50P T  N/A             1   SWB-026 SWB2  89/04/21
470109-001         PCB MAC-2         1137-0039       1   TYM-024 TYM1  89/05/03
470109-001         PCB MAC-2         5003-0068       1   SWB-025 SWB2  89/05/03
640047-001         PWR SUP MINI ENG  0470            1   SWB-026 SWB2  89/05/03
470284-001         PCB CPU III STD   0021            1   TYM-025 TYM1  89/05/03
470284-001         PCB CPU III STD   0021            1   TYM-025 TYM1  89/05/03
600008-002         PCB TAPE CONTROL  0430            1   TYM-025 TYM1  89/05/03
570011-007         TOP ASSY MICRO E  MC2476          1   MDI-169 MDA4  89/05/03
570011-002         MICRO ENG 1/2 ME  M2576           1   MDI-169 MDA4  89/05/03
470212-004         PCB 4CH SYNC RS2  1170-6002       1   TYM-024 TYM1  89/05/03
470212-004         PCB 4CH SYNC RS2  1170-6005       1   TYM-024 TYM1  89/05/03
470212-004         PCB 4CH SYNC RS2  1170-1139       1   TYM-024 TYM1  89/05/03
470212-001         PCB 4CH UNSW SYN  0109-0032       1   TYM-024 TYM1  89/05/03
470136-003         PCB ROM I/O       B0046407        1   SWB-027 SWB8  89/05/03
470137-002         PCB CPU           B0043063        1   SWB-027 SWB8  89/05/03
470137-002         PCB CPU           B0045663        1   SWB-027 SWB8  89/05/03
470140             CONN 0 TERM BD.   555657          1   SWB-027 SWB8  89/05/03
570011-001         MICRO ENG 1/2 ME  M1797           1   TRT-144 TRT3  89/05/16
570011-001         MICRO ENG 1/2 ME  0648            1   SWB-027 SWB2  89/05/16
570011-005         MICRO ENG 1 MEG   M2100           1   SWB-027 SWB8  89/05/16
470136-003         PCB ROM I/O       B0036041        1   SWB-027 SWB8  89/05/16
470137-002         PCB CPU           0V0405-0010     1   SWB-027 SWB8  89/05/16
470140-003         CONN 0 TERM BD M  17181           1   SWB-027 SWB8  89/05/16
470111-001         PCB ASYNC ENH     264             1   TYM-026 TYM4  89/05/25
470206-001         BATTERY BACK-UP   J0109996        1   MDA-174 MDA4  89/05/25
470212-001         PCB 4CH UNSW SYN  1054-036        1   MDA-174 MDA4  89/05/25
470123-001         PCB SIO MOTHER    0V0245-00014    1   MDA-174 MDA4  89/05/25
470123-001         PCB SIO MOTHER    2362-0197       1   MDA-174 MDA4  89/05/25
570011-002         MICRO ENG 1/2 ME  M1408           1   MDA-174 MDA4  89/05/25
570011-006         MICRO ENG 1 MEG   M844            1   MDA-174 MDA4  89/05/25
570011-002         MICRO ENG 1/2 ME  M1059           1   MDA-174 MDA4  89/05/25
570011-002         MICRO ENG 1/2 ME  M2271           1   MDA-174 MDA4  89/05/25
570011-002         MICRO ENG 1/2 ME  M2375           1   MDA-174 MDA4  89/05/25
570011-002         MICRO ENG 1/2 ME  M1020           1   MDA-174 MDA4  89/05/25
570011-002         MICRO ENG 1/2 ME  M2054           1   MDA-174 MDA4  89/05/25
470140-003         CONN 0 TERM BD M  FS0129-0043     1   SWB-027 SWB8  89/05/25
470140-003         CONN 0 TERM BD M  7248-0010       1   SWB-027 SWB8  89/05/25
470140-003         CONN 0 TERM BD M  7248-0015       1   SWB-027 SWB8  89/05/25
470137-002         PCB CPU           0V2583-0029     1   SWB-027 SWB8  89/05/25
470137-002         PCB CPU           2137-0153       1   SWB-027 SWB8  89/05/25
470137-002         PCB CPU           0V0640-0013     1   SWB-027 SWB8  89/05/25
470136-003         PCB ROM I/O       0V1116-0002     1   SWB-027 SWB8  89/05/25
470136-003         PCB ROM I/O       2549-0025       1   SWB-027 SWB8  89/05/25
470137-002         PCB CPU           B0043063        1   SWB-027 SWB8  89/05/25
470137-002         PCB CPU           B0045663        1   SWB-027 SWB8  89/05/25
470216-001         PWR SUP PORT SWI  J0134685        1   SWB-027 SWB2  89/05/25
470269-001         PCB MAC III BOAR  J0128848        1   SWB-027 SWB2  89/05/25
470269-001         PCB MAC III BOAR  J0064704        1   SWB-027 SWB2  89/05/25
650013-001         BATTERY B/U NEW   0174            1   SWB-027 SWB2  89/05/25
836-4200-0011      CHASSIS & P/S  M  009152          1   MDC-180 MDC5  89/05/25
836-4200-0011      CHASSIS & P/S  M  00010630        1   MDC-180 MDC5  89/05/25
836-4201-5061      PCB MULTIPROC  M  2960            1   MDC-180 MDC5  89/05/25
836-4201-5061      PCB MULTIPROC  M  3403            1   MDC-180 MDC5  89/05/25
836-4202-5061      PCB INTERFACE  M  11629           1   MDC-180 MDC5  89/05/25
836-4202-5061      PCB INTERFACE  M  5849            1   MDC-180 MDC5  89/05/25
640047-001         PWR SUP MINI ENG  800             1   NTS-027 TYM1  89/05/26
650041-001         PWR SUP MINI ENG  1683            1   NTS-027 TYM1  89/05/26
570011-002         MICRO ENG 1/2 ME  0179            1   MDA-175 MDA4  89/06/01
570011-008         TOP ASSY MICRO E  2031            1   MDA-175 MDA4  89/06/01
470136-003         PCB ROM I/O       J0034957        1   MDA-175 MDA4  89/06/01
470161-001         PCB ASYNC I/O II  J0091201        1   MDA-175 MDA4  89/06/01
470124-001         PCB SIO OCL DAUG  0047            1   NTS-027 TYM1  89/06/02
470123-001         PCB SIO MOTHER    1376-1125       1   NTS-027 TYM1  89/06/02
470112-001         PCB SYNC ENH      00055612        1   NTS-027 TYM1  89/06/02
470123-001         PCB SIO MOTHER    B0039734        1   NTS-027 TYM1  89/06/02
470109-001         PCB MAC-2         V824-0100       1   NTS-027 TYM1  89/06/02
470137-002         PCB CPU           11-12-79        1   NTS-027 TYM1  89/06/02
470137-002         PCB CPU           10861127        1   NTS-027 TYM1  89/06/02
470109-002         PCB MAC II MULTI  V823-0006       1   NTS-027 TYM1  89/06/02
470123-001         PCB SIO MOTHER    0159-0066       1   NTS-027 TYM1  89/06/02
470123-001         PCB SIO MOTHER    0071-0104       1   NTS-027 TYM1  89/06/02
640026-001         MULTIFUNCTION AS  0V0264-00010    1   NTS-027 TYM1  89/06/02
470109-001         PCB MAC-2         V70112-0049     1   NTS-027 TYM1  89/06/02
470137-002         PCB CPU           1194-1530       1   NTS-027 TYM1  89/06/02
470109-001         PCB MAC-2         0V0521-0036     1   NTS-027 TYM1  89/06/02
470109-001         PCB MAC-2         9021-0043       1   NTS-027 TYM1  89/06/02
470109-001         PCB MAC-2         1950-0003       1   TYMN-02 TYM1  89/06/02
600142-001         MODEM TRI-ROCK R  M8I0055         1   MDC-179 MDC3  89/06/09
600142-001         MODEM TRI-ROCK R  M8H0009         1   MDC-179 MDC3  89/06/09
570011-005         MICRO ENG 1 MEG   M472            1   MDC-179 MDC3  89/06/09
570011-002         MICRO ENG 1/2 ME  M1039           1   MDA-148 MDA4  89/06/23
570011-002         MICRO ENG 1/2 ME  M615            1   MDA-158 MDA4  89/06/23
570011-002         MICRO ENG 1/2 ME  0852            1   MDA-159 MDA4  89/06/23
600052-001         MODEM 9.6 SOFTSW  278986          1   MDC-185 MDC5  89/06/28
570011-001         MICRO ENG 1/2 ME  0379            1   MDC-183 MDC3  89/06/28
570011-003         MICRO ENG 1/4 ME  0328            1   VA-002  TYM1  89/06/28
470147-001         PCB SEMI MEM FUL  2602-0048       1   SWB-027 SWB2  89/06/28
470136-001         PCB ROM I/O SYNC  2549-0045       1   SWB-027 SWB2  89/06/28
470147-001         PCB SEMI MEM FUL  1910-0098       1   SWB-027 SWB2  89/06/28
470136-003         PCB ROM I/O       2584-0002       1   SWB-027 SWB2  89/06/28
470147-001         PCB SEMI MEM FUL  V2603-0050      1   SWB-027 SWB2  89/06/28
470123-001         PCB SIO MOTHER    8006-0011       1   SWB-027 SWB2  89/06/28
470123-001         PCB SIO MOTHER    J0132112        1   SWB-027 SWB2  89/06/28
470212-002         PCB 4CH SYNC RS2  FS01134-0070    1   SWB-027 SWB2  89/06/28
470137-002         PCB CPU           0V9017-0013     1   SWB-027 SWB2  89/06/28
470137-002         PCB CPU           J0131702        1   SWB-027 SWB2  89/06/28
470137-002         PCB CPU           V2581-0049      1   SWB-027 SWB2  89/06/28
470109-001         PCB MAC-2         V2588-0006      1   SWB-027 SWB2  89/06/28
470109-001         PCB MAC-2         8024-0085       1   SWB-027 SWB2  89/06/28
470123-001         PCB SIO MOTHER    J0103712        1   SWB-027 SWB2  89/06/28
470109-001         PCB MAC-2         9020-0029       1   SWB-027 SWB2  89/06/28
570013-001         8CH ASYNC TERM C  5045            1   SWB-028 SWB2  89/06/28
570013-001         8CH ASYNC TERM C  5007            1   SWB-028 SWB2  89/06/28
470140-003         CONN 0 TERM BD M  2145-0072       1   SWB-028 SWB8  89/06/28
470140-003         CONN 0 TERM BD M  0027            1   SWB-028 SWB8  89/06/28
470140-003         CONN 0 TERM BD M  2145-0067       1   SWB-028 SWB8  89/06/28
470137-002         PCB CPU           0V7007-6001     1   SWB-028 SWB8  89/06/28
470136-003         PCB ROM I/O       B0041107        1   SWB-028 SWB8  89/06/28
470136-003         PCB ROM I/O       8021-0007       1   SWB-028 SWB8  89/06/28
470136-003         PCB ROM I/O       8021-0005       1   SWB-028 SWB8  89/06/28
470137-002         PCB CPU           7007-0007       1   SWB-028 SWB8  89/06/28
470136-003         PCB ROM I/O       8021-0012       1   SWB-028 SWB8  89/06/28
470140-003         CONN 0 TERM BD M  2145-0119       1   SWB-028 SWB8  89/06/28
3-3608             MODEM  PENRIL DA  673             1   0286    MD1   89/06/29
570011-001         MICRO ENG 1/2 ME  M232            1   VA001 / VA1A  89/06/30
570011-001         MICRO ENG 1/2 ME  M2207           1   VA001 / VA1A  89/06/30
570011-001         MICRO ENG 1/2 ME  0406            1   VA001 / VA1A  89/06/30
570011-001         MICRO ENG 1/2 ME  M1781R          1   VA001 / VA1A  89/06/30
570011-001         MICRO ENG 1/2 ME  M1271           1   VA001 / VA1A  89/06/30
570011-001         MICRO ENG 1/2 ME  M1277           1   VA001 / VA1A  89/06/30
570011-001         MICRO ENG 1/2 ME  M189            1   VA001 / VA1A  89/06/30
570011-001         MICRO ENG 1/2 ME  M582            1   VA001 / VA1A  89/06/30
470204-001         PCB 4CH SYNC SW   B0042348        1   MDA-181 MDA4  89/07/06
470204-001         PCB 4CH SYNC SW   00067252        1   MDA-181 MDA4  89/07/06
570011-002         MICRO ENG 1/2 ME  M2317           1   MDA-181 MDA4  89/07/06
570011-006         MICRO ENG 1 MEG   M870            1   MDA-181 MDA4  89/07/06
570011-006         MICRO ENG 1 MEG   M687            1   MDA-181 MDA4  89/07/06
570011-007         TOP ASSY MICRO E  MC2620          1   MDA-181 MDA4  89/07/06
570011-008         TOP ASSY MICRO E  MC2562          1   MDA-181 MDA4  89/07/06
02620-60002        HP SWEEP PCBA     1911-42         1   MDHK-17 MDC1  89/07/12
02620-69003        HP PROCESSOR PCB  2104-42         1   MDHK-17 MDC1  89/07/12
470214-001         PCB 8CH UNSW OCL  1051-0001       1   MDA-182 MDA4  89/07/12
470212-001         PCB 4CH UNSW SYN  J0090149        1   MDA-182 MDA4  89/07/12
470213-001         PCB 8CH ASYNC RS  1050-002        1   MDA-182 MDA4  89/07/12
470172-001         PCB CPU  MICRO E  B0030925        1   NTS-027 TYM1  89/07/12
470128-001         PCB SIO/SYNC RS2  1382-1451       1   NTS-027 TYM1  89/07/12
470124-001         PCB SIO OCL DAUG  1370-1040       1   NTS-027 TYM1  89/07/12
640047-001         PWR SUP MINI ENG  1235            1   NTS-028 TYM1  89/07/12
470140-003         CONN 0 TERM BD M  2145-0065       1   SWB-028 SWB1  89/07/12
470140-003         CONN 0 TERM BD M  2145-0074       1   SWB-028 SWB1  89/07/12
470136-003         PCB ROM I/O       B0036039        1   SWB-028 SWB1  89/07/12
470136-003         PCB ROM I/O       8021-0030       1   SWB-028 SWB1  89/07/12
470137-002         PCB CPU           0048            1   SWB-028 SWB1  89/07/12
470137-002         PCB CPU           1142-0006       1   SWB-028 SWB1  89/07/12
570011-001         MICRO ENG 1/2 ME  M2117           1   VA-000  VA1A  89/07/12
470111-001         PCB ASYNC ENH     1234-5678       1   123456  MDA4  89/07/14
570011-005         MICRO ENG 1 MEG   M1150           1   667754  SWB   89/07/14
470296-001         SCC PCBA          J0137544        1   193     HKSB  89/07/19
470298-001         IOC PCBA          J0155048        1   193     HKSB  89/07/19
470302-001         EP PCBA           J0134879        1   193     HKSB  89/07/19
470296-001         SCC PCBA          J0137544        1   193     HKSB1 89/07/19
470298-001         IOC PCBA          J0155048        1   193     HKSB1 89/07/19
470302-001         EP PCBA           J0134879        1   193     HKSB1 89/07/19
650001-001         PWR SUP 4 SGL BK  0003            1   0292    ALA1  89/07/21
640047-001         PWR SUP MINI ENG  964             1   184     MDA4  89/07/27
570011-002         MICRO ENG 1/2 ME  M2287           1   184     MDA4  89/07/27
570011-001         MICRO ENG 1/2 ME  M2473           1   198     MDC3  89/07/27
570011-007         TOP ASSY MICRO E  2345            1   186     TPC1  89/07/27
650041-001         PWR SUP MINI ENG  1683            1   0288    TYM1  89/07/27
470254-001         MICRO ENG HDLC I  00060735        1   0272    TYM1  89/07/27
190-1905-045       KENNEDY REEL SER  8030            1   0272    TYM1  89/07/27
470136-003         PCB ROM I/O       B0035658        1   0276    SWB1  89/07/28
470136-003         PCB ROM I/O       1678-0015       1   0290    SWB1  89/08/03
470136-003         PCB ROM I/O       2138-168        1   0290    SWB1  89/08/03
470137-002         PCB CPU           2137-092        1   0290    SWB1  89/08/03
570011-001         MICRO ENG 1/2 ME  M1376           1   010     DCAD1 89/08/04
570011-001         MICRO ENG 1/2 ME  9622            1   011     DCAD1 89/08/04
570011-001         MICRO ENG 1/2 ME  M1814           1   012     DCAD1 89/08/04
570011-001         MICRO ENG 1/2 ME  M947            1   013     DCAD1 89/08/04
570011-001         MICRO ENG 1/2 ME  M1656           1   014     DCAD1 89/08/04
570011-001         MICRO ENG 1/2 ME  M444            1   015     DCAD1 89/08/04
570011-001         MICRO ENG 1/2 ME  M891            1   016     DCAD1 89/08/04
570011-001         MICRO ENG 1/2 ME  M170            1   017     DCAD1 89/08/04
570011-001         MICRO ENG 1/2 ME  M778            1   018     DCAD1 89/08/04
570011-001         MICRO ENG 1/2 ME  M1114           1   019     DCAD1 89/08/04
570011-005         MICRO ENG 1 MEG   M602            1   020     BHMA1 89/08/04
570011-005         MICRO ENG 1 MEG   M628            1   022     SLCD1 89/08/04
570011-001         MICRO ENG 1/2 ME  M990            1   021     SLCD1 89/08/04
640023-001         FRONT CONSOLE AS  1452-2145       1           TYM4  89/08/09
470136-003         PCB ROM I/O       B0045769        1           TYM4  89/08/09
470112-001         PCB SYNC ENH      2515-0036       1           TYM4  89/08/09
470137-002         PCB CPU           00051848        1           TYM4  89/08/09
470112-001         PCB SYNC ENH      B0039524        1           TYM4  89/08/09
470136-003         PCB ROM I/O       470136-003      1           TYM4  89/08/09
470112-001         PCB SYNC ENH      B0037650        1           TYM4  89/08/09
470112-001         PCB SYNC ENH      1264-1066       1           TYM4  89/08/09
470112-001         PCB SYNC ENH      1368-1626       1   0283    TYM4  89/08/09
470112-001         PCB SYNC ENH      V1374-0098      1   0283    TYM4  89/08/09
470136-003         PCB ROM I/O       8021-0056       1   0283    TYM4  89/08/09
570011-001         MICRO ENG 1/2 ME  M121            1   0291    SWB2  89/08/09
570011-001         MICRO ENG 1/2 ME  0648            1   0291    SWB2  89/08/09
570011-001         MICRO ENG 1/2 ME  M1578           1   023     MIAA1 89/08/11
570011-001         MICRO ENG 1/2 ME  M1627           1   024     MIAA1 89/08/11
470213-001                 PCBA 8CH  J0105069        1   0289    SWB1  89/08/15
470214-001                 PCBA 8CH  B0042644        1   0289    SWB1  89/08/15
470109-001                 PCA/ABC   B0043639        1   0289    SWB1  89/08/15
470109-001                 PCA/ABC   V2521-0038      1   0289    SWB1  89/08/15
470140-001                 PCA/ABC   S09006-0075     1   0294    SWB1  89/08/15
470140-003                 PCBA CON  7248-0016       1   0294    SWB1  89/08/15
470140-003                 PCBA CON  8217-0001       1   0294    SWB1  89/08/15
470140-003                 PCBA CON  2609-0034       1   0294    SWB1  89/08/15
470140-003                 PCBA CON  8217-0017       1   0294    SWB1  89/08/15
470137-002                 PCBA CPU  0072-0V0640     1   0294    SWB1  89/08/15
470137-002                 PCBA CPU  1113-0036       1   0294    SWB1  89/08/15
470137-002                 PCBA CPU  8020-0020       1   0294    SWB1  89/08/15
470137-002                 PCBA CPU  V2581-0024      1   0294    SWB1  89/08/15
470136-003                 PCBA ROM  2587-0006       1   0294    SWB1  89/08/15
470136-003                 PCBA ROM  B0035997        1   0294    SWB1  89/08/15
470136-003                 PCBA ROM  0V9004-0002     1   0294    SWB1  89/08/15
470136-003                 PCBA ROM  9011-0030       1   0294    SWB1  89/08/15
470137-002                 PCBA CPU  1506-2088       1   0284    TYM1  89/08/15
470147-001                 PCBA SEM  0V0408-0062     1   0284    TYM1  89/08/15
640026-001                 PCBA MUL  1200-1613       1   0284    TYM1  89/08/15
470212-001                 PCBA 4CH  1016-0017       1   0284    TYM1  89/08/15
640026-001                 PCBA MUL  1129-0027       1   0284    TYM1  89/08/15
640026-001                 PCBA MUL  1149-0042       1   0284    TYM1  89/08/15
640026-001                 PCBA MUL  00047676        1   0284    TYM1  89/08/15
470124-001                 PCBA OCL  0415-1027       1   0284    TYM1  89/08/15
470230-001                 PCA/ABC   1193-0017       1   0284    TYM1  89/08/15
570011-001        MICRO ENG 1/2 MEG  M2303           1   025     SLCD1 89/08/17
570011-005        MICRO ENG FULL ME  M1316           1   194     MDC3  89/08/21
470137-002        PCBA CPU MAC III   V2581-0048      1   0295    SWB1  89/08/21
470140-003        PCBA CONN 0 TERM   8217-0038       1   0295    SWB1  89/08/21
470137-002        PCBA CPU MAC III   1402-1357       1   0295    SWB1  89/08/21
470136-003        PCBA ROM I/O MAC   2584-0003       1   0295    SWB1  89/08/21
470128-001        PCBA RS232 DAUGHT  2091-0003       1   187     TTL1  89/08/21
470123-001        PCA/ABC SIO        1945-0013       1   187     TTL1  89/08/21
570011-007        MICRO ENG HDLC 11  MC2470          1   192     MDC3  89/08/23
570011-001        MICRO ENG 1/2 MEG  M1350           1   026     SDFA1 89/08/24
570011-001        MICRO ENG 1/2 MEG  M1258           1   027     SDFA1 89/08/24
470136-003        PCBA ROM I/O MAC   B0035997        1   0294    SWB1  89/08/24
570011-001        MICRO ENG 1/2 MEG  0453            1   028     TPAD1 89/08/24
570011-001        MICRO ENG 1/2 MEG  0253            1   029     TPAD1 89/08/24
570011-001        MICRO ENG 1/2 MEG  0256            1   030     BOSR  89/08/24
570011-001        MICRO ENG 1/2 MEG  M945            1   043     DCAD1 89/08/25
570011-001        MICRO ENG 1/2 MEG  0420            1   038     DCAD1 89/08/25
570011-001        MICRO ENG 1/2 MEG  M995R           1   031     MCID1 89/08/25
570011-001        MICRO ENG 1/2 MEG  0609            1   036     ORDR  89/08/25
570011-001        MICRO ENG 1/2 MEG  M1303           1   034     ORDR  89/08/25
570011-001        MICRO ENG 1/2 MEG  M1673           1   033     ORDR  89/08/25
570011-001        MICRO ENG 1/2 MEG  M2210           1   035     LAXD2 89/08/25
600142-001        MODEM TRI-ROCK CD  M8I0055         1   195     MDC5  89/08/29
600142-001        MODEM TRI-ROCK CD  M8H0009         1   195     MDC5  89/08/29
600052-001        MODEM PARADYNE 9.  126285          1   196     MDC3  89/08/30
600052-001        MODEM PARADYNE 9.  279764          1   196     MDC3  89/08/30
600052-001        MODEM PARADYNE 9.  278130          1   196     MDC3  89/08/30
600052-001        MODEM PARADYNE 9.  278148          1   196     MDC3  89/08/30
570011-001        MICRO ENG 1/2 MEG  M617            1   032     IAHD1 89/09/06
570011-001        MICRO ENG 1/2 MEG  0420            1   038     IAHD1 89/09/06
470147-001        PCBA SEMI MEM FUL  V2603-0050      1   0293    SWB2  89/09/08
470123-001        PCA/ABC SIO        J0103712        1   0293    SWB2  89/09/08
470269-001        PCBA MAC III       J0086031        1   0293    SWB2  89/09/08
570013-001        TOP ASSY ATC 8CH   0510            1   0296    SWB2  89/09/08
570011-001        MICRO ENG 1/2 MEG  M456            1   039     BOSR  89/09/13
570011-001        MICRO ENG 1/2 MEG  M2046           1   064     BOSR  89/09/13
570011-001        MICRO ENG 1/2 MEG  M1114           1   019-A   STLR  89/09/13
570011-001        MICRO ENG 1/2 MEG  0174            1   067     STLR  89/09/13
570011-001        MICRO ENG 1/2 MEG  M1092           1   040     STLR  89/09/13
470269-001        PCBA MAC III       J0064701        1   0269    SWB2  89/09/14
470140-003        PCBA CONN 0 TERM   162163          1   0298    SWB1  89/09/14
470140-003        PCBA CONN 0 TERM   475767          1   0298    SWB1  89/09/14
470140-003        PCBA CONN 0 TERM   54555           1   0298    SWB1  89/09/14
470140-003        PCBA CONN 0 TERM   F10292-0015     1   0298    SWB1  89/09/14
470136-003        PCBA ROM I/O MAC   2584-0017       1   0298    SWB1  89/09/14
470136-003        PCBA ROM I/O MAC   2584-0026       1   0298    SWB1  89/09/14
470136-003        PCBA ROM I/O MAC   0023-V2586      1   0298    SWB1  89/09/14
470136-003        PCBA ROM I/O MAC   2584-0010       1   0298    SWB1  89/09/14
470137-002        PCBA CPU MAC III   2137-053        1   0298    SWB1  89/09/14
470137-002        PCBA CPU MAC III   NETC-4          1   0298    SWB1  89/09/14
470137-002        PCBA CPU MAC III   2137-098        1   0298    SWB1  89/09/14
470137-002        PCBA CPU MAC III   7007-0035       1   0298    SWB1  89/09/14
120023-4          45IPS CONFIG/TAPE  NONE            1           BOSR  89/09/15
470140-003        PCBA CONN 0 TERM   F8201-00022     1   300     SWB1  89/09/15
470136-003        PCBA ROM I/O MAC   0V9004-00016    1   300     SWB1  89/09/15
470137-002        PCBA CPU MAC III   8020-0026       1   300     SWB1  89/09/15
570013-001        TOP ASSY ATC 8CH   5443            1   202     MDC6  89/09/20
570011-001        MICRO ENG 1/2 MEG  M1578           1   045     MDI   89/09/25
570011-001        MICRO ENG 1/2 MEG  0598            1   061     MDI   89/09/25
570011-001        MICRO ENG 1/2 MEG  M985            1   044     MDI   89/09/25
570011-001        MICRO ENG 1/2 MEG  M945            1   999     MDI   89/09/25
650077-001        PICO-ENGINE ASSY.  720;00260       1   198     MDC3  89/09/27
650077-002        PICO-ENGINE ASSY.  720;00184       1           TYM1  89/09/28
650077-002        PICO-ENGINE ASSY.  720;00153       1           TYM1  89/09/28
650077-002        PICO-ENGINE ASSY.  720:00165       1           TYM1  89/09/28
650077-001        PICO-ENGINE ASSY.  720;00200       1           TYM1  89/09/28
650077-001        PICO-ENGINE ASSY.  720;00326       1           TYM1  89/09/28
470298-001        PCBA INPUT/OUTPUT  J0151871        1           TYM1  89/09/28
470296-001        PCBA SCC           J0135464        1           TYM1  89/09/28
470302-001        PCBA PICO ENG PRO  J0134719        1           TYM1  89/09/28
470212-001        PCBA 4CH SYNC RS2  B0040413        1   203     MDC3  89/10/02
836-4200-0011     CHASSIS PARADYNE   00011218        1   204     MDC6  89/10/02
836-4201-5061     PCBA PARADYNE MPR  15215           1   204     MDC6  89/10/02
836-4202-5061     PCBA PARADYNE INT  15144           1   204     MDC6  89/10/02
570013-001        TOP ASSY ATC 8CH   5059            1   0299    SWB2  89/10/02
570013-001        TOP ASSY ATC 8CH   5042            1   0301    SWB2  89/10/02
470128-001        PCBA RS232 DAUGHT  00076262        1   200     MDC6  89/10/04
570013-001        TOP ASSY ATC 8CH   5253            1   200     MDC6  89/10/04
650041-001        P/S FOR MINI ENGI  30600           1   LOANER  SWB2  89/10/04
570011-002        MICRO ENG 1/2 MEG  0852            1   197     MDA4  89/10/05
570011-002        MICRO ENG 1/2 MEG  M2301           1   197     MDA4  89/10/05
570011-002        MICRO ENG 1/2 MEG  M2242           1   197     MDA4  89/10/05
570011-002        MICRO ENG 1/2 MEG  M713            1   197     MDA4  89/10/05
570011-002        MICRO ENG 1/2 MEG  M836            1   197     MDA4  89/10/05
570011-006        MICRO ENG FULL ME  M770            1   197     MDA4  89/10/05
570011-006        MICRO ENG FULL ME  M813            1   197     MDA4  89/10/05
570011-008        MICRO ENG HDLC 22  2315            1   197     MDA4  89/10/05
570011-008        MICRO ENG HDLC 22  MC2378          1   197     MDA4  89/10/05
570011-008        MICRO ENG HDLC 22  2320            1   197     MDA4  89/10/05
570011-008        MICRO ENG HDLC 22  2028            1   197     MDA4  89/10/05
470109-001        PCA/ABC MAC II     0V0255-0010     1   206     MDC5  89/10/05
470136-003        PCBA ROM I/O MAC   2188-1889       1           SWB2  89/10/10
470136-003        PCBA ROM I/O MAC   0V9004-0002     1           SWB2  89/10/10
470212-002        PCBA 4CH SYNC RS2  00065683        1           SWB2  89/10/10
570011-007        MICRO ENG HDLC 11  M229            1           SWB2  89/10/10
570013-001        TOP ASSY ATC 8CH   5465            1           SWB2  89/10/10
650013-001        BTRY BACKUP ENG/M  0235            1           SWB2  89/10/10
650013-001        BTRY BACKUP ENG/M  0248            1           SWB2  89/10/10
640047-001        P/S FOR MINI ENG.  359             1   0305    SWB2  89/10/10
470269-001        PCBA MAC III       J0064701        1   0304    SWB2  89/10/10
570011-005        MICRO ENG FULL ME  M587            1   VA      ZANK  89/10/16
570011-001        MICRO ENG 1/2 MEG  M327R           1   VA      ZANK  89/10/16
570011-001        MICRO ENG 1/2 MEG  M1353           1   VA      ZANK  89/10/16
570011-001        MICRO ENG 1/2 MEG  0604            1   VA      ZANK  89/10/16
570011-001        MICRO ENG 1/2 MEG  M2124           1   VA      ZANK  89/10/16
570011-001        MICRO ENG 1/2 MEG  M264            1   VA      ZANK  89/10/16
570011-001        MICRO ENG 1/2 MEG  0509            1   VA      ZANK  89/10/16
570011-001        MICRO ENG 1/2 MEG  M2266           1   VA      ZANK  89/10/16
470140-003        PCBA CONN 0 TERM   F8218-00046     1   0307    SWB1  89/10/20
470140-003        PCBA CONN 0 TERM   2528-0021       1   0307    SWB1  89/10/20
470140-003        PCBA CONN 0 TERM   2528-0048       1   0307    SWB1  89/10/20
470140-003        PCBA CONN 0 TERM   2608-0012       1   0307    SWB1  89/10/20
470140-003        PCBA CONN 0 TERM   F8218-00041     1   0307    SWB1  89/10/20
470136-003        PCBA ROM I/O MAC   2549-0024       1   0307    SWB1  89/10/20
470136-003        PCBA ROM I/O MAC   8021-0003       1   0307    SWB1  89/10/20
470136-003        PCBA ROM I/O MAC   2584-0041       1   0307    SWB1  89/10/20
470136-003        PCBA ROM I/O MAC   2138-145        1   0307    SWB1  89/10/20
470136-003        PCBA ROM I/O MAC   2135-0119       1   0307    SWB1  89/10/20
470137-002        PCBA CPU MAC III   2137-0161       1   0307    SWB1  89/10/20
470137-002        PCBA CPU MAC III   2137-0121       1   0307    SWB1  89/10/20
470137-002        PCBA CPU MAC III   2520-0012       1   0307    SWB1  89/10/20
470137-002        PCBA CPU MAC III   1402-1357       1   0297    SWB1  89/10/20
640046-001        P/S FOR SINGLE OR  0028            1   208     MDC3  89/10/20
570011-001        MICRO ENG 1/2 MEG  M1660           1   053     MDI   89/10/23
570011-005        MICRO ENG FULL ME  0685            1   7004373 DIA-1 89/10/27
570011-005        MICRO ENG FULL ME  0436            1   7004373 DIA-1 89/10/27
570011-005        MICRO ENG FULL ME  0780            1   7004373 DIA-1 89/10/27
570011-005        MICRO ENG FULL ME  M718R           1   7004373 DIA-1 89/10/27
570011-005        MICRO ENG FULL ME  M1547           1   7004373 DIA-1 89/10/27
650041-001        P/S FOR MINI ENGI  30600           1   LOANER  SWB2  89/10/30
570011-005        MICRO ENG FULL ME  0688            1   7004373 DIA-2 89/10/31
570011-002        MICRO ENG 1/2 MEG  M2052           1   205     MDG1  89/11/02
570011-002        MICRO ENG 1/2 MEG  0411            1   205     MDG1  89/11/02
570011-002        MICRO ENG 1/2 MEG  M2075           1   205     MDG1  89/11/02
570013-002        TOP ASSY ATC 8CH   5390            1   205     MDG1  89/11/02
570013-004        TOP ASSY ATC 4CH   0099            1   205     MDG1  89/11/02
470112-001        PCBA SYNC I/O      9026-0018       1   0309    SWB2  89/11/02
470137-002        PCBA CPU MAC III   0238-0050       1   0309    SWB2  89/11/02
470212-002        PCBA 4CH SYNC RS2  J0093300        1   0309    SWB2  89/11/02
470212-002        PCBA 4CH SYNC RS2  B0043542        1   0309    SWB2  89/11/02
470269-001        PCBA MAC III       J0136875        1   0309    SWB2  89/11/02
570011-005        MICRO ENG FULL ME  M267            1           MDC3  89/11/03
470112-001        PCBA SYNC I/O      0V0635-0012     1           MDC3  89/11/03
NCF-60            CARD FILE WITH P/  50389           1   0303    MIS   89/11/09
470140-003        PCBA CONN 0 TERM   2528-0024       1   0314    SWB1  89/11/09
470137-002        PCBA CPU MAC III   V770-0028       1   0314    SWB1  89/11/09
470137-002        PCBA CPU MAC III   8020-0023       1   0311    SWB1  89/11/13
470123-001        PCA/ABC SIO        0528-0078       1   0310    SWB1  89/11/13
640047-001        P/S FOR MINI ENG.  359             1   0313    SWB2  89/11/13
570011-005        MICRO ENG FULL ME  M148            1   7004373 PITA2 89/11/14
570011-005        MICRO ENG FULL ME  0389            1   7004373 INDD1 89/11/14
570011-005        MICRO ENG FULL ME  M2143           1   7004373 SACA1 89/11/14
570011-005        MICRO ENG FULL ME  0755            1   7004373 CLEA1 89/11/14
570011-005        MICRO ENG FULL ME  0388            1   7004373 JFKD1 89/11/14
470109-002        PCBA MAC II - MUL  0V1119-26       1   0306    TYM1  89/11/16
470109-002        PCBA MAC II - MUL  00077468        1   0306    TYM1  89/11/16
470109-002        PCBA MAC II - MUL  V824-0077       1   0306    TYM1  89/11/16
470109-002        PCBA MAC II - MUL  1950-0003       1   0306    TYM1  89/11/16
470109-002        PCBA MAC II - MUL  V823-0006       1   0306    TYM1  89/11/16
470109-002        PCBA MAC II - MUL  0114-0044       1   0306    TYM1  89/11/16
470123-001        PCA/ABC SIO        2627-0043       1   0306    TYM1  89/11/16
470123-001        PCA/ABC SIO        0311-0037       1   0306    TYM1  89/11/16
470284-001        PCBA CPU III STD   J0134646        1   0306    TYM1  89/11/16
470284-001        PCBA CPU III STD   0021            1   0306    TYM1  89/11/16
470284-001        PCBA CPU III STD   J0043502        1   0306    TYM1  89/11/16
470269-001        PCBA MAC III       J0100231        1   0306    TYM1  89/11/16
470269-001        PCBA MAC III       J0145262        1   0306    TYM1  89/11/16
470269-001        PCBA MAC III       J0146068        1   0306    TYM1  89/11/16
640047-001        P/S FOR MINI ENG.  140             1   0306    TYM1  89/11/16
470137-002        PCBA CPU MAC III   2137-0161       1   0315    SWB1  89/11/16
570011-001        MICRO ENG 1/2 MEG  M2597           1   52735   ZANK  89/11/17
570011-001        MICRO ENG 1/2 MEG  M1673           1   52735   ZANK  89/11/17
570011-001        MICRO ENG 1/2 MEG  M165            1   52735   ZANK  89/11/17
570011-001        MICRO ENG 1/2 MEG  0053            1   52735   ZANK  89/11/17
570011-001        MICRO ENG 1/2 MEG  0148            1   52735   ZANK  89/11/17
570011-001        MICRO ENG 1/2 MEG  M1652           1   52735   ZANK  89/11/17
570011-001        MICRO ENG 1/2 MEG  M936            1   52735   ZANK  89/11/17
470137-002        PCBA CPU MAC III   2520-0048       1   0308    ALA1  89/11/17
600009-001        PCBA CNTRLR 10MB   25384           1   0308    ALA1  89/11/17
570011-007        MICRO ENG HDLC 11  2284            1   0312    SWB2  89/11/17
470136-003        PCBA ROM I/O MAC   9028-0029       1   0316    SWB1  89/11/27
470136-003        PCBA ROM I/O MAC   9011-0044       1   0316    SWB1  89/11/27
470136-003        PCBA ROM I/O MAC   2587-0013       1   0316    SWB1  89/11/27
470137-002        PCBA CPU MAC III   9019-0036       1   0316    SWB1  89/11/27
470137-002        PCBA CPU MAC III   2137-5000       1   0316    SWB1  89/11/27
470137-002        PCBA CPU MAC III   8020-0068       1   0316    SWB1  89/11/27
470140-003        PCBA CONN 0 TERM   F8218-0002      1   0316    SWB1  89/11/27
470140-003        PCBA CONN 0 TERM   F10292-0037     1   0316    SWB1  89/11/27
470140-003        PCBA CONN 0 TERM   2528-0043       1   0316    SWB1  89/11/27
570011-005        MICRO ENG FULL ME  M2561           1   7004373 SANA1 89/11/29
570011-005        MICRO ENG FULL ME  0387            1   7004373 BALA2 89/11/30
570011-005        MICRO ENG FULL ME  M183            1   7004373 STLR  89/11/30
470136-003        PCBA ROM I/O MAC   129             1   DOA     DFWR  89/12/01
470136-003        PCBA ROM I/O MAC   129             1   DOA     DFWR  89/12/01
470140-003        PCBA CONN 0 TERM   2528-0024       1   0314    SWB1  89/12/01
470269-001        PCBA MAC III       J0091633        1   210     MDC7  89/12/06
570011-005        MICRO ENG FULL ME  0058            1   7004373 SANA1 89/12/07
570011-005        MICRO ENG FULL ME  0318            1   7004373 PDXA1 89/12/07
570011-005        MICRO ENG FULL ME  0495            1   7004373 PHLR  89/12/07
470136-003        PCBA ROM I/O MAC   8021-0062       1   0319    SWB1  89/12/07
470137-002        PCBA CPU MAC III   0V9019-0004     1   0319    SWB1  89/12/07
470140-003        PCBA CONN 0 TERM   00004           1   0319    SWB1  89/12/07
470140-003        PCBA CONN 0 TERM   J0184803        1   0320    SWB1  89/12/07
570011-002        MICRO ENG 1/2 MEG  M815            1   209     MDA4  89/12/12
570011-002        MICRO ENG 1/2 MEG  M2203           1   209     MDA4  89/12/12
570011-002        MICRO ENG 1/2 MEG  M2145           1   209     MDA4  89/12/12
570011-008        MICRO ENG HDLC 22  2003            1   209     MDA4  89/12/12
570011-008        MICRO ENG HDLC 22  2287            1   209     MDA4  89/12/12
570011-005        MICRO ENG FULL ME  M2561           1   7004373 OAKA1 89/12/13
570011-005        MICRO ENG FULL ME  M427            1   7004373 DETD1 89/12/14
570011-005        MICRO ENG FULL ME  0483            1   7004373 RDUD1 89/12/14
3-3608            MODEM PENRIL 9600  2739            1           LAXD2 89/12/18
3-3608            MODEM PENRIL 9600  2757            1           LAXD2 89/12/18
3-3608            MODEM PENRIL 9600  3377            1           LAXD2 89/12/18
3-3608            MODEM PENRIL 9600  3376            1           LAXD2 89/12/18
3-3608            MODEM PENRIL 9600  3154            1           LAXD2 89/12/18
3-3608            MODEM PENRIL 9600  3305            1           LAXD2 89/12/18
3-3608            MODEM PENRIL 9600  3162            1           LAXD2 89/12/18
570011-005        MICRO ENG FULL ME  M546            1   7004373 HPND1 89/12/22
570011-005        MICRO ENG FULL ME  M225            1   7004373 ALBA1 89/12/22
470136-003        PCBA ROM I/O MAC   2584-0022       1   0321    SWB1  89/12/22
470136-003        PCBA ROM I/O MAC   2138-149        1   0321    SWB1  89/12/22
470136-003        PCBA ROM I/O MAC   2519-0035       1   0321    SWB1  89/12/22
470136-003        PCBA ROM I/O MAC   2138-0086       1   0321    SWB1  89/12/22
470137-002        PCBA CPU MAC III   2137-0118       1   0321    SWB1  89/12/22
470137-002        PCBA CPU MAC III   7007-0033       1   0321    SWB1  89/12/22
470137-002        PCBA CPU MAC III   2137-062        1   0321    SWB1  89/12/22
470137-002        PCBA CPU MAC III   7007-0014       1   0321    SWB1  89/12/22
470137-002        PCBA CPU MAC III   8020-85         1   0321    SWB1  89/12/22
470140-003        PCBA CONN 0 TERM   2608-0009       1   0321    SWB1  89/12/22
470140-003        PCBA CONN 0 TERM   2608-0010       1   0321    SWB1  89/12/22
470140-003        PCBA CONN 0 TERM   F8218-0009      1   0321    SWB1  89/12/22
470140-003        PCBA CONN 0 TERM   F10292-0002     1   0321    SWB1  89/12/22
470140-003        PCBA CONN 0 TERM   8217-0008       1   0321    SWB1  89/12/22
470136-003        PCBA ROM I/O MAC   2587-0016       1   0322    SWB1  89/12/22
470136-003        PCBA ROM I/O MAC   2584-0029       1   0322    SWB1  89/12/22
470137-002        PCBA CPU MAC III   9016-0016       1   0322    SWB1  89/12/22
470137-002        PCBA CPU MAC III   7007-0043       1   0322    SWB1  89/12/22
470140-003        PCBA CONN 0 TERM   0035            1   0322    SWB1  89/12/22
470140-003        PCBA CONN 0 TERM   F8218-0003      1   0322    SWB1  89/12/22
470140-003        PCBA CONN 0 TERM   F8218-0007      1   0322    SWB1  89/12/22
470137-002        PCBA CPU MAC III   7007-0040       1   0322    SWB1  89/12/22
570011-005        MICRO ENG FULL ME  0737            1   7004373 SLCD1 89/12/28
570011-005        MICRO ENG FULL ME  0443            1   7004373 SFOD2 89/12/29
570011-005        MICRO ENG FULL ME  M192            1   7004373 PHLD1 89/12/29
    
;