470147-001        SEMI-MEMORY BD. 1  8022-0076         1   SWB-087     87/01/12
470123-001        SIO MOTHER BOARD   1376-1127         2   TYM-084     87/01/06
                                     V1392-0016            TYM-084     87/01/06
470147-001        SEMI-MEMORY BOARD  0005-8065         1   TYM-084     87/01/06
470128-001        SIO DAUGHTER BD.   1383-1475         3   TYM-091     87/01/12
                                     2091-0022             TYM-091     87/01/12
                                     1378-1338             TYM-091     87/01/12
470123-001        SIO MOTHER BD.     0071-0028         2   TYM-091     87/01/12
                                     3366-1506             TYM-091     87/01/12
470128-002        SIO DAUGHTER BD.   1383-1409         1   TYM-091     87/01/12
470147-001        SEMI-MEMORY BD.    V412-0037         1   TYM-091     87/01/12
470100-001        160/300 MB DISC C  10190604261       1   TYM-088     87/01/12
470100-001        160/300 DISC CONT  03-223            2   TYM-075     87/01/19
                                     0043-0005             TYM-075     87/01/19
600003-001        ESELCH BOARD       2821              1   TYM-091     87/01/19
650001-001        POWER SUPPLY       998               3   TNS-71      87/01/05
                                     944                   TNS-71      87/01/05
                                     761                   TNS-71      87/01/05
470123-001        SIO MOTHER BD.     1681-0070         2   TYT-089     87/01/12
                                     0V0138-0061           TYT-089     87/01/12
470109-001        MAC II BD.         V1379-0026        1   TYT-089     87/01/12
470143-001        MULTIFUNCTION BD.  B003-8057         1   TYT-089     87/01/12
330035-001        RELAY              NA                1   95250-28EM  87/01/13
380015-001        PROM,MAPPING       NA                1   95250-28EM  87/01/13
380001-001        MICRO-CODE PROM    NA                1   95250-28EM  87/01/13
290010-100        DELAY LINE 100NS   NA                1   95250-28EM  87/01/13
640069-001        SIO CLOCK DEVICE   NA                1   95250-28EM  87/01/13
380004-001B       A-CABLE PROM       NA                1   95250-28EM  87/01/13
380019-001        PROM SET VER-E SI  NA                1   95250-28EM  87/01/13
320032-222        CAP.               NA                1   95250-28EM  87/01/13
320002-147        CAP.               NA                1   95250-28EM  87/01/13
470121-001O       POWER SUPPLY METE  22-10-79          4   A/RC        87/01/06
                                     0005                  A/RC        87/01/06
                                     2272-0028             A/RC        87/01/06
                                     306917                A/RC        87/01/06
640046-001        3 MODULE P/S       538               2   A/RC        87/01/19
                                     190                   A/RC        87/01/19
640047-001        POWER SUPPLY MINI  789               1   A/RC        87/01/20
330011-001        5 AMP CKT. BREAKE                    40  A/RC        87/01/20
350032-001        NEON LAMP                            30  A/RC        87/01/20
790067-001        PROM MUX MONITOR                     1   IRC         87/01/07
430109-001        MAC II BD.         B248              1   SWB570-38   87/01/21
470124-001        OCL DAUGHTER CARD  1898-0038         1   ALA-095     87/01/28
570011-001        MICRO-ENG. 1/2 ME  M534              1   SWB-090     87/01/29
570011-002        MICRO-ENG. 1/2 ME  M693              1   TNS-72      87/01/29
470147-001        SEMI-MEMORY BD.    0V0506-0040       1   TYM-093     87/02/05
470111-001        ASYNC BD.          277               4   TYM-094     87/02/05
                                     1083-1038             TYM-094     87/02/05
                                     35-12-79              TYM-094     87/02/05
                                     38-1-80               TYM-094     87/02/05
470122-001        SUPER CLOCK        024               1   TYM430-57   87/02/05
470128-001        SIO DAUGHTER CARD  1379-1280         3   TYM-096     87/02/05
                                     1698-0146             TYM-096     87/02/05
                                     1378-1348             TYM-096     87/02/05
470112-001        SYNC I/O BD.       0V0523-0072       2   TYM-096     87/02/05
                                     0V1103-0050           TYM-096     87/02/05
470100-001        DISC CONTROLLER 3  1010-0126         1   TYM-096     87/02/05
470136-003        ROM I/O BD. MACII  1507-2098         1   TYM-096     87/02/05
470143-001        MULTIFUNCTION BD.  V778-0060         1   TYM-096     87/02/05
470109-001        MAC II BD.         9021-0021         1   TYM-096     87/02/05
430100-001        DISC CONTROLLER 3  123               1   HO44        87/02/05
430143-001        MULTIFUNCTION BOA  2606-0011         1   TNS-73      87/02/06
470122-001        SUPER-CLOCK BOARD  FS0295-0106       1   TNS-55      87/02/06
470136-003        ROM I/O (MAC III)  1075-1040         1   IRC         87/02/06
                  ATC PROMS                            25  IRC         87/02/06
570011-001        MICRO-ENGINE       0578              1   SWB-097     87/02/09
470123-001        SIO MOTHER BOARD   1511-1568         3   TYM-098     87/02/13
                                     B0046904              TYM-098     87/02/13
                                     1366-1565             TYM-098     87/02/13
470112-001        SYNC I/O BOARD     247-7-79          2   TYM-098     87/02/13
                                     B0038483              TYM-098     87/02/13
470109-001        MAC II BOARD       7008-0050         1   TYM-098     87/02/13
470136-003        ROM I/O (MAC III)  1455-1427         1   TYM-430-57  87/02/13
470136-003        ROM I/O (MAC III)  1240-10           1   TYM430-57   87/02/17
470123-001        SIO MOTHERBOARD    1945-0070         1   TYM-070     87/02/17
                  ATC PROMS                            36  PROMS       87/02/17
470123-001        SIO MOTHER-BOARD   0007-2554         1   TYM-082     87/02/19
470123-001        SIO MOTHER-BOARD   0071-0039         1   TYM-0102    87/02/19
470136-001        ROM I/O BOARD      V408-0020         1   TYM-0102    87/02/19
470137-002        CPU BOARD (MAC II  24180             1   TYM-0102    87/02/19
470143-001        MULTIFUNCTION BOA  V413-0081         1   TYM-0102    87/02/19
470147-001        SEMI-MEMORY BOARD  1111-0007         1   TYM-0102    87/02/19
470214-001        PSM BOARD          1060-016          1   TYM-0102    87/02/19
570013-001        ATC UNIT           0360              1   ALA-0100    87/02/19
470210-001        ATC BOARD          V8113-0058        1   TNS-76      87/02/19
470136-001        ROM I/O BOARD      0504-0071         1   TYM-0102    87/02/19
390010-001        POWER SUPPLIES     240223            2   TYM-0101    87/02/23
                                     239505                TYM-0101    87/02/23
650041-001        POWER SUPPLY       789               1   SWB,TEMP-   87/02/26
650013-001        BATTERY BACK-UP U  0302              2   SWB-0103    87/02/26
                                     0280                  SWB-0103    87/02/26
470109-001        MAC II BD          B220              4   LOAN        87/02/27
                                     V824-0066             LOAN        87/02/27
                                     0054-0V0240           LOAN        87/02/27
                                     0227-0038             LOAN        87/02/27
470112-001        SYNC I/O BD.       B003-8483         1   LOAN        87/02/27
                  ATC PROMS                            24  ATC-PROMS   87/02/27
                  MAC II GEN-RAD TE                                    87/02/27
                  AFIT 3000A SOFTWA                    1   ATE-EQUIP   87/02/27
470137-001        CPU BD.            0013-0V0640       1   SWB-0104    87/02/27
470109-001        MAC II BD.         V7011-20028       1   SWB-0105    87/02/27
640046-001        POWER SUPPLY       538               2   TYM-092     87/03/03
                                     190                   TYM-092     87/03/03
470112-001        SYNC I/O BD        1188-1037         1   MAN-78      87/03/03
470143-001        MULTIFUNCTION BD   1200-1611         1   MAN-78      87/03/03
600017-001        AMPEX 128K MEMORY  1990              1   MAN-78      87/03/03
470123-001        SIO MOTHER BD.     2627-0045         1   SWB-0110    87/03/03
570011-001        TYMNET MICRO-ENGI  M412              1   SWB-0109    87/03/06
470147-001        SEMI-MEMRY BD.     1143-0066         1   SWB-0107    87/03/06
470147-001        SEMI-MEMORY BD.    8009-0026         1   SWB-0106    87/03/06
GENRAD-2225       MODEL 0100-9003    531               1   ATE RET     87/03/11
570013-002        ATC 220V UNIT      0111              4   TNS-77      87/03/12
                                     0489                  TNS-77      87/03/12
                                     0170                  TNS-77      87/03/12
                                     0227                  TNS-77      87/03/12
470161-001        ASYNC II BD.       0006-3836         2   TNS-77      87/03/12
                                     2649-0040             TNS-77      87/03/12
570011-002        1/2 MEG MICRO-ENG  0612              1   TNS-77      87/03/12
470212-001        PSM CARD           0092-0007047      1   TNS-77      87/03/12
160157-003        PSM CABLE          N/A               1   TNS-77      87/03/12
470109-001        MAC II BD.         0206-0001         2   TYM-0108    87/03/12
                                     0227-0166             TYM-0108    87/03/12
470147-001        SEMI-MEMORY BD.    0058028           1   TYM-0108    87/03/12
470112-001        SYNC I/O BD.       247-7-79          1   TYM-0108    87/03/12
390010-001        POWER SUPPLY MODU  240223            2   TYM-0101    87/03/13
                                     239505                TYM-0101    87/03/13
390010-001        POWER SUPPLY MODU  240906            1   TYM-0111    87/03/13
ATC PROMS         TO BE BLASTED                        24  PROMS       87/03/13
470112-001        SYNC I/O BD.       267               4   TYT-0115    87/03/16
                                     0V0523-0093           TYT-0115    87/03/16
                                     1368-1631             TYT-0115    87/03/16
                                     2087-0049             TYT-0115    87/03/16
470109-001        MAC II BD          0505-0016         1   TYT-0115    87/03/16
470147-001        SEMI-MEMORY BD     V1384-0007        1   TYT-0115    87/03/16
470143-001        MULTIFUNCTION BD   1423-1193         3   TYT-0115    87/03/16
                                     1322-1847             TYT-0115    87/03/16
                                     0258-0057             TYT-0115    87/03/16
470136-001        ROM I/O BD         0V0112-0023       1   TYT-0115    87/03/16
470216-001        PSM POWER SUPPLY   0V01527-0057      1   SWB-0119    87/03/17
470143-001        MULTIFUNCTION BD.  B0045-607         6   TYM-0113    87/03/17
                                     2090-0049             TYM-0113    87/03/17
                                     V778-0060             TYM-0113    87/03/17
                                     1092                  TYM-0113    87/03/17
                                     1242-1819             TYM-0113    87/03/17
                                     V413-0081             TYM-0113    87/03/17
470147-001        SEMI-MEMORY BD.    9036-0031         2   TYM-0113    87/03/17
                                     1111-0007             TYM-0113    87/03/17
470136-001        ROM I/O BD         97                2   TYM-0113    87/03/17
                                     1268-1599             TYM-0113    87/03/17
470109-001        MAC II BD.         V823-0030         1   TYM-0113    87/03/17
470137-002        CPU BD. (MAC III)  1182-1003         1   TYM-0113    87/03/17
470123-001        SIO MOTHERBOARD    0V2631-0017       1   TYM-0113    87/03/17
470128-001        SIO DAUGTHER CARD  1379-1280         1   TYM-0113    87/03/17
470123-001        SIO MOTHER BOARD   0007-2554         4   TYM-0118    87/03/17
                                     0071-0039             TYM-0118    87/03/17
                                     1511-1567             TYM-0118    87/03/17
                                     1366-1570             TYM-0118    87/03/17
470161-001        ASYNC II BD.       1619-1007         1   TYM-0118    87/03/17
470143-001        MULTIFUNCTION BD   B004-5567         1   TYM-0118    87/03/17
470112-001        SYNC BD            0402-0010         2   TYM-0118    87/03/17
                                     V766-0096             TYM-0118    87/03/17
470111-001        ASYNC BD.          1083-1082         2   TYM-0118    87/03/17
                                     1195-16               TYM-0118    87/03/17
570013-001        ATC UNIT           0148              1   TYM-0117    87/03/17
TO REPLACE BROKE  ONE FROM ATL. REP                    CEN BREAKER     87/03/17
650013-001        BATTERY BACK-UP U  0188              1   MCD-0116    87/03/19
390010-001        POWER SUPPLY MODU  240906            1   TYM-0111    87/03/20
470143-001        MULTIFUNCTION BD.  0054              1   MDC-82      87/03/23
470109-001        MAC II BD.         V2521-0029        1   MDC-82      87/03/23
470212-001        PSM BOARD          1181-0028         1   SWB-0121    87/03/24
470147-005        SEMI-MEM. W/O BAT  9005-0034         1   SWB-0121    87/03/24
470137-001        CPU BD.            1679-0015         1   TYM-0113    87/03/25
470137-002        CPU BD. (MAC III)  2520-0034         1   TYM-0112    87/03/26
650001-001        POWER SUPPLY       0944              4   TNS-81      87/03/26
                                     1144                  TNS-81      87/03/26
                                     1141                  TNS-81      87/03/26
                                     1099                  TNS-81      87/03/26
470136-001        ROM I/O BD.        0644-0074         1   TYM-0118    87/03/30
470122-001        SUPERCLOCK         1550-5            1   H015CW      87/04/03
470122-001        SUPERCLOCK         1550-25           1   H038CW      87/04/03
640022-001        CONNECTOR PANEL    11080             1   TYM-0120    87/04/03
470128-002        SIO DAUGHTER       1382-1453         1   TYM-0120    87/04/03
470128-001        SIO DAUGHTER       1310-1098         2   TYM-0120    87/04/03
470124-001        SIO DAUGHTER       1460-2111         1   TYM-0120    87/04/03
470136-002        CPU (MAC III)      1193-1140         1   TYM-0120    87/04/03
470123-001        SIO MOTHER BOARD   0244-0094         2   TYM-0120    87/04/03
600008-001        TAPE CONTROLLER    0438              1   TYM-0118    87/04/03
470161-001        ASYNC II BOARD     2650-0003         1   CW-83       87/04/10
650001-001        POWER SUPPLY       0944              4   TNS-81      87/04/10
470214-001        PSM OCL CARDS      1187-0041         2   TNS-81      87/04/10
470208-001        PSM CONTROL CARDS  1500-0073         4   TNS-81      87/04/10
470212-001        V.24 UNSW. BD.     2001-0048         2   TNS-81      87/04/10
470212-003        V.24 SWITCHED BOA  1056-0002         2   TNS-81      87/04/10
470212-002        V.35 UNSW. BOARD   1181-0027         2   TNS-81      87/04/10
470109-001        MAC II BOARD       0033-0024         1   GMC-80      87/04/10
470143-001        MULITFUNCTION BOA  0258-0026         1   GMC-80      87/04/10
470123-001        SIO MOTHER BOARD   8006-0011         1   SWB-0122    87/04/14
570011-001        MICRO-ENGINE       0534              1   SWB-0122    87/04/14
570013-001        ATC UNIT           0535              1   SWB-0122    87/04/14
470147-001        SEMI-MEMORY BOARD  0119-0032         2   TYM-0125    87/04/14
470128-001        RS232 V.24 SIO CA  0533-0057         2   TYM-0125    87/04/14
470124-001        OCL SIO CARD       49-180            2   TYM-0125    87/04/14
470123-001        SIO MOTHER BOARD   1945-0070         1   TYM-0125    87/04/14
470136-001        ROM I/O BD         97                1   TYM-0125    87/04/14
470109-001        MAC II BOARD       1949-0061         1   TYM-0125    87/04/14
470100-001        160/300 MEG DISK   160               1   TYM-0125    87/04/14
470111-001        ASYNC BOARD        1314-1106         1   TYM-0125    87/04/14
470128-002        V.35 SIO CARD      0265-0071         1   TYM-0125    87/04/14
650013-001        BATTERY BACK-UP U  0155              3   MCD-0116    87/04/15
650013-001        BATTERY BACK-UP U  0209              2   SWB-0123    87/04/15
640023-001        FRONT CONSOLE      86                2   TYM-0124    87/04/17
570011-002        MICRO-ENGINE 220V  M666              1   CW-79       87/04/20
570011-007        MICRO-ENGINE HDLC  M903              1   TYM-0114    87/04/20
570011-007        MICRO-ENGINE HDLC  M742              1   TYM-0114    87/04/21
470147-005        SEMI-MEMORY BD. W  9005-0034         1   SWB-0126    87/04/21
570011-001        MICRO-ENGINE       M205              1   SWB-0128    87/04/22
ATC PROMS                                              5 S ATC PROMS   87/04/22
640046-001        POWER SUPPLY       1149              1   TYM-0132    87/04/27
470109-001        MAC II             1684-1082         2   TYM-0129    87/04/27
470124-001        SIO DAUGHTER CARD  0270-018          1   TYM-0129    87/04/27
470128-001        SIO DAUGHTER CARD  1310-1017         1   TYM-0129    87/04/27
470123-001        SIO MOTHER BOARD   1583P             1   TYM-0129    87/04/27
390006-001        5V PWR. SUPPLY MO  154776            1   TEMP-02     87/04/27
570013-001        ATC                0535              1   SWB-0134    87/04/29
570011-001        MICRO-ENGINE       0534S             1   SWB-0134    87/04/29
600003-001        ESELCH BD.         2585              1   SWB-0127    87/04/29
640047-001        POWER SUPPLY       622               1   SDS-8  87/04/29
650013-001        BATTERY BACK-UP M  1079              4   TYM-0133    87/04/29
390020-001        BATTERY 12V                          3               87/05/06
570011-005        MICRO-ENGINE       M472              1   MDC-0139    87/05/12
470137-002        CPU BD (MAC III)   2520-0034         1   TYM-0136    87/05/13
470123-001        SIO MOTHERBOARD    1584-1236         1   TYM-0136    87/05/13
570011-001        MICRO-ENGINE       M324              2   SWB-0137    87/05/13
470111-001        ASYNC BD.          93380             1   SWB-0135    87/05/13
390006-001        P/S MODULE         154776            1   TEMP-2      87/05/19
640046-001        POWER SUPPLY       1142              1   TYM-0132    87/05/19
470143-001        MULTIFUNCTION BD.  1092-1074         3   TYM-0141    87/05/19
                                     V778-0060         2   TYM-0141    87/05/19
470112-001        SYNC               1397-1715         1   TYM-0141    87/05/19
470137-002        CPU(MAC III)       24.1.80           1   TYM-0141    87/05/19
470136-002        ROM I/O (MAC III)  1182-1042         1   TYM-0141    87/05/19
470123-001        SIO MOTHERBOARD    0140-0058         3   DEC-0142    87/05/19
470109-001        MAC II BD.         1379-0109         2   DEC-0142    87/05/19
470214-001        PSM CARD           7006-0049         1   DEC-0142    87/05/19
470112-001        SYNC BD.           0219-0086         2   DEC-0142    87/05/19
470147-002        SEMI-MEMORY BD.    V776-9011         1   DEC-0142    87/05/19
470124-001        SIO DAUGHTER CARD  1460-2019         1   DEC-0142    87/05/19
470109-001        MAC II BOARD       1794-0065         1   TYM-0140    87/05/20
470136-003        ROM I/O (MAC III)  1791-0167         1   TYM-0140    87/05/20
470147-005        SEMI MEMORY BD NO  2603-0017         1   SWB-0130    87/05/20
470137-001        CPU BD.            7007-0033         1   SWB-0130    87/05/20
640047-001        POWER SUPPLY       622               1   SDS-84      87/05/22
470136-003        ROM I/O (MAC III)  0006-5366         1   TYM-0138    87/05/27
570011-007        MICRO-ENG (HDLC)   M1465             1   TYM-0114    87/05/27
470123-001        SIO MOTHERBOARD    0140-0075         1   TNS-73      87/05/27
600008-001        TAPE CONTROLLER    1646              1   TNS-85      87/05/27
470228-001        LAN INTERFACE W/N  1192-0085         2   HO33-SWE    87/05/27
470228-001        LAN INTERFACE      1192-0034         6   TNS-81      87/05/27
470228-001        LAN INTERF.        1192-0060         2   TNS-81      87/05/27
470147-002        SEMI MEMORY BD. 1  2600-0049         1   SWB-0146    87/05/27
470128-001        SIO DAUGHTER CARD  1310-1047         4   TYM-0144    87/05/28
470109-001        MAC II BD.         1379-0192         1   TYM-0144    87/05/28
470143-001        MULTIFUNCTION BD   1242-1819         1   TYM-0144    87/05/28
470137-001        CPU BD.            1005-1011         1   TYM-0144    87/05/28
470136-001        ROM I/O BD         4.1.80            2   TYM-0144    87/05/28
470123-001        SIO MOTHER BD.     9014-26           1   TYM-0144    87/05/28
470212-001        PSM BD             1070-0049         1   TYM-0144    87/05/28
470147-001        SEMI-MEMORY BD     L005-045          1   TYM-0144    87/05/28
470147-002        MEMORY BD. 1/2 ME  9035-0016         1   SWB-0145    87/06/01
                  DOCUMENTATION                        1               87/06/02
570011-007        MICRO-ENG. (HDLC)  M1626             1   TYM-0131    87/06/05
                  ATC PROMS                            54  PROMS       87/06/08
640047-001        POWER SUPPLY       0177              1   TYM-0147    87/06/09
650001-001        POWER SUPPLY       1092              1   TYM-0148    87/06/09
600009-001        10 MEG CONTROLLER  28393             1   TNS-65      87/06/16
600009-001        10MEG. CONTROLLER  12493             1   CW-38       87/06/16
470137-001        CPU BD.            7007-0033         1   SWB-0150    87/06/17
470143-001        MULTIFUNCTION BD.  1200-1644         3   TYM-0149    87/06/17
470147-001        SEMI-MEMORY BD.    8022-0066         2   TYM-0149    87/06/17
470137-001        CPU BD.            45                1   TYM-0149    87/06/17
470136-001        ROM I/O BD.        5-1-80            2   TYM-0149    87/06/17
470112-001        SYNC BD.           V405-0029         2   TYM-0149    87/06/17
650001-001        PWR. SUPPLY        1092              1   TYM-0148    87/06/17
570011-001        MICRO-ENGINE       0073              1   SWB-0151    87/06/24
570011-001        MICRO-ENGINE 1/2   2473              1   MDC-88      87/06/24
570011-005        MICRO-ENG. FULL M  1423              1   MDC-88      87/06/24
640047-001        POWER SUPPLY       0177              1   TYM-0147    87/07/16
650013-001        BATTERY BACK UP    0302              2   TYM-0152    87/07/16
470128-001        SIO DAUGHTER CARD  1310-1016         3   TYM-0153    87/07/16
470128-002        SIO DAUGHTER CARD  1382-1437         2   TYM-0153    87/07/16
470124-001        SIO DAUGHTER CARD  1723-0025         1   TYM-0153    87/07/16
470147-001        MEMORY BOARD       0119-0033         1   TYM-0153    87/07/16
470111-001        ASYNC BOARD        1046-1009         2   TYM-0153    87/07/16
470143-001        MULTIFUNCTION BOA  1011-1045         1   TYM-0153    87/07/16
470123-001        SIO MOTHER         1584-1236         1   TYM-0153    87/07/16
470112-001        SYNC I/O           1058-0025         3   TYM-0154    87/07/16
470111-001        ASYNC BOARD        0402-0039         2   TYM-0154    87/07/16
470161-001        ASYNC II           0009              2   TYM-0154    87/07/16
470212-001        PSM 4 CH. SYNC     64421             3   TYM-0155    87/07/16
470212-001        PSM 4 CH. SYNC     070250011         1   TYM-0155    87/07/16
470136-003        ROM I/O (MAC III)  1147R-0047        1   TYM-0156    87/07/16
470137-002        CPU (MAC III)      1790-0047         1   TYM-0156    87/07/16
470137-001        CPU BD.            2-1-80            1   TYM-0154    87/07/16
470269-001        MAC III BD.        0025              1   TYM-0157    87/07/16
600008-001        TAPE CONTROLLER B  0695              2   TNS-85      87/07/20
                                     4430                  TNS-85      87/07/20
570011-001        MICRO-ENGINE       M324              1   PO218814    87/07/23
470123-001        SIO MOTHER BOARD   0139-0058         1   TYM-0154    87/07/23
470212-001        PSM BD.            070250033         1   TYM-0154    87/07/23
470212-003        PSM BD.            1056-0050         1   TYM-0154    87/07/23
470214-001        PSM BD.            070060025         1   TYM-0154    87/07/23
470214-002        PSM BD.            7054-0001         1   TYM-0154    87/07/23
470212-001        PSM BD.            0003-0V01510      1   TYM-0155    87/07/23
470212-002        PSM BD.            10460019          1   TYM-0155    87/07/23
570011-002        MICRO 220V 1/2 ME  658               2   TNS-86      87/07/27
                                     1066                  TNS-86      87/07/27
570011-006        MICRO 220V FULL-M  1107              2   TNS-86      87/07/27
                                     442                   TNS-86      87/07/27
470123-001        SIO MOTHER BOARD   0245-0514         4   TNS-86      87/07/27
                                     2631-0018             TNS-86      87/07/27
                                     0140-0065             TNS-86      87/07/27
                                     0245-0508             TNS-86      87/07/27
470208-001        PSM CONTROLLER BD  1139-0002         2   TNS-86      87/07/27
                                     1139-0008             TNS-86      87/07/27
650013-002        BATTERY BACK UP 2  0640              1   TNS-86      87/07/27
470112-001        SYNC BD            B0035731          1   TNS-86      87/07/27
470143-001        MULTIFUNCTION      144-146           1   TNS-86      87/07/27
470161-001        ASYNC II BD        0023              1   TNS-86      87/07/27
570011-001        MICRO-ENG          0570              1   MDC-96      87/07/27
470212-002        4 CH SYNC RS232 P  1055-0001         5   TNS-89      87/07/31
                                     1046-0032             TNS-89      87/07/31
                                     1046-0006             TNS-89      87/07/31
                                     01181-0091            TNS-89      87/07/31
                                     65677                 TNS-89      87/07/31
470208-001        PSM CONTROL BD     1139-0003         1   TNS-89      87/07/31
470214-002        8 CH OCL PSM       B0046350          4   TNS-89      87/07/31
                                     0041                  TNS-89      87/07/31
                                     B0044781              TNS-89      87/07/31
                                     1186-0022             TNS-89      87/07/31
650001-001        PWR SUPPLY         0331              2   TNS-89      87/07/31
                                     08130                 TNS-89      87/07/31
470216-001        PWR SUPPLY PSM     1157-0040         4   TNS-89      87/07/31
                                     B004-7314             TNS-89      87/07/31
                                     73541                 TNS-89      87/07/31
                                     0015-0013             TNS-89      87/07/31
470212-004        4 CH SYNC V.35 PS  7028-0013         2   TNS-89      87/07/31
                                     65745                 TNS-89      87/07/31
470212-001        4 CH SYNC PSM      1180-0034         3   TNS-89      87/07/31
                                     7025-0024             TNS-89      87/07/31
                                     64399                 TNS-89      87/07/31
470212-003        4 CH SYNC SW PSM   1525-0018         3   TNS-89      87/07/31
                                     1182-0095             TNS-89      87/07/31
470206-001        BATTERY BACK-UP B  1571-0057         3   TNS-89      87/07/31
                                     47814                 TNS-89      87/07/31
                                     6216-0001             TNS-89      87/07/31
640023-001        FRONT CONSOLE      0107-0073         1   TNS-89      87/07/31
470212-001        4 CH SYNC PSM      1070-0017         1   TNS-89      87/07/31
570011-002        MICRO-ENGINE       666               1   CW-87       87/07/31
470109-001        MAC II BD.         0227-0126         1   ALA-95      87/07/31
470136-001        ROM I/O BD         1791-0190         1   ALA-95      87/07/31
470123-001        SIO MOTHER-BOARD   1366-1570         4   TYM-0158    87/07/31
                                     1583                  TYM-0158    87/07/31
                                     72554                 TYM-0158    87/07/31
                                     39754                 TYM-0158    87/07/31
470109-001        MAC II BD          2139-0006         1   TYM-0158    87/07/31
470124-001        SIO OC BD.         1460-2029         1   TYM-0158    87/07/31
470128-001        SIO SYNC RS232     1310-1096         1   TYM-0158    87/07/31
470143-001        MULTIFUNCTION BD   7011-0041         1   TYM-0158    87/07/31
470111-001        ASYNC BD           1619-1014         1   TYM-0158    87/07/31
470136-003        ROM I/O (MAC III)  9004-00029        1   TYM-0158    87/07/31
600008-001        TAPE CONTROLLER B  1302148           1   TYM-0158    87/07/31
570011-001        MICRO-ENGINE       0160              1   SWB-0160    87/07/31
470193-001        4 CH PSM           502006-0042       1   SWB-0160    87/07/31
470214-001        8 CH PSM           7032-0030         1   SWB-0160    87/07/31
470109-001        MAC II BD          1949-0061         2   TYM-0161    87/07/31
                                     9021-0019             TYM-0161    87/07/31
470147-001        SEMI-MEMORY BD     ZPL011-014        1   TYM-0161    87/07/31
570013-001        ATC UNIT           0369              1   ALA-98      87/07/31
470112-001        SYNC I/O BD.       1189-1004         3   TYM-0166    87/08/07
                                     2087-0092             TYM-0166    87/08/07
                                     1187-1243             TYM-0166    87/08/07
470147-001        MEMORY BD          0007-5996         2   TYM-0166    87/08/07
                                     0408-0055             TYM-0166    87/08/07
470123-001        SIO MOTHERBOARD    B0036284          1   TYM-0166    87/08/07
470143-001        MULTIFUNCTION BD.  B0045607          2   TYM-0166    87/08/07
                                     1276-1834             TYM-0166    87/08/07
470136-001        ROM I/O BD.        4-1-80            2   TYM-0166    87/08/07
                                     1507-2042             TYM-0166    87/08/07
470136-003        ROM I/O (MAC III)  B0035659          1   TYM-0161    87/08/07
470137-001        CPU BD.            1267-1884         1   TYM-0161    87/08/07
470111-001        ASYNC BD.          14-12-79          6   TYM-0163    87/08/07
                                     4-12-79               TYM-0163    87/08/07
                                     1313-1783             TYM-0163    87/08/07
                                     23-12-79              TYM-0163    87/08/07
                                     1521-1184             TYM-0163    87/08/07
                                     1053-1547             TYM-0163    87/08/07
600008-001        TAPE CONTROLLER    0640              1   TYM-0163    87/08/07
470112-001        SYNC BD.           1368-1648         1   TYM-0163    87/08/07
470147-001        MEMORY BD.         1910-0133         1   TYM-0163    87/08/07
470143-001        MULTIFUNCTION BD.  1385-0132         1   TYM-0163    87/08/07
470118-001        PRINTER INTERFACE  1211-0180         1   TYM-0163    87/08/07
470111-001        ASYNC BD.          1263-1621         2   TYM-0163    87/08/07
                                     11-1-80               TYM-0163    87/08/07
470123-001        SIO MOTHERBOARD    1511-1527         3   TYM-0163    87/08/07
                                     1167-1305             TYM-0163    87/08/07
                                     0071-0022             TYM-0163    87/08/07
570011-007        MICRO-ENG. (HDLC)  0504              1   TYM-0157    87/08/13
470111-001        ASYNC BD.          309R1             2   TYM-0163    87/08/13
                                     58-3-80               TYM-0163    87/08/13
470128-001        SIO DAUGHTER CARD  1310-1098         3   TYM-0162    87/08/13
                                     1310-1022             TYM-0162    87/08/13
                                     1310-1016             TYM-0162    87/08/13
470128-002        SIO DAUGHTER CARD  1382-1437         2   TYM-0162    87/08/13
                                     1385-2191             TYM-0162    87/08/13
470123-001        SIO MOTHERBOARD    1584-1236         1   TYM-0162    87/08/13
470128-002        SIO DAUGHTER CARD  1385-2137         2   TYM-0165    87/08/13
                                     1382-1474             TYM-0165    87/08/13
470111-001        ASYNC BOARD        40-12-79          2   TYM-0165    87/08/13
                                     2144-1888             TYM-0165    87/08/13
470112-001        SYNC BOARD         237-7-79          2   TYM-0165    87/08/13
                                     00065853              TYM-0165    87/08/13
470137-002        CPU BOARD (MAC II  1319-1006         1   TYM-0165    87/08/13
470128-001        SIO DAUGHTER CARD  1880              1   TYM-0165    87/08/13
470143-001        MULTIFUNCTION BOA  B0038029          1   TYM-0165    87/08/13
470124-001        SIO DAUGHTER CARD  0270-011          1   TYM-0165    87/08/13
470123-001        SIO MOTHERBOARD    0071-0018         2   TYM-0164    87/08/13
                                     0139-0058             TYM-0164    87/08/13
470109-001        MAC II BOARD       1138-40           1   TYM-0164    87/08/13
470136-001        ROM I/O BOARD      1403-1702         1   TYM-0164    87/08/13
470161-001        ASYNC II BOARD     1395-0053         1   TYM-0164    87/08/13
470123-001        SIO MOTHERBOARD    00047128          1   SWB-0159    87/08/13
470147-001        SEMI-MEMORY BOARD  2601-0008         1   SWB-0167    87/08/13
470212-001        PSM CARD           J0041393          1   MB-100      87/08/13
570011-001        MICRO-ENGINE       0536S             1   SWB-0160    87/08/17
470192-001        PSM CARD           503010-0001       1   SWB-0168    87/08/20
470137-001        CPU BOARD          0022              2   SWB-0168    87/08/20
                                     1182-1017             SWB-0168    87/08/20
470112-001        SYNC BOARD         9024-0006         1   SWB-0169    87/08/20
600017-001        CORE MEMORY BOARD  1089              3   ITT-101     87/08/24
                                     1562                  ITT-101     87/08/24
                                     1582                  ITT-101     87/08/24
600017-001        CORE MEMORY (AMPE  1501              3   ITT-101     87/08/24
                                     403                   ITT-101     87/08/24
                                     652                   ITT-101     87/08/24
470161-001        ASYNC II BD.       B0044392          2   ITT-101     87/08/24
                                     B0044388              ITT-101     87/08/24
470109-001        MAC II BD.         J0045742          1   ITT-101     87/08/24
470137-002        CPU BD. (MAC III)  J0045231          1   ITT-101     87/08/24
470136-003        ROM I/O BD. (MAC   J0046925          1   ITT-101     87/08/24
470140-003        TERM. BD.          0818-1987         1   ITT-101     87/08/24
640023-001        FRONT CONSOLE      OV04040004        1   ITT-101     87/08/24
640026-001        HALF MULTIFUNCTIO  J0043407          1   ITT-101     87/08/24
470112-001        SYNC I/O BD.       J0042980          1   ITT-101     87/08/24
650041-001        PWR. SUPPLY SYSTE  30453             1   ITT-101     87/08/24
570011-001        MICRO-ENGINE       M329              2   SWB-0173    87/08/24
                                     M412                  SWB-0173    87/08/24
470147-001        MEMORY BOARD SEMI  ZPL002-038        5   TYM-0172    87/08/31
                                     2093-0022             TYM-0172    87/08/31
                                     103-1384              TYM-0172    87/08/31
                                     58028                 TYM-0172    87/08/31
                                     V776-0085             TYM-0172    87/08/31
470161-001        ASYNC II BD.       1619-1002         1   TYM-0172    87/08/31
470112-001        SYNC BOARD         B0040148          3   TYM-0172    87/08/31
                                     1283-1504             TYM-0172    87/08/31
                                     1283-1589             TYM-0172    87/08/31
470147-002        MEMORY BD. SEMI H  2601-0007         1   SWB-0174    87/08/31
470208-001        PSM CONTROLL CARD  1154-0033         3   TYM-0164    87/08/31
                                     7017-0067             TYM-0164    87/08/31
                                     0627-0027             TYM-0164    87/08/31
470137-001        CPU BD.            1086-1127         3   TYM-0163    87/08/31
                                     7-12-79               TYM-0163    87/08/31
                                     11-12-79              TYM-0163    87/08/31
470123-001        SIO MOTHERBOARD    80041697          2   SWB-0176    87/09/02
                                     0528-0078             SWB-0176    87/09/02
470143-001        MULTIFUNCTION BOA  0310-0043         1   SWB-0176    87/09/02
470147-001        MEMORY SEMI FULL   ZPL007-033        1   SWB-0176    87/09/02
470204-001         PCB 4CH SYNC SW   1167-0200         1   TYM-0164    87/09/11
470269-001         PCB MAC III       J0035169          1   TYM-0165    87/09/11
470212-001         PCB 4CH UNSW SYN  000769524         1   SWB-0175    87/09/11
470137-002         PCB CPU MAC III   B0045611          2   TYM-0177    87/09/11
                                     1086-1136             TYM-0177    87/09/11
470123-001         PCB SIO MOTHER    1583P             2   TYM-0177    87/09/11
                                     00072554              TYM-0177    87/09/11
470112-001         PCB SYNC ENH      1068-1035         2   TYM-0177    87/09/11
                                     NONE                  TYM-0177    87/09/11
470111-001         PCB ASYNC ENH     1394-1206         1   TYM-0177    87/09/11
470136-004         PCB ROM I/O MAC   1507-2090         1   TYM-0177    87/09/11
470143-001         PCB MULTIFUNCTIO  V7010-0018        1   TYM-0177    87/09/11
470136-003         PCB ROM I/O MAC   1507-2078         1   TYM-0177    87/09/11
470137-001         PCB PROCESSOR/CP  1790-0096         1   TYM-0177    87/09/11
470124-001         PCB SIO OCL DAUG  1742-0026         1   TYM-0177    87/09/11
650014-001         ASSY 50P BREAKOU  0V03008-0074      1   SWB-0171    87/09/28
470137-001         PCB PROCESSOR/CP  1182-1019         1   ITT-0181    87/09/28
570013-001         8CH ASYNC TERM C  0142              2   SWB-0179    87/09/28
                                     5053                  SWB-0179    87/09/28
600003-001         PCB ESELCH BOARD  2585              1   SWB-0170    87/09/29
600003-001         PCB ESELCH BOARD  2865              1   ALA-0178    87/09/30
470112-001         PCB SYNC ENH      1188-1037         1   MAN-104     87/09/30
470143-001         PCB MULTIFUNCTIO  1200-1611         1   MAN-104     87/09/30
600017-001         PCB 128K MEMORY   1990              1   MAN-104     87/09/30
470109-001         PCB MAC-2         020628-614748     2   TNS-99      87/10/01
                                     1138-0064             TNS-99      87/10/01
470147-001         PCB SEMI MEM FUL  0208-0003         1   TNS-99      87/10/01
470212-001         PCB 4CH UNSW SYN  1179-0068         1   TNS-99      87/10/01
390013-001         5V P/S (MICRO EN  105188            1   TNS-97      87/10/01
650041-001         PWR SUP NEW STYL  792               1   TNS-86      87/10/01
470228-001         PCB ETHERNET INT  1192-0013         1   TNS-102     87/10/08
470212-001         PCB 4CH UNSW SYN  78434             3   TNS-103     87/10/08
                                     00077539              TNS-103     87/10/08
                                     00078046              TNS-103     87/10/08
470212-002         PCB 4CH SYNC RS2  00065719          2   TNS-103     87/10/08
                                     00077644              TNS-103     87/10/08
470230-001         PCB XP1 MOTHER B  J0020338          1   TNS-103     87/10/08
470143-001         PCB MULTIFUNCTIO  B0047080          1   TNS-103     87/10/08
640023-001         FRONT CONSOLE AS  0V10032-0081      1   TNS-103     87/10/08
470109-001         PCB MAC-2         00064102          3   TNS-107     87/10/08
                                     0V0407-0064           TNS-107     87/10/08
                                     0521-0052             TNS-107     87/10/08
470212-004         PCB 4CH SYNC RS2  B004-3551         2   TNS-107     87/10/08
                                     B004-3526             TNS-107     87/10/08
470212-002         PCB 4CH SYNC RS2  1072-0021         1   TNS-107     87/10/08
470212-003         PCB 4CH SYNC RS2  1183-0016         1   TNS-107     87/10/08
470172-001         PCB CPU           0007-7356         1   TNS-107     87/10/08
470123-001         PCB SIO MOTHER    0007-4554         1   TNS-107     87/10/08
470136-003         PCB ROM I/O MOD   00055917          1   TNS-107     87/10/08
570011-006         MICRO ENG 1 MEG   M2198             2   TNS-105     87/10/08
                                     M687                  TNS-105     87/10/08
570011-002         MICRO ENG 1/2 ME  0612              1   TNS-105     87/10/08
570011-008         TOP ASSY MICRO E  2003              1   TNS-105     87/10/08
390013-001         5V P/S (MICRO EN  108460            1   TNS-105     87/10/08
650013-002         BATTERY B/U 220V  2287              1   TNS-105     87/10/08
570013-001         8CH ASYNC TERM C  0142              1   SWB-0183    87/10/20
470109-001         PCB MAC-2         2139-093          2   SWB-0182    87/10/20
                                     V1379-0092            SWB-0182    87/10/20
470212-002         PCB 4CH SYNC RS2  1181-0027         1   SWB-0182    87/10/20
470147-001         PCB SEMI MEM FUL  9035-0013         1   SWB-0182    87/10/20
470147-001         PCB SEMI MEM FUL  ZPL0016-024       1   TYM-078     87/10/20
470124-001         PCB SIO OCL DAUG  1460-2004         3   TYM-0180    87/10/20
                                     0270-028              TYM-0180    87/10/20
                                     0270-008              TYM-0180    87/10/20
470123-001         PCB SIO MOTHER    1366-1570         1   TYM-0180    87/10/20
470123-001         PCB SIO MOTHER    B0034479          1   TYM-0184    87/10/20
470111-001         PCB ASYNC ENH     1083-1012         1   TYM-0184    87/10/20
470109-001         PCB MAC-2         V823-0030         1   TYM-0184    87/10/20
570013-001         8CH ASYNC TERM C  5025              1   SWB-0182    87/10/22
470136-003         PCB ROM I/O MAC   B004-1159         1   SWB-0185    87/10/23
470140-003         CONN 0 TERM BD M  N/A               1   SWB-0185    87/10/23
470137-002         PCB CPU MAC III   0238-0050         1   SWB-0185    87/10/23
470269-001         PCB MAC III BOAR  0007-8344         1   SWB-0185    87/10/23
/                                                          SWB-0185    87/10/23
470228-001         PSM LAN CARD      B0042981          1   TNS-103     87/10/29
470230-001         XPI BOARD         00078099          1   TNS-103     87/10/29
470208-001         PSM CONTROL CARD  00078366          1   TNS-103     87/10/29
470147-001         PCB SEMI MEM FUL  00077603          1   TNS-107     87/10/29
470100-001         PCB 300 & 160 MB  00076452          1   TNS-107     87/10/29
470216-001         PWR SUP PORT SWI  0V01509-0068      1   TNS-89      87/10/29
470123-001         PCB SIO MOTHER    1511-1508         1   TYM-0184    87/10/29
470113-001         PCB CONNECTOR PA  1189-1230         2   TYM-0165    87/10/29
                                     2576-0003             TYM-0165    87/10/29
570011-001         MICRO ENG 1/2 ME  M242              1   SWB-0188    87/10/30
470137-001         PCB PROCESSOR/CP  80035293          1   SWB-0188    87/10/30
470212-002         PCB 4CH SYNC RS2  B004-0426         1   SWB-0187    87/11/03
470214-001         PCB 8CH UNSW OCL  OV7031-0038       1   SWB-0187    87/11/03
600010-001         PCB DISK CONTROL  04-266            2   TYM-0184    87/11/03
                                     OV011-007-002         TYM-0184    87/11/03
470269-001         PCB MAC III BOAR  J0037171          1   SWB-0184    87/11/03
470123-001         PCB SIO MOTHER    0139-0001         4   TYM-0189    87/11/04
                                     1376-1143             TYM-0189    87/11/04
                                     1584-1238             TYM-0189    87/11/04
                                     1741-0040             TYM-0189    87/11/04
470128-001         PCB SIO/SYNC RS2  1310-1012         2   TYM-0189    87/11/04
                                     0146-1000             TYM-0189    87/11/04
640023-001         FRONT CONSOLE AS  1004-1007         2   TYM-0189    87/11/04
                                     0319-0046             TYM-0189    87/11/04
470109-001         PCB MAC-2         1950-0003         1   TYM-0189    87/11/04
470147-001         PCB SEMI MEM FUL  V0408-0064        1   TYM-0189    87/11/04
470112-001         PCB SYNC ENH      1047-1033         1   TYM-0189    87/11/04
570011-002         MICRO ENG 1/2 ME  M620              1   TNS-108     87/11/05
570011-006         MICRO ENG 1 MEG   M854              1   TNS-108     87/11/05
470147-001         PCB SEMI MEM FUL  0120-0031         1   CW-106      87/11/10
470128-001         PCB SIO/SYNC RS2  0259-0069         1   CW-106      87/11/10
650041-001         PWR SUP NEW STYL  102801            1   MDC-109     87/11/10
470128-001         PCB SIO/SYNC RS2  OV1100            1   MDC-109     87/11/10
570011-002         MICRO ENG 1/2 ME  2279              3   TNS-110     87/11/10
                                     845                   TNS-110     87/11/10
                                     1413                  TNS-110     87/11/10
570011-006         MICRO ENG 1 MEG   2200              1   TNS-110     87/11/10
470147-001         PCB SEMI MEM FUL  0257-0035         2   TNS-110     87/11/10
                                     V776-0006             TNS-110     87/11/10
470109-001         PCB MAC-2         V2550-018         1   TNS-110     87/11/10
470123-001         PCB SIO MOTHER    OV0244-0097       1   TNS-110     87/11/10
ADM31              LEAR SIEGLER TER  33218             1               87/11/10
390010-001         PWR SUP MODULE 3  239939            1   SWB-0159    87/11/12
640023-001         FRONT CONSOLE AS  1070-1008         5   TYT-0186    87/11/23
                                     62                    TYT-0186    87/11/23
                                     1063-0004             TYT-0186    87/11/23
                                     0V0319-0052           TYT-0186    87/11/23
                                     0V0252-0025           TYT-0186    87/11/23
470137-002         PCB CPU MAC III   2137-172          2               87/11/23
                                     V377-0030                         87/11/23
470137-002         PCB CPU MAC III   97R               2               87/11/23
                                     1454-1867                         87/11/23
470136-003         PCB ROM I/O MAC   1320-1868         2               87/11/23
                                     1320-1833                         87/11/23
470147-001         PCB SEMI MEM FUL  0208-0060         1               87/11/23
570011-001         MICRO ENG 1/2 ME  0743-E10269       2   SWB-0194    87/12/08
                                     M242                  SWB-0194    87/12/08
470136-001         PCB ROM I/O SYNC  11-1-80           1   ETC-111     87/12/09
390014-001         PWR SUP VADIC VA  11931009          1   MIS-0197    87/12/11
470109-001         PCB MAC-2         V824-0007         1   TTE-0143    87/12/18
470143-001         PCB MULTIFUNCTIO  1242-1862         1   TTE-0143    87/12/18
470137-002         PCB CPU MAC III   V377-0030         6   TYM-0196    87/12/18
                                     OV0305-0035           TYM-0196    87/12/18
                                     00051848              TYM-0196    87/12/18
                                     0525-0002             TYM-0196    87/12/18
                                     1490-0131             TYM-0196    87/12/18
                                     1267-1817             TYM-0196    87/12/18
470136-003         PCB ROM I/O MAC   B0045769          3   TYM-0196    87/12/18
                                     1455-1068             TYM-0196    87/12/18
                                     8021-0056             TYM-0196    87/12/18
470111-001         PCB ASYNC ENH     1-12-79           3   TYM-0196    87/12/18
                                     1313-1665             TYM-0196    87/12/18
470123-001         PCB SIO MOTHER    1691-1010         3   STALLING    87/12/18
                                     2629-0127             STALLING    87/12/18
                                     0098-OV0410           STALLING    87/12/18
470212-001         PCB 4CH UNSW SYN  1054-009          3   STALLING    87/12/18
                                     1180-0050             STALLING    87/12/18
470212-001         PCB 4CH UNSW SYN  1071-0023         1   STALLING    87/12/18
470128-001         PCB SIO/SYNC RS2  1413-44           4   TYM-0196    87/12/18
                                     1743-0090             TYM-0196    87/12/18
                                     1379-1260             TYM-0196    87/12/18
                                     1697-0053             TYM-0196    87/12/18
470208-001         PCB CONTROL CARD  1027-025          2   TYM-0196    87/12/18
                                     1027-0128             TYM-0196    87/12/18
470212-002         PCB 4CH SYNC RS2  1072-0046         1   TYM-0196    87/12/18
470212-003         PCB 4CH SYNC RS2  1064-1010         1   TYM-0196    87/12/18
470147-001         PCB SEMI MEM FUL  0408-0055         3   TYM-0195    87/12/18
                                     00078559              TYM-0195    87/12/18
                                     V411-0022             TYM-0195    87/12/18
470123-001         PCB SIO MOTHER    V661-0052         3   TYM-0195    87/12/18
                                     00057729              TYM-0195    87/12/18
470123-001         PCB SIO MOTHER    J0052771          1   TYM-0195    87/12/18
640023-001         FRONT CONSOLE AS  1266-1811A        1   TYM-0195    87/12/18
470124-001         PCB SIO OCL DAUG  0218-0083         1   TYM-0195    87/12/18
470136-003         PCB ROM I/O MAC   0039447           1   TYM-0195    87/12/18
470143-001         PCB MULTIFUNCTIO  1082-1034         1   TYM-0195    87/12/18
470137-002         PCB CPU MAC III   1194-1541         2   TYM-0195    87/12/18
                                     9017-0048             TYM-0195    87/12/18
470112-001         PCB SYNC ENH      B0043250          1   TYM-0195    87/12/18
470124-001         PCB SIO OCL DAUG  0218-0052         1   TYM-0195    87/12/18
470136-003         PCB ROM I/O MAC   1240-1020         1   TYM-0193    87/12/18
470269-001         PCB MAC III BOAR  J0032753          1   TYM-0193    87/12/18
470136-003         PCB ROM I/O MAC   0223-0015         5   TYM-0192    87/12/18
                                     00051961              TYM-0192    87/12/18
                                     8021-0060             TYM-0192    87/12/18
                                     5-1-80                TYM-0192    87/12/18
                                     1507-2080             TYM-0192    87/12/18
470172-001         PCB CPU           8016-0061         1   TYM-0192    87/12/18
470137-002         PCB CPU MAC III   00054811          4   TYM-0192    87/12/18
                                     00065351              TYM-0192    87/12/18
                                     1454-1824             TYM-0192    87/12/18
                                     0110-014              TYM-0192    87/12/18
470123-001         PCB SIO MOTHER    0217-0084         1   TYM-0192    87/12/18
600003-001         PCB ESELCH BOARD  2676              2   TYM-0180    87/12/18
                                     2833                  TYM-0180    87/12/18
600008-001         PCB TAPE CONTROL  011968            1   TYM-0180    87/12/18
327-0018-0         P/S PARADYNE (OL                    208             87/12/18
2890               PROM PARADYNE (O                    106             87/12/18
470230-001         PCB XP1 MOTHER B  8015-0022         1   TNS-64      87/12/22
470228-001         PCB ETHERNET INT  1192-0032         2   TNS-75      87/12/22
                                     1192-0093             TNS-75      87/12/22
470230-001         PCB XP1 MOTHER B  1193-0085         1   TNS-94      87/12/22
470228-001         PCB ETHERNET INT  J0019875          1   TNS-102     87/12/22
650013-001         BATTERY B/U NEW   0436-F12151       3   TYM-0198    87/12/22
                                     0276-F11163           TYM-0198    87/12/22
                                     X94                   TYM-0198    87/12/22
470112-001         PCB SYNC ENH      0302-0072         3   TYM-0196    87/12/22
                                     B0039247              TYM-0196    87/12/22
                                     1971-0016             TYM-0196    87/12/22
470125-001         PCB SIO/ASYNC DA  V933-0005         1   TYM-0196    87/12/22
470112-001         PCB SYNC ENH      2515-0024         1   TYM-0193    87/12/22
470109-001         PCB MAC-2         9021-0021         1   TYM-0195    87/12/22
470147-001         PCB SEMI MEM FUL  00075996          2   TYM-0199    87/12/22
                                     ZPL0016024            TYM-0199    87/12/22
470111-001         PCB ASYNC ENH     1046-1046         2   TYM-0199    87/12/22
                                     1195-7                TYM-0199    87/12/22
470109-001         PCB MAC-2         00078288          1   TYM-0199    87/12/22
862-6757-0111      MODEM             547041            1   RMA-511     87/12/23
470123-001         PCB SIO MOTHER    V661-0081         1   ALA-114     87/12/29
 G  