DSP2              1032459006         PLEASE REBURN 3123          RC    92/01/02
DSP1              1032459005         PLEASE REBURN 3123          RC    92/01/02
CADET 2400        133A01-01 U12 1.0  PLEASE REBURN 3124          RC    92/01/02
T-20              TERMINAL DATATROL  0649-1589     3125  PS*17083IAHD1 92/01/02
T-20              TERMINAL DATATROL  0649-0888     3125  PS*17083IAHD1 92/01/02
570011-007        MICRO MODEL4 HDLC  MC2587        3126  B109050 TSI   92/01/07
570011-007        MICRO MODEL4 HDLC  20101         3126  B109050 TSI   92/01/07
640023-001        FRONT CONSOLE ASS  45            3127  0486    SWBTE 92/01/07
600315-001        PARADYNE 3440 SER  2788210       3128  B109051 ZANK  92/01/07
470269-001        PCBA MAC III       J0067563      3129  B109048 SWBTE 92/01/07
4483110           PRINTER W/O PRINT  23-17295      3130  NONE    ARGEC 92/01/07
25F6400           4683 MOD 2         23-95206      3130  NONE    ARGEC 92/01/07
470212-001        PCBA 4CH SYNC RS2  A100124       3131  B109056 BTH   92/01/08
600142-001        MODEM TRI-ROCK CD  M1E0054       3131  B109056 BTH   92/01/08
640005-001        P/S SUB ASSEMBLY   364531        3131  B109056 BTH   92/01/08
640005-001        P/S SUB ASSEMBLY   Z0000993      3131  B109056 BTH   92/01/08
640162-001        TOSHIBA DISK DRIV  1920          3133  71821   BTRET 92/01/09
640162-001        TOSHIBA DISK DRIV  1929          3133  71821   BTRET 92/01/23
470269-001        PCBA MAC III       J0136877      3134  274     BTH   92/01/10
470302-001        PCBA PICO ENG PRO  J0138655      3135  281     BTH   92/01/10
650041-001        P/S FOR MINI ENGI  782           3136  0481    SWBTE 92/01/14
650041-001        P/S FOR MINI ENGI  525           3137  0482    SWBTE 92/01/14
650041-001        P/S FOR MINI ENGI  481           3138  0488    SWBTE 92/01/14
CC51251           MNP CLASS 5                      3139          RC    92/01/15
SP54650191        DLK 12/24                        3139          RC    92/01/15
2224-05           INFOCORE 2400 MNP  NONE          3140  0493    INF   92/01/16
2224-05           INFOCORE 2400 MNP  965           3140  0493    INF   92/01/16
2224-05           INFOCORE 2400 MNP  1240          3140  0493    INF   92/01/16
2224-05           INFOCORE 2400 MNP  1012          3140  0493    INF   92/01/16
2224-05           INFOCORE 2400 MNP  1300          3140  0493    INF   92/01/16
2224-05           INFOCORE 2400 MNP  1259          3140  0493    INF   92/01/16
160512-001        BOP SML RS232 DB2  NONE          3141  71821   BTRET 92/01/23
160512-001        BOP SML RS232 DB2  NONE          3141  71821   BTRET 92/01/23
160557-001        BOP SMALL RS232 D  NONE          3142  71821   BTRET 92/01/23
160557-001        BOP SMALL RS232 D  NONE          3142  71821   BTRET 92/01/23
640305-001        BOP 24X9 PIN 24 P  NONE          3142  71821   BTRET 92/01/23
640305-001        BOP 24X9 PIN 24 P  NONE          3142  71821   BTRET 92/01/23
640307-001        BOP RS232 24 PORT  NONE          3142  71821   BTRET 92/01/23
640307-001        BOP RS232 24 PORT  NONE          3142  71821   BTRET 92/01/23
640287-001        DISK DRIVE ASSY 1  12718191      3143  71821   BTRET 92/01/24
640287-001        DISK DRIVE ASSY 1  12718107      3143  71821   BTRET 92/01/24
640337-001        BOP V.35 12 PORT   690324        3143  71821   BTRET 92/01/24
640337-001        BOP V.35 12 PORT   690321        3143  71821   BTRET 92/01/24
640337-001        BOP V.35 12 PORT   690322        3143  71821   BTRET 92/01/24
640337-001        BOP V.35 12 PORT   690323        3143  71821   BTRET 92/01/24
470317-001        PCBA ABC-SIO II    J0194867      3144  0473    SWB1  92/01/24
640292-002        POWER SUPPLY ASSY  T8950659      3145  281     BTH   92/01/24
600102-002        P/S FOR CDS RM16   100507        3146  290     BTH   92/01/24
390013-001        P/S 5V SK5-40 (MI  105144        3147  295     BTH   92/01/24
390007-001        P/S MODULE PMI/16  92960         3147  295     BTH   92/01/24
470174-001        PCA/ABC I/O MICRO  00040370      3147  295     BTH   92/01/24
470123-001        PCA/ABC SIO        1945-0011     3147  295     BTH   92/01/24
470112-001        PCBA SYNC I/O      B0045845      3147  295     BTH   92/01/24
3-3607            MODEM PENRIL 9600  573           3148  0496    INF   92/01/29
650072-013        ATC-PLUS 8CH 115V  0518          3149  0494    SWBTE 92/01/29
470284-001        PCBA CPU III STD   CC30310550    3150  300-303/BTA   92/01/29
470349-001        PCBA ABC-SIO III   CM0310047     3150  300-303/BTA   92/01/29
470212-001        PCBA 4CH SYNC RS2  1179-0036     3150  300-303/BTA   92/01/29
470212-001        PCBA 4CH SYNC RS2  1179-0019     3150  300-303/BTA   92/01/29
470212-001        PCBA 4CH SYNC RS2  00030V10038   3150  300-303/BTA   92/01/29
650013-001        BTRY BACKUP ENG/M  0138          3151  0495    SWBTE 92/01/31
470317-001        PCBA ABC-SIO II    J0196313      3152  0498    SWB   92/01/31
640026-005        PCBA SUPER CLOCK   R220810009    3153  71821   BTRET 92/01/31
640026-005        PCBA SUPER CLOCK   R220810010    3153  71821   BTRET 92/01/31
640026-005        PCBA SUPER CLOCK   R220810012    3153  71821   BTRET 92/01/31
640026-005        PCBA SUPER CLOCK   R220810011    3153  71821   BTRET 92/01/31
470362-001        PCBA SE PXL-1      CP40110071    3154  71821   BTRET 92/01/31
470362-001        PCBA SE PXL-1      CP40110052    3154  71821   BTRET 92/01/31
470362-001        PCBA SE PXL-1      CP40110032    3154  71821   BTRET 92/01/31
470361-001        PCBA AP PXL-1      C610711589    3155  71821   BTRET 92/01/31
470361-001        PCBA AP PXL-1      C610711711    3155  71821   BTRET 92/01/31
470370-001        PCBA SV35 PXL-1    C9A0110006    3156  71821   BTRET 92/01/31
470370-001        PCBA SV35 PXL-1    C9A0110009    3156  71821   BTRET 92/01/31
470370-001        PCBA SV35 PXL-1    C9A0110053    3156  71821   BTRET 92/01/31
470362-001        PCBA SE PXL-1      CP40110053    3157  71821   BTRET 92/01/31
470362-001        PCBA SE PXL-1      CP40110041    3157  71821   BTRET 92/01/31
470362-001        PCBA SE PXL-1      CP40110044    3157  71821   BTRET 92/01/31
479300-001        PCBA GP            RGP1000276    3158  71821   BTRET 92/01/31
479300-001        PCBA GP            RGP1000412    3158  71821   BTRET 92/01/31
479300-001        PCBA GP            RGP1000419    3158  71821   BTRET 92/01/31
479300-001        PCBA GP            RGP1000172    3158  71821   BTRET 92/01/31
479300-001        PCBA GP            RGP1000132    3158  71821   BTRET 92/01/31
479300-001        PCBA GP            RGP0411053    3158  71821   BTRET 92/01/31
479300-001        PCBA GP            RGP0411050    3158  71821   BTRET 92/01/31
470346-001        PCBA PAD V.35      RV3051708     3159  71821   BTRET 92/01/31
470346-001        PCBA PAD V.35      RV3051706     3159  71821   BTRET 92/01/31
470346-001        PCBA PAD V.35      RV3051693     3159  71821   BTRET 92/01/31
470346-001        PCBA PAD V.35      RV3051691     3159  71821   BTRET 92/01/31
470346-001        PCBA PAD V.35      RV30510707    3159  71821   BTRET 92/01/31
470346-001        PCBA PAD V.35      RV3051709     3159  71821   BTRET 92/01/31
470346-001        PCBA PAD V.35      RV3051703     3159  71821   BTRET 92/01/31
470346-001        PCBA PAD V.35      RV3051697     3159  71821   BTRET 92/01/31
2224-05           INFOCORE 2400 MNP  1712          3160  0501    INF   92/02/04
2224-05           INFOCORE 2400 MNP  1696          3160  0501    INF   92/02/04
2224-05           INFOCORE 2400 MNP  1395          3160  0501    INF   92/02/04
2224-05           INFOCORE 2400 MNP  1201          3160  0501    INF   92/02/04
2224-05           INFOCORE 2400 MNP  639           3160  0501    INF   92/02/04
600052-001        MODEM PARADYNE 9.  279492        3161  297     MDC2  92/02/04
600142-001        MODEM TRI-ROCK CD  M8H0009       3161  297     MDC2  92/02/04
600316-002        BT DATACOM PAD MO  001133        3162  292     MDCQU 92/02/04
2224-05           INFOCORE 2400 MNP  758           3163  0501    INF   92/02/05
2224-05           INFOCORE 2400 MNP  1241          3163  0501    INF   92/02/05
2224-05           INFOCORE 2400 MNP  1153          3163  0501    INF   92/02/05
2224-05           INFOCORE 2400 MNP  305           3163  0501    INF   92/02/05
2224-05           INFOCORE 2400 MNP  1299          3163  0501    INF   92/02/05
640244-001        BATTERY BKUP COMP  43323-01      3164  0472    ALA   92/02/05
370678-035        IC STATIC RAM                    3165  NONE    BTSJO 92/02/06
470360-001        PCBA SP PXL-1      CP20110082    3166  71821   BTRET 92/02/07
470360-001        PCBA SP PXL-1      CP20110081    3166  71821   BTRET 92/02/07
470360-001        PCBA SP PXL-1      CP20110066    3166  71821   BTRET 92/02/07
470360-001        PCBA SP PXL-1      CP20110045    3166  71821   BTRET 92/02/07
470360-001        PCBA SP PXL-1      CP20110061    3166  71821   BTRET 92/02/07
470361-001        PCBA AP PXL-1      C610912005    3167  71821   BTRET 92/02/07
470361-001        PCBA AP PXL-1      C610912036    3167  71821   BTRET 92/02/07
470361-001        PCBA AP PXL-1      C610912034    3167  71821   BTRET 92/02/07
470361-001        PCBA AP PXL-1      C610911935    3167  71821   BTRET 92/02/07
470361-001        PCBA AP PXL-1      C610912035    3167  71821   BTRET 92/02/07
470362-001        PCBA SE PXL-1      C620710331    3168  71821   BTRET 92/02/07
470362-001        PCBA SE PXL-1      CP40410187    3168  71821   BTRET 92/02/07
470362-001        PCBA SE PXL-1      CP40110028    3168  71821   BTRET 92/02/07
470362-001        PCBA SE PXL-1      CP40410221    3169  71821   BTRET 92/02/07
470362-001        PCBA SE PXL-1      CP40110007    3169  71821   BTRET 92/02/07
470362-001        PCBA SE PXL-1      CP40110029    3169  71821   BTRET 92/02/07
470362-001        PCBA SE PXL-1      CP40110024    3169  71821   BTRET 92/02/07
470362-001        PCBA SE PXL-1      CP40110025    3169  71821   BTRET 92/02/07
470362-001        PCBA SE PXL-1      CP40110004    3169  71821   BTRET 92/02/07
470362-001        PCBA SE PXL-1      CP40110093    3169  71821   BTRET 92/02/07
470363-001        PCBA AV24 PXL-1    CP50410458    3170  71821   BTRET 92/02/07
470363-001        PCBA AV24 PXL-1    CP50410182    3170  71821   BTRET 92/02/07
470363-001        PCBA AV24 PXL-1    CP50110063    3170  71821   BTRET 92/02/07
470363-001        PCBA AV24 PXL-1    CP50410336    3170  71821   BTRET 92/02/07
470370-001        PCBA SV35 PXL-1    C9A0410293    3171  71821   BTRET 92/02/07
470370-001        PCBA SV35 PXL-1    C9A0110015    3171  71821   BTRET 92/02/07
470370-001        PCBA SV35 PXL-1    C9A0410282    3171  71821   BTRET 92/02/07
470370-001        PCBA SV35 PXL-1    C9A0410308    3171  71821   BTRET 92/02/07
470363-001        PCBA AV24 PXL-1    CP50410223    3172  71821   BTRET 92/02/07
470363-001        PCBA AV24 PXL-1    CP50110045    3172  71821   BTRET 92/02/07
470363-001        PCBA AV24 PXL-1    CP50110002    3172  71821   BTRET 92/02/07
470363-001        PCBA AV24 PXL-1    CP50110055    3172  71821   BTRET 92/02/07
470363-001        PCBA AV24 PXL-1    CP50110049    3172  71821   BTRET 92/02/07
479300-001        PCBA GP            1200945       3173  296     MDC1  92/02/10
3302663-01        300M AMPEX SERVO   3129          3174  ALA-0490ALA   92/02/13
470269-001        PCBA MAC III       J0181007      3175  309     MDC2  92/02/18
470269-001        PCBA MAC III       J0162030      3175  309     MDC2  92/02/18
470269-001        PCBA MAC III       J0155909      3175  309     MDC2  92/02/18
470269-001        PCBA MAC III       J0155901      3175  309     MDC2  92/02/18
470317-001        PCBA ABC-SIO II    J0214239      3176  298     BTA   92/02/18
650041-001        P/S FOR MINI ENGI  1383          3177  308     BTA   92/02/18
650041-001        P/S FOR MINI ENGI  840           3178  306     BTA   92/02/18
470136-003        PCBA ROM IO MAC 3  0223-0056     3179  299     PTE   92/02/18
470214-001        PCBA 8CH SW/UNSW   J0217123      3179  299     PTE   92/02/18
470212-001        PCBA 4CH SYNC RS2  A100444       3179  299     PTE   92/02/18
898960            USERS MANUAL                     3180  240473  FLUKE 92/02/21
650077-002        PICO-ENGINE ASSY.  C008505       3181  0476    EDS   92/02/24
650041-001        P/S FOR MINI ENGI  382           3182  0499    SWBTE 92/02/24
650041-001        P/S FOR MINI ENGI  601           3183  0491    SWBTE 92/02/24
600052-001        MODEM PARADYNE 9.  272234        3184  310/280 MDC   92/02/24
470269-001        PCBA MAC III       J0190405      3184  310/280 MDC   92/02/24
650077-002        PICO-ENGINE ASSY.  720:00150     3185  304/305 BTA   92/02/28
470269-001        PCBA MAC III       M168          3185  304/305 BTA   92/02/28
3-3607            MODEM PENRIL 9600  1985          3186  NONE    EOSAT 92/02/28
3-3607            MODEM PENRIL 9600  683           3186  NONE    EOSAT 92/02/28
3-3607            MODEM PENRIL 9600  3413          3186  NONE    EOSAT 92/02/28
3-3607            MODEM PENRIL 9600  2075          3186  NONE    EOSAT 92/02/28
3-3607            MODEM PENRIL 9600  2357          3186  NONE    EOSAT 92/02/28
3-3607            MODEM PENRIL 9600  3891          3186  NONE    EOSAT 92/02/28
3-3607            MODEM PENRIL 9600  3808          3186  NONE    EOSAT 92/02/28
3-3607            MODEM PENRIL 9600  2758          3186  NONE    EOSAT 92/02/28
3-3608            MODEM PENRIL 9600  2309          3186  NONE    EOSAT 92/02/28
3-3608            MODEM PENRIL 9600  2311          3186  NONE    EOSAT 92/02/28
470100-001        PCBA 160MB DISC C  A100319       3187  0497    SWB1  92/03/04
640023-001        FRONT CONSOLE ASS  195           3188  0503/4/5SWBTE 92/03/04
640023-001        FRONT CONSOLE ASS  8004-0581     3188  0503/4/5SWBTE 92/03/04
640023-001        FRONT CONSOLE ASS  452           3188  0503/4/5SWBTE 92/03/04
390006-001        P/S MODULE PMI/5V  72558         3189  311     MDC1  92/03/04
600264-002        MODEM CDS 296 DIA  M0D0150       3189  311     MDC1  92/03/04
470269-001        PCBA MAC III       J0102207      3190  297     MDC2  92/03/04
PM3580/85         REFERENCE GUIDE                  3191  246305  FLUKE 92/03/05
580016-001        FANS                             3192  RA772017NEWAR 92/03/05
SERII DOM2        PROMS                            3193          RC    92/03/05
470147-001        PCBA SEMI MEM FUL  ZPL007-032    3194  0478    ALA   92/03/06
650072-013        ATC-PLUS 8CH 115V  0169          3195  0507-050SWBTE 92/03/09
470317-001        PCBA ABC-SIO II    J0205614      3195  0507-050SWBTE 92/03/09
470161-001        PCBA ASYNC I/O II  B0043449      3195  0507-050SWBTE 92/03/09
470212-002        PCBA 4CH SYNC RS2  B0043203      3195  0507-050SWBTE 92/03/09
479300-001        PCBA GP            RGP041148     3196  310     BTSJ  92/03/09
600258-001        D/D TURBO 4800     0068          3196  310     BTSJ  92/03/09
CA08-006          T BOARD            E61403        3198          IAHD1 92/03/09
CA08-006          T BOARD            E61429        3198          IAHD1 92/03/09
CA08-006          T BOARD            E61395        3199          DEND1 92/03/09
CA08-006          T BOARD            E61406        3200          DFWR  92/03/09
CA08-006          T BOARD            E61402        3201          DETD1 92/03/09
CA08-006          T BOARD            E61404        3202          ORDR  92/03/09
CA08-006          T BOARD            E61398        3202          ORDR  92/03/09
CA08-006          T BOARD            E61421        3202          ORDR  92/03/09
CA08-006          T BOARD            E61396        3203          STLR  92/03/09
CA08-006          T BOARD            E61420        3204          JFKD1 92/03/09
CA08-006          T BOARD            E61428        3205          HPND1 92/03/09
CA08-006          T BOARD            E61408        3206          BOSR  92/03/09
CA08-006          T BOARD            E61415        3206          BOSR  92/03/09
CA08-006          T BOARD            E61438        3207          PHLD1 92/03/09
CA08-006          T BOARD            E61437        3208          IADR  92/03/09
CA08-006          T BOARD            E61426        3208          IADR  92/03/09
PROMS             PROMS TO BE REBUR                3209          RC    92/03/09
CA08-006          T BOARD            E61407        3210          MIAA1 92/03/10
570011-005        MICRO MODEL3 FULL  M263          3211          TSI   92/03/10
POWER PACK        P/P FOR PENRIL MO                3212          EOSAT 92/03/10
3-3607            MODEM PENRIL 9600  2788          3213          EOSAT 92/03/11
570011-007        MICRO MODEL4 HDLC  2304R         3214          TSI   92/03/12
CA08-006          T BOARD            E61399        3215          EWRA1 92/03/12
IC 74LS74                                          3216          SUP   92/03/12
FAN                   0.0000         1             3217          RC    92/03/12
570011-007        MICRO MODEL4 HDLC  2056R         3218          TSI   92/03/16
SP54650186        BILL TO 90649                    3219          RC    92/03/16
2224-05           INFOCORE 2400 MNP  2681          3220  0515    INF   92/03/17
2224-05           INFOCORE 2400 MNP  1747          3220  0515    INF   92/03/17
2224-05           INFOCORE 2400 MNP  965           3220  0515    INF   92/03/17
2224-05           INFOCORE 2400 MNP  1361          3220  0515    INF   92/03/17
2224-05           INFOCORE 2400 MNP  2708          3220  0515    INF   92/03/17
470109-002        PCBA MAC II - MUL  9022-0018     3221  0510    SWBTE 92/03/17
TRI-ROCK 2.27     02243094-1 4211 R                3222          RC    92/03/17
3-3616            MODEM PENRIL ALLI  4569          3223  0500    RC    92/03/19
2232780-0001      TI MODEL 855       3685540803    3224  NONE    TRC   92/03/25
470100-001        PCBA 160MB DISC C  0043-0031     3225  0514    ALA   92/03/31
470100-001        PCBA 160MB DISC C  1724-0017     3226  0516    SWB1  92/03/31
2224-05           INFOCORE 2400 MNP  789           3227  0518    INF   92/03/31
2224-05           INFOCORE 2400 MNP  1693          3227  0518     92/03/31
2224-05           INFOCORE 2400 MNP  1042          3227  0518    INF   92/03/31
2224-05           INFOCORE 2400 MNP  1473          3227  0518    INF   92/03/31
2224-05           INFOCORE 2400 MNP  993           3227  0518    INF   92/03/31
470212-001        PCBA 4CH SYNC RS2  R120510027    3228  317/8-32BTA   92/03/31
640026-001        PCBA MULTIFUNCTIO  B0045591      3228  317/8-32BTA   92/03/31
470352-001        PCBA MAC III (B)   CM31000038    3228  317/8-32BTA   92/03/31
470112-001        PCBA SYNC I/O      10570015      3228  317/8-32BTA   92/03/31
PROMS             PROMS FOR REBURNI                3229          RC    92/04/02
650077-002        PICO-ENGINE ASSY.  720:00156     3230  313/4/32BTA   92/04/02
650077-002        PICO-ENGINE ASSY.  210540        3230  313/4/32BTA   92/04/02
470147-001        PCBA SEMI MEM FUL  0208-0038     3230  313/4/32BTA   92/04/02
470352-001        PCBA MAC III (B)   CM31000095    3231  295     BTH   92/04/02
600003-001        PCBA ESELCH        2843          3231  295     BTH   92/04/02
390050-001        P/S FOR BATT BKUP  505UC00492    3231  295     BTH   92/04/02
470147-001        PCBA SEMI MEM FUL  V2603-0044    3232  312     BER   92/04/02
2224-05           INFOCORE 2400 MNP  NONE-1        3233  0519    INF   92/04/03
2224-05           INFOCORE 2400 MNP  666           3233  0519    INF   92/04/03
2224-05           INFOCORE 2400 MNP  503           3233  0519    INF   92/04/03
2224-05           INFOCORE 2400 MNP  NONE-2        3233  0519    INF   92/04/03
640046-001        P/S FOR SINGLE OR  714           3234  0502    SWBTE 92/04/03
650041-001        P/S FOR MINI ENGI  30932         3234  0513    SWBTE 92/04/03
470123-001        PCA/ABC SIO        1511-1568     3235  297     MDC2  92/04/03
VCX-100           PLEASE REBURN AND                3236          RC    92/04/03
470100-001        PCBA 160MB DISC C  J0034036      3237  NONE    SWB1  92/04/08
570011-007        MICRO MODEL4 HDLC  20143         3238  0517    TSI   92/04/08
570011-007        MICRO MODEL4 HDLC  2239          3238  0517    TSI   92/04/08
570011-007        MICRO MODEL4 HDLC  20217         3238  0517    TSI   92/04/08
650041-002        P/S FOR MINI ENGI  30664         3239  0517    TSI   92/04/13
570011-007        MICRO MODEL4 HDLC  MC2693        3239  0517    TSI   92/04/13
570011-007        MICRO MODEL4 HDLC  MC2681        3239  0517    TSI   92/04/13
570011-001        MICRO MODEL1 1/2   S0627         3240  NONE    SWBTE 92/04/16
640026-001        PCBA MULTIFUNCTIO  1457-1472     3241  327     MDC2  92/04/20
470173-003        PCA/ABC 1MB MEMOR  00028189      3242  295     BTH   92/04/20
650077-002        PICO-ENGINE ASSY.  720:00308     3243  322     BTA   92/04/20
470123-001        PCA/ABC SIO        V931-00059    3244  299     PTE   92/04/20
570011-007        MICRO MODEL4 HDLC  0517          3245  0517    TSI   92/04/21
570011-007        MICRO MODEL4 HDLC  2239          3245  0527    TSI   92/04/21
570011-007        MICRO MODEL4 HDLC  M2602         3245  0528    TSI   92/04/21
570011-001        MICRO MODEL1 1/2   M154          3246  0525    SWBTE 92/04/22
650072-013        ATC-PLUS 8CH 115V  0508          3246  0529    SWBTE 92/04/22
390016-001        XL50-3601/4601R P  HGZ8002       3247  0522    SWBTE 92/04/24
390016-001        XL50-3601R/4601R   HGZ7998       3247  0523    SWBTE 92/04/24
390016-001        XL50-3601R/4601R   HGZ8000       3247  0524    SWBTE 92/04/24
390016-001        XL50-3601R/4601R   HGZ7999       3247  0526    SWBTE 92/04/24
390060-001        P/S POWER ONE MAP  N153828       3248  71821   BTRET 92/04/27
390060-001        P/S POWER ONE MAP  N168008       3248  71821   BTRET 92/04/27
470361-001        PCBA AP PXL-1      C610711713    3248  71821   BTRET 92/04/27
470361-001        PCBA AP PXL-1      C610711709    3248  71821   BTRET 92/04/27
470361-001        PCBA AP PXL-1      CP30611312    3248  71821   BTRET 92/04/27
470361-001        PCBA AP PXL-1      C610711619    3248  71821   BTRET 92/04/27
470363-001        PCBA AV24 PXL-1    C630710649    3248  71821   BTRET 92/04/27
470363-001        PCBA AV24 PXL-1    C630710632    3248  71821   BTRET 92/04/27
470363-001        PCBA AV24 PXL-1    C630710631    3248  71821   BTRET 92/04/27
470363-001        PCBA AV24 PXL-1    C630710594    3248  71821   BTRET 92/04/27
470364-001        PCBA SV24 PXL-1    CP60410503    3248  71821   BTRET 92/04/27
470364-001        PCBA SV24 PXL-1    CP60410418    3248  71821   BTRET 92/04/27
470364-001        PCBA SV24 PXL-1    CP60410482    3248  71821   BTRET 92/04/27
470364-001        PCBA SV24 PXL-1    CP60410417    3248  71821   BTRET 92/04/27
470365-001        PCBA AE PXL-1      CP70110185    3248  71821   BTRET 92/04/27
470365-001        PCBA AE PXL-1      CP70110197    3248  71821   BTRET 92/04/27
470365-001        PCBA AE PXL-1      CP70110008    3248  71821   BTRET 92/04/27
470370-001        PCBA SV35 PXL-1    C9A0410126    3248  71821   BTRET 92/04/27
470370-001        PCBA SV35 PXL-1    C9A010285     3248  71821   BTRET 92/04/27
470370-001        PCBA SV35 PXL-1    C9A0410273    3248  71821   BTRET 92/04/27
470377-001        PCBA POCL PXL-1    CPC0110072    3248  71821   BTRET 92/04/27
470377-001        PCBA POCL PXL-1    CPC0110018    3248  71821   BTRET 92/04/27
470377-001        PCBA POCL PXL-1    CPC0410237    3248  71821   BTRET 92/04/27
0999685-0101      TI 820KSR PRINTER  0482114291    3249  G468838 TRC   92/04/29
4683-002          IBM POS TERM SEE   REF UNIT      3250          RC    92/04/29
PROMS             DSP1                             3251          RC    92/05/04
PROMS             DSP2                             3251          RC    92/05/04
470109-002        PCBA MAC II - MUL  V70112-0079   3252  0531    SWBTE 92/05/04
640026-001        PCBA MULTIFUNCTIO  8023-0095     3253  0534    SWBTE 92/05/04
650013-001        BTRY BACKUP ENG/M  0429          3253  0535    SWBTE 92/05/04
650072-013        ATC-PLUS 8CH 115V  0529          3253  0537    SWBTE 92/05/04
570011-001        MICRO MODEL1 1/2   0627          3253  0538    SWBTE 92/05/04
570011-006        MICRO MODEL3 FULL  M713          3254  315     BTA   92/05/04
570011-008        MICRO MODEL4 HDLC  2034          3254  323     BTA   92/05/04
470214-001        PCBA 8CH SW/UNSW   J0217116      3254  329     BTA   92/05/04
470123-001        PCA/ABC SIO        R230510095    3254  330     BTA   92/05/04
470112-001        PCBA SYNC I/O      B0037668      3254  332     BTA   92/05/04
640026-001        PCBA MULTIFUNCTIO  0209-0032     3254  333     BTA   92/05/04
470214-001        PCBA 8CH SW/UNSW   R140610040    3254  335     BTA   92/05/04
470137-002        PCBA CPU MAC 3 OR  2137-199      3254  336     BTA   92/05/04
470161-001        PCBA ASYNC I/O II  J0089412      3254  337     BTA   92/05/04
470147-001        PCBA SEMI MEM FUL  B0037269      3254  338     BTA   92/05/04
470109-002        PCBA MAC II - MUL  0322-0062     3254  339     BTA   92/05/04
470212-001        PCBA 4CH SYNC RS2  A100194       3254  342     BTA   92/05/04
44F2222           471P200MB5                       3255  19099200NEWAR 92/05/05
570011-002        MICRO MODEL1 1/2   0120          3256  325     CABLE 92/05/05
PROMS             V2.0 ODD V2.00 EV                3257          RC    92/05/07
650041-001        P/S FOR MINI ENGI  350           3258  0521    SWBTE 92/05/08
570011-001        MICRO MODEL1 1/2   M195          3258  0530    SWBTE 92/05/08
470317-001        PCBA ABC-SIO II    J0209865      3258  0541    SWBTE 92/05/08
470317-001        PCBA ABC-SIO II    J0200409      3258  0542    SWBTE 92/05/08
470317-001        PCBA ABC-SIO II    J0196090      3258  0543    SWBTE 92/05/08
470317-001        PCBA ABC-SIO II    J0234104      3258  0544    SWBTE 92/05/08
470349-001        PCBA ABC-SIO III   C490321382    3258  0545    SWBTE 92/05/08
470214-001        PCBA 8CH SW/UNSW   J0115366      3258  0546    SWBTE 92/05/08
470140-003        PCBA CONN 0 TERM   CJ14010821A   3258  0547    SWBTE 92/05/08
470317-001        PCBA ABC-SIO II    J0200645      3258  0549    SWBTE 92/05/08
470317-001        PCBA ABC-SIO II    J0192691      3258  0553    SWBTE 92/05/08
650072-013        ATC-PLUS 8CH 115V  0173          3258  0554    SWBTE 92/05/08
390013-001        P/S 5V SK5-40 (MI  320728        3259  295     BTH   92/05/08
390007-001        P/S MODULE PMI/16  154551        3259  295     BTH   92/05/08
390050-001        P/S FOR BATT BKUP  EB01129       3260  299     PTE   92/05/08
470302-001        PCBA PICO ENG PRO  J0154878      3261  347     MDC2  92/05/08
470302-001        PCBA PICO ENG PRO  J0179376      3261  347     MDC2  92/05/08
650001-001        P/S FOR SINGLE BU  0128          3262  326     BTH   92/05/12
390009-001        P/S MODULE EMERSO  AD7860        3262  326     BTH   92/05/12
390009-001        P/S MODULE EMERSO  AE0533        3262  326     BTH   92/05/12
470212-003        PCBA 4CH SYNC RS2  1182-0068     3262  326     BTH   92/05/12
470264-001        PCBA SYNC IO II    J0146170      3262  326     BTH   92/05/12
470284-001        PCBA CPU III STD   J0217989      3262  326     BTH   92/05/12
470302-001        PCBA PICO ENG PRO  J0138655      3262  326     BTH   92/05/12
3301943-01        PCBA AMPEX 300 MG  3038          3263  0520    ALA   92/05/12
470123-001        PCA/ABC SIO        0060          3263  0520    ALA   92/05/12
640026-005        PCBA SUPER CLOCK   19110013      3263  0520    ALA   92/05/12
650072-013        ATC-PLUS 8CH 115V  0357          3263  0536    ALA   92/05/12
650013-001        BTRY BACKUP ENG/M  0301          3264  0548    SWBTE 92/05/12
470284-001        PCBA CPU III STD   J0167412      3264  0551    SWBTE 92/05/12
470216-001        P/S FOR PSM RACK   J0082316      3264  0558    SWBTE 92/05/12
2224-05           INFOCORE 2400 MNP  879           3265  0555    INF   92/05/13
2224-05           INFOCORE 2400 MNP  1163          3265  0555    INF   92/05/13
2224-05           INFOCORE 2400 MNP  NONE          3265  0555    INF   92/05/13
2224-05           INFOCORE 2400 MNP  275           3265  0555    INF   92/05/13
2224-05           INFOCORE 2400 MNP  744           3265  0555    INF   92/05/13
2224-05           INFOCORE 2400 MNP  NONE          3265  0562    INF   92/05/13
2224-05           INFOCORE 2400 MNP  NONE          3265  0562    INF   92/05/13
2224-05           INFOCORE 2400 MNP  NONE          3265  0562    INF   92/05/13
2224-05           INFOCORE 2400 MNP  NONE          3265  0562    INF   92/05/13
2224-05           INFOCORE 2400 MNP  NONE          3265  0562    INF   92/05/13
2224-05           INFOCORE 2400 MNP  1291          3265  0562    INF   92/05/13
2224-05           INFOCORE 2400 MNP  1091          3265  0562    INF   92/05/13
2224-05           INFOCORE 2400 MNP  767           3265  0562    INF   92/05/13
470269-001        PCBA MAC III       J0195735      3266  0552    SWBTE 92/05/13
390016-001        XL50-3601R         HGZ7940       3266  0556    SWBTE 92/05/13
600264-001        MODEM CDS 296 DIA  D102520       3267  0540    BTTCA 92/05/14
470352-001        PCBA MAC III (B)   J0188384      3268  326     BTH   92/05/15
470212-001        PCBA 4CH SYNC RS2  1180-0023     3268  326     BTH   92/05/15
470212-002        PCBA 4CH SYNC RS2  A100607       3268  326     BTH   92/05/15
470284-001        PCBA CPU III STD   J0203761      3268  326     BTH   92/05/15
470123-001        PCA/ABC SIO        1511-0544     3268  326     BTH   92/05/15
470212-003        PCBA 4CH SYNC RS2  1056-0022     3268  326     BTH   92/05/15
470302-001        PCBA PICO ENG PRO  J0183109      3268  NCC-230 BTH   92/05/15
600264-002        MODEM CDS 296 DIA  M1I0007       3268  350     PTE   92/05/15
600264-002        MODEM CDS 296 DIA  M1H0147       3268  350     PTE   92/05/15
470147-001        PCBA SEMI MEM FUL  0208-0020     3269  340     BTA   92/05/15
650077-002        PICO-ENGINE ASSY.  720:00323     3269  343     BTA   92/05/15
63X5174                                            3270  2571    CCM   92/05/18
600264-001        MODEM CDS 296 DIA  D106051       3271  0560    JAC   92/05/22
570011-001        MICRO MODEL1 1/2   0047          3272  0557    SWBTE 92/05/22
470284-001        PCBA CPU III STD   C840711082    3272  0561    SWBTE 92/05/22
470123-001        PCA/ABC SIO        J0144191      3272  0489    SWBTE 92/05/22
470284-001        PCBA CPU III STD   J0195016      3272  0550    SWBTE 92/05/22
470269-001        PCBA MAC III       J0166641      3273  353     MDC2  92/05/27
470269-001        PCBA MAC III       J0166124      3273  353     MDC2  92/05/27
470269-001        PCBA MAC III       J0166637      3273  353     MDC2  92/05/27
TP0008            SHIPPED TO US IN                 3274  N54282  RC    92/05/28
470304-001        PCBA 4 PORT CTR    R140310822    3275  291     MDC   92/05/28
470147-001        PCBA SEMI MEM FUL  0257-0075     3276  0450    SWBTE 92/06/01
570011-001        MICRO MODEL1 1/2   05355         3276  0563    SWBTE 92/06/01
570011-001        MICRO MODEL1 1/2   M0018         3276  0564    SWBTE 92/06/01
470212-001        PCBA 4CH SYNC RS2  J0052711      3276  0566    SWBTE 92/06/01
650072-013        ATC-PLUS 8CH 115V  0525          3276  0567    SWBTE 92/06/01
640341-001        POWER SUPPLY       NONE          3277  352     BTH   92/06/02
470291-001        PCBA PAD RS232 8C  J0179397      3277  274     BTH   92/06/02
470304-001        PCBA 4 PORT CTR    J0182061      3277  274     BTH   92/06/02
470269-001        PCBA MAC III       J0159891      3278  353     MDC2  92/06/05
650077-002        PICO-ENGINE ASSY.  720:00376     3279  0539    BTTSM 92/06/05
650077-001        PICO-ENGINE ASSY.  720:00371     3280  351     BTTGU 92/06/05
570011-001        MICRO MODEL1 1/2   M0026         3281  0565    SWBTE 92/06/10
570011-005        MICRO MODEL3 FULL  0232          3281  0568    SWBTE 92/06/10
MNPCLASS 5        PROMS                            3282          RC    92/06/11
DLK 12/24         PROMS                            3282          RC    92/06/11
650072-013        ATC-PLUS 8CH 115V  0518          3283  0569    SWBTE 92/06/18
600264-002        MODEM CDS 296 DIA  M9K0161       3284  359     MDCQU 92/06/18
600264-002        MODEM CDS 296 DIA  M0D0135       3284  359     MDCQU 92/06/18
470284-001        PCBA CPU III STD   CC30310656    3285  346     BTH   92/06/18
470269-001        PCBA MAC III       J0151932      3285  346     BTH   92/06/18
470284-001        PCBA CPU III STD   J0208568      3285  346     BTH   92/06/18
600052-001        MODEM PARADYNE 9.  271697        3286  356     MDC1  92/06/18
600142-001        MODEM TRI-ROCK CD  M0C0528       3286  356     MDC1  92/06/18
600264-001        MODEM CDS 296 DIA  D102520       3287  0540    BTMI  92/06/18
600316-002        PAD DATACOM/BT PA  001106        3288  355     MDCQU 92/06/22
600316-002        PAD DATACOM/BT PA  001056        3288  355     MDCQU 92/06/22
470111-001        PCBA ASYNC I/O     V402-0030     3288  359     MDCQU 92/06/22
600142-001        MODEM TRI-ROCK CD  M1B0477       3288  359     MDCQU 92/06/22
600142-001        MODEM TRI-ROCK CD  M1B0465       3288  359     MDCQU 92/06/22
600142-001        MODEM TRI-ROCK CD  M8L0399       3288  359     MDCQU 92/06/22
600142-001        MODEM TRI-ROCK CD  M1B0518       3288  359     MDCQU 92/06/22
390050-001        P/S FOR BATT BKUP  01114         3289  328     PTE   92/06/22
390050-001        P/S FOR BATT BKUP  UB00411       3290  334     BTA   92/06/22
650077-002        PICO-ENGINE ASSY.  720:00332     3290  344     BTA   92/06/22
470136-003        PCBA ROM IO MAC 3  0V0643-0067   3291  23BE1314BTNAT 92/06/26
375125-001        893634237                        3292  SEVERAL SUP   92/06/30
375060-001        893631068                        3292  SEVERAL SUP   92/06/30
375096-001        893631224                        3292  SEVERAL SUP   92/06/30
375041-001        893631410                        3292  SEVERAL SUP   92/06/30
375070-001        893631468                        3292  SEVERAL SUP   92/06/30
375146-001        893634118                        3292  SEVERAL SUP   92/06/30
DSP1              02213056-001 F91A                3293          RC    92/06/30
DSP2              02213056-001 B8DC                3293          RC    92/06/30
470123-001        PCA/ABC SIO        2533-0094     3294  0572    SWBTE 92/07/02
470214-001        PCBA 8CH SW/UNSW   0V07032-0030  3294  0573    SWBTE 92/07/02
470216-001        P/S FOR PSM RACK   0V01508-0090  3294  0575    SWBTE 92/07/02
4483110NP         P R I N T E R - P  06689         3295          XERXE 92/07/08
4483110NP         P R I N T E R - P  02494         3295          XERXE 92/07/08
4483110NP         P R I N T E R - P  BR670         3295          XERXE 92/07/08
4483110NP         P R I N T E R - P  94780         3295          XERXE 92/07/08
4483110NP         P R I N T E R - P  49308         3295          XERXE 92/07/08
4483110NP         P R I N T E R - P  04383         3295          XERXE 92/07/08
4483110NP         P R I N T E R - P  12539         3295          XERXE 92/07/08
4483110NP         P R I N T E R - P  04246         3295          XERXE 92/07/08
4483110NP         P R I N T E R - P  A5791         3295          XERXE 92/07/08
4483110NP         P R I N T E R - P  22740         3295          XERXE 92/07/08
4483110NP         P R I N T E R - P  AX631         3295          XERXE 92/07/08
570011-001        MICRO MODEL1 1/2   0648          3296  0571    SWBTE 92/07/09
570011-001        MICRO MODEL1 1/2   0535S         3296  0574    SWBTE 92/07/09
600008-001        PCBA TAPE CNTRLR   5942047       3296  376     MDUK  92/07/09
600008-001        PCBA TAPE CNTRLR   5942608       3296  376     MDUK  92/07/09
470212-001        PCBA 4CH SYNC RS2  R120810115    3297  360     BTA   92/07/10
470213-001        PCBA 8CH ASYNC SW  01018-0003    3297  361     BTA   92/07/10
470214-001        PCBA 8CH SW/UNSW   B0047553      3297  362     BTA   92/07/10
470208-001        PCBA CNTRL CD. PS  B0045209      3297  363     BTA   92/07/10
470123-001        PCA/ABC SIO        00047368      3297  372     BTA   92/07/10
470264-001        PCBA SYNC IO II    CS21100360    3297  374     BTA   92/07/10
2224-05           INFOCORE 2400 MNP  615           3298  0577    INF   92/07/16
2224-05           INFOCORE 2400 MNP  1321          3298  0577    INF   92/07/16
2224-05           INFOCORE 2400 MNP  1063          3298  0577    INF   92/07/16
2224-05           INFOCORE 2400 MNP  1404          3298  0577    INF   92/07/16
2224-05           INFOCORE 2400 MNP  987           3298  0577    INF   92/07/16
2224-05           INFOCORE 2400 MNP  1108          3298  0577    INF   92/07/16
2224-05           INFOCORE 2400 MNP  1049          3298  0577    INF   92/07/16
2224-05           INFOCORE 2400 MNP  306           3298  0577    INF   92/07/16
2224-05           INFOCORE 2400 MNP  1235          3298  0577    INF   92/07/16
2224-05           INFOCORE 2400 MNP  NONE          3298  0577    INF   92/07/16
600142-001        MODEM TRI-ROCK CD  M9A0115       3299  0576    ALA   92/07/16
600142-001        MODEM TRI-ROCK CD  M0H0786       3299  0576    ALA   92/07/16
470317-001        PCBA ABC-SIO II    J0209158      3300  0447    SWBTE 92/07/16
600097-001        MODEM CDS 224/3 T  4556          3301          SFOD2 92/07/17
600097-001        MODEM CDS 224/3 T  46            3301          SFOD2 92/07/17
600097-001        MODEM CDS 224/3 T  235           3301          SFOD2 92/07/17
600097-001        MODEM CDS 224/3 T  079           3301          SFOD2 92/07/17
600097-001        MODEM CDS 224/3 T  028           3301          SFOD2 92/07/17
071080-045        82HS321 SIG                      3302          RC    92/07/21
470137-002        PCBA CPU MAC 3 OR  2137-0051     3303  0580    SWBTE 92/07/22
470349-001        PCBA ABC-SIO III   C490911050    3303  0581    SWBTE 92/07/22
470112-001        PCBA SYNC I/O      2515-0048     3303  0583    SWBTE 92/07/22
470123-001        PCA/ABC SIO        J0181690      3303  0585    SWBTE 92/07/22
600142-001        MODEM TRI-ROCK CD  M8H0111       3304  380     MDC1  92/07/22
600142-001        MODEM TRI-ROCK CD  M8H0123       3304  380     MDC1  92/07/22
600142-001        MODEM TRI-ROCK CD  M8H0138       3304  380     MDC1  92/07/22
600142-001        MODEM TRI-ROCK CD  M8H0007       3304  380     MDC1  92/07/22
640341-001        POWER SUPPLY       N218963       3305  358     BTH   92/07/22
470173-001        PCA/ABC 512KB MEM  03880046      3305  358     BTH   92/07/22
640005-001        P/S SUB ASSEMBLY   375760        3305  358     BTH   92/07/22
SP54620056        AM9128-20 PC                     3306          RC    92/07/23
4483110NP         P R I N T E R - P  03072         3307          XERXE 92/07/24
4483110NP         P R I N T E R - P  12539         3307          XERXE 92/07/24
4483110NP         P R I N T E R - P  49308         3307          XERXE 92/07/24
2224-05           INFOCORE 2400 MNP  299           3308  0587    INF   92/07/24
2224-05           INFOCORE 2400 MNP  1233          3308  0587    INF   92/07/24
2224-05           INFOCORE 2400 MNP  1158          3308  0587    INF   92/07/24
2224-05           INFOCORE 2400 MNP  742           3308  0587    INF   92/07/24
2224-05           INFOCORE 2400 MNP  999           3308  0587    INF   92/07/24
2224-05           INFOCORE 2400 MNP  912           3308  0587    INF   92/07/24
2224-05           INFOCORE 2400 MNP  789           3308  0587    INF   92/07/24
2224-05           INFOCORE 2400 MNP  275           3308  0587    INF   92/07/24
2224-05           INFOCORE 2400 MNP  1041          3308  0587    INF   92/07/24
2224-05           INFOCORE 2400 MNP  1747          3308  0587    INF   92/07/24
2224-05           INFOCORE 2400 MNP  2705          3308  0587    INF   92/07/24
2227-02           INFOCORE 4800 MNP  2663          3308  0587    INF   92/07/24
470147-001        PCBA SEMI MEM FUL  8022-0053     3309  0533    SWBTE 92/07/24
470147-001        PCBA SEMI MEM FUL  80090010      3309  0559    SWBTE 92/07/24
640047-001        P/S FOR MINI ENG.  73            3310  NONE    MDC   92/07/28
650013-001        BTRY BACKUP ENG/M  0204          3311  0586    SWBTE 92/07/29
650041-002        P/S FOR MINI ENGI  30843         3312  0570    TSI   92/07/29
650072-013        ATC-PLUS 8CH 115V  5285          3313  379     BTTGU 92/07/29
NA900             REV 5 2AB4 -002                  3314          RC    92/07/30
DA-296            02213053-3 ICC2 R                3314          RC    92/07/30
2224-05           INFOCORE 2400 MNP  436           3315  0587    INF   92/07/31
2224-05           INFOCORE 2400 MNP  NONE          3315  0587    INF   92/07/31
2224-05           INFOCORE 2400 MNP  2435          3315  0587    INF   92/07/31
2224-05           INFOCORE 2400 MNP  2795          3315  0587    INF   92/07/31
2224-05           INFOCORE 2400 MNP  744           3315  0587    INF   92/07/31
470109-002        PCBA MAC II - MUL  V70112.0003   3316  0511    SWBTE 92/07/31
570011-008        MICRO MODEL4 HDLC  2310          3317  364     BTA   92/07/31
470190-001        PCA/ABC BKPLANE P  B0041031      3317  370     BTA   92/07/31
600264-002        MODEM CDS 296 DIA  17920046      3318  377     MDC   92/07/31
600053-002        MODEM CDS 224AD S  8358          3319          USHOM 92/08/03
470269-001        PCBA MAC III       M168          3320  345     BTA   92/08/06
570011-008        MICRO MODEL4 HDLC  20009         3320  366     BTA   92/08/06
570011-008        MICRO MODEL4 HDLC  2301          3320  367     BTA   92/08/06
071080-045        82HS321 SIG        N             3321          RC    92/08/06
470147-001        PCBA SEMI MEM FUL  0324-0016     3322  382     BER   92/08/07
570011-008        MICRO MODEL4 HDLC  M892R         3323  365     BTA   92/08/07
570011-008        MICRO MODEL4 HDLC  2311          3323  368     BTA   92/08/07
570011-001        MICRO MODEL1 1/2   0620          3324  0578    SWBTE 92/08/07
570011-005        MICRO MODEL3 FULL  0232          3324  0582    SWBTE 92/08/07
470269-001        PCBA MAC III       J0166648      3324  274     BTH   92/08/07
390009-001        P/S MODULE EMERSO  Y2879         3324  358     BTH   92/08/07
470174-001        MICRO-ENG. I/O BO  0389-001      3324  358     BTH   92/08/07
470174-001        MICRO-ENG. I/O BO  B0044094      3324  358     BTH   92/08/07
600043-001        ENGINE BLOWR UNIT  253222        3325          SNAR  92/08/11
600043-001        ENGINE BLOWER UNI  88A14         3325          SNAR  92/08/11
506-1-AC82                                         3326          RC    92/08/14
BLANK PROMS                                        3326          RC    92/08/14
2224-05           INFOCORE 2400 MNP  686           3327  0590    INF   92/08/14
2224-05           INFOCORE 2400 MNP  1240          3327  0590    INF   92/08/14
2224-05           INFOCORE 2400 MNP  1290          3327  0590    INF   92/08/14
2224-05           INFOCORE 2400 MNP  789           3327  0590    INF   92/08/14
2224-05           INFOCORE 2400 MNP  2080          3327  0590    INF   92/08/14
2224-05           INFOCORE 2400 MNP  1762          3327  0590    INF   92/08/14
2224-05           INFOCORE 2400 MNP  1158          3327  0590    INF   92/08/14
2224-05           INFOCORE 2400 MNP  1066          3327  0590    INF   92/08/14
6                                                  3327  0590    INF   92/08/14
650041-001        P/S FOR MINI ENGI  463           3328  0579    SWBTE 92/08/17
470147-001        PCBA SEMI MEM FUL  0324-0016     3329  404     BER   92/08/17
470379-001        PCBA ABC-SIO VII   C790610276    3330  375     BAH   92/08/17
470109-002        PCBA MAC II - MUL  8024-0089     3331  0588    SWBTE 92/08/28
470349-001        PCBA ABC-SIO III   C490910998    3331  0597    SWBTE 92/08/28
470123-001        PCA/ABC SIO        A100301       3331  0598    SWBTE 92/08/28
470147-001        PCBA SEMI MEM FUL  V2603-0050    3331  0599    SWBTE 92/08/28
470212-002        PCBA 4CH SYNC RS2  J0200756      3331  0601    SWBTE 92/08/28
390016-001        XL50-3601/4601R P  NONE          3331  0602    SWBTE 92/08/28
470112-001        PCBA SYNC I/O      B0048020      3332  389     BTA   92/08/28
470204-001        PCBA 4CHNL SYNC S  B0047862      3332  390     BTA   92/08/28
470208-001        PCBA CNTRL CD. PS  AU-AAA0903    3332  391     BTA   92/08/28
470190-001        PCA/ABC BKPLANE P  B0041009      3332  392     BTA   92/08/28
470147-001        PCBA SEMI MEM FUL  85-148-5      3333  393     BTA   92/08/28
390009-001        P/S MODULE EMERSO  AD9293        3334  378     BTH   92/08/28
470269-001        PCBA MAC III       J0124593      3334  378     BTH   92/08/28
470174-001        MICRO-ENG. I/O BO  00040005      3334  383     BTH   92/08/28
390010-001        P/S MODULE 3:1 PM  160085        3334  383     BTH   92/08/28
390010-001        P/S MODULE 3:1 PM  175760        3334  383     BTH   92/08/28
390010-001        P/S MODULE 3:1 PM  159994        3334  383     BTH   92/08/28
390050-001        P/S FOR BATT BKUP  505UB00408    3335  369     BTA   92/08/28
2224-05           INFOCORE 2400 MNP  M0247D0       3336  0604    INF   92/08/28
2224-05           INFOCORE 2400 MNP  MK880D0       3336  0604    INF   92/08/28
2224-05           INFOCORE 2400 MNP  M2957C0       3336  0604    INF   92/08/28
2224-05           INFOCORE 2400 MNP  761           3336  0604    INF   92/08/28
2224-05           INFOCORE 2400 MNP  300           3336  0604    INF   92/08/28
2224-05           INFOCORE 2400 MNP  1360          3336  0604    INF   92/08/28
3-3607            MODEM PENRIL 9600  522           3337  0604    INF   92/09/01
2224-05           INFOCORE 2400 MNP  M0172D0       3337  0604    INF   92/09/01
2224-05           INFOCORE 2400 MNP  2461          3337  0604    INF   92/09/01
2224-05           INFOCORE 2400 MNP  1158          3337  0604    INF   92/09/01
2224-05           INFOCORE 2400 MNP  1056          3337  0604    INF   92/09/01
2224-05           INFOCORE 2400 MNP  NONE          3337  0604    INF   92/09/01
PROM SETS         PLEASE BURN AND R  THANK YOU.    3338          RC    92/09/01
390021-001        BATTERY 6V                       3339  910580  TAUB  92/09/01
640026-001        PCBA MULTIFUNCTIO  V7010-0021    3340  0593    SWBTE 92/09/03
470137-002        PCBA CPU MAC 3 OR  2137-196      3340  0596    SWBTE 92/09/03
570011-001        MICRO MODEL1 1/2   S0627         3340  0600    SWBTE 92/09/03
470136-003        PCBA ROM IO MAC 3  8509-0008     3341  385     BTA   92/09/04
570011-006        MICRO MODEL3 FULL  M750          3341  388     BTA   92/09/04
470137-002        PCBA CPU MAC 3 OR  0V0204-0063   3341  394     BTA   92/09/04
570011-002        MICRO MODEL1 1/2   M2331         3341  396     BTA   92/09/04
570011-002        MICRO MODEL1 1/2   M2338         3341  399     BTA   92/09/04
570011-006        MICRO MODEL3 FULL  M713          3341  400     BTA   92/09/04
600142-001        MODEM TRI-ROCK CD  1I01613       3342  357     PTE   92/09/04
600142-001        MODEM TRI-ROCK CD  M1B0468       3343  355     MDCQU 92/09/04
470298-001        PCBA INPUT/OUTPUT  J0149155      3344  347     MDC2  92/09/04
570011-007        MICRO MODEL4 HDLC  21019         3345  0592    EDS   92/09/08
570011-005        MICRO MODEL3 FULL  C008437       3345  0592    EDS   92/09/08
2224-05           INFOCORE 2400 MNP  1247          3346  0605    INF   92/09/08
2224-05           INFOCORE 2400 MNP  1065          3346  0605    INF   92/09/08
2224-05           INFOCORE 2400 MNP  744           3346  0605    INF   92/09/08
2224-05           INFOCORE 2400 MNP  1168          3346  0605    INF   92/09/08
2224-05           INFOCORE 2400 MNP  MK880D        3346  0605    INF   92/09/08
470137-002        PCBA CPU MAC 3 OR  V1377-0078    3347  0606    ALA   92/09/10
470123-001        PCA/ABC SIO        00074525      3348  0594    SWBTE 92/09/11
470123-001        PCA/ABC SIO        J0069239      3348  0595    SWBTE 92/09/11
650072-013        ATC-PLUS 8CH 115V  20066         3348  0603    SWBTE 92/09/11
650072-013        ATC-PLUS 8CH 115V  0353R         3349  0591    BTTGU 92/09/11
390006-001        P/S MODULE PMI/5V  112206        3350  405     BTTTR 92/09/11
ALC-16            PROMS FOR REBURNI                3351          RC    92/09/14
4483110NP         P R I N T E R - P  23-16043      3352          XERXE 92/09/14
4483110NP         P R I N T E R - P  23-39259      3352          XERXE 92/09/14
4483110NP         P R I N T E R - P  23-BA615      3352          XERXE 92/09/14
4483110NP         P R I N T E R - P  23-35421      3352          XERXE 92/09/14
470123-001        PCA/ABC SIO        J0089950      3353  316     BTA   92/09/15
390013-001        P/S 5V SK5-40 (MI  AA-AAA1002    3353  384     BTA   92/09/15
650077-002        PICO-ENGINE ASSY.  720:00323     3353  386     BTA   92/09/15
650077-002        PICO-ENGINE ASSY.  720:00241     3353  387     BTA   92/09/15
650077-002        PICO-ENGINE ASSY.  720:00140     3353  395     BTA   92/09/15
650001-002        P/S FOR SINGLE BU  497           3353  397     BTA   92/09/15
650041-002        P/S FOR MINI ENGI  30670         3353  398     BTA   92/09/15
390013-001        P/S 5V SK5-40 (MI  AA-AAA0060    3353  401     BTA   92/09/15
650072-013        ATC-PLUS 8CH 115V  0517          3354  0607    SWBTE 92/09/16
470123-001        PCA/ABC SIO        4015-0035     3354  0608    SWBTE 92/09/16
390060-001        P/S POWER ONE MAP  N320300       3355  408     NIS   92/09/16
390060-001        P/S POWER ONE MAP  N281192       3355  408     NIS   92/09/16
390060-001        P/S POWER ONE MAP  N320306       3355  408     NIS   92/09/16
390060-001        P/S POWER ONE MAP  N320296       3355  408     NIS   92/09/16
390060-001        P/S POWER ONE MAP  N281186       3355  408     NIS   92/09/16
390060-001        P/S POWER ONE MAP  N281194       3355  408     NIS   92/09/16
390060-001        P/S POWER ONE MAP  N309984       3355  408     NIS   92/09/16
390060-001        P/S POWER ONE MAP  N281191       3355  408     NIS   92/09/16
570011-008        MICRO MODEL4 HDLC  21026         3356  0592    EDS   92/09/17
570011-008        MICRO MODEL4 HDLC  C008432       3356  0592    EDS   92/09/17
2224-05           INFOCORE 2400 MNP  1152          3357  0611    INF   92/09/22
2224-05           INFOCORE 2400 MNP  1019          3357  0611    INF   92/09/22
2224-05           INFOCORE 2400 MNP  1068          3357  0611    INF   92/09/22
2224-05           INFOCORE 2400 MNP  1003          3357  0611    INF   92/09/22
2224-05           INFOCORE 2400 MNP  777           3357  0611    INF   92/09/22
2224-05           INFOCORE 2400 MNP  1349          3357  0611    INF   92/09/22
650041-002        P/S FOR MINI ENGI  30844         3358  403     MDC   92/09/25
470147-001        PCBA SEMI MEM FUL  9035-0013     3359  0532    SWBTE 92/09/25
3-3602            MODEM PENRIL CADE  1791          3360  0614    INFO  92/10/01
3-3602            MODEM PENRIL CADE  1085          3360  0614    INFO  92/10/01
3-3601            MODEM PENRIL CADE  7372          3360  0614    INFO  92/10/01
3-3601            MODEM PENRIL CADE  7278          3360  0614    INFO  92/10/01
3-3601            MODEM PENRIL CADE  5090          3360  0614    INFO  92/10/01
2224-05           INFOCORE 2400 MNP  NONE          3361  0616    INF   92/10/01
2224-05           INFOCORE 2400 MNP  1112          3361  0616    INF   92/10/01
2224-05           INFOCORE 2400 MNP  1132          3361  0616    INF   92/10/01
3-3607            MODEM PENRIL 9600  501           3361  0616    INF   92/10/01
600264-001        MODEM CDS 296 DIA  D106051       3362  0609    JAC   92/10/01
600264-001        MODEM CDS 296 DIA  D101141       3363  0613    EXCEL 92/10/01
470212-002        PCBA 4CH SYNC RS2  J0110427      3364  0612    TSI   92/10/08
650041-002        P/S FOR MINI ENGI  30592         3364  0612    TSI   92/10/08
470360-001        PCBA SP PXL-1      C600710460    3365  406     PTE   92/10/08
470147-001        PCBA SEMI MEM FUL  1144-0048     3366  331     BTA   92/10/08
470147-001        PCBA SEMI MEM FUL  Z0001260      3366  341     BTA   92/10/08
650072-013        ATC-PLUS 8CH 115V  5285          3366  379     BTTGU 92/10/08
470137-002        PCBA CPU MAC 3 OR  1790-0034     3367  0615    ALA   92/10/08
470137-002        PCBA CPU MAC 3 OR  V1377-0078    3367  0615    ALA   92/10/08
INCORRECT PART S  INCORRECT ITEM                   3368          ADVAN 92/10/13
4600X             PAPST/PAMOTOR      N54822        3369          SFOC1 92/10/13
470123-001        PCA/ABC SIO        0071-0002     3370  0584    SWBTE 92/10/14
470147-001        PCBA SEMI MEM FUL  1910-0098     3370  0619    SWBTE 92/10/14
470123-001        PCA/ABC SIO        J0069239      3370  0621    SWBTE 92/10/14
470123-001        PCA/ABC SIO        J0181690      3370  0622    SWBTE 92/10/14
470284-001        PCBA CPU III STD   J0103539      3370  0612    TSI   92/10/14
470147-001        PCBA SEMI MEM FUL  8009-0047     3371  319     BTA   92/10/16
470123-001        PCA/ABC SIO        J0055961      3371  371     BTA   92/10/16
470122-001        HALF SUPER CLOCK   R0267-1016    3371  373     BTA   92/10/16
470147-001        PCBA SEMI MEM FUL  9035-0007     3372  0618    SWBTE 92/10/16
470349-001        PCBA ABC-SIO III   C490910865    3372  0620    SWBTE 92/10/16
570011-006        MICRO MODEL3 FULL  C008316       3373  0610    EDS   92/10/16
570011-007        MICRO MODEL4 HDLC  MC2422        3374  0612    TSI   92/10/16
470367-001        PCBA MOTHER BOARD  CP80110009    3375          BTSJO 92/10/20
470367-001        PCBA MOTHER BOARD  C670121436    3375          BTSJO 92/10/20
470367-001        PCBA MOTHER BOARD  C670710809    3375          BTSJO 92/10/20
470367-001        PCBA MOTHER BOARD  C670710910    3375          BTSJO 92/10/20
470367-001        PCBA MOTHER BOARD  CP80110023    3375          BTSJO 92/10/20
470367-001        PCBA MOTHER BOARD  C670911014    3375          BTSJO 92/10/20
470367-001        PCBA MOTHER BOARD  C670121435    3375          BTSJO 92/10/20
470367-001        PCBA MOTHER BOARD  C670121440    3375          BTSJO 92/10/20
470367-001        PCBA MOTHER BOARD  C670121438    3375          BTSJO 92/10/20
470367-001        PCBA MOTHER BOARD  C670321486    3375          BTSJO 92/10/20
470367-001        PCBA MOTHER BOARD  CP80110127    3375          BTSJO 92/10/20
470367-001        PCBA MOTHER BOARD  C670710959    3375          BTSJO 92/10/20
470367-001        PCBA MOTHER BOARD  C670911036    3375          BTSJO 92/10/20
470367-001        PCBA MOTHER BOARD  C670710820    3375          BTSJO 92/10/20
470367-001        PCBA MOTHER BOARD  C670710796    3375          BTSJO 92/10/20
570054-001        PXL-1 BASE UNIT    CPX1010863    3375          BTSJO 92/10/20
2224-05           INFOCORE 2400 MNP  1091          3376  0623    INF   92/10/20
2224-05           INFOCORE 2400 MNP  1119          3376  0623    INF   92/10/20
2224-05           INFOCORE 2400 MNP  300           3376  0623    INF   92/10/20
2224-05           INFOCORE 2400 MNP  2435          3376  0623    INF   92/10/20
2224-05           INFOCORE 2400 MNP  1133          3376  0623    INF   92/10/20
2224-05           INFOCORE 2400 MNP  880D0         3376  0623    INF   92/10/20
2224-05           INFOCORE 2400 MNP  986           3377  0629    INF   92/10/27
2224-05           INFOCORE 2400 MNP  1334          3377  0629    INF   92/10/27
2224-05           INFOCORE 2400 MNP  992           3377  0629    INF   92/10/27
570011-001        MICRO MODEL1 1/2   0193          3378  0617    SWBTE 92/10/29
570011-005        MICRO MODEL3 FULL  0232          3378  0625    SWBTE 92/10/29
570011-008        MICRO MODEL4 HDLC  C008439       3379  0610    EDS   92/10/29
CC51467           8088-2 SMD                       3380  102992  SUP   92/10/30
600142-001        MODEM TRI-ROCK CD  M1E0038       3381  01      SFOD2 92/11/05
640047-001        P/S FOR MINI ENG.  514           3382  0624    SWBTE 92/11/09
^                                                  3382  0624    SWBTE 92/11/09
470109-002        PCBA MAC II - MUL  V2550-0078    3382  0627    SWBTE 92/11/09
470147-001        PCBA SEMI MEM FUL  V411-0042     3382  0628    SWBTE 92/11/09
600264-003        PCB CDS SLIC CARD  M9L0008       3383  409     MDCQU 92/11/12
600264-002        MODEM CDS 296 DIA  M1C0303       3383  409     MDCQU 92/11/12
600264-003        PCB CDS SLIC CARD  M9L0106       3383  409     MDCQU 92/11/12
470305-001        PCBA I/O 8PORT CT  R180310959    3383  409     MDCQU 92/11/12
570064-001        ASSY WHOLE PXL-1   CPX0610548    3383  409     MDCQU 92/11/12
2224-05           INFOCORE 2400 MNP  585           3384  0630    INF   92/11/12
2224-05           INFOCORE 2400 MNP  1739          3384  0630    INF   92/11/12
2224-05           INFOCORE 2400 MNP  2171          3384  0630    INF   92/11/12
650072-013        ATC-PLUS 8CH 115V  0527          3385  0632    SWBTE 92/11/12
600142-001        MODEM TRI-ROCK CD  M9H0340       3386  02      TULA1 92/11/12
650072-013        ATC-PLUS 8CH 115V  5332          3387  0634    ALA2  92/11/17
570011-007        MICRO MODEL4 HDLC  MC2422        3388  0635    TSI   92/11/17
640046-001        P/S FOR SINGLE OR  1197          3389  0626    ALA   92/11/18
01 NSL            700-0708-03                      3390  W0680006CONF  92/11/19
390016-001        ATC POWER SUPPLY   HGZ-7939      3391  0636    SWBTE 92/11/20
470212-002        PCBA 4CH SYNC RS2  B0043515      3392  0638    TSI   92/11/20
570011-002        MICRO MODEL1 1/2   C008346       3393  0633    EDS   92/11/20
570011-002        MICRO MODEL1 1/2   M229          3393  0633    EDS   92/11/20
570011-006        MICRO MODEL3 FULL  20538         3393  0633    EDS   92/11/20
470379-001        PCBA ABC-SIO VII   C790610276    3394  407     BAH   92/11/20
600264-002        MODEM CDS 296 DIA  M9K0160       3395  409     MDCQU 92/11/20
4483110NP         P R I N T E R - P  23-AN982      3396  R1051141SRS   92/11/24
4483110NP         P R I N T E R - P  23-E8957      3396  R1051141SRS   92/11/24
4483110NP         P R I N T E R - P  23-89974      3396  R1051141SRS   92/11/24
4483110NP         P R I N T E R - P  23-B0569      3396  R1051141SRS   92/11/24
4483110NP         P R I N T E R - P  23-E9912      3396  R1051141SRS   92/11/24
4483100           PRINTHEAD P.O.S.   079502        3396  R1051141SRS   92/11/24
4483100           PRINTHEAD P.O.S.   019908        3396  R1051141SRS   92/11/24
4483100           PRINTHEAD P.O.S.   116531        3396  R1051141SRS   92/11/24
4483100           PRINTHEAD P.O.S.   127118        3396  R1051141SRS   92/11/24
4483100           PRINTHEAD P.O.S.   127119        3396  R1051141SRS   92/11/24
570011-001        MICRO MODEL1 1/2   0552          3397  0634    ALA   92/11/30
650041-001        P/S FOR MINI ENGI  481           3398  0637    SWBTE 92/11/30
470147-001        PCBA SEMI MEM FUL  9035-0007     3398  0640    SWBTE 92/11/30
570011-002        MICRO MODEL1 1/2   C008248       3398  0633    EDS   92/11/30
470136-003        PCBA ROM IO MAC 3  2089-0067     3399  0639    SWBTE 92/12/11
650072-013        ATC-PLUS 8CH 115V  0173          3399  0641    SWBTE 92/12/11
2224-05           INFOCORE 2400 MNP  964           3400  0643    INF   92/12/14
2224-05           INFOCORE 2400 MNP  00111932      3400  0643    INF   92/12/14
2224-05           INFOCORE 2400 MNP  1158          3400  0643    INF   92/12/14
2224-05           INFOCORE 2400 MNP  M0172D0       3400  0643    INF   92/12/14
2224-05           INFOCORE 2400 MNP  M0957C0       3400  0643    INF   92/12/14
2224-05           INFOCORE 2400 MNP  303           3400  0644    INF   92/12/14
2224-05           INFOCORE 2400 MNP  1334          3400  0644    INF   92/12/14
650041-001        P/S FOR MINI ENGI  1076          3401  426     PTE   92/12/14
390060-001        P/S POWER ONE MAP  N167763  54953  1   29070   POC   92/12/17
390060-001        P/S POWER ONE MAP  N153312  54953  1   29070   POC   92/12/17
390060-001        P/S POWER ONE MAP  N153340  54953  1   29070   POC   92/12/17
390060-001        P/S POWER ONE MAP  N153709  54953  1   29070   POC   92/12/17
390060-001        P/S POWER ONE MAP  N168008  54953  1   29070   POC   92/12/17
390060-001        P/S POWER ONE MAP  N153628  81035  1   29070   POC   92/12/17
6428946           POWER SUPPLY P.O.  145664   23816  1   92199   AMCOM 92/12/18
6428946           POWER SUPPLY P.O.  248332   23816  1   92199   AMCOM 92/12/18
6428946           POWER SUPPLY P.O.  143497   23816  1   92199   AMCOM 92/12/18
6428946           POWER SUPPLY P.O.  211465   23816  1   92199   AMCOM 92/12/18
6428946           POWER SUPPLY P.O.  17061    23816  1   92199   AMCOM 92/12/18
6428946           POWER SUPPLY P.O.  15510    23816  1   92199   AMCOM 92/12/18
390006-001        P/S MODULE PMI/5V  112206        3402  427     BTTTR 92/12/18
6428946           POWER SUPPLY P.O.  6198          3403  92165   AMCOM 92/12/22
6428946           POWER SUPPLY P.O.  147428        3403  92165   AMCOM 92/12/22
6428946           POWER SUPPLY P.O.  73694         3403  92165   AMCOM 92/12/22
6428946           POWER SUPPLY P.O.  36137         3403  92165   AMCOM 92/12/22
6428946           POWER SUPPLY P.O.  22429         3403  92165   AMCOM 92/12/22
6428946           POWER SUPPLY P.O.  116574        3403  92165   AMCOM 92/12/22
6428946           POWER SUPPLY P.O.  56589         3403  92165   AMCOM 92/12/22
6428946           POWER SUPPLY P.O.  153873        3403  92165   AMCOM 92/12/22
6428946           POWER SUPPLY P.O.  143882        3403  92165   AMCOM 92/12/22
6428946           POWER SUPPLY P.O.  65454         3403  92165   AMCOM 92/12/22
6428946           POWER SUPPLY P.O.  41448         3403  92165   AMCOM 92/12/22
6428946           POWER SUPPLY P.O.  115205        3403  92165   AMCOM 92/12/22
6428946           POWER SUPPLY P.O.  108146        3403  92165   AMCOM 92/12/22
6428946           POWER SUPPLY P.O.  35747         3403  92165   AMCOM 92/12/22
6428946           POWER SUPPLY P.O.  20654         3403  92165   AMCOM 92/12/22
   8@dj