0029G1          SPINDLE ASSY                A10MB            DRIVE AMPEX
0058G1          PCB SECTOR VFO              A10MB            DRIVE AMPEX
0081G9          POSITIONER ASSY.            A10MB            DRIVE AMPEX
0095P8          HEAD UPPER R/W              A10MB            DRIVE AMPEX
0114G1          PCB SERVO                   A10MB            DRIVE AMPEX
0131G1          PCB TERMINATOR              A10MB            DRIVE AMPEX
0147P242        TOPLOAD 200 TPI 24 SECTOR   A10MB            DRIVE AMPEX
0164G1          CABLE 8 FT. I/O             A10MB            DRIVE AMPEX
0164G15         CABLE 15 FT. DAISY CHAIN    A10MB            DRIVE AMPEX
0164G20         CABLE 20 FT. DAISY CHAIN    A10MB            DRIVE AMPEX
0164G4          CABLE 11 FT. DAISY CHAIN    A10MB            DRIVE AMPEX
0191P1          DUMMY SECTOR RING           A10MB            DRIVE AMPEX
0213G1          POWER SUPPLY                A10MB            DRIVE AMPEX
0217G5          MOTOR ASSY 115V/60HZ        A10MB            DRIVE AMPEX
0252P1          CONTAINER  FIX DISC         A10MB            DRIVE AMPEX
028-020         HEAD SERVO                  A300MB           DRIVE AMPEX
028-023         HEAD  READ/WRITE RIGHT DOW  A300MB           DRIVE AMPEX
028-025         HEAD  READ/WRITE LEFT DOWN  A300MB           DRIVE AMPEX
03318           SCREW FLT. TIME ADJ.        03318            DATA PRINTER
03335G1         OFFSET ACTUATOR             03335G1          DATA PRINTER
0380G1          PICKUP ASSY T/L             A10MB            DRIVE AMPEX
0434G1          CABLE ASSY. ADAPTER         A10MB            DRIVE AMPEX
100-CP2         PCB CONTROLLER              100-CP2          PCB    DCA   
100-CP2R        PCB CONTROLLER & RCO        100-CP2R         PCB    DCA   
100-RCO         PCB  RCO                    100-RCO          PCB    DCA   
110-8TE         CARDFILE 8 PORT             110-8TE          CARDFILE DCA
120-TTE         CARDFILE  16 PORT           120-TTE          CARDFILE DCA
NCF-60          CARDFILE 8 PORT NO FLOPPY DRIVES             CARDFILE DCA
1200            MODEM SMART EXTERNAL 1200   07-00038         MODEM HAYES
12004           PCB CHAR. STORAGE CONT      12004            DATA PRINTER
12012           PCB PAPER/RIBBON            12012            DATA PRINTER
12016           PCB RIBBON DR.+CLUTCH       12016G1          DATA PRINTER
12026           PCB H.S.HAMMER DRIVE        12026            DATA PRINTER
12034           PCB ALARM INDICATOR PANEL   12034            DATA PRINTER
12046G1         PCB DPC/DPC ADAPTOR         16875            DATA PRINTER
12056G2         DPC/CDC/I/O ADPT. W/O RES   16875            DATA PRINTER
12510G1         CABLE HEAD ASSY.            12510G1          DATA PRINTER
12513           STATIC ELIMINATOR TRANSF.   12513            DATA PRINTER
12517G2         SRTOBE ASSY. 1/2 IN.        12517G2          DATA PRINTER
12523           CABLE HARNESS P/S SEQ.      12523            DATA PRINTER
12528G1         STATIC BAR ASSY.            12528G1          DATA PRINTER
13034G1         C/T HAMMER ASSY.(ODD)       13034G1          DATA PRINTER
135-0056-001    BELT FLAT                   A10MB            DRIVE AMPEX
14007           BELT ASSY. TRACTOR          14007            DATA PRINTER
14082G1         SHIELD PIN PLT-LH           14082G1          DATA PRINTER
14083G1         LINE COUNT S/A              14083G1          DATA PRINTER
14096-002       BELT 3M-300                 14096-002        DATA PRINTER
14096-004       BELT 3M-315                 14096-004        DATA PRINTER
14096-006       BELT 3M-335                 14096-006        DATA PRINTER
14096-008       BELT 5M-335                 14096-008        DATA PRINTER
14096-010       BELT 3M-290                 14096-010        DATA PRINTER
14096-012       BELT 5M-450                 14096-012        DATA PRINTER
14096-014       BELT 5M-387                 14096-014        DATA PRINTER
14096-016       BELT V  5M-500              14096-016        DATA PRINTER
14096-018       BELT 5M-365                 14096-018        DATA PRINTER
14231G1         SWITCH/CABLE ASSY.SPARE     14231G1          DATA PRINTER
14236-012       BELT SPARES ONLY TRACTOR    14236-012        DATA PRINTER
14244G1         SWITCH & CABLE ASSY         14244G1          DATA PRINTER
145-0017-001    MOTOR START RELAY           A10MB            DRIVE AMPEX
14519           BELT (PAPERFEED)            14519            DATA PRINTER
14533G1         CABLE ASSY. VFU 8 CHL.      14533G1          DATA PRINTER
15000068A       PWR CORD VADIC PWR SUPPLY   15000068A        CORD  VADIC
15303           MOTOR D.P.                  15303            DATA PRINTER
15530-3         MOTOR DRIVE                 15530-3          DATA PRINTER
160001-001      EIA CBL TO PARADYNE 5'      160001-001       CABLE ENGIN
160001-002      EIA CBL TO PARADYNE  10'    160001-002       CABLE ENGIN
160001-003      EIA CBL TO PARADYNE  25'    160001-003       CABLE ENGIN
160001-004      EIA CBL TO PARADYNE  50'    160001-004       CABLE ENGIN
160001-005      ANALYSIS CASCADE CBL5'      160001-005       CABLE ENGIN
160001-006      ANALYSIS CASCADE CBL 15'    160001-006       CABLE ENGIN
160001-007      UNIVERSAL ANALYSIS   25'    160001-007       CABLE ENGIN
160002-001      EIA BRIDGE CASCADE ASSY     160002-001       CABLE ENGIN
160004-001      LISA VOICE RESPONSE UNIT    160004-001       CABLE ENGIN
160006-001      SYNC MODEM CABLE            CNP66            CABLE ENGIN
160007-001      CABLE ASSY 113 DATASET      ASC116-1/15'     CABLE ENGIN
160007-002      CABLE ASSY 113 DATASET      ASC116-1/25'     CABLE ENGIN
160007-003      CABLE ASSY 113 DATASET      ASC116-1/35'     CABLE ENGIN
160007-004      CABLE ASSY 113 DATASET      ASC116-1/50'     CABLE ENGIN
160008-003      CBL TAPE CONTROLLER K9000   ASX16-2          CABLE KENNEDY
160010-001      CABLE ASSY 113 DATASET      ASC117-1/5'      CABLE VADIC
160010-002      CABLE ASSY 113 DATASET      ASC117-1/15'     CABLE VADIC
160010-003      CABLE ASSY 113 DATASET      ASC117-1/25'     CABLE VADIC
160010-004      CABLE ASSY 113 DATASET      ASC117-1/35'     CABLE VADIC
160010-005      CABLE ASSY 113 DATASET      ASC117-1/50'     CABLE VADIC
160010-006      CABLE ASSY 113 DATASET      ASC117-1/100'    CABLE VADIC
160010-007      CABLE ASSY 113 DATASET      ASC117-1/150'    CABLE VADIC
160011-001      CABLE ASSY 202 DATASET      ASC118-1/25'     CABLE ENGIN
160013-001      CABLE ASSY SYNC REMOTE      ASC119-1/3'      CABLE ENGIN
160013-002      CABLE ASSY SYNC REMOTE      ASC119-1/15'     CABLE ENGIN
160013-003      CABLE ASSY SYNC REMOTE      ASC119-1/25'     CABLE ENGIN
160013-004      CABLE ASSY SYNC REMOTE      ASC119-1/35'     CABLE ENGIN
160013-005      CABLE ASSY SYNC REMOTE      ASC119-1/50'     CABLE ENGIN
160013-006      CABLE ASSY SYNC REMOTE      ASC119-1/100'    CABLE ENGIN
160014-001      CBL ASSY SYNC SUPERVISOR    ASC120-1/3'      CABLE ENGIN
160014-002      CBL ASSY SYNC SUPERVISOR    ASC120-1/6'      CABLE ENGIN
160014-003      CBL ASSY SYNC SUPERVISOR    ASC120-1/15'     CABLE ENGIN
160014-004      CBL ASSY SYNC SUPERVISOR    ASC120-1/25'     CABLE ENGIN
160014-005      CBL ASSY SYNC SUPERVISOR    ASC120-1/50'     CABLE ENGIN
160015-001      CBL ASSY MOD 600 DATASET    ASC132-1         CABLE ENGIN
160015-002      CBL ASSY MOD 600 DATASET    ASC132-2         CABLE ENGIN
160016-001      CBL ASSY MOD 125 INTF       ASC135-1         CABLE ENGIN
160017-001      CBL ASSY MONITOR PANEL      ASC142-1         CABLE ENGIN
160019-002      CABLE ASSY POWERFAIL        ASC144-2         CABLE ENGIN
160020-001      CBL 8" CAP INTERCONNECT     ASC153-1         CABLE ENGIN
160021-001      CBL FRNT-BKPL INTERCONECT   ASC158-1         CABLE ENGIN
160022-001      CBL PWR TO SEC CHASSIS J2   ASC166-1         CABLE ENGIN
160023-001      CBL ASSY MONITOR PANEL      ASC169-1         CABLE ENGIN
160024-001      CABLE ROM I/O TO CPU 3/4'   ASC170-1         CABLE ENGIN
160024-002      CABLE ROM I/O TO CPU2'      ASC170-2         CABLE ENGIN
160025-001      CABLE ROM TO MAC 3/4        ASC171-1         CABLE ENGIN
160025-002      CABLE ASSY ROM TO MAC2'     ASC171-2         CABLE ENGIN
160026-001      CABLE CONN. PANEL GROUND    ASC174-1         CABLE ENGIN
160027-001      CBL ASSY SIGNAL GND STRAP   ASC175-1         CABLE ENGIN
160028-001      CABLE PWR FRT CONSOLE       ASC176-1         CABLE ENGIN
160029-001      CABLE PWR TO CHASSIS 6"     ASC177-1         CABLE ENGIN
160029-002      CABLE PWR TO CHASSIS 36"    ASC177-2         CABLE ENGIN
160030-001      CABLE MONITOR REAR MNT.     ASC179-1         CABLE ENGIN
160031-001      CABLE PWR TO PRIMRY CHAS    ASC180-1         CABLE ENGIN
160032-001      CABLE PWR CTRL & FAN 3'     ASC181-1         CABLE ENGIN
160032-002      CABLE PWR CTRL & FAN 4'     ASC181-2         CABLE ENGIN
160032-003      CABLE PWR CTRL & FAN 5.5'   ASC181-3         CABLE ENGIN
160033-001      CABLE DMA TO MAC 26 PIN     ASC182-1         CABLE ENGIN
160034-001      CABLE DMA TO MAC 34 PIN     ASC183-1         CABLE ENGIN
160034-002      CBL ASSY MACK DMA 3'        ASC183-2         CABLE ENGIN
160034-003      CABLE DMA TO MAC 34P 6'     ASC183-3         CABLE ENGIN
160034-004      9' BUCKET TO NEIGHBOR ENG   ASC184-4         CABLE ENGIN
160034-005      CBL ASSY MACK DMA2'         ASC184-5         CABLE ENGIN
160034-006      12' CONT CD TO MBD CBL      ASC184-6         CABLE ENGIN
160035-001      CABLE SYST CONSOLE DATA     ASC184-1         CABLE ENGIN
160036-001      CABLE ASSY PWR. J1          ASC186-1         CABLE ENGIN
160037-001      CABLE PWR. SUPPLY J2-J3     ASC187-1         CABLE ENGIN
160038-001      CABLE ASSY SIGNAL           ASC188-1         CABLE ENGIN
160039-001      CBL ASSY V.35 TERMINAL      ASC189-1         CABLE ENGIN
160040-001      CBL ASSY DC RETURN 9.63"    ASC190-1         CABLE ENGIN
160040-002      CBL ASSY DC RETURN 7.00"    ASC190-2         CABLE ENGIN
160040-003      CBL ASSY DC RETURN 3.38"    ASC190-3         CABLE ENGIN
160040-004      CBL ASST DC RETURN 15.50"   ASC190-4         CABLE ENGIN
160041-001      CABLE NETWORK LOADING       ASC192-1         CABLE ENGIN
160042-001      CABLE ASSY AC HARNESS#1     ASC193-1         CABLE ENGIN
160042-002      CABLE ASSY AC HARNESS#2     ASC193-2         CABLE ENGIN
160043-001      CBL ASSY FAN & CNTRL PWR    ASC194-1         CABLE ENGIN
160044-001      CBL ASYNC INTERCONECT PNL   ASC196-1         CABLE ENGIN
160045-001      CBL SYNC INTERCONECT PNL    ASC197-1         CABLE ENGIN
160046-001      CBL ASSY HWIRE TERML INTC   ASC198-1         CABLE ENGIN
160047-001      CBL ASSY ANALOG MTR  INTF   ASC199-1         CABLE ENGIN
160049-001      CBL "S"RIBBON SIO 4 CHNL    ASC201-1         CABLE ENGIN
160050-001      CABLE ASSY PWR 220V ENG     ASC202-1         CABLE ENGIN
160051-001      CBL ASSY CDC9322 PRINTER    ASC203-1         CABLE CDC
160052-001      CBL ASSY 801/103 DATASET    ASC204-1         CABLE ENGIN
160053-001      CABLE V.35 INTF.            ASC205-1         CABLE ENGIN
160053-002      CABLE V.35 INTF.            ASC205-1         CABLE ENGIN
160053-003      CABLE V.35 INTF.            ASC205-1         CABLE ENGIN
160053-004      CABLE V.35 INTF.            ASC205-1         CABLE ENGIN
160053-005      CABLE V.35 INTF.            ASC205-1         CABLE ENGIN
160053-006      CABLE V.35 INTF.            ASC205-1         CABLE ENGIN
160053-007      CABLE V.35 INTF.            ASC205-1         CABLE ENGIN
160053-008      CABLE V.35 INTF.            ASC205-1         CABLE ENGIN
160054-001      CBL ASSY SIO TWIST PR 25'   ASC206-1         CABLE ENGIN
160054-002      CBL ASSY SIO TWIST PR 50'   ASC206-2         CABLE ENGIN
160054-003      CBL ASSY SIO TWST PR 100'   ASC206-3         CABLE ENGIN
160054-004      CBL ASSY SIO TWST PR 125'   ASC206-4         CABLE ENGIN
160055-001      CABLE SIO-RIBBON BUS        ASC207-1         CABLE ENGIN
160056-001      CBL PRINTER INTERCONNECT    ASC208-1         CABLE ENGIN
160057-001      CBL CURRENT LOOP INTERFAC   ASC208-1         CABLE ENGIN
160058-001      CABLE CONSOLE "S"           ASC210-1         CABLE ENGIN
160058-002      CBL ASSY "S" TICKLER        ASC210-2         CABLE ENGIN
160059-001      CBL MICROCONCNTRTR SYNC     ASC211-1         CABLE ENGIN
160060-001      CBL ASSY AUDIO TEST LINK    ASC212-1         CABLE ENGIN
160061-001      CABLE ASSY MICRCNCTR CNSL   ASC213-1         CABLE ENGIN
160062-001      CABLE MODEM TO PHONE/OCTAPUS ASC215-1        CABLE ENGIN
160063-001      CBL 300MB DISK SMD "A"      ASC219-1         CABLE ENGIN
160064-001      CBL 300MB DISK SMD "B"      ASC220-1         CABLE ENGIN
160065-001      CBL HARNESS PWR TO CHASSI   ASC221-1         CABLE MINI    
160066-001      CABLE ASSY AC POWER         ASC222-1         CABLE MINI    
160067-001      CBL PWR TO DISTRIBUTION     ASC223-1         CABLE ENGIN
160068-001      CABLE ASSY COMMON GRND      ASC224-1         CABLE ENGIN
160069-001      CABLE ASSY POWER            ASC225-1         CABLE MINI    
160070-001      FAN & CONSOLE CABLE ASSY    ASC226-1         CABLE ENGIN
160071-001      CABLE ASSY AC OUTLET        ASC227-1         CABLE ENGIN
160072-001      CABLE ASSY DC RETURN        ASC228-1         CABLE MINI    
160073-001      CBL ASSY REMOTE VOLTCNTRL   ASC229-1         CABLE ENGIN
160074-001      CBL AC NEUTRAL DISTRIBUTI   ASC230-1         CABLE MINI    
160075-001      CABLE EIA TEST              ASC231-1         CABLE ENGIN
160076-001      CABLE ASSY TEST WWVB        ASC232-1         CABLE ENGIN
160077-001      CABLE ASSY CNTRL CONS       ASC233-1         CABLE ENGIN
160078-001      CABLE PRINTER               ASC234-1         CABLE ENGIN
160079-001      CABLE SIO DOUBLE PWR        ASC235-1         CABLE ENGIN
160080-001      CABLE ASSY INTERCON PANEL   ASC236-1         CABLE ENGIN
160080-002      CABLE ASSY "Y" INTERCON PANEL   ASC236-2         CABLE RIBBON
160081-001      CABLE ASSY V.35 CROSSOVR    ASC237-3         CABLE ENGIN
160082-001      CABLE SIO INTERFACE         ASC238-125       CABLE ENGIN
160082-002      CABLE O.C. SIO COAX         ASC238-50PP      CABLE ENGIN
160082-003      CBL ASSY O.C. SIO 175'      ASC238-100       CABLE ENGIN
160082-004      CBL ASSY O.C. SIO COAX      ASC238-150       CABLE ENGIN
160082-005      CBL ASSY O.C. SIO COAX      ASC238-500       CABLE ENGIN
160086-001      CABLE ASSY "S" RIBBON 72"   ASC149-1         CABLE ENGIN
160086-002      CABLE ASSY "S" RIBBON 9'    ASC149-2         CABLE ENGIN
160086-003      CABLE ASSY "S" RIBBON 12'   ASC149-3         CABLE ENGIN
160086-004      CABLE ASSY "S" RIBBON 12"   ASC149-4         CABLE ENGIN
160087-001      CABLE 50P TEL EXT 25'       160087-001       CABLE ENGIN
160089-001      CBL MOUSE KEYSET DC PWR     160089-001       CABLE ENGIN
160091-001      CBL MOUSE KEYSET 2PIN       160091-001       CABLE ENGIN
160091-002      CBL MOUSE KEYSET 24PIN      160091-002       CABLE ENGIN
160092-001      SINGLE CHASSIS DMA 26COND   160092-001       CABLE ENGIN
160093-001      SINGLE CHASSIS DMA 34COND   160092-001       CABLE ENGIN
160098-001      CABLE ADV REC SYS HOST 3'   160098-001       CABLE ENGIN
160098-002      CABLE ADV REC SYS HOST 15'  160098-002       CABLE ENGIN
160098-003      CABLE ADV REC SYS HST  25'  160098-003       CABLE ENGIN
160098-004      CABLE ADV REC SYS HOST 35'  160098-004       CABLE ENGIN
160098-005      CABLE ADV REC SYS HOST 50'  160098-005       CABLE ENGIN
160098-006      CABLE ADV REC SYS HST 100'  160098-006       CABLE ENGIN
160099-001      ADV REC SYS TERM TO MOD 3'  160099-001       CABLE ENGIN
160099-002      ADV REC SYS TERM TO MOD 15' 160099-002       CABLE ENGIN
160099-003      ADV REC SYS TERM TO MOD 25' 160099-003       CABLE ENGIN
160099-004      ADV REC SYS TERM TO MOD 35' 160099-004       CABLE ENGIN
160099-005      ADV REC SYS TERM TO MOD 50' 160099-005       CABLE ENGIN
160099-006      ADV REC SYS TERM TO MOD100' 160099-006       CABLE ENGIN
160100-001      SYNC 37PIN TEST PLUG        AST7-1           PLUG  ENGIN
160101-001      ASYNC 37PIN TEST PLUG SET8  AST8-1           PLUG  ENGIN
160102-001      CABLE ASSY CONSL PWR EXTRNL 160102-001       CABLE MICRO    
160103-001      CABLE ASSY "C" RIBBON 6'    ASC185-1         CABLE ENGIN
160105-001      CABLE HONEYWELL ASSY        ASC156-1         CABLE ENGIN
160107-001      CABLE QUICKLATCH TO CBB29   ASC88-1          CABLE ENGIN
160108-001      CABLE RIBBON "C"            ASC217-1         CABLE ENGIN
160109-001      CBL ASSY MICRO CONCNTRTR    ASC218-1         CABLE ENGIN
160110-001      CABLE ASSY DATASET DB25     ASC140-01JJ01'   CABLE ENGIN
160110-002      CABLE ASSY DATASET DB25     ASC140-01JJ1/2'  CABLE ENGIN
160110-003      CABLE ASSY DATASET DB25     ASC140-01JJ10'   CABLE ENGIN
160110-004      CABLE ASSY DATASET DB25     ASC140-01JJ100'  CABLE ENGIN
160110-005      CABLE ASSY DATASET DB25     ASC140-01JJ15'   CABLE ENGIN
160110-006      CABLE ASSY DATASET DB25     ASC140-01JJ25'   CABLE ENGIN
160110-007      CABLE ASSY DATASET DB25     ASC140-01JJ50'   CABLE ENGIN
160110-008      CABLE ASSY DATASET DB25     ASC140-01JJ75'   CABLE ENGIN
160110-009      CABLE ASSY DATASET DB25     ASC140-01JP06'   CABLE ENGIN
160110-010      CABLE ASSY DATASET DB25     ASC140-01JP1/2'  CABLE ENGIN
160110-011      CABLE ASSY DATASET DB25     ASC140-01JP100'  CABLE ENGIN
160110-012      CABLE ASSY DATASET DB25     ASC140-01JP15'   CABLE ENGIN
160110-013      CABLE ASSY DATASET DB25     ASC140-01JP25'   CABLE ENGIN
160110-015      CABLE ASSY DATASET DB25     ASC140-01JP50'   CABLE ENGIN
160110-016      CABLE ASSY DATASET DB25     ASC140-01JP75'   CABLE ENGIN
160110-018      CABLE ASSY DATASET DB25     ASC140-01PP06'   CABLE ENGIN
160110-019      CABLE ASSY DATASET DB25     ASC140-01PP1/2'  CABLE ENGIN
160110-020      CABLE ASSY DATASET DB25     ASC140-01PP100'  CABLE ENGIN
160110-021      CABLE ASSY DATASET DB25     ASC140-01PP15'   CABLE ENGIN
160110-022      CABLE ASSY DATASET DB25     ASC140-01PP25'   CABLE ENGIN
160110-023      CABLE ASSY DATASET DB25     ASC140-01PP50'   CABLE ENGIN
160110-024      CABLE ASSY DATASET DB25     ASC140-01PP75'   CABLE ENGIN
160110-026      CABLE ASSASET DB25     ASC140-02JJ04'   CABLE ENGIN
160110-027      CABLE ASSY DATASET DB25     ASC140-02JJ05'   CABLE ENGIN
160110-028      CABLE ASSY DATASET DB25     ASC140-02JJ06'   CABLE ENGIN
160110-029      CABLE ASSY DATASET DB25     ASC140-02JJ1/2'  CABLE ENGIN
160110-030      CABLE ASSY DATASET DB25     ASC140-02JJ100'  CABLE ENGIN
160110-031      CABLE ASSY DATASET DB25     ASC140-02JJ125'  CABLE ENGIN
160110-032      CABLE ASSY DATASET DB25     ASC140-02JJ15'   CABLE ENGIN
160110-033      CABLE ASSY DATASET DB25     ASC140-02JJ150'  CABLE ENGIN
160110-034      CABLE ASSY DATASET DB25     ASC140-02JJ200'  CABLE ENGIN
160110-035      CABLE ASSY DATASET DB25     ASC140-02JJ25'   CABLE ENGIN
160110-036      CABLE ASSY DATASET DB25     ASC140-02JJ300'  CABLE ENGIN
160110-037      CABLE ASSY DATASET DB25     ASC140-02JJ50'   CABLE ENGIN
160110-038      CABLE ASSY DATASET DB25     ASC140-02JJ75'   CABLE ENGIN
160110-039      CABLE ASSY DATASET DB25     ASC140-02JJXX    CABLE ENGIN
160110-040      CABLE ASSY DATASET DB25     ASC140-02JP02'   CABLE ENGIN
160110-041      CABLE ASSY DATASET DB25     ASC140-02JP05'   CABLE ENGIN
160110-042      CABLE ASSY DATASET DB25     ASC140-02JP06'   CABLE ENGIN
160110-043      CABLE ASSY DATASET DB25     ASC140-02JP1/2'  CABLE ENGIN
160110-044      CABLE ASSY DATASET DB25     ASC140-02JP100'  CABLE ENGIN
160110-045      CABLE ASSY DATASET DB25     ASC140-02JP15'   CABLE ENGIN
160110-046      CABLE ASSY DATASET DB25     ASC140-02JP150'  CABLE ENGIN
160110-047      CABLE ASSY DATASET DB25     ASC140-02JP200'  CABLE ENGIN
160110-048      CABLE ASSY DATASET DB25     ASC140-02JP25'   CABLE ENGIN
160110-049      CABLE ASSY DATASET DB25     ASC140-02JP250'  CABLE ENGIN
160110-050      CABLE ASSY DATASET DB25     ASC140-02JP300'  CABLE ENGIN
160110-051      CABLE ASSY DATASET DB25     ASC140-02JP50'   CABLE ENGIN
160110-052      CABLE ASSY DATASET DB25     ASC140-02JP75'   CABLE ENGIN
160110-053      CABLE ASSY DATASET DB25     ASC140-02PP03'   CABLE ENGIN
160110-054      CABLE ASSY DATASET DB25     ASC140-02PP05'   CABLE ENGIN
160110-055      CABLE ASSY DATASET DB25     ASC140-02PP1/2'  CABLE ENGIN
160110-056      CABLE ASSY DATASET DB25     ASC140-02PP10'   CABLE ENGIN
160110-057      CABLE ASSY DATASET DB25     ASC140-02PP100'  CABLE ENGIN
160110-058      CABLE ASSY DATASET DB25     ASC140-02PP15'   CABLE ENGIN
160110-059      CABLE ASSY DATASET DB25     ASC140-02PP150'  CABLE ENGIN
160110-060      CABLE ASSY DATASET DB25     ASC140-02PP17 5  CABLE ENGIN
160110-061      CABLE ASSY DATASET DB25     ASC140-02PP200'  CABLE ENGIN
160110-062      CABLE ASSY DATASET DB25     ASC140-02PP25'   CABLE ENGIN
160110-063      CABLE ASSY DATASET DB25     ASC140-02PP300'  CABLE ENGIN
160110-064      CABLE ASSY DATASET DB25     ASC140-02PP35'   CABLE ENGIN
160110-065      CABLE ASSY DATASET DB25     ASC140-02PP40'   CABLE ENGIN
160110-066      CABLE ASSY DATASET DB25     ASC140-02PP50'   CABLE ENGIN
160110-067      CABLE ASSY DATASET DB25     ASC140-02PP75'   CABLE ENGIN
160110-068      CABLE ASSY DATASET DB25     ASC140-03JP15'   CABLE ENGIN
160110-069      CABLE ASSY DATASET DB25     ASC140-04JP06'   CABLE ENGIN
160110-070      CABLE ASSY DATASET DB25     ASC140-05JP1/2'  CABLE ENGIN
160110-071      CABLE ASSY DATASET DB25     ASC140-06JJ01'   CABLE ENGIN
160110-072      CABLE ASSY DATASET DB25     ASC140-07JP01'   CABLE ENGIN
160110-074      CABLE ASSY DATASET DB25     ASC140-08JP35'   CABLE ENGIN
160110-075      CABLE ASSY DATASET DB25     ASC140-09JP10'   CABLE ENGIN
160110-077      CABLE ASSY DATASET DB25     ASC140-10PP25'   CABLE ENGIN
160110-079      CABLE ASSY DATASET DB25     ASC140-12JJ1/2'  CABLE ENGIN
160110-080      CABLE ASSY DATASET DB25     ASC140-12JP05'   CABLE ENGIN
160110-081      CABLE ASSY DATASET DB25     ASC140-13JJ04'   CABLE ENGIN
160110-082      CABLE ASSY DATASET DB25     ASC140-13JP1/2'  CABLE ENGIN
160110-083      CABLE ASSY DATASET DB25     ASC140-14JP01'   CABLE ENGIN
160110-084      CABLE ASSY DATASET DB25     ASC140-14JP1/2'  CABLE ENGIN
160110-086      CABLE ASSY DATASET DB25     ASC140-15PP10'   CABLE ENGIN
160110-087      CABLE ASSY DATASET DB25     ASC140-15PP15'   CABLE ENGIN
160110-089      CABLE ASSY DATASET DB25     ASC140-16PP03'   CABLE ENGIN
160110-090      CABLE ASSY DATASET DB25     ASC140-17JP01'   CABLE ENGIN
160110-091      CABLE ASSY DATASET DB25     ASC140-17JP1/2'  CABLE ENGIN
160110-092      CABLE ASSY DATASET DB25     ASC140-18JP05'   CABLE ENGIN
160110-093      CABLE ASSY DATASET DB25     ASC140-18JP1/2'  CABLE ENGIN
160110-094      CABLE ASSY DATASET DB25     ASC140-19PP01'   ENGIN ENGIN
160110-095      CABLE ASSY DATASET DB25     ASC140-19PP1/2'  CABLE ENGIN
160110-096      CABLE ASSY DATASET DB25     ASC140-20JJ05'   CABLE ENGIN
160110-097      CABLE ASSY DATASET DB25     ASC140-20JJ1/2'  CABLE ENGIN
160110-098      CABLE ASSY DATASET DB25     ASC140-20JJ15  ' CABLE ENGIN
160110-099      CABLE ASSY DATASET DB25     ASC140-20JJ25'   CABLE ENGIN
160110-100      CABLE ASSY DATASET DB25     ASC140-20JJ50'   CABLE ENGIN
160110-101      CABLE ASSY DATASET DB25     ASC140-20JJ75'   CABLE ENGIN
160110-102      CABLE ASSY DATASET DB25     ASC140-20JJXX    CABLE ENGIN
160110-104      CABLE ASSY DATASET DB25     ASC140-20JP05'   CABLE ENGIN
160110-105      CABLE ASSY DATASET DB25     ASC140-20JP1/2'  CABLE ENGIN
160110-106      CABLE ASSY DATASET DB25     ASC140-20JP15'   CABLE ENGIN
160110-107      CABLE ASSY DATASET DB25     ASC140-20JP25'   CABLE ENGIN
160110-108      CABLE ASSY DATASET DB25     ASC140-20JP50'   CABLE ENGIN
160110-109      CABLE ASSY DATASET DB25     ASC140-20JP75'   CABLE ENGIN
160110-110      CABLE ASSY DATASET DB25     ASC140-20PP03'   CABLE ENGIN
160110-111      CABLE ASSY DATASET DB25     ASC140-20PP04'   CABLE ENGIN
160110-112      CABLE ASSY DATASET DB25     ASC140-20PP05'   CABLE ENGIN
160110-113      CABLE ASSY DATASET DB25     ASC140-20PP06'   CABLE ENGIN
160110-114      CABLE ASSY DATASET DB25     ASC140-20PP1/2'  CABLE ENGIN
160110-115      CABLE ASSY DATASET DB25     ASC140-20PP15'   CABLE ENGIN
160110-116      CABLE ASSY DATASET DB25     ASC140-20PP25'   CABLE ENGIN
160110-117      CABLE ASSY DATASET DB25     ASC140-20PP50'   CABLE ENGIN
160110-118      CABLE ASSY DATASET DB25     ASC140-20PP75'   CABLE ENGIN
160110-119      CABLE ASSY DATASET DB25     ASC140-21JJ10'   CABLE ENGIN
160110-120      CABLE ASSY DATASET DB25     ASC140-22PP06'   CABLE ENGIN
160110-121      CABLE ASSY DATASET DB25     ASC140-01JP150'  CABLE ENGIN
160110-122      CABLE ASSY DATASET DB25     ASC140-02JJ10'   CABLE ENGIN
160110-123      CABLE ASSY DATASET DB25     ASC140-02JP15'   CABLE ENGIN
160110-125      CABLE ASSY DATASET DB25     ASC140-03PP15'   CABLE ENGIN
160110-127      CABLE ASSY DATASET DB25     ASC140-20JP10'   CABLE ENGIN
160111-001      CBL ASSY PWR SYST SIGNL     160111-001       CABLE POWER SUPPLY
160112-001      AC CBL HARNESS PWR SYST     160112-001       CABLE POWER SUPPLY
160115-001      PWR CABLE ASSY MOD2 J1      160115-001       CABLE POWER SUPPLY
160119-001      CABLE ASSY DAA LISA VOICE   OPT505           CABLE ENGIN
160120-001      V.35 TEST CLOCK ADAPT CBL   160120-001       CABLE ENGIN
160121-001      VOLTAGE METER MONITOR CBL   160121-001       CABLE POWER SUPPLY
160122-001      CABLE ASSY GROUND PS2       160122-001       CABLE MICRO    
160123-001      CABLE ASSY PWR SUP 2-I/O    160123-001       CABLE MICRO    
160124-001      CABLE ASSY AC PWR SPLY 2    160124-001       CABLE MICRO    
160125-001      BATT PWR SPLY CBL 12V 6'    160125-001       CABLE ENGIN
160126-001      CABLE ASSY I/O BOARD        160126-001       CABLE MICRO    
160127-001      CABLE ASSY CPU BOARD PWR    160127-001       CABLE MICRO    
160128-001      CABLE ASSY MEM BOARD PWR    160128-001       CABLE MICRO    
160129-001      CABLE ASSY BATTERY POWER    160129-001       CABLE MICRO    
160130-001      CABLE ASSY FRONT PANEL/LED  160130-001       CABLE MICRO    
160131-001      CABLE ASSY GROUND           160131-001       CABLE MICRO    
160133-001      CABLE ASSY 25 COND          160133-001       CABLE MICRO    
160133-002      CABLE ASSY 25 COND          160133-002       CABLE MICRO    
160133-003      CABLE ASSY 25 COND          160133-003       CABLE MICRO    
160133-004      CABLE ASSY 25 COND          160133-004       CABLE MICRO    
160133-005      CABLE ASSY 25 COND          160133-005       CABLE MICRO    
160133-006      CABLE ASSY 25 COND          160133-006       CABLE MICRO    
160134-001      CABLE ASSY 37 COND          160134-001       CABLE MICRO    
160134-002      CABLE ASSY 37 COND          160134-002       CABLE MICRO    
160134-003      CABLE ASSY 37 COND          160134-003       CABLE MICRO    
160134-004      CABLE ASSY 37 COND          160134-004       CABLE MICRO    
160135-001      CABLE ASSY 50 CONDUCTOR     160135-001       CABLE RIBBON
160135-002      CABLE ASSY 50 CONDUCTOR     160135-002       CABLE RIBBON
160140-001      WIRE ASSY GROUND PS1        160140-001       WIRE  MICRO    
160141-001      CABLE ASSY CONSOLE RIBBON   160141-001       CABLE MICRO    
160142-001      CABLE ASSY CONSOLE POWER    160142-001       CABLE MICRO    
160144-001      CBL ASSY SYNC BRKOUT 36COND 160144-001       CABLE ENGIN
160145-001      CABLE ASSYTI-725 RS232 ADP  ASC104-1         CABLE ENGIN
160146-001      CABLE ASSY MODEM 125/126    ASC168-1         CABLE ENGIN
160147-001      CABLE ASSY 25 CONDUCTOR     160147-001       CABLE ATC
160148-001      CABLE ASSY FRONT PANEL/LED  160148-001       CABLE ATC
160149-001      CABLE ASSY D.C. BATT BACKUP 160149-001       BATTERY BACKUP
160157-001      CABLE SYNC 50P BREAKOUT 4'  160157-001       CABLE PSM
160158-001      CABLE ASYNC 50P BREAKOUT 4' 160158-001       CABLE PSM
160159-001      CABLE ASSY 50P TO 50P 3'    160159-001       CABLE PSM
160159-002      CABLE ASSY 50P TO 50P 6'    160159-002       CABLE PSM
160159-003      CABLE ASSY 50P TO 50P 9'    160159-003       CABLE PSM
160159-004      CABLE ASSY 50P TO 50P 12'   160159-004       CABLE PSM
160159-005      CABLE ASSY 50P TO 50P 3'M/F 160159-005       CABLE PSM
160159-006      CABLE ASSY 50P TO 50P 6'M/F 160159-006       CABLE PSM
160159-007      CABLE ASSY 50P TO 50P 9'M/F 160159-007       CABLE PSM
160159-008      CABLE ASSY 50P TO 50P12'M/F 160159-008       CABLE PSM
160159-009      CABLE ASSY 50P TO 50P 3'M/M 160159-009       CABLE PSM
160163-001      CABLE ASSY PWR RETURN 2'    160163-001       CABLE ENGIN
160163-002      CABLE ASSY PWR RETURN 4'    160163-002       CABLE ENGIN
160165-001      CABLE ASSY REDUNDANT PWR 6' 160165-001       CABLE ENGIN
160165-002      CABLE ASSY REDUNDANT PWR12' 160165-002       CABLE ENGIN
160165-003      CABLE ASSY REDUNDANT PWR18' 160165-003       CABLE ENGIN
160168-001      CBL ASSY HEARTBEAT MNTR 3'  160168-001       CABLE ENGIN
160168-002      CBL ASSY HEARTBEAT MNTR 6'  160168-002       CABLE ENGIN
160168-003      CBL ASSY HEARTBEAT MNTR 9'  160168-003       CABLE ENGIN
160168-004      CBL ASSY HEARTBEAT MNTR 12' 160168-004       CABLE ENGIN
160172-001      CBL MICRO TO BATT BKUP      ASC142-1         CABLE MICRO    
160173-001      CBL MINI ENG TO BATT BKUP   160173-001       CABLE MINI    
160175-001      CABLE HARNESS AC BATT BKUP  160175-001       BATTERY BACKUP
160176-001      CABLE OCL BREAKOUT PANEL    160176-001       CABLE ENGIN
160177-001      CABLE ASSY OCL BREAKOUT 4'  160177-001       CABLE ENGIN
160177-002      CABLE ASSY OCL BREAKOUT 10' 160177-002       CABLE ENGIN
160177-003      CABLE ASSY OCL BREAKOUT 25' 160177-003       CABLE ENGIN
160177-004      CABLE ASSY OCL BREAKOUT 35' 160177-004       CABLE ENGIN
160178-001      CABLE ASSY V.35 BREAKOUT 4' 160178-001       CABLE ENGIN
160178-002      CABLE ASSY V.35 BREAKOUT 10'160178-002       CABLE ENGIN
160178-003      CABLE ASSY V.35 BREAKOUT 25'160178-003       CABLE ENGIN
160178-004      CABLE ASSY V.35 BREAKOUT 35'160178-004       CABLE ENGIN
160182-001      CBL CNTRL CD TO SIO M/B  3' 160182-001       CABLE ENGIN
160182-002      CBL CNTRL CD TO SIO M/B  6' 160182-002       CABLE ENGIN
160182-003      CBL CNTRL CD TO SIO M/B  9' 160182-003       CABLE ENGIN
160182-004      CBL CNTRL CD TO SIO M/B 12' 160182-004       CABLE ENGIN
160190-001      CBL OCL X-OVER FEM/FEM  6"  160190-001       CABLE PSM
160190-002      CBL OCL X-OVER FEM/FEM      160190-002       CABLE PSM
160190-003      CBL OCL X-OVER FEM/FEM 50'  160190-003       CABLE PSM
160190-004      CBL OCL X-OVER FEM/FEM 100' 160190-004       CABLE PSM
160193-001      CABLE ASSY 34P "S"  3'      160193-001       CABLE PSM
160193-002      CABLE ASSY 34P "S"  6'      160193-002       CABLE PSM
160193-003      CABLE ASSY 34P "S"  9'      160193-003       CABLE PSM
160249-001      CABLE ASSY ATTIS 4          160249-001       CABLE ENGIN
170001-001      BLOWER UNIT REAR VENT   MOD.KP528A           BLOWER MINI ENG
170001-002      BLOWER UNIT MINI ENG   MOD. 2EB512A91 & MOD. KP877A MINI ENG
170122-001      PANEL COMM INTERCONNECT HARD ASP88-1         PANEL ENGIN
170123-001      PANEL CONNECTOR HIGH PORT    ASP89-1         PANEL ENGIN
17023-1         SOLENIOD-INSIDE SKEW        17023-1          DATA PRINTER
17023-2         SOLENIOD OUTSIDE SKEW       17023-2          DATA PRINTER
17032           MOTOR LOW.RIBBON DRIVE      17032            DATA PRINTER
17033G1         SENSOR RIBBON  UPPER        17033G1          DATA PRINTER
17033G2         SENSOR RIBBON  LOWER        17033G2          DATA PRINTER
17033G3         SENSOR RIBBON  UPPER/LOWER  17033G1/G2       DATA PRINTER
190-2605-001    CAPSTAN                     KENNEDY          K9000 TAPE DRIVE
190-2641-001    PCB FILE PROTECT            KENNEDY          K9000 TAPE DRIVE
190-2641-004    PCB FILE PROTECT            KENNEDY          K9100 TAPE DRIVE
190-2710-003    MOTOR/TACH CAPSTAN          KENNEDY          K9000 TAPE DRIVE
190-3067-001    PCB TIME DELAY              KENNEDY          K9000 TAPE DRIVE
190-3645-001    PCB RAMP GENERATOR          KENNEDY          K9000 TAPE DRIVE
190-3841-001    CONTROL TERMINATOR          KENNEDY          K9000 TAPE DRIVE
190-3842-001    PCB INTERFACE CONTROL       KENNEDY          K9100 TAPE DRIVE
190-3843-001    PCB PUSH BUTTON CONTROL     KENNEDY          K9100 TAPE DRIVE
190-3844-001    PCB SENSOR AMPDRIVER        KENNEDY          K9000 TAPE DRIVE
190-3845-001    PCB DELAY TIMING            KENNEDY          K9000 TAPE DRIVE
190-3855-001    PCB DISPLAY PANEL           KENNEDY          K9000 TAPE DRIVE
190-3860-001    PCB                         KENNEDY          K9000 TAPE DRIVE
190-3935-003    PCB READ PREAMP             KENNEDY          K9000 TAPE DRIVE
190-4147-001    PCB MULTI TRANSPORT ADAPT   KENNEDY          K9000 TAPE DRIVE
190-4210-001    PCB MAGPOT                  KENNEDY          K9000 TAPE DRIVE
190-4365-003    PCB DUAL DENSITY CONTROL    KENNEDY          K9000 TAPE DRIVE
190-4366-003    PCB 4 CHANNEL WRITE AMP     KENNEDY          K9000 TAPE DRIVE
190-4368-001    PCB 5 CHANNLE WRITE AMP     KENNEDY          K9000 TAPE DRIVE
190-4721-001    MOTOR CAPSTAN               KENNEDY          K9100 TAPE DRIVE
190-4905-045    PCB REEL SERVO PREAMP       KENNEDY          K9000 TAPE DRIVE
190-4911-001    PCB REEL SERVO PWR-AMP      KENNEDY          K9000 TAPE DRIVE
190-5181-001    PCB CAPSTAN SERVO AMP       KENNEDY          K9000 TAPE DRIVE
190-5303-001    PCB CONNECTOR PANEL         KENNEDY          K9000 TAPE DRIVE
190-5366-001    PCB 4 CHANNEL WRITE AMP     KENNEDY          K9100 TAPE DRIVE
190-5368-001    PCB 5 CHANNEL WRITE AMP     KENNEDY          K9100 TAPE DRIVE
190-5659-001    PCB VACUUM BLOWER           KENNEDY          K9100 TAPE DRIVE
190-5664-001    PCB WRITE HEAD              KENNEDY          K9000 TAPE DRIVE
190-5671-001    PCB REGULATOR/SERVO         KENNEDY          K9100 TAPE DRIVE
190-5698-001    MOTOR ASSY.-REEL            KENNEDY          K9100 TAPE DRIVE
190-5719-001    PCB SERVO AMP DRIVER        KENNEDY          K9100 TAPE DRIVE
190-5728-001    PCB READ PREAMP             KENNEDY          K9100 TAPE DRIVE
190-5733-001    PCB RAMP GENERATOR          KENNEDY          K9100 TAPE DRIVE
190-5846-003    MOTOR/HUB BLOWER            KENNEDY          K9100 TAPE DRIVE
190-6365-001    PCB DUAL DENSITY CONTROL    KENNEDY          K9100 TAPE DRIVE
190-6367-001    PCB DUAL P CHNL/CLIPPING    KENNEDY          K9100 TAPE DRIVE
190-6385-001    PCB QUAD READ AMP           KENNEDY          K9100 TAPE DRIVE
190-6414-004    PCB VOLT. REG. +10V.        KENNEDY          K9000 TAPE DRIVE
190-6666-001    PCB SERVO PREAMP            KENNEDY          K9100 TAPE DRIVE
190-6667-001    PCB SEQENCE CONTROL         KENNEDY          K9100 TAPE DRIVE
190-6810-001    PCB VOLT. REG. +5V.         KENNEDY          K9000 TAPE DRIVE
198-0002-001    MOTOR ASSY.-REEL            KENNEDY          K9000 TAPE DRIVE
198-0010-001    HUB BEARING ASSY.           KENNEDY          K9000 TAPE DRIVE
198-0012-001    ROLLER ASSY.  TENSION       KENNEDY          K9000 TAPE DRIVE
198-2399-010    HEAD ASSY.                  KENNEDY          K9000 TAPE DRIVE
198-2399-025    HEAD ASSY.                  KENNEDY          K9100 TAPE DRIVE
198-5699-001    CAPSTAN                     KENNEDY          K9100 TAPE DRIVE
198-5906-001    SENSOR EOT/BOT              KENNEDY          K9000 TAPE DRIVE
198-5906-002    SENSOR EOT/BOT              KENNEDY          K9100 TAPE DRIVE
202T            MODEM AT&T DATAPHONE 1800   STAND ALONE      MODEM AT&T
202T-LIA        PCB   AT&T DATAPHONE 1800   INTERNAL PCB     MODEM AT&T
2096            MODEM AT&T DATAPHONE II     2096A            WESTERN ELECTRIC
2144A           MODEM AT&T DATASET 2144A    86MG06           MODEM  AT&T
220037-001      POWER CORD MICRO-ENG        220037-001       CORD  MICRO    
220038-001      AUDIO CABLE PRT SWTCH       220038-001       CABLE PSM
220038-010      CABLE PATCH CORD AUDIO 12"  220038-010       CABLE PSM
220047-001      DAISEY CHAIN (CLK-JUMPERS)   5" SEPERATION   WIRE  BERG 
2310100705      MODEM  RM224 FOR RM07A                       MODEM CONCORD
2310100705-AD   MODEM RM224AD FOR RM07B     S1224AD0B000000  MODEM CONCORD
2310101801      PWR SUP RM224 CHASSIS       SP551          POWER SUPPLY CONCORD
2915-01         MODEM  (WHOLE) SHORT HAUL   2915-01          MODEM PARADYNE
2930-01         MODEM SHARING DEVICE        MSD-2   2-PORT   MODEM PARADYNE
2930-02         MODEM SHARING DEVICE        MSD-4   4-PORT   MODEM PARADYNE
2930-03         MODEM SHARING DEVICE        DMM-4   4-PORT   MODEM PARADYNE
3-3600          POWER SUPPLY PENRIL RACK 1608   21A124A08-01 MODEM PENRIL
3-3601          MODEM CADET 1200                8012-01      MODEM PENRIL
3-3602          MODEM  CADET 2400               8024-01      MODEM PENRIL
3-3604          MODEM  PENRIL DATA MODEM        8201D-01     MODEM PENRIL
3-3605          MODEM  PENRIL DATALINK 2400     2224-01      MODEM PENRIL
3-3606          MODEM  PENRIL DATALINK 4800     2227-01      MODEM PENRIL
3-3607          MODEM  PENRIL DATALINK 9600     2229-01      MODEM PENRIL
3-3608          MODEM  PENRIL DATALINK 9600FT   2229-02      MODEM PENRIL
3-3609          MODEM  PENRIL CSU/DSU 96        5096-01      MODEM PENRIL
3-3610          MODEM  PENRIL CSU/DSU 56        5056-01      MODEM PENRIL
3-3611          MODEM  PENRIL ASYNC SHORT HAUL  9096-02      MODEM PENRIL
3-3612          MODEM  PENRIL  SYNC SHORT HAUL  9519-01      MODEM PENRIL
3-3613          RACK PENRIL P1608               1608-01      MODEM PENRIL
3300277-01      8X8X1/2 POLY FILTER         3300277-01       A300  AMPEX
3300399-01      8X16X1/2 POLY FILTER        3300399-01       A300  AMPEX
3300937-01      GAGE FILT PRESSURE          3300937-01       A300  AMPEX
3301709-01      BOBBIN LIN.MTR.             3301709-01       A300  AMPEX
3301743-01      PCB-READ O                  3301743-01       A300  AMPEX
3301753-01      PCB-MATRS                   3301753-01       A300  AMPEX
3301763-01      PCB-MATLS                   3301763-01       A300  AMPEX
3301883-01      PCB-PADDLE                  3301883-01       A300  AMPEX
3301923-01      PCB-SECTR                   3301923-01       A300  AMPEX
3301943-01      PCB-SRVLC                   3301943-01       A300  AMPEX
3301983-01      PCB-SVCON                   3301983-01       A300  AMPEX
3302005-02      SPINDLE                     3302005-02       A300  AMPEX
3302097-01      BLOWER UNIT                 3302097-01       A300  AMPEX
3302107-01      PULLEY  PK MTR.             3302107-01       A300  AMPEX
3302145-01      ABSOLUTE FILTER             3302145-01       A300  AMPEX
3302153-01      PCB EXTENDER                3302153-01       A300  AMPEX
3302207-01      MOTOR LIN                   3302207-01       A300  AMPEX
3302218-01      MOTOR WIP BRUS              3302218-01       A300  AMPEX
3302278-01      BRUSH  WIPER                3302278-01       A300  AMPEX
3302303-01      PCB-POSPS                   3302303-01       A300  AMPEX
3302313-01      PCB-NEGPS                   3302313-01       A300  AMPEX
3302323-01      PCB-SERSA                   3302323-01       A300  AMPEX
3302333-01      PCB-SERPD                   3302333-01       A300  AMPEX
3302448-01      SENSOR  SP                  3302448-01       A300  AMPEX
3302553-01      PCB-SVPMP                   3302553-01       A300  AMPEX
3302663-01      PCB-SERVO                   3302663-01       A300  AMPEX
3302778-01      SCREW DR TORQ LMT 46500     3302778-01       A300  AMPEX
3303668-01      TRANSFORMER 60HZ            3303668-01       A300  AMPEX
3303728-01      HEAD INST ADJ TL 21500      3303728-01       A300  AMPEX
3305868-01      PWR. SUPL -5VDC             3305868-01       A300  AMPEX
3306023-01      PCB-SEDAT                   3306023-01       A300  AMPEX
3306033-01      PCB-AMDWR                   3306033-01       A300  AMPEX
3306603-01      PCB-REDTX                   3306603-01       A300  AMPEX
3306623-01      PCB-SCLRS                   3306623-01       A300  AMPEX
3307053-01      PCB-WRITA                   3307053-01       A300  AMPEX
3307163-01      PCB-HDATD                   3307163-01       A300  AMPEX
3307223-01      PCB-POCON                   3307223-01       A300  AMPEX
3307253-01      PCB-WRCDP                   3307253-01       A300  AMPEX
3307263-01      PCB-VDSDP                   3307263-01       A300  AMPEX
3307273-01      PCB-RCRDP                   3307273-01       A300  AMPEX
3307283-01      PCB-LTXDP                   3307283-01       A300  AMPEX
3307303-01      PCB-SEPSV                   3307303-01       A300  AMPEX
3307963-01      PCB-PKCTI                   3307963-01       A300  AMPEX
3308313-01      PCB-CMDDC                   3308313-01       A300  AMPEX
3309173-01      PCB-UNIQUE                  3309173-01       A300  AMPEX
3309175-01      MOTOR DR W/CABLE            3309175-01       A300  AMPEX
360002-001      TEST PLUG KIT 50P LOOPBACK  SET OF 8         PLUG  ENGIN
360003-001      MODEM SHELF-FIELD SERVICE   KIT              MODEM ENGIN
390002-001      POWER SUPPLY LISA VOICE RU  OPT503           POWER SUPPLY MODEM
390006-001      PWR SUP MODULE 5V PMI       PSP1-1           POWER SUPPLY
390007-001      PWR SUP MODULE 16V PMI      PSP1-2           POWER SUPPLY
390008-001      PWR SUP MODULE 3:1 VOLT     PSP1-3           POWER SUPPLY
390009-001      PWR SUP MODULE 3 CHNL DC    EMERSON          POWER SUPPLY
390010-001      PWR SUP MODULE 3:1V W/FAN   390010-001       POWER SUPPLY
390012-001      12V P/S (MICRO ENG.)        SERIES 2050      POWER SUPPLY MICRO
390013-001      5V P/S (MICRO ENG.)SWITCHER SK5-40           POWER SUPPLY MICRO
390014-001      PWR SUP VADIC RACK MOUNT    VA2010 OPEN      POWER SUPPLY MODEM
390014-002      CHASSIS RACAL VADIC         VA1681          MODEM CHASSIS VADIC
390014-003      PWR SUP VADIC RACK MOUNT    VA2082 ENCLOSED  POWER SUPPLY MODEM
390016-001      POWER SUPPLY ATC XL50-3601R 390016-001       POWER SUPPLY ATC
390023-001      PWR SUP VENT-TEL MODEM      390023-001       POWER SUPPLY MODEM
3PM-003         PCB PROCESSOR MODULE        3PM-003          PCB    DCA   
4201-21         CHASSIS 5 SLOT VCX         4201-21          MULTIPLEXOR PENRIL
4202-21         CHASSIS 19 SLOT VCX        4202-21          MULTIPLEXOR PENRIL
4301-02         PCB ASYNC VCX      (A16+)  4301-02          MULTIPLEXOR PENRIL
4310-02         PCB SYNC RS232 VCX (SLC)   4310-02          MULTIPLEXOR PENRIL
4311-02         PCB SYNC V.11 VCX  (V.11)  4311-02          MULTIPLEXOR PENRIL
4312-02         PCB SYNC V.35      (V.35)  4312-02          MULTIPLEXOR PENRIL
4404-24A        MODEM  2400  MARK II        24 LSI           RACAL MILGO
44720400        OUTPUT TIMING               44720400         DRIVE CDC 
44814500        CDC 9.6                     44814500         DRIVE CDC 
44832601        INPUT/OUTPUT                44832601         DRIVE CDC 
44865000        RIBBON DRIVE                44865000         DRIVE CDC 
44988403        REC./TRANSMIT               44988403         DRIVE CDC 
44998201        CDC                         44998201         DRIVE CDC 
4501-02         MODULE SWITCHING VCX       4501-02          MULTIPLEXOR PENRIL
4510-02         MODULE MUXING VCX          4510-02          MULTIPLEXOR PENRIL
4530-02         MODULE X.25 VCX            4530-02          MULTIPLEXOR PENRIL
4590-02         MODULE CONFIGURATION VCX   4590-02          MULTIPLEXOR PENRIL
470100-001      PCB 300 & 160 MB DISK CNTRL ASX21            PCB   ENGIN
470106-001      MOUSE / KEYSET SERIAL       ASB232-1         PCB   ENGIN
470109-001      PCB MAC-2                   430109-001       PCB   ENGIN
470110-001      PCB MONITOR PANEL           ASB187-1         PCB   ENGIN
470111-001      PCB ASYNC ENH               ASB211-1         PCB   ENGIN
470112-001      PCB SYNC ENH                ASB212-1         PCB   ENGIN
470113-001      PCB CONNECTOR PANEL         ASB213-1         PCB   ENGIN
470114-001      PCB I/O BACKPLANE NO CAGE   ASB226-1         BACKPLANE ENGINE
470115-001      PCB 201 CARD                ASB229-1         PCB   ENGIN
470116-001      PCB CONN 1 TERM BD.         ASB232-1         PCB   ENGIN
470117-001      PCB DMA TERMINATOR          ASB235-1         PCB   ENGIN
470118-001      PCB PRINTER INTERFACE       ASB253-1         PCB   ENGIN
470119-001      PCB PRINTER DAUGHTER        ASB254-1         PCB   ENGIN
470120-001      PCB MEM-TERM W/RESISTOR     ASB256-1         PCB   ENGIN
470120-002      PCB MEM-TERM W/O RESISTOR   ASB256-2         PCB   ENGIN
470121-001      PCB P/S METER SWITCH OLD    ASB257-1         PCB   POWER SUPPLY
470121-002      PCB P/S METER SWITCH NEW    ASB257-1         PCB   POWER SUPPLY
470122-001      PCB SUPER CLOCK             ASB260-1         PCB   ENGIN
470123-001      PCB SIO MOTHER              ASB261-1         PCB   ENGIN
470124-001      PCB SIO OCL DAUGHTER        ASB263-1         PCB   ENGIN
470125-001      PCB SIO/ASYNC DAUGHTER      ASB264-1         PCB   ENGIN
470126-001      PCB B/PRA BUS MONITOR       ASB268-1         PCB   ENGIN
470128-001      PCB SIO/SYNC RS232 DAUGHTER ASB265-1         PCB   ENGIN
470128-002      PCB SIO/SYNC V.35 DAUGHTER  ASB265-2         PCB   ENGIN
470129-001      PCB MODEM INTERCONNECT PNL. ASB273-1         PCB   ENGIN
470130-001      PCB SIO CURR LOOP INTERFACE 430130-001       PCB   ENGIN
470132-001      PCB FRONT PANEL MINI ENG    650008-001       PCB   MINI
470133-001      PCB HARDWIRE INTERCONECT PNLASB290-1         PCB   ENGIN
470134-001      PCB MAC I OBSOLETE          ASB240-1         PCB   ENGIN
470135-001      PCB FRONT CONSOLE ENGIN     ASB223-1         PCB   ENGIN
470136-001      PCB ROM I/O SYNC ENH        ASB225-1         PCB   ENGIN
470136-002      PCB ROM I/O SUPERVISOR ENG. 430136-001       PCB   SUPERVISOR
470136-003      PCB ROM I/O                 430136-001       PCB   ENGIN
470136-004      PCB ROM I/O SUPERVISOR      430136-001       PCB   SUPERVISOR
470137-001      PCB PROCESSOR/CPU           ASB224-1         PCB   ENGIN
470137-002      PCB CPU                     430137-001       PCB   ENGIN
470138-001      PCB CPU BACKPLANE NO CAGE   ASB227-1         BACKPLANE ENGINE
470139-001      PCB KEYPAD FRONT CONSOLE    ASB228-1         PCB   ENGIN
470140-001      CONN 0 TERM BD. MUX I/O     ASB231-1         PCB   ENGIN
470140-002      CONN 0 TERM BD. MEMORY      ASB231-1         PCB   ENGIN
470140-003      CONN 0 TERM BD MINI ENG     ASB231-1         PCB   MINI
470141-001      PCB CONNECTOR MAC CABLE     ASB237-1         PCB   ENGIN
470142-001      PCB CONNECTOR DMA CABLE     ASB238-1         PCB   ENGIN
470143-001      PCB MULTIFUNCTION HALF      ASB252-1         PCB   ENGIN
470145-001      PCB PRINTER CABLE ADAPTER   ASB266-1         PCB   ENGIN
470146-001      PCB ASYNC CURRENT LOOP INTF ASB270-1         PCB   ENGIN
470147-001      PCB SEMI MEM FULL MEG       ASB289-1         PCB   ENGIN
470147-002      PCB SEMI MEM 1/2 MEG        ASB289-2         PCB   ENGIN
470147-003      PCB SEMI MEM 3/4 MEG        ASB289-3         PCB   ENGIN
470147-004      PCB SEMI MEM 1/4 MEG        ASB289-4         PCB   ENGIN
470155-001      PCB BACKPLANE ASY NO CAGE   COMM PROC 1      BACKPLANE ENGINE
470161-001      PCB ASYNC I/O II            ASB274-1         PCB   ENGIN
470172-001      PCB CPU  MICRO ENG.         430172-001       PCB   MICRO ENG
470173-001      PCB MEMORY  MICRO ENG.      430173-001       PCB   MICRO ENG
470174-001      PCB I/O  MICRO ENG.         430174-001       PCB   MICRO ENG
470175-001      PCB DMA CBL CONN W/TERM.    430175-001       PCB   ENGIN
470178-001      PCB SYNC(ARS/GAS)           430178-001       PCB   PSM
470190-001      PCB PSM BACKPLANE NO CAGE   430190-001       BACKPLANE PSM
470192-001      PCB 8CH ASYNC UNSW NON SIO  430192-001       PCB   PSM
470193-001      PCB 4CH SYNC UNSW NON SIO   430193-001       PCB   PSM
470194-001      PCB EXTENDER CARD           430194-001       PCB   PSM
470196-001      PCB DUAL CONNECTOR EXTENDER 430196-001       PCB   PSM
470200-001      PCB 8CH ASYNC SW NON SIO    430200-001       PCB   PSM
470204-001      PCB 4CH SYNC SW NON SIO     430204-001       PCB   PSM
470208-001      PCB CONTROL CARD            430208-001       PCB   PSM
470211-001      PCB 50P BREAKOUT PANEL      650014-001       PCB   PSM
470212-001      PCB 4CH UNSW SYNC RS232/SIO 430212-001       PCB   PSM
470212-002      PCB 4CH SYNC RS232/V.35 SIO 430212-001       PCB   PSM
470212-003      PCB 4CH SYNC RS232/V.35 SIO 430212-003       PCB   PSM
470212-004      PCB 4CH SYNC RS232/V.35 SIO 430212-004       PCB   PSM
470213-001      PCB 8CH ASYNC RS232 SIO UNSW430213-001       PCB   PSM
470213-002      PCB 8CH ASYNC RS232 SIO SW  430213-002       PCB   PSM
470214-001      PCB 8CH UNSW OCL CARD SIO   430214-001       PCB   PSM
470214-002      PCB 8CH SW OCL CARD SIO     430214-002       PCB   PSM
470216-001      PWR SUP PORT SWITCH         430216-001       POWER SUPPLY PSM
470225-001      PCB REDUNDANT POWER         430225-001       PCB   PSM
470228-001      PCB ETHERNET INTERFACE BD   430228-001       PCB   ETHERNET
470230-001      PCB XP1 MOTHER BOARD        430230-001       PCB   ENGIN
470246-001      PCB STATIC RAM              430246-001       PCB   ENGIN
470177-001      PCB CPU BACKPLANE NO CAGE   W/DMA            PCB   MINI ENGIN
470253-001      PCB CPU BACKPLANE NO CAGE   NO/DMA           PCB MINI ENGIN
470261-001      PCB XPI E-BUS INTERFACE BD. 430261-001       PCB   ENGIN
470269-001      PCB MAC III BOARD           470269-001       PCB   ENGIN
470284-001      PCB CPU III STD ENGINE      470284-001       PCB   ENGIN
47293669        P/S NON-VDE 300MB DR.       47293669         DRIVE CDC
47760200        PRINTER BD.                 47760200         DRIVE CDC 
47786401        INPUT CONTROL #2            47786401         DRIVE CDC 
47786902        CDC                         47786902         DRIVE CDC 
47787201        TRANSLATOR OSCILLATOR       47787201         DRIVE CDC 
47797902        MEMORY CHARACTER            47797902         DRIVE CDC 
47847000        PRINTER BD.                 47847000         DRIVE CDC 
47888000        REGISTER BD.                47888000         DRIVE CDC 
47927100        PRINTER BD.                 47927100         DRIVE CDC 
47960200        CDC                         47960200         DRIVE CDC 
50449700        CDC                         50449700         DRIVE CDC 
50564500        PRINTER BD.                 50564500         DRIVE CDC 
50644800        PRINTER BD.                 50644800         DRIVE CDC 
50818000        VER. MOTION PAPER DR. B   . 50818000         DRIVE CDC 
50834700        RIBBON DRIVE BOARD          50834700         DRIVE CDC 
50887900        PRINTER BD.                 50887900         DRIVE CDC 
50888002        DIFF. REC./XMIT             50888002         DRIVE CDC 
50889800        ADDRESS REGISTER/SUBS       50889800         DRIVE CDC 
50991901        INPUT CONTROL #1            50991901         DRIVE CDC 
50993201        PRINTER BD.                 50993201         DRIVE CDC 
52537800        EXTENDER BD'S.              52537800         DRIVE CDC 
54276503        CDC                         54276503         DRIVE CDC 
570011-001      MICRO ENG 1/2 MEG           650005-001       ENG   MICRO
570011-002      MICRO ENG 1/2 MEG 220V      650005-002       ENG   MICRO
570011-003      MICRO ENG 1/4 MEG           650005-002       ENG   MICRO
570011-004      MICRO ENG 1/4 MEG 220V      650005-004       ENG   MICRO
570011-005      MICRO ENG 1 MEG             650005-005       ENG   MICRO
570011-006      MICRO ENG 1 MEG 220V        650005-006       ENG   MICRO
570011-007      TOP ASSY MICRO ENG (HDLC)   570011-007       ENG   MICRO
570011-008      TOP ASSY MICRO ENG (HDLC)   220VOLTS         ENG   MICRO
570013-001      8CH ASYNC TERM CONCENTRATOR 570013-001       ATC   ENGIN
570013-003      4CH ASYNC TERM CONCENTRATOR 570013-003       ATC   ENGIN
570020-001      TOP ASSY DUAL MINI RACK     570020-001       RACK  MINI
580027-001      MUFFIN FAN AXIAL 115V 120CF TA450            FAN   ENGIN
600001-001      PCB MULTI-LISA VOICE SYNTH. TOUCH PACK       MODEM CENTRIGRAM
600003-001      PCB ESELCH BOARD            ASX10            PCB   ENGIN
600004-001      TAPE DRIVE 45 IPS K9000     ASX11            KENNEDY TAPE DRIVE
600005-001      TAPE DRIVE 75 IPS K9100     ASX12            KENNEDY TAPE DRIVE
600006-001      DISK DRIVE 10MB 60HZ        ASX13            DISK  AMPEX
600007-001      DISK DRIVE 10MB 50HZ        ASX14            DISK  AMPEX
600008-001      PCB TAPE CONTROLLER 45IPS   ASX16            PCB   ENGIN
600008-002      PCB TAPE CONTROLLER 75IPS   ASX16            PCB   ENGIN
600009-001      PCB DISK CONTROLLER 10MB    ASX17            PCB   ENGIN
600010-001      PCB DISK CONTROLLER 300MB   470100-001       PCB   ENGIN
600011-001      DISK PACK REMOVABLE 10MB    ASX22            PACK  AMPEX
600013-001      DISK PACK 300MB             ASX25            PACK  AMPEX
600013-002      PACK CE 300MB DISK DRIVE    ASX90            PACK  AMPEX
600013-003      PACK.SCRATCH 300MB DISK DR. ASX91            PACK  AMPEX    
600016-001      300MB DISK DRIVE 60HZ       ASX26            DRIVE AMPEX/CDC
600016-002      300MB DISK DRIVE 50HZ       ASX24            DRIVE AMPEX/CDC
600017-001      PCB 128K MEMORY BOARD       CUV6-128         PCB   AMPEX
600018-001      PCB 64K MEMORY BOARD        CUV5-64          PCB   DATARAM
600033-001      SNGL VADIC PHONE CBL        ASX34-1          CABLE VADIC
600036-001      MODEM   ASYNC STANDALONE    VA1240           MODEM VADIC
600036-002      MODEM   ASYNC RACK MOUNT    VA1240KX3        MODEM VADIC
600038-001      CABLE CNTRL TO 10MB DISK    ASX38-1          CABLE AMPEX
600043-001      BLOWER UNIT SIDE VENTS  MOD.C-1044           BLOWER ENGIN
600044-001      MODEM (VADIC) RACK MOUNT    VA3467           MODEM VADIC
600044-002      CHASSIS  RACAL VADIC        VA1616,VA1680   MODEM CHASSIS VADIC
600044-003      MODEM ASYNC STAND ALONE     VA1251G/K        MODEM VADIC
600044-004      MODEM DIAL UP RACAL VADIC   VA3447           MODEM VADIC    
600047-001      CARD CAGE MULTIBUS RK MNT   LISA             MODEM CENTIGRAM
600047-002      CARD CAGE 21 SLOT           CINDY            MODEM CENTIGRAM
600048-001      CINDY CARD (NEW TYPE LISA)  CINDY            MODEM CENTIGRAM
600052-001      MODEM 9.6 SOFTSWITCH        2746-4  MPX9600  MODEM PARADYNE
600053-001      MODEM 2400BD MOD 224 & 931 NON AUTODIAL     MODEM CONCORD
600053-002      MODEM 2400BD MOD 224 & 932     AUTODIAL      MODEM CONCORD
600053-003      TRANSFORMER CONCORD MODEMS  1042600-008      MODEM CONCORD
600056-001      CABLE EXTENSION PHONE       ASX18            CABLE MODEMS
600062-001      RACK ASSY  W/POWER SUPPLY   VENTEL MODEMS    RACK  VENTEL
600063-001      RACK MOUNT MODEM VENTEL     MOD.212-XXX      MODEM VENTEL
600064-001      DISK DRIVE 60HZ 160MB FIXED ASX50-1          DRIVE CDC
600064-002      DISK DRIVE 50HZ 160MB FIXED ASX50-2          DRIVE CDC
600068-001      MODEM 4800 BPS SYNC         ASX49            ANDERSON JACOBSEN
600069-001      MODEM SHELF FOR GSU-1M      ASX51            MODEM GDC      
600070-001      MODEM RACK MNT. GSU 500A    ASX52            MODEM GDC      
600071-001      MODEM STAND ALONE GSU 500A  ASX53            MODEM GDC      
600072-001      MODEM SHELF (UNIVERSAL)     ASX54            SHELF GDC
600073-001      MODEM 3 TO 1 PHASE           VA3405          MODEM VADIC
600074-001      MODEM OUT-DIAL VADIC        VA212PAR         MODEM VADIC    
600077-001      MODEM 14.4 STAND ALONE      MOD.DE1          MODEM GDC      
600082-001      MODEM 4.8 STANDALONE DC     600082-001       MODEM GDC      
600082-002      MODEM 4.8 GDC RACK MOUNT    600082-002       MODEM GDC      
600082-003      CHASSIS GDC 4.8             600082-003       MODEM GDC      
600090-001      MODEM STD ALONE VENTEL      MOD.#923         MODEM VENTEL
600091-001      MODEM STD ALONE VENTEL      MOD.#925         MODEM VENTEL
600097-001      MODEM TRI-SPEED RACKMOUNT   20-10114-8       MODEM CONCORD
600102-001      CHASSIS TRI-SPEED RM16      2010116701      MODEM CONCORD
600102-002      PWR SUP TRI-SPEED CHASSIS   RM16 RACK      POWER SUPPLY CONCORD
600103-001      MODEM V.32 TRELLIS SYNC/ASYNC  MOD.V.32      MODEM  CONCORD
600103-002      MODEM V.32 TRELLIS SYNC ONLY   MOD.V.32      MODEM  CONCORD
600135-001      MODEM 296 TRELLIS           MOD. 296         MODEM  CONCORD
600142-001      MODEM TRI-ROCK CDS V2.26    PUBLIC NETWORK   MODEM CONCORD
600180-001      PWR SUP CUBE RM16 CHASSIS   SPL130-S124     POWER-ONE PRODUCTS
610001-001      SLIDE RACK FOR MINI SUB ASY 610001-001       RACK  MINI
610004-001      SLIDE RACK SUB ASSY ENG     610004-001       RACK  ENGIN
630009-001      SYNC TEST PL ENG&BD EDG&CLK SET OF 8         PLUG  ENGIN
630010-001      ASYNC TEST PLUGS EDGE CONN  SET OF 8         PLUG  ENGIN&MINI
630025-001      SYNC TEST PLUG CONN PANEL   37PIN            PLUG  ENGIN
630026-001      ASYNC TEST PLUG CONN PANEL  37PIN            PLUG  ENGIN    
630030-001      SYNC TEST PLUGS CONN PANEL  25PIN            PLUG  MICRO    
630031-001      ASYNC TEST PLUG CONN PANEL  25PIN            PLUG  MICRO    
640015-001      EIA BRIDGE PANEL ASSY       170118-001       PANEL ENGIN
640018-001      PANEL INTERCONNECT HARDWIRE ASP113-1 25P     PANEL ENGIN
640018-002      PANEL INTERCONNECT MODEM    ASP113-2 26P     PANEL ENGIN
640021-001      MONITOR DISPLAY PANEL       ASP64-1          PANEL ENGIN
640022-001      CONNECTOR PANEL ASSY        ASP74-1          PANEL ENGIN
640023-001      FRONT CONSOLE ASSY          ASP75-1          PANEL ENGIN
640026-001      MULTIFUNCTION ASSY          ASP87-12         PCB   ENGIN
640029-001      SIO DAUGHTER CARD CAGE ASSY   ASP96-1          CAGE  ENGINE
640030-001      PANEL ASSY PRINTER CONNECTR ASP98-1          PANEL ENGIN
640034-001      CPU BACKPLANE &  CHASSIS ASSY MPS62-2        W/CAGE  ENGIN
640035-001      I/O BACKPLANE &  CHASSIS ASSY MPS63-2        W/CAGE DBL BKT ENG
640036-001      REMOVABLE FAN (CPU)         MPS64-1          FAN   ENGIN
640037-001      REMOVABLE FAN (I/O)         MPS66-1          FAN   ENGIN
640039-001      CPU BACKPLANE &  CHASSIS ASSY DUAL DMA       W/CAGE  MINI ENG
640039-002      CPU BACKPLANE &  CHASSIS ASSY [O] DMA         W/CAGE  MINI ENG
640039-003      CPU BACKPLANE &  CHASSIS ASSY [5]SLOT DMA     W/CAGE  MINI ENG
640039-004      CPU BACKPLANE &  CHASSIS ASSY [XL]            W/CAGE  MINI ENG
640044-001      SINGLE CHASSIS ENG. W/DMA                    ENGINE FULL  ENGIN
640045-001      SIO CARD CAGE RET/ASSY        ASP96-2          CAGE  ENGINE
640046-001      PWR SUP 4 SGL & DBL BKT W/3 PIONEER MODULES  POWER SUPPLY ENGIN
640047-001      PWR SUP MINI ENGINE W/3:1 PIONEER MODULE     POWER SUPPLY MINI
650001-001      PWR SUP 4 SGL BKT W/3:1 PIONEER MODULE       POWER SUPPLY ENGIN
650001-002      PWR SUP 4 SGL BKT W/3:1 EMERSON DC MODULE    POWER SUPPLY ENGIN
650004-001      MEM BATTERY BCK UP MODULE   650004-001       BATTERY BACKUP
650008-001      CONTROL PANEL ASSY          ASP100-1         PANEL MINI
650010-001      PILOT LIGHT ASSY.           ASP116-1         LIGHT MINI
650013-001      BATTERY B/U NEW STYLE       110V BACKUP      ENGIN/MINI
650014-001      ASSY 50P BREAKOUT PANEL     650014-001       PANEL PSM
650033-001      PSM BACKPLANE &  CHASSIS ASSY 640059-001     W/CAGE  PSM
650041-001      PWR SUP MINI ENGINE W/3:1 EMERSON DC MODULE  POWER SUPPLY MINI
680001-001      MODEM DAA LISA              MOD 852A         MODEM VADIC
825-4000-0111   CHASSIS & P/S  MP4800       2448-05 MP4800   MODEM PARADYNE
825-4001-5061   PCB MULTIPROC  MP4800       2448-05 MP4800   MODEM PARADYNE
825-4002-5061   PCB INTERFACE  MP4800       2448-05 MP4800   MODEM PARADYNE
825-4003-5361   PCB 48RD       MP4800       2448-05 MP4800   MODEM PARADYNE
825-4013-5061   PCB SLIL       MP4800       2448-05 MP4800   MODEM PARADYNE
834-3700-0211   CHASSIS        LSI2400      ASX39   LSI2400  MODEM PARADYNE
834-3702-5061   POWER SUPPLY   LSI2400      ASX39   LSI2400  MODEM PARADYNE
834-3703-5361   PCB INTF       LSI2400      ASX39   LSI2400  MODEM PARADYNE
834-3704-5061   PCB 24RD2      LSI2400      ASX39   LSI2400  MODEM PARADYNE
834-3705-5361   PCB 24RD1      LSI2400      ASX39   LSI2400  MODEM PARADYNE
836-4201-5061   PCB MULTIPROC  MP9600       2496-04 MP9600   MODEM PARADYNE
836-4202-5061   PCB INTERFACE  MP9600       2496-04 MP9600   MODEM PARADYNE
836-4203-5061   PCB MUX        MP9600       2496-04 MP9600   MODEM PARADYNE
836-4204-5061   PCB 96RD       MP9600       2496-04 MP9600   MODEM PARADYNE
836-4205-5061   PCB FSC        MP9600       2496-04 MP9600   MODEM PARADYNE
836-4205-5061   PCB FSC        MP14.4       2698-06 MP14.4   MODEM PARADYNE
836-4200-0011   CHASSIS & P/S  MP9600       2496-04 MP9600   MODEM PARADYNE
836-4208-0011   PCB MOTHER     MP9600       2496-04 MP9600   MODEM PARADYNE
856-4701-5002   PCB RXMP       MP14.4       2698-06 MP14.4   MODEM PARADYNE
856-4704-5200   PCB INTERFACE  MP14.4       2698-06 MP14.4   MODEM PARADYNE
858-4901-5006   PCB RXMP       VHS19.2      2711-05 VHS19.2  MODEM PARADYNE
858-7504-5101   PCB INTF       VHS19.2      2711-05 VHS19.2  MODEM PARADYNE
858-7802-5001   PCB AGC        VHS19.2      2711-05 VHS19.2  MODEM PARADYNE
858-8406-0011   CHASSIS & P/S  VHS19.2      2711-05 VHS19.2  MODEM PARADYNE
859-3402-5001   PCB TIM/AGC    MP14.4       2698-06 MP14.4   MODEM PARADYNE
859-3403-5001   PCB.TXMP       MP14.4       2698-06 MP14.4   MODEM PARADYNE
859-3400-0011   CHASSIS & P/S  MP14.4       2698-06 MP14.4   MODEM PARADYNE
859-3404-0014   CHASSIS & P/S  MP14.4 2DTE  2698-06 MP14.4   MODEM PARADYNE
859-3405-5061   PCB  MUX       MP14.4       2698-06 MP14.4   MODEM PARADYNE
859-3406-5061   PCB RD         MP14.4       2698-06 MP14.4   MODEM PARADYNE
900-4A          MODEM DATA MODEM W/COUPLER                   MODEM TYMSHARE
900-6A          MODEM DATA MODEM W/COUPLER                   MODEM TYMSHARE
DV1816W         POWER PACK  PENRIL MODEMS                   POWER SUPPLY PENRIL
DV9750          POWER PACK FOR PENRIL MODEM 3-3601 ONLY     POWER SUPPLY PENRIL
M1921P-MD       MODEM AT&T DATAPHONE I                       MODEM AT&T
T-20            TERMINAL DATATROL           T-20             T-20  E.P.M    
TA5A0A          BLOWER UNIT                 TA5A0A           BLOWER VARIAN
VA3451          MODEM (VADIC) STAND ALONE   VA3451           MODEM VADIC
VA3455          MODEM (VADIC) STAND ALONE   VA3455           MODEM VADIC
VCX-150         MULTIPLEXOR PENRIL 16 PORT 4601-01          MULTIPLEXOR PENRIL
WPC01220185D    PCB DR. READ TOP B2         01220185D        PCB   KENNEDY  
WPC01220193E    PCB DR. WRITE TOP B1        01220193E        PCB   KENNEDY  
WPC01220375G    PCB DR.CONTR TOP A          01220375G        PCB   KENNEDY  
WPC121014-10C   CABLE RIB. DR.WR. TOP B1    121014-10-C      CABLE KENNEDY  
WPC121046-10C   CABLE RIB. DR. CONTR.TOP    01210046-10-C    CABLE KENNEDY  
WPC121061-10C   CABLE RIB.DR. READ TOP B2   1210061-10-C     CABLE KENNEDY
912A            MODEM TYMSHARE 912A        21A91B1-14       MODEM  PENRIL      
912             MODEM TYMSHARE 912         21A91A1-04       MODEM  PENRIL      
338-2024T       POWER PACK FOR PENRIL MODEM 3-3604 ONLY     POWER SUPPLY PENRIL
8529166         KEYBOARD IBM PC            8529166          KEYBOA IBM         
2223050-0004    PROCESSOR T.I. PC                           UNIT   T.I.
335-201         CARDFILE 15 PORT DUAL FLOP SERIES 300       CAGE   DCA         
                                                                               
                                                                               
ASTRA-AS2       PCB AS2[010383]            ASTRA-AS2        PCB    DCA         
170335-001      COVER  ATC                 170335-001       MISC   ATC         
470323-001      PCB SYNC (8 PORT)          470323-001       PCB    ENGIN       
KH010           POWER PACK FOR VEN-TEL MODEMS 923 & 925    POWER SUPPLY VEN-TEL
A70035255-903   BOX NODE 6                 A70035255-903    NODE   ENGINE      
DOCUMENTS       COMAT                      DOCUMENTS                           
P600            PRINTRONIX PRINTER P600    P600             PRINTE PRINTRONIX  
WP572419CG      POWER PACK FOR AT&T DATAPHONE (M1921P-MD)    MODEM  AT&T        
470109-002      PCB MAC II MULTI MEG       470109-002              ENGIN       
270005-001      BACKPLANE REPAIR TOOL                       CAGE   TYMNET      
   k@.