600135-001        MODEM CDS 296 TRE  M8E0176  844413 1   90A059  CDS   90/01/09
600103-001        CDS V.32 SYNC & A  K8K0214  844413 1   90A059  CDS   90/01/09
600264-001        MODEM CDS 296 DIA  K9E0226  844413 1   90A059  CDS   90/01/09
600264-001        MODEM CDS 296 DIA  M9E0002  844413 1   90A059  CDS   90/01/09
600264-001        MODEM CDS 296 DIA  K9E0487  844413 1   90A059  CDS   90/01/09
151-1132-001      MICOM PAD DCE 12   938P3643 844414 1   01979190MICM  90/01/09
151-1132-001      MICOM PAD DCE 12   942P2662 844414 1   01979190MICM  90/01/09
4310-02           PCBA PENRIL SYNC   2395     844415 1   37946   PDC   90/01/10
4600-02           MULTIPLEXOR PENRI  2471     844415 1   37947   PDC   90/01/10
4301-02           PCBA PENRIL ASYNC  5493     844415 1   37949   PDC   90/01/10
4301-02           PCBA PENRIL ASYNC  5422     844415 1   37949   PDC   90/01/10
4301-02           PCBA PENRIL ASYNC  5190     844415 1   37949   PDC   90/01/10
4301-02           PCBA PENRIL ASYNC  5423     844415 1   37949   PDC   90/01/10
4301-02           PCBA PENRIL ASYNC  5485     67120  1   37948   PDC   90/01/10
4301-02           PCBA PENRIL ASYNC  5821     67120  1   37948   PDC   90/01/10
4301-02           PCBA PENRIL ASYNC  5904     67120  1   37948   PDC   90/01/10
4301-02           PCBA PENRIL ASYNC  5185     67120  1   37948   PDC   90/01/10
4204-01           PCB PENRIL ARBITR  183      67097  1   37950   PDC   90/01/10
21A151A19-01      PCBA VCX-1000 19   00011753 67097  1   37951   PDC   90/01/10
4202-87           P/S PENRIL MOD:29  9137     67097  1   37952   PDC   90/01/10
4312-02           PCBA PENRIL SYNC   5278     37953  1   37953   PDC   90/01/10
4301-02           PCBA PENRIL ASYNC  3401     67097  1   37954   PDC   90/01/10
4301-02           PCBA PENRIL ASYNC  3670     67097  1   37954   PDC   90/01/10
600142-001        MODEM TRI-ROCK CD  M9C0080  844416 1   90A142  CDS   90/01/19
600142-001        MODEM TRI-ROCK CD  M9F0105  67301  1   90A142  CDS   90/01/19
600142-001        MODEM TRI-ROCK CD  M8K0178  844416 1   90A142  CDS   90/01/19
600142-001        MODEM TRI-ROCK CD  M8G0075  67301  1   90A142  CDS   90/01/19
600142-001        MODEM TRI-ROCK CD  M8G0015  844416 1   90A142  CDS   90/01/19
600142-001        MODEM TRI-ROCK CD  M8A0034  67301  1   90A142  CDS   90/01/19
600142-001        MODEM TRI-ROCK CD  M8A0107  844416 1   90A142  CDS   90/01/19
600142-001        MODEM TRI-ROCK CD  M9B0234  844416 1   90A142  CDS   90/01/19
600142-001        MODEM TRI-ROCK CD  M9H0050  844416 1   90A142  CDS   90/01/19
600142-001        MODEM TRI-ROCK CD  M8H0109  67301  1   90A142  CDS   90/01/19
600142-001        MODEM TRI-ROCK CD  M8H0092  67301  1   90A142  CDS   90/01/19
600142-001        MODEM TRI-ROCK CD  M8H0128  67301  1   90A142  CDS   90/01/19
600142-001        MODEM TRI-ROCK CD  M8A0172  844416 1   90A142  CDS   90/01/19
600142-001        MODEM TRI-ROCK CD  M8A0199  67301  1   90A142  CDS   90/01/19
600142-001        MODEM TRI-ROCK CD  M9C0212  67301  1   90A142  CDS   90/01/19
600142-001        MODEM TRI-ROCK CD  M9F0209  67301  1   90A142  CDS   90/01/19
600142-001        MODEM TRI-ROCK CD  M9F0228  844416 1   90A142  CDS   90/01/19
600142-001        MODEM TRI-ROCK CD  M8H0069  844416 1   90A142  CDS   90/01/19
600142-001        MODEM TRI-ROCK CD  M9D0065  844416 1   90A142  CDS   90/01/19
600142-001        MODEM TRI-ROCK CD  M9B0192  844416 1   90A142  CDS   90/01/19
600142-001        MODEM TRI-ROCK CD  M8I0277  844416 1   90A142  CDS   90/01/19
600142-001        MODEM TRI-ROCK CD  M9F0123  67301  1   90A142  CDS   90/01/19
600142-001        MODEM TRI-ROCK CD  M9I0107  844416 1   90A142  CDS   90/01/19
600142-001        MODEM TRI-ROCK CD  M8F0044  67301  1   90A142  CDS   90/01/19
600142-001        MODEM TRI-ROCK CD  M9G0288  844416 1   90A142  CDS   90/01/19
600142-001        MODEM TRI-ROCK CD  M8B0185  844416 1   90A142  CDS   90/01/19
600142-001        MODEM TRI-ROCK CD  M9G0250  844416 1   90A142  CDS   90/01/19
600142-001        MODEM TRI-ROCK CD  M8I0010  844416 1   90A142  CDS   90/01/19
600142-001        MODEM TRI-ROCK CD  M9B0189  844416 1   90A142  CDS   90/01/19
600142-001        MODEM TRI-ROCK CD  M9A0087  67301  1   90A142  CDS   90/01/19
600142-001        MODEM TRI-ROCK CD  M9G0340  844416 1   90A142  CDS   90/01/19
600142-001        MODEM TRI-ROCK CD  M9G0357  844416 1   90A142  CDS   90/01/19
600142-001        MODEM TRI-ROCK CD  M9K0164  67301  1   90A142  CDS   90/01/19
600142-001        MODEM TRI-ROCK CD  M9K0116  844416 1   90A142  CDS   90/01/19
600142-001        MODEM TRI-ROCK CD  M8B0013  844416 1   90A142  CDS   90/01/19
600142-001        MODEM TRI-ROCK CD  M9K0391  844416 1   90A142  CDS   90/01/19
600142-001        MODEM TRI-ROCK CD  M9K0439  844416 1   90A142  CDS   90/01/19
600142-001        MODEM TRI-ROCK CD  M9G0066  844416 1   90A142  CDS   90/01/19
600142-001        MODEM TRI-ROCK CD  M9C0290  67301  1   90A142  CDS   90/01/19
600142-001        MODEM TRI-ROCK CD  M9A0053  844416 1   90A142  CDS   90/01/19
600142-001        MODEM TRI-ROCK CD  M9H0340  844416 1   90A142  CDS   90/01/19
600142-001        MODEM TRI-ROCK CD  M9H0355  67301  1   90A142  CDS   90/01/19
600142-001        MODEM TRI-ROCK CD  M9A0046  844416 1   90A142  CDS   90/01/22
600142-001        MODEM TRI-ROCK CD  M9C0374  844416 1   90A142  CDS   90/01/22
600142-001        MODEM TRI-ROCK CD  M9G0401  844416 1   90A142  CDS   90/01/22
600142-001        MODEM TRI-ROCK CD  M9K0197  67301  1   90A142  CDS   90/01/22
600142-001        MODEM TRI-ROCK CD  M9H0310  844416 1   90A142  CDS   90/01/22
600142-001        MODEM TRI-ROCK CD  M8A0169  844416 1   90A142  CDS   90/01/22
600264-001        MODEM CDS 296 DIA  M9D0019  844417 1   90A170  CDS   90/01/24
600264-001        MODEM CDS 296 DIA  M9D0025  844417 1   90A170  CDS   90/01/24
600264-002        MODEM CDS 296 DIA  M9K0163  844417 1   90A170  CDS   90/01/24
600288-001        PCB TPI CHANL CD   1019     844418 1   0124902 TPI   90/01/24
600142-001        MODEM TRI-ROCK CD  M9C0270  844419 1   90B028  CDS   90/02/06
600142-001        MODEM TRI-ROCK CD  M9C0426  844419 1   90B028  CDS   90/02/06
600264-001        MODEM CDS 296 DIA  M9D0020  844419 1   90B028  CDS   90/02/06
600264-001        MODEM CDS 296 DIA  K9E0228  844419 1   90B028  CDS   90/02/06
600260-001        MODEM PARADYNE 34  2656838  844420 1   020690  PARD  90/02/06
600260-001        MODEM PARADYNE 34  2656817  844420 1   020690  PARD  90/02/06
110-8TE           CARDFILE 8 PORT D  QD000079 67257  1   20NC410 DCA   90/02/06
110-8TE           CARDFILE 8 PORT D  QD000103 67257  1   20NC410 DCA   90/02/06
110-8TE           CARDFILE 8 PORT D  104443   67257  1   20NC410 DCA   90/02/06
110-8TE           CARDFILE 8 PORT D  QD0000RJ 67257  1   20NC410 DCA   90/02/06
100-CP2           PCBA CP2 CONTROLL  CP000790 67257  1   20NC410 DCA   90/02/06
100-CP2           PCBA CP2 CONTROLL  CP0007T0 67257  1   20NC410 DCA   90/02/06
100-CP2           PCBA CP2 CONTROLL  CP0007TQ 67257  1   20NC410 DCA   90/02/06
100-CP2           PCBA CP2 CONTROLL  X0750168 67257  1   20NC410 DCA   90/02/06
ASTRA-AS2         PCBA DUAL PORT DC  S2000YBW 67257  1   20NC410 DCA   90/02/06
ASTRA-AS2         PCBA DUAL PORT DC  S2001Q8U 67257  1   20NC410 DCA   90/02/06
ASTRA-AS2         PCBA DUAL PORT DC  S208JP3A 67257  1   20NC410 DCA   90/02/06
ASTRA-AS2         PCBA DUAL PORT DC  S208JP5H 67257  1   20NC410 DCA   90/02/06
ASTRA-AS2         PCBA DUAL PORT DC  S20005F4 67257  1   20NC410 DCA   90/02/06
3PL-2FD           DUAL FLOPPY DRIVE  50394    67257  1   20NC410 DCA   90/02/06
600264-002        MODEM CDS 296 DIA  M9L0113  844419 1   90B028  CDS   90/02/06
600264-002        MODEM CDS 296 DIA  M9L0034  844419 1   90B028  CDS   90/02/06
600264-002        MODEM CDS 296 DIA  M9L0110  844419 1   90B028  CDS   90/02/06
600264-002        MODEM CDS 296 DIA  M9L0111  844419 1   90B028  CDS   90/02/06
600264-001        MODEM CDS 296 DIA  K9E0335  844419 1   90B028  CDS   90/02/06
600103-001        CDS V.32 SYNC & A  K8J0204  844421 1   90B102  CDS   90/02/15
600264-002        MODEM CDS 296 DIA  M9K0310  844421 1   90B102  CDS   90/02/15
600264-002        MODEM CDS 296 DIA  M9K0133  844421 1   90B102  CDS   90/02/15
600264-002        MODEM CDS 296 DIA  M9J0052  844421 1   90B102  CDS   90/02/15
600264-002        MODEM CDS 296 DIA  M9K0305  844421 1   90B102  CDS   90/02/15
600264-003        PCB CDS SLIC CARD  M9K0125  844421 1   90B102  CDS   90/02/15
600103-001        CDS V.32 SYNC & A  K8J0036  844422 1   90B112  CDS   90/02/20
600103-001        CDS V.32 SYNC & A  K8J0310  844422 1   90B112  CDS   90/02/20
600264-002        MODEM CDS 296 DIA  M9J0034  844422 1   90B112  CDS   90/02/20
600264-002        MODEM CDS 296 DIA  M9K0188  844423 1   90B125  CDS   90/02/21
600264-002        MODEM CDS 296 DIA  M9K0077  844423 1   90B125  CDS   90/02/21
600135-001        MODEM CDS 296 TRE  M8C0027  844424 1   90B131  CDS   90/02/21
600288-001        PCB TPI MODEL 1 C  1115     844425 1   M-02214 TPI   90/02/21
600264-002        MODEM CDS 296 DIA  M9L0124  844426 1   90C003  CDS   90/03/01
600264-002        MODEM CDS 296 DIA  M9L0043  844426 1   90C003  CDS   90/03/01
600264-002        MODEM CDS 296 DIA  M9L0140  844427 1   90C087  CDS   90/03/13
600264-002        MODEM CDS 296 DIA  M9K0271  844427 1   90C087  CDS   90/03/13
600264-001        MODEM CDS 296 DIA  K9E0278  844427 1   90C087  CDS   90/03/13
600135-001        MODEM CDS 296 TRE  M8C0041  844427 1   90C087  CDS   90/03/13
600103-001        CDS V.32 SYNC & A  K8J0011  844427 1   90C087  CDS   90/03/13
600260-001        MODEM PARADYNE 34  2650377  844429 1   031390  PARD  90/03/13
600264-002        MODEM CDS 296 DIA  M9L0162  844427 1   90C087  CDS   90/03/13
CS20019616        PRINTER 3404 GENI  008444   NONE   1   Z007588 RC    90/03/14
4301-02           PCBA PENRIL ASYNC  5892     844428 1   38525   PDC   90/03/14
4301-02           PCBA PENRIL ASYNC  5902     844428 1   38525   PDC   90/03/14
3-3616            MODEM PENRIL ALLI  4265     844428 1   38528   PDC   90/03/14
4301-02           PCBA PENRIL ASYNC  1231     67437  1   38525   PDC   90/03/14
4301-02           PCBA PENRIL ASYNC  2165     67437  1   38525   PDC   90/03/14
4301-02           PCBA PENRIL ASYNC  2507     67437  1   38526   PDC   90/03/14
4301-02           PCBA PENRIL ASYNC  3518     67437  1   38526   PDC   90/03/14
4301-02           PCBA PENRIL ASYNC  3394     67437  1   38526   PDC   90/03/14
3-3607            MODEM PENRIL 9600  221      67437  1   38530   PDC   90/03/14
4202-87           P/S PENRIL MOD:29  9138     67437  1   38527   PDC   90/03/14
4600-03           MULTIPLEXOR PENRI  2023     67437  1   38529   PDC   90/03/14
4590-02           PENRIL VCX CONFIG  459      67437  1   38531   PDC   90/03/14
3-3605            MODEM PENRIL 2400  2454     67437  1   38532   PDC   90/03/14
4202-90           P/S PENRIL VCX-10  2629     67437  1   38533   PDC   90/03/14
600264-001        MODEM CDS 296 DIA  M9D0022  67703  1   90E077  CDS   90/05/15
600264-001        MODEM CDS 296 DIA  K9J0552  67703  1   90E077  CDS   90/05/15
600264-001        MODEM CDS 296 DIA  M9D0025  67703  1   90E077  CDS   90/05/15
600264-001        MODEM CDS 296 DIA  K9F0019  67703  1   90E077  CDS   90/05/15
600135-001        MODEM CDS 296 TRE  M7L0056  67703  1   90E077  CDS   90/05/15
600135-001        MODEM CDS 296 TRE  M8E0174  67703  1   90E077  CDS   90/05/15
600264-002        MODEM CDS 296 DIA  M9K0109  67703  1   90E077  CDS   90/05/15
600264-002        MODEM CDS 296 DIA  M9K0097  67703  1   90E077  CDS   90/05/15
600264-002        MODEM CDS 296 DIA  M0A0011  67703  1   90E077  CDS   90/05/15
600264-002        MODEM CDS 296 DIA  M9K0309  67703  1   90E077  CDS   90/05/15
600264-002        MODEM CDS 296 DIA  M9K0151  67703  1   90E077  CDS   90/05/15
600264-002        MODEM CDS 296 DIA  M9K0021  67703  1   90E077  CDS   90/05/15
600264-002        MODEM CDS 296 DIA  M9L0158  67703  1   90E077  CDS   90/05/15
600264-002        MODEM CDS 296 DIA  M9K0147  67703  1   90E077  CDS   90/05/15
600264-002        MODEM CDS 296 DIA  M9K0177  67703  1   90E077  CDS   90/05/15
600264-002        MODEM CDS 296 DIA  M9L0225  67703  1   90E077  CDS   90/05/15
600264-002        MODEM CDS 296 DIA  M9K0070  67703  1   90E077  CDS   90/05/15
600103-002        CDS V.32 SYNC ONL  004122   67703  1   90E077  CDS   90/05/15
600103-002        CDS V.32 SYNC ONL  03132    67703  1   90E077  CDS   90/05/15
600103-002        CDS V.32 SYNC ONL  004826   67703  1   90E077  CDS   90/05/15
600103-001        CDS V.32 SYNC & A  M8H0035  67703  1   90E077  CDS   90/05/15
600103-001        CDS V.32 SYNC & A  K8J0012  67703  1   90E077  CDS   90/05/15
600103-001        CDS V.32 SYNC & A  K8J0014  67703  1   90E077  CDS   90/05/15
600103-001        CDS V.32 SYNC & A  K8J0337  67703  1   90E077  CDS   90/05/15
600286-001        MODEM TPI MODEL1   1128     67708  1   M0521G  TPI   90/05/21
600286-001        MODEM TPI MODEL1   1131     67708  1   M0521G  TPI   90/05/21
600288-001        PCB TPI MODEL 1 C  1067     67708  1   M0521G  TPI   90/05/21
151-1132-001      MICOM PAD DCE 12   949P8523 67709  1   0562799 MICM  90/05/21
151-1132-001      MICOM PAD DCE 12   938P3643 67709  1   0540249 MICM  90/05/21
160-1608          MICOM FEATUREPAK   937P4374 67709  1   0540059 MICM  90/05/21
160-1608          MICOM FEATUREPAK   008P3253 67709  1   0540059 MICM  90/05/21
600264-002        MODEM CDS 296 DIA  M9K0307  67731  1   90E125  CDS   90/05/23
600264-001        MODEM CDS 296 DIA  K9J0324  67731  1   90E125  CDS   90/05/23
600286-001        MODEM TPI MODEL1   1788     84111  1   T52490  TPI   90/05/25
600260-001        MODEM PARADYNE 34  2650371  67714  1   060190  PARD  90/06/01
600260-001        MODEM PARADYNE 34  2649905  67714  1   060190  PARD  90/06/01
600260-001        MODEM PARADYNE 34  2652264  67714  1   060190  PARD  90/06/01
600260-002        MODEM PARADYNE 34  2652287  67714  1   060190  PARD  90/06/01
600103-001        CDS V.32 SYNC & A  K8J0011  67764  1   90F009  CDS   90/06/04
600103-001        CDS V.32 SYNC & A  K8J0001  67764  1   90F009  CDS   90/06/04
600103-001        CDS V.32 SYNC & A  K8J0273  67764  1   90F009  CDS   90/06/04
600103-001        CDS V.32 SYNC & A  K8K0239  67764  1   90F009  CDS   90/06/04
600103-001        CDS V.32 SYNC & A  K8K0081  67764  1   90F009  CDS   90/06/04
600103-001        CDS V.32 SYNC & A  K8J0211  67764  1   90F009  CDS   90/06/04
151-1132-001      MICOM PAD DCE 12   942P2687 67789  1   06518190MICM  90/06/07
151-1132-001      MICOM PAD DCE 12   942P2665 67789  1   06518190MICM  90/06/07
600103-001        CDS V.32 SYNC & A  K8J0026  67788  1   90F032  CDS   90/06/07
600264-001        MODEM CDS 296 DIA  104922   67788  1   90F032  CDS   90/06/07
600264-001        MODEM CDS 296 DIA  K9G0509  67788  1   90F032  CDS   90/06/07
600264-001        MODEM CDS 296 DIA  K9E0160  67788  1   90F032  CDS   90/06/07
3-3616            MODEM PENRIL ALLI  4262     67770  1   39228   PDC   90/06/07
4202-21           CHASSIS PENRIL 19  5204     67770  1   39229   PDC   90/06/07
4202-87           P/S MODULES PENRI  8680     67770  1   39230   PDC   90/06/07
4202-87           P/S MODULES PENRI  8695     67770  1   39230   PDC   90/06/07
4202-90           P/S PENRIL SWITCH  0802     67770  1   39231   PDC   90/06/07
4202-90           P/S PENRIL SWITCH  1823     67770  1   39231   PDC   90/06/07
4204-01           PCB PENRIL ARBITR  519      67770  1   39232   PDC   90/06/07
4204-02           PCB PENRIL ARBITR  301      67770  1   39233   PDC   90/06/07
4301-02           PCBA PENRIL ASYNC  5821     67770  1   39234   PDC   90/06/07
4301-02           PCBA PENRIL ASYNC  5901     67770  1   39234   PDC   90/06/07
4301-02           PCBA PENRIL ASYNC  3515     67770  1   39234   PDC   90/06/07
4301-02           PCBA PENRIL ASYNC  3409     67770  1   39234   PDC   90/06/07
4301-02           PCBA PENRIL ASYNC  5892     67770  1   39235   PDC   90/06/07
4301-02           PCBA PENRIL ASYNC  1716     67770  1   39235   PDC   90/06/07
4301-02           PCBA PENRIL ASYNC  2314     67770  1   39235   PDC   90/06/07
4310-02           PCBA PENRIL SYNC   1892     67770  1   39236   PDC   90/06/07
4310-02           PCBA PENRIL SYNC   2403     67770  1   39236   PDC   90/06/07
4590-02           PENRIL VCX CONFIG  1273     67770  1   39237   PDC   90/06/07
4600-01           MULTIPLEXOR PENRI  2059     67770  1   39238   PDC   90/06/07
4600-03           MULTIPLEXOR PENRI  771      67770  1   39239   PDC   90/06/07
4900-01           MULTIPLXR PENRIL   767      67770  1   39240   PDC   90/06/07
3-3610            MODEM PENRIL CSU/  1364     72351  1   39198   PDC   90/06/12
3-3610            MODEM PENRIL CSU/  1348     72351  1   39198   PDC   90/06/12
600260-001        MODEM PARADYNE 34  2731762  72355  1   061490  PARD  90/06/14
600264-002        MODEM CDS 296 DIA  M9L0073  72354  1   90F035  CDS   90/06/14
600286-001        MODEM TPI MODEL1   1791     67796  1   M0614904TPI   90/06/15
600260-001        MODEM PARADYNE 34  2650005  67859  1   062090  PARD  90/06/20
858-8406-0011     CHASSIS PARADYNE   431035   67859  1   062090  PARD  90/06/20
858-8406-0011     CHASSIS PARADYNE   527111   67859  1   062090  PARD  90/06/20
858-8406-0011     CHASSIS PARADYNE   490980   67859  1   062090  PARD  90/06/20
858-8406-0011     CHASSIS PARADYNE   489515   67859  1   062090  PARD  90/06/20
858-8406-0011     CHASSIS PARADYNE   483993   67859  1   062090  PARD  90/06/20
600102-001        RACK ASSEMBLY      07       67852  1   90F093  CDS   90/06/20
600103-001        CDS V.32 SYNC & A  K8J0139  67838  1   90F081  CDS   90/06/20
600264-001        MODEM CDS 296 DIA  D104920  67838  1   90F081  CDS   90/06/20
600264-001        MODEM CDS 296 DIA  D104937  67838  1   90F081  CDS   90/06/20
160-1608          MICOM FEATUREPAK   937P4376 67839  1   06179790MICM  90/06/20
600288-001        PCB TPI MODEL 1 C  1006     67840  1   M0618G  TPI   90/06/20
600288-001        PCB TPI MODEL 1 C  1058     67840  1   M0618G  TPI   90/06/20
4600-03           MULTIPLEXOR PENRI  2078     67841  1   39336    90/06/20
4600-02           MULTIPLEXOR PENRI  2583     67841  1   39337   PDC   90/06/20
4301-02           PCBA PENRIL ASYNC  3612     67841  1   39338   PDC   90/06/20
4301-02           PCBA PENRIL ASYNC  3438     67841  1   39338   PDC   90/06/20
1200              MODEM HAYES SMART  20821241 72394  1   222733P HWR   90/06/26
1200              MODEM HAYES SMART  40521247 72394  1   222733P HWR   90/06/26
1200              MODEM HAYES SMART  A3120015 72394  1   222733P HWR   90/06/26
1200              MODEM HAYES SMART  A1410015 72394  1   222733P HWR   90/06/26
600260-001        MODEM PARADYNE 34  2731793  67874  1   062690  PARD  90/06/26
2400E             MODEM USROBOTICS   60013860 72397  1   402547  USR   90/06/26
2400E             MODEM USROBOTICS   60004010 72397  1   402547  USR   90/06/26
2400E             MODEM USROBOTICS   60011519 72397  1   402547  USR   90/06/26
600264-002        MODEM CDS 296 DIA  M9L0209  67869  1   90F103  CDS   90/06/26
600103-001        CDS V.32 SYNC & A  K8K0234  67869  1   90F103  CDS   90/06/26
600103-001        CDS V.32 SYNC & A  K8J0243  67869  1   90F103  CDS   90/06/26
4301-02           PCBA PENRIL ASYNC  5365     67868  1   39373   PDC   90/06/26
4301-02           PCBA PENRIL ASYNC  5364     67868  1   39373   PDC   90/06/26
600264-001        MODEM CDS 296 DIA  K9F0222  67880  1   90F152  CDS   90/06/28
600264-001        MODEM CDS 296 DIA  K9E0157  67880  1   90F152  CDS   90/06/28
600264-001        MODEM CDS 296 DIA  D104958  67880  1   90F152  CDS   90/06/28
600135-001        MODEM CDS 296 TRE  M8E0170  67880  1   90F152  CDS   90/06/28
600286-001        MODEM TPI MODEL1   1134     67881  1   M06283  TPI   90/06/28
600142-001        MODEM TRI-ROCK CD  M0E0242  67882  1   90F153  CDS   90/06/29
600142-001        MODEM TRI-ROCK CD  M9F0026  67882  1   90F153  CDS   90/06/29
600142-001        MODEM TRI-ROCK CD  M9E0061  67882  1   90F153  CDS   90/06/29
600142-001        MODEM TRI-ROCK CD  M9G0436  67882  1   90F153  CDS   90/06/29
600142-001        MODEM TRI-ROCK CD  M0D0318  67882  1   90F153  CDS   90/06/29
600142-001        MODEM TRI-ROCK CD  M9K0386  67882  1   90F153  CDS   90/06/29
600142-001        MODEM TRI-ROCK CD  M9B0159  67882  1   90F153  CDS   90/06/29
600142-001        MODEM TRI-ROCK CD  M9E0063  67882  1   90F153  CDS   90/06/29
600142-001        MODEM TRI-ROCK CD  M8I0277  67882  1   90F153  CDS   90/06/29
600142-001        MODEM TRI-ROCK CD  M9A0060  67882  1   90F153  CDS   90/06/29
600142-001        MODEM TRI-ROCK CD  M9J0219  67882  1   90F153  CDS   90/06/29
600142-001        MODEM TRI-ROCK CD  M9A0058  67882  1   90F153  CDS   90/06/29
390013-001        P/S 5V SWITCHER F  095753   67885  1   16471   POC   90/07/03
390013-001        P/S 5V SWITCHER F  116088   67885  1   16471   POC   90/07/03
390013-001        P/S 5V SWITCHER F  92100    67885  1   16471   POC   90/07/03
390013-001        P/S 5V SWITCHER F  105084   67885  1   16471   POC   90/07/03
390013-001        P/S 5V SWITCHER F  90744    67885  1   16471   POC   90/07/03
390013-001        P/S 5V SWITCHER F  320752   67885  1   16471   POC   90/07/03
390013-001        P/S 5V SWITCHER F  104793   67885  1   16471   POC   90/07/03
390013-001        P/S 5V SWITCHER F  84757    67885  1   16471   POC   90/07/03
390013-001        P/S 5V SWITCHER F  84656    67885  1   16471   POC   90/07/03
390013-001        P/S 5V SWITCHER F  84650    67885  1   16471   POC   90/07/03
600180-001        POWER ONE CUBE FO  165436   67885  1   16471   POC   90/07/03
600180-001        POWER ONE CUBE FO  288121   67885  1   16471   POC   90/07/03
120-TTE           CARD FILE 16 PORT  112011   67884  1   HY602D  DCA   90/07/03
120-TTE           CARD FILE 16 PORT  112233   67884  1   HY602D  DCA   90/07/03
120-TTE           CARD FILE 16 PORT  QE0000BJ 67884  1   HY602D  DCA   90/07/03
120-TTE           CARD FILE 16 PORT  114277   67884  1   HY602D  DCA   90/07/03
120-TTE           CARD FILE 16 PORT  114503   67884  1   HY602D  DCA   90/07/03
120-TTE           CARD FILE 16 PORT  110917   67884  1   HY602D  DCA   90/07/03
110-8TE           CARDFILE 8 PORT D  QD0001PU 67884  1   HY602E  DCA   90/07/03
100-CP2           PCBA CP2 CONTROLL  CP0000X4 67884  1   HY602F  DCA   90/07/03
100-CP2           PCBA CP2 CONTROLL  CP000260 67884  1   HY602F  DCA   90/07/03
100-CP2           PCBA CP2 CONTROLL  CP0003QC 67884  1   HY602F  DCA   90/07/03
100-CP2           PCBA CP2 CONTROLL  CP0006U5 67884  1   HY602F  DCA   90/07/03
100-CP2           PCBA CP2 CONTROLL  CP0003Q2 67884  1   HY602F  DCA   90/07/03
100-CP2R          PCBA CP2 CONT + R  CP0000RB 67884  1   HY602G  DCA   90/07/03
100-CP2R          PCBA CP2 CONT + R  CP00001J 67884  1   HY602G  DCA   90/07/03
100-CP2R          PCBA CP2 CONT + R  CP0000FR 67884  1   HY602G  DCA   90/07/03
100-CP2R          PCBA CP2 CONT + R  CP000827 67884  1   HY602G  DCA   90/07/03
100-CP2R          PCBA CP2 CONT + R  CP0003U4 67884  1   HY602G  DCA   90/07/03
ASTRA-AS2         PCBA DUAL PORT DC  X0752132 67884  1   HY602H  DCA   90/07/03
ASTRA-AS2         PCBA DUAL PORT DC  S2001JK1 67884  1   HY602H  DCA   90/07/03
ASTRA-AS2         PCBA DUAL PORT DC  2420771  67884  1   HY602H  DCA   90/07/03
ASTRA-AS2         PCBA DUAL PORT DC  740138   67884  1   HY602H  DCA   90/07/03
ASTRA-AS2         PCBA DUAL PORT DC  2420757  67884  1   HY602H  DCA   90/07/03
ASTRA-AS2         PCBA DUAL PORT DC  S208JNJW 67884  1   HY602H  DCA   90/07/03
ASTRA-AS2         PCBA DUAL PORT DC  S208JP5M 67884  1   HY602H  DCA   90/07/03
ASTRA-AS2         PCBA DUAL PORT DC  S208JNWC 67884  1   HY602H  DCA   90/07/03
ASTRA-AS2         PCBA DUAL PORT DC  S208JNWF 67884  1   HY602H  DCA   90/07/03
ASTRA-AS2         PCBA DUAL PORT DC  S208JNWL 67884  1   HY602H  DCA   90/07/03
600142-001        MODEM TRI-ROCK CD  M9F0201  67896  1   90G011  CDS   90/07/03
600142-001        MODEM TRI-ROCK CD  M8L0382  67896  1   90G011  CDS   90/07/03
600142-001        MODEM TRI-ROCK CD  M0B0051  67896  1   90G011  CDS   90/07/03
600103-002        CDS V.32 SYNC ONL  5094     67896  1   90G011  CDS   90/07/03
600135-001        MODEM CDS 296 TRE  M8E0199  67896  1   90G011  CDS   90/07/03
4600-01           MULTIPLEXOR PENRI  2075     67887  1   39462   PDC   90/07/03
4600-01           MULTIPLEXOR PENRI  2065     67887  1   39462   PDC   90/07/03
600286-001        MODEM TPI MODEL1   1806     67916  1   N09091  TPI   90/07/09
4301-02           PCBA PENRIL ASYNC  6230     67914  1   39519   PDC   90/07/09
600103-001        CDS V.32 SYNC & A  K8J0222  67913  1   90G031  CDS   90/07/09
600264-001        MODEM CDS 296 DIA  K9E0225  67913  1   90G031  CDS   90/07/09
836-4203-5061     PCBA PARADYNE MUX  5078     67915  1   070990  PARD  90/07/09
600264-001        MODEM CDS 296 DIA  K9E0905  67927  1   90G046  CDS   90/07/12
600264-002        MODEM CDS 296 DIA  M9K0032  67927  1   90G046  CDS   90/07/12
858-4901-5006     PCBA PARADYNE RXM  166      67928  1   071290  PARD  90/07/12
858-4901-5006     PCBA PARADYNE RXM  5418     67928  1   071290  PARD  90/07/12
858-4901-5006     PCBA PARADYNE RXM  1118     67928  1   071290  PARD  90/07/12
600260-001        MODEM PARADYNE 34  2737747  67928  1   071290  PARD  90/07/12
4310-02           PCBA PENRIL SYNC   2890     67930  1   39607   PDC   90/07/17
4600-03           MULTIPLEXOR PENRI  3027     67930  1   39611   PDC   90/07/17
4202-87           P/S MODULES PENRI  9141     67930  1   39610   PDC   90/07/17
3-3610            MODEM PENRIL CSU/  116      67930  1   39609   PDC   90/07/17
3-3611            MODEM PENRIL ASYN  362      67930  1   39608   PDC   90/07/17
600264-001        MODEM CDS 296 DIA  K9E0160  67962  1   90G099  CDS   90/07/18
600264-002        MODEM CDS 296 DIA  M9K0072  67963  1   90G100  CDS   90/07/18
600264-002        MODEM CDS 296 DIA  M9K0017  67963  1   90G100  CDS   90/07/18
600135-001        MODEM CDS 296 TRE  M7L0016  67963  1   90G100  CDS   90/07/18
600135-001        MODEM CDS 296 TRE  M7L0042  67963  1   90G100  CDS   90/07/18
600264-001        MODEM CDS 296 DIA  D102707  67963  1   90G100  CDS   90/07/18
600142-001        MODEM TRI-ROCK CD  K9G0274  67963  1   90G100  CDS   90/07/18
600142-001        MODEM TRI-ROCK CD  M0E0072  67963  1   90G100  CDS   90/07/18
4301-02           PCBA PENRIL ASYNC  5190     67959  1   39627   PDC   90/07/18
390013-001        P/S 5V SK5-40 (MI  93789    67960  1   16709   POC   90/07/18
390013-001        P/S 5V SK5-40 (MI  096194   67960  1   16709   POC   90/07/18
390013-001        P/S 5V SK5-40 (MI  116066   67960  1   16709   POC   90/07/18
390013-001        P/S 5V SK5-40 (MI  93292    67960  1   16709   POC   90/07/18
390013-001        P/S 5V SK5-40 (MI  86441    67960  1   16709   POC   90/07/18
390013-001        P/S 5V SK5-40 (MI  102063   67960  1   16709   POC   90/07/18
390013-001        P/S 5V SK5-40 (MI  42011    67960  1   16709   POC   90/07/18
390013-001        P/S 5V SK5-40 (MI  85848    67960  1   16709   POC   90/07/18
390013-001        P/S 5V SK5-40 (MI  88597    67960  1   16709   POC   90/07/18
390013-001        P/S 5V SK5-40 (MI  NONE     67960  1   16709   POC   90/07/18
600264-001        MODEM CDS 296 DIA  K9E0699  67992  1   90G157  CDS   90/07/26
600103-001        CDS V.32 SYNC & A  M8G0005  67992  1   90G157  CDS   90/07/26
600142-001        MODEM TRI-ROCK CD  M0B0260  67992  1   90G157  CDS   90/07/26
600103-001        CDS V.32 SYNC & A  K8K0250  67993  1   90G158  CDS   90/07/26
600264-001        MODEM CDS 296 DIA  K9E0033  67993  1   90G158  CDS   90/07/26
600264-001        MODEM CDS 296 DIA  K9F0854  67993  1   90G158  CDS   90/07/26
600264-002        MODEM CDS 296 DIA  M9K0027  67993  1   90G158  CDS   90/07/26
600264-002        MODEM CDS 296 DIA  M9K0028  67993  1   90G158  CDS   90/07/26
600260-001        MODEM PARADYNE 34  2655383  67996  1   072690  PARD  90/07/26
600260-001        MODEM PARADYNE 34  2737730  67996  1   072690  PARD  90/07/26
2400              MODEM HAYES 2400   A0213100 67997  1   225532P HWR   90/07/26
4301-02           PCBA PENRIL ASYNC  5485     67999  1   39726   PDC   90/07/31
4202-21           CHASSIS PENRIL 19  148      67999  1   39727   PDC   90/07/31
600288-001        PCB TPI MODEL 1 C  1257     68056  1   N08062  TPI   90/08/09
100-CP2           PCBA CP2 CONTROLL  CP0000WR 68063  1   HY627Z  DCA   90/08/09
4301-02           PCBA PENRIL ASYNC  2431     68074  1   39936   PDC   90/08/14
4301-02           PCBA PENRIL ASYNC  3392     68074  1   39936   PDC   90/08/14
4301-02           PCBA PENRIL ASYNC  3663     68074  1   39936   PDC   90/08/14
4600-01           MULTIPLEXOR PENRI  737      68074  1   39937   PDC   90/08/14
600264-001        MODEM CDS 296 DIA  D104986  68075  1   90H058  CDS   90/08/14
600264-001        MODEM CDS 296 DIA  D104731  68075  1   90H058  CDS   90/08/14
600264-002        MODEM CDS 296 DIA  M9J0039  68075  1   90H058  CDS   90/08/14
600102-001        RACK ASSEMBLY      19       68075  1   90H058  CDS   90/08/14
600288-001        PCB TPI MODEL 1 C  1344     68076  1   8137S   TPI   90/08/14
4310-02           PCBA PENRIL SYNC   108      68098  1   40007   PDC   90/08/22
4301-02           PCBA PENRIL ASYNC  3722     68098  1   40008   PDC   90/08/22
4600-01           MULTIPLEXOR PENRI  1903     68100  1   40013   PDC   90/08/22
600142-001        MODEM TRI-ROCK CD  M8K0146  68107  1   90H101  CDS   90/08/23
600264-001        MODEM CDS 296 DIA  K9E0228  68107  1   90H101  CDS   90/08/23
600103-002        CDS V.32 SYNC ONL  03132    68107  1   90H101  CDS   90/08/23
600103-001        CDS V.32 SYNC & A  K8J0222  68107  1   90H101  CDS   90/08/23
4600-01           MULTIPLEXOR PENRI  2075     68108  1   40026   PDC   90/08/23
151-1132-001      MICOM PAD DCE 12   942P2695 68106  1   0892959 MICM  90/08/23
600264-001        MODEM CDS 296 DIA  K9E0276  68119  1   90H111  CDS   90/08/27
600142-001        MODEM TRI-ROCK CD  M0E1194  68119  1   90H111  CDS   90/08/27
600142-001        MODEM TRI-ROCK CD  M0E1063  68119  1   90H111  CDS   90/08/27
600142-001        MODEM TRI-ROCK CD  M9L0279  68119  1   90H111  CDS   90/08/27
600102-002        P/S FOR CDS RM16   M9D0039  68119  1   90H111  CDS   90/08/27
600142-001        MODEM TRI-ROCK CD  M9C0108  68120  1   90H112  CDS   90/08/27
600142-001        MODEM TRI-ROCK CD  M9C0102  68120  1   90H112  CDS   90/08/27
600142-001        MODEM TRI-ROCK CD  M9D0240  68120  1   90H112  CDS   90/08/27
600142-001        MODEM TRI-ROCK CD  M9D0299  68120  1   90H112  CDS   90/08/27
600142-001        MODEM TRI-ROCK CD  M9D0196  68120  1   90H112  CDS   90/08/27
600142-001        MODEM TRI-ROCK CD  M9D0141  68120  1   90H112  CDS   90/08/27
600142-001        MODEM TRI-ROCK CD  M9C0109  68120  1   90H112  CDS   90/08/27
600142-001        MODEM TRI-ROCK CD  M0D1206  68120  1   90H112  CDS   90/08/27
600142-001        MODEM TRI-ROCK CD  M9D0265  68120  1   90H112  CDS   90/08/27
600142-001        MODEM TRI-ROCK CD  M9D0171  68120  1   90H112  CDS   90/08/27
600142-001        MODEM TRI-ROCK CD  M9D0257  68120  1   90H112  CDS   90/08/27
600142-001        MODEM TRI-ROCK CD  M9D0185  68120  1   90H112  CDS   90/08/27
600142-001        MODEM TRI-ROCK CD  M9D0184  68120  1   90H112  CDS   90/08/27
600142-001        MODEM TRI-ROCK CD  M9K0306  68121  1   90H113  CDS   90/09/07
600142-001        MODEM TRI-ROCK CD  M9D0218  68121  1   90H113  CDS   90/09/07
600142-001        MODEM TRI-ROCK CD  M0D0013  68121  1   90H113  CDS   90/09/07
600142-001        MODEM TRI-ROCK CD  M0D1080  68121  1   90H113  CDS   90/09/07
600142-001        MODEM TRI-ROCK CD  M9E0023  68121  1   90H113  CDS   90/09/07
600142-001        MODEM TRI-ROCK CD  M9D0119  68121  1   90H113  CDS   90/09/07
600142-001        MODEM TRI-ROCK CD  M9D0158  68121  1   90H113  CDS   90/09/07
600264-001        MODEM CDS 296 DIA  K9E0491  68121  1   90H113  CDS   90/09/07
600142-001        MODEM TRI-ROCK CD  M9D0156  68173  1   90I051  CDS   90/09/12
600264-001        MODEM CDS 296 DIA  K9J0552  68173  1   90I051  CDS   90/09/12
600264-001        MODEM CDS 296 DIA  K9F1149  68173  1   90I051  CDS   90/09/12
600264-001        MODEM CDS 296 DIA  K9E0487  68173  1   90I051  CDS   90/09/12
600264-001        MODEM CDS 296 DIA  K9G0667  68173  1   90I051  CDS   90/09/12
600102-001        RACK ASSY CDS RM1  11       68173  1   90I051  CDS   90/09/12
600286-001        MODEM TPI MODEL1   1805     23228  1   N09143  TPI   90/09/18
100-CP2           PCBA CP2 CONTROLL  CP0007KR 68192  1   HY680J  DCA   90/09/18
100-CP2R          PCBA CP2 CONT + R  CP0007N1 68192  1   HY680K  DCA   90/09/18
600264-002        MODEM CDS 296 DIA  M9L0078  68210  1   90I082  CDS   90/09/18
600264-002        MODEM CDS 296 DIA  M9L0070  68210  1   90I082  CDS   90/09/18
4301-02           PCBA PENRIL ASYNC  3693     68213  1   40280   PDC   90/09/18
4301-02           PCBA PENRIL ASYNC  3400     68213  1   40280   PDC   90/09/18
4301-02           PCBA PENRIL ASYNC  1762     68213  1   40280   PDC   90/09/18
4301-02           PCBA PENRIL ASYNC  5373     68213  1   40280   PDC   90/09/18
4301-02           PCBA PENRIL ASYNC  5365     68213  1   40281   PDC   90/09/18
600288-001        MODEM TPI MODEL 1  1131     85048  1   N09051  TPI   90/09/19
4301-02           PCBA PENRIL ASYNC  2314     23252  1   40316   PDC   90/09/24
4301-02           PCBA PENRIL ASYNC  5176     23252  1   40316   PDC   90/09/24
4600-03           MULTIPLEXOR PENRI  2666     23252  1   40317   PDC   90/09/24
4600-01           MULTIPLEXOR PENRI  2609     23252  1   40318   PDC   90/09/24
600142-001        MODEM TRI-ROCK CD  K9F0057  23251  1   11003   CDS   90/09/24
600142-001        MODEM TRI-ROCK CD  M0E0323  23251  1   11003   CDS   90/09/24
600142-001        MODEM TRI-ROCK CD  M0E0549  23251  1   11003   CDS   90/09/24
600264-002        MODEM CDS 296 DIA  M9J0043  23251  1   11003   CDS   90/09/24
600264-002        MODEM CDS 296 DIA  M9J0040  23251  1   11003   CDS   90/09/24
600264-002        MODEM CDS 296 DIA  M9K0040  23251  1   11003   CDS   90/09/24
600264-001        MODEM CDS 296 DIA  K9J0065  23251  1   11003   CDS   90/09/24
600264-001        MODEM CDS 296 DIA  D100627  23251  1   11003   CDS   90/09/24
600135-001        MODEM CDS 296 TRE  M8E0186  23251  1   11003   CDS   90/09/24
600180-001        P/S SPL130-S124 P  259513   23255  1   17672   POC   90/09/24
600180-001        P/S SPL130-S124 P  258938   23255  1   17672   POC   90/09/24
390037-001        P/S SPL130-4100P   022398   23255  1   17672   POC   90/09/24
600103-002        CDS V.32 SYNC ONL  5986     23249  1   11001   CDS   90/09/24
600264-001        MODEM CDS 296 DIA  D104960  23249  1   11001   CDS   90/09/24
600264-002        MODEM CDS 296 DIA  M9L0215  23249  1   11001   CDS   90/09/24
600264-002        MODEM CDS 296 DIA  M9L0214  23249  1   11001   CDS   90/09/24
600264-002        MODEM CDS 296 DIA  M0A0047  23249  1   11001   CDS   90/09/24
600264-002        MODEM CDS 296 DIA  M9L0218  23249  1   11001   CDS   90/09/24
600264-002        MODEM CDS 296 DIA  M9L0236  23249  1   11001   CDS   90/09/24
600264-001        MODEM CDS 296 DIA  D104998  23250  1   11002   CDS   90/09/24
600264-001        MODEM CDS 296 DIA  D104979  23250  1   11002   CDS   90/09/24
600264-001        MODEM CDS 296 DIA  101818   23250  1   11002   CDS   90/09/24
600264-001        MODEM CDS 296 DIA  K9E0064  23250  1   11002   CDS   90/09/24
600264-001        MODEM CDS 296 DIA  K9E1046  23250  1   11002   CDS   90/09/24
600103-002        CDS V.32 SYNC ONL  5390     23250  1   11002   CDS   90/09/24
4600-01           MULTIPLEXOR PENRI  2065     23253  1   40319   PDC   90/09/24
4312-02           PCBA PENRIL SYNC   5300     23253  1   40320   PDC   90/09/24
4301-02           PCBA PENRIL ASYNC  2499     23253  1   40321   PDC   90/09/24
3-3609            MODEM PENRIL CSU/  807      23253  1   40322   PDC   90/09/24
3-3609            MODEM PENRIL CSU/  655      23253  1   40322   PDC   90/09/24
600286-001        MODEM TPI MODEL1   1596     23254  1   N0920G  TPI   90/09/24
600286-001        MODEM TPI MODEL1   1970     23254  1   N0920G  TPI   90/09/24
600288-001        MODEM TPI MODEL 1  1010     23254  1   N0920G  TPI   90/09/24
600103-001        CDS V.32 SYNC & A  K8J0041  23248  1   10999   CDS   90/09/24
600135-001        MODEM CDS 296 TRE  M7L0048  23248  1   10999   CDS   90/09/24
600264-001        MODEM CDS 296 DIA  D100799  23248  1   10999   CDS   90/09/24
600103-001        CDS V.32 SYNC & A  K8J0037  23311  1   11181   CDS   90/10/12
600103-001        CDS V.32 SYNC & A  K8K0245  23311  1   11181   CDS   90/10/12
600103-001        CDS V.32 SYNC & A  K8K0241  23311  1   11181   CDS   90/10/12
600103-001        CDS V.32 SYNC & A  K8K0223  23311  1   11181   CDS   90/10/12
600103-001        CDS V.32 SYNC & A  K8K0081  23311  1   11181   CDS   90/10/12
600264-002        MODEM CDS 296 DIA  M0A0006  23311  1   11181   CDS   90/10/12
600264-002        MODEM CDS 296 DIA  M9L0081  23311  1   11181   CDS   90/10/12
600264-002        MODEM CDS 296 DIA  M9K0244  23311  1   11181   CDS   90/10/12
600264-002        MODEM CDS 296 DIA  M9L0148  23311  1   11181   CDS   90/10/12
4900-01           MULTIPLXR PENRIL   669      23323  1   40497   PDC   90/10/12
4600-03           MULTIPLEXOR PENRI  771      23323  1   40498   PDC   90/10/12
3-3610            MODEM PENRIL CSU/  1364     23323  1   40499   PDC   90/10/12
4301-02           PCBA PENRIL ASYNC  3691     23323  1   40500   PDC   90/10/12
4301-02           PCBA PENRIL ASYNC  5190     23323  1   40500   PDC   90/10/12
4312-02           PCBA PENRIL ASYNC  5280     23323  1   40500   PDC   90/10/12
4202-87           P/S MODULES PENRI  8748     23322  1   40496   PDC   90/10/12
4202-87           P/S MODULES PENRI  8671     23322  1   40496   PDC   90/10/12
4202-87           P/S MODULES PENRI  8678     23322  1   40496   PDC   90/10/12
600288-001        MODEM TPI MODEL 1  1198     23310  1   N1005P  TPI   90/10/12
600286-001        MODEM TPI MODEL1   1962     23310  1   N1005P  TPI   90/10/12
600260-001        MODEM PARADYNE 34  2731757  23309  1   101290  PARD  90/10/12
600286-001        MODEM TPI MODEL1   2408     23347  1   N1012P  TPI   90/10/15
600288-001        MODEM TPI MODEL 1  1203     23347  1   N1012P  TPI   90/10/15
600103-001        CDS V.32 SYNC & A  K8J0334  23360  1   D11149  CDS   90/10/16
600103-001        CDS V.32 SYNC & A  K8K0230  23360  1   D11149  CDS   90/10/16
600103-001        CDS V.32 SYNC & A  K8J0005  23360  1   D11149  CDS   90/10/16
600103-001        CDS V.32 SYNC & A  K8J0236  23360  1   D11149  CDS   90/10/16
600264-002        MODEM CDS 296 DIA  M9K0027  23360  1   D11149  CDS   90/10/16
600102-001        RACK ASSY CDS RM1  10       23359  1   D11148  CDS   90/10/16
600264-002        MODEM CDS 296 DIA  M9K0271  23359  1   D11148  CDS   90/10/16
600264-002        MODEM CDS 296 DIA  M9K0301  23359  1   D11148  CDS   90/10/16
600142-001        MODEM TRI-ROCK CD  M9K0382  23359  1   D11148  CDS   90/10/16
600142-001        MODEM TRI-ROCK CD  M8K0088  23359  1   D11148  CDS   90/10/16
48A020-011        MODEM GDC 500C/56  80010839 23349  1   101790  GDC   90/10/17
48A020-011        MODEM GDC 500C/56  561917   23349  1   101790  GDC   90/10/17
100-CP2R          PCBA CP2 CONT + R  CP0000QM 68362  1   HY708U  DCA   90/10/18
100-CP2R          PCBA CP2 CONT + R  CP00046H 68362  1   HY708U  DCA   90/10/18
100-CP2R          PCBA CP2 CONT + R  CP0004T5 68362  1   HY708U  DCA   90/10/18
100-CP2R          PCBA CP2 CONT + R  CP000FR  68362  1   HY708U  DCA   90/10/18
100-CP2           PCBA CP2 CONTROLL  CP00081B 68362  1   HY708V  DCA   90/10/18
ASTRA-AS2         PCBA DUAL PORT DC  S20012N5 68362  1   HY708W  DCA   90/10/18
4900-02           MULTIPLXR PENRIL   666      68384  1   40572   PDC   90/10/22
4310-02           PCBA PENRIL SYNC   2395     68384  1   40573   PDC   90/10/22
21A151A19-01      PCBA VCX-1000 19   M0583E0  68384  1   40574   PDC   90/10/22
4301-02           PCBA PENRIL ASYNC  5821     68384  1   40575   PDC   90/10/22
4301-02           PCBA PENRIL ASYNC  3436     68384  1   40575   PDC   90/10/22
4301-02           PCBA PENRIL ASYNC  2402     68384  1   40575   PDC   90/10/22
4301-02           PCBA PENRIL ASYNC  3620     68384  1   40575   PDC   90/10/22
4301-02           PCBA PENRIL ASYNC  3621     68384  1   40576   PDC   90/10/22
4301-02           PCBA PENRIL ASYNC  3440     68384  1   40576   PDC   90/10/22
4202-87           P/S MODULES PENRI  8716     68393  1   40599   PDC   90/10/23
4202-87           P/S MODULES PENRI  8738     68393  1   40599   PDC   90/10/23
4202-87           P/S MODULES PENRI  8724     68393  1   40599   PDC   90/10/23
48A020-011        MODEM GDC 500C/56  610127   68416  1   110190  GDC   90/11/01
600286-001        MODEM TPI MODEL1   2156     68424  1   N1030G  TPI   90/11/01
600288-001        MODEM TPI MODEL 1  1166     68425  1   N1030G  TPI   90/11/01
600260-001        MODEM PARADYNE 34  2731794  68426  1   103190  PARD  90/11/01
600260-001        MODEM PARADYNE 34  2737747  68426  1   103190  PARD  90/11/01
600260-001        MODEM PARADYNE 34  2730387  68426  1   103190  PARD  90/11/01
600103-001        CDS V.32 SYNC & A  K8J0195  68428  1   D11290  CDS   90/11/01
600103-001        CDS V.32 SYNC & A  K8J0223  68428  1   D11290  CDS   90/11/01
600103-002        CDS V.32 SYNC ONL  004836   68428  1   D11290  CDS   90/11/01
600264-001        MODEM CDS 296 DIA  D103949  68428  1   D11290  CDS   90/11/01
600264-001        MODEM CDS 296 DIA  K9F0110  68428  1   D11290  CDS   90/11/01
600264-001        MODEM CDS 296 DIA  K9E0849  68428  1   D11290  CDS   90/11/01
600264-001        MODEM CDS 296 DIA  D103941  68428  1   D11290  CDS   90/11/01
600264-001        MODEM CDS 296 DIA  D101806  68428  1   D11290  CDS   90/11/01
600264-001        MODEM CDS 296 DIA  D103252  68428  1   D11290  CDS   90/11/01
600264-002        MODEM CDS 296 DIA  M9K0213  68428  1   D11290  CDS   90/11/01
600264-002        MODEM CDS 296 DIA  M9K0260  68428  1   D11290  CDS   90/11/01
600264-002        MODEM CDS 296 DIA  M9K0188  68440  1   D11306  CDS   90/11/05
600264-002        MODEM CDS 296 DIA  M9K0135  68440  1   D11306  CDS   90/11/05
600264-002        MODEM CDS 296 DIA  M9L0042  68440  1   D11306  CDS   90/11/05
600142-001        MODEM TRI-ROCK CD  M0D0775  68440  1   D11306  CDS   90/11/05
600142-001        MODEM TRI-ROCK CD  M0E0531  68440  1   D11306  CDS   90/11/05
600142-001        MODEM TRI-ROCK CD  M0B0278  68440  1   D11306  CDS   90/11/05
600142-001        MODEM TRI-ROCK CD  M0C0238  68440  1   D11306  CDS   90/11/05
600103-001        CDS V.32 SYNC & A  K8J0175  68440  1   D11306  CDS   90/11/05
600103-001        CDS V.32 SYNC & A  K8K0217  68440  1   D11306  CDS   90/11/05
4600-02           MULTIPLEXOR PENRI  1360     68443  1   40709   PDC   90/11/12
4600-02           MULTIPLEXOR PENRI  2472     68443  1   40709   PDC   90/11/12
858-7802-5001     PCBA TIM/AGC PARA  550      68469  1   111990  PARD  90/11/19
3480-10           MODEM AT&T COMSPH  2814622  68469  1   111990  PARD  90/11/19
3480-10           MODEM AT&T COMSPH  2806461  68469  1   111990  PARD  90/11/19
600260-001        MODEM PARADYNE 34  2730303  68469  1   111990  PARD  90/11/19
3440              MODEM PARADYNE 9.  2785274  68469  1   111990  PARD  90/11/19
600286-001        MODEM TPI MODEL1   2073     68470  1   N111690RTPI   90/11/19
4600-02           MULTIPLEXOR PENRI  894      68471  1   40788   PDC   90/11/19
4590-02           PENRIL VCX CONFIG  1523     68471  1   40789   PDC   90/11/19
4202-87           P/S MODULES PENRI  9371     68471  1   40790   PDC   90/11/19
4202-87           P/S MODULES PENRI  8766     68471  1   40790   PDC   90/11/19
4312-02           PCBA PENRIL SYNC   5301     68471  1   40791   PDC   90/11/19
4312-02           PCBA PENRIL SYNC   5279     68471  1   40791   PDC   90/11/19
4301-02           PCBA PENRIL ASYNC  7192     68472  1   40792   PDC   90/11/19
4301-02           PCBA PENRIL ASYNC  7239     68472  1   40792   PDC   90/11/19
4301-02           PCBA PENRIL ASYNC  7193     68472  1   40792   PDC   90/11/19
4301-02           PCBA PENRIL ASYNC  7846     68472  1   40792   PDC   90/11/19
4301-02           PCBA PENRIL ASYNC  7251     68473  1   40793   PDC   90/11/19
4301-02           PCBA PENRIL ASYNC  5485     68473  1   40793   PDC   90/11/19
4301-02           PCBA PENRIL ASYNC  3610     68473  1   40793   PDC   90/11/19
4301-02           PCBA PENRIL ASYNC  3722     68473  1   40793   PDC   90/11/19
4301-02           PCBA PENRIL ASYNC  2495     68474  1   40794   PDC   90/11/19
4301-02           PCBA PENRIL ASYNC  2401     68474  1   40794   PDC   90/11/19
4301-02           PCBA PENRIL ASYNC  1231     68474  1   40794   PDC   90/11/19
600180-001        P/S SPL130-S124 P  258959   68475  1   18576   POC   90/11/19
600180-001        P/S SPL130-S124 P  258974   68475  1   18576   POC   90/11/19
600180-001        P/S SPL130-S124 P  271126   68475  1   18576   POC   90/11/19
600180-001        P/S SPL130-S124 P  127419   68475  1   18576   POC   90/11/19
600180-001        P/S SPL130-S124 P  162389   68475  1   18576   POC   90/11/19
600180-001        P/S SPL130-S124 P  346502   68475  1   18576   POC   90/11/19
600180-001        P/S SPL130-S124 P  148828   68475  1   18576   POC   90/11/19
390050-001        P/S FOR BATT BKUP  505EB012 68468  1   1773595 ACMEE 90/11/19
390050-001        P/S FOR BATT BKUP  505EB011 68468  1   1773595 ACMEE 90/11/19
600142-001        MODEM TRI-ROCK CD  M0E0056  68484  1   D11422  CDS   90/11/21
600142-001        MODEM TRI-ROCK CD  M9D0319  68484  1   D11422  CDS   90/11/21
600103-001        CDS V.32 SYNC & A  K8J0217  68484  1   D11422  CDS   90/11/21
600103-002        CDS V.32 SYNC ONL  003856   68484  1   D11422  CDS   90/11/21
600103-002        CDS V.32 SYNC ONL  003886   68484  1   D11422  CDS   90/11/21
600264-001        MODEM CDS 296 DIA  D103952  68484  1   D11422  CDS   90/11/21
600264-003        PCB CDS SLIC CARD  M9L0138  68484  1   D11422  CDS   90/11/21
600264-003        PCB CDS SLIC CARD  M9K0192  68484  1   D11422  CDS   90/11/21
600264-002        MODEM CDS 296 DIA  M9K0119  68485  1   D11423  CDS   90/11/21
600264-002        MODEM CDS 296 DIA  M9L0172  68485  1   D11423  CDS   90/11/21
600264-002        MODEM CDS 296 DIA  M9K0150  68485  1   D11423  CDS   90/11/21
600264-002        MODEM CDS 296 DIA  M9K0106  68485  1   D11423  CDS   90/11/21
600264-002        MODEM CDS 296 DIA  M9K0249  68485  1   D11423  CDS   90/11/21
600264-002        MODEM CDS 296 DIA  M9K0220  68485  1   D11423  CDS   90/11/21
600264-002        MODEM CDS 296 DIA  M9K0238  68485  1   D11423  CDS   90/11/21
600264-002        MODEM CDS 296 DIA  M0B0085  68485  1   D11423  CDS   90/11/21
600264-002        MODEM CDS 296 DIA  M9K0264  68485  1   D11423  CDS   90/11/21
600264-002        MODEM CDS 296 DIA  M9J0040  68485  1   D11423  CDS   90/11/21
600264-002        MODEM CDS 296 DIA  M9L0098  68485  1   D11423  CDS   90/11/21
600264-002        MODEM CDS 296 DIA  M9K0181  68485  1   D11423  CDS   90/11/21
600264-002        MODEM CDS 296 DIA  M9K0165  68485  1   D11423  CDS   90/11/21
2310101801        P/S FOR CDS RM224  600      68485  1   D11423  CDS   90/11/21
2310101801        P/S FOR CDS RM224  601      68485  1   D11423  CDS   90/11/21
600102-001        RACK ASSY CDS RM1  6692     68485  1   D11423  CDS   90/11/21
600142-001        MODEM TRI-ROCK CD  M9L0279  68504  1   D11461  CDS   90/11/28
600142-001        MODEM TRI-ROCK CD  M9D0086  68504  1   D11461  CDS   90/11/28
600142-001        MODEM TRI-ROCK CD  M9C0074  68504  1   D11461  CDS   90/11/28
600142-001        MODEM TRI-ROCK CD  M0D1242  68504  1   D11461  CDS   90/11/28
600142-001        MODEM TRI-ROCK CD  M0D0729  68504  1   D11461  CDS   90/11/28
3-3610            MODEM PENRIL CSU/  1111     68537  1   40871   PDC   90/12/06
3-3610            MODEM PENRIL CSU/  1109     68537  1   40871   PDC   90/12/06
3-3610            MODEM PENRIL CSU/  116      68537  1   40871   PDC   90/12/06
4900-01           MULTIPLXR PENRIL   1529     68537  1   40872   PDC   90/12/06
4301-02           PCBA PENRIL ASYNC  2314     68537  1   40873   PDC   90/12/06
4301-02           PCBA PENRIL ASYNC  7853     68537  1   40873   PDC   90/12/06
600288-001        MODEM TPI MODEL 1  1028     68539  1   N1205904TPI   90/12/06
600288-001        MODEM TPI MODEL 1  1029     68539  1   N1205904TPI   90/12/06
600264-002        MODEM CDS 296 DIA  M0J0056  68546  1   D11527  CDS   90/12/10
600264-002        MODEM CDS 296 DIA  M9L0214  68546  1   D11527  CDS   90/12/10
600103-001        CDS V.32 SYNC & A  K8J0246  68546  1   D11527  CDS   90/12/10
600142-001        MODEM TRI-ROCK CD  M9I0317  68546  1   D11527  CDS   90/12/10
600142-001        MODEM TRI-ROCK CD  M9E0252  68546  1   D11527  CDS   90/12/10
600142-001        MODEM TRI-ROCK CD  M0C0233  68546  1   D11527  CDS   90/12/10
600288-001        MODEM TPI MODEL 1  1283     68568  1   N1213902TPI   90/12/14
600264-002        MODEM CDS 296 DIA  M0B0060  68575  1   D11578  CDS   90/12/14
600264-002        MODEM CDS 296 DIA  M9K0250  68575  1   D11578  CDS   90/12/14
600264-002        MODEM CDS 296 DIA  M9K0241  68575  1   D11578  CDS   90/12/14
600264-002        MODEM CDS 296 DIA  M0B0058  68575  1   D11578  CDS   90/12/14
600103-001        CDS V.32 SYNC & A  K8K0210  68575  1   D11578  CDS   90/12/14
600142-001        MODEM TRI-ROCK CD  M9C0175  68575  1   D11578  CDS   90/12/14
600142-001        MODEM TRI-ROCK CD  M0H0268  68575  1   D11578  CDS   90/12/14
600142-001        MODEM TRI-ROCK CD  M9E0308  68575  1   D11578  CDS   90/12/14
   , ug