100-CP2           PCB CONTROLLER     CP0005YJ        1   19NC404 DCA   89/01/18
100-CP2           PCB CONTROLLER     CP000FH         1   19NC404 DCA   89/01/18
100-CP2           PCB CONTROLLER     CP0000N5        1   19NC404 DCA   89/01/18
100-CP2           PCB CONTROLLER     CP000789        1   19NC404 DCA   89/01/18
ASTRA-AS2         PCB AS2[010383]    S208JTGX        1   19NC404 DCA   89/01/18
ASTRA-AS2         PCB AS2[010383]    1240168         1   19NC404 DCA   89/01/18
ASTRA-AS2         PCB AS2[010383]    S2000DA4        1   19NC404 DCA   89/01/18
ASTRA-AS2         PCB AS2[010383]    S200038R        1   19NC404 DCA   89/01/18
ASTRA-AS2         PCB AS2[010383]    S2001HTW        1   19NC404 DCA   89/01/18
ASTRA-AS2         PCB AS2[010383]    X0850245        1   19NC404 DCA   89/01/18
NCF-60            CARDFILE 8 PORT    80000           1   19NC404 DCA   89/01/18
NCF-60            CARDFILE 8 PORT    55956           1   19NC404 DCA   89/01/18
120-TTE           CARDFILE  16 POR   113560          1   19NC404 DCA   89/01/18
120-TTE           CARDFILE  16 POR   111601          1   19NC404 DCA   89/01/18
120-TTE           CARDFILE  16 POR   QE00006F        1   19NC404 DCA   89/01/18
120-TTE           CARDFILE  16 POR   QE00005M        1   19NC404 DCA   89/01/18
110-8TE           CARDFILE 8 PORT    101750          1   19NC404 DCA   89/01/18
110-8TE           CARDFILE 8 PORT    113882          1   19NC404 DCA   89/01/18
110-8TE           CARDFILE 8 PORT    QD00022E        1   19NC404 DCA   89/01/18
110-8TE           CARDFILE 8 PORT    104416          1   19NC404 DCA   89/01/18
110-8TE           CARDFILE 8 PORT    114881          1   19NC404 DCA   89/01/18
110-8TE           CARDFILE 8 PORT    QD0000B5        1   19NC404 DCA   89/01/18
335-201           CARDFILE 15 PORT   55660           1   19NC404 DCA   89/01/18
100-CP2R          PCB CONTROLLER &   CP00082L        1   19NC404 DCA   89/01/18
100-CP2R          PCB CONTROLLER &   CP0000RB        1   19NC404 DCA   89/01/18
100-CP2R          PCB CONTROLLER &   CP0003U         1   19NC404 DCA   89/01/18
100-CP2R          PCB CONTROLLER &   CP0004T5        1   19NC404 DCA   89/01/18
100-CP2           PCB CONTROLLER     CP000855        1   19NC404 DCA   89/01/18
600103-001        MODEM V.32 TRELL   K8J0237         1   3D89A15 CDS   89/01/18
600103-001        MODEM V.32 TRELL   K8J0238         1   3D89A15 CDS   89/01/18
600103-001        MODEM V.32 TRELL   K8J0036         1   89A156  CDS   89/01/18
600103-001        MODEM V.32 TRELL   K8J0250         1   89A156  CDS   89/01/18
600103-001        MODEM V.32 TRELL   4834            1   89A156  CDS   89/01/18
600103-001        MODEM V.32 TRELL   5991            1   89A156  CDS   89/01/18
600135-001        MODEM 296 TRELLI   M8E0179         1   89A156  CDS   89/01/18
600135-001        MODEM 296 TRELLI   M8D0116         1   89A156  CDS   89/01/18
859-3406-5061     PCB RD             1223            1   19181   PARD  89/02/14
859-3405-5061     PCB  MUX           902             1   19181   PARD  89/02/14
859-3402-5001     PCB TIM/AGC        8652            1   19181   PARD  89/02/14
859-3402-5001     PCB TIM/AGC        5807            1   19181   PARD  89/02/14
859-3402-5001     PCB TIM/AGC        5364            1   19181   PARD  89/02/14
859-3402-5001     PCB TIM/AGC        5826            1   19181   PARD  89/02/14
859-3402-5001     PCB TIM/AGC        6048            1   19181   PARD  89/02/14
859-3403-5001     PCB.TXM            1651            1   19181   PARD  89/02/14
859-3403-5001     PCB.TXM            1811            1   19181   PARD  89/02/14
859-3403-5001     PCB.TXM            6490            1   19181   PARD  89/02/14
859-3403-5001     PCB.TXM            2761            1   19181   PARD  89/02/14
859-3403-5001     PCB.TXM            7429            1   19181   PARD  89/02/14
859-3403-5001     PCB.TXM            6825            1   19181   PARD  89/02/14
859-3403-5001     PCB.TXM            5264            1   19181   PARD  89/02/14
859-3403-5001     PCB.TXM            5127            1   19181   PARD  89/02/14
856-4704-5200     PCB INTERFACE      7420            1   19181   PARD  89/02/14
856-4704-5200     PCB INTERFACE      10852           1   19181   PARD  89/02/14
856-4704-5200     PCB INTERFACE      7544            1   19181   PARD  89/02/14
856-4704-5200     PCB INTERFACE      9836            1   19181   PARD  89/02/14
856-4704-5200     PCB INTERFACE      7619            1   19181   PARD  89/02/14
856-4704-5200     PCB INTERFACE      7009            1   19181   PARD  89/02/14
856-4704-5200     PCB INTERFACE      3474            1   19181   PARD  89/02/14
856-4704-5200     PCB INTERFACE      2523            1   19181   PARD  89/02/14
856-4704-5200     PCB INTERFACE      8019            1   19181   PARD  89/02/14
856-4704-5200     PCB INTERFACE      9913            1   19181   PARD  89/02/14
856-4704-5200     PCB INTERFACE      9677            1   19181   PARD  89/02/14
856-4704-5200     PCB INTERFACE      059             1   19181   PARD  89/02/14
856-4704-5200     PCB INTERFACE      6188            1   19181   PARD  89/02/14
856-4704-5200     PCB INTERFACE      10220           1   19181   PARD  89/02/14
856-4704-5200     PCB INTERFACE      3073            1   19181   PARD  89/02/14
856-4704-5200     PCB INTERFACE      7406            1   19181   PARD  89/02/14
856-4704-5200     PCB INTERFACE      8857            1   19181   PARD  89/02/14
856-4701-5002     PCB RXM            11040           1   19181   PARD  89/02/14
856-4701-5002     PCB RXM            10579           1   19181   PARD  89/02/14
856-4701-5002     PCB RXM            6252            1   19181   PARD  89/02/14
856-4701-5002     PCB RXM            4515            1   19181   PARD  89/02/14
856-4701-5002     PCB RXM            3618            1   19181   PARD  89/02/14
856-4701-5002     PCB RXM            7825            1   19181   PARD  89/02/14
856-4701-5002     PCB RXM            9076            1   19181   PARD  89/02/14
856-4701-5002     PCB RXM            11466           1   19181   PARD  89/02/14
856-4701-5002     PCB RXM            8070            1   19181   PARD  89/02/14
856-4701-5002     PCB RXM            756             1   19181   PARD  89/02/14
856-4701-5002     PCB RXM            8736            1   19181   PARD  89/02/14
856-4701-5002     PCB RXM            4225            1   19181   PARD  89/02/14
856-4701-5002     PCB RXM            4159            1   19181   PARD  89/02/14
856-4701-5002     PCB RXM            9145            1   19181   PARD  89/02/14
856-4701-5002     PCB RXM            4262            1   19181   PARD  89/02/14
856-4701-5002     PCB RXM            7839            1   19181   PARD  89/02/14
858-7504-5101     PCB INTF           3413            1   19181   PARD  89/02/14
858-7504-5101     PCB INTF           2769            1   19181   PARD  89/02/14
858-7504-5101     PCB INTF           3253            1   19181   PARD  89/02/14
858-4901-5006     PCB RXM            3680            1   19181   PARD  89/02/14
858-4901-5006     PCB RXM            4198            1   19181   PARD  89/02/14
858-4901-5006     PCB RXM            3962            1   19181   PARD  89/02/14
858-4901-5006     PCB RXM            4560            1   19181   PARD  89/02/14
858-4901-5006     PCB RXM            4044            1   19181   PARD  89/02/14
858-4901-5006     PCB RXM            173             1   19181   PARD  89/02/14
858-4901-5006     PCB RXM            4561            1   19181   PARD  89/02/14
858-4901-5006     PCB RXM            1795            1   19181   PARD  89/02/14
858-4901-5006     PCB RXM            4387            1   19181   PARD  89/02/14
858-4901-5006     PCB RXM            4616            1   19181   PARD  89/02/14
858-4901-5006     PCB RXM            5503            1   19181   PARD  89/02/14
858-4901-5006     PCB RXM            4218            1   19181   PARD  89/02/14
858-4901-5006     PCB RXM            4195            1   19181   PARD  89/02/14
858-4901-5006     PCB RXM            2368            1   19181   PARD  89/02/14
858-4901-5006     PCB RXM            348             1   19181   PARD  89/02/14
858-4901-5006     PCB RXM            4385            1   19181   PARD  89/02/14
858-4901-5006     PCB RXM            4525            1   19181   PARD  89/02/14
858-4901-5006     PCB RXM            4925            1   19181   PARD  89/02/14
858-7802-5001     PCB AGC            384             1   19181   PARD  89/02/14
858-7802-5001     PCB AGC            3406            1   19181   PARD  89/02/14
858-7802-5001     PCB AGC            3335            1   19181   PARD  89/02/14
858-7802-5001     PCB AGC            1276            1   19181   PARD  89/02/14
858-7802-5001     PCB AGC            1937            1   19181   PARD  89/02/14
858-7802-5001     PCB AGC            2345            1   19181   PARD  89/02/14
858-8406-0011     CHASSIS & P/S      533509          1   19181   PARD  89/02/14
858-8406-0011     CHASSIS & P/S      548267          1   19181   PARD  89/02/14
858-8406-0011     CHASSIS & P/S      490662          1   19181   PARD  89/02/14
858-8406-0011     CHASSIS & P/S      518652          1   19181   PARD  89/02/14
858-8406-0011     CHASSIS & P/S      490661          1   19181   PARD  89/02/14
600103-001        MODEM V.32 TRELL   K8J0013  82880  1   89D022  CDS   89/04/04
600103-001        MODEM V.32 TRELL   K8J0002  82880  1   89D022  CDS   89/04/04
600103-001        MODEM V.32 TRELL   K8K0188  82880  1   89D022  CDS   89/04/04
600103-001        MODEM V.32 TRELL   K8J0283  82880  1   89D022  CDS   89/04/04
600103-001        MODEM V.32 TRELL   M8B0037  82880  1   89D022  CDS   89/04/04
600103-002        MODEM V.32 TRELL   03135    82880  1   89D022  CDS   89/04/04
600103-002        MODEM V.32 TRELL   004825   82880  1   89D022  CDS   89/04/04
600103-002        MODEM V.32 TRELL   004830   82880  1   89D022  CDS   89/04/04
600103-002        MODEM V.32 TRELL   5919     82880  1   89D022  CDS   89/04/04
600103-002        MODEM V.32 TRELL   004093   82880  1   89D022  CDS   89/04/04
600103-002        MODEM V.32 TRELL   003876   82880  1   89D022  CDS   89/04/04
600103-002        MODEM V.32 TRELL   4812     82880  1   89D022  CDS   89/04/04
600103-002        MODEM V.32 TRELL   003873   82880  1   89D022  CDS   89/04/04
600103-002        MODEM V.32 TRELL   004833   82880  1   89D022  CDS   89/04/04
600142-001        MODEM TRI-ROCK R   M8L0315  82880  1   89D022  CDS   89/04/04
600142-001        MODEM TRI-ROCK R   M7H0143  82880  1   89D022  CDS   89/04/04
600142-001        MODEM TRI-ROCK R   M8E0130  82880  1   89D022  CDS   89/04/04
600142-001        MODEM TRI-ROCK R   M8I0247  82880  1   89D022  CDS   89/04/04
600142-001        MODEM TRI-ROCK R   M7L0242  82880  1   89D022  CDS   89/04/04
600142-001        MODEM TRI-ROCK R   M9A0154  82880  1   89D022  CDS   89/04/04
600142-001        MODEM TRI-ROCK R   M7L0080  82880  1   89D022  CDS   89/04/04
600142-001        MODEM TRI-ROCK R   M7L0284  82880  1   89D022  CDS   89/04/04
600142-001        MODEM TRI-ROCK R   M7I0242  82880  1   89D022  CDS   89/04/04
600142-001        MODEM TRI-ROCK R   M8I0233  82880  1   89D022  CDS   89/04/04
600142-001        MODEM TRI-ROCK R   M8B0023  82880  1   89D022  CDS   89/04/04
600142-001        MODEM TRI-ROCK R   M7L0402  82880  1   89D022  CDS   89/04/04
600142-001        MODEM TRI-ROCK R   M7L0172  82880  1   89D022  CDS   89/04/04
600142-001        MODEM TRI-ROCK R   M7I0012  82880  1   89D022  CDS   89/04/04
600142-001        MODEM TRI-ROCK R   M7L0448  82880  1   89D022  CDS   89/04/04
600142-001        MODEM TRI-ROCK R   M8A0287  82880  1   89D022  CDS   89/04/04
600142-001        MODEM TRI-ROCK R   M8I0081  82880  1   89D022  CDS   89/04/04
600142-001        MODEM TRI-ROCK R   M7L0091  82880  1   89D022  CDS   89/04/04
600142-001        MODEM TRI-ROCK R   M8A0014  82880  1   89D022  CDS   89/04/04
600142-001        MODEM TRI-ROCK R   M7I0111  82880  1   89D022  CDS   89/04/04
600142-001        MODEM TRI-ROCK R   M7L0248  82880  1   89D022  CDS   89/04/04
600142-001        MODEM TRI-ROCK R   M7H0261  82880  1   89D022  CDS   89/04/04
600142-001        MODEM TRI-ROCK R   M8J0078  82880  1   89D022  CDS   89/04/04
600142-001        MODEM TRI-ROCK R   M7L0370  82880  1   89D022  CDS   89/04/04
600142-001        MODEM TRI-ROCK R   M7H0372  82880  1   89D022  CDS   89/04/04
4600-01           MULTIPLEXOR PENRI  484             1   35230   PDC   89/05/01
4600-01           MULTIPLEXOR PENRI  1084            1   35230   PDC   89/05/01
4600-02           MULTIPLEXOR PENRI  956             1   35231   PDC   89/05/01
4600-03           MULTIPLEXOR PENRI  965             1   35232   PDC   89/05/01
4600-03           MULTIPLEXOR PENRI  2022            1   35232   PDC   89/05/01
4600-03           MULTIPLEXOR PENRI  2020            1   35232   PDC   89/05/01
4600-03           MULTIPLEXOR PENRI  1072            1   35232   PDC   89/05/01
4600-03           MULTIPLEXOR PENRI  1155            1   35244   PDC   89/05/01
3-3607            MODEM PENRIL 9600  1843            1   35241   PDC   89/05/01
3-3607            MODEM PENRIL 9600  1486            1   35241   PDC   89/05/01
3-3607            MODEM PENRIL 9600  1647            1   35241   PDC   89/05/01
3-3607            MODEM PENRIL 9600  3615            1   35241   PDC   89/05/01
3-3607            MODEM PENRIL 9600  2425            1   35243   PDC   89/05/01
4201-21           CHASSIS PENRIL 5S  21              1   35235   PDC   89/05/01
3-3602            MODEM PENRIL CADE  1136            1   35236   PDC   89/05/01
3-3602            MODEM PENRIL CADE  567             1   35237   PDC   89/05/01
3-3602            MODEM PENRIL CADE  1491            1   35237   PDC   89/05/01
3-3602            MODEM PENRIL CADE  1437            1   35238   PDC   89/05/01
4310-02           PCBA PENRIL SYNC   1361            1   35234   PDC   89/05/01
4310-02           PCBA PENRIL SYNC   965             1   35234   PDC   89/05/01
4301-02           PCBA PENRIL ASYNC  3030            1   35233   PDC   89/05/01
4301-02           PCBA PENRIL ASYNC  1232            1   35233   PDC   89/05/01
4301-02           PCBA PENRIL ASYNC  1506            1   35233   PDC   89/05/01
3-3606            MODEM PENRIL 4800  1662            1   35240   PDC   89/05/01
3-3605            MODEM PENRIL 2400  3033            1   35239   PDC   89/05/01
3-3609            MODEM PENRIL CSU/  554             1   35242   PDC   89/05/01
3-3609            MODEM PENRIL CSU/  807             1   35242   PDC   89/05/01
100-CP2           PCBA CP2 CONTROLL  CP0003QC        1   49NC046 DCA   89/05/01
100-CP2R          PCBA CP2 CONT + R  X024081         1   49NC046 DCA   89/05/01
100-CP2R          PCBA CP2 CONT + R  X0850041        1   49NC046 DCA   89/05/01
100-CP2R          PCBA CP2 CONT + R  CP0001QM        1   49NC046 DCA   89/05/01
100-CP2R          PCBA CP2 CONT + R  CP0003U4        1   49NC046 DCA   89/05/01
100-CP2R          PCBA CP2 CONT + R  CP0000PG        1   49NC046 DCA   89/05/01
100-CP2R          PCBA CP2 CONT + R  X0850124        1   49NC046 DCA   89/05/01
3PM-003           PCBA PROCESSOR MO  PM0000NT        1   49NC046 DCA   89/05/01
ASTRA-AS2         PCBA DUAL PORT DC  S2001CUQ        1   49NC046 DCA   89/05/01
ASTRA-AS2         PCBA DUAL PORT DC  X1241834        1   49NC046 DCA   89/05/01
ASTRA-AS2         PCBA DUAL PORT DC  S200191N        1   49NC046 DCA   89/05/01
ASTRA-AS2         PCBA DUAL PORT DC  S20003AF        1   49NC046 DCA   89/05/01
3PL-2FD           300 SERIES DUAL F  TEMP1           1   49NC046 DCA   89/05/01
3PL-2FD           300 SERIES DUAL F  TEMP2           1   49NC046 DCA   89/05/01
600103-001        MODEM CDS V.32 TR  K8K0232         1   89E007  CDS   89/05/03
600264-001        MODEM CDS 296 DIA  M9B0206         1   89E007  CDS   89/05/03
600142-001        MODEM TRI-ROCK CD  M7L0022         1   89E007  CDS   89/05/03
600142-001        MODEM TRI-ROCK CD  M7L0396         1   89E007  CDS   89/05/03
600142-001        MODEM TRI-ROCK CD  M7H0339         1   89E007  CDS   89/05/03
600142-001        MODEM TRI-ROCK CD  M7L0051         1   89E007  CDS   89/05/03
600142-001        MODEM TRI-ROCK CD  M7L0366         1   89E007  CDS   89/05/03
600142-001        MODEM TRI-ROCK CD  M7L0363         1   89E007  CDS   89/05/03
600142-001        MODEM TRI-ROCK CD  M7L0300         1   89E007  CDS   89/05/03
600142-001        MODEM TRI-ROCK CD  M8I0106         1   89E007  CDS   89/05/03
600142-001        MODEM TRI-ROCK CD  M7L0262         1   89E007  CDS   89/05/03
600142-001        MODEM TRI-ROCK CD  M8H0046         1   89E007  CDS   89/05/03
600142-001        MODEM TRI-ROCK CD  M9A0211         1   89E007  CDS   89/05/03
600142-001        MODEM TRI-ROCK CD  M8K0111         1   89E007  CDS   89/05/03
600142-001        MODEM TRI-ROCK CD  M7L0608         1   89E007  CDS   89/05/03
600142-001        MODEM TRI-ROCK CD  M8F0089         1   89E007  CDS   89/05/03
600142-001        MODEM TRI-ROCK CD  M8A0134         1   89E007  CDS   89/05/03
600142-001        MODEM TRI-ROCK CD  M8B0120         1   89E007  CDS   89/05/03
600142-001        MODEM TRI-ROCK CD  M7L0402         1   89E007  CDS   89/05/03
600135-001        MODEM 296 TRELLIS  M7L0013         1   89E007  CDS   89/05/03
600180-001        POWER ONE CUBE FO  259508          1   10351   POC   89/05/03
600180-001        POWER ONE CUBE FO  258971          1   10351   POC   89/05/03
600180-001        POWER ONE CUBE FO  258896          1   10351   POC   89/05/03
600180-001        POWER ONE CUBE FO  265888          1   10351   POC   89/05/03
600180-001        POWER ONE CUBE FO  295345          1   10351   POC   89/05/03
600180-001        POWER ONE CUBE FO  267909          1   10351   POC   89/05/03
600180-001        POWER ONE CUBE FO  258907          1   10351   POC   89/05/03
600180-001        POWER ONE CUBE FO  258937          1   10351   POC   89/05/03
600180-001        POWER ONE CUBE FO  267817          1   10351   POC   89/05/03
600142-001        MODEM TRI-ROCK CD  M7L0113  83001  1   89E073  CDS   89/05/09
600142-001        MODEM TRI-ROCK CD  M7L0196  83001  1   89E073   89/05/09
600142-001        MODEM TRI-ROCK CD  M7L0204  83001  1   89E073  CDS   89/05/09
600142-001        MODEM TRI-ROCK CD  M8L0218  83001  1   89E073  CDS   89/05/09
600142-001        MODEM TRI-ROCK CD  M8A0287  83001  1   89E073  CDS   89/05/09
600264-001        MODEM CDS 296 DIA  M9B0220  83001  1   89E073  CDS   89/05/09
600103-001        MODEM CDS V.32 SY  K8K0241         1   89F125  CDS   89/06/15
600103-001        MODEM CDS V.32 SY  K8J0214         1   89F125  CDS   89/06/15
600135-001        MODEM CDS 296 TRE  M7L0048         1   89F125  CDS   89/06/15
600103-002        MODEM CDS V.32 TR  5990            1   89F125  CDS   89/06/15
600103-002        MODEM CDS V.32 TR  5994            1   89F125  CDS   89/06/15
600103-002        MODEM CDS V.32 TR  5098            1   89F125  CDS   89/06/15
600142-001        MODEM TRI-ROCK CD  M9A0152         1   89F125  CDS   89/06/15
600142-001        MODEM TRI-ROCK CD  M8L0240         1   89F125  CDS   89/06/15
600142-001        MODEM TRI-ROCK CD  M9A0281         1   89F125  CDS   89/06/15
600142-001        MODEM TRI-ROCK CD  M7L0018         1   89F125  CDS   89/06/15
600142-001        MODEM TRI-ROCK CD  M7L0154         1   89F125  CDS   89/06/15
600142-001        MODEM TRI-ROCK CD  M7L0167         1   89F125  CDS   89/06/15
600142-001        MODEM TRI-ROCK CD  M7L0088         1   89F125  CDS   89/06/15
600103-001        MODEM CDS V.32 SY  K8K0217         1   89G193  CDS   89/07/25
600103-001        MODEM CDS V.32 SY  K8J0029         1   89G193  CDS   89/07/25
600142-001        MODEM TRI-ROCK CD  M7L0489         1   89G193  CDS   89/07/25
600142-001        MODEM TRI-ROCK CD  M8A0062         1   89G193  CDS   89/07/25
600142-001        MODEM TRI-ROCK CD  M7L0438         1   89G193  CDS   89/07/25
600142-001        MODEM TRI-ROCK CD  M8L0152         1   89G193  CDS   89/07/25
3-3601            MODEM PENRIL CADE  9748            1   36229   PDC   89/07/25
3-3601            MODEM PENRIL CADE  5174            1   36229   PDC   89/07/25
3-3601            MODEM PENRIL CADE  4211            1   36229   PDC   89/07/25
3-3601            MODEM PENRIL CADE  8847            1   36229   PDC   89/07/25
3-3606            MODEM PENRIL 4800  618             1   36230   PDC   89/07/25
3-3606            MODEM PENRIL 4800  1415            1   36230   PDC   89/07/25
3-3606            MODEM PENRIL 4800  1155            1   36230   PDC   89/07/25
3-3607            MODEM PENRIL 9600  3930            1   36231   PDC   89/07/25
3-3607            MODEM PENRIL 9600  1636            1   36231   PDC   89/07/25
3-3607            MODEM PENRIL 9600  3287            1   36231   PDC   89/07/25
3-3607            MODEM PENRIL 9600  3885            1   36231   PDC   89/07/25
3-3608            MODEM PENRIL 9600  2351            1   36234   PDC   89/07/25
3-3608            MODEM PENRIL 9600  2303            1   36234   PDC   89/07/25
3-3608            MODEM PENRIL 9600  2408            1   36234   PDC   89/07/25
4600-01           MULTIPLEXOR PENRI  2075            1   36235   PDC   89/07/25
4600-02           MULTIPLEXOR PENRI  2028            1   36236   PDC   89/07/25
4600-03           MULTIPLEXOR PENRI  943             1   36237   PDC   89/07/25
4600-03           MULTIPLEXOR PENRI  1151            1   36237   PDC   89/07/25
4600-03           MULTIPLEXOR PENRI  1110            1   36237   PDC   89/07/25
4301-02           PCBA PENRIL ASYNC  3704            1   36233   PDC   89/07/25
4301-02           PCBA PENRIL ASYNC  2399            1   36233   PDC   89/07/25
4202-87           P/S PENRIL MOD:29  8714            1   36232   PDC   89/07/25
4202-87           P/S PENRIL MOD:29  8682            1   36232   PDC   89/07/25
600135-001        MODEM CDS 296 TRE  M8E0191         1   89G216  CDS   89/07/27
600135-001        MODEM CDS 296 TRE  M8E0183         1   89G216  CDS   89/07/27
600135-001        MODEM CDS 296 TRE  M8B0094         1   89G216  CDS   89/07/27
858-8406-0011     CHASSIS PARADYNE   449477          1   29081   PARD  89/07/28
858-8406-0011     CHASSIS PARADYNE   484003          1   29081   PARD  89/07/28
858-8406-0011     CHASSIS PARADYNE   518663          1   29081   PARD  89/07/28
858-8406-0011     CHASSIS PARADYNE   612457          1   29081   PARD  89/07/28
858-8406-0011     CHASSIS PARADYNE   526073          1   29081   PARD  89/07/28
4600-03           MULTIPLEXOR PENRI  2086            1   36276   PDC   89/07/28
600142-001        MODEM TRI-ROCK CD  M9A0281         1   89H028  CDS   89/08/03
600142-001        MODEM TRI-ROCK CD  M8B0162         1   89H028  CDS   89/08/03
600142-001        MODEM TRI-ROCK CD  M7L0346         1   89H028  CDS   89/08/03
600142-001        MODEM TRI-ROCK CD  M8E0130         1   89H028  CDS   89/08/03
600142-001        MODEM TRI-ROCK CD  M9E0135         1   89H028  CDS   89/08/03
600142-001        MODEM TRI-ROCK CD  M8B0072         1   89H028  CDS   89/08/03
600142-001        MODEM TRI-ROCK CD  M8E0077         1   89H028  CDS   89/08/03
600142-001        MODEM TRI-ROCK CD  M8B0071         1   89H028  CDS   89/08/03
600142-001        MODEM TRI-ROCK CD  M9B0279         1   89H028  CDS   89/08/03
600180-001        POWER ONE CUBE FO  258947          1   12061   POC   89/08/22
600180-001        POWER ONE CUBE FO  126634          1   12061   POC   89/08/22
600180-001        POWER ONE CUBE FO  126822          1   12061   POC   89/08/22
600180-001        POWER ONE CUBE FO  128171          1   12061   POC   89/08/22
600180-001        POWER ONE CUBE FO  127386          1   12061   POC   89/08/22
600180-001        POWER ONE CUBE FO  146973          1   12061   POC   89/08/22
600180-001        POWER ONE CUBE FO  163425          1   12061   POC   89/08/22
600180-001        POWER ONE CUBE FO  127691          1   12061   POC   89/08/22
600180-001        POWER ONE CUBE FO  163966          1   12061   POC   89/08/22
600180-001        POWER ONE CUBE FO  163790          1   12061   POC   89/08/22
600180-001        POWER ONE CUBE FO  170480          1   12061   POC   89/08/22
600180-001        POWER ONE CUBE FO  146745          1   12061   POC   89/08/22
600180-001        POWER ONE CUBE FO  156750          1   12061   POC   89/08/22
600180-001        POWER ONE CUBE FO  163969          1   12061   POC   89/08/22
600180-001        POWER ONE CUBE FO  127366          1   12061   POC   89/08/22
600180-001        POWER ONE CUBE FO  156514          1   12061   POC   89/08/22
600103-001        CDS V.32 SYNC & A  K8K0243         1   89H191  CDS   89/08/25
600135-001        MODEM CDS 296 TRE  M7L0056         1   89H192  CDS   89/08/25
600135-001        MODEM CDS 296 TRE  M7L0058         1   89H192  CDS   89/08/25
600135-001        MODEM CDS 296 TRE  M7L0059         1   89H192  CDS   89/08/25
600264-001        MODEM CONCORD 296  M9B0214         1   89H193  CDS   89/08/25
600142-001        MODEM TRI-ROCK CD  M8L0391         1   89H194  CDS   89/08/25
600142-001        MODEM TRI-ROCK CD  M8E0199         1   89H194  CDS   89/08/25
600142-001        MODEM TRI-ROCK CD  M8L0068         1   89H194  CDS   89/08/25
600142-001        MODEM TRI-ROCK CD  M7L0081         1   89H194  CDS   89/08/25
600142-001        MODEM TRI-ROCK CD  M8L0144         1   89H194  CDS   89/08/25
600142-001        MODEM TRI-ROCK CD  M8I0186         1   89H194  CDS   89/08/25
600264-001        MODEM CONCORD 296  M9B0205         1   89H216  CDS   89/08/28
600264-001        MODEM CONCORD 296  M9B0196         1   89H216  CDS   89/08/28
4600-03           MULTIPLEXOR PENRI  2078            1   36639   PDC   89/08/28
4600-02           MULTIPLEXOR PENRI  1360            1   36640   PDC   89/08/28
4310-02           PCBA PENRIL SYNC   1897            1   36638   PDC   89/08/28
4301-02           PCBA PENRIL ASYNC  1745            1   36641   PDC   89/08/28
600260-001        MODEM PARADYNE 34  2649985         1   29256   PARD  89/08/29
858-8406-0011     CHASSIS PARADYNE   457727          1   29256   PARD  89/08/29
600260-001        MODEM PARADYNE 34  2649881  844401 1   29316   PARD  89/09/11
600103-001        CDS V.32 SYNC & A  K8J0037  844402 1   89I057  CDS   89/09/11
600260-001        MODEM PARADYNE 34  2650364  844403 1   29353   PARD  89/09/14
600260-001        MODEM PARADYNE 34  2651007  844403 1   29353   PARD  89/09/14
600264-001        MODEM CDS 296 DIA  K9E0335  844404 1   89I102  CDS   89/09/14
4312-02           PCBA PENRIL SYNC   5431     844405 1   36852   PDC   89/09/14
4301-02           PCBA PENRIL ASYNC  3692     844406 1   36850   PDC   89/09/14
4301-02           PCBA PENRIL ASYNC  5176     844406 1   36850   PDC   89/09/14
4301-02           PCBA PENRIL ASYNC  3726     844406 1   36850   PDC   89/09/14
4600-01           MULTIPLEXOR PENRI  2118     844407 1   36851   PDC   89/09/14
4600-01           MULTIPLEXOR PENRI  2119     844407 1   36851   PDC   89/09/14
4301-02           PCBA PENRIL ASYNC  3405     66643  1   36848   PDC   89/09/14
4301-02           PCBA PENRIL ASYNC  3406     66643  1   36848   PDC   89/09/14
4301-02           PCBA PENRIL ASYNC  3407     66643  1   36848   PDC   89/09/14
4301-02           PCBA PENRIL ASYNC  3408     66643  1   36848   PDC   89/09/14
4301-02           PCBA PENRIL ASYNC  3409     66643  1   36849   PDC   89/09/14
600103-002        CDS V.32 SYNC ONL  003890   31694  1   89I111  CDS   89/09/15
600135-001        MODEM CDS 296 TRE  M7L0036  31694  1   89I111  CDS   89/09/15
120-TTE           CARD FILE 16 PORT  QE0000T7 31693  1   99NC179 DCA   89/09/15
110-8TE           CARDFILE 8 PORT D  QD0000AR 31693  1   99NC179 DCA   89/09/15
100-CP2           PCBA CP2 CONTROLL  CP0007X  31693  1   99NC179 DCA   89/09/15
100-CP2           PCBA CP2 CONTROLL  CP0007E3 31693  1   99NC179 DCA   89/09/15
100-CP2           PCBA CP2 CONTROLL  CP0007YG 31693  1   99NC179 DCA   89/09/15
100-CP2           PCBA CP2 CONTROLL  CP0007UT 31693  1   99NC179 DCA   89/09/15
100-CP2           PCBA CP2 CONTROLL  CP0007WG 31693  1   99NC179 DCA   89/09/15
100-CP2           PCBA CP2 CONTROLL  CP0007IU 31693  1   99NC179 DCA   89/09/15
100-CP2R          PCBA CP2 CONT + R  CP000307 31693  1   99NC179 DCA   89/09/15
100-CP2R          PCBA CP2 CONT + R  CP0000PV 31693  1   99NC179 DCA   89/09/15
100-RCO           PCBA RCO DCA       RC0000KL 31693  1   99NC179 DCA   89/09/15
ASTRA-AS2         PCBA DUAL PORT DC  S20019DU 31693  1   99NC179 DCA   89/09/15
ASTRA-AS2         PCBA DUAL PORT DC  S208JMQV 31693  1   99NC179 DCA   89/09/15
ASTRA-AS2         PCBA DUAL PORT DC  S2001CMT 31693  1   99NC179 DCA   89/09/15
ASTRA-AS2         PCBA DUAL PORT DC  S208JMBH 31693  1   99NC179 DCA   89/09/15
ASTRA-AS2         PCBA DUAL PORT DC  S2001F2T 31693  1   99NC179 DCA   89/09/15
ASTRA-AS2         PCBA DUAL PORT DC  S2001DM8 31693  1   99NC179 DCA   89/09/15
ASTRA-AS2         PCBA DUAL PORT DC  S2000L12 31693  1   99NC179 DCA   89/09/15
ASTRA-AS2         PCBA DUAL PORT DC  S208JP5R 31693  1   99NC179 DCA   89/09/15
ASTRA-AS2         PCBA DUAL PORT DC  S208JNWJ 31693  1   99NC179 DCA   89/09/15
ASTRA-AS2         PCBA DUAL PORT DC  S208JNBA 31693  1   99NC179 DCA   89/09/15
ASTRA-AS2         PCBA DUAL PORT DC  S2001F3R 31693  1   99NC179 DCA   89/09/15
ASTRA-AS2         PCBA DUAL PORT DC  S20017C2 31693  1   99NC179 DCA   89/09/15
ASTRA-AS2         PCBA DUAL PORT DC  S20017J8 31693  1   99NC179 DCA   89/09/15
ASTRA-AS2         PCBA DUAL PORT DC  X1184599 31693  1   99NC179 DCA   89/09/15
3-3607            MODEM PENRIL 9600  691      66845  1   37342   PDC   89/11/01
3-3607            MODEM PENRIL 9600  659      66845  1   37342   PDC   89/11/01
3-3607            MODEM PENRIL 9600  1288     66845  1   37342   PDC   89/11/01
3-3607            MODEM PENRIL 9600  474      66845  1   37342   PDC   89/11/01
4312-02           PCBA PENRIL SYNC   5430     66845  1   37343   PDC   89/11/01
4310-02           PCBA PENRIL SYNC   2418     66845  1   37344   PDC   89/11/01
3-3609            MODEM PENRIL CSU/  696      66845  1   37345   PDC   89/11/01
3-3609            MODEM PENRIL CSU/  626      66845  1   37345   PDC   89/11/01
3-3609            MODEM PENRIL CSU/  718      66845  1   37345   PDC   89/11/01
4202-87           P/S PENRIL MOD:29  11589    66845  1   37346   PDC   89/11/01
4600-01           MULTIPLEXOR PENRI  2122     66845  1   37347   PDC   89/11/01
4600-01           MULTIPLEXOR PENRI  2672     66845  1   37347   PDC   89/11/01
600264-001        MODEM CDS 296 DIA  K9E0285  66846  1   89K009  CDS   89/11/01
600103-002        CDS V.32 SYNC ONL  004122   66846  1   89K009  CDS   89/11/01
600103-002        CDS V.32 SYNC ONL  004822   66846  1   89K009  CDS   89/11/01
600103-002        CDS V.32 SYNC ONL  003887   66846  1   89K009  CDS   89/11/01
600135-001        MODEM CDS 296 TRE  M8E0182  66846  1   89K009  CDS   89/11/01
600135-001        MODEM CDS 296 TRE  M8C0031  66846  1   89K009  CDS   89/11/01
600103-001        CDS V.32 SYNC & A  K8K0287  66846  1   89K009  CDS   89/11/01
600142-001        MODEM TRI-ROCK CD  M7H0292  66846  1   89K010  CDS   89/11/01
600142-001        MODEM TRI-ROCK CD  M7I0399  66846  1   89K010  CDS   89/11/01
600142-001        MODEM TRI-ROCK CD  M7H0090  66846  1   89K010  CDS   89/11/01
600142-001        MODEM TRI-ROCK CD  M7I0140  66846  1   89K010  CDS   89/11/01
600103-001        CDS V.32 SYNC & A  K8J0029  66895  1   89K089  CDS   89/11/13
600103-001        CDS V.32 SYNC & A  K8J0241  66895  1   89K089  CDS   89/11/13
600264-001        MODEM CDS 296 DIA  K9E0165  66895  1   89K089  CDS   89/11/13
600135-001        MODEM CDS 296 TRE  M7L0021  66895  1   89K089  CDS   89/11/13
858-7504-5101     PCBA PARADYNE INT  2994     66896  1   29647   PARD  89/11/13
600260-001        MODEM PARADYNE 34  2656823  66896  1   29647   PARD  89/11/13
2930-03           MODEM PARADYNE SH  6172-085 66896  1   29647   PARD  89/11/13
2930-03           MODEM PARADYNE SH  8027465- 66896  1   29647   PARD  89/11/13
2930-03           MODEM PARADYNE SH  6520-156 66896  1   29647   PARD  89/11/13
600260-001        MODEM PARADYNE 34  2649888  844408 1   29704   PARD  89/11/28
600264-001        MODEM CDS 296 DIA  K9E0221  844409 1   89K176  CDS   89/11/28
600103-001        CDS V.32 SYNC & A  K8J0017  844409 1   89K176  CDS   89/11/28
600260-001        MODEM PARADYNE 34  2650378  844408 1   29704   PARD  89/11/28
600264-001        MODEM CDS 296 DIA  K9E1050  844409 1   89K176  CDS   89/11/28
600264-001        MODEM CDS 296 DIA  K9E0998  844410 1   89L005  CDS   89/12/01
151-1132-001      MICOM PAD DCE 12   937P3926 844411 1   12650989MICM  89/12/01
600103-001        CDS V.32 SYNC & A  M8H0038  844412 1   89L057  CDS   89/12/11
600264-001        MODEM CDS 296 DIA  M9B0198  844412 1   89L057  CDS   89/12/11
@û