390013-001        P/S 5V SK5-40 (MI  NONE     67960  1   16709   POC   90/07/18
600180-001        P/S SPL130-S124 P  259513   23255  1   17672   POC   90/09/24
600180-001        P/S SPL130-S124 P  258938   23255  1   17672   POC   90/09/24
390037-001        P/S SPL130-4100P   022398   23255  1   17672   POC   90/09/24
600103-001        CDS V.32 SYNC & A  K8K0217  68440  1   D11306  CDS   90/11/05
600180-001        P/S SPL130-S124 P  258959   68475  1   18576   POC   90/11/19
600180-001        P/S SPL130-S124 P  258974   68475  1   18576   POC   90/11/19
600180-001        P/S SPL130-S124 P  271126   68475  1   18576   POC   90/11/19
600180-001        P/S SPL130-S124 P  127419   68475  1   18576   POC   90/11/19
600180-001        P/S SPL130-S124 P  162389   68475  1   18576   POC   90/11/19
600180-001        P/S SPL130-S124 P  346502   68475  1   18576   POC   90/11/19
600180-001        P/S SPL130-S124 P  148828   68475  1   18576   POC   90/11/19
600142-001        MODEM TRI-ROCK CD  M0E0056  68484  1   D11422  CDS   90/11/21
600103-001        CDS V.32 SYNC & A  K8J0246  68546  1   D11527  CDS   90/12/10
3480-10           MODEM AT&T COMSPH  2807821  68681  1   012991  PARD  91/01/29
600260-001        MODEM PARADYNE 34  2737738  68681  1   012991  PARD  91/01/29
858-4901-5006     PCBA PARADYNE RXM  4367     68681  1   012991  PARD  91/01/29
600288-001        MODEM TPI MODEL 1  1160     68682  1   N012591 TPI   91/01/29
600286-001        MODEM TPI MODEL1   1131     68682  1   N012591 TPI   91/01/29
600286-001        MODEM TPI MODEL1   2404     68682  1   N012591 TPI   91/01/29
600286-001        MODEM TPI MODEL1   2071     68682  1   N012591 TPI   91/01/29
600286-001        MODEM TPI MODEL1   2450     68682  1   N012591 TPI   91/01/29
600103-001        CDS V.32 SYNC & A  K8K0248  68685  1   D11806  CDS   91/01/29
600103-001        CDS V.32 SYNC & A  K8J0114  68685  1   D11806  CDS   91/01/29
600103-001        CDS V.32 SYNC & A  M8H0101  68685  1   D11806  CDS   91/01/29
600103-001        CDS V.32 SYNC & A  K8K0242  68685  1   D11806  CDS   91/01/29
600103-002        CDS V.32 SYNC ONL  003888   68685  1   D11806  CDS   91/01/29
600135-001        MODEM CDS 296 TRE  M8E0174  68685  1   D11806  CDS   91/01/29
600135-001        MODEM CDS 296 TRE  M7L0043  68685  1   D11806  CDS   91/01/29
600135-001        MODEM CDS 296 TRE  M8C0036  68685  1   D11806  CDS   91/01/29
600264-001        MODEM CDS 296 DIA  K9J0552  68685  1   D11806  CDS   91/01/29
600264-001        MODEM CDS 296 DIA  D100632  68685  1   D11806  CDS   91/01/29
600264-001        MODEM CDS 296 DIA  K9J0550  68685  1   D11806  CDS   91/01/29
600102-002        P/S FOR CDS RM16   100724   68685  1   D11806  CDS   91/01/29
600293-002        P/S CDS NETACCESS  100528   68685  1   D11806  CDS   91/01/29
600142-001        MODEM TRI-ROCK CD  M0D0589  68685  1   D11806  CDS   91/01/29
600142-001        MODEM TRI-ROCK CD  M0E1192  68685  1   D11806  CDS   91/01/29
600142-001        MODEM TRI-ROCK CD  M9K0013  68685  1   D11806  CDS   91/01/29
600142-001        MODEM TRI-ROCK CD  M9G0384  68685  1   D11806  CDS   91/01/29
600142-001        MODEM TRI-ROCK CD  M0D0876  68685  1   D11806  CDS   91/01/29
600142-001        MODEM TRI-ROCK CD  M0B0279  68685  1   D11806  CDS   91/01/29
600142-001        MODEM TRI-ROCK CD  M0E0775  68685  1   D11806  CDS   91/01/29
600142-001        MODEM TRI-ROCK CD  M0B0221  68685  1   D11806  CDS   91/01/29
600264-002        MODEM CDS 296 DIA  M9K0142  68685  1   D11806  CDS   91/01/29
600264-002        MODEM CDS 296 DIA  M9K0058  68685  1   D11806  CDS   91/01/29
600264-002        MODEM CDS 296 DIA  M9K0133  68685  1   D11806  CDS   91/01/29
600264-002        MODEM CDS 296 DIA  M9L0118  68685  1   D11806  CDS   91/01/29
600264-002        MODEM CDS 296 DIA  M0J0050  68685  1   D11806  CDS   91/01/29
600264-002        MODEM CDS 296 DIA  M0A0047  68685  1   D11806  CDS   91/01/29
600264-002        MODEM CDS 296 DIA  M0D0140  68685  1   D11806  CDS   91/01/29
600264-002        MODEM CDS 296 DIA  M0D0033  68685  1   D11806  CDS   91/01/29
600264-002        MODEM CDS 296 DIA  M9K0167  68685  1   D11806  CDS   91/01/29
600264-002        MODEM CDS 296 DIA  M0E0016  68685  1   D11806  CDS   91/01/29
600264-002        MODEM CDS 296 DIA  M9K0144  68685  1   D11806  CDS   91/01/29
600264-002        MODEM CDS 296 DIA  M0D0064  68685  1   D11806  CDS   91/01/29
600264-002        MODEM CDS 296 DIA  M0D0077  68685  1   D11806  CDS   91/01/29
600264-002        MODEM CDS 296 DIA  M9K0307  68685  1   D11806  CDS   91/01/29
600264-002        MODEM CDS 296 DIA  M9K0037  68685  1   D11806  CDS   91/01/29
600264-002        MODEM CDS 296 DIA  M9K0120  68685  1   D11806  CDS   91/01/29
600264-002        MODEM CDS 296 DIA  M9K0055  68685  1   D11806  CDS   91/01/29
600264-002        MODEM CDS 296 DIA  M9L0035  68686  1   D11807  CDS   91/01/29
390013-001        P/S 5V SK5-40 (MI  86441    68672  1   19335   POC   91/01/30
390013-001        P/S 5V SK5-40 (MI  90933    68672  1   19335   POC   91/01/30
390013-001        P/S 5V SK5-40 (MI  86633    68672  1   19335   POC   91/01/30
390013-001        P/S 5V SK5-40 (MI  10283    68672  1   19335   POC   91/01/30
390013-001        P/S 5V SK5-40 (MI  84065    68672  1   19335   POC   91/01/30
390013-001        P/S 5V SK5-40 (MI  108582   68672  1   19335   POC   91/01/30
390013-001        P/S 5V SK5-40 (MI  096165   68672  1   19335   POC   91/01/30
390013-001        P/S 5V SK5-40 (MI  102066   68672  1   19335   POC   91/01/30
390013-001        P/S 5V SK5-40 (MI  85796    68672  1   19335   POC   91/01/30
390013-001        P/S 5V SK5-40 (MI  93781    68672  1   19335   POC   91/01/30
390013-001        P/S 5V SK5-40 (MI  096029   68672  1   19335   POC   91/01/30
390013-001        P/S 5V SK5-40 (MI  53504    68672  1   19335   POC   91/01/30
390013-001        P/S 5V SK5-40 (MI  82180    68672  1   19335   POC   91/01/30
390013-001        P/S 5V SK5-40 (MI  096279   68672  1   19335   POC   91/01/30
390013-001        P/S 5V SK5-40 (MI  74138    68672  1   19335   POC   91/01/30
390013-001        P/S 5V SK5-40 (MI  40865    68672  1   19335   POC   91/01/30
390013-001        P/S 5V SK5-40 (MI  93542    68672  1   19335   POC   91/01/30
390013-001        P/S 5V SK5-40 (MI  110202   68672  1   19335   POC   91/01/30
390013-001        P/S 5V SK5-40 (MI  352725   68672  1   19335   POC   91/01/30
390013-001        P/S 5V SK5-40 (MI  89646    68672  1   19335   POC   91/01/30
390013-001        P/S 5V SK5-40 (MI  79032    68672  1   19335   POC   91/01/30
600180-001        P/S SPL130-S124 P  146730   68672  1   19335   POC   91/01/30
600180-001        P/S SPL130-S124 P  156512   68672  1   19335   POC   91/01/30
600103-001        CDS V.32 SYNC & A  K9F0369  68759  1   D11952  CDS   91/02/20
600103-001        CDS V.32 SYNC & A  K8J0236  68759  1   D11952  CDS   91/02/20
600103-001        CDS V.32 SYNC & A  K8J0195  68759  1   D11952  CDS   91/02/20
600103-001        CDS V.32 SYNC & A  K8K0264  68759  1   D11952  CDS   91/02/20
600142-001        MODEM TRI-ROCK CD  M0D0211  68759  1   D11952  CDS   91/02/20
600142-001        MODEM TRI-ROCK CD  M0F0169  68759  1   D11952  CDS   91/02/20
600142-001        MODEM TRI-ROCK CD  M0C0543  68759  1   D11952  CDS   91/02/20
600142-001        MODEM TRI-ROCK CD  M0D0092  68759  1   D11952  CDS   91/02/20
600264-001        MODEM CDS 296 DIA  D102540  68759  1   D11952  CDS   91/02/20
600264-003        PCB CDS SLIC CARD  M9L0039  68759  1   D11952  CDS   91/02/20
3480-10           MODEM AT&T COMSPH  2807134  68764  1   022191  PARD  91/02/21
3480-10           MODEM AT&T COMSPH  2835192  68764  1   022191  PARD  91/02/21
836-4203-5061     PCBA PARADYNE MUX  1628     68764  1   022191  PARD  91/02/21
151-1132-001      MICOM PAD DCE 12   949P8517 68769  1   0266049 MICM  91/02/21
NCF-60            CARD FILE WITH P/  JF0000JT 68768  1   HY805J  DCA   91/02/21
NCF-60            CARD FILE WITH P/  NSN      68768  1   HY805J  DCA   91/02/21
100-CP2R          PCBA CP2 CONT + R  CP0001ND 68768  1   HY805K  DCA   91/02/21
110-8TE           CARDFILE 8 PORT D  QD0001PX 68768  1   HY805L  DCA   91/02/21
120-TTE           CARD FILE 16 PORT  QE0000N2 68768  1   HY805M  DCA   91/02/21
120-TTE           CARD FILE 16 PORT  QE0000TP 68768  1   HY805M  DCA   91/02/21
600218-001        MODEM GDC 500 C/5  562000   68776  1   1601    GDC   91/02/22
600260-001        MODEM PARADYNE 34  2650371  68787  1   022891  PARD  91/02/28
600103-001        CDS V.32 SYNC & A  K8K0116  68789  1   D12009  CDS   91/02/28
600103-001        CDS V.32 SYNC & A  K8K0310  68789  1   D12009  CDS   91/02/28
600103-001        CDS V.32 SYNC & A  K8K0167  68789  1   D12009  CDS   91/02/28
600103-001        CDS V.32 SYNC & A  K8K0046  68789  1   D12009  CDS   91/02/28
600103-001        CDS V.32 SYNC & A  K8J0031  68789  1   D12009  CDS   91/02/28
600103-002        CDS V.32 SYNC ONL  5924     68789  1   D12009  CDS   91/02/28
600103-002        CDS V.32 SYNC ONL  03131    68789  1   D12009  CDS   91/02/28
600322-001        MODEM CDS224 SII   M9K0120  68789  1   D12009  CDS   91/02/28
160-1608          MICOM FEATUREPAK   936P5875 68788  1   0288939 MICM  91/02/28
4201-21           CHASSIS PENRIL 5S  5585     68794  1   41370   PDC   91/03/05
4301-02           PCBA PENRIL ASYNC  6230     68794  1   41371   PDC   91/03/05
4310-02           PCBA PENRIL ASYNC  1218     68794  1   41371   PDC   91/03/05
4301-02           PCBA PENRIL ASYNC  3596     68794  1   41371   PDC   91/03/05
4301-02           PCBA PENRIL ASYNC  3629     68794  1   41371   PDC   91/03/05
4202-87           P/S MODULES PENRI  18696    68794  1   41373   PDC   91/03/05
3-3610            MODEM PENRIL CSU/  1869     68794  1   41372   PDC   91/03/05
3-3610            MODEM PENRIL CSU/  1515     68794  1   41374   PDC   91/03/05
3480-10           MODEM AT&T COMSPH  2835779  68885  1   032591  PARD  91/03/25
3480-10           MODEM AT&T COMSPH  2835773  68885  1   032591  PARD  91/03/25
859-3405-5061     PCB PARADYNE MUX   1265     68885  1   032591  PARD  91/03/25
600264-001        MODEM CDS 296 DIA  D102965  68888  1   D12169  CDS   91/03/25
600142-001        MODEM TRI-ROCK CD  M0D0905  68888  1   D12169  CDS   91/03/25
600102-001        RACK ASSY CDS RM1  #100     68888  1   D12169  CDS   91/03/25
600264-002        MODEM CDS 296 DIA  M0E0122  68889  1   D12168  CDS   91/03/25
600264-002        MODEM CDS 296 DIA  M0B0063  68889  1   D12168  CDS   91/03/25
600264-002        MODEM CDS 296 DIA  M9L0176  68889  1   D12168  CDS   91/03/25
600264-002        MODEM CDS 296 DIA  M0D0141  68889  1   D12168  CDS   91/03/25
3-3616            MODEM PENRIL ALLI  2666     68886  1   41510   PDC   91/03/25
3-3616            MODEM PENRIL ALLI  3229     68886  1   41510   PDC   91/03/25
3-3616            MODEM PENRIL ALLI  2672     68886  1   41510   PDC   91/03/25
4312-02           PCBA PENRIL SYNC   5594     68886  1   41511   PDC   91/03/25
4204-01           PCB PENRIL ARBITR  741      68886  1   41512   PDC   91/03/25
4301-02           PCBA PENRIL ASYNC  3078     68886  1   41513   PDC   91/03/25
4301-02           PCBA PENRIL ASYNC  7872     68886  1   41513   PDC   91/03/25
4301-02           PCBA PENRIL ASYNC  6738     68886  1   41513   PDC   91/03/25
4301-02           PCBA PENRIL ASYNC  2629     68886  1   41513   PDC   91/03/25
4202-21           CHASSIS PENRIL 19  16       68886  1   41514   PDC   91/03/25
390050-001        P/S FOR BATT BKUP  504P0006 68908  1   1775736 ACMEE 91/03/28
600264-002        MODEM CDS 296 DIA  M0L0189  68909  1   D12199  CDS   91/03/28
600142-001        MODEM TRI-ROCK CD  M0D1133  68909  1   D12199  CDS   91/03/28
600142-001        MODEM TRI-ROCK CD  M9E0061  68909  1   D12199  CDS   91/03/28
600142-001        MODEM TRI-ROCK CD  M0D0281  68909  1   D12199  CDS   91/03/28
600142-001        MODEM TRI-ROCK CD  M0E0442  68909  1   D12199  CDS   91/03/28
4301-02           PCBA PENRIL ASYNC  2405     68917  1   41551   PDC   91/03/28
4301-02           PCBA PENRIL ASYNC  5331     68917  1   41551   PDC   91/03/28
4301-02           PCBA PENRIL ASYNC  3697     68917  1   41551   PDC   91/03/28
4301-02           PCBA PENRIL ASYNC  3675     68917  1   41551   PDC   91/03/28
4311-02           PCBA PENRIL SYNC   621      68917  1   41552   PDC   91/03/28
3-3610            MODEM PENRIL CSU/  1827     68945  1   41592   PDC   91/04/05
3-3610            MODEM PENRIL CSU/  1106     68945  1   41592   PDC   91/04/05
600103-001        CDS V.32 SYNC & A  K8J0218  68947  1   D12280  CDS   91/04/08
600264-003        PCB CDS SLIC CARD  M0K0126  68947  1   D12280  CDS   91/04/08
600264-003        PCB CDS SLIC CARD  M0E0152  68947  1   D12280  CDS   91/04/08
600264-003        PCB CDS SLIC CARD  M9K0051  68947  1   D12280  CDS   91/04/08
600264-002        MODEM CDS 296 DIA  M9K0251  68947  1   D12280  CDS   91/04/08
600264-002        MODEM CDS 296 DIA  M0D0086  68947  1   D12280  CDS   91/04/08
600264-002        MODEM CDS 296 DIA  M0D0062  68947  1   D12280  CDS   91/04/08
600264-002        MODEM CDS 296 DIA  M9L0225  68947  1   D12280  CDS   91/04/08
600264-002        MODEM CDS 296 DIA  M9K0116  68947  1   D12280  CDS   91/04/08
600264-002        MODEM CDS 296 DIA  M0E0102  68947  1   D12280  CDS   91/04/08
600264-002        MODEM CDS 296 DIA  M0E0153  68947  1   D12280  CDS   91/04/08
600264-002        MODEM CDS 296 DIA  M0D0117  68947  1   D12280  CDS   91/04/08
600264-002        MODEM CDS 296 DIA  M9K0027  68947  1   D12280  CDS   91/04/08
600264-002        MODEM CDS 296 DIA  M9K0255  68947  1   D12280  CDS   91/04/08
600264-002        MODEM CDS 296 DIA  M0E0013  68947  1   D12280  CDS   91/04/08
600264-002        MODEM CDS 296 DIA  M0D0120  68947  1   D12280  CDS   91/04/08
600264-002        MODEM CDS 296 DIA  M0J0009  68947  1   D12280  CDS   91/04/08
600264-002        MODEM CDS 296 DIA  M9K0228  68947  1   D12280  CDS   91/04/08
600264-002        MODEM CDS 296 DIA  M9K0139  68947  1   D12280  CDS   91/04/08
600264-002        MODEM CDS 296 DIA  M0J0071  68947  1   D12280  CDS   91/04/08
3480-10           MODEM AT&T COMSPH  2835790  68948  1   040891  PARD  91/04/08
858-4901-5006     PCB PARADYNE RXMP  3775     68948  1   040891  PARD  91/04/08
151-1132-001      MICOM PAD DCE 12   942P2661 68946  1   0474439 MICM  91/04/08
600264-002        MODEM CDS 296 DIA  M0L0118  68954  1   D12286  CDS   91/04/09
600103-001        CDS V.32 SYNC & A  K8J0226  68954  1   D12286  CDS   91/04/09
600103-001        CDS V.32 SYNC & A  K8J0338  68954  1   D12286  CDS   91/04/09
4590-02           PENRIL VCX CONFIG  720      69029  1   41742   PDC   91/04/23
4301-02           PCBA PENRIL ASYNC  2375     69029  1   41743   PDC   91/04/23
600288-001        MODEM TPI MODEL 1  1383     69028  1   N042291 TPI   91/04/23
600264-002        MODEM CDS 296 DIA  M0L0214  69027  1   D12366  CDS   91/04/23
600264-002        MODEM CDS 296 DIA  M9L0088  69027  1   D12366  CDS   91/04/23
600103-001        CDS V.32 SYNC & A  K8K0310  69027  1   D12366  CDS   91/04/23
858-7802-5001     PCB PARADYNE TIMA  3623     69034  1   042491  PARD  91/04/24
3480-10           MODEM AT&T COMSPH  2869164  69034  1   042491  PARD  91/04/24
3480-10           MODEM AT&T COMSPH  2868725  69034  1   042491  PARD  91/04/24
3480-10           MODEM AT&T COMSPH  2807134  69034  1   042491  PARD  91/04/24
600286-001        MODEM TPI MODEL1   2456     69054  1   N04292  TPI   91/04/30
600288-001        MODEM TPI MODEL 1  1025     69054  1   N04292  TPI   91/04/30
600288-001        MODEM TPI MODEL 1  1055     69054  1   N04292  TPI   91/04/30
600288-001        MODEM TPI MODEL 1  1362     69054  1   N04292  TPI   91/04/30
600103-001        CDS V.32 SYNC & A  K8J0206  69063  1   D12426  CDS   91/05/02
600103-001        CDS V.32 SYNC & A  K8J0021  69063  1   D12426  CDS   91/05/02
600103-002        CDS V.32 SYNC ONL  5991     69063  1   D12426  CDS   91/05/02
4301-02           PCBA PENRIL ASYNC  5341     69069  1   41815   PDC   91/05/08
4301-02           PCBA PENRIL ASYNC  3434     69069  1   41815   PDC   91/05/08
4312-02           PCBA PENRIL SYNC   5300     69080  1   41838   PDC   91/05/09
4301-02           PCBA PENRIL ASYNC  8411     69080  1   41839   PDC   91/05/09
4301-02           PCBA PENRIL ASYNC  7251     69080  1   41839   PDC   91/05/09
3-3610            MODEM PENRIL CSU/  122      69080  1   41840   PDC   91/05/09
3480-10           MODEM AT&T COMSPH  2835161  69090  1   051591  PARD  91/05/15
600180-001        P/S SPL130-S124 P  346687   69095  1   21016   POC   91/05/17
600180-001        P/S SPL130-S124 P  267921   69095  1   21016   POC   91/05/17
600180-001        P/S SPL130-S124 P  156519   69095  1   21016   POC   91/05/17
600180-001        P/S SPL130-S124 P  409350   69095  1   21016   POC   91/05/17
600180-001        P/S SPL130-S124 P  259704   69095  1   21016   POC   91/05/17
600180-001        P/S SPL130-S124 P  409234   69095  1   21016   POC   91/05/17
600286-001        MODEM TPI MODEL1   1965     69100  1   N05162  TPI   91/05/17
600103-001        CDS V.32 SYNC & A  K8J0240  69104  1   D12518  CDS   91/05/22
3-3610            MODEM PENRIL CSU/  1869     69121  1   41972   PDC   91/05/29
4301-02           PCBA PENRIL ASYNC  2431     69121  1   41973   PDC   91/05/29
4301-02           PCBA PENRIL ASYNC  6230     69121  1   41973   PDC   91/05/29
4301-02           PCBA PENRIL ASYNC  3713     69121  1   41973   PDC   91/05/29
600264-002        MODEM CDS 296 DIA  M9K0216  69119  1   D12553  CDS   91/05/29
600264-002        MODEM CDS 296 DIA  M9K0163  69119  1   D12553  CDS   91/05/29
600264-002        MODEM CDS 296 DIA  M0K0181  69119  1   D12553  CDS   91/05/29
3480-10           MODEM AT&T COMSPH  2879428  69120  1   052991  PARD  91/05/29
600260-002        MODEM PARADYNE 34  2649925  69120  1   052991  PARD  91/05/29
600260-002        MODEM PARADYNE 34  2652258  69120  1   052991  PARD  91/05/29
4301-02           PCBA PENRIL ASYNC  2401     69122  1   41974   PDC   91/05/30
4301-02           PCBA PENRIL ASYNC  3629     69122  1   41974   PDC   91/05/30
3-3610            MODEM PENRIL CSU/  1124     69123  1   41971    91/05/30
390050-001        P/S FOR BATT BKUP  505UB004 69126  1   1776219 ACMEE 91/05/30
390050-001        P/S FOR BATT BKUP  504PO003 69126  1   1776219 ACMEE 91/05/30
390050-001        P/S FOR BATT BKUP  505EB012 69126  1   1776219 ACMEE 91/05/30
390050-001        P/S FOR BATT BKUP  505EB011 69126  1   1776219 ACMEE 91/05/30
2223037-8001      POWER SUPPLY 10 A  14408069 69133  1   060591  TI    91/06/05
2223037-8001      POWER SUPPLY 10 A  14407998 69133  1   060591  TI    91/06/05
2223037-8001      POWER SUPPLY 10 A  14408374 69133  1   060591  TI    91/06/05
4600-02           MULTIPLEXOR PENRI  2479     69188  1   42327   PDC   91/07/16
600264-002        MODEM CDS 296 DIA  M1C0243  69182  1   13038   CDS   91/07/16
600264-002        MODEM CDS 296 DIA  M1C0220  69182  1   13038   CDS   91/07/16
600264-002        MODEM CDS 296 DIA  M1C0318  69182  1   13038   CDS   91/07/16
600264-002        MODEM CDS 296 DIA  M1C0242  69182  1   13038   CDS   91/07/16
600264-002        MODEM CDS 296 DIA  M0E0087  69182  1   13038   CDS   91/07/16
600264-002        MODEM CDS 296 DIA  M9K0072  69182  1   13038   CDS   91/07/16
600264-003        PCB CDS SLIC CARD  M0K0172  69182  1   13038   CDS   91/07/16
600142-001        MODEM TRI-ROCK CD  M1C1594  69182  1   13038   CDS   91/07/16
4301-02           PCBA PENRIL ASYNC  5821     69189  1   42328   PDC   91/07/16
390050-001        P/S FOR BATT BKUP  505EB012 69193  1   1775938 ACMEE 91/07/17
600264-003        PCB CDS SLIC CARD  M0D0111  69212  1   D13096  CDS   91/07/24
600142-001        MODEM TRI-ROCK CD  M0H0456  69212  1   D13096  CDS   91/07/24
600142-001        MODEM TRI-ROCK CD  M9L0165  69212  1   D13096  CDS   91/07/24
600142-001        MODEM TRI-ROCK CD  M0D1093  69212  1   D13096  CDS   91/07/24
3-3616            MODEM PENRIL ALLI  4569     69433  1   42980   PDC   91/10/11
390050-001        P/S FOR BATT BKUP  505EB012 53101  1   66673R  ACMEE 91/10/23
390050-001        P/S FOR BATT BKUP  505EB011 53101  1   66673R  ACMEE 91/10/23
390050-001        P/S FOR BATT BKUP  505EB012 53100  1   4766694 ACMEE 91/10/28
3480-A1-110       PARADYNE 3480 MOD  2650015  69476  1   24072   PARD  91/10/28
2082066U          RM-8 MULT. MODEM   2066T975 91392  1   216179  UDS   91/11/01
390050-001        P/S FOR BATT BKUP  505EB006 53102  1   4466579 ACMEE 91/11/08
MM8X43            P/S ASSY 220V      T8950659 53123  1   239911  LH    91/11/13
390050-001        P/S FOR BATT BKUP  505EB010 TINA   1   4666427 ACMEE 91/11/15
4483100           4683-002 PRINTHEA  048889   69663  1   10807   AMCOM 91/11/25
4483100           4683-002 PRINTHEA  042942   69663  1   10807   AMCOM 91/11/25
4783896           KEYBOARD P.O.S.    23-B5585 69663  1   10807   AMCOM 91/11/25
4783896           KEYBOARD P.O.S.    23-77052 69663  1   10807   AMCOM 91/11/25
4783896           KEYBOARD P.O.S.    23-78735 69663  1   10807   AMCOM 91/11/25
4783896           KEYBOARD P.O.S.    23-85987 69663  1   10807   AMCOM 91/11/25
4783896           KEYBOARD P.O.S.    23-84101 69663  1   10807   AMCOM 91/11/25
4783896           KEYBOARD P.O.S.    23-86073 69663  1   10807   AMCOM 91/11/25
4483110NP         PRINTER W/O PRINT  23-A6945 69663  1   10807   AMCOM 91/11/25
4483110NP         PRINTER W/O PRINT  23-45984 69663  1   10807   AMCOM 91/11/25
4483110NP         PRINTER W/O PRINT  23-A1925 69663  1   10807   AMCOM 91/11/25
4483110NP         PRINTER W/O PRINT  23-C5808 69663  1   10807   AMCOM 91/11/25
4483110NP         PRINTER W/O PRINT  23-C9248 69663  1   10807   AMCOM 91/11/25
4483110NP         PRINTER W/O PRINT  23-54671 69663  1   10807   AMCOM 91/11/25
4483110NP         PRINTER W/O PRINT  23-16607 69663  1   10807   AMCOM 91/11/25
4483110NP         PRINTER W/O PRINT  23-66630 69663  1   10807   AMCOM 91/11/25
4483110NP         PRINTER W/O PRINT  23-99160 69663  1   10807   AMCOM 91/11/25
4483110NP         PRINTER W/O PRINT  23-49126 69663  1   10807   AMCOM 91/11/25
4483110NP         PRINTER W/O PRINT  23-C8354 69663  1   10807   AMCOM 91/11/25
6165740           POWER SUPPLY IBM   33500    69663  1   10807   AMCOM 91/11/25
6165740           POWER SUPPLY IBM   74183    69663  1   10807   AMCOM 91/11/25
4783896           KEYBOARD P.O.S.    23-G1149 TINA   1   112291  IBM   91/11/22
4783896           KEYBOARD P.O.S.    23-N5199 TINA   1   112291  IBM   91/11/22
4783896           KEYBOARD P.O.S.    23-M9774 TINA   1   112291  IBM   91/11/22
4783896           KEYBOARD P.O.S.    23-75897 TINA   1   112291  IBM   91/11/22
4783896           KEYBOARD P.O.S.    23-G4269 TINA   1   112291  IBM   91/11/22
4783896           KEYBOARD P.O.S.    23-F1753 TINA   1   112291  IBM   91/11/22
4783896           KEYBOARD P.O.S.    23-84086 TINA   1   112291  IBM   91/11/22
4783719           BASE UNIT W/PWR S  23-P8016 TINA   1   112291  IBM   91/11/22
4783719           BASE UNIT W/PWR S  23-B5600 TINA   1   112291  IBM   91/11/22
69X8314           MOTHER BOARD P.O.  R2068550 TINA   1   112291  IBM   91/11/22
69X8314           MOTHER BOARD P.O.  R2047870 TINA   1   112291  IBM   91/11/22
4483110           PRINTER W/O PRINT  23-F2018 TINA   1   112291  IBM   91/11/22
4483110           PRINTER W/O PRINT  23-81982 TINA   1   112291  IBM   91/11/22
4483110           PRINTER W/O PRINT  23-22988 TINA   1   112291  IBM   91/11/22
4483110           PRINTER W/O PRINT  23-84939 TINA   1   112291  IBM   91/11/22
4483110           PRINTER W/O PRINT  23-85102 TINA   1   112291  IBM   91/11/22
4783719N          BASE UNIT W/PWR S  23-58800 69673  1   Q10815  AMCOM 91/12/05
4783719N          BASE UNIT W/PWR S  23-58780 69673  1   Q10815  AMCOM 91/12/05
4783719N          BASE UNIT W/PWR S  23-60868 69673  1   Q10815  AMCOM 91/12/05
4783719N          BASE UNIT W/PWR S  23-60808 69673  1   Q10815  AMCOM 91/12/05
4483100           4683-002 PRINTHEA  058375   69673  1   Q10815  AMCOM 91/12/05
4483100           4683-002 PRINTHEA  167226   69673  1   Q10815  AMCOM 91/12/05
6165740           POWER SUPPLY       3420     69673  1   Q10815  AMCOM 91/12/05
6165740           POWER SUPPLY       130090   69673  1   Q10815  AMCOM 91/12/05
4783896           KEYBOARD P.O.S.    23-81982 69673  1   Q10815  AMCOM 91/12/05
4783896           KEYBOARD P.O.S.    23-79106 69673  1   Q10815  AMCOM 91/12/05
4783896           KEYBOARD P.O.S.    23-78986 69673  1   Q10815  AMCOM 91/12/05
4783896           KEYBOARD P.O.S.    23-78856 69673  1   Q10815  AMCOM 91/12/05
4783896           KEYBOARD P.O.S.    23-36298 69673  1   Q10815  AMCOM 91/12/05
4783896           KEYBOARD P.O.S.    23-68725 69673  1   Q10815  AMCOM 91/12/05
4783896           KEYBOARD P.O.S.    23-76755 69673  1   Q10815  AMCOM 91/12/05
4783896           KEYBOARD P.O.S.    23-76334 69673  1   Q10815  AMCOM 91/12/05
4783896           KEYBOARD P.O.S.    23-74659 69673  1   Q10815  AMCOM 91/12/05
4483110NP         PRINTER W/O PRINT  23-84651 69673  1   Q10815  AMCOM 91/12/05
4483110NP         PRINTER W/O PRINT  23-34040 69673  1   Q10815  AMCOM 91/12/05
4483110NP         PRINTER W/O PRINT  23-48714 69673  1   Q10815  AMCOM 91/12/05
4483110NP         PRINTER W/O PRINT  23-79333 69673  1   Q10815  AMCOM 91/12/05
4483110NP         PRINTER W/O PRINT  23-68138 69673  1   Q10815  AMCOM 91/12/05
4483110NP         PRINTER W/O PRINT  23-77494 69673  1   Q10815  AMCOM 91/12/05
4483110NP         PRINTER W/O PRINT  23-34226 69673  1   Q10815  AMCOM 91/12/05
4483110NP         PRINTER W/O PRINT  23-53769 69673  1   Q10815  AMCOM 91/12/05
4483110NP         PRINTER W/O PRINT  23-B0674 69673  1   Q10815  AMCOM 91/12/05
4483110NP         PRINTER W/O PRINT  23-71234 69673  1   Q10815  AMCOM 91/12/05
4783896           KEYBOARD P.O.S.    23-86198 69724  1   Q10821  AMCOM 91/12/12
4783896           KEYBOARD P.O.S.    23-D1608 69724  1   Q10821  AMCOM 91/12/12
4783896           KEYBOARD P.O.S.    23-86039 69724  1   Q10821  AMCOM 91/12/12
4483100           PRINTHEAD P.O.S.   063672   69724  1   Q10821  AMCOM 91/12/12
4483100           PRINTHEAD P.O.S.   0006752  69724  1   Q10821  AMCOM 91/12/12
4483110NP         PRINTER W/O PRINT  23-96815 69724  1   Q10821  AMCOM 91/12/12
4483110NP         PRINTER W/O PRINT  23-A3316 69724  1   Q10821  AMCOM 91/12/12
4483110NP         PRINTER W/O PRINT  23-B1152 69724  1   Q10821  AMCOM 91/12/12
4483110NP         PRINTER W/O PRINT  23-80938 69724  1   Q10821  AMCOM 91/12/12
4483110NP         PRINTER W/O PRINT  23-AM568 69724  1   Q10821  AMCOM 91/12/12
4483110NP         PRINTER W/O PRINT  23-99451 69724  1   Q10821  AMCOM 91/12/12
4483110NP         PRINTER W/O PRINT  23-B1159 69724  1   Q10821  AMCOM 91/12/12
4483110NP         PRINTER W/O PRINT  23-43429 69724  1   Q10821  AMCOM 91/12/12
6428946           POWER SUPPLY P.O.  13333    69724  1   Q10821  AMCOM 91/12/12
6428946           POWER SUPPLY P.O.  23343    69724  1   Q10821  AMCOM 91/12/12
6428946           POWER SUPPLY P.O.  5350     69724  1   Q10821  AMCOM 91/12/12
6428946           POWER SUPPLY P.O.  142790   69724  1   Q10821  AMCOM 91/12/12
6428946           POWER SUPPLY P.O.  32834    69724  1   Q10821  AMCOM 91/12/12
6428946           POWER SUPPLY P.O.  60026    69724  1   Q10821  AMCOM 91/12/12
3440-A1-110       PARADYNE 3440 MOD  2788210  69716  1   121391  PARD  91/12/13
4483100           PRINTHEAD P.O.S.   2-226749 69742  1   Q10831  AMCOM 91/12/18
4483100           PRINTHEAD P.O.S.   2-161652 69742  1   Q10831  AMCOM 91/12/18
4483100           PRINTHEAD P.O.S.   043606   69742  1   Q10831  AMCOM 91/12/18
4483100           PRINTHEAD P.O.S.   058370   69742  1   Q10831  AMCOM 91/12/18
4483100           PRINTHEAD P.O.S.   091876   69742  1   Q10831  AMCOM 91/12/18
4483100           PRINTHEAD P.O.S.   085928   69742  1   Q10831  AMCOM 91/12/18
4483100           PRINTHEAD P.O.S.   029752   69742  1   Q10831  AMCOM 91/12/18
4483100           PRINTHEAD P.O.S.   127351   69742  1   Q10831  AMCOM 91/12/18
4483100           PRINTHEAD P.O.S.   061389   69742  1   Q10831  AMCOM 91/12/18
4483100           PRINTHEAD P.O.S.   043677   69742  1   Q10831  AMCOM 91/12/18
4783896           KEYBOARD P.O.S.    23-D5598 69742  1   Q10831  AMCOM 91/12/18
4783896           KEYBOARD P.O.S.    23-48915 69742  1   Q10831  AMCOM 91/12/18
4783896           KEYBOARD P.O.S.    23-F5310 69742  1   Q10831  AMCOM 91/12/18
4783896           KEYBOARD P.O.S.    23-78930 69742  1   Q10831  AMCOM 91/12/18
4783896           KEYBOARD P.O.S.    23-A2077 69742  1   Q10831  AMCOM 91/12/18
4783896           KEYBOARD P.O.S.    23-70888 69742  1   Q10831  AMCOM 91/12/18
4783896           KEYBOARD P.O.S.    23-41213 69742  1   Q10831  AMCOM 91/12/18
4783896           KEYBOARD P.O.S.    23-78745 69742  1   Q10831  AMCOM 91/12/18
4783896           KEYBOARD P.O.S.    23-78832 69742  1   Q10831  AMCOM 91/12/18
4783896           KEYBOARD P.O.S.    23-78850 69742  1   Q10831  AMCOM 91/12/18
4783896           KEYBOARD P.O.S.    23-80768 69742  1   Q10831  AMCOM 91/12/18
4783896           KEYBOARD P.O.S.    23-75432 69742  1   Q10831  AMCOM 91/12/18
4483110NP         PRINTER W/O PRINT  23-68594 69742  1   Q10831  AMCOM 91/12/18
4483110NP         PRINTER W/O PRINT  23-08658 69742  1   Q10831  AMCOM 91/12/18
4483110NP         PRINTER W/O PRINT  23-55153 69742  1   Q10831  AMCOM 91/12/18
4483110NP         PRINTER W/O PRINT  23-60945 69742  1   Q10831  AMCOM 91/12/18
4483110NP         PRINTER W/O PRINT  23-03720 69742  1   Q10831  AMCOM 91/12/18
4483110NP         PRINTER W/O PRINT  23-E0702 69742  1   Q10831  AMCOM 91/12/18
6165740           POWER SUPPLY P.O.  58836    69742  1   Q10831  AMCOM 91/12/18
6428946           POWER SUPPLY P.O.  3503     69742  1   Q10831  AMCOM 91/12/18
69X8314           MOTHER BOARD P.O.  R2026213 69742  1   Q10831  AMCOM 91/12/18
4483110NP         PRINTER W/O PRINT  23-14505 48452  1   Q10842  AMCOM 91/12/30
4483110NP         PRINTER W/O PRINT  23-20750 48452  1   Q10842  AMCOM 91/12/30
4483110NP         PRINTER W/O PRINT  23-AC148 48452  1   Q10842  AMCOM 91/12/30
4483110NP         PRINTER W/O PRINT  23-BC689 48452  1   Q10842  AMCOM 91/12/30
4483110NP         PRINTER W/O PRINT  23-15217 48452  1   Q10842  AMCOM 91/12/30
4483110NP         PRINTER W/O PRINT  23-E9071 48452  1   Q10842  AMCOM 91/12/30
4483110NP         PRINTER W/O PRINT  23-66273 48452  1   Q10842  AMCOM 91/12/30
4483110NP         PRINTER W/O PRINT  23-06632 48452  1   Q10842  AMCOM 91/12/30
4483110NP         PRINTER W/O PRINT  23-98638 48452  1   Q10842  AMCOM 91/12/30
4483110NP         PRINTER W/O PRINT  23-55172 48452  1   Q10842  AMCOM 91/12/30
4483110NP         PRINTER W/O PRINT  23-62348 48452  1   Q10842  AMCOM 91/12/30
4483110NP         PRINTER W/O PRINT  23-60845 48452  1   Q10842  AMCOM 91/12/30
4483110NP         PRINTER W/O PRINT  23-85918 48452  1   Q10842  AMCOM 91/12/30
4483110NP         PRINTER W/O PRINT  23-33544 48452  1   Q10842  AMCOM 91/12/30
4483110NP         PRINTER W/O PRINT  23-70688 48452  1   Q10842  AMCOM 91/12/30
4483110NP         PRINTER W/O PRINT  23-B4325 53478  1   Q10849  AMCOM 91/12/31
4483110NP         PRINTER W/O PRINT  23-B1024 53478  1   Q10849  AMCOM 91/12/31
4483110NP         PRINTER W/O PRINT  23-26565 53478  1   Q10849  AMCOM 91/12/31
4483110NP         PRINTER W/O PRINT  23-08398 53478  1   Q10849  AMCOM 91/12/31
4483110NP         PRINTER W/O PRINT  23-98814 53478  1   Q10849  AMCOM 91/12/31
4483110NP         PRINTER W/O PRINT  23-71219 53478  1   Q10849  AMCOM 91/12/31
4483110NP         PRINTER W/O PRINT  23-B1035 53478  1   Q10849  AMCOM 91/12/31
4483110NP         PRINTER W/O PRINT  23-71927 53478  1   Q10849  AMCOM 91/12/31
    L@9